<?xml version="1.0" encoding="utf-8"?>
<climatedata xmlns:xsd="http://www.w3.org/TR/xmlschema-1/" xsd:schemaLocation="http://climate.weather.gc.ca/climate_data/bulkxml/bulkschema.xsd">
    <lang>ENG</lang>
    <stationinformation>
        <name>TORONTO LESTER B. PEARSON INT'L A</name>
        <province>ONTARIO</province>
        <latitude>43.68</latitude>
        <longitude>-79.63</longitude>
        <elevation>173.40</elevation>
        <climate_identifier>6158733</climate_identifier>
        <wmo_identifier>71624</wmo_identifier>
        <tc_identifier>YYZ</tc_identifier>
    </stationinformation>
    <legend>
        <flag>
            <symbol>B</symbol>
            <description>More than one occurrence and estimated</description>
        </flag>
        <flag>
            <symbol>E</symbol>
            <description>Estimated</description>
        </flag>
        <flag>
            <symbol>M</symbol>
            <description>Missing</description>
        </flag>
        <flag>
            <symbol>S</symbol>
            <description>More than one occurrence</description>
        </flag>
        <flag>
            <symbol>T</symbol>
            <description>Trace</description>
        </flag>
        <flag>
            <symbol>[empty]</symbol>
            <description>Indicates an unobserved value</description>
        </flag>
        <flag>
            <symbol>^</symbol>
            <description>The value displayed is based on incomplete data</description>
        </flag>

    </legend>
    <stationdata month="1" year="1937">
        <meanmaxtemp description="Mean Maximum Temperature" flag="M" units="°C"></meanmaxtemp>
        <meanmintemp description="Mean Minimum Temperature" flag="M" units="°C"></meanmintemp>
        <meanmonthtemp description="Mean Temperature" flag="M" units="°C"></meanmonthtemp>
        <extrmaxtemp description="Extreme Maximum Temperature" units="°C"></extrmaxtemp>
        <extrmintemp description="Extreme Minimum Temperature" units="°C"></extrmintemp>
        <totrain description="Total Rain" flag="M" units="mm"></totrain>
        <totsnow description="Total Snow" flag="M" units="cm"></totsnow>
        <totprecip description="Total Precipitation" flag="M" units="mm"></totprecip>
        <grndsnowlastday description="Snow on the Ground on the Last Day" units="cm"></grndsnowlastday>
        <dirmaxgust description="Direction of Maximum Gust" units="10's Deg"></dirmaxgust>
        <speedmaxgust description="Speed of Maximum Gust" units="km/h"></speedmaxgust>
    </stationdata>
    <stationdata month="2" year="1937">
        <meanmaxtemp description="Mean Maximum Temperature" flag="M" units="°C"></meanmaxtemp>
        <meanmintemp description="Mean Minimum Temperature" flag="M" units="°C"></meanmintemp>
        <meanmonthtemp description="Mean Temperature" flag="M" units="°C"></meanmonthtemp>
        <extrmaxtemp description="Extreme Maximum Temperature" units="°C"></extrmaxtemp>
        <extrmintemp description="Extreme Minimum Temperature" units="°C"></extrmintemp>
        <totrain description="Total Rain" flag="M" units="mm"></totrain>
        <totsnow description="Total Snow" flag="M" units="cm"></totsnow>
        <totprecip description="Total Precipitation" flag="M" units="mm"></totprecip>
        <grndsnowlastday description="Snow on the Ground on the Last Day" units="cm"></grndsnowlastday>
        <dirmaxgust description="Direction of Maximum Gust" units="10's Deg"></dirmaxgust>
        <speedmaxgust description="Speed of Maximum Gust" units="km/h"></speedmaxgust>
    </stationdata>
    <stationdata month="3" year="1937">
        <meanmaxtemp description="Mean Maximum Temperature" flag="M" units="°C"></meanmaxtemp>
        <meanmintemp description="Mean Minimum Temperature" flag="M" units="°C"></meanmintemp>
        <meanmonthtemp description="Mean Temperature" flag="M" units="°C"></meanmonthtemp>
        <extrmaxtemp description="Extreme Maximum Temperature" units="°C"></extrmaxtemp>
        <extrmintemp description="Extreme Minimum Temperature" units="°C"></extrmintemp>
        <totrain description="Total Rain" flag="M" units="mm"></totrain>
        <totsnow description="Total Snow" flag="M" units="cm"></totsnow>
        <totprecip description="Total Precipitation" flag="M" units="mm"></totprecip>
        <grndsnowlastday description="Snow on the Ground on the Last Day" units="cm"></grndsnowlastday>
        <dirmaxgust description="Direction of Maximum Gust" units="10's Deg"></dirmaxgust>
        <speedmaxgust description="Speed of Maximum Gust" units="km/h"></speedmaxgust>
    </stationdata>
    <stationdata month="4" year="1937">
        <meanmaxtemp description="Mean Maximum Temperature" flag="M" units="°C"></meanmaxtemp>
        <meanmintemp description="Mean Minimum Temperature" flag="M" units="°C"></meanmintemp>
        <meanmonthtemp description="Mean Temperature" flag="M" units="°C"></meanmonthtemp>
        <extrmaxtemp description="Extreme Maximum Temperature" units="°C"></extrmaxtemp>
        <extrmintemp description="Extreme Minimum Temperature" units="°C"></extrmintemp>
        <totrain description="Total Rain" flag="M" units="mm"></totrain>
        <totsnow description="Total Snow" flag="M" units="cm"></totsnow>
        <totprecip description="Total Precipitation" flag="M" units="mm"></totprecip>
        <grndsnowlastday description="Snow on the Ground on the Last Day" units="cm"></grndsnowlastday>
        <dirmaxgust description="Direction of Maximum Gust" units="10's Deg"></dirmaxgust>
        <speedmaxgust description="Speed of Maximum Gust" units="km/h"></speedmaxgust>
    </stationdata>
    <stationdata month="5" year="1937">
        <meanmaxtemp description="Mean Maximum Temperature" flag="M" units="°C"></meanmaxtemp>
        <meanmintemp description="Mean Minimum Temperature" flag="M" units="°C"></meanmintemp>
        <meanmonthtemp description="Mean Temperature" flag="M" units="°C"></meanmonthtemp>
        <extrmaxtemp description="Extreme Maximum Temperature" units="°C"></extrmaxtemp>
        <extrmintemp description="Extreme Minimum Temperature" units="°C"></extrmintemp>
        <totrain description="Total Rain" flag="M" units="mm"></totrain>
        <totsnow description="Total Snow" flag="M" units="cm"></totsnow>
        <totprecip description="Total Precipitation" flag="M" units="mm"></totprecip>
        <grndsnowlastday description="Snow on the Ground on the Last Day" units="cm"></grndsnowlastday>
        <dirmaxgust description="Direction of Maximum Gust" units="10's Deg"></dirmaxgust>
        <speedmaxgust description="Speed of Maximum Gust" units="km/h"></speedmaxgust>
    </stationdata>
    <stationdata month="6" year="1937">
        <meanmaxtemp description="Mean Maximum Temperature" flag="M" units="°C"></meanmaxtemp>
        <meanmintemp description="Mean Minimum Temperature" flag="M" units="°C"></meanmintemp>
        <meanmonthtemp description="Mean Temperature" flag="M" units="°C"></meanmonthtemp>
        <extrmaxtemp description="Extreme Maximum Temperature" units="°C"></extrmaxtemp>
        <extrmintemp description="Extreme Minimum Temperature" units="°C"></extrmintemp>
        <totrain description="Total Rain" flag="M" units="mm"></totrain>
        <totsnow description="Total Snow" flag="M" units="cm"></totsnow>
        <totprecip description="Total Precipitation" flag="M" units="mm"></totprecip>
        <grndsnowlastday description="Snow on the Ground on the Last Day" units="cm"></grndsnowlastday>
        <dirmaxgust description="Direction of Maximum Gust" units="10's Deg"></dirmaxgust>
        <speedmaxgust description="Speed of Maximum Gust" units="km/h"></speedmaxgust>
    </stationdata>
    <stationdata month="7" year="1937">
        <meanmaxtemp description="Mean Maximum Temperature" flag="M" units="°C"></meanmaxtemp>
        <meanmintemp description="Mean Minimum Temperature" flag="M" units="°C"></meanmintemp>
        <meanmonthtemp description="Mean Temperature" flag="M" units="°C"></meanmonthtemp>
        <extrmaxtemp description="Extreme Maximum Temperature" units="°C"></extrmaxtemp>
        <extrmintemp description="Extreme Minimum Temperature" units="°C"></extrmintemp>
        <totrain description="Total Rain" flag="M" units="mm"></totrain>
        <totsnow description="Total Snow" flag="M" units="cm"></totsnow>
        <totprecip description="Total Precipitation" flag="M" units="mm"></totprecip>
        <grndsnowlastday description="Snow on the Ground on the Last Day" units="cm"></grndsnowlastday>
        <dirmaxgust description="Direction of Maximum Gust" units="10's Deg"></dirmaxgust>
        <speedmaxgust description="Speed of Maximum Gust" units="km/h"></speedmaxgust>
    </stationdata>
    <stationdata month="8" year="1937">
        <meanmaxtemp description="Mean Maximum Temperature" flag="M" units="°C"></meanmaxtemp>
        <meanmintemp description="Mean Minimum Temperature" flag="M" units="°C"></meanmintemp>
        <meanmonthtemp description="Mean Temperature" flag="M" units="°C"></meanmonthtemp>
        <extrmaxtemp description="Extreme Maximum Temperature" units="°C"></extrmaxtemp>
        <extrmintemp description="Extreme Minimum Temperature" units="°C"></extrmintemp>
        <totrain description="Total Rain" flag="M" units="mm"></totrain>
        <totsnow description="Total Snow" flag="M" units="cm"></totsnow>
        <totprecip description="Total Precipitation" flag="M" units="mm"></totprecip>
        <grndsnowlastday description="Snow on the Ground on the Last Day" units="cm"></grndsnowlastday>
        <dirmaxgust description="Direction of Maximum Gust" units="10's Deg"></dirmaxgust>
        <speedmaxgust description="Speed of Maximum Gust" units="km/h"></speedmaxgust>
    </stationdata>
    <stationdata month="9" year="1937">
        <meanmaxtemp description="Mean Maximum Temperature" flag="M" units="°C"></meanmaxtemp>
        <meanmintemp description="Mean Minimum Temperature" flag="M" units="°C"></meanmintemp>
        <meanmonthtemp description="Mean Temperature" flag="M" units="°C"></meanmonthtemp>
        <extrmaxtemp description="Extreme Maximum Temperature" units="°C"></extrmaxtemp>
        <extrmintemp description="Extreme Minimum Temperature" units="°C"></extrmintemp>
        <totrain description="Total Rain" flag="M" units="mm"></totrain>
        <totsnow description="Total Snow" flag="M" units="cm"></totsnow>
        <totprecip description="Total Precipitation" flag="M" units="mm"></totprecip>
        <grndsnowlastday description="Snow on the Ground on the Last Day" units="cm"></grndsnowlastday>
        <dirmaxgust description="Direction of Maximum Gust" units="10's Deg"></dirmaxgust>
        <speedmaxgust description="Speed of Maximum Gust" units="km/h"></speedmaxgust>
    </stationdata>
    <stationdata month="10" year="1937">
        <meanmaxtemp description="Mean Maximum Temperature" flag="M" units="°C"></meanmaxtemp>
        <meanmintemp description="Mean Minimum Temperature" flag="M" units="°C"></meanmintemp>
        <meanmonthtemp description="Mean Temperature" flag="M" units="°C"></meanmonthtemp>
        <extrmaxtemp description="Extreme Maximum Temperature" units="°C"></extrmaxtemp>
        <extrmintemp description="Extreme Minimum Temperature" units="°C"></extrmintemp>
        <totrain description="Total Rain" flag="M" units="mm"></totrain>
        <totsnow description="Total Snow" flag="M" units="cm"></totsnow>
        <totprecip description="Total Precipitation" flag="M" units="mm"></totprecip>
        <grndsnowlastday description="Snow on the Ground on the Last Day" units="cm"></grndsnowlastday>
        <dirmaxgust description="Direction of Maximum Gust" units="10's Deg"></dirmaxgust>
        <speedmaxgust description="Speed of Maximum Gust" units="km/h"></speedmaxgust>
    </stationdata>
    <stationdata month="11" year="1937">
        <meanmaxtemp description="Mean Maximum Temperature" units="°C">8.0</meanmaxtemp>
        <meanmintemp description="Mean Minimum Temperature" units="°C">-1.4</meanmintemp>
        <meanmonthtemp description="Mean Temperature" units="°C">3.3</meanmonthtemp>
        <extrmaxtemp description="Extreme Maximum Temperature" units="°C"></extrmaxtemp>
        <extrmintemp description="Extreme Minimum Temperature" units="°C"></extrmintemp>
        <totrain description="Total Rain" units="mm">33.8</totrain>
        <totsnow description="Total Snow" flag="T" units="cm">0.0</totsnow>
        <totprecip description="Total Precipitation" units="mm">33.8</totprecip>
        <grndsnowlastday description="Snow on the Ground on the Last Day" units="cm"></grndsnowlastday>
        <dirmaxgust description="Direction of Maximum Gust" units="10's Deg"></dirmaxgust>
        <speedmaxgust description="Speed of Maximum Gust" units="km/h"></speedmaxgust>
    </stationdata>
    <stationdata month="12" year="1937">
        <meanmaxtemp description="Mean Maximum Temperature" units="°C">0.1</meanmaxtemp>
        <meanmintemp description="Mean Minimum Temperature" units="°C">-8.8</meanmintemp>
        <meanmonthtemp description="Mean Temperature" units="°C">-4.4</meanmonthtemp>
        <extrmaxtemp description="Extreme Maximum Temperature" units="°C"></extrmaxtemp>
        <extrmintemp description="Extreme Minimum Temperature" units="°C"></extrmintemp>
        <totrain description="Total Rain" units="mm">7.6</totrain>
        <totsnow description="Total Snow" units="cm">33.8</totsnow>
        <totprecip description="Total Precipitation" units="mm">41.4</totprecip>
        <grndsnowlastday description="Snow on the Ground on the Last Day" units="cm"></grndsnowlastday>
        <dirmaxgust description="Direction of Maximum Gust" units="10's Deg"></dirmaxgust>
        <speedmaxgust description="Speed of Maximum Gust" units="km/h"></speedmaxgust>
    </stationdata>
    <stationdata month="1" year="1938">
        <meanmaxtemp description="Mean Maximum Temperature" units="°C">-2.6</meanmaxtemp>
        <meanmintemp description="Mean Minimum Temperature" units="°C">-11.7</meanmintemp>
        <meanmonthtemp description="Mean Temperature" units="°C">-7.2</meanmonthtemp>
        <extrmaxtemp description="Extreme Maximum Temperature" units="°C">7.8</extrmaxtemp>
        <extrmintemp description="Extreme Minimum Temperature" units="°C">-27.2</extrmintemp>
        <totrain description="Total Rain" units="mm">13.5</totrain>
        <totsnow description="Total Snow" units="cm">26.9</totsnow>
        <totprecip description="Total Precipitation" units="mm">40.4</totprecip>
        <grndsnowlastday description="Snow on the Ground on the Last Day" units="cm"></grndsnowlastday>
        <dirmaxgust description="Direction of Maximum Gust" units="10's Deg"></dirmaxgust>
        <speedmaxgust description="Speed of Maximum Gust" units="km/h"></speedmaxgust>
    </stationdata>
    <stationdata month="2" year="1938">
        <meanmaxtemp description="Mean Maximum Temperature" units="°C">0.8</meanmaxtemp>
        <meanmintemp description="Mean Minimum Temperature" units="°C">-8.2</meanmintemp>
        <meanmonthtemp description="Mean Temperature" units="°C">-3.7</meanmonthtemp>
        <extrmaxtemp description="Extreme Maximum Temperature" units="°C">10.6</extrmaxtemp>
        <extrmintemp description="Extreme Minimum Temperature" units="°C">-22.8</extrmintemp>
        <totrain description="Total Rain" units="mm">63.2</totrain>
        <totsnow description="Total Snow" units="cm">13.2</totsnow>
        <totprecip description="Total Precipitation" units="mm">76.5</totprecip>
        <grndsnowlastday description="Snow on the Ground on the Last Day" units="cm"></grndsnowlastday>
        <dirmaxgust description="Direction of Maximum Gust" units="10's Deg"></dirmaxgust>
        <speedmaxgust description="Speed of Maximum Gust" units="km/h"></speedmaxgust>
    </stationdata>
    <stationdata month="3" year="1938">
        <meanmaxtemp description="Mean Maximum Temperature" units="°C">7.4</meanmaxtemp>
        <meanmintemp description="Mean Minimum Temperature" units="°C">-4.6</meanmintemp>
        <meanmonthtemp description="Mean Temperature" units="°C">1.4</meanmonthtemp>
        <extrmaxtemp description="Extreme Maximum Temperature" units="°C">24.4</extrmaxtemp>
        <extrmintemp description="Extreme Minimum Temperature" units="°C">-21.1</extrmintemp>
        <totrain description="Total Rain" units="mm">35.3</totrain>
        <totsnow description="Total Snow" units="cm">6.4</totsnow>
        <totprecip description="Total Precipitation" units="mm">41.7</totprecip>
        <grndsnowlastday description="Snow on the Ground on the Last Day" units="cm"></grndsnowlastday>
        <dirmaxgust description="Direction of Maximum Gust" units="10's Deg"></dirmaxgust>
        <speedmaxgust description="Speed of Maximum Gust" units="km/h"></speedmaxgust>
    </stationdata>
    <stationdata month="4" year="1938">
        <meanmaxtemp description="Mean Maximum Temperature" units="°C">13.6</meanmaxtemp>
        <meanmintemp description="Mean Minimum Temperature" units="°C">1.6</meanmintemp>
        <meanmonthtemp description="Mean Temperature" units="°C">7.6</meanmonthtemp>
        <extrmaxtemp description="Extreme Maximum Temperature" units="°C">29.4</extrmaxtemp>
        <extrmintemp description="Extreme Minimum Temperature" units="°C">-9.4</extrmintemp>
        <totrain description="Total Rain" units="mm">21.8</totrain>
        <totsnow description="Total Snow" units="cm">11.4</totsnow>
        <totprecip description="Total Precipitation" units="mm">33.3</totprecip>
        <grndsnowlastday description="Snow on the Ground on the Last Day" units="cm"></grndsnowlastday>
        <dirmaxgust description="Direction of Maximum Gust" units="10's Deg"></dirmaxgust>
        <speedmaxgust description="Speed of Maximum Gust" units="km/h"></speedmaxgust>
    </stationdata>
    <stationdata month="5" year="1938">
        <meanmaxtemp description="Mean Maximum Temperature" units="°C">18.8</meanmaxtemp>
        <meanmintemp description="Mean Minimum Temperature" units="°C">5.4</meanmintemp>
        <meanmonthtemp description="Mean Temperature" units="°C">12.1</meanmonthtemp>
        <extrmaxtemp description="Extreme Maximum Temperature" units="°C">24.4</extrmaxtemp>
        <extrmintemp description="Extreme Minimum Temperature" units="°C">-1.7</extrmintemp>
        <totrain description="Total Rain" units="mm">72.4</totrain>
        <totsnow description="Total Snow" flag="T" units="cm">0.0</totsnow>
        <totprecip description="Total Precipitation" units="mm">72.4</totprecip>
        <grndsnowlastday description="Snow on the Ground on the Last Day" units="cm"></grndsnowlastday>
        <dirmaxgust description="Direction of Maximum Gust" units="10's Deg"></dirmaxgust>
        <speedmaxgust description="Speed of Maximum Gust" units="km/h"></speedmaxgust>
    </stationdata>
    <stationdata month="6" year="1938">
        <meanmaxtemp description="Mean Maximum Temperature" units="°C">24.8</meanmaxtemp>
        <meanmintemp description="Mean Minimum Temperature" units="°C">9.8</meanmintemp>
        <meanmonthtemp description="Mean Temperature" units="°C">17.3</meanmonthtemp>
        <extrmaxtemp description="Extreme Maximum Temperature" flag="S" units="°C">31.7</extrmaxtemp>
        <extrmintemp description="Extreme Minimum Temperature" units="°C">1.1</extrmintemp>
        <totrain description="Total Rain" units="mm">42.2</totrain>
        <totsnow description="Total Snow" units="cm">0.0</totsnow>
        <totprecip description="Total Precipitation" units="mm">42.2</totprecip>
        <grndsnowlastday description="Snow on the Ground on the Last Day" units="cm"></grndsnowlastday>
        <dirmaxgust description="Direction of Maximum Gust" units="10's Deg"></dirmaxgust>
        <speedmaxgust description="Speed of Maximum Gust" units="km/h"></speedmaxgust>
    </stationdata>
    <stationdata month="7" year="1938">
        <meanmaxtemp description="Mean Maximum Temperature" units="°C">28.9</meanmaxtemp>
        <meanmintemp description="Mean Minimum Temperature" units="°C">14.6</meanmintemp>
        <meanmonthtemp description="Mean Temperature" units="°C">21.8</meanmonthtemp>
        <extrmaxtemp description="Extreme Maximum Temperature" units="°C">36.1</extrmaxtemp>
        <extrmintemp description="Extreme Minimum Temperature" flag="S" units="°C">8.3</extrmintemp>
        <totrain description="Total Rain" units="mm">63.2</totrain>
        <totsnow description="Total Snow" units="cm">0.0</totsnow>
        <totprecip description="Total Precipitation" units="mm">63.2</totprecip>
        <grndsnowlastday description="Snow on the Ground on the Last Day" units="cm"></grndsnowlastday>
        <dirmaxgust description="Direction of Maximum Gust" units="10's Deg"></dirmaxgust>
        <speedmaxgust description="Speed of Maximum Gust" units="km/h"></speedmaxgust>
    </stationdata>
    <stationdata month="8" year="1938">
        <meanmaxtemp description="Mean Maximum Temperature" units="°C">29.7</meanmaxtemp>
        <meanmintemp description="Mean Minimum Temperature" units="°C">15.6</meanmintemp>
        <meanmonthtemp description="Mean Temperature" units="°C">22.7</meanmonthtemp>
        <extrmaxtemp description="Extreme Maximum Temperature" flag="S" units="°C">34.4</extrmaxtemp>
        <extrmintemp description="Extreme Minimum Temperature" units="°C">7.8</extrmintemp>
        <totrain description="Total Rain" units="mm">37.1</totrain>
        <totsnow description="Total Snow" units="cm">0.0</totsnow>
        <totprecip description="Total Precipitation" units="mm">37.1</totprecip>
        <grndsnowlastday description="Snow on the Ground on the Last Day" units="cm"></grndsnowlastday>
        <dirmaxgust description="Direction of Maximum Gust" units="10's Deg"></dirmaxgust>
        <speedmaxgust description="Speed of Maximum Gust" units="km/h"></speedmaxgust>
    </stationdata>
    <stationdata month="9" year="1938">
        <meanmaxtemp description="Mean Maximum Temperature" units="°C">20.1</meanmaxtemp>
        <meanmintemp description="Mean Minimum Temperature" units="°C">8.2</meanmintemp>
        <meanmonthtemp description="Mean Temperature" units="°C">14.2</meanmonthtemp>
        <extrmaxtemp description="Extreme Maximum Temperature" units="°C">28.3</extrmaxtemp>
        <extrmintemp description="Extreme Minimum Temperature" units="°C">1.7</extrmintemp>
        <totrain description="Total Rain" units="mm">102.1</totrain>
        <totsnow description="Total Snow" units="cm">0.0</totsnow>
        <totprecip description="Total Precipitation" units="mm">102.1</totprecip>
        <grndsnowlastday description="Snow on the Ground on the Last Day" units="cm"></grndsnowlastday>
        <dirmaxgust description="Direction of Maximum Gust" units="10's Deg"></dirmaxgust>
        <speedmaxgust description="Speed of Maximum Gust" units="km/h"></speedmaxgust>
    </stationdata>
    <stationdata month="10" year="1938">
        <meanmaxtemp description="Mean Maximum Temperature" units="°C">16.2</meanmaxtemp>
        <meanmintemp description="Mean Minimum Temperature" units="°C">3.6</meanmintemp>
        <meanmonthtemp description="Mean Temperature" units="°C">9.9</meanmonthtemp>
        <extrmaxtemp description="Extreme Maximum Temperature" units="°C">28.9</extrmaxtemp>
        <extrmintemp description="Extreme Minimum Temperature" flag="S" units="°C">-5.0</extrmintemp>
        <totrain description="Total Rain" units="mm">7.1</totrain>
        <totsnow description="Total Snow" units="cm">0.0</totsnow>
        <totprecip description="Total Precipitation" units="mm">7.1</totprecip>
        <grndsnowlastday description="Snow on the Ground on the Last Day" units="cm"></grndsnowlastday>
        <dirmaxgust description="Direction of Maximum Gust" units="10's Deg"></dirmaxgust>
        <speedmaxgust description="Speed of Maximum Gust" units="km/h"></speedmaxgust>
    </stationdata>
    <stationdata month="11" year="1938">
        <meanmaxtemp description="Mean Maximum Temperature" units="°C">9.0</meanmaxtemp>
        <meanmintemp description="Mean Minimum Temperature" units="°C">-2.7</meanmintemp>
        <meanmonthtemp description="Mean Temperature" units="°C">3.2</meanmonthtemp>
        <extrmaxtemp description="Extreme Maximum Temperature" units="°C">20.0</extrmaxtemp>
        <extrmintemp description="Extreme Minimum Temperature" units="°C">-12.2</extrmintemp>
        <totrain description="Total Rain" units="mm">30.5</totrain>
        <totsnow description="Total Snow" units="cm">2.5</totsnow>
        <totprecip description="Total Precipitation" units="mm">33.0</totprecip>
        <grndsnowlastday description="Snow on the Ground on the Last Day" units="cm"></grndsnowlastday>
        <dirmaxgust description="Direction of Maximum Gust" units="10's Deg"></dirmaxgust>
        <speedmaxgust description="Speed of Maximum Gust" units="km/h"></speedmaxgust>
    </stationdata>
    <stationdata month="12" year="1938">
        <meanmaxtemp description="Mean Maximum Temperature" units="°C">1.1</meanmaxtemp>
        <meanmintemp description="Mean Minimum Temperature" units="°C">-6.1</meanmintemp>
        <meanmonthtemp description="Mean Temperature" units="°C">-2.5</meanmonthtemp>
        <extrmaxtemp description="Extreme Maximum Temperature" units="°C">10.0</extrmaxtemp>
        <extrmintemp description="Extreme Minimum Temperature" units="°C">-16.7</extrmintemp>
        <totrain description="Total Rain" units="mm">13.7</totrain>
        <totsnow description="Total Snow" units="cm">13.7</totsnow>
        <totprecip description="Total Precipitation" units="mm">27.4</totprecip>
        <grndsnowlastday description="Snow on the Ground on the Last Day" units="cm"></grndsnowlastday>
        <dirmaxgust description="Direction of Maximum Gust" units="10's Deg"></dirmaxgust>
        <speedmaxgust description="Speed of Maximum Gust" units="km/h"></speedmaxgust>
    </stationdata>
    <stationdata month="1" year="1939">
        <meanmaxtemp description="Mean Maximum Temperature" units="°C">-1.3</meanmaxtemp>
        <meanmintemp description="Mean Minimum Temperature" units="°C">-12.0</meanmintemp>
        <meanmonthtemp description="Mean Temperature" units="°C">-6.7</meanmonthtemp>
        <extrmaxtemp description="Extreme Maximum Temperature" units="°C">11.1</extrmaxtemp>
        <extrmintemp description="Extreme Minimum Temperature" units="°C">-29.4</extrmintemp>
        <totrain description="Total Rain" units="mm">2.5</totrain>
        <totsnow description="Total Snow" units="cm">45.7</totsnow>
        <totprecip description="Total Precipitation" units="mm">48.3</totprecip>
        <grndsnowlastday description="Snow on the Ground on the Last Day" units="cm"></grndsnowlastday>
        <dirmaxgust description="Direction of Maximum Gust" units="10's Deg"></dirmaxgust>
        <speedmaxgust description="Speed of Maximum Gust" units="km/h"></speedmaxgust>
    </stationdata>
    <stationdata month="2" year="1939">
        <meanmaxtemp description="Mean Maximum Temperature" units="°C">-0.5</meanmaxtemp>
        <meanmintemp description="Mean Minimum Temperature" units="°C">-11.1</meanmintemp>
        <meanmonthtemp description="Mean Temperature" units="°C">-5.8</meanmonthtemp>
        <extrmaxtemp description="Extreme Maximum Temperature" units="°C">6.1</extrmaxtemp>
        <extrmintemp description="Extreme Minimum Temperature" units="°C">-23.9</extrmintemp>
        <totrain description="Total Rain" units="mm">30.2</totrain>
        <totsnow description="Total Snow" units="cm">57.9</totsnow>
        <totprecip description="Total Precipitation" units="mm">88.1</totprecip>
        <grndsnowlastday description="Snow on the Ground on the Last Day" units="cm"></grndsnowlastday>
        <dirmaxgust description="Direction of Maximum Gust" units="10's Deg"></dirmaxgust>
        <speedmaxgust description="Speed of Maximum Gust" units="km/h"></speedmaxgust>
    </stationdata>
    <stationdata month="3" year="1939">
        <meanmaxtemp description="Mean Maximum Temperature" units="°C">0.7</meanmaxtemp>
        <meanmintemp description="Mean Minimum Temperature" units="°C">-7.8</meanmintemp>
        <meanmonthtemp description="Mean Temperature" units="°C">-3.6</meanmonthtemp>
        <extrmaxtemp description="Extreme Maximum Temperature" units="°C">11.7</extrmaxtemp>
        <extrmintemp description="Extreme Minimum Temperature" units="°C">-20.0</extrmintemp>
        <totrain description="Total Rain" units="mm">26.2</totrain>
        <totsnow description="Total Snow" units="cm">54.4</totsnow>
        <totprecip description="Total Precipitation" units="mm">80.5</totprecip>
        <grndsnowlastday description="Snow on the Ground on the Last Day" units="cm"></grndsnowlastday>
        <dirmaxgust description="Direction of Maximum Gust" units="10's Deg"></dirmaxgust>
        <speedmaxgust description="Speed of Maximum Gust" units="km/h"></speedmaxgust>
    </stationdata>
    <stationdata month="4" year="1939">
        <meanmaxtemp description="Mean Maximum Temperature" units="°C">8.2</meanmaxtemp>
        <meanmintemp description="Mean Minimum Temperature" units="°C">-0.1</meanmintemp>
        <meanmonthtemp description="Mean Temperature" units="°C">4.1</meanmonthtemp>
        <extrmaxtemp description="Extreme Maximum Temperature" units="°C">23.9</extrmaxtemp>
        <extrmintemp description="Extreme Minimum Temperature" flag="S" units="°C">-5.0</extrmintemp>
        <totrain description="Total Rain" units="mm">57.7</totrain>
        <totsnow description="Total Snow" units="cm">32.5</totsnow>
        <totprecip description="Total Precipitation" units="mm">90.2</totprecip>
        <grndsnowlastday description="Snow on the Ground on the Last Day" units="cm"></grndsnowlastday>
        <dirmaxgust description="Direction of Maximum Gust" units="10's Deg"></dirmaxgust>
        <speedmaxgust description="Speed of Maximum Gust" units="km/h"></speedmaxgust>
    </stationdata>
    <stationdata month="5" year="1939">
        <meanmaxtemp description="Mean Maximum Temperature" units="°C">21.1</meanmaxtemp>
        <meanmintemp description="Mean Minimum Temperature" units="°C">6.6</meanmintemp>
        <meanmonthtemp description="Mean Temperature" units="°C">13.9</meanmonthtemp>
        <extrmaxtemp description="Extreme Maximum Temperature" units="°C">31.7</extrmaxtemp>
        <extrmintemp description="Extreme Minimum Temperature" units="°C">-2.2</extrmintemp>
        <totrain description="Total Rain" units="mm">26.4</totrain>
        <totsnow description="Total Snow" units="cm">0.0</totsnow>
        <totprecip description="Total Precipitation" units="mm">26.4</totprecip>
        <grndsnowlastday description="Snow on the Ground on the Last Day" units="cm"></grndsnowlastday>
        <dirmaxgust description="Direction of Maximum Gust" units="10's Deg"></dirmaxgust>
        <speedmaxgust description="Speed of Maximum Gust" units="km/h"></speedmaxgust>
    </stationdata>
    <stationdata month="6" year="1939">
        <meanmaxtemp description="Mean Maximum Temperature" units="°C">24.6</meanmaxtemp>
        <meanmintemp description="Mean Minimum Temperature" units="°C">11.4</meanmintemp>
        <meanmonthtemp description="Mean Temperature" units="°C">18.0</meanmonthtemp>
        <extrmaxtemp description="Extreme Maximum Temperature" units="°C">32.8</extrmaxtemp>
        <extrmintemp description="Extreme Minimum Temperature" units="°C">5.0</extrmintemp>
        <totrain description="Total Rain" units="mm">51.8</totrain>
        <totsnow description="Total Snow" units="cm">0.0</totsnow>
        <totprecip description="Total Precipitation" units="mm">51.8</totprecip>
        <grndsnowlastday description="Snow on the Ground on the Last Day" units="cm"></grndsnowlastday>
        <dirmaxgust description="Direction of Maximum Gust" units="10's Deg"></dirmaxgust>
        <speedmaxgust description="Speed of Maximum Gust" units="km/h"></speedmaxgust>
    </stationdata>
    <stationdata month="7" year="1939">
        <meanmaxtemp description="Mean Maximum Temperature" units="°C">28.2</meanmaxtemp>
        <meanmintemp description="Mean Minimum Temperature" units="°C">13.5</meanmintemp>
        <meanmonthtemp description="Mean Temperature" units="°C">20.9</meanmonthtemp>
        <extrmaxtemp description="Extreme Maximum Temperature" units="°C">34.4</extrmaxtemp>
        <extrmintemp description="Extreme Minimum Temperature" units="°C">6.1</extrmintemp>
        <totrain description="Total Rain" units="mm">39.4</totrain>
        <totsnow description="Total Snow" units="cm">0.0</totsnow>
        <totprecip description="Total Precipitation" units="mm">39.4</totprecip>
        <grndsnowlastday description="Snow on the Ground on the Last Day" units="cm"></grndsnowlastday>
        <dirmaxgust description="Direction of Maximum Gust" units="10's Deg"></dirmaxgust>
        <speedmaxgust description="Speed of Maximum Gust" units="km/h"></speedmaxgust>
    </stationdata>
    <stationdata month="8" year="1939">
        <meanmaxtemp description="Mean Maximum Temperature" units="°C">28.7</meanmaxtemp>
        <meanmintemp description="Mean Minimum Temperature" units="°C">14.7</meanmintemp>
        <meanmonthtemp description="Mean Temperature" units="°C">21.7</meanmonthtemp>
        <extrmaxtemp description="Extreme Maximum Temperature" units="°C">32.8</extrmaxtemp>
        <extrmintemp description="Extreme Minimum Temperature" units="°C">10.0</extrmintemp>
        <totrain description="Total Rain" units="mm">51.6</totrain>
        <totsnow description="Total Snow" units="cm">0.0</totsnow>
        <totprecip description="Total Precipitation" units="mm">51.6</totprecip>
        <grndsnowlastday description="Snow on the Ground on the Last Day" units="cm"></grndsnowlastday>
        <dirmaxgust description="Direction of Maximum Gust" units="10's Deg"></dirmaxgust>
        <speedmaxgust description="Speed of Maximum Gust" units="km/h"></speedmaxgust>
    </stationdata>
    <stationdata month="9" year="1939">
        <meanmaxtemp description="Mean Maximum Temperature" flag="M" units="°C"></meanmaxtemp>
        <meanmintemp description="Mean Minimum Temperature" flag="M" units="°C"></meanmintemp>
        <meanmonthtemp description="Mean Temperature" flag="M" units="°C"></meanmonthtemp>
        <extrmaxtemp description="Extreme Maximum Temperature" flag="M" units="°C"></extrmaxtemp>
        <extrmintemp description="Extreme Minimum Temperature" flag="M" units="°C"></extrmintemp>
        <totrain description="Total Rain" flag="M" units="mm"></totrain>
        <totsnow description="Total Snow" flag="M" units="cm"></totsnow>
        <totprecip description="Total Precipitation" flag="M" units="mm"></totprecip>
        <grndsnowlastday description="Snow on the Ground on the Last Day" units="cm"></grndsnowlastday>
        <dirmaxgust description="Direction of Maximum Gust" units="10's Deg"></dirmaxgust>
        <speedmaxgust description="Speed of Maximum Gust" units="km/h"></speedmaxgust>
    </stationdata>
    <stationdata month="10" year="1939">
        <meanmaxtemp description="Mean Maximum Temperature" flag="M" units="°C"></meanmaxtemp>
        <meanmintemp description="Mean Minimum Temperature" flag="M" units="°C"></meanmintemp>
        <meanmonthtemp description="Mean Temperature" flag="M" units="°C"></meanmonthtemp>
        <extrmaxtemp description="Extreme Maximum Temperature" flag="M" units="°C"></extrmaxtemp>
        <extrmintemp description="Extreme Minimum Temperature" flag="M" units="°C"></extrmintemp>
        <totrain description="Total Rain" flag="M" units="mm"></totrain>
        <totsnow description="Total Snow" flag="M" units="cm"></totsnow>
        <totprecip description="Total Precipitation" flag="M" units="mm"></totprecip>
        <grndsnowlastday description="Snow on the Ground on the Last Day" units="cm"></grndsnowlastday>
        <dirmaxgust description="Direction of Maximum Gust" units="10's Deg"></dirmaxgust>
        <speedmaxgust description="Speed of Maximum Gust" units="km/h"></speedmaxgust>
    </stationdata>
    <stationdata month="11" year="1939">
        <meanmaxtemp description="Mean Maximum Temperature" flag="M" units="°C"></meanmaxtemp>
        <meanmintemp description="Mean Minimum Temperature" flag="M" units="°C"></meanmintemp>
        <meanmonthtemp description="Mean Temperature" flag="M" units="°C"></meanmonthtemp>
        <extrmaxtemp description="Extreme Maximum Temperature" flag="M" units="°C"></extrmaxtemp>
        <extrmintemp description="Extreme Minimum Temperature" flag="M" units="°C"></extrmintemp>
        <totrain description="Total Rain" flag="M" units="mm"></totrain>
        <totsnow description="Total Snow" flag="M" units="cm"></totsnow>
        <totprecip description="Total Precipitation" flag="M" units="mm"></totprecip>
        <grndsnowlastday description="Snow on the Ground on the Last Day" units="cm"></grndsnowlastday>
        <dirmaxgust description="Direction of Maximum Gust" units="10's Deg"></dirmaxgust>
        <speedmaxgust description="Speed of Maximum Gust" units="km/h"></speedmaxgust>
    </stationdata>
    <stationdata month="12" year="1939">
        <meanmaxtemp description="Mean Maximum Temperature" flag="M" units="°C"></meanmaxtemp>
        <meanmintemp description="Mean Minimum Temperature" flag="M" units="°C"></meanmintemp>
        <meanmonthtemp description="Mean Temperature" flag="M" units="°C"></meanmonthtemp>
        <extrmaxtemp description="Extreme Maximum Temperature" flag="M" units="°C"></extrmaxtemp>
        <extrmintemp description="Extreme Minimum Temperature" flag="M" units="°C"></extrmintemp>
        <totrain description="Total Rain" flag="M" units="mm"></totrain>
        <totsnow description="Total Snow" flag="M" units="cm"></totsnow>
        <totprecip description="Total Precipitation" flag="M" units="mm"></totprecip>
        <grndsnowlastday description="Snow on the Ground on the Last Day" units="cm"></grndsnowlastday>
        <dirmaxgust description="Direction of Maximum Gust" units="10's Deg"></dirmaxgust>
        <speedmaxgust description="Speed of Maximum Gust" units="km/h"></speedmaxgust>
    </stationdata>
    <stationdata month="1" year="1940">
        <meanmaxtemp description="Mean Maximum Temperature" units="°C">-5.2</meanmaxtemp>
        <meanmintemp description="Mean Minimum Temperature" units="°C">-13.6</meanmintemp>
        <meanmonthtemp description="Mean Temperature" units="°C">-9.4</meanmonthtemp>
        <extrmaxtemp description="Extreme Maximum Temperature" units="°C">5.0</extrmaxtemp>
        <extrmintemp description="Extreme Minimum Temperature" units="°C">-26.1</extrmintemp>
        <totrain description="Total Rain" units="mm">26.7</totrain>
        <totsnow description="Total Snow" units="cm">21.6</totsnow>
        <totprecip description="Total Precipitation" units="mm">48.3</totprecip>
        <grndsnowlastday description="Snow on the Ground on the Last Day" units="cm"></grndsnowlastday>
        <dirmaxgust description="Direction of Maximum Gust" units="10's Deg"></dirmaxgust>
        <speedmaxgust description="Speed of Maximum Gust" units="km/h"></speedmaxgust>
    </stationdata>
    <stationdata month="2" year="1940">
        <meanmaxtemp description="Mean Maximum Temperature" units="°C">-2.2</meanmaxtemp>
        <meanmintemp description="Mean Minimum Temperature" units="°C">-10.1</meanmintemp>
        <meanmonthtemp description="Mean Temperature" units="°C">-6.2</meanmonthtemp>
        <extrmaxtemp description="Extreme Maximum Temperature" units="°C">3.3</extrmaxtemp>
        <extrmintemp description="Extreme Minimum Temperature" units="°C">-22.8</extrmintemp>
        <totrain description="Total Rain" units="mm">6.9</totrain>
        <totsnow description="Total Snow" units="cm">27.2</totsnow>
        <totprecip description="Total Precipitation" units="mm">34.0</totprecip>
        <grndsnowlastday description="Snow on the Ground on the Last Day" units="cm"></grndsnowlastday>
        <dirmaxgust description="Direction of Maximum Gust" units="10's Deg"></dirmaxgust>
        <speedmaxgust description="Speed of Maximum Gust" units="km/h"></speedmaxgust>
    </stationdata>
    <stationdata month="3" year="1940">
        <meanmaxtemp description="Mean Maximum Temperature" units="°C">-1.3</meanmaxtemp>
        <meanmintemp description="Mean Minimum Temperature" units="°C">-9.1</meanmintemp>
        <meanmonthtemp description="Mean Temperature" units="°C">-5.2</meanmonthtemp>
        <extrmaxtemp description="Extreme Maximum Temperature" flag="S" units="°C">6.7</extrmaxtemp>
        <extrmintemp description="Extreme Minimum Temperature" units="°C">-18.9</extrmintemp>
        <totrain description="Total Rain" units="mm">13.2</totrain>
        <totsnow description="Total Snow" units="cm">35.1</totsnow>
        <totprecip description="Total Precipitation" units="mm">48.3</totprecip>
        <grndsnowlastday description="Snow on the Ground on the Last Day" units="cm"></grndsnowlastday>
        <dirmaxgust description="Direction of Maximum Gust" units="10's Deg"></dirmaxgust>
        <speedmaxgust description="Speed of Maximum Gust" units="km/h"></speedmaxgust>
    </stationdata>
    <stationdata month="4" year="1940">
        <meanmaxtemp description="Mean Maximum Temperature" units="°C">8.8</meanmaxtemp>
        <meanmintemp description="Mean Minimum Temperature" units="°C">-0.6</meanmintemp>
        <meanmonthtemp description="Mean Temperature" units="°C">4.1</meanmonthtemp>
        <extrmaxtemp description="Extreme Maximum Temperature" units="°C">18.9</extrmaxtemp>
        <extrmintemp description="Extreme Minimum Temperature" units="°C">-8.3</extrmintemp>
        <totrain description="Total Rain" units="mm">45.5</totrain>
        <totsnow description="Total Snow" units="cm">5.3</totsnow>
        <totprecip description="Total Precipitation" units="mm">50.8</totprecip>
        <grndsnowlastday description="Snow on the Ground on the Last Day" units="cm"></grndsnowlastday>
        <dirmaxgust description="Direction of Maximum Gust" units="10's Deg"></dirmaxgust>
        <speedmaxgust description="Speed of Maximum Gust" units="km/h"></speedmaxgust>
    </stationdata>
    <stationdata month="5" year="1940">
        <meanmaxtemp description="Mean Maximum Temperature" units="°C">16.7</meanmaxtemp>
        <meanmintemp description="Mean Minimum Temperature" units="°C">6.6</meanmintemp>
        <meanmonthtemp description="Mean Temperature" units="°C">11.7</meanmonthtemp>
        <extrmaxtemp description="Extreme Maximum Temperature" units="°C">25.6</extrmaxtemp>
        <extrmintemp description="Extreme Minimum Temperature" units="°C">0.0</extrmintemp>
        <totrain description="Total Rain" units="mm">123.4</totrain>
        <totsnow description="Total Snow" units="cm">0.0</totsnow>
        <totprecip description="Total Precipitation" units="mm">123.4</totprecip>
        <grndsnowlastday description="Snow on the Ground on the Last Day" units="cm"></grndsnowlastday>
        <dirmaxgust description="Direction of Maximum Gust" units="10's Deg"></dirmaxgust>
        <speedmaxgust description="Speed of Maximum Gust" units="km/h"></speedmaxgust>
    </stationdata>
    <stationdata month="6" year="1940">
        <meanmaxtemp description="Mean Maximum Temperature" units="°C">21.9</meanmaxtemp>
        <meanmintemp description="Mean Minimum Temperature" units="°C">11.2</meanmintemp>
        <meanmonthtemp description="Mean Temperature" units="°C">16.6</meanmonthtemp>
        <extrmaxtemp description="Extreme Maximum Temperature" flag="S" units="°C">30.0</extrmaxtemp>
        <extrmintemp description="Extreme Minimum Temperature" units="°C">3.3</extrmintemp>
        <totrain description="Total Rain" units="mm">86.1</totrain>
        <totsnow description="Total Snow" units="cm">0.0</totsnow>
        <totprecip description="Total Precipitation" units="mm">86.1</totprecip>
        <grndsnowlastday description="Snow on the Ground on the Last Day" units="cm"></grndsnowlastday>
        <dirmaxgust description="Direction of Maximum Gust" units="10's Deg"></dirmaxgust>
        <speedmaxgust description="Speed of Maximum Gust" units="km/h"></speedmaxgust>
    </stationdata>
    <stationdata month="7" year="1940">
        <meanmaxtemp description="Mean Maximum Temperature" units="°C">26.6</meanmaxtemp>
        <meanmintemp description="Mean Minimum Temperature" units="°C">14.3</meanmintemp>
        <meanmonthtemp description="Mean Temperature" units="°C">20.5</meanmonthtemp>
        <extrmaxtemp description="Extreme Maximum Temperature" units="°C">32.8</extrmaxtemp>
        <extrmintemp description="Extreme Minimum Temperature" units="°C">7.8</extrmintemp>
        <totrain description="Total Rain" units="mm">70.9</totrain>
        <totsnow description="Total Snow" units="cm">0.0</totsnow>
        <totprecip description="Total Precipitation" units="mm">70.9</totprecip>
        <grndsnowlastday description="Snow on the Ground on the Last Day" units="cm"></grndsnowlastday>
        <dirmaxgust description="Direction of Maximum Gust" units="10's Deg"></dirmaxgust>
        <speedmaxgust description="Speed of Maximum Gust" units="km/h"></speedmaxgust>
    </stationdata>
    <stationdata month="8" year="1940">
        <meanmaxtemp description="Mean Maximum Temperature" units="°C">25.1</meanmaxtemp>
        <meanmintemp description="Mean Minimum Temperature" units="°C">13.6</meanmintemp>
        <meanmonthtemp description="Mean Temperature" units="°C">19.4</meanmonthtemp>
        <extrmaxtemp description="Extreme Maximum Temperature" units="°C">32.2</extrmaxtemp>
        <extrmintemp description="Extreme Minimum Temperature" flag="S" units="°C">4.4</extrmintemp>
        <totrain description="Total Rain" units="mm">84.1</totrain>
        <totsnow description="Total Snow" units="cm">0.0</totsnow>
        <totprecip description="Total Precipitation" units="mm">84.1</totprecip>
        <grndsnowlastday description="Snow on the Ground on the Last Day" units="cm"></grndsnowlastday>
        <dirmaxgust description="Direction of Maximum Gust" units="10's Deg"></dirmaxgust>
        <speedmaxgust description="Speed of Maximum Gust" units="km/h"></speedmaxgust>
    </stationdata>
    <stationdata month="9" year="1940">
        <meanmaxtemp description="Mean Maximum Temperature" units="°C">20.3</meanmaxtemp>
        <meanmintemp description="Mean Minimum Temperature" units="°C">9.8</meanmintemp>
        <meanmonthtemp description="Mean Temperature" units="°C">15.1</meanmonthtemp>
        <extrmaxtemp description="Extreme Maximum Temperature" units="°C">30.0</extrmaxtemp>
        <extrmintemp description="Extreme Minimum Temperature" units="°C">0.6</extrmintemp>
        <totrain description="Total Rain" units="mm">102.4</totrain>
        <totsnow description="Total Snow" flag="T" units="cm">0.0</totsnow>
        <totprecip description="Total Precipitation" units="mm">102.4</totprecip>
        <grndsnowlastday description="Snow on the Ground on the Last Day" units="cm"></grndsnowlastday>
        <dirmaxgust description="Direction of Maximum Gust" units="10's Deg"></dirmaxgust>
        <speedmaxgust description="Speed of Maximum Gust" units="km/h"></speedmaxgust>
    </stationdata>
    <stationdata month="10" year="1940">
        <meanmaxtemp description="Mean Maximum Temperature" units="°C">12.8</meanmaxtemp>
        <meanmintemp description="Mean Minimum Temperature" units="°C">1.9</meanmintemp>
        <meanmonthtemp description="Mean Temperature" units="°C">7.4</meanmonthtemp>
        <extrmaxtemp description="Extreme Maximum Temperature" flag="S" units="°C">22.8</extrmaxtemp>
        <extrmintemp description="Extreme Minimum Temperature" flag="S" units="°C">-6.1</extrmintemp>
        <totrain description="Total Rain" units="mm">45.5</totrain>
        <totsnow description="Total Snow" flag="T" units="cm">0.0</totsnow>
        <totprecip description="Total Precipitation" units="mm">45.5</totprecip>
        <grndsnowlastday description="Snow on the Ground on the Last Day" units="cm"></grndsnowlastday>
        <dirmaxgust description="Direction of Maximum Gust" units="10's Deg"></dirmaxgust>
        <speedmaxgust description="Speed of Maximum Gust" units="km/h"></speedmaxgust>
    </stationdata>
    <stationdata month="11" year="1940">
        <meanmaxtemp description="Mean Maximum Temperature" units="°C">5.9</meanmaxtemp>
        <meanmintemp description="Mean Minimum Temperature" units="°C">-1.6</meanmintemp>
        <meanmonthtemp description="Mean Temperature" units="°C">2.2</meanmonthtemp>
        <extrmaxtemp description="Extreme Maximum Temperature" units="°C">18.3</extrmaxtemp>
        <extrmintemp description="Extreme Minimum Temperature" units="°C">-11.1</extrmintemp>
        <totrain description="Total Rain" units="mm">53.3</totrain>
        <totsnow description="Total Snow" units="cm">61.0</totsnow>
        <totprecip description="Total Precipitation" units="mm">114.3</totprecip>
        <grndsnowlastday description="Snow on the Ground on the Last Day" units="cm"></grndsnowlastday>
        <dirmaxgust description="Direction of Maximum Gust" units="10's Deg"></dirmaxgust>
        <speedmaxgust description="Speed of Maximum Gust" units="km/h"></speedmaxgust>
    </stationdata>
    <stationdata month="12" year="1940">
        <meanmaxtemp description="Mean Maximum Temperature" units="°C">0.6</meanmaxtemp>
        <meanmintemp description="Mean Minimum Temperature" units="°C">-7.7</meanmintemp>
        <meanmonthtemp description="Mean Temperature" units="°C">-3.6</meanmonthtemp>
        <extrmaxtemp description="Extreme Maximum Temperature" units="°C">8.3</extrmaxtemp>
        <extrmintemp description="Extreme Minimum Temperature" units="°C">-25.0</extrmintemp>
        <totrain description="Total Rain" units="mm">68.1</totrain>
        <totsnow description="Total Snow" units="cm">14.5</totsnow>
        <totprecip description="Total Precipitation" units="mm">82.6</totprecip>
        <grndsnowlastday description="Snow on the Ground on the Last Day" units="cm"></grndsnowlastday>
        <dirmaxgust description="Direction of Maximum Gust" units="10's Deg"></dirmaxgust>
        <speedmaxgust description="Speed of Maximum Gust" units="km/h"></speedmaxgust>
    </stationdata>
    <stationdata month="1" year="1941">
        <meanmaxtemp description="Mean Maximum Temperature" units="°C">-3.1</meanmaxtemp>
        <meanmintemp description="Mean Minimum Temperature" units="°C">-10.6</meanmintemp>
        <meanmonthtemp description="Mean Temperature" units="°C">-6.9</meanmonthtemp>
        <extrmaxtemp description="Extreme Maximum Temperature" units="°C">3.3</extrmaxtemp>
        <extrmintemp description="Extreme Minimum Temperature" units="°C">-25.6</extrmintemp>
        <totrain description="Total Rain" units="mm">21.1</totrain>
        <totsnow description="Total Snow" units="cm">50.0</totsnow>
        <totprecip description="Total Precipitation" units="mm">71.1</totprecip>
        <grndsnowlastday description="Snow on the Ground on the Last Day" units="cm"></grndsnowlastday>
        <dirmaxgust description="Direction of Maximum Gust" units="10's Deg"></dirmaxgust>
        <speedmaxgust description="Speed of Maximum Gust" units="km/h"></speedmaxgust>
    </stationdata>
    <stationdata month="2" year="1941">
        <meanmaxtemp description="Mean Maximum Temperature" units="°C">-2.6</meanmaxtemp>
        <meanmintemp description="Mean Minimum Temperature" units="°C">-9.8</meanmintemp>
        <meanmonthtemp description="Mean Temperature" units="°C">-6.2</meanmonthtemp>
        <extrmaxtemp description="Extreme Maximum Temperature" units="°C">6.7</extrmaxtemp>
        <extrmintemp description="Extreme Minimum Temperature" units="°C">-18.9</extrmintemp>
        <totrain description="Total Rain" units="mm">6.4</totrain>
        <totsnow description="Total Snow" units="cm">24.6</totsnow>
        <totprecip description="Total Precipitation" units="mm">31.0</totprecip>
        <grndsnowlastday description="Snow on the Ground on the Last Day" units="cm"></grndsnowlastday>
        <dirmaxgust description="Direction of Maximum Gust" units="10's Deg"></dirmaxgust>
        <speedmaxgust description="Speed of Maximum Gust" units="km/h"></speedmaxgust>
    </stationdata>
    <stationdata month="3" year="1941">
        <meanmaxtemp description="Mean Maximum Temperature" units="°C">0.6</meanmaxtemp>
        <meanmintemp description="Mean Minimum Temperature" units="°C">-8.1</meanmintemp>
        <meanmonthtemp description="Mean Temperature" units="°C">-3.8</meanmonthtemp>
        <extrmaxtemp description="Extreme Maximum Temperature" units="°C">6.1</extrmaxtemp>
        <extrmintemp description="Extreme Minimum Temperature" units="°C">-18.3</extrmintemp>
        <totrain description="Total Rain" units="mm">23.6</totrain>
        <totsnow description="Total Snow" units="cm">13.2</totsnow>
        <totprecip description="Total Precipitation" units="mm">36.8</totprecip>
        <grndsnowlastday description="Snow on the Ground on the Last Day" units="cm"></grndsnowlastday>
        <dirmaxgust description="Direction of Maximum Gust" units="10's Deg"></dirmaxgust>
        <speedmaxgust description="Speed of Maximum Gust" units="km/h"></speedmaxgust>
    </stationdata>
    <stationdata month="4" year="1941">
        <meanmaxtemp description="Mean Maximum Temperature" units="°C">15.5</meanmaxtemp>
        <meanmintemp description="Mean Minimum Temperature" units="°C">2.9</meanmintemp>
        <meanmonthtemp description="Mean Temperature" units="°C">9.2</meanmonthtemp>
        <extrmaxtemp description="Extreme Maximum Temperature" flag="S" units="°C">26.7</extrmaxtemp>
        <extrmintemp description="Extreme Minimum Temperature" units="°C">-2.8</extrmintemp>
        <totrain description="Total Rain" units="mm">45.0</totrain>
        <totsnow description="Total Snow" units="cm">0.0</totsnow>
        <totprecip description="Total Precipitation" units="mm">45.0</totprecip>
        <grndsnowlastday description="Snow on the Ground on the Last Day" units="cm"></grndsnowlastday>
        <dirmaxgust description="Direction of Maximum Gust" units="10's Deg"></dirmaxgust>
        <speedmaxgust description="Speed of Maximum Gust" units="km/h"></speedmaxgust>
    </stationdata>
    <stationdata month="5" year="1941">
        <meanmaxtemp description="Mean Maximum Temperature" units="°C">20.3</meanmaxtemp>
        <meanmintemp description="Mean Minimum Temperature" units="°C">7.5</meanmintemp>
        <meanmonthtemp description="Mean Temperature" units="°C">13.9</meanmonthtemp>
        <extrmaxtemp description="Extreme Maximum Temperature" units="°C">32.2</extrmaxtemp>
        <extrmintemp description="Extreme Minimum Temperature" units="°C">-2.2</extrmintemp>
        <totrain description="Total Rain" units="mm">53.8</totrain>
        <totsnow description="Total Snow" units="cm">0.0</totsnow>
        <totprecip description="Total Precipitation" units="mm">53.8</totprecip>
        <grndsnowlastday description="Snow on the Ground on the Last Day" units="cm"></grndsnowlastday>
        <dirmaxgust description="Direction of Maximum Gust" units="10's Deg"></dirmaxgust>
        <speedmaxgust description="Speed of Maximum Gust" units="km/h"></speedmaxgust>
    </stationdata>
    <stationdata month="6" year="1941">
        <meanmaxtemp description="Mean Maximum Temperature" units="°C">25.4</meanmaxtemp>
        <meanmintemp description="Mean Minimum Temperature" units="°C">13.2</meanmintemp>
        <meanmonthtemp description="Mean Temperature" units="°C">19.3</meanmonthtemp>
        <extrmaxtemp description="Extreme Maximum Temperature" units="°C">35.0</extrmaxtemp>
        <extrmintemp description="Extreme Minimum Temperature" units="°C">4.4</extrmintemp>
        <totrain description="Total Rain" units="mm">75.7</totrain>
        <totsnow description="Total Snow" units="cm">0.0</totsnow>
        <totprecip description="Total Precipitation" units="mm">75.7</totprecip>
        <grndsnowlastday description="Snow on the Ground on the Last Day" units="cm"></grndsnowlastday>
        <dirmaxgust description="Direction of Maximum Gust" units="10's Deg"></dirmaxgust>
        <speedmaxgust description="Speed of Maximum Gust" units="km/h"></speedmaxgust>
    </stationdata>
    <stationdata month="7" year="1941">
        <meanmaxtemp description="Mean Maximum Temperature" units="°C">27.7</meanmaxtemp>
        <meanmintemp description="Mean Minimum Temperature" units="°C">15.3</meanmintemp>
        <meanmonthtemp description="Mean Temperature" units="°C">21.5</meanmonthtemp>
        <extrmaxtemp description="Extreme Maximum Temperature" units="°C">36.1</extrmaxtemp>
        <extrmintemp description="Extreme Minimum Temperature" flag="S" units="°C">9.4</extrmintemp>
        <totrain description="Total Rain" units="mm">68.1</totrain>
        <totsnow description="Total Snow" units="cm">0.0</totsnow>
        <totprecip description="Total Precipitation" units="mm">68.1</totprecip>
        <grndsnowlastday description="Snow on the Ground on the Last Day" units="cm"></grndsnowlastday>
        <dirmaxgust description="Direction of Maximum Gust" units="10's Deg"></dirmaxgust>
        <speedmaxgust description="Speed of Maximum Gust" units="km/h"></speedmaxgust>
    </stationdata>
    <stationdata month="8" year="1941">
        <meanmaxtemp description="Mean Maximum Temperature" units="°C">25.6</meanmaxtemp>
        <meanmintemp description="Mean Minimum Temperature" units="°C">13.4</meanmintemp>
        <meanmonthtemp description="Mean Temperature" units="°C">19.5</meanmonthtemp>
        <extrmaxtemp description="Extreme Maximum Temperature" units="°C">34.4</extrmaxtemp>
        <extrmintemp description="Extreme Minimum Temperature" units="°C">5.0</extrmintemp>
        <totrain description="Total Rain" units="mm">39.4</totrain>
        <totsnow description="Total Snow" units="cm">0.0</totsnow>
        <totprecip description="Total Precipitation" units="mm">39.4</totprecip>
        <grndsnowlastday description="Snow on the Ground on the Last Day" units="cm"></grndsnowlastday>
        <dirmaxgust description="Direction of Maximum Gust" units="10's Deg"></dirmaxgust>
        <speedmaxgust description="Speed of Maximum Gust" units="km/h"></speedmaxgust>
    </stationdata>
    <stationdata month="9" year="1941">
        <meanmaxtemp description="Mean Maximum Temperature" units="°C">23.2</meanmaxtemp>
        <meanmintemp description="Mean Minimum Temperature" units="°C">10.4</meanmintemp>
        <meanmonthtemp description="Mean Temperature" units="°C">16.8</meanmonthtemp>
        <extrmaxtemp description="Extreme Maximum Temperature" flag="S" units="°C">31.7</extrmaxtemp>
        <extrmintemp description="Extreme Minimum Temperature" units="°C">1.7</extrmintemp>
        <totrain description="Total Rain" units="mm">25.1</totrain>
        <totsnow description="Total Snow" units="cm">0.0</totsnow>
        <totprecip description="Total Precipitation" units="mm">25.1</totprecip>
        <grndsnowlastday description="Snow on the Ground on the Last Day" units="cm"></grndsnowlastday>
        <dirmaxgust description="Direction of Maximum Gust" units="10's Deg"></dirmaxgust>
        <speedmaxgust description="Speed of Maximum Gust" units="km/h"></speedmaxgust>
    </stationdata>
    <stationdata month="10" year="1941">
        <meanmaxtemp description="Mean Maximum Temperature" units="°C">14.7</meanmaxtemp>
        <meanmintemp description="Mean Minimum Temperature" units="°C">5.2</meanmintemp>
        <meanmonthtemp description="Mean Temperature" units="°C">10.0</meanmonthtemp>
        <extrmaxtemp description="Extreme Maximum Temperature" units="°C">28.3</extrmaxtemp>
        <extrmintemp description="Extreme Minimum Temperature" units="°C">-3.3</extrmintemp>
        <totrain description="Total Rain" units="mm">89.2</totrain>
        <totsnow description="Total Snow" units="cm">0.0</totsnow>
        <totprecip description="Total Precipitation" units="mm">89.2</totprecip>
        <grndsnowlastday description="Snow on the Ground on the Last Day" units="cm"></grndsnowlastday>
        <dirmaxgust description="Direction of Maximum Gust" units="10's Deg"></dirmaxgust>
        <speedmaxgust description="Speed of Maximum Gust" units="km/h"></speedmaxgust>
    </stationdata>
    <stationdata month="11" year="1941">
        <meanmaxtemp description="Mean Maximum Temperature" units="°C">8.5</meanmaxtemp>
        <meanmintemp description="Mean Minimum Temperature" units="°C">0.8</meanmintemp>
        <meanmonthtemp description="Mean Temperature" units="°C">4.7</meanmonthtemp>
        <extrmaxtemp description="Extreme Maximum Temperature" units="°C">20.6</extrmaxtemp>
        <extrmintemp description="Extreme Minimum Temperature" units="°C">-5.6</extrmintemp>
        <totrain description="Total Rain" units="mm">52.6</totrain>
        <totsnow description="Total Snow" flag="T" units="cm">0.0</totsnow>
        <totprecip description="Total Precipitation" units="mm">52.6</totprecip>
        <grndsnowlastday description="Snow on the Ground on the Last Day" units="cm"></grndsnowlastday>
        <dirmaxgust description="Direction of Maximum Gust" units="10's Deg"></dirmaxgust>
        <speedmaxgust description="Speed of Maximum Gust" units="km/h"></speedmaxgust>
    </stationdata>
    <stationdata month="12" year="1941">
        <meanmaxtemp description="Mean Maximum Temperature" units="°C">1.9</meanmaxtemp>
        <meanmintemp description="Mean Minimum Temperature" units="°C">-4.8</meanmintemp>
        <meanmonthtemp description="Mean Temperature" units="°C">-1.5</meanmonthtemp>
        <extrmaxtemp description="Extreme Maximum Temperature" units="°C">15.6</extrmaxtemp>
        <extrmintemp description="Extreme Minimum Temperature" units="°C">-16.7</extrmintemp>
        <totrain description="Total Rain" units="mm">24.9</totrain>
        <totsnow description="Total Snow" units="cm">16.3</totsnow>
        <totprecip description="Total Precipitation" units="mm">41.1</totprecip>
        <grndsnowlastday description="Snow on the Ground on the Last Day" units="cm"></grndsnowlastday>
        <dirmaxgust description="Direction of Maximum Gust" units="10's Deg"></dirmaxgust>
        <speedmaxgust description="Speed of Maximum Gust" units="km/h"></speedmaxgust>
    </stationdata>
    <stationdata month="1" year="1942">
        <meanmaxtemp description="Mean Maximum Temperature" units="°C">-1.4</meanmaxtemp>
        <meanmintemp description="Mean Minimum Temperature" units="°C">-9.6</meanmintemp>
        <meanmonthtemp description="Mean Temperature" units="°C">-5.5</meanmonthtemp>
        <extrmaxtemp description="Extreme Maximum Temperature" units="°C">6.1</extrmaxtemp>
        <extrmintemp description="Extreme Minimum Temperature" units="°C">-24.4</extrmintemp>
        <totrain description="Total Rain" units="mm">21.8</totrain>
        <totsnow description="Total Snow" units="cm">15.2</totsnow>
        <totprecip description="Total Precipitation" units="mm">37.1</totprecip>
        <grndsnowlastday description="Snow on the Ground on the Last Day" units="cm"></grndsnowlastday>
        <dirmaxgust description="Direction of Maximum Gust" units="10's Deg"></dirmaxgust>
        <speedmaxgust description="Speed of Maximum Gust" units="km/h"></speedmaxgust>
    </stationdata>
    <stationdata month="2" year="1942">
        <meanmaxtemp description="Mean Maximum Temperature" units="°C">-4.3</meanmaxtemp>
        <meanmintemp description="Mean Minimum Temperature" units="°C">-11.0</meanmintemp>
        <meanmonthtemp description="Mean Temperature" units="°C">-7.7</meanmonthtemp>
        <extrmaxtemp description="Extreme Maximum Temperature" flag="S" units="°C">2.8</extrmaxtemp>
        <extrmintemp description="Extreme Minimum Temperature" units="°C">-24.4</extrmintemp>
        <totrain description="Total Rain" units="mm">13.0</totrain>
        <totsnow description="Total Snow" units="cm">28.2</totsnow>
        <totprecip description="Total Precipitation" units="mm">41.1</totprecip>
        <grndsnowlastday description="Snow on the Ground on the Last Day" units="cm"></grndsnowlastday>
        <dirmaxgust description="Direction of Maximum Gust" units="10's Deg"></dirmaxgust>
        <speedmaxgust description="Speed of Maximum Gust" units="km/h"></speedmaxgust>
    </stationdata>
    <stationdata month="3" year="1942">
        <meanmaxtemp description="Mean Maximum Temperature" units="°C">4.3</meanmaxtemp>
        <meanmintemp description="Mean Minimum Temperature" units="°C">-1.5</meanmintemp>
        <meanmonthtemp description="Mean Temperature" units="°C">1.4</meanmonthtemp>
        <extrmaxtemp description="Extreme Maximum Temperature" units="°C">12.8</extrmaxtemp>
        <extrmintemp description="Extreme Minimum Temperature" units="°C">-5.6</extrmintemp>
        <totrain description="Total Rain" units="mm">94.0</totrain>
        <totsnow description="Total Snow" units="cm">23.1</totsnow>
        <totprecip description="Total Precipitation" units="mm">117.1</totprecip>
        <grndsnowlastday description="Snow on the Ground on the Last Day" units="cm"></grndsnowlastday>
        <dirmaxgust description="Direction of Maximum Gust" units="10's Deg"></dirmaxgust>
        <speedmaxgust description="Speed of Maximum Gust" units="km/h"></speedmaxgust>
    </stationdata>
    <stationdata month="4" year="1942">
        <meanmaxtemp description="Mean Maximum Temperature" units="°C">14.7</meanmaxtemp>
        <meanmintemp description="Mean Minimum Temperature" units="°C">3.1</meanmintemp>
        <meanmonthtemp description="Mean Temperature" units="°C">8.9</meanmonthtemp>
        <extrmaxtemp description="Extreme Maximum Temperature" units="°C">28.3</extrmaxtemp>
        <extrmintemp description="Extreme Minimum Temperature" flag="S" units="°C">-2.8</extrmintemp>
        <totrain description="Total Rain" units="mm">29.7</totrain>
        <totsnow description="Total Snow" units="cm">13.7</totsnow>
        <totprecip description="Total Precipitation" units="mm">43.4</totprecip>
        <grndsnowlastday description="Snow on the Ground on the Last Day" units="cm"></grndsnowlastday>
        <dirmaxgust description="Direction of Maximum Gust" units="10's Deg"></dirmaxgust>
        <speedmaxgust description="Speed of Maximum Gust" units="km/h"></speedmaxgust>
    </stationdata>
    <stationdata month="5" year="1942">
        <meanmaxtemp description="Mean Maximum Temperature" units="°C">18.2</meanmaxtemp>
        <meanmintemp description="Mean Minimum Temperature" units="°C">7.6</meanmintemp>
        <meanmonthtemp description="Mean Temperature" units="°C">12.9</meanmonthtemp>
        <extrmaxtemp description="Extreme Maximum Temperature" units="°C">30.0</extrmaxtemp>
        <extrmintemp description="Extreme Minimum Temperature" units="°C">-2.8</extrmintemp>
        <totrain description="Total Rain" units="mm">208.5</totrain>
        <totsnow description="Total Snow" flag="T" units="cm">0.0</totsnow>
        <totprecip description="Total Precipitation" units="mm">208.5</totprecip>
        <grndsnowlastday description="Snow on the Ground on the Last Day" units="cm"></grndsnowlastday>
        <dirmaxgust description="Direction of Maximum Gust" units="10's Deg"></dirmaxgust>
        <speedmaxgust description="Speed of Maximum Gust" units="km/h"></speedmaxgust>
    </stationdata>
    <stationdata month="6" year="1942">
        <meanmaxtemp description="Mean Maximum Temperature" units="°C">23.4</meanmaxtemp>
        <meanmintemp description="Mean Minimum Temperature" units="°C">12.2</meanmintemp>
        <meanmonthtemp description="Mean Temperature" units="°C">17.8</meanmonthtemp>
        <extrmaxtemp description="Extreme Maximum Temperature" units="°C">31.7</extrmaxtemp>
        <extrmintemp description="Extreme Minimum Temperature" units="°C">6.1</extrmintemp>
        <totrain description="Total Rain" units="mm">32.8</totrain>
        <totsnow description="Total Snow" units="cm">0.0</totsnow>
        <totprecip description="Total Precipitation" units="mm">32.8</totprecip>
        <grndsnowlastday description="Snow on the Ground on the Last Day" units="cm"></grndsnowlastday>
        <dirmaxgust description="Direction of Maximum Gust" units="10's Deg"></dirmaxgust>
        <speedmaxgust description="Speed of Maximum Gust" units="km/h"></speedmaxgust>
    </stationdata>
    <stationdata month="7" year="1942">
        <meanmaxtemp description="Mean Maximum Temperature" units="°C">26.7</meanmaxtemp>
        <meanmintemp description="Mean Minimum Temperature" units="°C">13.7</meanmintemp>
        <meanmonthtemp description="Mean Temperature" units="°C">20.2</meanmonthtemp>
        <extrmaxtemp description="Extreme Maximum Temperature" flag="S" units="°C">34.4</extrmaxtemp>
        <extrmintemp description="Extreme Minimum Temperature" units="°C">6.7</extrmintemp>
        <totrain description="Total Rain" units="mm">110.0</totrain>
        <totsnow description="Total Snow" units="cm">0.0</totsnow>
        <totprecip description="Total Precipitation" units="mm">110.0</totprecip>
        <grndsnowlastday description="Snow on the Ground on the Last Day" units="cm"></grndsnowlastday>
        <dirmaxgust description="Direction of Maximum Gust" units="10's Deg"></dirmaxgust>
        <speedmaxgust description="Speed of Maximum Gust" units="km/h"></speedmaxgust>
    </stationdata>
    <stationdata month="8" year="1942">
        <meanmaxtemp description="Mean Maximum Temperature" units="°C">25.7</meanmaxtemp>
        <meanmintemp description="Mean Minimum Temperature" units="°C">13.6</meanmintemp>
        <meanmonthtemp description="Mean Temperature" units="°C">19.7</meanmonthtemp>
        <extrmaxtemp description="Extreme Maximum Temperature" flag="S" units="°C">32.2</extrmaxtemp>
        <extrmintemp description="Extreme Minimum Temperature" units="°C">2.8</extrmintemp>
        <totrain description="Total Rain" units="mm">28.7</totrain>
        <totsnow description="Total Snow" units="cm">0.0</totsnow>
        <totprecip description="Total Precipitation" units="mm">28.7</totprecip>
        <grndsnowlastday description="Snow on the Ground on the Last Day" units="cm"></grndsnowlastday>
        <dirmaxgust description="Direction of Maximum Gust" units="10's Deg"></dirmaxgust>
        <speedmaxgust description="Speed of Maximum Gust" units="km/h"></speedmaxgust>
    </stationdata>
    <stationdata month="9" year="1942">
        <meanmaxtemp description="Mean Maximum Temperature" units="°C">20.9</meanmaxtemp>
        <meanmintemp description="Mean Minimum Temperature" units="°C">9.3</meanmintemp>
        <meanmonthtemp description="Mean Temperature" units="°C">15.1</meanmonthtemp>
        <extrmaxtemp description="Extreme Maximum Temperature" flag="S" units="°C">30.6</extrmaxtemp>
        <extrmintemp description="Extreme Minimum Temperature" units="°C">-1.1</extrmintemp>
        <totrain description="Total Rain" units="mm">99.8</totrain>
        <totsnow description="Total Snow" units="cm">0.0</totsnow>
        <totprecip description="Total Precipitation" units="mm">99.8</totprecip>
        <grndsnowlastday description="Snow on the Ground on the Last Day" units="cm"></grndsnowlastday>
        <dirmaxgust description="Direction of Maximum Gust" units="10's Deg"></dirmaxgust>
        <speedmaxgust description="Speed of Maximum Gust" units="km/h"></speedmaxgust>
    </stationdata>
    <stationdata month="10" year="1942">
        <meanmaxtemp description="Mean Maximum Temperature" units="°C">14.6</meanmaxtemp>
        <meanmintemp description="Mean Minimum Temperature" units="°C">4.3</meanmintemp>
        <meanmonthtemp description="Mean Temperature" units="°C">9.5</meanmonthtemp>
        <extrmaxtemp description="Extreme Maximum Temperature" units="°C">23.9</extrmaxtemp>
        <extrmintemp description="Extreme Minimum Temperature" flag="S" units="°C">-1.7</extrmintemp>
        <totrain description="Total Rain" units="mm">56.4</totrain>
        <totsnow description="Total Snow" flag="T" units="cm">0.0</totsnow>
        <totprecip description="Total Precipitation" units="mm">56.4</totprecip>
        <grndsnowlastday description="Snow on the Ground on the Last Day" units="cm"></grndsnowlastday>
        <dirmaxgust description="Direction of Maximum Gust" units="10's Deg"></dirmaxgust>
        <speedmaxgust description="Speed of Maximum Gust" units="km/h"></speedmaxgust>
    </stationdata>
    <stationdata month="11" year="1942">
        <meanmaxtemp description="Mean Maximum Temperature" units="°C">7.2</meanmaxtemp>
        <meanmintemp description="Mean Minimum Temperature" units="°C">-1.6</meanmintemp>
        <meanmonthtemp description="Mean Temperature" units="°C">2.8</meanmonthtemp>
        <extrmaxtemp description="Extreme Maximum Temperature" units="°C">17.2</extrmaxtemp>
        <extrmintemp description="Extreme Minimum Temperature" units="°C">-13.3</extrmintemp>
        <totrain description="Total Rain" units="mm">58.4</totrain>
        <totsnow description="Total Snow" units="cm">19.6</totsnow>
        <totprecip description="Total Precipitation" units="mm">78.0</totprecip>
        <grndsnowlastday description="Snow on the Ground on the Last Day" units="cm"></grndsnowlastday>
        <dirmaxgust description="Direction of Maximum Gust" units="10's Deg"></dirmaxgust>
        <speedmaxgust description="Speed of Maximum Gust" units="km/h"></speedmaxgust>
    </stationdata>
    <stationdata month="12" year="1942">
        <meanmaxtemp description="Mean Maximum Temperature" units="°C">-1.8</meanmaxtemp>
        <meanmintemp description="Mean Minimum Temperature" units="°C">-9.4</meanmintemp>
        <meanmonthtemp description="Mean Temperature" units="°C">-5.6</meanmonthtemp>
        <extrmaxtemp description="Extreme Maximum Temperature" flag="S" units="°C">3.3</extrmaxtemp>
        <extrmintemp description="Extreme Minimum Temperature" units="°C">-31.1</extrmintemp>
        <totrain description="Total Rain" units="mm">56.4</totrain>
        <totsnow description="Total Snow" units="cm">53.6</totsnow>
        <totprecip description="Total Precipitation" units="mm">110.0</totprecip>
        <grndsnowlastday description="Snow on the Ground on the Last Day" units="cm"></grndsnowlastday>
        <dirmaxgust description="Direction of Maximum Gust" units="10's Deg"></dirmaxgust>
        <speedmaxgust description="Speed of Maximum Gust" units="km/h"></speedmaxgust>
    </stationdata>
    <stationdata month="1" year="1943">
        <meanmaxtemp description="Mean Maximum Temperature" units="°C">-4.9</meanmaxtemp>
        <meanmintemp description="Mean Minimum Temperature" units="°C">-13.3</meanmintemp>
        <meanmonthtemp description="Mean Temperature" units="°C">-9.1</meanmonthtemp>
        <extrmaxtemp description="Extreme Maximum Temperature" units="°C">3.3</extrmaxtemp>
        <extrmintemp description="Extreme Minimum Temperature" units="°C">-27.2</extrmintemp>
        <totrain description="Total Rain" units="mm">2.5</totrain>
        <totsnow description="Total Snow" units="cm">68.3</totsnow>
        <totprecip description="Total Precipitation" units="mm">70.9</totprecip>
        <grndsnowlastday description="Snow on the Ground on the Last Day" units="cm"></grndsnowlastday>
        <dirmaxgust description="Direction of Maximum Gust" units="10's Deg"></dirmaxgust>
        <speedmaxgust description="Speed of Maximum Gust" units="km/h"></speedmaxgust>
    </stationdata>
    <stationdata month="2" year="1943">
        <meanmaxtemp description="Mean Maximum Temperature" units="°C">-0.5</meanmaxtemp>
        <meanmintemp description="Mean Minimum Temperature" units="°C">-9.9</meanmintemp>
        <meanmonthtemp description="Mean Temperature" units="°C">-5.2</meanmonthtemp>
        <extrmaxtemp description="Extreme Maximum Temperature" units="°C">9.4</extrmaxtemp>
        <extrmintemp description="Extreme Minimum Temperature" units="°C">-31.1</extrmintemp>
        <totrain description="Total Rain" units="mm">32.3</totrain>
        <totsnow description="Total Snow" units="cm">16.5</totsnow>
        <totprecip description="Total Precipitation" units="mm">48.8</totprecip>
        <grndsnowlastday description="Snow on the Ground on the Last Day" units="cm"></grndsnowlastday>
        <dirmaxgust description="Direction of Maximum Gust" units="10's Deg"></dirmaxgust>
        <speedmaxgust description="Speed of Maximum Gust" units="km/h"></speedmaxgust>
    </stationdata>
    <stationdata month="3" year="1943">
        <meanmaxtemp description="Mean Maximum Temperature" units="°C">1.8</meanmaxtemp>
        <meanmintemp description="Mean Minimum Temperature" units="°C">-8.0</meanmintemp>
        <meanmonthtemp description="Mean Temperature" units="°C">-3.1</meanmonthtemp>
        <extrmaxtemp description="Extreme Maximum Temperature" units="°C">15.0</extrmaxtemp>
        <extrmintemp description="Extreme Minimum Temperature" units="°C">-25.6</extrmintemp>
        <totrain description="Total Rain" units="mm">67.1</totrain>
        <totsnow description="Total Snow" units="cm">18.3</totsnow>
        <totprecip description="Total Precipitation" units="mm">85.3</totprecip>
        <grndsnowlastday description="Snow on the Ground on the Last Day" units="cm"></grndsnowlastday>
        <dirmaxgust description="Direction of Maximum Gust" units="10's Deg"></dirmaxgust>
        <speedmaxgust description="Speed of Maximum Gust" units="km/h"></speedmaxgust>
    </stationdata>
    <stationdata month="4" year="1943">
        <meanmaxtemp description="Mean Maximum Temperature" units="°C">7.3</meanmaxtemp>
        <meanmintemp description="Mean Minimum Temperature" units="°C">-1.7</meanmintemp>
        <meanmonthtemp description="Mean Temperature" units="°C">2.8</meanmonthtemp>
        <extrmaxtemp description="Extreme Maximum Temperature" units="°C">21.7</extrmaxtemp>
        <extrmintemp description="Extreme Minimum Temperature" units="°C">-9.4</extrmintemp>
        <totrain description="Total Rain" units="mm">50.8</totrain>
        <totsnow description="Total Snow" units="cm">5.8</totsnow>
        <totprecip description="Total Precipitation" units="mm">56.6</totprecip>
        <grndsnowlastday description="Snow on the Ground on the Last Day" units="cm"></grndsnowlastday>
        <dirmaxgust description="Direction of Maximum Gust" units="10's Deg"></dirmaxgust>
        <speedmaxgust description="Speed of Maximum Gust" units="km/h"></speedmaxgust>
    </stationdata>
    <stationdata month="5" year="1943">
        <meanmaxtemp description="Mean Maximum Temperature" units="°C">17.2</meanmaxtemp>
        <meanmintemp description="Mean Minimum Temperature" units="°C">6.9</meanmintemp>
        <meanmonthtemp description="Mean Temperature" units="°C">12.1</meanmonthtemp>
        <extrmaxtemp description="Extreme Maximum Temperature" units="°C">27.2</extrmaxtemp>
        <extrmintemp description="Extreme Minimum Temperature" units="°C">-2.2</extrmintemp>
        <totrain description="Total Rain" units="mm">104.4</totrain>
        <totsnow description="Total Snow" units="cm">0.0</totsnow>
        <totprecip description="Total Precipitation" units="mm">104.4</totprecip>
        <grndsnowlastday description="Snow on the Ground on the Last Day" units="cm"></grndsnowlastday>
        <dirmaxgust description="Direction of Maximum Gust" units="10's Deg"></dirmaxgust>
        <speedmaxgust description="Speed of Maximum Gust" units="km/h"></speedmaxgust>
    </stationdata>
    <stationdata month="6" year="1943">
        <meanmaxtemp description="Mean Maximum Temperature" units="°C">26.4</meanmaxtemp>
        <meanmintemp description="Mean Minimum Temperature" units="°C">13.8</meanmintemp>
        <meanmonthtemp description="Mean Temperature" units="°C">20.1</meanmonthtemp>
        <extrmaxtemp description="Extreme Maximum Temperature" units="°C">34.4</extrmaxtemp>
        <extrmintemp description="Extreme Minimum Temperature" units="°C">6.1</extrmintemp>
        <totrain description="Total Rain" units="mm">45.2</totrain>
        <totsnow description="Total Snow" units="cm">0.0</totsnow>
        <totprecip description="Total Precipitation" units="mm">45.2</totprecip>
        <grndsnowlastday description="Snow on the Ground on the Last Day" units="cm"></grndsnowlastday>
        <dirmaxgust description="Direction of Maximum Gust" units="10's Deg"></dirmaxgust>
        <speedmaxgust description="Speed of Maximum Gust" units="km/h"></speedmaxgust>
    </stationdata>
    <stationdata month="7" year="1943">
        <meanmaxtemp description="Mean Maximum Temperature" units="°C">27.1</meanmaxtemp>
        <meanmintemp description="Mean Minimum Temperature" units="°C">14.8</meanmintemp>
        <meanmonthtemp description="Mean Temperature" units="°C">21.0</meanmonthtemp>
        <extrmaxtemp description="Extreme Maximum Temperature" units="°C">31.7</extrmaxtemp>
        <extrmintemp description="Extreme Minimum Temperature" flag="S" units="°C">6.7</extrmintemp>
        <totrain description="Total Rain" units="mm">86.6</totrain>
        <totsnow description="Total Snow" units="cm">0.0</totsnow>
        <totprecip description="Total Precipitation" units="mm">86.6</totprecip>
        <grndsnowlastday description="Snow on the Ground on the Last Day" units="cm"></grndsnowlastday>
        <dirmaxgust description="Direction of Maximum Gust" units="10's Deg"></dirmaxgust>
        <speedmaxgust description="Speed of Maximum Gust" units="km/h"></speedmaxgust>
    </stationdata>
    <stationdata month="8" year="1943">
        <meanmaxtemp description="Mean Maximum Temperature" units="°C">25.8</meanmaxtemp>
        <meanmintemp description="Mean Minimum Temperature" units="°C">13.9</meanmintemp>
        <meanmonthtemp description="Mean Temperature" units="°C">19.9</meanmonthtemp>
        <extrmaxtemp description="Extreme Maximum Temperature" flag="S" units="°C">32.8</extrmaxtemp>
        <extrmintemp description="Extreme Minimum Temperature" units="°C">7.2</extrmintemp>
        <totrain description="Total Rain" units="mm">49.3</totrain>
        <totsnow description="Total Snow" units="cm">0.0</totsnow>
        <totprecip description="Total Precipitation" units="mm">49.3</totprecip>
        <grndsnowlastday description="Snow on the Ground on the Last Day" units="cm"></grndsnowlastday>
        <dirmaxgust description="Direction of Maximum Gust" units="10's Deg"></dirmaxgust>
        <speedmaxgust description="Speed of Maximum Gust" units="km/h"></speedmaxgust>
    </stationdata>
    <stationdata month="9" year="1943">
        <meanmaxtemp description="Mean Maximum Temperature" units="°C">20.6</meanmaxtemp>
        <meanmintemp description="Mean Minimum Temperature" units="°C">8.4</meanmintemp>
        <meanmonthtemp description="Mean Temperature" units="°C">14.5</meanmonthtemp>
        <extrmaxtemp description="Extreme Maximum Temperature" units="°C">34.4</extrmaxtemp>
        <extrmintemp description="Extreme Minimum Temperature" units="°C">-1.1</extrmintemp>
        <totrain description="Total Rain" units="mm">35.1</totrain>
        <totsnow description="Total Snow" units="cm">0.0</totsnow>
        <totprecip description="Total Precipitation" units="mm">35.1</totprecip>
        <grndsnowlastday description="Snow on the Ground on the Last Day" units="cm"></grndsnowlastday>
        <dirmaxgust description="Direction of Maximum Gust" units="10's Deg"></dirmaxgust>
        <speedmaxgust description="Speed of Maximum Gust" units="km/h"></speedmaxgust>
    </stationdata>
    <stationdata month="10" year="1943">
        <meanmaxtemp description="Mean Maximum Temperature" units="°C">13.6</meanmaxtemp>
        <meanmintemp description="Mean Minimum Temperature" units="°C">2.9</meanmintemp>
        <meanmonthtemp description="Mean Temperature" units="°C">8.3</meanmonthtemp>
        <extrmaxtemp description="Extreme Maximum Temperature" flag="S" units="°C">25.6</extrmaxtemp>
        <extrmintemp description="Extreme Minimum Temperature" units="°C">-2.8</extrmintemp>
        <totrain description="Total Rain" units="mm">73.4</totrain>
        <totsnow description="Total Snow" flag="T" units="cm">0.0</totsnow>
        <totprecip description="Total Precipitation" units="mm">73.4</totprecip>
        <grndsnowlastday description="Snow on the Ground on the Last Day" units="cm"></grndsnowlastday>
        <dirmaxgust description="Direction of Maximum Gust" units="10's Deg"></dirmaxgust>
        <speedmaxgust description="Speed of Maximum Gust" units="km/h"></speedmaxgust>
    </stationdata>
    <stationdata month="11" year="1943">
        <meanmaxtemp description="Mean Maximum Temperature" units="°C">5.2</meanmaxtemp>
        <meanmintemp description="Mean Minimum Temperature" units="°C">-1.4</meanmintemp>
        <meanmonthtemp description="Mean Temperature" units="°C">1.9</meanmonthtemp>
        <extrmaxtemp description="Extreme Maximum Temperature" units="°C">12.8</extrmaxtemp>
        <extrmintemp description="Extreme Minimum Temperature" units="°C">-9.4</extrmintemp>
        <totrain description="Total Rain" units="mm">29.2</totrain>
        <totsnow description="Total Snow" units="cm">11.4</totsnow>
        <totprecip description="Total Precipitation" units="mm">40.6</totprecip>
        <grndsnowlastday description="Snow on the Ground on the Last Day" units="cm"></grndsnowlastday>
        <dirmaxgust description="Direction of Maximum Gust" units="10's Deg"></dirmaxgust>
        <speedmaxgust description="Speed of Maximum Gust" units="km/h"></speedmaxgust>
    </stationdata>
    <stationdata month="12" year="1943">
        <meanmaxtemp description="Mean Maximum Temperature" units="°C">-0.2</meanmaxtemp>
        <meanmintemp description="Mean Minimum Temperature" units="°C">-9.3</meanmintemp>
        <meanmonthtemp description="Mean Temperature" units="°C">-4.8</meanmonthtemp>
        <extrmaxtemp description="Extreme Maximum Temperature" units="°C">6.7</extrmaxtemp>
        <extrmintemp description="Extreme Minimum Temperature" units="°C">-23.9</extrmintemp>
        <totrain description="Total Rain" units="mm">10.7</totrain>
        <totsnow description="Total Snow" units="cm">4.8</totsnow>
        <totprecip description="Total Precipitation" units="mm">15.5</totprecip>
        <grndsnowlastday description="Snow on the Ground on the Last Day" units="cm"></grndsnowlastday>
        <dirmaxgust description="Direction of Maximum Gust" units="10's Deg"></dirmaxgust>
        <speedmaxgust description="Speed of Maximum Gust" units="km/h"></speedmaxgust>
    </stationdata>
    <stationdata month="1" year="1944">
        <meanmaxtemp description="Mean Maximum Temperature" units="°C">1.4</meanmaxtemp>
        <meanmintemp description="Mean Minimum Temperature" units="°C">-6.8</meanmintemp>
        <meanmonthtemp description="Mean Temperature" units="°C">-2.7</meanmonthtemp>
        <extrmaxtemp description="Extreme Maximum Temperature" units="°C">12.8</extrmaxtemp>
        <extrmintemp description="Extreme Minimum Temperature" units="°C">-19.4</extrmintemp>
        <totrain description="Total Rain" units="mm">10.4</totrain>
        <totsnow description="Total Snow" units="cm">9.7</totsnow>
        <totprecip description="Total Precipitation" units="mm">20.1</totprecip>
        <grndsnowlastday description="Snow on the Ground on the Last Day" units="cm"></grndsnowlastday>
        <dirmaxgust description="Direction of Maximum Gust" units="10's Deg"></dirmaxgust>
        <speedmaxgust description="Speed of Maximum Gust" units="km/h"></speedmaxgust>
    </stationdata>
    <stationdata month="2" year="1944">
        <meanmaxtemp description="Mean Maximum Temperature" units="°C">-1.4</meanmaxtemp>
        <meanmintemp description="Mean Minimum Temperature" units="°C">-10.6</meanmintemp>
        <meanmonthtemp description="Mean Temperature" units="°C">-6.0</meanmonthtemp>
        <extrmaxtemp description="Extreme Maximum Temperature" units="°C">7.8</extrmaxtemp>
        <extrmintemp description="Extreme Minimum Temperature" units="°C">-28.3</extrmintemp>
        <totrain description="Total Rain" units="mm">5.8</totrain>
        <totsnow description="Total Snow" units="cm">57.4</totsnow>
        <totprecip description="Total Precipitation" units="mm">63.2</totprecip>
        <grndsnowlastday description="Snow on the Ground on the Last Day" units="cm"></grndsnowlastday>
        <dirmaxgust description="Direction of Maximum Gust" units="10's Deg"></dirmaxgust>
        <speedmaxgust description="Speed of Maximum Gust" units="km/h"></speedmaxgust>
    </stationdata>
    <stationdata month="3" year="1944">
        <meanmaxtemp description="Mean Maximum Temperature" units="°C">0.3</meanmaxtemp>
        <meanmintemp description="Mean Minimum Temperature" units="°C">-7.4</meanmintemp>
        <meanmonthtemp description="Mean Temperature" units="°C">-3.6</meanmonthtemp>
        <extrmaxtemp description="Extreme Maximum Temperature" units="°C">11.7</extrmaxtemp>
        <extrmintemp description="Extreme Minimum Temperature" units="°C">-21.7</extrmintemp>
        <totrain description="Total Rain" units="mm">53.3</totrain>
        <totsnow description="Total Snow" units="cm">28.2</totsnow>
        <totprecip description="Total Precipitation" units="mm">81.5</totprecip>
        <grndsnowlastday description="Snow on the Ground on the Last Day" units="cm"></grndsnowlastday>
        <dirmaxgust description="Direction of Maximum Gust" units="10's Deg"></dirmaxgust>
        <speedmaxgust description="Speed of Maximum Gust" units="km/h"></speedmaxgust>
    </stationdata>
    <stationdata month="4" year="1944">
        <meanmaxtemp description="Mean Maximum Temperature" units="°C">8.9</meanmaxtemp>
        <meanmintemp description="Mean Minimum Temperature" units="°C">-0.4</meanmintemp>
        <meanmonthtemp description="Mean Temperature" units="°C">4.3</meanmonthtemp>
        <extrmaxtemp description="Extreme Maximum Temperature" units="°C">23.3</extrmaxtemp>
        <extrmintemp description="Extreme Minimum Temperature" units="°C">-7.8</extrmintemp>
        <totrain description="Total Rain" units="mm">71.1</totrain>
        <totsnow description="Total Snow" units="cm">11.7</totsnow>
        <totprecip description="Total Precipitation" units="mm">82.8</totprecip>
        <grndsnowlastday description="Snow on the Ground on the Last Day" units="cm"></grndsnowlastday>
        <dirmaxgust description="Direction of Maximum Gust" units="10's Deg"></dirmaxgust>
        <speedmaxgust description="Speed of Maximum Gust" units="km/h"></speedmaxgust>
    </stationdata>
    <stationdata month="5" year="1944">
        <meanmaxtemp description="Mean Maximum Temperature" units="°C">21.1</meanmaxtemp>
        <meanmintemp description="Mean Minimum Temperature" units="°C">9.3</meanmintemp>
        <meanmonthtemp description="Mean Temperature" units="°C">15.2</meanmonthtemp>
        <extrmaxtemp description="Extreme Maximum Temperature" units="°C">31.1</extrmaxtemp>
        <extrmintemp description="Extreme Minimum Temperature" flag="S" units="°C">2.8</extrmintemp>
        <totrain description="Total Rain" units="mm">137.9</totrain>
        <totsnow description="Total Snow" units="cm">0.0</totsnow>
        <totprecip description="Total Precipitation" units="mm">137.9</totprecip>
        <grndsnowlastday description="Snow on the Ground on the Last Day" units="cm"></grndsnowlastday>
        <dirmaxgust description="Direction of Maximum Gust" units="10's Deg"></dirmaxgust>
        <speedmaxgust description="Speed of Maximum Gust" units="km/h"></speedmaxgust>
    </stationdata>
    <stationdata month="6" year="1944">
        <meanmaxtemp description="Mean Maximum Temperature" units="°C">24.1</meanmaxtemp>
        <meanmintemp description="Mean Minimum Temperature" units="°C">13.1</meanmintemp>
        <meanmonthtemp description="Mean Temperature" units="°C">18.6</meanmonthtemp>
        <extrmaxtemp description="Extreme Maximum Temperature" units="°C">34.4</extrmaxtemp>
        <extrmintemp description="Extreme Minimum Temperature" flag="S" units="°C">6.7</extrmintemp>
        <totrain description="Total Rain" units="mm">102.4</totrain>
        <totsnow description="Total Snow" units="cm">0.0</totsnow>
        <totprecip description="Total Precipitation" units="mm">102.4</totprecip>
        <grndsnowlastday description="Snow on the Ground on the Last Day" units="cm"></grndsnowlastday>
        <dirmaxgust description="Direction of Maximum Gust" units="10's Deg"></dirmaxgust>
        <speedmaxgust description="Speed of Maximum Gust" units="km/h"></speedmaxgust>
    </stationdata>
    <stationdata month="7" year="1944">
        <meanmaxtemp description="Mean Maximum Temperature" units="°C">27.4</meanmaxtemp>
        <meanmintemp description="Mean Minimum Temperature" units="°C">14.5</meanmintemp>
        <meanmonthtemp description="Mean Temperature" units="°C">21.0</meanmonthtemp>
        <extrmaxtemp description="Extreme Maximum Temperature" units="°C">31.7</extrmaxtemp>
        <extrmintemp description="Extreme Minimum Temperature" units="°C">9.4</extrmintemp>
        <totrain description="Total Rain" units="mm">90.2</totrain>
        <totsnow description="Total Snow" units="cm">0.0</totsnow>
        <totprecip description="Total Precipitation" units="mm">90.2</totprecip>
        <grndsnowlastday description="Snow on the Ground on the Last Day" units="cm"></grndsnowlastday>
        <dirmaxgust description="Direction of Maximum Gust" units="10's Deg"></dirmaxgust>
        <speedmaxgust description="Speed of Maximum Gust" units="km/h"></speedmaxgust>
    </stationdata>
    <stationdata month="8" year="1944">
        <meanmaxtemp description="Mean Maximum Temperature" units="°C">27.9</meanmaxtemp>
        <meanmintemp description="Mean Minimum Temperature" units="°C">14.7</meanmintemp>
        <meanmonthtemp description="Mean Temperature" units="°C">21.3</meanmonthtemp>
        <extrmaxtemp description="Extreme Maximum Temperature" units="°C">36.1</extrmaxtemp>
        <extrmintemp description="Extreme Minimum Temperature" units="°C">7.8</extrmintemp>
        <totrain description="Total Rain" units="mm">54.9</totrain>
        <totsnow description="Total Snow" units="cm">0.0</totsnow>
        <totprecip description="Total Precipitation" units="mm">54.9</totprecip>
        <grndsnowlastday description="Snow on the Ground on the Last Day" units="cm"></grndsnowlastday>
        <dirmaxgust description="Direction of Maximum Gust" units="10's Deg"></dirmaxgust>
        <speedmaxgust description="Speed of Maximum Gust" units="km/h"></speedmaxgust>
    </stationdata>
    <stationdata month="9" year="1944">
        <meanmaxtemp description="Mean Maximum Temperature" units="°C">21.2</meanmaxtemp>
        <meanmintemp description="Mean Minimum Temperature" units="°C">10.3</meanmintemp>
        <meanmonthtemp description="Mean Temperature" units="°C">15.8</meanmonthtemp>
        <extrmaxtemp description="Extreme Maximum Temperature" units="°C">28.3</extrmaxtemp>
        <extrmintemp description="Extreme Minimum Temperature" units="°C">0.0</extrmintemp>
        <totrain description="Total Rain" units="mm">64.0</totrain>
        <totsnow description="Total Snow" units="cm">0.0</totsnow>
        <totprecip description="Total Precipitation" units="mm">64.0</totprecip>
        <grndsnowlastday description="Snow on the Ground on the Last Day" units="cm"></grndsnowlastday>
        <dirmaxgust description="Direction of Maximum Gust" units="10's Deg"></dirmaxgust>
        <speedmaxgust description="Speed of Maximum Gust" units="km/h"></speedmaxgust>
    </stationdata>
    <stationdata month="10" year="1944">
        <meanmaxtemp description="Mean Maximum Temperature" units="°C">14.9</meanmaxtemp>
        <meanmintemp description="Mean Minimum Temperature" units="°C">2.9</meanmintemp>
        <meanmonthtemp description="Mean Temperature" units="°C">8.9</meanmonthtemp>
        <extrmaxtemp description="Extreme Maximum Temperature" units="°C">24.4</extrmaxtemp>
        <extrmintemp description="Extreme Minimum Temperature" units="°C">-6.1</extrmintemp>
        <totrain description="Total Rain" units="mm">17.5</totrain>
        <totsnow description="Total Snow" units="cm">0.0</totsnow>
        <totprecip description="Total Precipitation" units="mm">17.5</totprecip>
        <grndsnowlastday description="Snow on the Ground on the Last Day" units="cm"></grndsnowlastday>
        <dirmaxgust description="Direction of Maximum Gust" units="10's Deg"></dirmaxgust>
        <speedmaxgust description="Speed of Maximum Gust" units="km/h"></speedmaxgust>
    </stationdata>
    <stationdata month="11" year="1944">
        <meanmaxtemp description="Mean Maximum Temperature" units="°C">6.8</meanmaxtemp>
        <meanmintemp description="Mean Minimum Temperature" units="°C">-0.2</meanmintemp>
        <meanmonthtemp description="Mean Temperature" units="°C">3.3</meanmonthtemp>
        <extrmaxtemp description="Extreme Maximum Temperature" units="°C">21.1</extrmaxtemp>
        <extrmintemp description="Extreme Minimum Temperature" units="°C">-7.8</extrmintemp>
        <totrain description="Total Rain" units="mm">30.5</totrain>
        <totsnow description="Total Snow" units="cm">12.2</totsnow>
        <totprecip description="Total Precipitation" units="mm">42.7</totprecip>
        <grndsnowlastday description="Snow on the Ground on the Last Day" units="cm"></grndsnowlastday>
        <dirmaxgust description="Direction of Maximum Gust" units="10's Deg"></dirmaxgust>
        <speedmaxgust description="Speed of Maximum Gust" units="km/h"></speedmaxgust>
    </stationdata>
    <stationdata month="12" year="1944">
        <meanmaxtemp description="Mean Maximum Temperature" units="°C">-1.6</meanmaxtemp>
        <meanmintemp description="Mean Minimum Temperature" units="°C">-9.7</meanmintemp>
        <meanmonthtemp description="Mean Temperature" units="°C">-5.7</meanmonthtemp>
        <extrmaxtemp description="Extreme Maximum Temperature" units="°C">7.8</extrmaxtemp>
        <extrmintemp description="Extreme Minimum Temperature" units="°C">-22.8</extrmintemp>
        <totrain description="Total Rain" units="mm">6.1</totrain>
        <totsnow description="Total Snow" units="cm">64.5</totsnow>
        <totprecip description="Total Precipitation" units="mm">70.6</totprecip>
        <grndsnowlastday description="Snow on the Ground on the Last Day" units="cm"></grndsnowlastday>
        <dirmaxgust description="Direction of Maximum Gust" units="10's Deg"></dirmaxgust>
        <speedmaxgust description="Speed of Maximum Gust" units="km/h"></speedmaxgust>
    </stationdata>
    <stationdata month="1" year="1945">
        <meanmaxtemp description="Mean Maximum Temperature" units="°C">-7.2</meanmaxtemp>
        <meanmintemp description="Mean Minimum Temperature" units="°C">-16.6</meanmintemp>
        <meanmonthtemp description="Mean Temperature" units="°C">-11.9</meanmonthtemp>
        <extrmaxtemp description="Extreme Maximum Temperature" units="°C">2.2</extrmaxtemp>
        <extrmintemp description="Extreme Minimum Temperature" units="°C">-29.4</extrmintemp>
        <totrain description="Total Rain" units="mm">0.3</totrain>
        <totsnow description="Total Snow" units="cm">39.9</totsnow>
        <totprecip description="Total Precipitation" units="mm">40.1</totprecip>
        <grndsnowlastday description="Snow on the Ground on the Last Day" units="cm"></grndsnowlastday>
        <dirmaxgust description="Direction of Maximum Gust" units="10's Deg"></dirmaxgust>
        <speedmaxgust description="Speed of Maximum Gust" units="km/h"></speedmaxgust>
    </stationdata>
    <stationdata month="2" year="1945">
        <meanmaxtemp description="Mean Maximum Temperature" units="°C">-1.3</meanmaxtemp>
        <meanmintemp description="Mean Minimum Temperature" units="°C">-10.7</meanmintemp>
        <meanmonthtemp description="Mean Temperature" units="°C">-6.0</meanmonthtemp>
        <extrmaxtemp description="Extreme Maximum Temperature" units="°C">5.0</extrmaxtemp>
        <extrmintemp description="Extreme Minimum Temperature" units="°C">-22.2</extrmintemp>
        <totrain description="Total Rain" units="mm">13.2</totrain>
        <totsnow description="Total Snow" units="cm">34.5</totsnow>
        <totprecip description="Total Precipitation" units="mm">47.8</totprecip>
        <grndsnowlastday description="Snow on the Ground on the Last Day" units="cm"></grndsnowlastday>
        <dirmaxgust description="Direction of Maximum Gust" units="10's Deg"></dirmaxgust>
        <speedmaxgust description="Speed of Maximum Gust" units="km/h"></speedmaxgust>
    </stationdata>
    <stationdata month="3" year="1945">
        <meanmaxtemp description="Mean Maximum Temperature" units="°C">10.4</meanmaxtemp>
        <meanmintemp description="Mean Minimum Temperature" units="°C">-0.3</meanmintemp>
        <meanmonthtemp description="Mean Temperature" units="°C">5.1</meanmonthtemp>
        <extrmaxtemp description="Extreme Maximum Temperature" units="°C">25.6</extrmaxtemp>
        <extrmintemp description="Extreme Minimum Temperature" flag="S" units="°C">-9.4</extrmintemp>
        <totrain description="Total Rain" units="mm">110.7</totrain>
        <totsnow description="Total Snow" units="cm">3.3</totsnow>
        <totprecip description="Total Precipitation" units="mm">114.0</totprecip>
        <grndsnowlastday description="Snow on the Ground on the Last Day" units="cm"></grndsnowlastday>
        <dirmaxgust description="Direction of Maximum Gust" units="10's Deg"></dirmaxgust>
        <speedmaxgust description="Speed of Maximum Gust" units="km/h"></speedmaxgust>
    </stationdata>
    <stationdata month="4" year="1945">
        <meanmaxtemp description="Mean Maximum Temperature" units="°C">12.9</meanmaxtemp>
        <meanmintemp description="Mean Minimum Temperature" units="°C">2.4</meanmintemp>
        <meanmonthtemp description="Mean Temperature" units="°C">7.7</meanmonthtemp>
        <extrmaxtemp description="Extreme Maximum Temperature" units="°C">25.0</extrmaxtemp>
        <extrmintemp description="Extreme Minimum Temperature" flag="S" units="°C">-3.9</extrmintemp>
        <totrain description="Total Rain" units="mm">75.7</totrain>
        <totsnow description="Total Snow" units="cm">7.4</totsnow>
        <totprecip description="Total Precipitation" units="mm">83.1</totprecip>
        <grndsnowlastday description="Snow on the Ground on the Last Day" units="cm"></grndsnowlastday>
        <dirmaxgust description="Direction of Maximum Gust" units="10's Deg"></dirmaxgust>
        <speedmaxgust description="Speed of Maximum Gust" units="km/h"></speedmaxgust>
    </stationdata>
    <stationdata month="5" year="1945">
        <meanmaxtemp description="Mean Maximum Temperature" units="°C">14.3</meanmaxtemp>
        <meanmintemp description="Mean Minimum Temperature" units="°C">4.5</meanmintemp>
        <meanmonthtemp description="Mean Temperature" units="°C">9.4</meanmonthtemp>
        <extrmaxtemp description="Extreme Maximum Temperature" units="°C">25.0</extrmaxtemp>
        <extrmintemp description="Extreme Minimum Temperature" units="°C">-0.6</extrmintemp>
        <totrain description="Total Rain" units="mm">145.0</totrain>
        <totsnow description="Total Snow" flag="T" units="cm">0.0</totsnow>
        <totprecip description="Total Precipitation" units="mm">145.0</totprecip>
        <grndsnowlastday description="Snow on the Ground on the Last Day" units="cm"></grndsnowlastday>
        <dirmaxgust description="Direction of Maximum Gust" units="10's Deg"></dirmaxgust>
        <speedmaxgust description="Speed of Maximum Gust" units="km/h"></speedmaxgust>
    </stationdata>
    <stationdata month="6" year="1945">
        <meanmaxtemp description="Mean Maximum Temperature" units="°C">22.2</meanmaxtemp>
        <meanmintemp description="Mean Minimum Temperature" units="°C">11.1</meanmintemp>
        <meanmonthtemp description="Mean Temperature" units="°C">16.7</meanmonthtemp>
        <extrmaxtemp description="Extreme Maximum Temperature" units="°C">33.3</extrmaxtemp>
        <extrmintemp description="Extreme Minimum Temperature" units="°C">1.1</extrmintemp>
        <totrain description="Total Rain" units="mm">81.3</totrain>
        <totsnow description="Total Snow" flag="T" units="cm">0.0</totsnow>
        <totprecip description="Total Precipitation" units="mm">81.3</totprecip>
        <grndsnowlastday description="Snow on the Ground on the Last Day" units="cm"></grndsnowlastday>
        <dirmaxgust description="Direction of Maximum Gust" units="10's Deg"></dirmaxgust>
        <speedmaxgust description="Speed of Maximum Gust" units="km/h"></speedmaxgust>
    </stationdata>
    <stationdata month="7" year="1945">
        <meanmaxtemp description="Mean Maximum Temperature" units="°C">25.6</meanmaxtemp>
        <meanmintemp description="Mean Minimum Temperature" units="°C">13.7</meanmintemp>
        <meanmonthtemp description="Mean Temperature" units="°C">19.7</meanmonthtemp>
        <extrmaxtemp description="Extreme Maximum Temperature" units="°C">32.2</extrmaxtemp>
        <extrmintemp description="Extreme Minimum Temperature" units="°C">5.0</extrmintemp>
        <totrain description="Total Rain" units="mm">118.1</totrain>
        <totsnow description="Total Snow" units="cm">0.0</totsnow>
        <totprecip description="Total Precipitation" units="mm">118.1</totprecip>
        <grndsnowlastday description="Snow on the Ground on the Last Day" units="cm"></grndsnowlastday>
        <dirmaxgust description="Direction of Maximum Gust" units="10's Deg"></dirmaxgust>
        <speedmaxgust description="Speed of Maximum Gust" units="km/h"></speedmaxgust>
    </stationdata>
    <stationdata month="8" year="1945">
        <meanmaxtemp description="Mean Maximum Temperature" units="°C">25.6</meanmaxtemp>
        <meanmintemp description="Mean Minimum Temperature" units="°C">14.2</meanmintemp>
        <meanmonthtemp description="Mean Temperature" units="°C">19.9</meanmonthtemp>
        <extrmaxtemp description="Extreme Maximum Temperature" flag="S" units="°C">31.1</extrmaxtemp>
        <extrmintemp description="Extreme Minimum Temperature" units="°C">6.1</extrmintemp>
        <totrain description="Total Rain" units="mm">49.0</totrain>
        <totsnow description="Total Snow" units="cm">0.0</totsnow>
        <totprecip description="Total Precipitation" units="mm">49.0</totprecip>
        <grndsnowlastday description="Snow on the Ground on the Last Day" units="cm"></grndsnowlastday>
        <dirmaxgust description="Direction of Maximum Gust" units="10's Deg"></dirmaxgust>
        <speedmaxgust description="Speed of Maximum Gust" units="km/h"></speedmaxgust>
    </stationdata>
    <stationdata month="9" year="1945">
        <meanmaxtemp description="Mean Maximum Temperature" units="°C">21.2</meanmaxtemp>
        <meanmintemp description="Mean Minimum Temperature" units="°C">10.6</meanmintemp>
        <meanmonthtemp description="Mean Temperature" units="°C">15.9</meanmonthtemp>
        <extrmaxtemp description="Extreme Maximum Temperature" units="°C">31.7</extrmaxtemp>
        <extrmintemp description="Extreme Minimum Temperature" units="°C">0.0</extrmintemp>
        <totrain description="Total Rain" units="mm">128.8</totrain>
        <totsnow description="Total Snow" units="cm">0.0</totsnow>
        <totprecip description="Total Precipitation" units="mm">128.8</totprecip>
        <grndsnowlastday description="Snow on the Ground on the Last Day" units="cm"></grndsnowlastday>
        <dirmaxgust description="Direction of Maximum Gust" units="10's Deg"></dirmaxgust>
        <speedmaxgust description="Speed of Maximum Gust" units="km/h"></speedmaxgust>
    </stationdata>
    <stationdata month="10" year="1945">
        <meanmaxtemp description="Mean Maximum Temperature" units="°C">13.9</meanmaxtemp>
        <meanmintemp description="Mean Minimum Temperature" units="°C">2.8</meanmintemp>
        <meanmonthtemp description="Mean Temperature" units="°C">8.4</meanmonthtemp>
        <extrmaxtemp description="Extreme Maximum Temperature" units="°C">23.3</extrmaxtemp>
        <extrmintemp description="Extreme Minimum Temperature" units="°C">-2.2</extrmintemp>
        <totrain description="Total Rain" units="mm">56.4</totrain>
        <totsnow description="Total Snow" units="cm">0.8</totsnow>
        <totprecip description="Total Precipitation" units="mm">57.2</totprecip>
        <grndsnowlastday description="Snow on the Ground on the Last Day" units="cm"></grndsnowlastday>
        <dirmaxgust description="Direction of Maximum Gust" units="10's Deg"></dirmaxgust>
        <speedmaxgust description="Speed of Maximum Gust" units="km/h"></speedmaxgust>
    </stationdata>
    <stationdata month="11" year="1945">
        <meanmaxtemp description="Mean Maximum Temperature" units="°C">7.2</meanmaxtemp>
        <meanmintemp description="Mean Minimum Temperature" units="°C">-0.6</meanmintemp>
        <meanmonthtemp description="Mean Temperature" units="°C">3.3</meanmonthtemp>
        <extrmaxtemp description="Extreme Maximum Temperature" units="°C">18.9</extrmaxtemp>
        <extrmintemp description="Extreme Minimum Temperature" flag="S" units="°C">-6.7</extrmintemp>
        <totrain description="Total Rain" units="mm">42.2</totrain>
        <totsnow description="Total Snow" units="cm">12.4</totsnow>
        <totprecip description="Total Precipitation" units="mm">54.6</totprecip>
        <grndsnowlastday description="Snow on the Ground on the Last Day" units="cm"></grndsnowlastday>
        <dirmaxgust description="Direction of Maximum Gust" units="10's Deg"></dirmaxgust>
        <speedmaxgust description="Speed of Maximum Gust" units="km/h"></speedmaxgust>
    </stationdata>
    <stationdata month="12" year="1945">
        <meanmaxtemp description="Mean Maximum Temperature" units="°C">-2.0</meanmaxtemp>
        <meanmintemp description="Mean Minimum Temperature" units="°C">-10.2</meanmintemp>
        <meanmonthtemp description="Mean Temperature" units="°C">-6.1</meanmonthtemp>
        <extrmaxtemp description="Extreme Maximum Temperature" units="°C">6.7</extrmaxtemp>
        <extrmintemp description="Extreme Minimum Temperature" units="°C">-21.1</extrmintemp>
        <totrain description="Total Rain" units="mm">28.7</totrain>
        <totsnow description="Total Snow" units="cm">13.0</totsnow>
        <totprecip description="Total Precipitation" units="mm">41.7</totprecip>
        <grndsnowlastday description="Snow on the Ground on the Last Day" units="cm"></grndsnowlastday>
        <dirmaxgust description="Direction of Maximum Gust" units="10's Deg"></dirmaxgust>
        <speedmaxgust description="Speed of Maximum Gust" units="km/h"></speedmaxgust>
    </stationdata>
    <stationdata month="1" year="1946">
        <meanmaxtemp description="Mean Maximum Temperature" units="°C">-0.9</meanmaxtemp>
        <meanmintemp description="Mean Minimum Temperature" units="°C">-9.7</meanmintemp>
        <meanmonthtemp description="Mean Temperature" units="°C">-5.3</meanmonthtemp>
        <extrmaxtemp description="Extreme Maximum Temperature" units="°C">13.9</extrmaxtemp>
        <extrmintemp description="Extreme Minimum Temperature" units="°C">-22.8</extrmintemp>
        <totrain description="Total Rain" units="mm">61.5</totrain>
        <totsnow description="Total Snow" units="cm">36.1</totsnow>
        <totprecip description="Total Precipitation" units="mm">97.5</totprecip>
        <grndsnowlastday description="Snow on the Ground on the Last Day" units="cm"></grndsnowlastday>
        <dirmaxgust description="Direction of Maximum Gust" units="10's Deg"></dirmaxgust>
        <speedmaxgust description="Speed of Maximum Gust" units="km/h"></speedmaxgust>
    </stationdata>
    <stationdata month="2" year="1946">
        <meanmaxtemp description="Mean Maximum Temperature" units="°C">-2.3</meanmaxtemp>
        <meanmintemp description="Mean Minimum Temperature" units="°C">-11.4</meanmintemp>
        <meanmonthtemp description="Mean Temperature" units="°C">-6.9</meanmonthtemp>
        <extrmaxtemp description="Extreme Maximum Temperature" units="°C">7.8</extrmaxtemp>
        <extrmintemp description="Extreme Minimum Temperature" units="°C">-24.4</extrmintemp>
        <totrain description="Total Rain" units="mm">33.5</totrain>
        <totsnow description="Total Snow" units="cm">24.4</totsnow>
        <totprecip description="Total Precipitation" units="mm">57.9</totprecip>
        <grndsnowlastday description="Snow on the Ground on the Last Day" units="cm"></grndsnowlastday>
        <dirmaxgust description="Direction of Maximum Gust" units="10's Deg"></dirmaxgust>
        <speedmaxgust description="Speed of Maximum Gust" units="km/h"></speedmaxgust>
    </stationdata>
    <stationdata month="3" year="1946">
        <meanmaxtemp description="Mean Maximum Temperature" units="°C">10.8</meanmaxtemp>
        <meanmintemp description="Mean Minimum Temperature" units="°C">-0.5</meanmintemp>
        <meanmonthtemp description="Mean Temperature" units="°C">5.2</meanmonthtemp>
        <extrmaxtemp description="Extreme Maximum Temperature" units="°C">25.6</extrmaxtemp>
        <extrmintemp description="Extreme Minimum Temperature" units="°C">-10.0</extrmintemp>
        <totrain description="Total Rain" units="mm">28.4</totrain>
        <totsnow description="Total Snow" flag="T" units="cm">0.0</totsnow>
        <totprecip description="Total Precipitation" units="mm">28.4</totprecip>
        <grndsnowlastday description="Snow on the Ground on the Last Day" units="cm"></grndsnowlastday>
        <dirmaxgust description="Direction of Maximum Gust" units="10's Deg"></dirmaxgust>
        <speedmaxgust description="Speed of Maximum Gust" units="km/h"></speedmaxgust>
    </stationdata>
    <stationdata month="4" year="1946">
        <meanmaxtemp description="Mean Maximum Temperature" units="°C">12.2</meanmaxtemp>
        <meanmintemp description="Mean Minimum Temperature" units="°C">-0.2</meanmintemp>
        <meanmonthtemp description="Mean Temperature" units="°C">6.0</meanmonthtemp>
        <extrmaxtemp description="Extreme Maximum Temperature" units="°C">24.4</extrmaxtemp>
        <extrmintemp description="Extreme Minimum Temperature" units="°C">-5.0</extrmintemp>
        <totrain description="Total Rain" units="mm">14.5</totrain>
        <totsnow description="Total Snow" units="cm">2.5</totsnow>
        <totprecip description="Total Precipitation" units="mm">17.0</totprecip>
        <grndsnowlastday description="Snow on the Ground on the Last Day" units="cm"></grndsnowlastday>
        <dirmaxgust description="Direction of Maximum Gust" units="10's Deg"></dirmaxgust>
        <speedmaxgust description="Speed of Maximum Gust" units="km/h"></speedmaxgust>
    </stationdata>
    <stationdata month="5" year="1946">
        <meanmaxtemp description="Mean Maximum Temperature" units="°C">17.8</meanmaxtemp>
        <meanmintemp description="Mean Minimum Temperature" units="°C">5.3</meanmintemp>
        <meanmonthtemp description="Mean Temperature" units="°C">11.6</meanmonthtemp>
        <extrmaxtemp description="Extreme Maximum Temperature" units="°C">27.2</extrmaxtemp>
        <extrmintemp description="Extreme Minimum Temperature" units="°C">-2.8</extrmintemp>
        <totrain description="Total Rain" units="mm">95.5</totrain>
        <totsnow description="Total Snow" units="cm">0.0</totsnow>
        <totprecip description="Total Precipitation" units="mm">95.5</totprecip>
        <grndsnowlastday description="Snow on the Ground on the Last Day" units="cm"></grndsnowlastday>
        <dirmaxgust description="Direction of Maximum Gust" units="10's Deg"></dirmaxgust>
        <speedmaxgust description="Speed of Maximum Gust" units="km/h"></speedmaxgust>
    </stationdata>
    <stationdata month="6" year="1946">
        <meanmaxtemp description="Mean Maximum Temperature" units="°C">23.4</meanmaxtemp>
        <meanmintemp description="Mean Minimum Temperature" units="°C">10.8</meanmintemp>
        <meanmonthtemp description="Mean Temperature" units="°C">17.1</meanmonthtemp>
        <extrmaxtemp description="Extreme Maximum Temperature" units="°C">32.8</extrmaxtemp>
        <extrmintemp description="Extreme Minimum Temperature" units="°C">3.3</extrmintemp>
        <totrain description="Total Rain" units="mm">43.7</totrain>
        <totsnow description="Total Snow" units="cm">0.0</totsnow>
        <totprecip description="Total Precipitation" units="mm">43.7</totprecip>
        <grndsnowlastday description="Snow on the Ground on the Last Day" units="cm"></grndsnowlastday>
        <dirmaxgust description="Direction of Maximum Gust" units="10's Deg"></dirmaxgust>
        <speedmaxgust description="Speed of Maximum Gust" units="km/h"></speedmaxgust>
    </stationdata>
    <stationdata month="7" year="1946">
        <meanmaxtemp description="Mean Maximum Temperature" units="°C">27.6</meanmaxtemp>
        <meanmintemp description="Mean Minimum Temperature" units="°C">13.2</meanmintemp>
        <meanmonthtemp description="Mean Temperature" units="°C">20.4</meanmonthtemp>
        <extrmaxtemp description="Extreme Maximum Temperature" units="°C">35.6</extrmaxtemp>
        <extrmintemp description="Extreme Minimum Temperature" units="°C">7.8</extrmintemp>
        <totrain description="Total Rain" units="mm">79.2</totrain>
        <totsnow description="Total Snow" units="cm">0.0</totsnow>
        <totprecip description="Total Precipitation" units="mm">79.2</totprecip>
        <grndsnowlastday description="Snow on the Ground on the Last Day" units="cm"></grndsnowlastday>
        <dirmaxgust description="Direction of Maximum Gust" units="10's Deg"></dirmaxgust>
        <speedmaxgust description="Speed of Maximum Gust" units="km/h"></speedmaxgust>
    </stationdata>
    <stationdata month="8" year="1946">
        <meanmaxtemp description="Mean Maximum Temperature" units="°C">24.1</meanmaxtemp>
        <meanmintemp description="Mean Minimum Temperature" units="°C">12.3</meanmintemp>
        <meanmonthtemp description="Mean Temperature" units="°C">18.2</meanmonthtemp>
        <extrmaxtemp description="Extreme Maximum Temperature" units="°C">31.7</extrmaxtemp>
        <extrmintemp description="Extreme Minimum Temperature" units="°C">7.8</extrmintemp>
        <totrain description="Total Rain" units="mm">37.8</totrain>
        <totsnow description="Total Snow" units="cm">0.0</totsnow>
        <totprecip description="Total Precipitation" units="mm">37.8</totprecip>
        <grndsnowlastday description="Snow on the Ground on the Last Day" units="cm"></grndsnowlastday>
        <dirmaxgust description="Direction of Maximum Gust" units="10's Deg"></dirmaxgust>
        <speedmaxgust description="Speed of Maximum Gust" units="km/h"></speedmaxgust>
    </stationdata>
    <stationdata month="9" year="1946">
        <meanmaxtemp description="Mean Maximum Temperature" units="°C">22.6</meanmaxtemp>
        <meanmintemp description="Mean Minimum Temperature" units="°C">9.9</meanmintemp>
        <meanmonthtemp description="Mean Temperature" units="°C">16.3</meanmonthtemp>
        <extrmaxtemp description="Extreme Maximum Temperature" units="°C">30.0</extrmaxtemp>
        <extrmintemp description="Extreme Minimum Temperature" units="°C">2.2</extrmintemp>
        <totrain description="Total Rain" units="mm">73.7</totrain>
        <totsnow description="Total Snow" units="cm">0.0</totsnow>
        <totprecip description="Total Precipitation" units="mm">73.7</totprecip>
        <grndsnowlastday description="Snow on the Ground on the Last Day" units="cm"></grndsnowlastday>
        <dirmaxgust description="Direction of Maximum Gust" units="10's Deg"></dirmaxgust>
        <speedmaxgust description="Speed of Maximum Gust" units="km/h"></speedmaxgust>
    </stationdata>
    <stationdata month="10" year="1946">
        <meanmaxtemp description="Mean Maximum Temperature" units="°C">18.1</meanmaxtemp>
        <meanmintemp description="Mean Minimum Temperature" units="°C">5.3</meanmintemp>
        <meanmonthtemp description="Mean Temperature" units="°C">11.7</meanmonthtemp>
        <extrmaxtemp description="Extreme Maximum Temperature" units="°C">29.4</extrmaxtemp>
        <extrmintemp description="Extreme Minimum Temperature" flag="S" units="°C">-1.1</extrmintemp>
        <totrain description="Total Rain" units="mm">81.0</totrain>
        <totsnow description="Total Snow" units="cm">0.0</totsnow>
        <totprecip description="Total Precipitation" units="mm">81.0</totprecip>
        <grndsnowlastday description="Snow on the Ground on the Last Day" units="cm"></grndsnowlastday>
        <dirmaxgust description="Direction of Maximum Gust" units="10's Deg"></dirmaxgust>
        <speedmaxgust description="Speed of Maximum Gust" units="km/h"></speedmaxgust>
    </stationdata>
    <stationdata month="11" year="1946">
        <meanmaxtemp description="Mean Maximum Temperature" units="°C">8.6</meanmaxtemp>
        <meanmintemp description="Mean Minimum Temperature" units="°C">0.7</meanmintemp>
        <meanmonthtemp description="Mean Temperature" units="°C">4.7</meanmonthtemp>
        <extrmaxtemp description="Extreme Maximum Temperature" units="°C">15.6</extrmaxtemp>
        <extrmintemp description="Extreme Minimum Temperature" units="°C">-5.0</extrmintemp>
        <totrain description="Total Rain" units="mm">36.6</totrain>
        <totsnow description="Total Snow" units="cm">7.9</totsnow>
        <totprecip description="Total Precipitation" units="mm">44.5</totprecip>
        <grndsnowlastday description="Snow on the Ground on the Last Day" units="cm"></grndsnowlastday>
        <dirmaxgust description="Direction of Maximum Gust" units="10's Deg"></dirmaxgust>
        <speedmaxgust description="Speed of Maximum Gust" units="km/h"></speedmaxgust>
    </stationdata>
    <stationdata month="12" year="1946">
        <meanmaxtemp description="Mean Maximum Temperature" units="°C">1.7</meanmaxtemp>
        <meanmintemp description="Mean Minimum Temperature" units="°C">-6.9</meanmintemp>
        <meanmonthtemp description="Mean Temperature" units="°C">-2.6</meanmonthtemp>
        <extrmaxtemp description="Extreme Maximum Temperature" units="°C">18.9</extrmaxtemp>
        <extrmintemp description="Extreme Minimum Temperature" flag="S" units="°C">-18.3</extrmintemp>
        <totrain description="Total Rain" units="mm">32.5</totrain>
        <totsnow description="Total Snow" units="cm">17.8</totsnow>
        <totprecip description="Total Precipitation" units="mm">50.3</totprecip>
        <grndsnowlastday description="Snow on the Ground on the Last Day" units="cm"></grndsnowlastday>
        <dirmaxgust description="Direction of Maximum Gust" units="10's Deg"></dirmaxgust>
        <speedmaxgust description="Speed of Maximum Gust" units="km/h"></speedmaxgust>
    </stationdata>
    <stationdata month="1" year="1947">
        <meanmaxtemp description="Mean Maximum Temperature" units="°C">-0.1</meanmaxtemp>
        <meanmintemp description="Mean Minimum Temperature" units="°C">-9.0</meanmintemp>
        <meanmonthtemp description="Mean Temperature" units="°C">-4.6</meanmonthtemp>
        <extrmaxtemp description="Extreme Maximum Temperature" units="°C">6.7</extrmaxtemp>
        <extrmintemp description="Extreme Minimum Temperature" units="°C">-19.4</extrmintemp>
        <totrain description="Total Rain" units="mm">45.7</totrain>
        <totsnow description="Total Snow" units="cm">52.6</totsnow>
        <totprecip description="Total Precipitation" units="mm">98.3</totprecip>
        <grndsnowlastday description="Snow on the Ground on the Last Day" units="cm">23</grndsnowlastday>
        <dirmaxgust description="Direction of Maximum Gust" units="10's Deg"></dirmaxgust>
        <speedmaxgust description="Speed of Maximum Gust" units="km/h"></speedmaxgust>
    </stationdata>
    <stationdata month="2" year="1947">
        <meanmaxtemp description="Mean Maximum Temperature" units="°C">-3.0</meanmaxtemp>
        <meanmintemp description="Mean Minimum Temperature" units="°C">-11.4</meanmintemp>
        <meanmonthtemp description="Mean Temperature" units="°C">-7.2</meanmonthtemp>
        <extrmaxtemp description="Extreme Maximum Temperature" units="°C">5.0</extrmaxtemp>
        <extrmintemp description="Extreme Minimum Temperature" units="°C">-18.3</extrmintemp>
        <totrain description="Total Rain" flag="T" units="mm">0.0</totrain>
        <totsnow description="Total Snow" units="cm">27.2</totsnow>
        <totprecip description="Total Precipitation" units="mm">27.2</totprecip>
        <grndsnowlastday description="Snow on the Ground on the Last Day" units="cm">30</grndsnowlastday>
        <dirmaxgust description="Direction of Maximum Gust" units="10's Deg"></dirmaxgust>
        <speedmaxgust description="Speed of Maximum Gust" units="km/h"></speedmaxgust>
    </stationdata>
    <stationdata month="3" year="1947">
        <meanmaxtemp description="Mean Maximum Temperature" units="°C">1.9</meanmaxtemp>
        <meanmintemp description="Mean Minimum Temperature" units="°C">-6.3</meanmintemp>
        <meanmonthtemp description="Mean Temperature" units="°C">-2.2</meanmonthtemp>
        <extrmaxtemp description="Extreme Maximum Temperature" units="°C">10.0</extrmaxtemp>
        <extrmintemp description="Extreme Minimum Temperature" units="°C">-12.2</extrmintemp>
        <totrain description="Total Rain" units="mm">24.4</totrain>
        <totsnow description="Total Snow" units="cm">22.4</totsnow>
        <totprecip description="Total Precipitation" units="mm">46.7</totprecip>
        <grndsnowlastday description="Snow on the Ground on the Last Day" flag="T" units="cm">0</grndsnowlastday>
        <dirmaxgust description="Direction of Maximum Gust" units="10's Deg"></dirmaxgust>
        <speedmaxgust description="Speed of Maximum Gust" units="km/h"></speedmaxgust>
    </stationdata>
    <stationdata month="4" year="1947">
        <meanmaxtemp description="Mean Maximum Temperature" units="°C">10.0</meanmaxtemp>
        <meanmintemp description="Mean Minimum Temperature" units="°C">0.2</meanmintemp>
        <meanmonthtemp description="Mean Temperature" units="°C">5.1</meanmonthtemp>
        <extrmaxtemp description="Extreme Maximum Temperature" units="°C">21.7</extrmaxtemp>
        <extrmintemp description="Extreme Minimum Temperature" flag="S" units="°C">-4.4</extrmintemp>
        <totrain description="Total Rain" units="mm">56.4</totrain>
        <totsnow description="Total Snow" units="cm">18.5</totsnow>
        <totprecip description="Total Precipitation" units="mm">74.9</totprecip>
        <grndsnowlastday description="Snow on the Ground on the Last Day" units="cm">0</grndsnowlastday>
        <dirmaxgust description="Direction of Maximum Gust" units="10's Deg"></dirmaxgust>
        <speedmaxgust description="Speed of Maximum Gust" units="km/h"></speedmaxgust>
    </stationdata>
    <stationdata month="5" year="1947">
        <meanmaxtemp description="Mean Maximum Temperature" units="°C">16.4</meanmaxtemp>
        <meanmintemp description="Mean Minimum Temperature" units="°C">4.9</meanmintemp>
        <meanmonthtemp description="Mean Temperature" units="°C">10.7</meanmonthtemp>
        <extrmaxtemp description="Extreme Maximum Temperature" units="°C">25.6</extrmaxtemp>
        <extrmintemp description="Extreme Minimum Temperature" units="°C">-3.9</extrmintemp>
        <totrain description="Total Rain" units="mm">84.8</totrain>
        <totsnow description="Total Snow" flag="T" units="cm">0.0</totsnow>
        <totprecip description="Total Precipitation" units="mm">84.8</totprecip>
        <grndsnowlastday description="Snow on the Ground on the Last Day" units="cm">0</grndsnowlastday>
        <dirmaxgust description="Direction of Maximum Gust" units="10's Deg"></dirmaxgust>
        <speedmaxgust description="Speed of Maximum Gust" units="km/h"></speedmaxgust>
    </stationdata>
    <stationdata month="6" year="1947">
        <meanmaxtemp description="Mean Maximum Temperature" units="°C">23.2</meanmaxtemp>
        <meanmintemp description="Mean Minimum Temperature" units="°C">11.5</meanmintemp>
        <meanmonthtemp description="Mean Temperature" units="°C">17.4</meanmonthtemp>
        <extrmaxtemp description="Extreme Maximum Temperature" units="°C">32.8</extrmaxtemp>
        <extrmintemp description="Extreme Minimum Temperature" units="°C">2.8</extrmintemp>
        <totrain description="Total Rain" units="mm">117.1</totrain>
        <totsnow description="Total Snow" units="cm">0.0</totsnow>
        <totprecip description="Total Precipitation" units="mm">117.1</totprecip>
        <grndsnowlastday description="Snow on the Ground on the Last Day" units="cm">0</grndsnowlastday>
        <dirmaxgust description="Direction of Maximum Gust" units="10's Deg"></dirmaxgust>
        <speedmaxgust description="Speed of Maximum Gust" units="km/h"></speedmaxgust>
    </stationdata>
    <stationdata month="7" year="1947">
        <meanmaxtemp description="Mean Maximum Temperature" units="°C">25.7</meanmaxtemp>
        <meanmintemp description="Mean Minimum Temperature" units="°C">14.8</meanmintemp>
        <meanmonthtemp description="Mean Temperature" units="°C">20.3</meanmonthtemp>
        <extrmaxtemp description="Extreme Maximum Temperature" units="°C">31.7</extrmaxtemp>
        <extrmintemp description="Extreme Minimum Temperature" units="°C">7.2</extrmintemp>
        <totrain description="Total Rain" units="mm">103.1</totrain>
        <totsnow description="Total Snow" units="cm">0.0</totsnow>
        <totprecip description="Total Precipitation" units="mm">103.1</totprecip>
        <grndsnowlastday description="Snow on the Ground on the Last Day" units="cm">0</grndsnowlastday>
        <dirmaxgust description="Direction of Maximum Gust" units="10's Deg"></dirmaxgust>
        <speedmaxgust description="Speed of Maximum Gust" units="km/h"></speedmaxgust>
    </stationdata>
    <stationdata month="8" year="1947">
        <meanmaxtemp description="Mean Maximum Temperature" units="°C">28.4</meanmaxtemp>
        <meanmintemp description="Mean Minimum Temperature" units="°C">16.6</meanmintemp>
        <meanmonthtemp description="Mean Temperature" units="°C">22.5</meanmonthtemp>
        <extrmaxtemp description="Extreme Maximum Temperature" units="°C">35.6</extrmaxtemp>
        <extrmintemp description="Extreme Minimum Temperature" units="°C">6.7</extrmintemp>
        <totrain description="Total Rain" units="mm">61.0</totrain>
        <totsnow description="Total Snow" units="cm">0.0</totsnow>
        <totprecip description="Total Precipitation" units="mm">61.0</totprecip>
        <grndsnowlastday description="Snow on the Ground on the Last Day" units="cm">0</grndsnowlastday>
        <dirmaxgust description="Direction of Maximum Gust" units="10's Deg"></dirmaxgust>
        <speedmaxgust description="Speed of Maximum Gust" units="km/h"></speedmaxgust>
    </stationdata>
    <stationdata month="9" year="1947">
        <meanmaxtemp description="Mean Maximum Temperature" units="°C">22.4</meanmaxtemp>
        <meanmintemp description="Mean Minimum Temperature" units="°C">10.4</meanmintemp>
        <meanmonthtemp description="Mean Temperature" units="°C">16.4</meanmonthtemp>
        <extrmaxtemp description="Extreme Maximum Temperature" flag="S" units="°C">31.1</extrmaxtemp>
        <extrmintemp description="Extreme Minimum Temperature" units="°C">-2.2</extrmintemp>
        <totrain description="Total Rain" units="mm">37.6</totrain>
        <totsnow description="Total Snow" units="cm">0.0</totsnow>
        <totprecip description="Total Precipitation" units="mm">37.6</totprecip>
        <grndsnowlastday description="Snow on the Ground on the Last Day" units="cm">0</grndsnowlastday>
        <dirmaxgust description="Direction of Maximum Gust" units="10's Deg"></dirmaxgust>
        <speedmaxgust description="Speed of Maximum Gust" units="km/h"></speedmaxgust>
    </stationdata>
    <stationdata month="10" year="1947">
        <meanmaxtemp description="Mean Maximum Temperature" units="°C">20.0</meanmaxtemp>
        <meanmintemp description="Mean Minimum Temperature" units="°C">6.9</meanmintemp>
        <meanmonthtemp description="Mean Temperature" units="°C">13.5</meanmonthtemp>
        <extrmaxtemp description="Extreme Maximum Temperature" units="°C">28.3</extrmaxtemp>
        <extrmintemp description="Extreme Minimum Temperature" units="°C">-1.7</extrmintemp>
        <totrain description="Total Rain" units="mm">34.3</totrain>
        <totsnow description="Total Snow" units="cm">0.0</totsnow>
        <totprecip description="Total Precipitation" units="mm">34.3</totprecip>
        <grndsnowlastday description="Snow on the Ground on the Last Day" units="cm">0</grndsnowlastday>
        <dirmaxgust description="Direction of Maximum Gust" units="10's Deg"></dirmaxgust>
        <speedmaxgust description="Speed of Maximum Gust" units="km/h"></speedmaxgust>
    </stationdata>
    <stationdata month="11" year="1947">
        <meanmaxtemp description="Mean Maximum Temperature" units="°C">5.9</meanmaxtemp>
        <meanmintemp description="Mean Minimum Temperature" units="°C">-1.7</meanmintemp>
        <meanmonthtemp description="Mean Temperature" units="°C">2.1</meanmonthtemp>
        <extrmaxtemp description="Extreme Maximum Temperature" units="°C">15.6</extrmaxtemp>
        <extrmintemp description="Extreme Minimum Temperature" units="°C">-10.6</extrmintemp>
        <totrain description="Total Rain" units="mm">17.5</totrain>
        <totsnow description="Total Snow" units="cm">12.2</totsnow>
        <totprecip description="Total Precipitation" units="mm">29.7</totprecip>
        <grndsnowlastday description="Snow on the Ground on the Last Day" units="cm">5</grndsnowlastday>
        <dirmaxgust description="Direction of Maximum Gust" units="10's Deg"></dirmaxgust>
        <speedmaxgust description="Speed of Maximum Gust" units="km/h"></speedmaxgust>
    </stationdata>
    <stationdata month="12" year="1947">
        <meanmaxtemp description="Mean Maximum Temperature" units="°C">-0.4</meanmaxtemp>
        <meanmintemp description="Mean Minimum Temperature" units="°C">-8.7</meanmintemp>
        <meanmonthtemp description="Mean Temperature" units="°C">-4.6</meanmonthtemp>
        <extrmaxtemp description="Extreme Maximum Temperature" units="°C">7.2</extrmaxtemp>
        <extrmintemp description="Extreme Minimum Temperature" units="°C">-20.0</extrmintemp>
        <totrain description="Total Rain" units="mm">19.6</totrain>
        <totsnow description="Total Snow" units="cm">24.6</totsnow>
        <totprecip description="Total Precipitation" units="mm">44.2</totprecip>
        <grndsnowlastday description="Snow on the Ground on the Last Day" units="cm">5</grndsnowlastday>
        <dirmaxgust description="Direction of Maximum Gust" units="10's Deg"></dirmaxgust>
        <speedmaxgust description="Speed of Maximum Gust" units="km/h"></speedmaxgust>
    </stationdata>
    <stationdata month="1" year="1948">
        <meanmaxtemp description="Mean Maximum Temperature" units="°C">-4.7</meanmaxtemp>
        <meanmintemp description="Mean Minimum Temperature" units="°C">-14.7</meanmintemp>
        <meanmonthtemp description="Mean Temperature" units="°C">-9.7</meanmonthtemp>
        <extrmaxtemp description="Extreme Maximum Temperature" units="°C">2.8</extrmaxtemp>
        <extrmintemp description="Extreme Minimum Temperature" units="°C">-28.3</extrmintemp>
        <totrain description="Total Rain" units="mm">2.5</totrain>
        <totsnow description="Total Snow" units="cm">37.6</totsnow>
        <totprecip description="Total Precipitation" units="mm">40.1</totprecip>
        <grndsnowlastday description="Snow on the Ground on the Last Day" units="cm">18</grndsnowlastday>
        <dirmaxgust description="Direction of Maximum Gust" units="10's Deg"></dirmaxgust>
        <speedmaxgust description="Speed of Maximum Gust" units="km/h"></speedmaxgust>
    </stationdata>
    <stationdata month="2" year="1948">
        <meanmaxtemp description="Mean Maximum Temperature" units="°C">-2.7</meanmaxtemp>
        <meanmintemp description="Mean Minimum Temperature" units="°C">-12.9</meanmintemp>
        <meanmonthtemp description="Mean Temperature" units="°C">-7.8</meanmonthtemp>
        <extrmaxtemp description="Extreme Maximum Temperature" units="°C">8.9</extrmaxtemp>
        <extrmintemp description="Extreme Minimum Temperature" units="°C">-27.8</extrmintemp>
        <totrain description="Total Rain" units="mm">33.5</totrain>
        <totsnow description="Total Snow" units="cm">33.5</totsnow>
        <totprecip description="Total Precipitation" units="mm">67.1</totprecip>
        <grndsnowlastday description="Snow on the Ground on the Last Day" units="cm">0</grndsnowlastday>
        <dirmaxgust description="Direction of Maximum Gust" units="10's Deg"></dirmaxgust>
        <speedmaxgust description="Speed of Maximum Gust" units="km/h"></speedmaxgust>
    </stationdata>
    <stationdata month="3" year="1948">
        <meanmaxtemp description="Mean Maximum Temperature" units="°C">3.6</meanmaxtemp>
        <meanmintemp description="Mean Minimum Temperature" units="°C">-7.7</meanmintemp>
        <meanmonthtemp description="Mean Temperature" units="°C">-2.1</meanmonthtemp>
        <extrmaxtemp description="Extreme Maximum Temperature" units="°C">17.8</extrmaxtemp>
        <extrmintemp description="Extreme Minimum Temperature" units="°C">-27.8</extrmintemp>
        <totrain description="Total Rain" units="mm">44.5</totrain>
        <totsnow description="Total Snow" units="cm">13.5</totsnow>
        <totprecip description="Total Precipitation" units="mm">57.9</totprecip>
        <grndsnowlastday description="Snow on the Ground on the Last Day" units="cm">0</grndsnowlastday>
        <dirmaxgust description="Direction of Maximum Gust" units="10's Deg"></dirmaxgust>
        <speedmaxgust description="Speed of Maximum Gust" units="km/h"></speedmaxgust>
    </stationdata>
    <stationdata month="4" year="1948">
        <meanmaxtemp description="Mean Maximum Temperature" units="°C">13.3</meanmaxtemp>
        <meanmintemp description="Mean Minimum Temperature" units="°C">1.9</meanmintemp>
        <meanmonthtemp description="Mean Temperature" units="°C">7.6</meanmonthtemp>
        <extrmaxtemp description="Extreme Maximum Temperature" units="°C">22.8</extrmaxtemp>
        <extrmintemp description="Extreme Minimum Temperature" units="°C">-6.7</extrmintemp>
        <totrain description="Total Rain" units="mm">52.6</totrain>
        <totsnow description="Total Snow" flag="T" units="cm">0.0</totsnow>
        <totprecip description="Total Precipitation" units="mm">52.6</totprecip>
        <grndsnowlastday description="Snow on the Ground on the Last Day" units="cm">0</grndsnowlastday>
        <dirmaxgust description="Direction of Maximum Gust" units="10's Deg"></dirmaxgust>
        <speedmaxgust description="Speed of Maximum Gust" units="km/h"></speedmaxgust>
    </stationdata>
    <stationdata month="5" year="1948">
        <meanmaxtemp description="Mean Maximum Temperature" units="°C">17.4</meanmaxtemp>
        <meanmintemp description="Mean Minimum Temperature" units="°C">4.9</meanmintemp>
        <meanmonthtemp description="Mean Temperature" units="°C">11.2</meanmonthtemp>
        <extrmaxtemp description="Extreme Maximum Temperature" units="°C">25.6</extrmaxtemp>
        <extrmintemp description="Extreme Minimum Temperature" flag="S" units="°C">0.6</extrmintemp>
        <totrain description="Total Rain" units="mm">62.7</totrain>
        <totsnow description="Total Snow" flag="T" units="cm">0.0</totsnow>
        <totprecip description="Total Precipitation" units="mm">62.7</totprecip>
        <grndsnowlastday description="Snow on the Ground on the Last Day" units="cm">0</grndsnowlastday>
        <dirmaxgust description="Direction of Maximum Gust" units="10's Deg"></dirmaxgust>
        <speedmaxgust description="Speed of Maximum Gust" units="km/h"></speedmaxgust>
    </stationdata>
    <stationdata month="6" year="1948">
        <meanmaxtemp description="Mean Maximum Temperature" units="°C">24.2</meanmaxtemp>
        <meanmintemp description="Mean Minimum Temperature" units="°C">11.6</meanmintemp>
        <meanmonthtemp description="Mean Temperature" units="°C">17.9</meanmonthtemp>
        <extrmaxtemp description="Extreme Maximum Temperature" units="°C">32.2</extrmaxtemp>
        <extrmintemp description="Extreme Minimum Temperature" units="°C">4.4</extrmintemp>
        <totrain description="Total Rain" units="mm">80.5</totrain>
        <totsnow description="Total Snow" units="cm">0.0</totsnow>
        <totprecip description="Total Precipitation" units="mm">80.5</totprecip>
        <grndsnowlastday description="Snow on the Ground on the Last Day" units="cm">0</grndsnowlastday>
        <dirmaxgust description="Direction of Maximum Gust" units="10's Deg"></dirmaxgust>
        <speedmaxgust description="Speed of Maximum Gust" units="km/h"></speedmaxgust>
    </stationdata>
    <stationdata month="7" year="1948">
        <meanmaxtemp description="Mean Maximum Temperature" units="°C">27.6</meanmaxtemp>
        <meanmintemp description="Mean Minimum Temperature" units="°C">14.3</meanmintemp>
        <meanmonthtemp description="Mean Temperature" units="°C">21.0</meanmonthtemp>
        <extrmaxtemp description="Extreme Maximum Temperature" units="°C">33.3</extrmaxtemp>
        <extrmintemp description="Extreme Minimum Temperature" units="°C">10.0</extrmintemp>
        <totrain description="Total Rain" units="mm">51.3</totrain>
        <totsnow description="Total Snow" units="cm">0.0</totsnow>
        <totprecip description="Total Precipitation" units="mm">51.3</totprecip>
        <grndsnowlastday description="Snow on the Ground on the Last Day" units="cm">0</grndsnowlastday>
        <dirmaxgust description="Direction of Maximum Gust" units="10's Deg"></dirmaxgust>
        <speedmaxgust description="Speed of Maximum Gust" units="km/h"></speedmaxgust>
    </stationdata>
    <stationdata month="8" year="1948">
        <meanmaxtemp description="Mean Maximum Temperature" units="°C">27.6</meanmaxtemp>
        <meanmintemp description="Mean Minimum Temperature" units="°C">14.2</meanmintemp>
        <meanmonthtemp description="Mean Temperature" units="°C">20.9</meanmonthtemp>
        <extrmaxtemp description="Extreme Maximum Temperature" units="°C">38.3</extrmaxtemp>
        <extrmintemp description="Extreme Minimum Temperature" units="°C">6.7</extrmintemp>
        <totrain description="Total Rain" units="mm">48.5</totrain>
        <totsnow description="Total Snow" units="cm">0.0</totsnow>
        <totprecip description="Total Precipitation" units="mm">48.5</totprecip>
        <grndsnowlastday description="Snow on the Ground on the Last Day" units="cm">0</grndsnowlastday>
        <dirmaxgust description="Direction of Maximum Gust" units="10's Deg"></dirmaxgust>
        <speedmaxgust description="Speed of Maximum Gust" units="km/h"></speedmaxgust>
    </stationdata>
    <stationdata month="9" year="1948">
        <meanmaxtemp description="Mean Maximum Temperature" units="°C">24.0</meanmaxtemp>
        <meanmintemp description="Mean Minimum Temperature" units="°C">11.7</meanmintemp>
        <meanmonthtemp description="Mean Temperature" units="°C">17.9</meanmonthtemp>
        <extrmaxtemp description="Extreme Maximum Temperature" flag="S" units="°C">31.7</extrmaxtemp>
        <extrmintemp description="Extreme Minimum Temperature" units="°C">3.9</extrmintemp>
        <totrain description="Total Rain" units="mm">154.4</totrain>
        <totsnow description="Total Snow" units="cm">0.0</totsnow>
        <totprecip description="Total Precipitation" units="mm">154.4</totprecip>
        <grndsnowlastday description="Snow on the Ground on the Last Day" units="cm">0</grndsnowlastday>
        <dirmaxgust description="Direction of Maximum Gust" units="10's Deg"></dirmaxgust>
        <speedmaxgust description="Speed of Maximum Gust" units="km/h"></speedmaxgust>
    </stationdata>
    <stationdata month="10" year="1948">
        <meanmaxtemp description="Mean Maximum Temperature" units="°C">12.7</meanmaxtemp>
        <meanmintemp description="Mean Minimum Temperature" units="°C">4.0</meanmintemp>
        <meanmonthtemp description="Mean Temperature" units="°C">8.4</meanmonthtemp>
        <extrmaxtemp description="Extreme Maximum Temperature" units="°C">21.7</extrmaxtemp>
        <extrmintemp description="Extreme Minimum Temperature" units="°C">-3.9</extrmintemp>
        <totrain description="Total Rain" units="mm">58.4</totrain>
        <totsnow description="Total Snow" flag="T" units="cm">0.0</totsnow>
        <totprecip description="Total Precipitation" units="mm">58.4</totprecip>
        <grndsnowlastday description="Snow on the Ground on the Last Day" units="cm">0</grndsnowlastday>
        <dirmaxgust description="Direction of Maximum Gust" units="10's Deg"></dirmaxgust>
        <speedmaxgust description="Speed of Maximum Gust" units="km/h"></speedmaxgust>
    </stationdata>
    <stationdata month="11" year="1948">
        <meanmaxtemp description="Mean Maximum Temperature" units="°C">9.6</meanmaxtemp>
        <meanmintemp description="Mean Minimum Temperature" units="°C">2.9</meanmintemp>
        <meanmonthtemp description="Mean Temperature" units="°C">6.3</meanmonthtemp>
        <extrmaxtemp description="Extreme Maximum Temperature" units="°C">18.3</extrmaxtemp>
        <extrmintemp description="Extreme Minimum Temperature" units="°C">-2.8</extrmintemp>
        <totrain description="Total Rain" units="mm">80.3</totrain>
        <totsnow description="Total Snow" units="cm">0.8</totsnow>
        <totprecip description="Total Precipitation" units="mm">81.0</totprecip>
        <grndsnowlastday description="Snow on the Ground on the Last Day" units="cm">0</grndsnowlastday>
        <dirmaxgust description="Direction of Maximum Gust" units="10's Deg"></dirmaxgust>
        <speedmaxgust description="Speed of Maximum Gust" units="km/h"></speedmaxgust>
    </stationdata>
    <stationdata month="12" year="1948">
        <meanmaxtemp description="Mean Maximum Temperature" units="°C">1.8</meanmaxtemp>
        <meanmintemp description="Mean Minimum Temperature" units="°C">-5.2</meanmintemp>
        <meanmonthtemp description="Mean Temperature" units="°C">-1.7</meanmonthtemp>
        <extrmaxtemp description="Extreme Maximum Temperature" units="°C">13.3</extrmaxtemp>
        <extrmintemp description="Extreme Minimum Temperature" units="°C">-18.9</extrmintemp>
        <totrain description="Total Rain" units="mm">16.5</totrain>
        <totsnow description="Total Snow" units="cm">31.2</totsnow>
        <totprecip description="Total Precipitation" units="mm">47.8</totprecip>
        <grndsnowlastday description="Snow on the Ground on the Last Day" units="cm">5</grndsnowlastday>
        <dirmaxgust description="Direction of Maximum Gust" units="10's Deg"></dirmaxgust>
        <speedmaxgust description="Speed of Maximum Gust" units="km/h"></speedmaxgust>
    </stationdata>
    <stationdata month="1" year="1949">
        <meanmaxtemp description="Mean Maximum Temperature" units="°C">0.4</meanmaxtemp>
        <meanmintemp description="Mean Minimum Temperature" units="°C">-6.2</meanmintemp>
        <meanmonthtemp description="Mean Temperature" units="°C">-2.9</meanmonthtemp>
        <extrmaxtemp description="Extreme Maximum Temperature" units="°C">11.1</extrmaxtemp>
        <extrmintemp description="Extreme Minimum Temperature" units="°C">-15.6</extrmintemp>
        <totrain description="Total Rain" units="mm">39.4</totrain>
        <totsnow description="Total Snow" units="cm">30.0</totsnow>
        <totprecip description="Total Precipitation" units="mm">69.3</totprecip>
        <grndsnowlastday description="Snow on the Ground on the Last Day" units="cm">3</grndsnowlastday>
        <dirmaxgust description="Direction of Maximum Gust" units="10's Deg"></dirmaxgust>
        <speedmaxgust description="Speed of Maximum Gust" units="km/h"></speedmaxgust>
    </stationdata>
    <stationdata month="2" year="1949">
        <meanmaxtemp description="Mean Maximum Temperature" units="°C">0.9</meanmaxtemp>
        <meanmintemp description="Mean Minimum Temperature" units="°C">-8.1</meanmintemp>
        <meanmonthtemp description="Mean Temperature" units="°C">-3.6</meanmonthtemp>
        <extrmaxtemp description="Extreme Maximum Temperature" units="°C">10.6</extrmaxtemp>
        <extrmintemp description="Extreme Minimum Temperature" units="°C">-20.0</extrmintemp>
        <totrain description="Total Rain" units="mm">49.8</totrain>
        <totsnow description="Total Snow" units="cm">26.2</totsnow>
        <totprecip description="Total Precipitation" units="mm">75.9</totprecip>
        <grndsnowlastday description="Snow on the Ground on the Last Day" flag="T" units="cm">0</grndsnowlastday>
        <dirmaxgust description="Direction of Maximum Gust" units="10's Deg"></dirmaxgust>
        <speedmaxgust description="Speed of Maximum Gust" units="km/h"></speedmaxgust>
    </stationdata>
    <stationdata month="3" year="1949">
        <meanmaxtemp description="Mean Maximum Temperature" units="°C">2.9</meanmaxtemp>
        <meanmintemp description="Mean Minimum Temperature" units="°C">-6.2</meanmintemp>
        <meanmonthtemp description="Mean Temperature" units="°C">-1.7</meanmonthtemp>
        <extrmaxtemp description="Extreme Maximum Temperature" units="°C">17.8</extrmaxtemp>
        <extrmintemp description="Extreme Minimum Temperature" units="°C">-20.0</extrmintemp>
        <totrain description="Total Rain" units="mm">25.4</totrain>
        <totsnow description="Total Snow" units="cm">37.6</totsnow>
        <totprecip description="Total Precipitation" units="mm">63.0</totprecip>
        <grndsnowlastday description="Snow on the Ground on the Last Day" units="cm">0</grndsnowlastday>
        <dirmaxgust description="Direction of Maximum Gust" units="10's Deg"></dirmaxgust>
        <speedmaxgust description="Speed of Maximum Gust" units="km/h"></speedmaxgust>
    </stationdata>
    <stationdata month="4" year="1949">
        <meanmaxtemp description="Mean Maximum Temperature" units="°C">12.4</meanmaxtemp>
        <meanmintemp description="Mean Minimum Temperature" units="°C">0.9</meanmintemp>
        <meanmonthtemp description="Mean Temperature" units="°C">6.7</meanmonthtemp>
        <extrmaxtemp description="Extreme Maximum Temperature" units="°C">24.4</extrmaxtemp>
        <extrmintemp description="Extreme Minimum Temperature" units="°C">-5.0</extrmintemp>
        <totrain description="Total Rain" units="mm">30.7</totrain>
        <totsnow description="Total Snow" units="cm">0.5</totsnow>
        <totprecip description="Total Precipitation" units="mm">31.2</totprecip>
        <grndsnowlastday description="Snow on the Ground on the Last Day" units="cm">0</grndsnowlastday>
        <dirmaxgust description="Direction of Maximum Gust" units="10's Deg"></dirmaxgust>
        <speedmaxgust description="Speed of Maximum Gust" units="km/h"></speedmaxgust>
    </stationdata>
    <stationdata month="5" year="1949">
        <meanmaxtemp description="Mean Maximum Temperature" units="°C">21.0</meanmaxtemp>
        <meanmintemp description="Mean Minimum Temperature" units="°C">6.7</meanmintemp>
        <meanmonthtemp description="Mean Temperature" units="°C">13.9</meanmonthtemp>
        <extrmaxtemp description="Extreme Maximum Temperature" units="°C">32.8</extrmaxtemp>
        <extrmintemp description="Extreme Minimum Temperature" units="°C">-2.2</extrmintemp>
        <totrain description="Total Rain" units="mm">9.4</totrain>
        <totsnow description="Total Snow" units="cm">0.0</totsnow>
        <totprecip description="Total Precipitation" units="mm">9.4</totprecip>
        <grndsnowlastday description="Snow on the Ground on the Last Day" units="cm">0</grndsnowlastday>
        <dirmaxgust description="Direction of Maximum Gust" units="10's Deg"></dirmaxgust>
        <speedmaxgust description="Speed of Maximum Gust" units="km/h"></speedmaxgust>
    </stationdata>
    <stationdata month="6" year="1949">
        <meanmaxtemp description="Mean Maximum Temperature" units="°C">28.8</meanmaxtemp>
        <meanmintemp description="Mean Minimum Temperature" units="°C">14.6</meanmintemp>
        <meanmonthtemp description="Mean Temperature" units="°C">21.7</meanmonthtemp>
        <extrmaxtemp description="Extreme Maximum Temperature" units="°C">36.1</extrmaxtemp>
        <extrmintemp description="Extreme Minimum Temperature" units="°C">0.6</extrmintemp>
        <totrain description="Total Rain" units="mm">4.1</totrain>
        <totsnow description="Total Snow" units="cm">0.0</totsnow>
        <totprecip description="Total Precipitation" units="mm">4.1</totprecip>
        <grndsnowlastday description="Snow on the Ground on the Last Day" units="cm">0</grndsnowlastday>
        <dirmaxgust description="Direction of Maximum Gust" units="10's Deg"></dirmaxgust>
        <speedmaxgust description="Speed of Maximum Gust" units="km/h"></speedmaxgust>
    </stationdata>
    <stationdata month="7" year="1949">
        <meanmaxtemp description="Mean Maximum Temperature" units="°C">28.6</meanmaxtemp>
        <meanmintemp description="Mean Minimum Temperature" units="°C">16.6</meanmintemp>
        <meanmonthtemp description="Mean Temperature" units="°C">22.6</meanmonthtemp>
        <extrmaxtemp description="Extreme Maximum Temperature" flag="S" units="°C">35.6</extrmaxtemp>
        <extrmintemp description="Extreme Minimum Temperature" units="°C">10.0</extrmintemp>
        <totrain description="Total Rain" units="mm">61.5</totrain>
        <totsnow description="Total Snow" units="cm">0.0</totsnow>
        <totprecip description="Total Precipitation" units="mm">61.5</totprecip>
        <grndsnowlastday description="Snow on the Ground on the Last Day" units="cm">0</grndsnowlastday>
        <dirmaxgust description="Direction of Maximum Gust" units="10's Deg"></dirmaxgust>
        <speedmaxgust description="Speed of Maximum Gust" units="km/h"></speedmaxgust>
    </stationdata>
    <stationdata month="8" year="1949">
        <meanmaxtemp description="Mean Maximum Temperature" units="°C">28.6</meanmaxtemp>
        <meanmintemp description="Mean Minimum Temperature" units="°C">15.3</meanmintemp>
        <meanmonthtemp description="Mean Temperature" units="°C">22.0</meanmonthtemp>
        <extrmaxtemp description="Extreme Maximum Temperature" units="°C">37.2</extrmaxtemp>
        <extrmintemp description="Extreme Minimum Temperature" flag="S" units="°C">7.8</extrmintemp>
        <totrain description="Total Rain" units="mm">133.9</totrain>
        <totsnow description="Total Snow" units="cm">0.0</totsnow>
        <totprecip description="Total Precipitation" units="mm">133.9</totprecip>
        <grndsnowlastday description="Snow on the Ground on the Last Day" units="cm">0</grndsnowlastday>
        <dirmaxgust description="Direction of Maximum Gust" units="10's Deg"></dirmaxgust>
        <speedmaxgust description="Speed of Maximum Gust" units="km/h"></speedmaxgust>
    </stationdata>
    <stationdata month="9" year="1949">
        <meanmaxtemp description="Mean Maximum Temperature" units="°C">19.4</meanmaxtemp>
        <meanmintemp description="Mean Minimum Temperature" units="°C">9.1</meanmintemp>
        <meanmonthtemp description="Mean Temperature" units="°C">14.3</meanmonthtemp>
        <extrmaxtemp description="Extreme Maximum Temperature" units="°C">29.4</extrmaxtemp>
        <extrmintemp description="Extreme Minimum Temperature" units="°C">0.0</extrmintemp>
        <totrain description="Total Rain" units="mm">90.2</totrain>
        <totsnow description="Total Snow" units="cm">0.0</totsnow>
        <totprecip description="Total Precipitation" units="mm">90.2</totprecip>
        <grndsnowlastday description="Snow on the Ground on the Last Day" units="cm">0</grndsnowlastday>
        <dirmaxgust description="Direction of Maximum Gust" units="10's Deg"></dirmaxgust>
        <speedmaxgust description="Speed of Maximum Gust" units="km/h"></speedmaxgust>
    </stationdata>
    <stationdata month="10" year="1949">
        <meanmaxtemp description="Mean Maximum Temperature" units="°C">17.5</meanmaxtemp>
        <meanmintemp description="Mean Minimum Temperature" units="°C">6.1</meanmintemp>
        <meanmonthtemp description="Mean Temperature" units="°C">11.8</meanmonthtemp>
        <extrmaxtemp description="Extreme Maximum Temperature" units="°C">28.3</extrmaxtemp>
        <extrmintemp description="Extreme Minimum Temperature" units="°C">-3.9</extrmintemp>
        <totrain description="Total Rain" units="mm">67.8</totrain>
        <totsnow description="Total Snow" flag="T" units="cm">0.0</totsnow>
        <totprecip description="Total Precipitation" units="mm">67.8</totprecip>
        <grndsnowlastday description="Snow on the Ground on the Last Day" units="cm">0</grndsnowlastday>
        <dirmaxgust description="Direction of Maximum Gust" units="10's Deg"></dirmaxgust>
        <speedmaxgust description="Speed of Maximum Gust" units="km/h"></speedmaxgust>
    </stationdata>
    <stationdata month="11" year="1949">
        <meanmaxtemp description="Mean Maximum Temperature" units="°C">5.3</meanmaxtemp>
        <meanmintemp description="Mean Minimum Temperature" units="°C">-2.4</meanmintemp>
        <meanmonthtemp description="Mean Temperature" units="°C">1.5</meanmonthtemp>
        <extrmaxtemp description="Extreme Maximum Temperature" flag="S" units="°C">15.0</extrmaxtemp>
        <extrmintemp description="Extreme Minimum Temperature" units="°C">-18.3</extrmintemp>
        <totrain description="Total Rain" units="mm">23.4</totrain>
        <totsnow description="Total Snow" units="cm">24.6</totsnow>
        <totprecip description="Total Precipitation" units="mm">48.0</totprecip>
        <grndsnowlastday description="Snow on the Ground on the Last Day" units="cm">3</grndsnowlastday>
        <dirmaxgust description="Direction of Maximum Gust" units="10's Deg"></dirmaxgust>
        <speedmaxgust description="Speed of Maximum Gust" units="km/h"></speedmaxgust>
    </stationdata>
    <stationdata month="12" year="1949">
        <meanmaxtemp description="Mean Maximum Temperature" units="°C">2.4</meanmaxtemp>
        <meanmintemp description="Mean Minimum Temperature" units="°C">-5.4</meanmintemp>
        <meanmonthtemp description="Mean Temperature" units="°C">-1.5</meanmonthtemp>
        <extrmaxtemp description="Extreme Maximum Temperature" units="°C">14.4</extrmaxtemp>
        <extrmintemp description="Extreme Minimum Temperature" units="°C">-14.4</extrmintemp>
        <totrain description="Total Rain" units="mm">72.4</totrain>
        <totsnow description="Total Snow" units="cm">12.4</totsnow>
        <totprecip description="Total Precipitation" units="mm">84.8</totprecip>
        <grndsnowlastday description="Snow on the Ground on the Last Day" units="cm">0</grndsnowlastday>
        <dirmaxgust description="Direction of Maximum Gust" units="10's Deg"></dirmaxgust>
        <speedmaxgust description="Speed of Maximum Gust" units="km/h"></speedmaxgust>
    </stationdata>
    <stationdata month="1" year="1950">
        <meanmaxtemp description="Mean Maximum Temperature" units="°C">2.7</meanmaxtemp>
        <meanmintemp description="Mean Minimum Temperature" units="°C">-6.2</meanmintemp>
        <meanmonthtemp description="Mean Temperature" units="°C">-1.8</meanmonthtemp>
        <extrmaxtemp description="Extreme Maximum Temperature" units="°C">16.7</extrmaxtemp>
        <extrmintemp description="Extreme Minimum Temperature" units="°C">-24.4</extrmintemp>
        <totrain description="Total Rain" units="mm">59.9</totrain>
        <totsnow description="Total Snow" units="cm">36.6</totsnow>
        <totprecip description="Total Precipitation" units="mm">96.5</totprecip>
        <grndsnowlastday description="Snow on the Ground on the Last Day" units="cm">8</grndsnowlastday>
        <dirmaxgust description="Direction of Maximum Gust" units="10's Deg"></dirmaxgust>
        <speedmaxgust description="Speed of Maximum Gust" units="km/h"></speedmaxgust>
    </stationdata>
    <stationdata month="2" year="1950">
        <meanmaxtemp description="Mean Maximum Temperature" units="°C">-2.3</meanmaxtemp>
        <meanmintemp description="Mean Minimum Temperature" units="°C">-10.9</meanmintemp>
        <meanmonthtemp description="Mean Temperature" units="°C">-6.6</meanmonthtemp>
        <extrmaxtemp description="Extreme Maximum Temperature" units="°C">3.3</extrmaxtemp>
        <extrmintemp description="Extreme Minimum Temperature" flag="S" units="°C">-25.6</extrmintemp>
        <totrain description="Total Rain" units="mm">5.6</totrain>
        <totsnow description="Total Snow" units="cm">66.5</totsnow>
        <totprecip description="Total Precipitation" units="mm">72.1</totprecip>
        <grndsnowlastday description="Snow on the Ground on the Last Day" units="cm">3</grndsnowlastday>
        <dirmaxgust description="Direction of Maximum Gust" units="10's Deg"></dirmaxgust>
        <speedmaxgust description="Speed of Maximum Gust" units="km/h"></speedmaxgust>
    </stationdata>
    <stationdata month="3" year="1950">
        <meanmaxtemp description="Mean Maximum Temperature" units="°C">0.3</meanmaxtemp>
        <meanmintemp description="Mean Minimum Temperature" units="°C">-8.7</meanmintemp>
        <meanmonthtemp description="Mean Temperature" units="°C">-4.2</meanmonthtemp>
        <extrmaxtemp description="Extreme Maximum Temperature" units="°C">11.7</extrmaxtemp>
        <extrmintemp description="Extreme Minimum Temperature" units="°C">-28.9</extrmintemp>
        <totrain description="Total Rain" units="mm">21.6</totrain>
        <totsnow description="Total Snow" units="cm">41.7</totsnow>
        <totprecip description="Total Precipitation" units="mm">63.2</totprecip>
        <grndsnowlastday description="Snow on the Ground on the Last Day" units="cm">0</grndsnowlastday>
        <dirmaxgust description="Direction of Maximum Gust" units="10's Deg"></dirmaxgust>
        <speedmaxgust description="Speed of Maximum Gust" units="km/h"></speedmaxgust>
    </stationdata>
    <stationdata month="4" year="1950">
        <meanmaxtemp description="Mean Maximum Temperature" units="°C">8.1</meanmaxtemp>
        <meanmintemp description="Mean Minimum Temperature" units="°C">-1.4</meanmintemp>
        <meanmonthtemp description="Mean Temperature" units="°C">3.4</meanmonthtemp>
        <extrmaxtemp description="Extreme Maximum Temperature" flag="S" units="°C">18.3</extrmaxtemp>
        <extrmintemp description="Extreme Minimum Temperature" units="°C">-8.9</extrmintemp>
        <totrain description="Total Rain" units="mm">47.2</totrain>
        <totsnow description="Total Snow" units="cm">14.5</totsnow>
        <totprecip description="Total Precipitation" units="mm">61.7</totprecip>
        <grndsnowlastday description="Snow on the Ground on the Last Day" units="cm">0</grndsnowlastday>
        <dirmaxgust description="Direction of Maximum Gust" units="10's Deg"></dirmaxgust>
        <speedmaxgust description="Speed of Maximum Gust" units="km/h"></speedmaxgust>
    </stationdata>
    <stationdata month="5" year="1950">
        <meanmaxtemp description="Mean Maximum Temperature" units="°C">18.6</meanmaxtemp>
        <meanmintemp description="Mean Minimum Temperature" units="°C">5.9</meanmintemp>
        <meanmonthtemp description="Mean Temperature" units="°C">12.3</meanmonthtemp>
        <extrmaxtemp description="Extreme Maximum Temperature" flag="S" units="°C">25.0</extrmaxtemp>
        <extrmintemp description="Extreme Minimum Temperature" units="°C">-2.8</extrmintemp>
        <totrain description="Total Rain" units="mm">20.1</totrain>
        <totsnow description="Total Snow" units="cm">0.0</totsnow>
        <totprecip description="Total Precipitation" units="mm">20.1</totprecip>
        <grndsnowlastday description="Snow on the Ground on the Last Day" units="cm">0</grndsnowlastday>
        <dirmaxgust description="Direction of Maximum Gust" units="10's Deg"></dirmaxgust>
        <speedmaxgust description="Speed of Maximum Gust" units="km/h"></speedmaxgust>
    </stationdata>
    <stationdata month="6" year="1950">
        <meanmaxtemp description="Mean Maximum Temperature" units="°C">24.4</meanmaxtemp>
        <meanmintemp description="Mean Minimum Temperature" units="°C">10.9</meanmintemp>
        <meanmonthtemp description="Mean Temperature" units="°C">17.7</meanmonthtemp>
        <extrmaxtemp description="Extreme Maximum Temperature" units="°C">32.2</extrmaxtemp>
        <extrmintemp description="Extreme Minimum Temperature" units="°C">2.8</extrmintemp>
        <totrain description="Total Rain" units="mm">64.0</totrain>
        <totsnow description="Total Snow" units="cm">0.0</totsnow>
        <totprecip description="Total Precipitation" units="mm">64.0</totprecip>
        <grndsnowlastday description="Snow on the Ground on the Last Day" units="cm">0</grndsnowlastday>
        <dirmaxgust description="Direction of Maximum Gust" units="10's Deg"></dirmaxgust>
        <speedmaxgust description="Speed of Maximum Gust" units="km/h"></speedmaxgust>
    </stationdata>
    <stationdata month="7" year="1950">
        <meanmaxtemp description="Mean Maximum Temperature" units="°C">26.1</meanmaxtemp>
        <meanmintemp description="Mean Minimum Temperature" units="°C">13.6</meanmintemp>
        <meanmonthtemp description="Mean Temperature" units="°C">19.9</meanmonthtemp>
        <extrmaxtemp description="Extreme Maximum Temperature" units="°C">31.7</extrmaxtemp>
        <extrmintemp description="Extreme Minimum Temperature" flag="S" units="°C">7.8</extrmintemp>
        <totrain description="Total Rain" units="mm">116.3</totrain>
        <totsnow description="Total Snow" units="cm">0.0</totsnow>
        <totprecip description="Total Precipitation" units="mm">116.3</totprecip>
        <grndsnowlastday description="Snow on the Ground on the Last Day" units="cm">0</grndsnowlastday>
        <dirmaxgust description="Direction of Maximum Gust" units="10's Deg"></dirmaxgust>
        <speedmaxgust description="Speed of Maximum Gust" units="km/h"></speedmaxgust>
    </stationdata>
    <stationdata month="8" year="1950">
        <meanmaxtemp description="Mean Maximum Temperature" units="°C">25.0</meanmaxtemp>
        <meanmintemp description="Mean Minimum Temperature" units="°C">13.3</meanmintemp>
        <meanmonthtemp description="Mean Temperature" units="°C">19.2</meanmonthtemp>
        <extrmaxtemp description="Extreme Maximum Temperature" flag="S" units="°C">30.6</extrmaxtemp>
        <extrmintemp description="Extreme Minimum Temperature" units="°C">5.6</extrmintemp>
        <totrain description="Total Rain" units="mm">85.1</totrain>
        <totsnow description="Total Snow" units="cm">0.0</totsnow>
        <totprecip description="Total Precipitation" units="mm">85.1</totprecip>
        <grndsnowlastday description="Snow on the Ground on the Last Day" units="cm">0</grndsnowlastday>
        <dirmaxgust description="Direction of Maximum Gust" units="10's Deg"></dirmaxgust>
        <speedmaxgust description="Speed of Maximum Gust" units="km/h"></speedmaxgust>
    </stationdata>
    <stationdata month="9" year="1950">
        <meanmaxtemp description="Mean Maximum Temperature" units="°C">19.4</meanmaxtemp>
        <meanmintemp description="Mean Minimum Temperature" units="°C">9.0</meanmintemp>
        <meanmonthtemp description="Mean Temperature" units="°C">14.2</meanmonthtemp>
        <extrmaxtemp description="Extreme Maximum Temperature" units="°C">26.7</extrmaxtemp>
        <extrmintemp description="Extreme Minimum Temperature" units="°C">2.2</extrmintemp>
        <totrain description="Total Rain" units="mm">22.1</totrain>
        <totsnow description="Total Snow" units="cm">0.0</totsnow>
        <totprecip description="Total Precipitation" units="mm">22.1</totprecip>
        <grndsnowlastday description="Snow on the Ground on the Last Day" units="cm">0</grndsnowlastday>
        <dirmaxgust description="Direction of Maximum Gust" units="10's Deg"></dirmaxgust>
        <speedmaxgust description="Speed of Maximum Gust" units="km/h"></speedmaxgust>
    </stationdata>
    <stationdata month="10" year="1950">
        <meanmaxtemp description="Mean Maximum Temperature" units="°C">16.4</meanmaxtemp>
        <meanmintemp description="Mean Minimum Temperature" units="°C">5.8</meanmintemp>
        <meanmonthtemp description="Mean Temperature" units="°C">11.1</meanmonthtemp>
        <extrmaxtemp description="Extreme Maximum Temperature" flag="S" units="°C">25.6</extrmaxtemp>
        <extrmintemp description="Extreme Minimum Temperature" units="°C">-3.3</extrmintemp>
        <totrain description="Total Rain" units="mm">78.0</totrain>
        <totsnow description="Total Snow" flag="T" units="cm">0.0</totsnow>
        <totprecip description="Total Precipitation" units="mm">78.0</totprecip>
        <grndsnowlastday description="Snow on the Ground on the Last Day" units="cm">0</grndsnowlastday>
        <dirmaxgust description="Direction of Maximum Gust" units="10's Deg"></dirmaxgust>
        <speedmaxgust description="Speed of Maximum Gust" units="km/h"></speedmaxgust>
    </stationdata>
    <stationdata month="11" year="1950">
        <meanmaxtemp description="Mean Maximum Temperature" units="°C">6.4</meanmaxtemp>
        <meanmintemp description="Mean Minimum Temperature" units="°C">-2.1</meanmintemp>
        <meanmonthtemp description="Mean Temperature" units="°C">2.2</meanmonthtemp>
        <extrmaxtemp description="Extreme Maximum Temperature" units="°C">25.0</extrmaxtemp>
        <extrmintemp description="Extreme Minimum Temperature" flag="S" units="°C">-11.7</extrmintemp>
        <totrain description="Total Rain" units="mm">40.4</totrain>
        <totsnow description="Total Snow" units="cm">50.0</totsnow>
        <totprecip description="Total Precipitation" units="mm">90.4</totprecip>
        <grndsnowlastday description="Snow on the Ground on the Last Day" units="cm">8</grndsnowlastday>
        <dirmaxgust description="Direction of Maximum Gust" units="10's Deg"></dirmaxgust>
        <speedmaxgust description="Speed of Maximum Gust" units="km/h"></speedmaxgust>
    </stationdata>
    <stationdata month="12" year="1950">
        <meanmaxtemp description="Mean Maximum Temperature" units="°C">0.0</meanmaxtemp>
        <meanmintemp description="Mean Minimum Temperature" units="°C">-6.9</meanmintemp>
        <meanmonthtemp description="Mean Temperature" units="°C">-3.5</meanmonthtemp>
        <extrmaxtemp description="Extreme Maximum Temperature" units="°C">10.6</extrmaxtemp>
        <extrmintemp description="Extreme Minimum Temperature" units="°C">-17.8</extrmintemp>
        <totrain description="Total Rain" units="mm">21.8</totrain>
        <totsnow description="Total Snow" units="cm">5.8</totsnow>
        <totprecip description="Total Precipitation" units="mm">27.7</totprecip>
        <grndsnowlastday description="Snow on the Ground on the Last Day" flag="T" units="cm">0</grndsnowlastday>
        <dirmaxgust description="Direction of Maximum Gust" units="10's Deg"></dirmaxgust>
        <speedmaxgust description="Speed of Maximum Gust" units="km/h"></speedmaxgust>
    </stationdata>
    <stationdata month="1" year="1951">
        <meanmaxtemp description="Mean Maximum Temperature" units="°C">-0.4</meanmaxtemp>
        <meanmintemp description="Mean Minimum Temperature" units="°C">-8.1</meanmintemp>
        <meanmonthtemp description="Mean Temperature" units="°C">-4.3</meanmonthtemp>
        <extrmaxtemp description="Extreme Maximum Temperature" flag="S" units="°C">10.0</extrmaxtemp>
        <extrmintemp description="Extreme Minimum Temperature" units="°C">-18.9</extrmintemp>
        <totrain description="Total Rain" units="mm">35.6</totrain>
        <totsnow description="Total Snow" units="cm">24.9</totsnow>
        <totprecip description="Total Precipitation" units="mm">60.5</totprecip>
        <grndsnowlastday description="Snow on the Ground on the Last Day" units="cm">3</grndsnowlastday>
        <dirmaxgust description="Direction of Maximum Gust" units="10's Deg"></dirmaxgust>
        <speedmaxgust description="Speed of Maximum Gust" units="km/h"></speedmaxgust>
    </stationdata>
    <stationdata month="2" year="1951">
        <meanmaxtemp description="Mean Maximum Temperature" units="°C">0.1</meanmaxtemp>
        <meanmintemp description="Mean Minimum Temperature" units="°C">-8.8</meanmintemp>
        <meanmonthtemp description="Mean Temperature" units="°C">-4.4</meanmonthtemp>
        <extrmaxtemp description="Extreme Maximum Temperature" units="°C">10.0</extrmaxtemp>
        <extrmintemp description="Extreme Minimum Temperature" units="°C">-26.1</extrmintemp>
        <totrain description="Total Rain" units="mm">33.8</totrain>
        <totsnow description="Total Snow" units="cm">10.4</totsnow>
        <totprecip description="Total Precipitation" units="mm">44.2</totprecip>
        <grndsnowlastday description="Snow on the Ground on the Last Day" flag="T" units="cm">0</grndsnowlastday>
        <dirmaxgust description="Direction of Maximum Gust" units="10's Deg"></dirmaxgust>
        <speedmaxgust description="Speed of Maximum Gust" units="km/h"></speedmaxgust>
    </stationdata>
    <stationdata month="3" year="1951">
        <meanmaxtemp description="Mean Maximum Temperature" units="°C">3.6</meanmaxtemp>
        <meanmintemp description="Mean Minimum Temperature" units="°C">-3.1</meanmintemp>
        <meanmonthtemp description="Mean Temperature" units="°C">0.3</meanmonthtemp>
        <extrmaxtemp description="Extreme Maximum Temperature" units="°C">10.6</extrmaxtemp>
        <extrmintemp description="Extreme Minimum Temperature" units="°C">-10.0</extrmintemp>
        <totrain description="Total Rain" units="mm">78.0</totrain>
        <totsnow description="Total Snow" units="cm">19.6</totsnow>
        <totprecip description="Total Precipitation" units="mm">97.5</totprecip>
        <grndsnowlastday description="Snow on the Ground on the Last Day" units="cm">0</grndsnowlastday>
        <dirmaxgust description="Direction of Maximum Gust" units="10's Deg"></dirmaxgust>
        <speedmaxgust description="Speed of Maximum Gust" units="km/h"></speedmaxgust>
    </stationdata>
    <stationdata month="4" year="1951">
        <meanmaxtemp description="Mean Maximum Temperature" units="°C">10.5</meanmaxtemp>
        <meanmintemp description="Mean Minimum Temperature" units="°C">2.1</meanmintemp>
        <meanmonthtemp description="Mean Temperature" units="°C">6.3</meanmonthtemp>
        <extrmaxtemp description="Extreme Maximum Temperature" units="°C">21.1</extrmaxtemp>
        <extrmintemp description="Extreme Minimum Temperature" units="°C">-2.2</extrmintemp>
        <totrain description="Total Rain" units="mm">108.2</totrain>
        <totsnow description="Total Snow" units="cm">0.5</totsnow>
        <totprecip description="Total Precipitation" units="mm">108.7</totprecip>
        <grndsnowlastday description="Snow on the Ground on the Last Day" units="cm">0</grndsnowlastday>
        <dirmaxgust description="Direction of Maximum Gust" units="10's Deg"></dirmaxgust>
        <speedmaxgust description="Speed of Maximum Gust" units="km/h"></speedmaxgust>
    </stationdata>
    <stationdata month="5" year="1951">
        <meanmaxtemp description="Mean Maximum Temperature" units="°C">20.2</meanmaxtemp>
        <meanmintemp description="Mean Minimum Temperature" units="°C">7.1</meanmintemp>
        <meanmonthtemp description="Mean Temperature" units="°C">13.7</meanmonthtemp>
        <extrmaxtemp description="Extreme Maximum Temperature" units="°C">30.6</extrmaxtemp>
        <extrmintemp description="Extreme Minimum Temperature" units="°C">-0.6</extrmintemp>
        <totrain description="Total Rain" units="mm">36.8</totrain>
        <totsnow description="Total Snow" flag="T" units="cm">0.0</totsnow>
        <totprecip description="Total Precipitation" units="mm">36.8</totprecip>
        <grndsnowlastday description="Snow on the Ground on the Last Day" units="cm">0</grndsnowlastday>
        <dirmaxgust description="Direction of Maximum Gust" units="10's Deg"></dirmaxgust>
        <speedmaxgust description="Speed of Maximum Gust" units="km/h"></speedmaxgust>
    </stationdata>
    <stationdata month="6" year="1951">
        <meanmaxtemp description="Mean Maximum Temperature" units="°C">23.1</meanmaxtemp>
        <meanmintemp description="Mean Minimum Temperature" units="°C">12.2</meanmintemp>
        <meanmonthtemp description="Mean Temperature" units="°C">17.7</meanmonthtemp>
        <extrmaxtemp description="Extreme Maximum Temperature" units="°C">28.9</extrmaxtemp>
        <extrmintemp description="Extreme Minimum Temperature" units="°C">6.7</extrmintemp>
        <totrain description="Total Rain" units="mm">88.4</totrain>
        <totsnow description="Total Snow" units="cm">0.0</totsnow>
        <totprecip description="Total Precipitation" units="mm">88.4</totprecip>
        <grndsnowlastday description="Snow on the Ground on the Last Day" units="cm">0</grndsnowlastday>
        <dirmaxgust description="Direction of Maximum Gust" units="10's Deg"></dirmaxgust>
        <speedmaxgust description="Speed of Maximum Gust" units="km/h"></speedmaxgust>
    </stationdata>
    <stationdata month="7" year="1951">
        <meanmaxtemp description="Mean Maximum Temperature" units="°C">26.9</meanmaxtemp>
        <meanmintemp description="Mean Minimum Temperature" units="°C">15.0</meanmintemp>
        <meanmonthtemp description="Mean Temperature" units="°C">21.0</meanmonthtemp>
        <extrmaxtemp description="Extreme Maximum Temperature" units="°C">31.7</extrmaxtemp>
        <extrmintemp description="Extreme Minimum Temperature" flag="S" units="°C">10.0</extrmintemp>
        <totrain description="Total Rain" units="mm">90.4</totrain>
        <totsnow description="Total Snow" units="cm">0.0</totsnow>
        <totprecip description="Total Precipitation" units="mm">90.4</totprecip>
        <grndsnowlastday description="Snow on the Ground on the Last Day" units="cm">0</grndsnowlastday>
        <dirmaxgust description="Direction of Maximum Gust" units="10's Deg"></dirmaxgust>
        <speedmaxgust description="Speed of Maximum Gust" units="km/h"></speedmaxgust>
    </stationdata>
    <stationdata month="8" year="1951">
        <meanmaxtemp description="Mean Maximum Temperature" units="°C">25.6</meanmaxtemp>
        <meanmintemp description="Mean Minimum Temperature" units="°C">13.3</meanmintemp>
        <meanmonthtemp description="Mean Temperature" units="°C">19.5</meanmonthtemp>
        <extrmaxtemp description="Extreme Maximum Temperature" flag="S" units="°C">32.2</extrmaxtemp>
        <extrmintemp description="Extreme Minimum Temperature" flag="S" units="°C">7.2</extrmintemp>
        <totrain description="Total Rain" units="mm">52.3</totrain>
        <totsnow description="Total Snow" units="cm">0.0</totsnow>
        <totprecip description="Total Precipitation" units="mm">52.3</totprecip>
        <grndsnowlastday description="Snow on the Ground on the Last Day" units="cm">0</grndsnowlastday>
        <dirmaxgust description="Direction of Maximum Gust" units="10's Deg"></dirmaxgust>
        <speedmaxgust description="Speed of Maximum Gust" units="km/h"></speedmaxgust>
    </stationdata>
    <stationdata month="9" year="1951">
        <meanmaxtemp description="Mean Maximum Temperature" units="°C">21.8</meanmaxtemp>
        <meanmintemp description="Mean Minimum Temperature" units="°C">9.1</meanmintemp>
        <meanmonthtemp description="Mean Temperature" units="°C">15.5</meanmonthtemp>
        <extrmaxtemp description="Extreme Maximum Temperature" units="°C">30.6</extrmaxtemp>
        <extrmintemp description="Extreme Minimum Temperature" units="°C">-1.1</extrmintemp>
        <totrain description="Total Rain" units="mm">41.7</totrain>
        <totsnow description="Total Snow" units="cm">0.0</totsnow>
        <totprecip description="Total Precipitation" units="mm">41.7</totprecip>
        <grndsnowlastday description="Snow on the Ground on the Last Day" units="cm">0</grndsnowlastday>
        <dirmaxgust description="Direction of Maximum Gust" units="10's Deg"></dirmaxgust>
        <speedmaxgust description="Speed of Maximum Gust" units="km/h"></speedmaxgust>
    </stationdata>
    <stationdata month="10" year="1951">
        <meanmaxtemp description="Mean Maximum Temperature" units="°C">15.0</meanmaxtemp>
        <meanmintemp description="Mean Minimum Temperature" units="°C">4.7</meanmintemp>
        <meanmonthtemp description="Mean Temperature" units="°C">9.9</meanmonthtemp>
        <extrmaxtemp description="Extreme Maximum Temperature" units="°C">30.6</extrmaxtemp>
        <extrmintemp description="Extreme Minimum Temperature" flag="S" units="°C">-1.1</extrmintemp>
        <totrain description="Total Rain" units="mm">60.5</totrain>
        <totsnow description="Total Snow" units="cm">0.0</totsnow>
        <totprecip description="Total Precipitation" units="mm">60.5</totprecip>
        <grndsnowlastday description="Snow on the Ground on the Last Day" units="cm">0</grndsnowlastday>
        <dirmaxgust description="Direction of Maximum Gust" units="10's Deg"></dirmaxgust>
        <speedmaxgust description="Speed of Maximum Gust" units="km/h"></speedmaxgust>
    </stationdata>
    <stationdata month="11" year="1951">
        <meanmaxtemp description="Mean Maximum Temperature" units="°C">3.7</meanmaxtemp>
        <meanmintemp description="Mean Minimum Temperature" units="°C">-3.3</meanmintemp>
        <meanmonthtemp description="Mean Temperature" units="°C">0.2</meanmonthtemp>
        <extrmaxtemp description="Extreme Maximum Temperature" flag="S" units="°C">14.4</extrmaxtemp>
        <extrmintemp description="Extreme Minimum Temperature" units="°C">-12.8</extrmintemp>
        <totrain description="Total Rain" units="mm">45.5</totrain>
        <totsnow description="Total Snow" units="cm">25.1</totsnow>
        <totprecip description="Total Precipitation" units="mm">70.6</totprecip>
        <grndsnowlastday description="Snow on the Ground on the Last Day" units="cm">0</grndsnowlastday>
        <dirmaxgust description="Direction of Maximum Gust" units="10's Deg"></dirmaxgust>
        <speedmaxgust description="Speed of Maximum Gust" units="km/h"></speedmaxgust>
    </stationdata>
    <stationdata month="12" year="1951">
        <meanmaxtemp description="Mean Maximum Temperature" units="°C">0.8</meanmaxtemp>
        <meanmintemp description="Mean Minimum Temperature" units="°C">-7.7</meanmintemp>
        <meanmonthtemp description="Mean Temperature" units="°C">-3.5</meanmonthtemp>
        <extrmaxtemp description="Extreme Maximum Temperature" units="°C">15.6</extrmaxtemp>
        <extrmintemp description="Extreme Minimum Temperature" units="°C">-23.3</extrmintemp>
        <totrain description="Total Rain" units="mm">13.0</totrain>
        <totsnow description="Total Snow" units="cm">86.6</totsnow>
        <totprecip description="Total Precipitation" units="mm">99.6</totprecip>
        <grndsnowlastday description="Snow on the Ground on the Last Day" units="cm">13</grndsnowlastday>
        <dirmaxgust description="Direction of Maximum Gust" units="10's Deg"></dirmaxgust>
        <speedmaxgust description="Speed of Maximum Gust" units="km/h"></speedmaxgust>
    </stationdata>
    <stationdata month="1" year="1952">
        <meanmaxtemp description="Mean Maximum Temperature" units="°C">-0.3</meanmaxtemp>
        <meanmintemp description="Mean Minimum Temperature" units="°C">-9.1</meanmintemp>
        <meanmonthtemp description="Mean Temperature" units="°C">-4.7</meanmonthtemp>
        <extrmaxtemp description="Extreme Maximum Temperature" flag="S" units="°C">6.7</extrmaxtemp>
        <extrmintemp description="Extreme Minimum Temperature" units="°C">-23.3</extrmintemp>
        <totrain description="Total Rain" units="mm">23.6</totrain>
        <totsnow description="Total Snow" units="cm">43.7</totsnow>
        <totprecip description="Total Precipitation" units="mm">67.3</totprecip>
        <grndsnowlastday description="Snow on the Ground on the Last Day" units="cm">8</grndsnowlastday>
        <dirmaxgust description="Direction of Maximum Gust" units="10's Deg"></dirmaxgust>
        <speedmaxgust description="Speed of Maximum Gust" units="km/h"></speedmaxgust>
    </stationdata>
    <stationdata month="2" year="1952">
        <meanmaxtemp description="Mean Maximum Temperature" units="°C">-0.1</meanmaxtemp>
        <meanmintemp description="Mean Minimum Temperature" units="°C">-7.3</meanmintemp>
        <meanmonthtemp description="Mean Temperature" units="°C">-3.7</meanmonthtemp>
        <extrmaxtemp description="Extreme Maximum Temperature" units="°C">5.0</extrmaxtemp>
        <extrmintemp description="Extreme Minimum Temperature" units="°C">-18.9</extrmintemp>
        <totrain description="Total Rain" units="mm">20.1</totrain>
        <totsnow description="Total Snow" units="cm">20.8</totsnow>
        <totprecip description="Total Precipitation" units="mm">40.9</totprecip>
        <grndsnowlastday description="Snow on the Ground on the Last Day" flag="T" units="cm">0</grndsnowlastday>
        <dirmaxgust description="Direction of Maximum Gust" units="10's Deg"></dirmaxgust>
        <speedmaxgust description="Speed of Maximum Gust" units="km/h"></speedmaxgust>
    </stationdata>
    <stationdata month="3" year="1952">
        <meanmaxtemp description="Mean Maximum Temperature" units="°C">2.5</meanmaxtemp>
        <meanmintemp description="Mean Minimum Temperature" units="°C">-4.7</meanmintemp>
        <meanmonthtemp description="Mean Temperature" units="°C">-1.1</meanmonthtemp>
        <extrmaxtemp description="Extreme Maximum Temperature" units="°C">17.2</extrmaxtemp>
        <extrmintemp description="Extreme Minimum Temperature" units="°C">-10.6</extrmintemp>
        <totrain description="Total Rain" units="mm">58.9</totrain>
        <totsnow description="Total Snow" units="cm">7.6</totsnow>
        <totprecip description="Total Precipitation" units="mm">66.5</totprecip>
        <grndsnowlastday description="Snow on the Ground on the Last Day" units="cm">0</grndsnowlastday>
        <dirmaxgust description="Direction of Maximum Gust" units="10's Deg"></dirmaxgust>
        <speedmaxgust description="Speed of Maximum Gust" units="km/h"></speedmaxgust>
    </stationdata>
    <stationdata month="4" year="1952">
        <meanmaxtemp description="Mean Maximum Temperature" units="°C">13.9</meanmaxtemp>
        <meanmintemp description="Mean Minimum Temperature" units="°C">2.9</meanmintemp>
        <meanmonthtemp description="Mean Temperature" units="°C">8.4</meanmonthtemp>
        <extrmaxtemp description="Extreme Maximum Temperature" units="°C">26.7</extrmaxtemp>
        <extrmintemp description="Extreme Minimum Temperature" units="°C">-2.8</extrmintemp>
        <totrain description="Total Rain" units="mm">57.9</totrain>
        <totsnow description="Total Snow" units="cm">0.5</totsnow>
        <totprecip description="Total Precipitation" units="mm">58.4</totprecip>
        <grndsnowlastday description="Snow on the Ground on the Last Day" units="cm">0</grndsnowlastday>
        <dirmaxgust description="Direction of Maximum Gust" units="10's Deg"></dirmaxgust>
        <speedmaxgust description="Speed of Maximum Gust" units="km/h"></speedmaxgust>
    </stationdata>
    <stationdata month="5" year="1952">
        <meanmaxtemp description="Mean Maximum Temperature" units="°C">17.3</meanmaxtemp>
        <meanmintemp description="Mean Minimum Temperature" units="°C">5.7</meanmintemp>
        <meanmonthtemp description="Mean Temperature" units="°C">11.5</meanmonthtemp>
        <extrmaxtemp description="Extreme Maximum Temperature" units="°C">24.4</extrmaxtemp>
        <extrmintemp description="Extreme Minimum Temperature" units="°C">-0.6</extrmintemp>
        <totrain description="Total Rain" units="mm">72.6</totrain>
        <totsnow description="Total Snow" units="cm">0.0</totsnow>
        <totprecip description="Total Precipitation" units="mm">72.6</totprecip>
        <grndsnowlastday description="Snow on the Ground on the Last Day" units="cm">0</grndsnowlastday>
        <dirmaxgust description="Direction of Maximum Gust" units="10's Deg"></dirmaxgust>
        <speedmaxgust description="Speed of Maximum Gust" units="km/h"></speedmaxgust>
    </stationdata>
    <stationdata month="6" year="1952">
        <meanmaxtemp description="Mean Maximum Temperature" units="°C">25.2</meanmaxtemp>
        <meanmintemp description="Mean Minimum Temperature" units="°C">12.9</meanmintemp>
        <meanmonthtemp description="Mean Temperature" units="°C">19.1</meanmonthtemp>
        <extrmaxtemp description="Extreme Maximum Temperature" units="°C">36.7</extrmaxtemp>
        <extrmintemp description="Extreme Minimum Temperature" units="°C">6.1</extrmintemp>
        <totrain description="Total Rain" units="mm">29.0</totrain>
        <totsnow description="Total Snow" units="cm">0.0</totsnow>
        <totprecip description="Total Precipitation" units="mm">29.0</totprecip>
        <grndsnowlastday description="Snow on the Ground on the Last Day" units="cm">0</grndsnowlastday>
        <dirmaxgust description="Direction of Maximum Gust" units="10's Deg"></dirmaxgust>
        <speedmaxgust description="Speed of Maximum Gust" units="km/h"></speedmaxgust>
    </stationdata>
    <stationdata month="7" year="1952">
        <meanmaxtemp description="Mean Maximum Temperature" units="°C">29.2</meanmaxtemp>
        <meanmintemp description="Mean Minimum Temperature" units="°C">16.3</meanmintemp>
        <meanmonthtemp description="Mean Temperature" units="°C">22.8</meanmonthtemp>
        <extrmaxtemp description="Extreme Maximum Temperature" units="°C">34.4</extrmaxtemp>
        <extrmintemp description="Extreme Minimum Temperature" units="°C">9.4</extrmintemp>
        <totrain description="Total Rain" units="mm">68.8</totrain>
        <totsnow description="Total Snow" units="cm">0.0</totsnow>
        <totprecip description="Total Precipitation" units="mm">68.8</totprecip>
        <grndsnowlastday description="Snow on the Ground on the Last Day" units="cm">0</grndsnowlastday>
        <dirmaxgust description="Direction of Maximum Gust" units="10's Deg"></dirmaxgust>
        <speedmaxgust description="Speed of Maximum Gust" units="km/h"></speedmaxgust>
    </stationdata>
    <stationdata month="8" year="1952">
        <meanmaxtemp description="Mean Maximum Temperature" units="°C">26.1</meanmaxtemp>
        <meanmintemp description="Mean Minimum Temperature" units="°C">13.5</meanmintemp>
        <meanmonthtemp description="Mean Temperature" units="°C">19.8</meanmonthtemp>
        <extrmaxtemp description="Extreme Maximum Temperature" units="°C">32.2</extrmaxtemp>
        <extrmintemp description="Extreme Minimum Temperature" units="°C">5.6</extrmintemp>
        <totrain description="Total Rain" units="mm">61.0</totrain>
        <totsnow description="Total Snow" units="cm">0.0</totsnow>
        <totprecip description="Total Precipitation" units="mm">61.0</totprecip>
        <grndsnowlastday description="Snow on the Ground on the Last Day" units="cm">0</grndsnowlastday>
        <dirmaxgust description="Direction of Maximum Gust" units="10's Deg"></dirmaxgust>
        <speedmaxgust description="Speed of Maximum Gust" units="km/h"></speedmaxgust>
    </stationdata>
    <stationdata month="9" year="1952">
        <meanmaxtemp description="Mean Maximum Temperature" units="°C">23.8</meanmaxtemp>
        <meanmintemp description="Mean Minimum Temperature" units="°C">10.3</meanmintemp>
        <meanmonthtemp description="Mean Temperature" units="°C">17.1</meanmonthtemp>
        <extrmaxtemp description="Extreme Maximum Temperature" units="°C">35.0</extrmaxtemp>
        <extrmintemp description="Extreme Minimum Temperature" units="°C">2.2</extrmintemp>
        <totrain description="Total Rain" units="mm">60.2</totrain>
        <totsnow description="Total Snow" units="cm">0.0</totsnow>
        <totprecip description="Total Precipitation" units="mm">60.2</totprecip>
        <grndsnowlastday description="Snow on the Ground on the Last Day" units="cm">0</grndsnowlastday>
        <dirmaxgust description="Direction of Maximum Gust" units="10's Deg"></dirmaxgust>
        <speedmaxgust description="Speed of Maximum Gust" units="km/h"></speedmaxgust>
    </stationdata>
    <stationdata month="10" year="1952">
        <meanmaxtemp description="Mean Maximum Temperature" units="°C">12.8</meanmaxtemp>
        <meanmintemp description="Mean Minimum Temperature" units="°C">0.9</meanmintemp>
        <meanmonthtemp description="Mean Temperature" units="°C">6.9</meanmonthtemp>
        <extrmaxtemp description="Extreme Maximum Temperature" units="°C">26.1</extrmaxtemp>
        <extrmintemp description="Extreme Minimum Temperature" units="°C">-6.7</extrmintemp>
        <totrain description="Total Rain" units="mm">16.5</totrain>
        <totsnow description="Total Snow" units="cm">0.8</totsnow>
        <totprecip description="Total Precipitation" units="mm">17.3</totprecip>
        <grndsnowlastday description="Snow on the Ground on the Last Day" units="cm">0</grndsnowlastday>
        <dirmaxgust description="Direction of Maximum Gust" units="10's Deg"></dirmaxgust>
        <speedmaxgust description="Speed of Maximum Gust" units="km/h"></speedmaxgust>
    </stationdata>
    <stationdata month="11" year="1952">
        <meanmaxtemp description="Mean Maximum Temperature" units="°C">8.7</meanmaxtemp>
        <meanmintemp description="Mean Minimum Temperature" units="°C">0.4</meanmintemp>
        <meanmonthtemp description="Mean Temperature" units="°C">4.6</meanmonthtemp>
        <extrmaxtemp description="Extreme Maximum Temperature" flag="S" units="°C">20.0</extrmaxtemp>
        <extrmintemp description="Extreme Minimum Temperature" flag="S" units="°C">-7.2</extrmintemp>
        <totrain description="Total Rain" units="mm">90.7</totrain>
        <totsnow description="Total Snow" flag="T" units="cm">0.0</totsnow>
        <totprecip description="Total Precipitation" units="mm">90.7</totprecip>
        <grndsnowlastday description="Snow on the Ground on the Last Day" units="cm">0</grndsnowlastday>
        <dirmaxgust description="Direction of Maximum Gust" units="10's Deg"></dirmaxgust>
        <speedmaxgust description="Speed of Maximum Gust" units="km/h"></speedmaxgust>
    </stationdata>
    <stationdata month="12" year="1952">
        <meanmaxtemp description="Mean Maximum Temperature" units="°C">2.9</meanmaxtemp>
        <meanmintemp description="Mean Minimum Temperature" units="°C">-3.3</meanmintemp>
        <meanmonthtemp description="Mean Temperature" units="°C">-0.2</meanmonthtemp>
        <extrmaxtemp description="Extreme Maximum Temperature" units="°C">11.1</extrmaxtemp>
        <extrmintemp description="Extreme Minimum Temperature" units="°C">-17.8</extrmintemp>
        <totrain description="Total Rain" units="mm">28.7</totrain>
        <totsnow description="Total Snow" units="cm">11.4</totsnow>
        <totprecip description="Total Precipitation" units="mm">40.1</totprecip>
        <grndsnowlastday description="Snow on the Ground on the Last Day" flag="T" units="cm">0</grndsnowlastday>
        <dirmaxgust description="Direction of Maximum Gust" units="10's Deg"></dirmaxgust>
        <speedmaxgust description="Speed of Maximum Gust" units="km/h"></speedmaxgust>
    </stationdata>
    <stationdata month="1" year="1953">
        <meanmaxtemp description="Mean Maximum Temperature" units="°C">0.9</meanmaxtemp>
        <meanmintemp description="Mean Minimum Temperature" units="°C">-6.6</meanmintemp>
        <meanmonthtemp description="Mean Temperature" units="°C">-2.9</meanmonthtemp>
        <extrmaxtemp description="Extreme Maximum Temperature" units="°C">10.6</extrmaxtemp>
        <extrmintemp description="Extreme Minimum Temperature" units="°C">-15.6</extrmintemp>
        <totrain description="Total Rain" units="mm">26.4</totrain>
        <totsnow description="Total Snow" units="cm">16.8</totsnow>
        <totprecip description="Total Precipitation" units="mm">43.2</totprecip>
        <grndsnowlastday description="Snow on the Ground on the Last Day" units="cm">0</grndsnowlastday>
        <dirmaxgust description="Direction of Maximum Gust" units="10's Deg"></dirmaxgust>
        <speedmaxgust description="Speed of Maximum Gust" units="km/h"></speedmaxgust>
    </stationdata>
    <stationdata month="2" year="1953">
        <meanmaxtemp description="Mean Maximum Temperature" units="°C">1.6</meanmaxtemp>
        <meanmintemp description="Mean Minimum Temperature" units="°C">-6.4</meanmintemp>
        <meanmonthtemp description="Mean Temperature" units="°C">-2.4</meanmonthtemp>
        <extrmaxtemp description="Extreme Maximum Temperature" flag="S" units="°C">11.7</extrmaxtemp>
        <extrmintemp description="Extreme Minimum Temperature" units="°C">-17.2</extrmintemp>
        <totrain description="Total Rain" units="mm">11.4</totrain>
        <totsnow description="Total Snow" units="cm">24.6</totsnow>
        <totprecip description="Total Precipitation" units="mm">36.1</totprecip>
        <grndsnowlastday description="Snow on the Ground on the Last Day" units="cm">0</grndsnowlastday>
        <dirmaxgust description="Direction of Maximum Gust" units="10's Deg"></dirmaxgust>
        <speedmaxgust description="Speed of Maximum Gust" units="km/h"></speedmaxgust>
    </stationdata>
    <stationdata month="3" year="1953">
        <meanmaxtemp description="Mean Maximum Temperature" units="°C">5.2</meanmaxtemp>
        <meanmintemp description="Mean Minimum Temperature" units="°C">-2.9</meanmintemp>
        <meanmonthtemp description="Mean Temperature" units="°C">1.2</meanmonthtemp>
        <extrmaxtemp description="Extreme Maximum Temperature" units="°C">15.0</extrmaxtemp>
        <extrmintemp description="Extreme Minimum Temperature" units="°C">-15.0</extrmintemp>
        <totrain description="Total Rain" units="mm">66.8</totrain>
        <totsnow description="Total Snow" units="cm">0.3</totsnow>
        <totprecip description="Total Precipitation" units="mm">67.1</totprecip>
        <grndsnowlastday description="Snow on the Ground on the Last Day" units="cm">0</grndsnowlastday>
        <dirmaxgust description="Direction of Maximum Gust" units="10's Deg"></dirmaxgust>
        <speedmaxgust description="Speed of Maximum Gust" units="km/h"></speedmaxgust>
    </stationdata>
    <stationdata month="4" year="1953">
        <meanmaxtemp description="Mean Maximum Temperature" units="°C">10.3</meanmaxtemp>
        <meanmintemp description="Mean Minimum Temperature" units="°C">1.1</meanmintemp>
        <meanmonthtemp description="Mean Temperature" units="°C">5.7</meanmonthtemp>
        <extrmaxtemp description="Extreme Maximum Temperature" units="°C">17.8</extrmaxtemp>
        <extrmintemp description="Extreme Minimum Temperature" units="°C">-5.0</extrmintemp>
        <totrain description="Total Rain" units="mm">62.0</totrain>
        <totsnow description="Total Snow" flag="T" units="cm">0.0</totsnow>
        <totprecip description="Total Precipitation" units="mm">62.0</totprecip>
        <grndsnowlastday description="Snow on the Ground on the Last Day" units="cm">0</grndsnowlastday>
        <dirmaxgust description="Direction of Maximum Gust" units="10's Deg"></dirmaxgust>
        <speedmaxgust description="Speed of Maximum Gust" units="km/h"></speedmaxgust>
    </stationdata>
    <stationdata month="5" year="1953">
        <meanmaxtemp description="Mean Maximum Temperature" units="°C">18.1</meanmaxtemp>
        <meanmintemp description="Mean Minimum Temperature" units="°C">7.9</meanmintemp>
        <meanmonthtemp description="Mean Temperature" units="°C">13.0</meanmonthtemp>
        <extrmaxtemp description="Extreme Maximum Temperature" units="°C">30.0</extrmaxtemp>
        <extrmintemp description="Extreme Minimum Temperature" flag="S" units="°C">3.3</extrmintemp>
        <totrain description="Total Rain" units="mm">136.1</totrain>
        <totsnow description="Total Snow" units="cm">0.0</totsnow>
        <totprecip description="Total Precipitation" units="mm">136.1</totprecip>
        <grndsnowlastday description="Snow on the Ground on the Last Day" units="cm">0</grndsnowlastday>
        <dirmaxgust description="Direction of Maximum Gust" units="10's Deg"></dirmaxgust>
        <speedmaxgust description="Speed of Maximum Gust" units="km/h"></speedmaxgust>
    </stationdata>
    <stationdata month="6" year="1953">
        <meanmaxtemp description="Mean Maximum Temperature" units="°C">24.2</meanmaxtemp>
        <meanmintemp description="Mean Minimum Temperature" units="°C">12.7</meanmintemp>
        <meanmonthtemp description="Mean Temperature" units="°C">18.5</meanmonthtemp>
        <extrmaxtemp description="Extreme Maximum Temperature" units="°C">32.2</extrmaxtemp>
        <extrmintemp description="Extreme Minimum Temperature" units="°C">6.7</extrmintemp>
        <totrain description="Total Rain" units="mm">69.6</totrain>
        <totsnow description="Total Snow" units="cm">0.0</totsnow>
        <totprecip description="Total Precipitation" units="mm">69.6</totprecip>
        <grndsnowlastday description="Snow on the Ground on the Last Day" units="cm">0</grndsnowlastday>
        <dirmaxgust description="Direction of Maximum Gust" units="10's Deg"></dirmaxgust>
        <speedmaxgust description="Speed of Maximum Gust" units="km/h"></speedmaxgust>
    </stationdata>
    <stationdata month="7" year="1953">
        <meanmaxtemp description="Mean Maximum Temperature" units="°C">27.2</meanmaxtemp>
        <meanmintemp description="Mean Minimum Temperature" units="°C">15.1</meanmintemp>
        <meanmonthtemp description="Mean Temperature" units="°C">21.2</meanmonthtemp>
        <extrmaxtemp description="Extreme Maximum Temperature" units="°C">32.2</extrmaxtemp>
        <extrmintemp description="Extreme Minimum Temperature" flag="S" units="°C">7.8</extrmintemp>
        <totrain description="Total Rain" units="mm">71.9</totrain>
        <totsnow description="Total Snow" units="cm">0.0</totsnow>
        <totprecip description="Total Precipitation" units="mm">71.9</totprecip>
        <grndsnowlastday description="Snow on the Ground on the Last Day" units="cm">0</grndsnowlastday>
        <dirmaxgust description="Direction of Maximum Gust" units="10's Deg"></dirmaxgust>
        <speedmaxgust description="Speed of Maximum Gust" units="km/h"></speedmaxgust>
    </stationdata>
    <stationdata month="8" year="1953">
        <meanmaxtemp description="Mean Maximum Temperature" units="°C">26.8</meanmaxtemp>
        <meanmintemp description="Mean Minimum Temperature" units="°C">14.4</meanmintemp>
        <meanmonthtemp description="Mean Temperature" units="°C">20.6</meanmonthtemp>
        <extrmaxtemp description="Extreme Maximum Temperature" units="°C">35.0</extrmaxtemp>
        <extrmintemp description="Extreme Minimum Temperature" units="°C">7.8</extrmintemp>
        <totrain description="Total Rain" units="mm">102.9</totrain>
        <totsnow description="Total Snow" units="cm">0.0</totsnow>
        <totprecip description="Total Precipitation" units="mm">102.9</totprecip>
        <grndsnowlastday description="Snow on the Ground on the Last Day" units="cm">0</grndsnowlastday>
        <dirmaxgust description="Direction of Maximum Gust" units="10's Deg"></dirmaxgust>
        <speedmaxgust description="Speed of Maximum Gust" units="km/h"></speedmaxgust>
    </stationdata>
    <stationdata month="9" year="1953">
        <meanmaxtemp description="Mean Maximum Temperature" units="°C">22.0</meanmaxtemp>
        <meanmintemp description="Mean Minimum Temperature" units="°C">9.9</meanmintemp>
        <meanmonthtemp description="Mean Temperature" units="°C">16.0</meanmonthtemp>
        <extrmaxtemp description="Extreme Maximum Temperature" units="°C">36.7</extrmaxtemp>
        <extrmintemp description="Extreme Minimum Temperature" units="°C">-0.6</extrmintemp>
        <totrain description="Total Rain" units="mm">72.9</totrain>
        <totsnow description="Total Snow" units="cm">0.0</totsnow>
        <totprecip description="Total Precipitation" units="mm">72.9</totprecip>
        <grndsnowlastday description="Snow on the Ground on the Last Day" units="cm">0</grndsnowlastday>
        <dirmaxgust description="Direction of Maximum Gust" units="10's Deg"></dirmaxgust>
        <speedmaxgust description="Speed of Maximum Gust" units="km/h"></speedmaxgust>
    </stationdata>
    <stationdata month="10" year="1953">
        <meanmaxtemp description="Mean Maximum Temperature" units="°C">16.8</meanmaxtemp>
        <meanmintemp description="Mean Minimum Temperature" units="°C">4.1</meanmintemp>
        <meanmonthtemp description="Mean Temperature" units="°C">10.5</meanmonthtemp>
        <extrmaxtemp description="Extreme Maximum Temperature" units="°C">25.0</extrmaxtemp>
        <extrmintemp description="Extreme Minimum Temperature" units="°C">-2.2</extrmintemp>
        <totrain description="Total Rain" units="mm">19.3</totrain>
        <totsnow description="Total Snow" units="cm">0.0</totsnow>
        <totprecip description="Total Precipitation" units="mm">19.3</totprecip>
        <grndsnowlastday description="Snow on the Ground on the Last Day" units="cm">0</grndsnowlastday>
        <dirmaxgust description="Direction of Maximum Gust" units="10's Deg"></dirmaxgust>
        <speedmaxgust description="Speed of Maximum Gust" units="km/h"></speedmaxgust>
    </stationdata>
    <stationdata month="11" year="1953">
        <meanmaxtemp description="Mean Maximum Temperature" units="°C">9.7</meanmaxtemp>
        <meanmintemp description="Mean Minimum Temperature" units="°C">1.1</meanmintemp>
        <meanmonthtemp description="Mean Temperature" units="°C">5.4</meanmonthtemp>
        <extrmaxtemp description="Extreme Maximum Temperature" units="°C">19.4</extrmaxtemp>
        <extrmintemp description="Extreme Minimum Temperature" units="°C">-7.8</extrmintemp>
        <totrain description="Total Rain" units="mm">27.4</totrain>
        <totsnow description="Total Snow" units="cm">14.5</totsnow>
        <totprecip description="Total Precipitation" units="mm">41.9</totprecip>
        <grndsnowlastday description="Snow on the Ground on the Last Day" flag="T" units="cm">0</grndsnowlastday>
        <dirmaxgust description="Direction of Maximum Gust" units="10's Deg"></dirmaxgust>
        <speedmaxgust description="Speed of Maximum Gust" units="km/h"></speedmaxgust>
    </stationdata>
    <stationdata month="12" year="1953">
        <meanmaxtemp description="Mean Maximum Temperature" units="°C">3.0</meanmaxtemp>
        <meanmintemp description="Mean Minimum Temperature" units="°C">-4.2</meanmintemp>
        <meanmonthtemp description="Mean Temperature" units="°C">-0.6</meanmonthtemp>
        <extrmaxtemp description="Extreme Maximum Temperature" flag="S" units="°C">12.8</extrmaxtemp>
        <extrmintemp description="Extreme Minimum Temperature" units="°C">-18.3</extrmintemp>
        <totrain description="Total Rain" units="mm">25.9</totrain>
        <totsnow description="Total Snow" units="cm">21.6</totsnow>
        <totprecip description="Total Precipitation" units="mm">47.5</totprecip>
        <grndsnowlastday description="Snow on the Ground on the Last Day" flag="T" units="cm">0</grndsnowlastday>
        <dirmaxgust description="Direction of Maximum Gust" units="10's Deg"></dirmaxgust>
        <speedmaxgust description="Speed of Maximum Gust" units="km/h"></speedmaxgust>
    </stationdata>
    <stationdata month="1" year="1954">
        <meanmaxtemp description="Mean Maximum Temperature" units="°C">-3.7</meanmaxtemp>
        <meanmintemp description="Mean Minimum Temperature" units="°C">-12.3</meanmintemp>
        <meanmonthtemp description="Mean Temperature" units="°C">-8.0</meanmonthtemp>
        <extrmaxtemp description="Extreme Maximum Temperature" units="°C">6.7</extrmaxtemp>
        <extrmintemp description="Extreme Minimum Temperature" units="°C">-23.3</extrmintemp>
        <totrain description="Total Rain" units="mm">17.0</totrain>
        <totsnow description="Total Snow" units="cm">35.3</totsnow>
        <totprecip description="Total Precipitation" units="mm">52.3</totprecip>
        <grndsnowlastday description="Snow on the Ground on the Last Day" units="cm">20</grndsnowlastday>
        <dirmaxgust description="Direction of Maximum Gust" units="10's Deg"></dirmaxgust>
        <speedmaxgust description="Speed of Maximum Gust" units="km/h"></speedmaxgust>
    </stationdata>
    <stationdata month="2" year="1954">
        <meanmaxtemp description="Mean Maximum Temperature" units="°C">2.4</meanmaxtemp>
        <meanmintemp description="Mean Minimum Temperature" units="°C">-6.1</meanmintemp>
        <meanmonthtemp description="Mean Temperature" units="°C">-1.9</meanmonthtemp>
        <extrmaxtemp description="Extreme Maximum Temperature" units="°C">12.2</extrmaxtemp>
        <extrmintemp description="Extreme Minimum Temperature" units="°C">-22.2</extrmintemp>
        <totrain description="Total Rain" units="mm">27.2</totrain>
        <totsnow description="Total Snow" units="cm">32.8</totsnow>
        <totprecip description="Total Precipitation" units="mm">59.9</totprecip>
        <grndsnowlastday description="Snow on the Ground on the Last Day" flag="T" units="cm">0</grndsnowlastday>
        <dirmaxgust description="Direction of Maximum Gust" units="10's Deg"></dirmaxgust>
        <speedmaxgust description="Speed of Maximum Gust" units="km/h"></speedmaxgust>
    </stationdata>
    <stationdata month="3" year="1954">
        <meanmaxtemp description="Mean Maximum Temperature" units="°C">2.6</meanmaxtemp>
        <meanmintemp description="Mean Minimum Temperature" units="°C">-4.9</meanmintemp>
        <meanmonthtemp description="Mean Temperature" units="°C">-1.2</meanmonthtemp>
        <extrmaxtemp description="Extreme Maximum Temperature" units="°C">16.7</extrmaxtemp>
        <extrmintemp description="Extreme Minimum Temperature" units="°C">-12.8</extrmintemp>
        <totrain description="Total Rain" units="mm">56.6</totrain>
        <totsnow description="Total Snow" units="cm">20.3</totsnow>
        <totprecip description="Total Precipitation" units="mm">77.0</totprecip>
        <grndsnowlastday description="Snow on the Ground on the Last Day" flag="T" units="cm">0</grndsnowlastday>
        <dirmaxgust description="Direction of Maximum Gust" units="10's Deg"></dirmaxgust>
        <speedmaxgust description="Speed of Maximum Gust" units="km/h"></speedmaxgust>
    </stationdata>
    <stationdata month="4" year="1954">
        <meanmaxtemp description="Mean Maximum Temperature" units="°C">12.2</meanmaxtemp>
        <meanmintemp description="Mean Minimum Temperature" units="°C">1.8</meanmintemp>
        <meanmonthtemp description="Mean Temperature" units="°C">7.0</meanmonthtemp>
        <extrmaxtemp description="Extreme Maximum Temperature" units="°C">23.3</extrmaxtemp>
        <extrmintemp description="Extreme Minimum Temperature" units="°C">-12.2</extrmintemp>
        <totrain description="Total Rain" units="mm">91.4</totrain>
        <totsnow description="Total Snow" flag="T" units="cm">0.0</totsnow>
        <totprecip description="Total Precipitation" units="mm">91.4</totprecip>
        <grndsnowlastday description="Snow on the Ground on the Last Day" units="cm">0</grndsnowlastday>
        <dirmaxgust description="Direction of Maximum Gust" units="10's Deg"></dirmaxgust>
        <speedmaxgust description="Speed of Maximum Gust" units="km/h"></speedmaxgust>
    </stationdata>
    <stationdata month="5" year="1954">
        <meanmaxtemp description="Mean Maximum Temperature" units="°C">17.3</meanmaxtemp>
        <meanmintemp description="Mean Minimum Temperature" units="°C">5.2</meanmintemp>
        <meanmonthtemp description="Mean Temperature" units="°C">11.3</meanmonthtemp>
        <extrmaxtemp description="Extreme Maximum Temperature" units="°C">26.7</extrmaxtemp>
        <extrmintemp description="Extreme Minimum Temperature" units="°C">0.0</extrmintemp>
        <totrain description="Total Rain" units="mm">19.3</totrain>
        <totsnow description="Total Snow" flag="T" units="cm">0.0</totsnow>
        <totprecip description="Total Precipitation" units="mm">19.3</totprecip>
        <grndsnowlastday description="Snow on the Ground on the Last Day" units="cm">0</grndsnowlastday>
        <dirmaxgust description="Direction of Maximum Gust" units="10's Deg"></dirmaxgust>
        <speedmaxgust description="Speed of Maximum Gust" units="km/h"></speedmaxgust>
    </stationdata>
    <stationdata month="6" year="1954">
        <meanmaxtemp description="Mean Maximum Temperature" units="°C">24.4</meanmaxtemp>
        <meanmintemp description="Mean Minimum Temperature" units="°C">14.1</meanmintemp>
        <meanmonthtemp description="Mean Temperature" units="°C">19.3</meanmonthtemp>
        <extrmaxtemp description="Extreme Maximum Temperature" units="°C">31.7</extrmaxtemp>
        <extrmintemp description="Extreme Minimum Temperature" flag="S" units="°C">7.8</extrmintemp>
        <totrain description="Total Rain" units="mm">116.1</totrain>
        <totsnow description="Total Snow" units="cm">0.0</totsnow>
        <totprecip description="Total Precipitation" units="mm">116.1</totprecip>
        <grndsnowlastday description="Snow on the Ground on the Last Day" units="cm">0</grndsnowlastday>
        <dirmaxgust description="Direction of Maximum Gust" units="10's Deg"></dirmaxgust>
        <speedmaxgust description="Speed of Maximum Gust" units="km/h"></speedmaxgust>
    </stationdata>
    <stationdata month="7" year="1954">
        <meanmaxtemp description="Mean Maximum Temperature" units="°C">26.8</meanmaxtemp>
        <meanmintemp description="Mean Minimum Temperature" units="°C">13.4</meanmintemp>
        <meanmonthtemp description="Mean Temperature" units="°C">20.1</meanmonthtemp>
        <extrmaxtemp description="Extreme Maximum Temperature" flag="S" units="°C">32.8</extrmaxtemp>
        <extrmintemp description="Extreme Minimum Temperature" units="°C">7.8</extrmintemp>
        <totrain description="Total Rain" units="mm">18.3</totrain>
        <totsnow description="Total Snow" units="cm">0.0</totsnow>
        <totprecip description="Total Precipitation" units="mm">18.3</totprecip>
        <grndsnowlastday description="Snow on the Ground on the Last Day" units="cm">0</grndsnowlastday>
        <dirmaxgust description="Direction of Maximum Gust" units="10's Deg"></dirmaxgust>
        <speedmaxgust description="Speed of Maximum Gust" units="km/h"></speedmaxgust>
    </stationdata>
    <stationdata month="8" year="1954">
        <meanmaxtemp description="Mean Maximum Temperature" units="°C">25.1</meanmaxtemp>
        <meanmintemp description="Mean Minimum Temperature" units="°C">13.3</meanmintemp>
        <meanmonthtemp description="Mean Temperature" units="°C">19.2</meanmonthtemp>
        <extrmaxtemp description="Extreme Maximum Temperature" units="°C">31.7</extrmaxtemp>
        <extrmintemp description="Extreme Minimum Temperature" units="°C">5.6</extrmintemp>
        <totrain description="Total Rain" units="mm">91.2</totrain>
        <totsnow description="Total Snow" units="cm">0.0</totsnow>
        <totprecip description="Total Precipitation" units="mm">91.2</totprecip>
        <grndsnowlastday description="Snow on the Ground on the Last Day" units="cm">0</grndsnowlastday>
        <dirmaxgust description="Direction of Maximum Gust" units="10's Deg"></dirmaxgust>
        <speedmaxgust description="Speed of Maximum Gust" units="km/h"></speedmaxgust>
    </stationdata>
    <stationdata month="9" year="1954">
        <meanmaxtemp description="Mean Maximum Temperature" units="°C">20.2</meanmaxtemp>
        <meanmintemp description="Mean Minimum Temperature" units="°C">10.7</meanmintemp>
        <meanmonthtemp description="Mean Temperature" units="°C">15.5</meanmonthtemp>
        <extrmaxtemp description="Extreme Maximum Temperature" units="°C">30.6</extrmaxtemp>
        <extrmintemp description="Extreme Minimum Temperature" units="°C">2.8</extrmintemp>
        <totrain description="Total Rain" units="mm">80.5</totrain>
        <totsnow description="Total Snow" units="cm">0.0</totsnow>
        <totprecip description="Total Precipitation" units="mm">80.5</totprecip>
        <grndsnowlastday description="Snow on the Ground on the Last Day" units="cm">0</grndsnowlastday>
        <dirmaxgust description="Direction of Maximum Gust" units="10's Deg"></dirmaxgust>
        <speedmaxgust description="Speed of Maximum Gust" units="km/h"></speedmaxgust>
    </stationdata>
    <stationdata month="10" year="1954">
        <meanmaxtemp description="Mean Maximum Temperature" units="°C">15.4</meanmaxtemp>
        <meanmintemp description="Mean Minimum Temperature" units="°C">6.5</meanmintemp>
        <meanmonthtemp description="Mean Temperature" units="°C">11.0</meanmonthtemp>
        <extrmaxtemp description="Extreme Maximum Temperature" units="°C">25.6</extrmaxtemp>
        <extrmintemp description="Extreme Minimum Temperature" flag="S" units="°C">-1.7</extrmintemp>
        <totrain description="Total Rain" units="mm">213.9</totrain>
        <totsnow description="Total Snow" flag="T" units="cm">0.0</totsnow>
        <totprecip description="Total Precipitation" units="mm">213.9</totprecip>
        <grndsnowlastday description="Snow on the Ground on the Last Day" units="cm">0</grndsnowlastday>
        <dirmaxgust description="Direction of Maximum Gust" units="10's Deg"></dirmaxgust>
        <speedmaxgust description="Speed of Maximum Gust" units="km/h"></speedmaxgust>
    </stationdata>
    <stationdata month="11" year="1954">
        <meanmaxtemp description="Mean Maximum Temperature" units="°C">7.7</meanmaxtemp>
        <meanmintemp description="Mean Minimum Temperature" units="°C">0.3</meanmintemp>
        <meanmonthtemp description="Mean Temperature" units="°C">4.0</meanmonthtemp>
        <extrmaxtemp description="Extreme Maximum Temperature" units="°C">16.1</extrmaxtemp>
        <extrmintemp description="Extreme Minimum Temperature" flag="S" units="°C">-4.4</extrmintemp>
        <totrain description="Total Rain" units="mm">32.8</totrain>
        <totsnow description="Total Snow" units="cm">4.6</totsnow>
        <totprecip description="Total Precipitation" units="mm">37.3</totprecip>
        <grndsnowlastday description="Snow on the Ground on the Last Day" units="cm">0</grndsnowlastday>
        <dirmaxgust description="Direction of Maximum Gust" units="10's Deg"></dirmaxgust>
        <speedmaxgust description="Speed of Maximum Gust" units="km/h"></speedmaxgust>
    </stationdata>
    <stationdata month="12" year="1954">
        <meanmaxtemp description="Mean Maximum Temperature" units="°C">-0.1</meanmaxtemp>
        <meanmintemp description="Mean Minimum Temperature" units="°C">-6.6</meanmintemp>
        <meanmonthtemp description="Mean Temperature" units="°C">-3.4</meanmonthtemp>
        <extrmaxtemp description="Extreme Maximum Temperature" units="°C">6.1</extrmaxtemp>
        <extrmintemp description="Extreme Minimum Temperature" units="°C">-16.7</extrmintemp>
        <totrain description="Total Rain" units="mm">32.0</totrain>
        <totsnow description="Total Snow" units="cm">25.1</totsnow>
        <totprecip description="Total Precipitation" units="mm">57.2</totprecip>
        <grndsnowlastday description="Snow on the Ground on the Last Day" units="cm">3</grndsnowlastday>
        <dirmaxgust description="Direction of Maximum Gust" units="10's Deg"></dirmaxgust>
        <speedmaxgust description="Speed of Maximum Gust" units="km/h"></speedmaxgust>
    </stationdata>
    <stationdata month="1" year="1955">
        <meanmaxtemp description="Mean Maximum Temperature" units="°C">-2.6</meanmaxtemp>
        <meanmintemp description="Mean Minimum Temperature" units="°C">-9.0</meanmintemp>
        <meanmonthtemp description="Mean Temperature" units="°C">-5.8</meanmonthtemp>
        <extrmaxtemp description="Extreme Maximum Temperature" flag="S" units="°C">4.4</extrmaxtemp>
        <extrmintemp description="Extreme Minimum Temperature" units="°C">-18.9</extrmintemp>
        <totrain description="Total Rain" units="mm">15.0</totrain>
        <totsnow description="Total Snow" units="cm">22.1</totsnow>
        <totprecip description="Total Precipitation" units="mm">37.1</totprecip>
        <grndsnowlastday description="Snow on the Ground on the Last Day" units="cm">3</grndsnowlastday>
        <dirmaxgust description="Direction of Maximum Gust" units="10's Deg"></dirmaxgust>
        <speedmaxgust description="Speed of Maximum Gust" units="km/h"></speedmaxgust>
    </stationdata>
    <stationdata month="2" year="1955">
        <meanmaxtemp description="Mean Maximum Temperature" units="°C">-1.2</meanmaxtemp>
        <meanmintemp description="Mean Minimum Temperature" units="°C">-9.3</meanmintemp>
        <meanmonthtemp description="Mean Temperature" units="°C">-5.3</meanmonthtemp>
        <extrmaxtemp description="Extreme Maximum Temperature" units="°C">5.6</extrmaxtemp>
        <extrmintemp description="Extreme Minimum Temperature" units="°C">-25.0</extrmintemp>
        <totrain description="Total Rain" units="mm">24.1</totrain>
        <totsnow description="Total Snow" units="cm">14.5</totsnow>
        <totprecip description="Total Precipitation" units="mm">38.6</totprecip>
        <grndsnowlastday description="Snow on the Ground on the Last Day" units="cm">0</grndsnowlastday>
        <dirmaxgust description="Direction of Maximum Gust" units="10's Deg"></dirmaxgust>
        <speedmaxgust description="Speed of Maximum Gust" units="km/h"></speedmaxgust>
    </stationdata>
    <stationdata month="3" year="1955">
        <meanmaxtemp description="Mean Maximum Temperature" units="°C">2.9</meanmaxtemp>
        <meanmintemp description="Mean Minimum Temperature" units="°C">-5.1</meanmintemp>
        <meanmonthtemp description="Mean Temperature" units="°C">-1.1</meanmonthtemp>
        <extrmaxtemp description="Extreme Maximum Temperature" units="°C">13.3</extrmaxtemp>
        <extrmintemp description="Extreme Minimum Temperature" units="°C">-13.9</extrmintemp>
        <totrain description="Total Rain" units="mm">27.9</totrain>
        <totsnow description="Total Snow" units="cm">42.7</totsnow>
        <totprecip description="Total Precipitation" units="mm">70.6</totprecip>
        <grndsnowlastday description="Snow on the Ground on the Last Day" units="cm">0</grndsnowlastday>
        <dirmaxgust description="Direction of Maximum Gust" units="10's Deg"></dirmaxgust>
        <speedmaxgust description="Speed of Maximum Gust" units="km/h"></speedmaxgust>
    </stationdata>
    <stationdata month="4" year="1955">
        <meanmaxtemp description="Mean Maximum Temperature" units="°C">14.7</meanmaxtemp>
        <meanmintemp description="Mean Minimum Temperature" units="°C">4.2</meanmintemp>
        <meanmonthtemp description="Mean Temperature" units="°C">9.5</meanmonthtemp>
        <extrmaxtemp description="Extreme Maximum Temperature" units="°C">23.3</extrmaxtemp>
        <extrmintemp description="Extreme Minimum Temperature" units="°C">-3.9</extrmintemp>
        <totrain description="Total Rain" units="mm">63.2</totrain>
        <totsnow description="Total Snow" flag="T" units="cm">0.0</totsnow>
        <totprecip description="Total Precipitation" units="mm">63.2</totprecip>
        <grndsnowlastday description="Snow on the Ground on the Last Day" units="cm">0</grndsnowlastday>
        <dirmaxgust description="Direction of Maximum Gust" units="10's Deg"></dirmaxgust>
        <speedmaxgust description="Speed of Maximum Gust" units="km/h"></speedmaxgust>
    </stationdata>
    <stationdata month="5" year="1955">
        <meanmaxtemp description="Mean Maximum Temperature" units="°C">20.9</meanmaxtemp>
        <meanmintemp description="Mean Minimum Temperature" units="°C">8.3</meanmintemp>
        <meanmonthtemp description="Mean Temperature" units="°C">14.6</meanmonthtemp>
        <extrmaxtemp description="Extreme Maximum Temperature" units="°C">30.0</extrmaxtemp>
        <extrmintemp description="Extreme Minimum Temperature" units="°C">1.1</extrmintemp>
        <totrain description="Total Rain" units="mm">59.7</totrain>
        <totsnow description="Total Snow" units="cm">0.0</totsnow>
        <totprecip description="Total Precipitation" units="mm">59.7</totprecip>
        <grndsnowlastday description="Snow on the Ground on the Last Day" units="cm">0</grndsnowlastday>
        <dirmaxgust description="Direction of Maximum Gust" units="10's Deg"></dirmaxgust>
        <speedmaxgust description="Speed of Maximum Gust" units="km/h"></speedmaxgust>
    </stationdata>
    <stationdata month="6" year="1955">
        <meanmaxtemp description="Mean Maximum Temperature" units="°C">25.3</meanmaxtemp>
        <meanmintemp description="Mean Minimum Temperature" units="°C">12.7</meanmintemp>
        <meanmonthtemp description="Mean Temperature" units="°C">19.0</meanmonthtemp>
        <extrmaxtemp description="Extreme Maximum Temperature" units="°C">31.1</extrmaxtemp>
        <extrmintemp description="Extreme Minimum Temperature" units="°C">8.3</extrmintemp>
        <totrain description="Total Rain" units="mm">24.6</totrain>
        <totsnow description="Total Snow" units="cm">0.0</totsnow>
        <totprecip description="Total Precipitation" units="mm">24.6</totprecip>
        <grndsnowlastday description="Snow on the Ground on the Last Day" units="cm">0</grndsnowlastday>
        <dirmaxgust description="Direction of Maximum Gust" units="10's Deg"></dirmaxgust>
        <speedmaxgust description="Speed of Maximum Gust" units="km/h"></speedmaxgust>
    </stationdata>
    <stationdata month="7" year="1955">
        <meanmaxtemp description="Mean Maximum Temperature" units="°C">31.0</meanmaxtemp>
        <meanmintemp description="Mean Minimum Temperature" units="°C">17.4</meanmintemp>
        <meanmonthtemp description="Mean Temperature" units="°C">24.2</meanmonthtemp>
        <extrmaxtemp description="Extreme Maximum Temperature" units="°C">36.1</extrmaxtemp>
        <extrmintemp description="Extreme Minimum Temperature" units="°C">10.6</extrmintemp>
        <totrain description="Total Rain" units="mm">34.8</totrain>
        <totsnow description="Total Snow" units="cm">0.0</totsnow>
        <totprecip description="Total Precipitation" units="mm">34.8</totprecip>
        <grndsnowlastday description="Snow on the Ground on the Last Day" units="cm">0</grndsnowlastday>
        <dirmaxgust description="Direction of Maximum Gust" units="10's Deg"></dirmaxgust>
        <speedmaxgust description="Speed of Maximum Gust" units="km/h"></speedmaxgust>
    </stationdata>
    <stationdata month="8" year="1955">
        <meanmaxtemp description="Mean Maximum Temperature" units="°C">28.1</meanmaxtemp>
        <meanmintemp description="Mean Minimum Temperature" units="°C">17.8</meanmintemp>
        <meanmonthtemp description="Mean Temperature" units="°C">23.0</meanmonthtemp>
        <extrmaxtemp description="Extreme Maximum Temperature" units="°C">36.7</extrmaxtemp>
        <extrmintemp description="Extreme Minimum Temperature" units="°C">9.4</extrmintemp>
        <totrain description="Total Rain" units="mm">104.4</totrain>
        <totsnow description="Total Snow" units="cm">0.0</totsnow>
        <totprecip description="Total Precipitation" units="mm">104.4</totprecip>
        <grndsnowlastday description="Snow on the Ground on the Last Day" units="cm">0</grndsnowlastday>
        <dirmaxgust description="Direction of Maximum Gust" units="10's Deg"></dirmaxgust>
        <speedmaxgust description="Speed of Maximum Gust" units="km/h"></speedmaxgust>
    </stationdata>
    <stationdata month="9" year="1955">
        <meanmaxtemp description="Mean Maximum Temperature" units="°C">21.9</meanmaxtemp>
        <meanmintemp description="Mean Minimum Temperature" units="°C">9.7</meanmintemp>
        <meanmonthtemp description="Mean Temperature" units="°C">15.8</meanmonthtemp>
        <extrmaxtemp description="Extreme Maximum Temperature" flag="S" units="°C">32.2</extrmaxtemp>
        <extrmintemp description="Extreme Minimum Temperature" units="°C">2.2</extrmintemp>
        <totrain description="Total Rain" units="mm">30.7</totrain>
        <totsnow description="Total Snow" units="cm">0.0</totsnow>
        <totprecip description="Total Precipitation" units="mm">30.7</totprecip>
        <grndsnowlastday description="Snow on the Ground on the Last Day" units="cm">0</grndsnowlastday>
        <dirmaxgust description="Direction of Maximum Gust" units="10's Deg"></dirmaxgust>
        <speedmaxgust description="Speed of Maximum Gust" units="km/h"></speedmaxgust>
    </stationdata>
    <stationdata month="10" year="1955">
        <meanmaxtemp description="Mean Maximum Temperature" units="°C">16.1</meanmaxtemp>
        <meanmintemp description="Mean Minimum Temperature" units="°C">5.9</meanmintemp>
        <meanmonthtemp description="Mean Temperature" units="°C">11.0</meanmonthtemp>
        <extrmaxtemp description="Extreme Maximum Temperature" units="°C">26.1</extrmaxtemp>
        <extrmintemp description="Extreme Minimum Temperature" units="°C">-1.7</extrmintemp>
        <totrain description="Total Rain" units="mm">77.0</totrain>
        <totsnow description="Total Snow" flag="T" units="cm">0.0</totsnow>
        <totprecip description="Total Precipitation" units="mm">77.0</totprecip>
        <grndsnowlastday description="Snow on the Ground on the Last Day" units="cm">0</grndsnowlastday>
        <dirmaxgust description="Direction of Maximum Gust" units="10's Deg"></dirmaxgust>
        <speedmaxgust description="Speed of Maximum Gust" units="km/h"></speedmaxgust>
    </stationdata>
    <stationdata month="11" year="1955">
        <meanmaxtemp description="Mean Maximum Temperature" units="°C">5.9</meanmaxtemp>
        <meanmintemp description="Mean Minimum Temperature" units="°C">-1.1</meanmintemp>
        <meanmonthtemp description="Mean Temperature" units="°C">2.4</meanmonthtemp>
        <extrmaxtemp description="Extreme Maximum Temperature" units="°C">15.0</extrmaxtemp>
        <extrmintemp description="Extreme Minimum Temperature" units="°C">-13.3</extrmintemp>
        <totrain description="Total Rain" units="mm">48.3</totrain>
        <totsnow description="Total Snow" units="cm">3.8</totsnow>
        <totprecip description="Total Precipitation" units="mm">52.1</totprecip>
        <grndsnowlastday description="Snow on the Ground on the Last Day" units="cm">0</grndsnowlastday>
        <dirmaxgust description="Direction of Maximum Gust" units="10's Deg"></dirmaxgust>
        <speedmaxgust description="Speed of Maximum Gust" units="km/h"></speedmaxgust>
    </stationdata>
    <stationdata month="12" year="1955">
        <meanmaxtemp description="Mean Maximum Temperature" units="°C">-1.8</meanmaxtemp>
        <meanmintemp description="Mean Minimum Temperature" units="°C">-9.1</meanmintemp>
        <meanmonthtemp description="Mean Temperature" units="°C">-5.5</meanmonthtemp>
        <extrmaxtemp description="Extreme Maximum Temperature" units="°C">10.0</extrmaxtemp>
        <extrmintemp description="Extreme Minimum Temperature" units="°C">-23.9</extrmintemp>
        <totrain description="Total Rain" units="mm">18.5</totrain>
        <totsnow description="Total Snow" units="cm">34.8</totsnow>
        <totprecip description="Total Precipitation" units="mm">53.3</totprecip>
        <grndsnowlastday description="Snow on the Ground on the Last Day" flag="T" units="cm">0</grndsnowlastday>
        <dirmaxgust description="Direction of Maximum Gust" units="10's Deg"></dirmaxgust>
        <speedmaxgust description="Speed of Maximum Gust" units="km/h"></speedmaxgust>
    </stationdata>
    <stationdata month="1" year="1956">
        <meanmaxtemp description="Mean Maximum Temperature" units="°C">-2.2</meanmaxtemp>
        <meanmintemp description="Mean Minimum Temperature" units="°C">-9.2</meanmintemp>
        <meanmonthtemp description="Mean Temperature" units="°C">-5.7</meanmonthtemp>
        <extrmaxtemp description="Extreme Maximum Temperature" units="°C">4.4</extrmaxtemp>
        <extrmintemp description="Extreme Minimum Temperature" flag="S" units="°C">-15.6</extrmintemp>
        <totrain description="Total Rain" units="mm">5.6</totrain>
        <totsnow description="Total Snow" units="cm">37.3</totsnow>
        <totprecip description="Total Precipitation" units="mm">42.9</totprecip>
        <grndsnowlastday description="Snow on the Ground on the Last Day" units="cm">18</grndsnowlastday>
        <dirmaxgust description="Direction of Maximum Gust" units="10's Deg"></dirmaxgust>
        <speedmaxgust description="Speed of Maximum Gust" units="km/h"></speedmaxgust>
    </stationdata>
    <stationdata month="2" year="1956">
        <meanmaxtemp description="Mean Maximum Temperature" units="°C">-0.5</meanmaxtemp>
        <meanmintemp description="Mean Minimum Temperature" units="°C">-8.4</meanmintemp>
        <meanmonthtemp description="Mean Temperature" units="°C">-4.5</meanmonthtemp>
        <extrmaxtemp description="Extreme Maximum Temperature" units="°C">6.1</extrmaxtemp>
        <extrmintemp description="Extreme Minimum Temperature" units="°C">-20.0</extrmintemp>
        <totrain description="Total Rain" units="mm">18.5</totrain>
        <totsnow description="Total Snow" units="cm">27.9</totsnow>
        <totprecip description="Total Precipitation" units="mm">46.5</totprecip>
        <grndsnowlastday description="Snow on the Ground on the Last Day" units="cm">3</grndsnowlastday>
        <dirmaxgust description="Direction of Maximum Gust" units="10's Deg"></dirmaxgust>
        <speedmaxgust description="Speed of Maximum Gust" units="km/h"></speedmaxgust>
    </stationdata>
    <stationdata month="3" year="1956">
        <meanmaxtemp description="Mean Maximum Temperature" units="°C">1.4</meanmaxtemp>
        <meanmintemp description="Mean Minimum Temperature" units="°C">-6.4</meanmintemp>
        <meanmonthtemp description="Mean Temperature" units="°C">-2.5</meanmonthtemp>
        <extrmaxtemp description="Extreme Maximum Temperature" units="°C">8.9</extrmaxtemp>
        <extrmintemp description="Extreme Minimum Temperature" units="°C">-16.7</extrmintemp>
        <totrain description="Total Rain" units="mm">32.8</totrain>
        <totsnow description="Total Snow" units="cm">43.9</totsnow>
        <totprecip description="Total Precipitation" units="mm">76.7</totprecip>
        <grndsnowlastday description="Snow on the Ground on the Last Day" flag="T" units="cm">0</grndsnowlastday>
        <dirmaxgust description="Direction of Maximum Gust" units="10's Deg"></dirmaxgust>
        <speedmaxgust description="Speed of Maximum Gust" units="km/h"></speedmaxgust>
    </stationdata>
    <stationdata month="4" year="1956">
        <meanmaxtemp description="Mean Maximum Temperature" units="°C">9.1</meanmaxtemp>
        <meanmintemp description="Mean Minimum Temperature" units="°C">-0.4</meanmintemp>
        <meanmonthtemp description="Mean Temperature" units="°C">4.4</meanmonthtemp>
        <extrmaxtemp description="Extreme Maximum Temperature" units="°C">16.7</extrmaxtemp>
        <extrmintemp description="Extreme Minimum Temperature" units="°C">-5.6</extrmintemp>
        <totrain description="Total Rain" units="mm">57.9</totrain>
        <totsnow description="Total Snow" units="cm">11.4</totsnow>
        <totprecip description="Total Precipitation" units="mm">69.3</totprecip>
        <grndsnowlastday description="Snow on the Ground on the Last Day" units="cm">0</grndsnowlastday>
        <dirmaxgust description="Direction of Maximum Gust" units="10's Deg"></dirmaxgust>
        <speedmaxgust description="Speed of Maximum Gust" units="km/h"></speedmaxgust>
    </stationdata>
    <stationdata month="5" year="1956">
        <meanmaxtemp description="Mean Maximum Temperature" units="°C">15.6</meanmaxtemp>
        <meanmintemp description="Mean Minimum Temperature" units="°C">4.6</meanmintemp>
        <meanmonthtemp description="Mean Temperature" units="°C">10.1</meanmonthtemp>
        <extrmaxtemp description="Extreme Maximum Temperature" units="°C">30.0</extrmaxtemp>
        <extrmintemp description="Extreme Minimum Temperature" units="°C">-1.7</extrmintemp>
        <totrain description="Total Rain" units="mm">114.0</totrain>
        <totsnow description="Total Snow" flag="T" units="cm">0.0</totsnow>
        <totprecip description="Total Precipitation" units="mm">114.0</totprecip>
        <grndsnowlastday description="Snow on the Ground on the Last Day" units="cm">0</grndsnowlastday>
        <dirmaxgust description="Direction of Maximum Gust" units="10's Deg"></dirmaxgust>
        <speedmaxgust description="Speed of Maximum Gust" units="km/h"></speedmaxgust>
    </stationdata>
    <stationdata month="6" year="1956">
        <meanmaxtemp description="Mean Maximum Temperature" units="°C">23.6</meanmaxtemp>
        <meanmintemp description="Mean Minimum Temperature" units="°C">12.7</meanmintemp>
        <meanmonthtemp description="Mean Temperature" units="°C">18.2</meanmonthtemp>
        <extrmaxtemp description="Extreme Maximum Temperature" units="°C">33.9</extrmaxtemp>
        <extrmintemp description="Extreme Minimum Temperature" flag="S" units="°C">6.7</extrmintemp>
        <totrain description="Total Rain" units="mm">38.9</totrain>
        <totsnow description="Total Snow" units="cm">0.0</totsnow>
        <totprecip description="Total Precipitation" units="mm">38.9</totprecip>
        <grndsnowlastday description="Snow on the Ground on the Last Day" units="cm">0</grndsnowlastday>
        <dirmaxgust description="Direction of Maximum Gust" units="10's Deg"></dirmaxgust>
        <speedmaxgust description="Speed of Maximum Gust" units="km/h"></speedmaxgust>
    </stationdata>
    <stationdata month="7" year="1956">
        <meanmaxtemp description="Mean Maximum Temperature" units="°C">24.7</meanmaxtemp>
        <meanmintemp description="Mean Minimum Temperature" units="°C">14.1</meanmintemp>
        <meanmonthtemp description="Mean Temperature" units="°C">19.4</meanmonthtemp>
        <extrmaxtemp description="Extreme Maximum Temperature" units="°C">32.2</extrmaxtemp>
        <extrmintemp description="Extreme Minimum Temperature" units="°C">7.8</extrmintemp>
        <totrain description="Total Rain" units="mm">108.0</totrain>
        <totsnow description="Total Snow" units="cm">0.0</totsnow>
        <totprecip description="Total Precipitation" units="mm">108.0</totprecip>
        <grndsnowlastday description="Snow on the Ground on the Last Day" units="cm">0</grndsnowlastday>
        <dirmaxgust description="Direction of Maximum Gust" units="10's Deg"></dirmaxgust>
        <speedmaxgust description="Speed of Maximum Gust" units="km/h"></speedmaxgust>
    </stationdata>
    <stationdata month="8" year="1956">
        <meanmaxtemp description="Mean Maximum Temperature" units="°C">24.8</meanmaxtemp>
        <meanmintemp description="Mean Minimum Temperature" units="°C">14.2</meanmintemp>
        <meanmonthtemp description="Mean Temperature" units="°C">19.5</meanmonthtemp>
        <extrmaxtemp description="Extreme Maximum Temperature" units="°C">30.6</extrmaxtemp>
        <extrmintemp description="Extreme Minimum Temperature" flag="S" units="°C">8.9</extrmintemp>
        <totrain description="Total Rain" units="mm">124.7</totrain>
        <totsnow description="Total Snow" units="cm">0.0</totsnow>
        <totprecip description="Total Precipitation" units="mm">124.7</totprecip>
        <grndsnowlastday description="Snow on the Ground on the Last Day" units="cm">0</grndsnowlastday>
        <dirmaxgust description="Direction of Maximum Gust" units="10's Deg"></dirmaxgust>
        <speedmaxgust description="Speed of Maximum Gust" units="km/h"></speedmaxgust>
    </stationdata>
    <stationdata month="9" year="1956">
        <meanmaxtemp description="Mean Maximum Temperature" units="°C">18.7</meanmaxtemp>
        <meanmintemp description="Mean Minimum Temperature" units="°C">7.4</meanmintemp>
        <meanmonthtemp description="Mean Temperature" units="°C">13.1</meanmonthtemp>
        <extrmaxtemp description="Extreme Maximum Temperature" units="°C">28.9</extrmaxtemp>
        <extrmintemp description="Extreme Minimum Temperature" flag="S" units="°C">0.0</extrmintemp>
        <totrain description="Total Rain" units="mm">40.1</totrain>
        <totsnow description="Total Snow" flag="T" units="cm">0.0</totsnow>
        <totprecip description="Total Precipitation" units="mm">40.1</totprecip>
        <grndsnowlastday description="Snow on the Ground on the Last Day" units="cm">0</grndsnowlastday>
        <dirmaxgust description="Direction of Maximum Gust" units="10's Deg"></dirmaxgust>
        <speedmaxgust description="Speed of Maximum Gust" units="km/h"></speedmaxgust>
    </stationdata>
    <stationdata month="10" year="1956">
        <meanmaxtemp description="Mean Maximum Temperature" units="°C">16.6</meanmaxtemp>
        <meanmintemp description="Mean Minimum Temperature" units="°C">4.3</meanmintemp>
        <meanmonthtemp description="Mean Temperature" units="°C">10.5</meanmonthtemp>
        <extrmaxtemp description="Extreme Maximum Temperature" units="°C">25.6</extrmaxtemp>
        <extrmintemp description="Extreme Minimum Temperature" units="°C">-2.2</extrmintemp>
        <totrain description="Total Rain" units="mm">22.9</totrain>
        <totsnow description="Total Snow" units="cm">0.0</totsnow>
        <totprecip description="Total Precipitation" units="mm">22.9</totprecip>
        <grndsnowlastday description="Snow on the Ground on the Last Day" units="cm">0</grndsnowlastday>
        <dirmaxgust description="Direction of Maximum Gust" units="10's Deg"></dirmaxgust>
        <speedmaxgust description="Speed of Maximum Gust" units="km/h"></speedmaxgust>
    </stationdata>
    <stationdata month="11" year="1956">
        <meanmaxtemp description="Mean Maximum Temperature" units="°C">7.7</meanmaxtemp>
        <meanmintemp description="Mean Minimum Temperature" units="°C">0.1</meanmintemp>
        <meanmonthtemp description="Mean Temperature" units="°C">3.9</meanmonthtemp>
        <extrmaxtemp description="Extreme Maximum Temperature" units="°C">18.9</extrmaxtemp>
        <extrmintemp description="Extreme Minimum Temperature" units="°C">-10.6</extrmintemp>
        <totrain description="Total Rain" units="mm">22.4</totrain>
        <totsnow description="Total Snow" units="cm">5.1</totsnow>
        <totprecip description="Total Precipitation" units="mm">27.4</totprecip>
        <grndsnowlastday description="Snow on the Ground on the Last Day" flag="M" units="cm"></grndsnowlastday>
        <dirmaxgust description="Direction of Maximum Gust" units="10's Deg"></dirmaxgust>
        <speedmaxgust description="Speed of Maximum Gust" units="km/h"></speedmaxgust>
    </stationdata>
    <stationdata month="12" year="1956">
        <meanmaxtemp description="Mean Maximum Temperature" units="°C">2.2</meanmaxtemp>
        <meanmintemp description="Mean Minimum Temperature" units="°C">-4.5</meanmintemp>
        <meanmonthtemp description="Mean Temperature" units="°C">-1.2</meanmonthtemp>
        <extrmaxtemp description="Extreme Maximum Temperature" units="°C">8.3</extrmaxtemp>
        <extrmintemp description="Extreme Minimum Temperature" units="°C">-20.0</extrmintemp>
        <totrain description="Total Rain" units="mm">40.6</totrain>
        <totsnow description="Total Snow" units="cm">25.9</totsnow>
        <totprecip description="Total Precipitation" units="mm">66.5</totprecip>
        <grndsnowlastday description="Snow on the Ground on the Last Day" units="cm">5</grndsnowlastday>
        <dirmaxgust description="Direction of Maximum Gust" units="10's Deg"></dirmaxgust>
        <speedmaxgust description="Speed of Maximum Gust" units="km/h"></speedmaxgust>
    </stationdata>
    <stationdata month="1" year="1957">
        <meanmaxtemp description="Mean Maximum Temperature" units="°C">-4.2</meanmaxtemp>
        <meanmintemp description="Mean Minimum Temperature" units="°C">-12.8</meanmintemp>
        <meanmonthtemp description="Mean Temperature" units="°C">-8.5</meanmonthtemp>
        <extrmaxtemp description="Extreme Maximum Temperature" units="°C">12.2</extrmaxtemp>
        <extrmintemp description="Extreme Minimum Temperature" units="°C">-24.4</extrmintemp>
        <totrain description="Total Rain" units="mm">19.3</totrain>
        <totsnow description="Total Snow" units="cm">36.6</totsnow>
        <totprecip description="Total Precipitation" units="mm">55.9</totprecip>
        <grndsnowlastday description="Snow on the Ground on the Last Day" units="cm">13</grndsnowlastday>
        <dirmaxgust description="Direction of Maximum Gust" units="10's Deg">36</dirmaxgust>
        <speedmaxgust description="Speed of Maximum Gust" units="km/h">71</speedmaxgust>
    </stationdata>
    <stationdata month="2" year="1957">
        <meanmaxtemp description="Mean Maximum Temperature" units="°C">0.5</meanmaxtemp>
        <meanmintemp description="Mean Minimum Temperature" units="°C">-8.4</meanmintemp>
        <meanmonthtemp description="Mean Temperature" units="°C">-4.0</meanmonthtemp>
        <extrmaxtemp description="Extreme Maximum Temperature" units="°C">10.6</extrmaxtemp>
        <extrmintemp description="Extreme Minimum Temperature" units="°C">-16.7</extrmintemp>
        <totrain description="Total Rain" units="mm">27.4</totrain>
        <totsnow description="Total Snow" units="cm">30.7</totsnow>
        <totprecip description="Total Precipitation" units="mm">58.2</totprecip>
        <grndsnowlastday description="Snow on the Ground on the Last Day" flag="T" units="cm">0</grndsnowlastday>
        <dirmaxgust description="Direction of Maximum Gust" units="10's Deg">32</dirmaxgust>
        <speedmaxgust description="Speed of Maximum Gust" flag="S" units="km/h">58</speedmaxgust>
    </stationdata>
    <stationdata month="3" year="1957">
        <meanmaxtemp description="Mean Maximum Temperature" units="°C">4.7</meanmaxtemp>
        <meanmintemp description="Mean Minimum Temperature" units="°C">-3.1</meanmintemp>
        <meanmonthtemp description="Mean Temperature" units="°C">0.8</meanmonthtemp>
        <extrmaxtemp description="Extreme Maximum Temperature" units="°C">14.4</extrmaxtemp>
        <extrmintemp description="Extreme Minimum Temperature" units="°C">-11.1</extrmintemp>
        <totrain description="Total Rain" units="mm">20.1</totrain>
        <totsnow description="Total Snow" units="cm">7.9</totsnow>
        <totprecip description="Total Precipitation" units="mm">27.9</totprecip>
        <grndsnowlastday description="Snow on the Ground on the Last Day" units="cm">0</grndsnowlastday>
        <dirmaxgust description="Direction of Maximum Gust" units="10's Deg">20</dirmaxgust>
        <speedmaxgust description="Speed of Maximum Gust" units="km/h">84</speedmaxgust>
    </stationdata>
    <stationdata month="4" year="1957">
        <meanmaxtemp description="Mean Maximum Temperature" units="°C">12.7</meanmaxtemp>
        <meanmintemp description="Mean Minimum Temperature" units="°C">2.7</meanmintemp>
        <meanmonthtemp description="Mean Temperature" units="°C">7.7</meanmonthtemp>
        <extrmaxtemp description="Extreme Maximum Temperature" units="°C">26.7</extrmaxtemp>
        <extrmintemp description="Extreme Minimum Temperature" units="°C">-5.0</extrmintemp>
        <totrain description="Total Rain" units="mm">76.2</totrain>
        <totsnow description="Total Snow" units="cm">10.7</totsnow>
        <totprecip description="Total Precipitation" units="mm">86.9</totprecip>
        <grndsnowlastday description="Snow on the Ground on the Last Day" units="cm">0</grndsnowlastday>
        <dirmaxgust description="Direction of Maximum Gust" units="10's Deg">27</dirmaxgust>
        <speedmaxgust description="Speed of Maximum Gust" units="km/h">105</speedmaxgust>
    </stationdata>
    <stationdata month="5" year="1957">
        <meanmaxtemp description="Mean Maximum Temperature" units="°C">17.4</meanmaxtemp>
        <meanmintemp description="Mean Minimum Temperature" units="°C">6.2</meanmintemp>
        <meanmonthtemp description="Mean Temperature" units="°C">11.8</meanmonthtemp>
        <extrmaxtemp description="Extreme Maximum Temperature" flag="S" units="°C">26.7</extrmaxtemp>
        <extrmintemp description="Extreme Minimum Temperature" units="°C">-2.8</extrmintemp>
        <totrain description="Total Rain" units="mm">72.1</totrain>
        <totsnow description="Total Snow" units="cm">0.0</totsnow>
        <totprecip description="Total Precipitation" units="mm">72.1</totprecip>
        <grndsnowlastday description="Snow on the Ground on the Last Day" units="cm">0</grndsnowlastday>
        <dirmaxgust description="Direction of Maximum Gust" units="10's Deg">23</dirmaxgust>
        <speedmaxgust description="Speed of Maximum Gust" units="km/h">79</speedmaxgust>
    </stationdata>
    <stationdata month="6" year="1957">
        <meanmaxtemp description="Mean Maximum Temperature" units="°C">25.0</meanmaxtemp>
        <meanmintemp description="Mean Minimum Temperature" units="°C">13.4</meanmintemp>
        <meanmonthtemp description="Mean Temperature" units="°C">19.2</meanmonthtemp>
        <extrmaxtemp description="Extreme Maximum Temperature" units="°C">33.9</extrmaxtemp>
        <extrmintemp description="Extreme Minimum Temperature" units="°C">4.4</extrmintemp>
        <totrain description="Total Rain" units="mm">91.9</totrain>
        <totsnow description="Total Snow" units="cm">0.0</totsnow>
        <totprecip description="Total Precipitation" units="mm">91.9</totprecip>
        <grndsnowlastday description="Snow on the Ground on the Last Day" units="cm">0</grndsnowlastday>
        <dirmaxgust description="Direction of Maximum Gust" units="10's Deg">27</dirmaxgust>
        <speedmaxgust description="Speed of Maximum Gust" units="km/h">93</speedmaxgust>
    </stationdata>
    <stationdata month="7" year="1957">
        <meanmaxtemp description="Mean Maximum Temperature" units="°C">27.3</meanmaxtemp>
        <meanmintemp description="Mean Minimum Temperature" units="°C">14.8</meanmintemp>
        <meanmonthtemp description="Mean Temperature" units="°C">21.1</meanmonthtemp>
        <extrmaxtemp description="Extreme Maximum Temperature" units="°C">34.4</extrmaxtemp>
        <extrmintemp description="Extreme Minimum Temperature" units="°C">8.9</extrmintemp>
        <totrain description="Total Rain" units="mm">11.4</totrain>
        <totsnow description="Total Snow" units="cm">0.0</totsnow>
        <totprecip description="Total Precipitation" units="mm">11.4</totprecip>
        <grndsnowlastday description="Snow on the Ground on the Last Day" units="cm">0</grndsnowlastday>
        <dirmaxgust description="Direction of Maximum Gust" units="10's Deg">27</dirmaxgust>
        <speedmaxgust description="Speed of Maximum Gust" units="km/h">77</speedmaxgust>
    </stationdata>
    <stationdata month="8" year="1957">
        <meanmaxtemp description="Mean Maximum Temperature" units="°C">25.3</meanmaxtemp>
        <meanmintemp description="Mean Minimum Temperature" units="°C">13.0</meanmintemp>
        <meanmonthtemp description="Mean Temperature" units="°C">19.2</meanmonthtemp>
        <extrmaxtemp description="Extreme Maximum Temperature" flag="S" units="°C">32.2</extrmaxtemp>
        <extrmintemp description="Extreme Minimum Temperature" units="°C">7.2</extrmintemp>
        <totrain description="Total Rain" units="mm">61.0</totrain>
        <totsnow description="Total Snow" units="cm">0.0</totsnow>
        <totprecip description="Total Precipitation" units="mm">61.0</totprecip>
        <grndsnowlastday description="Snow on the Ground on the Last Day" units="cm">0</grndsnowlastday>
        <dirmaxgust description="Direction of Maximum Gust" units="10's Deg">32</dirmaxgust>
        <speedmaxgust description="Speed of Maximum Gust" units="km/h">64</speedmaxgust>
    </stationdata>
    <stationdata month="9" year="1957">
        <meanmaxtemp description="Mean Maximum Temperature" units="°C">21.6</meanmaxtemp>
        <meanmintemp description="Mean Minimum Temperature" units="°C">10.2</meanmintemp>
        <meanmonthtemp description="Mean Temperature" units="°C">15.9</meanmonthtemp>
        <extrmaxtemp description="Extreme Maximum Temperature" units="°C">29.4</extrmaxtemp>
        <extrmintemp description="Extreme Minimum Temperature" units="°C">-0.6</extrmintemp>
        <totrain description="Total Rain" units="mm">96.8</totrain>
        <totsnow description="Total Snow" units="cm">0.0</totsnow>
        <totprecip description="Total Precipitation" units="mm">96.8</totprecip>
        <grndsnowlastday description="Snow on the Ground on the Last Day" units="cm">0</grndsnowlastday>
        <dirmaxgust description="Direction of Maximum Gust" units="10's Deg">27</dirmaxgust>
        <speedmaxgust description="Speed of Maximum Gust" units="km/h">76</speedmaxgust>
    </stationdata>
    <stationdata month="10" year="1957">
        <meanmaxtemp description="Mean Maximum Temperature" units="°C">14.2</meanmaxtemp>
        <meanmintemp description="Mean Minimum Temperature" units="°C">3.6</meanmintemp>
        <meanmonthtemp description="Mean Temperature" units="°C">8.9</meanmonthtemp>
        <extrmaxtemp description="Extreme Maximum Temperature" units="°C">22.2</extrmaxtemp>
        <extrmintemp description="Extreme Minimum Temperature" flag="S" units="°C">-4.4</extrmintemp>
        <totrain description="Total Rain" units="mm">44.7</totrain>
        <totsnow description="Total Snow" flag="T" units="cm">0.0</totsnow>
        <totprecip description="Total Precipitation" units="mm">44.7</totprecip>
        <grndsnowlastday description="Snow on the Ground on the Last Day" flag="M" units="cm"></grndsnowlastday>
        <dirmaxgust description="Direction of Maximum Gust" units="10's Deg">32</dirmaxgust>
        <speedmaxgust description="Speed of Maximum Gust" units="km/h">71</speedmaxgust>
    </stationdata>
    <stationdata month="11" year="1957">
        <meanmaxtemp description="Mean Maximum Temperature" units="°C">8.1</meanmaxtemp>
        <meanmintemp description="Mean Minimum Temperature" units="°C">0.0</meanmintemp>
        <meanmonthtemp description="Mean Temperature" units="°C">4.1</meanmonthtemp>
        <extrmaxtemp description="Extreme Maximum Temperature" units="°C">16.7</extrmaxtemp>
        <extrmintemp description="Extreme Minimum Temperature" units="°C">-7.2</extrmintemp>
        <totrain description="Total Rain" units="mm">41.4</totrain>
        <totsnow description="Total Snow" units="cm">4.6</totsnow>
        <totprecip description="Total Precipitation" units="mm">46.0</totprecip>
        <grndsnowlastday description="Snow on the Ground on the Last Day" flag="T" units="cm">0</grndsnowlastday>
        <dirmaxgust description="Direction of Maximum Gust" units="10's Deg">23</dirmaxgust>
        <speedmaxgust description="Speed of Maximum Gust" units="km/h">93</speedmaxgust>
    </stationdata>
    <stationdata month="12" year="1957">
        <meanmaxtemp description="Mean Maximum Temperature" units="°C">3.3</meanmaxtemp>
        <meanmintemp description="Mean Minimum Temperature" units="°C">-3.6</meanmintemp>
        <meanmonthtemp description="Mean Temperature" units="°C">-0.2</meanmonthtemp>
        <extrmaxtemp description="Extreme Maximum Temperature" units="°C">13.3</extrmaxtemp>
        <extrmintemp description="Extreme Minimum Temperature" units="°C">-17.8</extrmintemp>
        <totrain description="Total Rain" units="mm">58.4</totrain>
        <totsnow description="Total Snow" units="cm">10.4</totsnow>
        <totprecip description="Total Precipitation" units="mm">68.8</totprecip>
        <grndsnowlastday description="Snow on the Ground on the Last Day" flag="T" units="cm">0</grndsnowlastday>
        <dirmaxgust description="Direction of Maximum Gust" units="10's Deg">23</dirmaxgust>
        <speedmaxgust description="Speed of Maximum Gust" units="km/h">84</speedmaxgust>
    </stationdata>
    <stationdata month="1" year="1958">
        <meanmaxtemp description="Mean Maximum Temperature" units="°C">-1.6</meanmaxtemp>
        <meanmintemp description="Mean Minimum Temperature" units="°C">-8.6</meanmintemp>
        <meanmonthtemp description="Mean Temperature" units="°C">-5.1</meanmonthtemp>
        <extrmaxtemp description="Extreme Maximum Temperature" flag="S" units="°C">4.4</extrmaxtemp>
        <extrmintemp description="Extreme Minimum Temperature" units="°C">-19.4</extrmintemp>
        <totrain description="Total Rain" flag="T" units="mm">0.0</totrain>
        <totsnow description="Total Snow" units="cm">25.1</totsnow>
        <totprecip description="Total Precipitation" units="mm">25.1</totprecip>
        <grndsnowlastday description="Snow on the Ground on the Last Day" units="cm">8</grndsnowlastday>
        <dirmaxgust description="Direction of Maximum Gust" units="10's Deg">27</dirmaxgust>
        <speedmaxgust description="Speed of Maximum Gust" units="km/h">72</speedmaxgust>
    </stationdata>
    <stationdata month="2" year="1958">
        <meanmaxtemp description="Mean Maximum Temperature" units="°C">-4.1</meanmaxtemp>
        <meanmintemp description="Mean Minimum Temperature" units="°C">-11.2</meanmintemp>
        <meanmonthtemp description="Mean Temperature" units="°C">-7.7</meanmonthtemp>
        <extrmaxtemp description="Extreme Maximum Temperature" units="°C">6.1</extrmaxtemp>
        <extrmintemp description="Extreme Minimum Temperature" units="°C">-22.2</extrmintemp>
        <totrain description="Total Rain" units="mm">11.2</totrain>
        <totsnow description="Total Snow" units="cm">25.7</totsnow>
        <totprecip description="Total Precipitation" units="mm">36.8</totprecip>
        <grndsnowlastday description="Snow on the Ground on the Last Day" flag="T" units="cm">0</grndsnowlastday>
        <dirmaxgust description="Direction of Maximum Gust" units="10's Deg">23</dirmaxgust>
        <speedmaxgust description="Speed of Maximum Gust" units="km/h">97</speedmaxgust>
    </stationdata>
    <stationdata month="3" year="1958">
        <meanmaxtemp description="Mean Maximum Temperature" units="°C">4.8</meanmaxtemp>
        <meanmintemp description="Mean Minimum Temperature" units="°C">-2.1</meanmintemp>
        <meanmonthtemp description="Mean Temperature" units="°C">1.4</meanmonthtemp>
        <extrmaxtemp description="Extreme Maximum Temperature" units="°C">11.7</extrmaxtemp>
        <extrmintemp description="Extreme Minimum Temperature" flag="S" units="°C">-7.2</extrmintemp>
        <totrain description="Total Rain" units="mm">2.3</totrain>
        <totsnow description="Total Snow" units="cm">22.6</totsnow>
        <totprecip description="Total Precipitation" units="mm">24.9</totprecip>
        <grndsnowlastday description="Snow on the Ground on the Last Day" units="cm">0</grndsnowlastday>
        <dirmaxgust description="Direction of Maximum Gust" units="10's Deg">36</dirmaxgust>
        <speedmaxgust description="Speed of Maximum Gust" units="km/h">72</speedmaxgust>
    </stationdata>
    <stationdata month="4" year="1958">
        <meanmaxtemp description="Mean Maximum Temperature" units="°C">14.1</meanmaxtemp>
        <meanmintemp description="Mean Minimum Temperature" units="°C">2.1</meanmintemp>
        <meanmonthtemp description="Mean Temperature" units="°C">8.1</meanmonthtemp>
        <extrmaxtemp description="Extreme Maximum Temperature" flag="S" units="°C">25.6</extrmaxtemp>
        <extrmintemp description="Extreme Minimum Temperature" units="°C">-6.1</extrmintemp>
        <totrain description="Total Rain" units="mm">28.7</totrain>
        <totsnow description="Total Snow" units="cm">7.1</totsnow>
        <totprecip description="Total Precipitation" units="mm">35.8</totprecip>
        <grndsnowlastday description="Snow on the Ground on the Last Day" units="cm">0</grndsnowlastday>
        <dirmaxgust description="Direction of Maximum Gust" units="10's Deg">29</dirmaxgust>
        <speedmaxgust description="Speed of Maximum Gust" units="km/h">98</speedmaxgust>
    </stationdata>
    <stationdata month="5" year="1958">
        <meanmaxtemp description="Mean Maximum Temperature" units="°C">18.6</meanmaxtemp>
        <meanmintemp description="Mean Minimum Temperature" units="°C">5.3</meanmintemp>
        <meanmonthtemp description="Mean Temperature" units="°C">12.0</meanmonthtemp>
        <extrmaxtemp description="Extreme Maximum Temperature" units="°C">27.8</extrmaxtemp>
        <extrmintemp description="Extreme Minimum Temperature" units="°C">-1.7</extrmintemp>
        <totrain description="Total Rain" units="mm">23.9</totrain>
        <totsnow description="Total Snow" flag="T" units="cm">0.0</totsnow>
        <totprecip description="Total Precipitation" units="mm">23.9</totprecip>
        <grndsnowlastday description="Snow on the Ground on the Last Day" units="cm">0</grndsnowlastday>
        <dirmaxgust description="Direction of Maximum Gust" units="10's Deg">32</dirmaxgust>
        <speedmaxgust description="Speed of Maximum Gust" units="km/h">82</speedmaxgust>
    </stationdata>
    <stationdata month="6" year="1958">
        <meanmaxtemp description="Mean Maximum Temperature" units="°C">22.7</meanmaxtemp>
        <meanmintemp description="Mean Minimum Temperature" units="°C">9.4</meanmintemp>
        <meanmonthtemp description="Mean Temperature" units="°C">16.1</meanmonthtemp>
        <extrmaxtemp description="Extreme Maximum Temperature" units="°C">30.6</extrmaxtemp>
        <extrmintemp description="Extreme Minimum Temperature" units="°C">2.2</extrmintemp>
        <totrain description="Total Rain" units="mm">26.7</totrain>
        <totsnow description="Total Snow" units="cm">0.0</totsnow>
        <totprecip description="Total Precipitation" units="mm">26.7</totprecip>
        <grndsnowlastday description="Snow on the Ground on the Last Day" units="cm">0</grndsnowlastday>
        <dirmaxgust description="Direction of Maximum Gust" units="10's Deg">32</dirmaxgust>
        <speedmaxgust description="Speed of Maximum Gust" units="km/h">92</speedmaxgust>
    </stationdata>
    <stationdata month="7" year="1958">
        <meanmaxtemp description="Mean Maximum Temperature" units="°C">26.7</meanmaxtemp>
        <meanmintemp description="Mean Minimum Temperature" units="°C">15.6</meanmintemp>
        <meanmonthtemp description="Mean Temperature" units="°C">21.2</meanmonthtemp>
        <extrmaxtemp description="Extreme Maximum Temperature" units="°C">32.2</extrmaxtemp>
        <extrmintemp description="Extreme Minimum Temperature" units="°C">9.4</extrmintemp>
        <totrain description="Total Rain" units="mm">58.4</totrain>
        <totsnow description="Total Snow" units="cm">0.0</totsnow>
        <totprecip description="Total Precipitation" units="mm">58.4</totprecip>
        <grndsnowlastday description="Snow on the Ground on the Last Day" units="cm">0</grndsnowlastday>
        <dirmaxgust description="Direction of Maximum Gust" units="10's Deg">27</dirmaxgust>
        <speedmaxgust description="Speed of Maximum Gust" units="km/h">74</speedmaxgust>
    </stationdata>
    <stationdata month="8" year="1958">
        <meanmaxtemp description="Mean Maximum Temperature" units="°C">26.6</meanmaxtemp>
        <meanmintemp description="Mean Minimum Temperature" units="°C">13.8</meanmintemp>
        <meanmonthtemp description="Mean Temperature" units="°C">20.2</meanmonthtemp>
        <extrmaxtemp description="Extreme Maximum Temperature" units="°C">32.8</extrmaxtemp>
        <extrmintemp description="Extreme Minimum Temperature" units="°C">7.2</extrmintemp>
        <totrain description="Total Rain" units="mm">69.1</totrain>
        <totsnow description="Total Snow" units="cm">0.0</totsnow>
        <totprecip description="Total Precipitation" units="mm">69.1</totprecip>
        <grndsnowlastday description="Snow on the Ground on the Last Day" units="cm">0</grndsnowlastday>
        <dirmaxgust description="Direction of Maximum Gust" units="10's Deg">27</dirmaxgust>
        <speedmaxgust description="Speed of Maximum Gust" units="km/h">87</speedmaxgust>
    </stationdata>
    <stationdata month="9" year="1958">
        <meanmaxtemp description="Mean Maximum Temperature" units="°C">21.4</meanmaxtemp>
        <meanmintemp description="Mean Minimum Temperature" units="°C">11.7</meanmintemp>
        <meanmonthtemp description="Mean Temperature" units="°C">16.6</meanmonthtemp>
        <extrmaxtemp description="Extreme Maximum Temperature" units="°C">30.0</extrmaxtemp>
        <extrmintemp description="Extreme Minimum Temperature" flag="S" units="°C">5.0</extrmintemp>
        <totrain description="Total Rain" units="mm">78.5</totrain>
        <totsnow description="Total Snow" units="cm">0.0</totsnow>
        <totprecip description="Total Precipitation" units="mm">78.5</totprecip>
        <grndsnowlastday description="Snow on the Ground on the Last Day" units="cm">0</grndsnowlastday>
        <dirmaxgust description="Direction of Maximum Gust" units="10's Deg">27</dirmaxgust>
        <speedmaxgust description="Speed of Maximum Gust" units="km/h">89</speedmaxgust>
    </stationdata>
    <stationdata month="10" year="1958">
        <meanmaxtemp description="Mean Maximum Temperature" units="°C">14.6</meanmaxtemp>
        <meanmintemp description="Mean Minimum Temperature" units="°C">4.7</meanmintemp>
        <meanmonthtemp description="Mean Temperature" units="°C">9.7</meanmonthtemp>
        <extrmaxtemp description="Extreme Maximum Temperature" units="°C">23.3</extrmaxtemp>
        <extrmintemp description="Extreme Minimum Temperature" units="°C">-3.9</extrmintemp>
        <totrain description="Total Rain" units="mm">31.2</totrain>
        <totsnow description="Total Snow" units="cm">0.0</totsnow>
        <totprecip description="Total Precipitation" units="mm">31.2</totprecip>
        <grndsnowlastday description="Snow on the Ground on the Last Day" units="cm">0</grndsnowlastday>
        <dirmaxgust description="Direction of Maximum Gust" units="10's Deg">27</dirmaxgust>
        <speedmaxgust description="Speed of Maximum Gust" units="km/h">85</speedmaxgust>
    </stationdata>
    <stationdata month="11" year="1958">
        <meanmaxtemp description="Mean Maximum Temperature" units="°C">8.4</meanmaxtemp>
        <meanmintemp description="Mean Minimum Temperature" units="°C">-0.2</meanmintemp>
        <meanmonthtemp description="Mean Temperature" units="°C">4.1</meanmonthtemp>
        <extrmaxtemp description="Extreme Maximum Temperature" units="°C">20.0</extrmaxtemp>
        <extrmintemp description="Extreme Minimum Temperature" units="°C">-15.0</extrmintemp>
        <totrain description="Total Rain" units="mm">50.5</totrain>
        <totsnow description="Total Snow" units="cm">20.6</totsnow>
        <totprecip description="Total Precipitation" units="mm">71.1</totprecip>
        <grndsnowlastday description="Snow on the Ground on the Last Day" units="cm">10</grndsnowlastday>
        <dirmaxgust description="Direction of Maximum Gust" units="10's Deg">23</dirmaxgust>
        <speedmaxgust description="Speed of Maximum Gust" flag="S" units="km/h">85</speedmaxgust>
    </stationdata>
    <stationdata month="12" year="1958">
        <meanmaxtemp description="Mean Maximum Temperature" units="°C">-2.8</meanmaxtemp>
        <meanmintemp description="Mean Minimum Temperature" units="°C">-11.2</meanmintemp>
        <meanmonthtemp description="Mean Temperature" units="°C">-7.0</meanmonthtemp>
        <extrmaxtemp description="Extreme Maximum Temperature" units="°C">5.6</extrmaxtemp>
        <extrmintemp description="Extreme Minimum Temperature" units="°C">-24.4</extrmintemp>
        <totrain description="Total Rain" units="mm">1.3</totrain>
        <totsnow description="Total Snow" units="cm">24.1</totsnow>
        <totprecip description="Total Precipitation" units="mm">25.4</totprecip>
        <grndsnowlastday description="Snow on the Ground on the Last Day" units="cm">3</grndsnowlastday>
        <dirmaxgust description="Direction of Maximum Gust" units="10's Deg">27</dirmaxgust>
        <speedmaxgust description="Speed of Maximum Gust" units="km/h">80</speedmaxgust>
    </stationdata>
    <stationdata month="1" year="1959">
        <meanmaxtemp description="Mean Maximum Temperature" units="°C">-3.1</meanmaxtemp>
        <meanmintemp description="Mean Minimum Temperature" units="°C">-11.2</meanmintemp>
        <meanmonthtemp description="Mean Temperature" units="°C">-7.2</meanmonthtemp>
        <extrmaxtemp description="Extreme Maximum Temperature" units="°C">9.4</extrmaxtemp>
        <extrmintemp description="Extreme Minimum Temperature" units="°C">-22.2</extrmintemp>
        <totrain description="Total Rain" units="mm">39.9</totrain>
        <totsnow description="Total Snow" units="cm">25.7</totsnow>
        <totprecip description="Total Precipitation" units="mm">65.5</totprecip>
        <grndsnowlastday description="Snow on the Ground on the Last Day" units="cm">5</grndsnowlastday>
        <dirmaxgust description="Direction of Maximum Gust" units="10's Deg">25</dirmaxgust>
        <speedmaxgust description="Speed of Maximum Gust" units="km/h">101</speedmaxgust>
    </stationdata>
    <stationdata month="2" year="1959">
        <meanmaxtemp description="Mean Maximum Temperature" units="°C">-2.6</meanmaxtemp>
        <meanmintemp description="Mean Minimum Temperature" units="°C">-12.6</meanmintemp>
        <meanmonthtemp description="Mean Temperature" units="°C">-7.6</meanmonthtemp>
        <extrmaxtemp description="Extreme Maximum Temperature" units="°C">5.0</extrmaxtemp>
        <extrmintemp description="Extreme Minimum Temperature" units="°C">-25.6</extrmintemp>
        <totrain description="Total Rain" units="mm">28.2</totrain>
        <totsnow description="Total Snow" units="cm">46.0</totsnow>
        <totprecip description="Total Precipitation" units="mm">74.2</totprecip>
        <grndsnowlastday description="Snow on the Ground on the Last Day" units="cm">10</grndsnowlastday>
        <dirmaxgust description="Direction of Maximum Gust" units="10's Deg">27</dirmaxgust>
        <speedmaxgust description="Speed of Maximum Gust" units="km/h">76</speedmaxgust>
    </stationdata>
    <stationdata month="3" year="1959">
        <meanmaxtemp description="Mean Maximum Temperature" units="°C">2.3</meanmaxtemp>
        <meanmintemp description="Mean Minimum Temperature" units="°C">-6.2</meanmintemp>
        <meanmonthtemp description="Mean Temperature" units="°C">-2.0</meanmonthtemp>
        <extrmaxtemp description="Extreme Maximum Temperature" units="°C">11.1</extrmaxtemp>
        <extrmintemp description="Extreme Minimum Temperature" units="°C">-15.6</extrmintemp>
        <totrain description="Total Rain" units="mm">30.7</totrain>
        <totsnow description="Total Snow" units="cm">29.2</totsnow>
        <totprecip description="Total Precipitation" units="mm">59.9</totprecip>
        <grndsnowlastday description="Snow on the Ground on the Last Day" flag="T" units="cm">0</grndsnowlastday>
        <dirmaxgust description="Direction of Maximum Gust" units="10's Deg">23</dirmaxgust>
        <speedmaxgust description="Speed of Maximum Gust" units="km/h">122</speedmaxgust>
    </stationdata>
    <stationdata month="4" year="1959">
        <meanmaxtemp description="Mean Maximum Temperature" units="°C">12.4</meanmaxtemp>
        <meanmintemp description="Mean Minimum Temperature" units="°C">1.7</meanmintemp>
        <meanmonthtemp description="Mean Temperature" units="°C">7.1</meanmonthtemp>
        <extrmaxtemp description="Extreme Maximum Temperature" units="°C">23.3</extrmaxtemp>
        <extrmintemp description="Extreme Minimum Temperature" units="°C">-4.4</extrmintemp>
        <totrain description="Total Rain" units="mm">61.0</totrain>
        <totsnow description="Total Snow" flag="T" units="cm">0.0</totsnow>
        <totprecip description="Total Precipitation" units="mm">61.0</totprecip>
        <grndsnowlastday description="Snow on the Ground on the Last Day" units="cm">0</grndsnowlastday>
        <dirmaxgust description="Direction of Maximum Gust" units="10's Deg">23</dirmaxgust>
        <speedmaxgust description="Speed of Maximum Gust" units="km/h">80</speedmaxgust>
    </stationdata>
    <stationdata month="5" year="1959">
        <meanmaxtemp description="Mean Maximum Temperature" units="°C">20.0</meanmaxtemp>
        <meanmintemp description="Mean Minimum Temperature" units="°C">8.3</meanmintemp>
        <meanmonthtemp description="Mean Temperature" units="°C">14.2</meanmonthtemp>
        <extrmaxtemp description="Extreme Maximum Temperature" units="°C">30.6</extrmaxtemp>
        <extrmintemp description="Extreme Minimum Temperature" units="°C">-0.6</extrmintemp>
        <totrain description="Total Rain" units="mm">41.1</totrain>
        <totsnow description="Total Snow" units="cm">0.3</totsnow>
        <totprecip description="Total Precipitation" units="mm">41.4</totprecip>
        <grndsnowlastday description="Snow on the Ground on the Last Day" units="cm">0</grndsnowlastday>
        <dirmaxgust description="Direction of Maximum Gust" units="10's Deg">23</dirmaxgust>
        <speedmaxgust description="Speed of Maximum Gust" units="km/h">80</speedmaxgust>
    </stationdata>
    <stationdata month="6" year="1959">
        <meanmaxtemp description="Mean Maximum Temperature" units="°C">25.9</meanmaxtemp>
        <meanmintemp description="Mean Minimum Temperature" units="°C">13.9</meanmintemp>
        <meanmonthtemp description="Mean Temperature" units="°C">19.9</meanmonthtemp>
        <extrmaxtemp description="Extreme Maximum Temperature" units="°C">33.3</extrmaxtemp>
        <extrmintemp description="Extreme Minimum Temperature" units="°C">4.4</extrmintemp>
        <totrain description="Total Rain" units="mm">22.4</totrain>
        <totsnow description="Total Snow" units="cm">0.0</totsnow>
        <totprecip description="Total Precipitation" units="mm">22.4</totprecip>
        <grndsnowlastday description="Snow on the Ground on the Last Day" units="cm">0</grndsnowlastday>
        <dirmaxgust description="Direction of Maximum Gust" units="10's Deg">27</dirmaxgust>
        <speedmaxgust description="Speed of Maximum Gust" units="km/h">82</speedmaxgust>
    </stationdata>
    <stationdata month="7" year="1959">
        <meanmaxtemp description="Mean Maximum Temperature" units="°C">28.9</meanmaxtemp>
        <meanmintemp description="Mean Minimum Temperature" units="°C">15.7</meanmintemp>
        <meanmonthtemp description="Mean Temperature" units="°C">22.3</meanmonthtemp>
        <extrmaxtemp description="Extreme Maximum Temperature" units="°C">32.8</extrmaxtemp>
        <extrmintemp description="Extreme Minimum Temperature" units="°C">10.6</extrmintemp>
        <totrain description="Total Rain" units="mm">27.7</totrain>
        <totsnow description="Total Snow" units="cm">0.0</totsnow>
        <totprecip description="Total Precipitation" units="mm">27.7</totprecip>
        <grndsnowlastday description="Snow on the Ground on the Last Day" units="cm">0</grndsnowlastday>
        <dirmaxgust description="Direction of Maximum Gust" units="10's Deg">29</dirmaxgust>
        <speedmaxgust description="Speed of Maximum Gust" units="km/h">68</speedmaxgust>
    </stationdata>
    <stationdata month="8" year="1959">
        <meanmaxtemp description="Mean Maximum Temperature" units="°C">29.3</meanmaxtemp>
        <meanmintemp description="Mean Minimum Temperature" units="°C">18.3</meanmintemp>
        <meanmonthtemp description="Mean Temperature" units="°C">23.8</meanmonthtemp>
        <extrmaxtemp description="Extreme Maximum Temperature" flag="S" units="°C">35.0</extrmaxtemp>
        <extrmintemp description="Extreme Minimum Temperature" units="°C">9.4</extrmintemp>
        <totrain description="Total Rain" units="mm">38.6</totrain>
        <totsnow description="Total Snow" units="cm">0.0</totsnow>
        <totprecip description="Total Precipitation" units="mm">38.6</totprecip>
        <grndsnowlastday description="Snow on the Ground on the Last Day" units="cm">0</grndsnowlastday>
        <dirmaxgust description="Direction of Maximum Gust" units="10's Deg">32</dirmaxgust>
        <speedmaxgust description="Speed of Maximum Gust" units="km/h">87</speedmaxgust>
    </stationdata>
    <stationdata month="9" year="1959">
        <meanmaxtemp description="Mean Maximum Temperature" units="°C">24.2</meanmaxtemp>
        <meanmintemp description="Mean Minimum Temperature" units="°C">13.2</meanmintemp>
        <meanmonthtemp description="Mean Temperature" units="°C">18.7</meanmonthtemp>
        <extrmaxtemp description="Extreme Maximum Temperature" units="°C">35.0</extrmaxtemp>
        <extrmintemp description="Extreme Minimum Temperature" units="°C">0.0</extrmintemp>
        <totrain description="Total Rain" units="mm">69.3</totrain>
        <totsnow description="Total Snow" units="cm">0.0</totsnow>
        <totprecip description="Total Precipitation" units="mm">69.3</totprecip>
        <grndsnowlastday description="Snow on the Ground on the Last Day" units="cm">0</grndsnowlastday>
        <dirmaxgust description="Direction of Maximum Gust" units="10's Deg">25</dirmaxgust>
        <speedmaxgust description="Speed of Maximum Gust" units="km/h">64</speedmaxgust>
    </stationdata>
    <stationdata month="10" year="1959">
        <meanmaxtemp description="Mean Maximum Temperature" units="°C">13.4</meanmaxtemp>
        <meanmintemp description="Mean Minimum Temperature" units="°C">5.9</meanmintemp>
        <meanmonthtemp description="Mean Temperature" units="°C">9.7</meanmonthtemp>
        <extrmaxtemp description="Extreme Maximum Temperature" units="°C">26.7</extrmaxtemp>
        <extrmintemp description="Extreme Minimum Temperature" units="°C">-3.3</extrmintemp>
        <totrain description="Total Rain" units="mm">79.5</totrain>
        <totsnow description="Total Snow" flag="T" units="cm">0.0</totsnow>
        <totprecip description="Total Precipitation" units="mm">79.5</totprecip>
        <grndsnowlastday description="Snow on the Ground on the Last Day" units="cm">0</grndsnowlastday>
        <dirmaxgust description="Direction of Maximum Gust" units="10's Deg">27</dirmaxgust>
        <speedmaxgust description="Speed of Maximum Gust" flag="S" units="km/h">79</speedmaxgust>
    </stationdata>
    <stationdata month="11" year="1959">
        <meanmaxtemp description="Mean Maximum Temperature" units="°C">5.8</meanmaxtemp>
        <meanmintemp description="Mean Minimum Temperature" units="°C">-1.6</meanmintemp>
        <meanmonthtemp description="Mean Temperature" units="°C">2.1</meanmonthtemp>
        <extrmaxtemp description="Extreme Maximum Temperature" units="°C">20.0</extrmaxtemp>
        <extrmintemp description="Extreme Minimum Temperature" flag="S" units="°C">-10.6</extrmintemp>
        <totrain description="Total Rain" units="mm">43.4</totrain>
        <totsnow description="Total Snow" units="cm">12.7</totsnow>
        <totprecip description="Total Precipitation" units="mm">56.1</totprecip>
        <grndsnowlastday description="Snow on the Ground on the Last Day" units="cm">5</grndsnowlastday>
        <dirmaxgust description="Direction of Maximum Gust" units="10's Deg">27</dirmaxgust>
        <speedmaxgust description="Speed of Maximum Gust" flag="S" units="km/h">82</speedmaxgust>
    </stationdata>
    <stationdata month="12" year="1959">
        <meanmaxtemp description="Mean Maximum Temperature" units="°C">1.4</meanmaxtemp>
        <meanmintemp description="Mean Minimum Temperature" units="°C">-4.2</meanmintemp>
        <meanmonthtemp description="Mean Temperature" units="°C">-1.4</meanmonthtemp>
        <extrmaxtemp description="Extreme Maximum Temperature" units="°C">8.3</extrmaxtemp>
        <extrmintemp description="Extreme Minimum Temperature" flag="S" units="°C">-15.6</extrmintemp>
        <totrain description="Total Rain" units="mm">59.7</totrain>
        <totsnow description="Total Snow" units="cm">20.8</totsnow>
        <totprecip description="Total Precipitation" units="mm">80.5</totprecip>
        <grndsnowlastday description="Snow on the Ground on the Last Day" units="cm">10</grndsnowlastday>
        <dirmaxgust description="Direction of Maximum Gust" units="10's Deg">27</dirmaxgust>
        <speedmaxgust description="Speed of Maximum Gust" units="km/h">84</speedmaxgust>
    </stationdata>
    <stationdata month="1" year="1960">
        <meanmaxtemp description="Mean Maximum Temperature" units="°C">-1.9</meanmaxtemp>
        <meanmintemp description="Mean Minimum Temperature" units="°C">-8.3</meanmintemp>
        <meanmonthtemp description="Mean Temperature" units="°C">-5.1</meanmonthtemp>
        <extrmaxtemp description="Extreme Maximum Temperature" units="°C">3.3</extrmaxtemp>
        <extrmintemp description="Extreme Minimum Temperature" units="°C">-18.3</extrmintemp>
        <totrain description="Total Rain" units="mm">33.5</totrain>
        <totsnow description="Total Snow" units="cm">34.5</totsnow>
        <totprecip description="Total Precipitation" units="mm">68.1</totprecip>
        <grndsnowlastday description="Snow on the Ground on the Last Day" units="cm">15</grndsnowlastday>
        <dirmaxgust description="Direction of Maximum Gust" units="10's Deg">25</dirmaxgust>
        <speedmaxgust description="Speed of Maximum Gust" units="km/h">87</speedmaxgust>
    </stationdata>
    <stationdata month="2" year="1960">
        <meanmaxtemp description="Mean Maximum Temperature" units="°C">-0.9</meanmaxtemp>
        <meanmintemp description="Mean Minimum Temperature" units="°C">-7.9</meanmintemp>
        <meanmonthtemp description="Mean Temperature" units="°C">-4.4</meanmonthtemp>
        <extrmaxtemp description="Extreme Maximum Temperature" units="°C">5.6</extrmaxtemp>
        <extrmintemp description="Extreme Minimum Temperature" units="°C">-17.2</extrmintemp>
        <totrain description="Total Rain" units="mm">26.7</totrain>
        <totsnow description="Total Snow" units="cm">38.1</totsnow>
        <totprecip description="Total Precipitation" units="mm">64.8</totprecip>
        <grndsnowlastday description="Snow on the Ground on the Last Day" units="cm">23</grndsnowlastday>
        <dirmaxgust description="Direction of Maximum Gust" units="10's Deg">32</dirmaxgust>
        <speedmaxgust description="Speed of Maximum Gust" flag="S" units="km/h">76</speedmaxgust>
    </stationdata>
    <stationdata month="3" year="1960">
        <meanmaxtemp description="Mean Maximum Temperature" units="°C">-1.2</meanmaxtemp>
        <meanmintemp description="Mean Minimum Temperature" units="°C">-10.8</meanmintemp>
        <meanmonthtemp description="Mean Temperature" units="°C">-6.0</meanmonthtemp>
        <extrmaxtemp description="Extreme Maximum Temperature" units="°C">12.2</extrmaxtemp>
        <extrmintemp description="Extreme Minimum Temperature" flag="S" units="°C">-18.3</extrmintemp>
        <totrain description="Total Rain" units="mm">7.1</totrain>
        <totsnow description="Total Snow" units="cm">31.8</totsnow>
        <totprecip description="Total Precipitation" units="mm">38.9</totprecip>
        <grndsnowlastday description="Snow on the Ground on the Last Day" units="cm">0</grndsnowlastday>
        <dirmaxgust description="Direction of Maximum Gust" units="10's Deg">23</dirmaxgust>
        <speedmaxgust description="Speed of Maximum Gust" units="km/h">74</speedmaxgust>
    </stationdata>
    <stationdata month="4" year="1960">
        <meanmaxtemp description="Mean Maximum Temperature" units="°C">12.4</meanmaxtemp>
        <meanmintemp description="Mean Minimum Temperature" units="°C">2.5</meanmintemp>
        <meanmonthtemp description="Mean Temperature" units="°C">7.5</meanmonthtemp>
        <extrmaxtemp description="Extreme Maximum Temperature" units="°C">28.3</extrmaxtemp>
        <extrmintemp description="Extreme Minimum Temperature" units="°C">-5.0</extrmintemp>
        <totrain description="Total Rain" units="mm">61.7</totrain>
        <totsnow description="Total Snow" units="cm">2.8</totsnow>
        <totprecip description="Total Precipitation" units="mm">64.5</totprecip>
        <grndsnowlastday description="Snow on the Ground on the Last Day" units="cm">0</grndsnowlastday>
        <dirmaxgust description="Direction of Maximum Gust" units="10's Deg">23</dirmaxgust>
        <speedmaxgust description="Speed of Maximum Gust" units="km/h">85</speedmaxgust>
    </stationdata>
    <stationdata month="5" year="1960">
        <meanmaxtemp description="Mean Maximum Temperature" units="°C">18.3</meanmaxtemp>
        <meanmintemp description="Mean Minimum Temperature" units="°C">8.8</meanmintemp>
        <meanmonthtemp description="Mean Temperature" units="°C">13.6</meanmonthtemp>
        <extrmaxtemp description="Extreme Maximum Temperature" units="°C">25.6</extrmaxtemp>
        <extrmintemp description="Extreme Minimum Temperature" units="°C">0.0</extrmintemp>
        <totrain description="Total Rain" units="mm">116.8</totrain>
        <totsnow description="Total Snow" units="cm">0.0</totsnow>
        <totprecip description="Total Precipitation" units="mm">116.8</totprecip>
        <grndsnowlastday description="Snow on the Ground on the Last Day" units="cm">0</grndsnowlastday>
        <dirmaxgust description="Direction of Maximum Gust" units="10's Deg">27</dirmaxgust>
        <speedmaxgust description="Speed of Maximum Gust" units="km/h">60</speedmaxgust>
    </stationdata>
    <stationdata month="6" year="1960">
        <meanmaxtemp description="Mean Maximum Temperature" units="°C">24.1</meanmaxtemp>
        <meanmintemp description="Mean Minimum Temperature" units="°C">12.2</meanmintemp>
        <meanmonthtemp description="Mean Temperature" units="°C">18.2</meanmonthtemp>
        <extrmaxtemp description="Extreme Maximum Temperature" units="°C">30.0</extrmaxtemp>
        <extrmintemp description="Extreme Minimum Temperature" flag="S" units="°C">6.7</extrmintemp>
        <totrain description="Total Rain" units="mm">55.6</totrain>
        <totsnow description="Total Snow" units="cm">0.0</totsnow>
        <totprecip description="Total Precipitation" units="mm">55.6</totprecip>
        <grndsnowlastday description="Snow on the Ground on the Last Day" units="cm">0</grndsnowlastday>
        <dirmaxgust description="Direction of Maximum Gust" units="10's Deg">20</dirmaxgust>
        <speedmaxgust description="Speed of Maximum Gust" units="km/h">68</speedmaxgust>
    </stationdata>
    <stationdata month="7" year="1960">
        <meanmaxtemp description="Mean Maximum Temperature" units="°C">26.4</meanmaxtemp>
        <meanmintemp description="Mean Minimum Temperature" units="°C">14.2</meanmintemp>
        <meanmonthtemp description="Mean Temperature" units="°C">20.3</meanmonthtemp>
        <extrmaxtemp description="Extreme Maximum Temperature" units="°C">31.7</extrmaxtemp>
        <extrmintemp description="Extreme Minimum Temperature" units="°C">7.2</extrmintemp>
        <totrain description="Total Rain" units="mm">103.9</totrain>
        <totsnow description="Total Snow" units="cm">0.0</totsnow>
        <totprecip description="Total Precipitation" units="mm">103.9</totprecip>
        <grndsnowlastday description="Snow on the Ground on the Last Day" units="cm">0</grndsnowlastday>
        <dirmaxgust description="Direction of Maximum Gust" units="10's Deg">27</dirmaxgust>
        <speedmaxgust description="Speed of Maximum Gust" units="km/h">80</speedmaxgust>
    </stationdata>
    <stationdata month="8" year="1960">
        <meanmaxtemp description="Mean Maximum Temperature" units="°C">26.5</meanmaxtemp>
        <meanmintemp description="Mean Minimum Temperature" units="°C">14.2</meanmintemp>
        <meanmonthtemp description="Mean Temperature" units="°C">20.4</meanmonthtemp>
        <extrmaxtemp description="Extreme Maximum Temperature" units="°C">31.7</extrmaxtemp>
        <extrmintemp description="Extreme Minimum Temperature" units="°C">8.9</extrmintemp>
        <totrain description="Total Rain" units="mm">39.6</totrain>
        <totsnow description="Total Snow" units="cm">0.0</totsnow>
        <totprecip description="Total Precipitation" units="mm">39.6</totprecip>
        <grndsnowlastday description="Snow on the Ground on the Last Day" units="cm">0</grndsnowlastday>
        <dirmaxgust description="Direction of Maximum Gust" units="10's Deg">29</dirmaxgust>
        <speedmaxgust description="Speed of Maximum Gust" flag="S" units="km/h">58</speedmaxgust>
    </stationdata>
    <stationdata month="9" year="1960">
        <meanmaxtemp description="Mean Maximum Temperature" units="°C">23.4</meanmaxtemp>
        <meanmintemp description="Mean Minimum Temperature" units="°C">11.8</meanmintemp>
        <meanmonthtemp description="Mean Temperature" units="°C">17.6</meanmonthtemp>
        <extrmaxtemp description="Extreme Maximum Temperature" units="°C">33.9</extrmaxtemp>
        <extrmintemp description="Extreme Minimum Temperature" units="°C">2.8</extrmintemp>
        <totrain description="Total Rain" units="mm">6.4</totrain>
        <totsnow description="Total Snow" units="cm">0.0</totsnow>
        <totprecip description="Total Precipitation" units="mm">6.4</totprecip>
        <grndsnowlastday description="Snow on the Ground on the Last Day" units="cm">0</grndsnowlastday>
        <dirmaxgust description="Direction of Maximum Gust" units="10's Deg">29</dirmaxgust>
        <speedmaxgust description="Speed of Maximum Gust" flag="S" units="km/h">61</speedmaxgust>
    </stationdata>
    <stationdata month="10" year="1960">
        <meanmaxtemp description="Mean Maximum Temperature" units="°C">15.5</meanmaxtemp>
        <meanmintemp description="Mean Minimum Temperature" units="°C">4.2</meanmintemp>
        <meanmonthtemp description="Mean Temperature" units="°C">9.9</meanmonthtemp>
        <extrmaxtemp description="Extreme Maximum Temperature" units="°C">25.6</extrmaxtemp>
        <extrmintemp description="Extreme Minimum Temperature" units="°C">-2.8</extrmintemp>
        <totrain description="Total Rain" units="mm">57.7</totrain>
        <totsnow description="Total Snow" units="cm">0.3</totsnow>
        <totprecip description="Total Precipitation" units="mm">57.9</totprecip>
        <grndsnowlastday description="Snow on the Ground on the Last Day" units="cm">0</grndsnowlastday>
        <dirmaxgust description="Direction of Maximum Gust" units="10's Deg">34</dirmaxgust>
        <speedmaxgust description="Speed of Maximum Gust" units="km/h">77</speedmaxgust>
    </stationdata>
    <stationdata month="11" year="1960">
        <meanmaxtemp description="Mean Maximum Temperature" units="°C">9.6</meanmaxtemp>
        <meanmintemp description="Mean Minimum Temperature" units="°C">1.4</meanmintemp>
        <meanmonthtemp description="Mean Temperature" units="°C">5.5</meanmonthtemp>
        <extrmaxtemp description="Extreme Maximum Temperature" units="°C">16.1</extrmaxtemp>
        <extrmintemp description="Extreme Minimum Temperature" units="°C">-5.0</extrmintemp>
        <totrain description="Total Rain" units="mm">52.8</totrain>
        <totsnow description="Total Snow" units="cm">10.7</totsnow>
        <totprecip description="Total Precipitation" units="mm">57.2</totprecip>
        <grndsnowlastday description="Snow on the Ground on the Last Day" flag="T" units="cm">0</grndsnowlastday>
        <dirmaxgust description="Direction of Maximum Gust" units="10's Deg">27</dirmaxgust>
        <speedmaxgust description="Speed of Maximum Gust" flag="S" units="km/h">77</speedmaxgust>
    </stationdata>
    <stationdata month="12" year="1960">
        <meanmaxtemp description="Mean Maximum Temperature" units="°C">-1.2</meanmaxtemp>
        <meanmintemp description="Mean Minimum Temperature" units="°C">-9.5</meanmintemp>
        <meanmonthtemp description="Mean Temperature" units="°C">-5.4</meanmonthtemp>
        <extrmaxtemp description="Extreme Maximum Temperature" units="°C">14.4</extrmaxtemp>
        <extrmintemp description="Extreme Minimum Temperature" units="°C">-22.8</extrmintemp>
        <totrain description="Total Rain" units="mm">1.0</totrain>
        <totsnow description="Total Snow" units="cm">15.7</totsnow>
        <totprecip description="Total Precipitation" units="mm">17.0</totprecip>
        <grndsnowlastday description="Snow on the Ground on the Last Day" units="cm">3</grndsnowlastday>
        <dirmaxgust description="Direction of Maximum Gust" units="10's Deg">23</dirmaxgust>
        <speedmaxgust description="Speed of Maximum Gust" units="km/h">90</speedmaxgust>
    </stationdata>
    <stationdata month="1" year="1961">
        <meanmaxtemp description="Mean Maximum Temperature" units="°C">-3.9</meanmaxtemp>
        <meanmintemp description="Mean Minimum Temperature" units="°C">-12.3</meanmintemp>
        <meanmonthtemp description="Mean Temperature" units="°C">-8.1</meanmonthtemp>
        <extrmaxtemp description="Extreme Maximum Temperature" units="°C">6.7</extrmaxtemp>
        <extrmintemp description="Extreme Minimum Temperature" units="°C">-22.2</extrmintemp>
        <totrain description="Total Rain" flag="T" units="mm">0.0</totrain>
        <totsnow description="Total Snow" units="cm">15.2</totsnow>
        <totprecip description="Total Precipitation" units="mm">10.9</totprecip>
        <grndsnowlastday description="Snow on the Ground on the Last Day" units="cm">5</grndsnowlastday>
        <dirmaxgust description="Direction of Maximum Gust" units="10's Deg">29</dirmaxgust>
        <speedmaxgust description="Speed of Maximum Gust" units="km/h">79</speedmaxgust>
    </stationdata>
    <stationdata month="2" year="1961">
        <meanmaxtemp description="Mean Maximum Temperature" units="°C">1.4</meanmaxtemp>
        <meanmintemp description="Mean Minimum Temperature" units="°C">-7.4</meanmintemp>
        <meanmonthtemp description="Mean Temperature" units="°C">-3.0</meanmonthtemp>
        <extrmaxtemp description="Extreme Maximum Temperature" units="°C">11.7</extrmaxtemp>
        <extrmintemp description="Extreme Minimum Temperature" units="°C">-25.0</extrmintemp>
        <totrain description="Total Rain" units="mm">41.9</totrain>
        <totsnow description="Total Snow" units="cm">23.4</totsnow>
        <totprecip description="Total Precipitation" units="mm">59.2</totprecip>
        <grndsnowlastday description="Snow on the Ground on the Last Day" units="cm">0</grndsnowlastday>
        <dirmaxgust description="Direction of Maximum Gust" units="10's Deg">25</dirmaxgust>
        <speedmaxgust description="Speed of Maximum Gust" units="km/h">97</speedmaxgust>
    </stationdata>
    <stationdata month="3" year="1961">
        <meanmaxtemp description="Mean Maximum Temperature" units="°C">3.8</meanmaxtemp>
        <meanmintemp description="Mean Minimum Temperature" units="°C">-3.6</meanmintemp>
        <meanmonthtemp description="Mean Temperature" units="°C">0.1</meanmonthtemp>
        <extrmaxtemp description="Extreme Maximum Temperature" units="°C">15.6</extrmaxtemp>
        <extrmintemp description="Extreme Minimum Temperature" units="°C">-15.6</extrmintemp>
        <totrain description="Total Rain" units="mm">19.8</totrain>
        <totsnow description="Total Snow" units="cm">32.8</totsnow>
        <totprecip description="Total Precipitation" units="mm">77.0</totprecip>
        <grndsnowlastday description="Snow on the Ground on the Last Day" units="cm">0</grndsnowlastday>
        <dirmaxgust description="Direction of Maximum Gust" units="10's Deg">7</dirmaxgust>
        <speedmaxgust description="Speed of Maximum Gust" units="km/h">97</speedmaxgust>
    </stationdata>
    <stationdata month="4" year="1961">
        <meanmaxtemp description="Mean Maximum Temperature" units="°C">8.5</meanmaxtemp>
        <meanmintemp description="Mean Minimum Temperature" units="°C">0.7</meanmintemp>
        <meanmonthtemp description="Mean Temperature" units="°C">4.6</meanmonthtemp>
        <extrmaxtemp description="Extreme Maximum Temperature" units="°C">18.9</extrmaxtemp>
        <extrmintemp description="Extreme Minimum Temperature" units="°C">-3.9</extrmintemp>
        <totrain description="Total Rain" units="mm">69.6</totrain>
        <totsnow description="Total Snow" units="cm">24.4</totsnow>
        <totprecip description="Total Precipitation" units="mm">98.3</totprecip>
        <grndsnowlastday description="Snow on the Ground on the Last Day" units="cm">0</grndsnowlastday>
        <dirmaxgust description="Direction of Maximum Gust" units="10's Deg">25</dirmaxgust>
        <speedmaxgust description="Speed of Maximum Gust" units="km/h">79</speedmaxgust>
    </stationdata>
    <stationdata month="5" year="1961">
        <meanmaxtemp description="Mean Maximum Temperature" units="°C">17.6</meanmaxtemp>
        <meanmintemp description="Mean Minimum Temperature" units="°C">5.7</meanmintemp>
        <meanmonthtemp description="Mean Temperature" units="°C">11.7</meanmonthtemp>
        <extrmaxtemp description="Extreme Maximum Temperature" units="°C">28.3</extrmaxtemp>
        <extrmintemp description="Extreme Minimum Temperature" units="°C">-1.1</extrmintemp>
        <totrain description="Total Rain" units="mm">63.5</totrain>
        <totsnow description="Total Snow" units="cm">0.5</totsnow>
        <totprecip description="Total Precipitation" units="mm">64.0</totprecip>
        <grndsnowlastday description="Snow on the Ground on the Last Day" units="cm">0</grndsnowlastday>
        <dirmaxgust description="Direction of Maximum Gust" units="10's Deg"></dirmaxgust>
        <speedmaxgust description="Speed of Maximum Gust" units="km/h">&lt;31</speedmaxgust>
    </stationdata>
    <stationdata month="6" year="1961">
        <meanmaxtemp description="Mean Maximum Temperature" units="°C">23.8</meanmaxtemp>
        <meanmintemp description="Mean Minimum Temperature" units="°C">12.1</meanmintemp>
        <meanmonthtemp description="Mean Temperature" units="°C">18.0</meanmonthtemp>
        <extrmaxtemp description="Extreme Maximum Temperature" units="°C">32.8</extrmaxtemp>
        <extrmintemp description="Extreme Minimum Temperature" units="°C">6.1</extrmintemp>
        <totrain description="Total Rain" units="mm">82.8</totrain>
        <totsnow description="Total Snow" units="cm">0.0</totsnow>
        <totprecip description="Total Precipitation" units="mm">82.8</totprecip>
        <grndsnowlastday description="Snow on the Ground on the Last Day" units="cm">0</grndsnowlastday>
        <dirmaxgust description="Direction of Maximum Gust" units="10's Deg">18</dirmaxgust>
        <speedmaxgust description="Speed of Maximum Gust" flag="S" units="km/h">76</speedmaxgust>
    </stationdata>
    <stationdata month="7" year="1961">
        <meanmaxtemp description="Mean Maximum Temperature" units="°C">26.9</meanmaxtemp>
        <meanmintemp description="Mean Minimum Temperature" units="°C">15.3</meanmintemp>
        <meanmonthtemp description="Mean Temperature" units="°C">21.1</meanmonthtemp>
        <extrmaxtemp description="Extreme Maximum Temperature" units="°C">33.3</extrmaxtemp>
        <extrmintemp description="Extreme Minimum Temperature" units="°C">7.2</extrmintemp>
        <totrain description="Total Rain" units="mm">80.5</totrain>
        <totsnow description="Total Snow" units="cm">0.0</totsnow>
        <totprecip description="Total Precipitation" units="mm">80.5</totprecip>
        <grndsnowlastday description="Snow on the Ground on the Last Day" units="cm">0</grndsnowlastday>
        <dirmaxgust description="Direction of Maximum Gust" units="10's Deg">29</dirmaxgust>
        <speedmaxgust description="Speed of Maximum Gust" units="km/h">72</speedmaxgust>
    </stationdata>
    <stationdata month="8" year="1961">
        <meanmaxtemp description="Mean Maximum Temperature" units="°C">26.4</meanmaxtemp>
        <meanmintemp description="Mean Minimum Temperature" units="°C">14.8</meanmintemp>
        <meanmonthtemp description="Mean Temperature" units="°C">20.6</meanmonthtemp>
        <extrmaxtemp description="Extreme Maximum Temperature" units="°C">32.8</extrmaxtemp>
        <extrmintemp description="Extreme Minimum Temperature" units="°C">9.4</extrmintemp>
        <totrain description="Total Rain" units="mm">56.1</totrain>
        <totsnow description="Total Snow" units="cm">0.0</totsnow>
        <totprecip description="Total Precipitation" units="mm">56.1</totprecip>
        <grndsnowlastday description="Snow on the Ground on the Last Day" units="cm">0</grndsnowlastday>
        <dirmaxgust description="Direction of Maximum Gust" units="10's Deg">25</dirmaxgust>
        <speedmaxgust description="Speed of Maximum Gust" units="km/h">93</speedmaxgust>
    </stationdata>
    <stationdata month="9" year="1961">
        <meanmaxtemp description="Mean Maximum Temperature" units="°C">25.4</meanmaxtemp>
        <meanmintemp description="Mean Minimum Temperature" units="°C">13.2</meanmintemp>
        <meanmonthtemp description="Mean Temperature" units="°C">19.3</meanmonthtemp>
        <extrmaxtemp description="Extreme Maximum Temperature" flag="S" units="°C">32.2</extrmaxtemp>
        <extrmintemp description="Extreme Minimum Temperature" units="°C">3.3</extrmintemp>
        <totrain description="Total Rain" units="mm">42.4</totrain>
        <totsnow description="Total Snow" units="cm">0.0</totsnow>
        <totprecip description="Total Precipitation" units="mm">42.4</totprecip>
        <grndsnowlastday description="Snow on the Ground on the Last Day" units="cm">0</grndsnowlastday>
        <dirmaxgust description="Direction of Maximum Gust" units="10's Deg">23</dirmaxgust>
        <speedmaxgust description="Speed of Maximum Gust" units="km/h">92</speedmaxgust>
    </stationdata>
    <stationdata month="10" year="1961">
        <meanmaxtemp description="Mean Maximum Temperature" units="°C">18.2</meanmaxtemp>
        <meanmintemp description="Mean Minimum Temperature" units="°C">5.7</meanmintemp>
        <meanmonthtemp description="Mean Temperature" units="°C">12.0</meanmonthtemp>
        <extrmaxtemp description="Extreme Maximum Temperature" flag="S" units="°C">25.6</extrmaxtemp>
        <extrmintemp description="Extreme Minimum Temperature" units="°C">-1.1</extrmintemp>
        <totrain description="Total Rain" units="mm">14.7</totrain>
        <totsnow description="Total Snow" flag="T" units="cm">0.0</totsnow>
        <totprecip description="Total Precipitation" units="mm">14.7</totprecip>
        <grndsnowlastday description="Snow on the Ground on the Last Day" units="cm">0</grndsnowlastday>
        <dirmaxgust description="Direction of Maximum Gust" units="10's Deg">25</dirmaxgust>
        <speedmaxgust description="Speed of Maximum Gust" units="km/h">68</speedmaxgust>
    </stationdata>
    <stationdata month="11" year="1961">
        <meanmaxtemp description="Mean Maximum Temperature" units="°C">7.9</meanmaxtemp>
        <meanmintemp description="Mean Minimum Temperature" units="°C">-1.6</meanmintemp>
        <meanmonthtemp description="Mean Temperature" units="°C">3.2</meanmonthtemp>
        <extrmaxtemp description="Extreme Maximum Temperature" units="°C">25.0</extrmaxtemp>
        <extrmintemp description="Extreme Minimum Temperature" flag="S" units="°C">-7.2</extrmintemp>
        <totrain description="Total Rain" units="mm">48.0</totrain>
        <totsnow description="Total Snow" units="cm">4.8</totsnow>
        <totprecip description="Total Precipitation" units="mm">51.6</totprecip>
        <grndsnowlastday description="Snow on the Ground on the Last Day" units="cm">0</grndsnowlastday>
        <dirmaxgust description="Direction of Maximum Gust" units="10's Deg">34</dirmaxgust>
        <speedmaxgust description="Speed of Maximum Gust" units="km/h">79</speedmaxgust>
    </stationdata>
    <stationdata month="12" year="1961">
        <meanmaxtemp description="Mean Maximum Temperature" units="°C">1.4</meanmaxtemp>
        <meanmintemp description="Mean Minimum Temperature" units="°C">-6.3</meanmintemp>
        <meanmonthtemp description="Mean Temperature" units="°C">-2.5</meanmonthtemp>
        <extrmaxtemp description="Extreme Maximum Temperature" units="°C">13.3</extrmaxtemp>
        <extrmintemp description="Extreme Minimum Temperature" units="°C">-16.7</extrmintemp>
        <totrain description="Total Rain" units="mm">31.2</totrain>
        <totsnow description="Total Snow" units="cm">15.2</totsnow>
        <totprecip description="Total Precipitation" units="mm">46.2</totprecip>
        <grndsnowlastday description="Snow on the Ground on the Last Day" units="cm">5</grndsnowlastday>
        <dirmaxgust description="Direction of Maximum Gust" units="10's Deg">27</dirmaxgust>
        <speedmaxgust description="Speed of Maximum Gust" units="km/h">87</speedmaxgust>
    </stationdata>
    <stationdata month="1" year="1962">
        <meanmaxtemp description="Mean Maximum Temperature" units="°C">-2.4</meanmaxtemp>
        <meanmintemp description="Mean Minimum Temperature" units="°C">-12.1</meanmintemp>
        <meanmonthtemp description="Mean Temperature" units="°C">-7.3</meanmonthtemp>
        <extrmaxtemp description="Extreme Maximum Temperature" units="°C">4.4</extrmaxtemp>
        <extrmintemp description="Extreme Minimum Temperature" units="°C">-20.0</extrmintemp>
        <totrain description="Total Rain" units="mm">32.0</totrain>
        <totsnow description="Total Snow" units="cm">37.1</totsnow>
        <totprecip description="Total Precipitation" units="mm">67.6</totprecip>
        <grndsnowlastday description="Snow on the Ground on the Last Day" units="cm">8</grndsnowlastday>
        <dirmaxgust description="Direction of Maximum Gust" units="10's Deg">29</dirmaxgust>
        <speedmaxgust description="Speed of Maximum Gust" units="km/h">93</speedmaxgust>
    </stationdata>
    <stationdata month="2" year="1962">
        <meanmaxtemp description="Mean Maximum Temperature" units="°C">-3.0</meanmaxtemp>
        <meanmintemp description="Mean Minimum Temperature" units="°C">-13.2</meanmintemp>
        <meanmonthtemp description="Mean Temperature" units="°C">-8.1</meanmonthtemp>
        <extrmaxtemp description="Extreme Maximum Temperature" units="°C">8.9</extrmaxtemp>
        <extrmintemp description="Extreme Minimum Temperature" units="°C">-23.3</extrmintemp>
        <totrain description="Total Rain" units="mm">13.0</totrain>
        <totsnow description="Total Snow" units="cm">63.0</totsnow>
        <totprecip description="Total Precipitation" units="mm">86.1</totprecip>
        <grndsnowlastday description="Snow on the Ground on the Last Day" units="cm">10</grndsnowlastday>
        <dirmaxgust description="Direction of Maximum Gust" units="10's Deg">27</dirmaxgust>
        <speedmaxgust description="Speed of Maximum Gust" flag="S" units="km/h">80</speedmaxgust>
    </stationdata>
    <stationdata month="3" year="1962">
        <meanmaxtemp description="Mean Maximum Temperature" units="°C">4.5</meanmaxtemp>
        <meanmintemp description="Mean Minimum Temperature" units="°C">-5.2</meanmintemp>
        <meanmonthtemp description="Mean Temperature" units="°C">-0.4</meanmonthtemp>
        <extrmaxtemp description="Extreme Maximum Temperature" units="°C">22.2</extrmaxtemp>
        <extrmintemp description="Extreme Minimum Temperature" units="°C">-21.7</extrmintemp>
        <totrain description="Total Rain" units="mm">7.9</totrain>
        <totsnow description="Total Snow" units="cm">4.1</totsnow>
        <totprecip description="Total Precipitation" units="mm">11.9</totprecip>
        <grndsnowlastday description="Snow on the Ground on the Last Day" units="cm">0</grndsnowlastday>
        <dirmaxgust description="Direction of Maximum Gust" units="10's Deg">9</dirmaxgust>
        <speedmaxgust description="Speed of Maximum Gust" units="km/h">76</speedmaxgust>
    </stationdata>
    <stationdata month="4" year="1962">
        <meanmaxtemp description="Mean Maximum Temperature" units="°C">13.2</meanmaxtemp>
        <meanmintemp description="Mean Minimum Temperature" units="°C">0.5</meanmintemp>
        <meanmonthtemp description="Mean Temperature" units="°C">6.9</meanmonthtemp>
        <extrmaxtemp description="Extreme Maximum Temperature" units="°C">29.4</extrmaxtemp>
        <extrmintemp description="Extreme Minimum Temperature" flag="S" units="°C">-6.1</extrmintemp>
        <totrain description="Total Rain" units="mm">24.4</totrain>
        <totsnow description="Total Snow" units="cm">10.2</totsnow>
        <totprecip description="Total Precipitation" units="mm">34.5</totprecip>
        <grndsnowlastday description="Snow on the Ground on the Last Day" units="cm">0</grndsnowlastday>
        <dirmaxgust description="Direction of Maximum Gust" units="10's Deg">29</dirmaxgust>
        <speedmaxgust description="Speed of Maximum Gust" units="km/h">79</speedmaxgust>
    </stationdata>
    <stationdata month="5" year="1962">
        <meanmaxtemp description="Mean Maximum Temperature" units="°C">23.0</meanmaxtemp>
        <meanmintemp description="Mean Minimum Temperature" units="°C">8.8</meanmintemp>
        <meanmonthtemp description="Mean Temperature" units="°C">15.9</meanmonthtemp>
        <extrmaxtemp description="Extreme Maximum Temperature" flag="S" units="°C">34.4</extrmaxtemp>
        <extrmintemp description="Extreme Minimum Temperature" flag="S" units="°C">-0.6</extrmintemp>
        <totrain description="Total Rain" units="mm">11.7</totrain>
        <totsnow description="Total Snow" units="cm">0.0</totsnow>
        <totprecip description="Total Precipitation" units="mm">11.7</totprecip>
        <grndsnowlastday description="Snow on the Ground on the Last Day" units="cm">0</grndsnowlastday>
        <dirmaxgust description="Direction of Maximum Gust" units="10's Deg">27</dirmaxgust>
        <speedmaxgust description="Speed of Maximum Gust" units="km/h">77</speedmaxgust>
    </stationdata>
    <stationdata month="6" year="1962">
        <meanmaxtemp description="Mean Maximum Temperature" units="°C">25.1</meanmaxtemp>
        <meanmintemp description="Mean Minimum Temperature" units="°C">12.3</meanmintemp>
        <meanmonthtemp description="Mean Temperature" units="°C">18.7</meanmonthtemp>
        <extrmaxtemp description="Extreme Maximum Temperature" units="°C">31.7</extrmaxtemp>
        <extrmintemp description="Extreme Minimum Temperature" units="°C">5.0</extrmintemp>
        <totrain description="Total Rain" units="mm">65.3</totrain>
        <totsnow description="Total Snow" units="cm">0.0</totsnow>
        <totprecip description="Total Precipitation" units="mm">65.3</totprecip>
        <grndsnowlastday description="Snow on the Ground on the Last Day" units="cm">0</grndsnowlastday>
        <dirmaxgust description="Direction of Maximum Gust" units="10's Deg">27</dirmaxgust>
        <speedmaxgust description="Speed of Maximum Gust" units="km/h">71</speedmaxgust>
    </stationdata>
    <stationdata month="7" year="1962">
        <meanmaxtemp description="Mean Maximum Temperature" units="°C">25.9</meanmaxtemp>
        <meanmintemp description="Mean Minimum Temperature" units="°C">13.6</meanmintemp>
        <meanmonthtemp description="Mean Temperature" units="°C">19.8</meanmonthtemp>
        <extrmaxtemp description="Extreme Maximum Temperature" units="°C">33.9</extrmaxtemp>
        <extrmintemp description="Extreme Minimum Temperature" units="°C">8.9</extrmintemp>
        <totrain description="Total Rain" units="mm">90.7</totrain>
        <totsnow description="Total Snow" units="cm">0.0</totsnow>
        <totprecip description="Total Precipitation" units="mm">90.7</totprecip>
        <grndsnowlastday description="Snow on the Ground on the Last Day" units="cm">0</grndsnowlastday>
        <dirmaxgust description="Direction of Maximum Gust" units="10's Deg">36</dirmaxgust>
        <speedmaxgust description="Speed of Maximum Gust" units="km/h">82</speedmaxgust>
    </stationdata>
    <stationdata month="8" year="1962">
        <meanmaxtemp description="Mean Maximum Temperature" units="°C">26.8</meanmaxtemp>
        <meanmintemp description="Mean Minimum Temperature" units="°C">14.2</meanmintemp>
        <meanmonthtemp description="Mean Temperature" units="°C">20.5</meanmonthtemp>
        <extrmaxtemp description="Extreme Maximum Temperature" units="°C">31.7</extrmaxtemp>
        <extrmintemp description="Extreme Minimum Temperature" flag="S" units="°C">9.4</extrmintemp>
        <totrain description="Total Rain" units="mm">76.2</totrain>
        <totsnow description="Total Snow" units="cm">0.0</totsnow>
        <totprecip description="Total Precipitation" units="mm">76.2</totprecip>
        <grndsnowlastday description="Snow on the Ground on the Last Day" units="cm">0</grndsnowlastday>
        <dirmaxgust description="Direction of Maximum Gust" units="10's Deg">27</dirmaxgust>
        <speedmaxgust description="Speed of Maximum Gust" units="km/h">63</speedmaxgust>
    </stationdata>
    <stationdata month="9" year="1962">
        <meanmaxtemp description="Mean Maximum Temperature" units="°C">19.9</meanmaxtemp>
        <meanmintemp description="Mean Minimum Temperature" units="°C">9.1</meanmintemp>
        <meanmonthtemp description="Mean Temperature" units="°C">14.5</meanmonthtemp>
        <extrmaxtemp description="Extreme Maximum Temperature" units="°C">32.8</extrmaxtemp>
        <extrmintemp description="Extreme Minimum Temperature" units="°C">3.3</extrmintemp>
        <totrain description="Total Rain" units="mm">131.8</totrain>
        <totsnow description="Total Snow" units="cm">0.0</totsnow>
        <totprecip description="Total Precipitation" units="mm">131.8</totprecip>
        <grndsnowlastday description="Snow on the Ground on the Last Day" units="cm">0</grndsnowlastday>
        <dirmaxgust description="Direction of Maximum Gust" units="10's Deg">27</dirmaxgust>
        <speedmaxgust description="Speed of Maximum Gust" units="km/h">84</speedmaxgust>
    </stationdata>
    <stationdata month="10" year="1962">
        <meanmaxtemp description="Mean Maximum Temperature" units="°C">15.1</meanmaxtemp>
        <meanmintemp description="Mean Minimum Temperature" units="°C">5.5</meanmintemp>
        <meanmonthtemp description="Mean Temperature" units="°C">10.3</meanmonthtemp>
        <extrmaxtemp description="Extreme Maximum Temperature" units="°C">27.2</extrmaxtemp>
        <extrmintemp description="Extreme Minimum Temperature" units="°C">-3.9</extrmintemp>
        <totrain description="Total Rain" units="mm">90.9</totrain>
        <totsnow description="Total Snow" units="cm">7.4</totsnow>
        <totprecip description="Total Precipitation" units="mm">98.0</totprecip>
        <grndsnowlastday description="Snow on the Ground on the Last Day" units="cm">0</grndsnowlastday>
        <dirmaxgust description="Direction of Maximum Gust" units="10's Deg">32</dirmaxgust>
        <speedmaxgust description="Speed of Maximum Gust" units="km/h">72</speedmaxgust>
    </stationdata>
    <stationdata month="11" year="1962">
        <meanmaxtemp description="Mean Maximum Temperature" units="°C">6.7</meanmaxtemp>
        <meanmintemp description="Mean Minimum Temperature" units="°C">-2.0</meanmintemp>
        <meanmonthtemp description="Mean Temperature" units="°C">2.4</meanmonthtemp>
        <extrmaxtemp description="Extreme Maximum Temperature" units="°C">11.7</extrmaxtemp>
        <extrmintemp description="Extreme Minimum Temperature" units="°C">-7.2</extrmintemp>
        <totrain description="Total Rain" units="mm">93.0</totrain>
        <totsnow description="Total Snow" units="cm">3.8</totsnow>
        <totprecip description="Total Precipitation" units="mm">96.8</totprecip>
        <grndsnowlastday description="Snow on the Ground on the Last Day" units="cm">0</grndsnowlastday>
        <dirmaxgust description="Direction of Maximum Gust" units="10's Deg">34</dirmaxgust>
        <speedmaxgust description="Speed of Maximum Gust" units="km/h">71</speedmaxgust>
    </stationdata>
    <stationdata month="12" year="1962">
        <meanmaxtemp description="Mean Maximum Temperature" units="°C">-0.2</meanmaxtemp>
        <meanmintemp description="Mean Minimum Temperature" units="°C">-8.7</meanmintemp>
        <meanmonthtemp description="Mean Temperature" units="°C">-4.5</meanmonthtemp>
        <extrmaxtemp description="Extreme Maximum Temperature" units="°C">12.8</extrmaxtemp>
        <extrmintemp description="Extreme Minimum Temperature" units="°C">-23.3</extrmintemp>
        <totrain description="Total Rain" units="mm">43.7</totrain>
        <totsnow description="Total Snow" units="cm">20.6</totsnow>
        <totprecip description="Total Precipitation" units="mm">59.9</totprecip>
        <grndsnowlastday description="Snow on the Ground on the Last Day" units="cm">3</grndsnowlastday>
        <dirmaxgust description="Direction of Maximum Gust" units="10's Deg">25</dirmaxgust>
        <speedmaxgust description="Speed of Maximum Gust" units="km/h">82</speedmaxgust>
    </stationdata>
    <stationdata month="1" year="1963">
        <meanmaxtemp description="Mean Maximum Temperature" units="°C">-4.9</meanmaxtemp>
        <meanmintemp description="Mean Minimum Temperature" units="°C">-12.2</meanmintemp>
        <meanmonthtemp description="Mean Temperature" units="°C">-8.6</meanmonthtemp>
        <extrmaxtemp description="Extreme Maximum Temperature" units="°C">3.3</extrmaxtemp>
        <extrmintemp description="Extreme Minimum Temperature" units="°C">-24.4</extrmintemp>
        <totrain description="Total Rain" units="mm">1.3</totrain>
        <totsnow description="Total Snow" units="cm">26.4</totsnow>
        <totprecip description="Total Precipitation" units="mm">25.9</totprecip>
        <grndsnowlastday description="Snow on the Ground on the Last Day" units="cm">10</grndsnowlastday>
        <dirmaxgust description="Direction of Maximum Gust" units="10's Deg">23</dirmaxgust>
        <speedmaxgust description="Speed of Maximum Gust" units="km/h">85</speedmaxgust>
    </stationdata>
    <stationdata month="2" year="1963">
        <meanmaxtemp description="Mean Maximum Temperature" units="°C">-4.1</meanmaxtemp>
        <meanmintemp description="Mean Minimum Temperature" units="°C">-14.7</meanmintemp>
        <meanmonthtemp description="Mean Temperature" units="°C">-9.4</meanmonthtemp>
        <extrmaxtemp description="Extreme Maximum Temperature" units="°C">5.6</extrmaxtemp>
        <extrmintemp description="Extreme Minimum Temperature" flag="S" units="°C">-23.3</extrmintemp>
        <totrain description="Total Rain" units="mm">1.8</totrain>
        <totsnow description="Total Snow" units="cm">13.0</totsnow>
        <totprecip description="Total Precipitation" units="mm">13.5</totprecip>
        <grndsnowlastday description="Snow on the Ground on the Last Day" units="cm">3</grndsnowlastday>
        <dirmaxgust description="Direction of Maximum Gust" units="10's Deg">25</dirmaxgust>
        <speedmaxgust description="Speed of Maximum Gust" units="km/h">82</speedmaxgust>
    </stationdata>
    <stationdata month="3" year="1963">
        <meanmaxtemp description="Mean Maximum Temperature" units="°C">5.8</meanmaxtemp>
        <meanmintemp description="Mean Minimum Temperature" units="°C">-4.3</meanmintemp>
        <meanmonthtemp description="Mean Temperature" units="°C">0.8</meanmonthtemp>
        <extrmaxtemp description="Extreme Maximum Temperature" units="°C">20.6</extrmaxtemp>
        <extrmintemp description="Extreme Minimum Temperature" units="°C">-18.3</extrmintemp>
        <totrain description="Total Rain" units="mm">34.5</totrain>
        <totsnow description="Total Snow" units="cm">20.1</totsnow>
        <totprecip description="Total Precipitation" units="mm">59.7</totprecip>
        <grndsnowlastday description="Snow on the Ground on the Last Day" units="cm">0</grndsnowlastday>
        <dirmaxgust description="Direction of Maximum Gust" units="10's Deg">27</dirmaxgust>
        <speedmaxgust description="Speed of Maximum Gust" units="km/h">84</speedmaxgust>
    </stationdata>
    <stationdata month="4" year="1963">
        <meanmaxtemp description="Mean Maximum Temperature" units="°C">13.3</meanmaxtemp>
        <meanmintemp description="Mean Minimum Temperature" units="°C">0.4</meanmintemp>
        <meanmonthtemp description="Mean Temperature" units="°C">6.9</meanmonthtemp>
        <extrmaxtemp description="Extreme Maximum Temperature" units="°C">20.0</extrmaxtemp>
        <extrmintemp description="Extreme Minimum Temperature" units="°C">-5.0</extrmintemp>
        <totrain description="Total Rain" units="mm">44.7</totrain>
        <totsnow description="Total Snow" units="cm">9.4</totsnow>
        <totprecip description="Total Precipitation" units="mm">54.1</totprecip>
        <grndsnowlastday description="Snow on the Ground on the Last Day" units="cm">0</grndsnowlastday>
        <dirmaxgust description="Direction of Maximum Gust" units="10's Deg">29</dirmaxgust>
        <speedmaxgust description="Speed of Maximum Gust" units="km/h">103</speedmaxgust>
    </stationdata>
    <stationdata month="5" year="1963">
        <meanmaxtemp description="Mean Maximum Temperature" units="°C">18.4</meanmaxtemp>
        <meanmintemp description="Mean Minimum Temperature" units="°C">5.5</meanmintemp>
        <meanmonthtemp description="Mean Temperature" units="°C">12.0</meanmonthtemp>
        <extrmaxtemp description="Extreme Maximum Temperature" units="°C">26.1</extrmaxtemp>
        <extrmintemp description="Extreme Minimum Temperature" flag="S" units="°C">-1.7</extrmintemp>
        <totrain description="Total Rain" units="mm">72.6</totrain>
        <totsnow description="Total Snow" flag="T" units="cm">0.0</totsnow>
        <totprecip description="Total Precipitation" units="mm">72.6</totprecip>
        <grndsnowlastday description="Snow on the Ground on the Last Day" units="cm">0</grndsnowlastday>
        <dirmaxgust description="Direction of Maximum Gust" units="10's Deg">27</dirmaxgust>
        <speedmaxgust description="Speed of Maximum Gust" units="km/h">93</speedmaxgust>
    </stationdata>
    <stationdata month="6" year="1963">
        <meanmaxtemp description="Mean Maximum Temperature" units="°C">26.2</meanmaxtemp>
        <meanmintemp description="Mean Minimum Temperature" units="°C">12.2</meanmintemp>
        <meanmonthtemp description="Mean Temperature" units="°C">19.2</meanmonthtemp>
        <extrmaxtemp description="Extreme Maximum Temperature" units="°C">33.9</extrmaxtemp>
        <extrmintemp description="Extreme Minimum Temperature" units="°C">7.8</extrmintemp>
        <totrain description="Total Rain" units="mm">42.7</totrain>
        <totsnow description="Total Snow" units="cm">0.0</totsnow>
        <totprecip description="Total Precipitation" units="mm">42.7</totprecip>
        <grndsnowlastday description="Snow on the Ground on the Last Day" units="cm">0</grndsnowlastday>
        <dirmaxgust description="Direction of Maximum Gust" units="10's Deg">36</dirmaxgust>
        <speedmaxgust description="Speed of Maximum Gust" units="km/h">85</speedmaxgust>
    </stationdata>
    <stationdata month="7" year="1963">
        <meanmaxtemp description="Mean Maximum Temperature" units="°C">27.9</meanmaxtemp>
        <meanmintemp description="Mean Minimum Temperature" units="°C">14.9</meanmintemp>
        <meanmonthtemp description="Mean Temperature" units="°C">21.4</meanmonthtemp>
        <extrmaxtemp description="Extreme Maximum Temperature" units="°C">35.6</extrmaxtemp>
        <extrmintemp description="Extreme Minimum Temperature" units="°C">7.8</extrmintemp>
        <totrain description="Total Rain" units="mm">73.7</totrain>
        <totsnow description="Total Snow" units="cm">0.0</totsnow>
        <totprecip description="Total Precipitation" units="mm">73.7</totprecip>
        <grndsnowlastday description="Snow on the Ground on the Last Day" units="cm">0</grndsnowlastday>
        <dirmaxgust description="Direction of Maximum Gust" units="10's Deg">34</dirmaxgust>
        <speedmaxgust description="Speed of Maximum Gust" units="km/h">68</speedmaxgust>
    </stationdata>
    <stationdata month="8" year="1963">
        <meanmaxtemp description="Mean Maximum Temperature" units="°C">24.9</meanmaxtemp>
        <meanmintemp description="Mean Minimum Temperature" units="°C">12.9</meanmintemp>
        <meanmonthtemp description="Mean Temperature" units="°C">18.9</meanmonthtemp>
        <extrmaxtemp description="Extreme Maximum Temperature" units="°C">31.1</extrmaxtemp>
        <extrmintemp description="Extreme Minimum Temperature" units="°C">7.8</extrmintemp>
        <totrain description="Total Rain" units="mm">57.7</totrain>
        <totsnow description="Total Snow" units="cm">0.0</totsnow>
        <totprecip description="Total Precipitation" units="mm">57.7</totprecip>
        <grndsnowlastday description="Snow on the Ground on the Last Day" units="cm">0</grndsnowlastday>
        <dirmaxgust description="Direction of Maximum Gust" units="10's Deg">32</dirmaxgust>
        <speedmaxgust description="Speed of Maximum Gust" units="km/h">72</speedmaxgust>
    </stationdata>
    <stationdata month="9" year="1963">
        <meanmaxtemp description="Mean Maximum Temperature" units="°C">20.6</meanmaxtemp>
        <meanmintemp description="Mean Minimum Temperature" units="°C">7.4</meanmintemp>
        <meanmonthtemp description="Mean Temperature" units="°C">14.0</meanmonthtemp>
        <extrmaxtemp description="Extreme Maximum Temperature" units="°C">26.7</extrmaxtemp>
        <extrmintemp description="Extreme Minimum Temperature" units="°C">0.6</extrmintemp>
        <totrain description="Total Rain" units="mm">48.0</totrain>
        <totsnow description="Total Snow" units="cm">0.0</totsnow>
        <totprecip description="Total Precipitation" units="mm">48.0</totprecip>
        <grndsnowlastday description="Snow on the Ground on the Last Day" units="cm">0</grndsnowlastday>
        <dirmaxgust description="Direction of Maximum Gust" units="10's Deg">32</dirmaxgust>
        <speedmaxgust description="Speed of Maximum Gust" flag="S" units="km/h">71</speedmaxgust>
    </stationdata>
    <stationdata month="10" year="1963">
        <meanmaxtemp description="Mean Maximum Temperature" units="°C">20.9</meanmaxtemp>
        <meanmintemp description="Mean Minimum Temperature" units="°C">6.2</meanmintemp>
        <meanmonthtemp description="Mean Temperature" units="°C">13.6</meanmonthtemp>
        <extrmaxtemp description="Extreme Maximum Temperature" units="°C">29.4</extrmaxtemp>
        <extrmintemp description="Extreme Minimum Temperature" units="°C">-0.6</extrmintemp>
        <totrain description="Total Rain" units="mm">9.1</totrain>
        <totsnow description="Total Snow" units="cm">0.0</totsnow>
        <totprecip description="Total Precipitation" units="mm">9.1</totprecip>
        <grndsnowlastday description="Snow on the Ground on the Last Day" units="cm">0</grndsnowlastday>
        <dirmaxgust description="Direction of Maximum Gust" units="10's Deg">25</dirmaxgust>
        <speedmaxgust description="Speed of Maximum Gust" units="km/h">71</speedmaxgust>
    </stationdata>
    <stationdata month="11" year="1963">
        <meanmaxtemp description="Mean Maximum Temperature" units="°C">9.8</meanmaxtemp>
        <meanmintemp description="Mean Minimum Temperature" units="°C">2.6</meanmintemp>
        <meanmonthtemp description="Mean Temperature" units="°C">6.2</meanmonthtemp>
        <extrmaxtemp description="Extreme Maximum Temperature" units="°C">16.7</extrmaxtemp>
        <extrmintemp description="Extreme Minimum Temperature" units="°C">-7.8</extrmintemp>
        <totrain description="Total Rain" units="mm">65.0</totrain>
        <totsnow description="Total Snow" units="cm">0.5</totsnow>
        <totprecip description="Total Precipitation" units="mm">65.5</totprecip>
        <grndsnowlastday description="Snow on the Ground on the Last Day" flag="T" units="cm">0</grndsnowlastday>
        <dirmaxgust description="Direction of Maximum Gust" units="10's Deg">20</dirmaxgust>
        <speedmaxgust description="Speed of Maximum Gust" units="km/h">97</speedmaxgust>
    </stationdata>
    <stationdata month="12" year="1963">
        <meanmaxtemp description="Mean Maximum Temperature" units="°C">-2.9</meanmaxtemp>
        <meanmintemp description="Mean Minimum Temperature" units="°C">-12.0</meanmintemp>
        <meanmonthtemp description="Mean Temperature" units="°C">-7.5</meanmonthtemp>
        <extrmaxtemp description="Extreme Maximum Temperature" units="°C">7.2</extrmaxtemp>
        <extrmintemp description="Extreme Minimum Temperature" units="°C">-22.2</extrmintemp>
        <totrain description="Total Rain" units="mm">5.8</totrain>
        <totsnow description="Total Snow" units="cm">55.9</totsnow>
        <totprecip description="Total Precipitation" units="mm">42.9</totprecip>
        <grndsnowlastday description="Snow on the Ground on the Last Day" units="cm">15</grndsnowlastday>
        <dirmaxgust description="Direction of Maximum Gust" units="10's Deg">23</dirmaxgust>
        <speedmaxgust description="Speed of Maximum Gust" units="km/h">74</speedmaxgust>
    </stationdata>
    <stationdata month="1" year="1964">
        <meanmaxtemp description="Mean Maximum Temperature" units="°C">0.4</meanmaxtemp>
        <meanmintemp description="Mean Minimum Temperature" units="°C">-8.4</meanmintemp>
        <meanmonthtemp description="Mean Temperature" units="°C">-4.0</meanmonthtemp>
        <extrmaxtemp description="Extreme Maximum Temperature" units="°C">7.8</extrmaxtemp>
        <extrmintemp description="Extreme Minimum Temperature" units="°C">-22.8</extrmintemp>
        <totrain description="Total Rain" units="mm">44.2</totrain>
        <totsnow description="Total Snow" units="cm">18.3</totsnow>
        <totprecip description="Total Precipitation" units="mm">58.7</totprecip>
        <grndsnowlastday description="Snow on the Ground on the Last Day" flag="T" units="cm">0</grndsnowlastday>
        <dirmaxgust description="Direction of Maximum Gust" units="10's Deg">23</dirmaxgust>
        <speedmaxgust description="Speed of Maximum Gust" units="km/h">97</speedmaxgust>
    </stationdata>
    <stationdata month="2" year="1964">
        <meanmaxtemp description="Mean Maximum Temperature" units="°C">-0.4</meanmaxtemp>
        <meanmintemp description="Mean Minimum Temperature" units="°C">-11.8</meanmintemp>
        <meanmonthtemp description="Mean Temperature" units="°C">-6.1</meanmonthtemp>
        <extrmaxtemp description="Extreme Maximum Temperature" units="°C">6.1</extrmaxtemp>
        <extrmintemp description="Extreme Minimum Temperature" units="°C">-21.1</extrmintemp>
        <totrain description="Total Rain" flag="T" units="mm">0.0</totrain>
        <totsnow description="Total Snow" units="cm">32.3</totsnow>
        <totprecip description="Total Precipitation" units="mm">28.7</totprecip>
        <grndsnowlastday description="Snow on the Ground on the Last Day" units="cm">10</grndsnowlastday>
        <dirmaxgust description="Direction of Maximum Gust" units="10's Deg">23</dirmaxgust>
        <speedmaxgust description="Speed of Maximum Gust" units="km/h">85</speedmaxgust>
    </stationdata>
    <stationdata month="3" year="1964">
        <meanmaxtemp description="Mean Maximum Temperature" units="°C">3.6</meanmaxtemp>
        <meanmintemp description="Mean Minimum Temperature" units="°C">-5.1</meanmintemp>
        <meanmonthtemp description="Mean Temperature" units="°C">-0.8</meanmonthtemp>
        <extrmaxtemp description="Extreme Maximum Temperature" units="°C">18.3</extrmaxtemp>
        <extrmintemp description="Extreme Minimum Temperature" units="°C">-16.1</extrmintemp>
        <totrain description="Total Rain" units="mm">46.0</totrain>
        <totsnow description="Total Snow" units="cm">42.9</totsnow>
        <totprecip description="Total Precipitation" units="mm">87.1</totprecip>
        <grndsnowlastday description="Snow on the Ground on the Last Day" units="cm">0</grndsnowlastday>
        <dirmaxgust description="Direction of Maximum Gust" units="10's Deg">23</dirmaxgust>
        <speedmaxgust description="Speed of Maximum Gust" units="km/h">124</speedmaxgust>
    </stationdata>
    <stationdata month="4" year="1964">
        <meanmaxtemp description="Mean Maximum Temperature" units="°C">11.2</meanmaxtemp>
        <meanmintemp description="Mean Minimum Temperature" units="°C">0.3</meanmintemp>
        <meanmonthtemp description="Mean Temperature" units="°C">5.8</meanmonthtemp>
        <extrmaxtemp description="Extreme Maximum Temperature" units="°C">27.2</extrmaxtemp>
        <extrmintemp description="Extreme Minimum Temperature" units="°C">-10.0</extrmintemp>
        <totrain description="Total Rain" units="mm">63.0</totrain>
        <totsnow description="Total Snow" units="cm">8.1</totsnow>
        <totprecip description="Total Precipitation" units="mm">73.9</totprecip>
        <grndsnowlastday description="Snow on the Ground on the Last Day" units="cm">0</grndsnowlastday>
        <dirmaxgust description="Direction of Maximum Gust" units="10's Deg">23</dirmaxgust>
        <speedmaxgust description="Speed of Maximum Gust" units="km/h">92</speedmaxgust>
    </stationdata>
    <stationdata month="5" year="1964">
        <meanmaxtemp description="Mean Maximum Temperature" units="°C">20.8</meanmaxtemp>
        <meanmintemp description="Mean Minimum Temperature" units="°C">6.7</meanmintemp>
        <meanmonthtemp description="Mean Temperature" units="°C">13.8</meanmonthtemp>
        <extrmaxtemp description="Extreme Maximum Temperature" units="°C">31.7</extrmaxtemp>
        <extrmintemp description="Extreme Minimum Temperature" units="°C">1.1</extrmintemp>
        <totrain description="Total Rain" units="mm">41.4</totrain>
        <totsnow description="Total Snow" units="cm">0.0</totsnow>
        <totprecip description="Total Precipitation" units="mm">41.4</totprecip>
        <grndsnowlastday description="Snow on the Ground on the Last Day" units="cm">0</grndsnowlastday>
        <dirmaxgust description="Direction of Maximum Gust" units="10's Deg">25</dirmaxgust>
        <speedmaxgust description="Speed of Maximum Gust" units="km/h">97</speedmaxgust>
    </stationdata>
    <stationdata month="6" year="1964">
        <meanmaxtemp description="Mean Maximum Temperature" units="°C">24.2</meanmaxtemp>
        <meanmintemp description="Mean Minimum Temperature" units="°C">9.2</meanmintemp>
        <meanmonthtemp description="Mean Temperature" units="°C">16.7</meanmonthtemp>
        <extrmaxtemp description="Extreme Maximum Temperature" units="°C">35.0</extrmaxtemp>
        <extrmintemp description="Extreme Minimum Temperature" units="°C">0.6</extrmintemp>
        <totrain description="Total Rain" units="mm">38.1</totrain>
        <totsnow description="Total Snow" units="cm">0.0</totsnow>
        <totprecip description="Total Precipitation" units="mm">38.1</totprecip>
        <grndsnowlastday description="Snow on the Ground on the Last Day" units="cm">0</grndsnowlastday>
        <dirmaxgust description="Direction of Maximum Gust" units="10's Deg">27</dirmaxgust>
        <speedmaxgust description="Speed of Maximum Gust" units="km/h">69</speedmaxgust>
    </stationdata>
    <stationdata month="7" year="1964">
        <meanmaxtemp description="Mean Maximum Temperature" units="°C">27.3</meanmaxtemp>
        <meanmintemp description="Mean Minimum Temperature" units="°C">14.9</meanmintemp>
        <meanmonthtemp description="Mean Temperature" units="°C">21.1</meanmonthtemp>
        <extrmaxtemp description="Extreme Maximum Temperature" units="°C">34.4</extrmaxtemp>
        <extrmintemp description="Extreme Minimum Temperature" units="°C">8.3</extrmintemp>
        <totrain description="Total Rain" units="mm">101.6</totrain>
        <totsnow description="Total Snow" units="cm">0.0</totsnow>
        <totprecip description="Total Precipitation" units="mm">101.6</totprecip>
        <grndsnowlastday description="Snow on the Ground on the Last Day" units="cm">0</grndsnowlastday>
        <dirmaxgust description="Direction of Maximum Gust" units="10's Deg">9</dirmaxgust>
        <speedmaxgust description="Speed of Maximum Gust" units="km/h">79</speedmaxgust>
    </stationdata>
    <stationdata month="8" year="1964">
        <meanmaxtemp description="Mean Maximum Temperature" units="°C">22.8</meanmaxtemp>
        <meanmintemp description="Mean Minimum Temperature" units="°C">10.8</meanmintemp>
        <meanmonthtemp description="Mean Temperature" units="°C">16.8</meanmonthtemp>
        <extrmaxtemp description="Extreme Maximum Temperature" units="°C">29.4</extrmaxtemp>
        <extrmintemp description="Extreme Minimum Temperature" units="°C">6.1</extrmintemp>
        <totrain description="Total Rain" units="mm">147.6</totrain>
        <totsnow description="Total Snow" units="cm">0.0</totsnow>
        <totprecip description="Total Precipitation" units="mm">147.6</totprecip>
        <grndsnowlastday description="Snow on the Ground on the Last Day" units="cm">0</grndsnowlastday>
        <dirmaxgust description="Direction of Maximum Gust" units="10's Deg">25</dirmaxgust>
        <speedmaxgust description="Speed of Maximum Gust" units="km/h">72</speedmaxgust>
    </stationdata>
    <stationdata month="9" year="1964">
        <meanmaxtemp description="Mean Maximum Temperature" units="°C">20.6</meanmaxtemp>
        <meanmintemp description="Mean Minimum Temperature" units="°C">7.8</meanmintemp>
        <meanmonthtemp description="Mean Temperature" units="°C">14.2</meanmonthtemp>
        <extrmaxtemp description="Extreme Maximum Temperature" units="°C">32.2</extrmaxtemp>
        <extrmintemp description="Extreme Minimum Temperature" units="°C">-0.6</extrmintemp>
        <totrain description="Total Rain" units="mm">14.0</totrain>
        <totsnow description="Total Snow" units="cm">0.0</totsnow>
        <totprecip description="Total Precipitation" units="mm">14.0</totprecip>
        <grndsnowlastday description="Snow on the Ground on the Last Day" units="cm">0</grndsnowlastday>
        <dirmaxgust description="Direction of Maximum Gust" units="10's Deg">23</dirmaxgust>
        <speedmaxgust description="Speed of Maximum Gust" units="km/h">66</speedmaxgust>
    </stationdata>
    <stationdata month="10" year="1964">
        <meanmaxtemp description="Mean Maximum Temperature" units="°C">14.2</meanmaxtemp>
        <meanmintemp description="Mean Minimum Temperature" units="°C">1.0</meanmintemp>
        <meanmonthtemp description="Mean Temperature" units="°C">7.6</meanmonthtemp>
        <extrmaxtemp description="Extreme Maximum Temperature" units="°C">23.9</extrmaxtemp>
        <extrmintemp description="Extreme Minimum Temperature" units="°C">-7.2</extrmintemp>
        <totrain description="Total Rain" units="mm">45.5</totrain>
        <totsnow description="Total Snow" units="cm">0.8</totsnow>
        <totprecip description="Total Precipitation" units="mm">46.2</totprecip>
        <grndsnowlastday description="Snow on the Ground on the Last Day" units="cm">0</grndsnowlastday>
        <dirmaxgust description="Direction of Maximum Gust" units="10's Deg">27</dirmaxgust>
        <speedmaxgust description="Speed of Maximum Gust" units="km/h">66</speedmaxgust>
    </stationdata>
    <stationdata month="11" year="1964">
        <meanmaxtemp description="Mean Maximum Temperature" units="°C">8.4</meanmaxtemp>
        <meanmintemp description="Mean Minimum Temperature" units="°C">-0.9</meanmintemp>
        <meanmonthtemp description="Mean Temperature" units="°C">3.8</meanmonthtemp>
        <extrmaxtemp description="Extreme Maximum Temperature" units="°C">18.9</extrmaxtemp>
        <extrmintemp description="Extreme Minimum Temperature" units="°C">-12.2</extrmintemp>
        <totrain description="Total Rain" units="mm">23.4</totrain>
        <totsnow description="Total Snow" units="cm">12.4</totsnow>
        <totprecip description="Total Precipitation" units="mm">32.8</totprecip>
        <grndsnowlastday description="Snow on the Ground on the Last Day" units="cm">0</grndsnowlastday>
        <dirmaxgust description="Direction of Maximum Gust" units="10's Deg">32</dirmaxgust>
        <speedmaxgust description="Speed of Maximum Gust" flag="S" units="km/h">68</speedmaxgust>
    </stationdata>
    <stationdata month="12" year="1964">
        <meanmaxtemp description="Mean Maximum Temperature" units="°C">0.7</meanmaxtemp>
        <meanmintemp description="Mean Minimum Temperature" units="°C">-7.2</meanmintemp>
        <meanmonthtemp description="Mean Temperature" units="°C">-3.3</meanmonthtemp>
        <extrmaxtemp description="Extreme Maximum Temperature" units="°C">12.2</extrmaxtemp>
        <extrmintemp description="Extreme Minimum Temperature" units="°C">-16.1</extrmintemp>
        <totrain description="Total Rain" units="mm">33.8</totrain>
        <totsnow description="Total Snow" units="cm">25.4</totsnow>
        <totprecip description="Total Precipitation" units="mm">52.6</totprecip>
        <grndsnowlastday description="Snow on the Ground on the Last Day" units="cm">0</grndsnowlastday>
        <dirmaxgust description="Direction of Maximum Gust" units="10's Deg">25</dirmaxgust>
        <speedmaxgust description="Speed of Maximum Gust" flag="S" units="km/h">64</speedmaxgust>
    </stationdata>
    <stationdata month="1" year="1965">
        <meanmaxtemp description="Mean Maximum Temperature" units="°C">-2.3</meanmaxtemp>
        <meanmintemp description="Mean Minimum Temperature" units="°C">-11.4</meanmintemp>
        <meanmonthtemp description="Mean Temperature" units="°C">-6.9</meanmonthtemp>
        <extrmaxtemp description="Extreme Maximum Temperature" units="°C">11.7</extrmaxtemp>
        <extrmintemp description="Extreme Minimum Temperature" units="°C">-23.9</extrmintemp>
        <totrain description="Total Rain" units="mm">35.6</totrain>
        <totsnow description="Total Snow" units="cm">44.2</totsnow>
        <totprecip description="Total Precipitation" units="mm">70.1</totprecip>
        <grndsnowlastday description="Snow on the Ground on the Last Day" units="cm">5</grndsnowlastday>
        <dirmaxgust description="Direction of Maximum Gust" units="10's Deg">27</dirmaxgust>
        <speedmaxgust description="Speed of Maximum Gust" units="km/h">85</speedmaxgust>
    </stationdata>
    <stationdata month="2" year="1965">
        <meanmaxtemp description="Mean Maximum Temperature" units="°C">-1.4</meanmaxtemp>
        <meanmintemp description="Mean Minimum Temperature" units="°C">-10.4</meanmintemp>
        <meanmonthtemp description="Mean Temperature" units="°C">-5.9</meanmonthtemp>
        <extrmaxtemp description="Extreme Maximum Temperature" units="°C">10.6</extrmaxtemp>
        <extrmintemp description="Extreme Minimum Temperature" units="°C">-18.3</extrmintemp>
        <totrain description="Total Rain" units="mm">38.4</totrain>
        <totsnow description="Total Snow" units="cm">56.4</totsnow>
        <totprecip description="Total Precipitation" units="mm">107.2</totprecip>
        <grndsnowlastday description="Snow on the Ground on the Last Day" units="cm">30</grndsnowlastday>
        <dirmaxgust description="Direction of Maximum Gust" units="10's Deg">27</dirmaxgust>
        <speedmaxgust description="Speed of Maximum Gust" units="km/h">79</speedmaxgust>
    </stationdata>
    <stationdata month="3" year="1965">
        <meanmaxtemp description="Mean Maximum Temperature" units="°C">0.4</meanmaxtemp>
        <meanmintemp description="Mean Minimum Temperature" units="°C">-7.3</meanmintemp>
        <meanmonthtemp description="Mean Temperature" units="°C">-3.5</meanmonthtemp>
        <extrmaxtemp description="Extreme Maximum Temperature" units="°C">6.7</extrmaxtemp>
        <extrmintemp description="Extreme Minimum Temperature" units="°C">-17.2</extrmintemp>
        <totrain description="Total Rain" units="mm">2.5</totrain>
        <totsnow description="Total Snow" units="cm">41.4</totsnow>
        <totprecip description="Total Precipitation" units="mm">45.0</totprecip>
        <grndsnowlastday description="Snow on the Ground on the Last Day" units="cm">3</grndsnowlastday>
        <dirmaxgust description="Direction of Maximum Gust" units="10's Deg">9</dirmaxgust>
        <speedmaxgust description="Speed of Maximum Gust" units="km/h">90</speedmaxgust>
    </stationdata>
    <stationdata month="4" year="1965">
        <meanmaxtemp description="Mean Maximum Temperature" units="°C">8.2</meanmaxtemp>
        <meanmintemp description="Mean Minimum Temperature" units="°C">-1.4</meanmintemp>
        <meanmonthtemp description="Mean Temperature" units="°C">3.4</meanmonthtemp>
        <extrmaxtemp description="Extreme Maximum Temperature" units="°C">18.9</extrmaxtemp>
        <extrmintemp description="Extreme Minimum Temperature" flag="S" units="°C">-11.1</extrmintemp>
        <totrain description="Total Rain" units="mm">65.5</totrain>
        <totsnow description="Total Snow" units="cm">9.7</totsnow>
        <totprecip description="Total Precipitation" units="mm">75.2</totprecip>
        <grndsnowlastday description="Snow on the Ground on the Last Day" units="cm">0</grndsnowlastday>
        <dirmaxgust description="Direction of Maximum Gust" units="10's Deg">27</dirmaxgust>
        <speedmaxgust description="Speed of Maximum Gust" units="km/h">80</speedmaxgust>
    </stationdata>
    <stationdata month="5" year="1965">
        <meanmaxtemp description="Mean Maximum Temperature" units="°C">20.3</meanmaxtemp>
        <meanmintemp description="Mean Minimum Temperature" units="°C">6.2</meanmintemp>
        <meanmonthtemp description="Mean Temperature" units="°C">13.3</meanmonthtemp>
        <extrmaxtemp description="Extreme Maximum Temperature" units="°C">30.6</extrmaxtemp>
        <extrmintemp description="Extreme Minimum Temperature" units="°C">0.6</extrmintemp>
        <totrain description="Total Rain" units="mm">46.5</totrain>
        <totsnow description="Total Snow" units="cm">0.0</totsnow>
        <totprecip description="Total Precipitation" units="mm">46.5</totprecip>
        <grndsnowlastday description="Snow on the Ground on the Last Day" units="cm">0</grndsnowlastday>
        <dirmaxgust description="Direction of Maximum Gust" units="10's Deg">23</dirmaxgust>
        <speedmaxgust description="Speed of Maximum Gust" units="km/h">68</speedmaxgust>
    </stationdata>
    <stationdata month="6" year="1965">
        <meanmaxtemp description="Mean Maximum Temperature" units="°C">23.6</meanmaxtemp>
        <meanmintemp description="Mean Minimum Temperature" units="°C">9.3</meanmintemp>
        <meanmonthtemp description="Mean Temperature" units="°C">16.5</meanmonthtemp>
        <extrmaxtemp description="Extreme Maximum Temperature" units="°C">32.8</extrmaxtemp>
        <extrmintemp description="Extreme Minimum Temperature" flag="S" units="°C">2.2</extrmintemp>
        <totrain description="Total Rain" units="mm">40.1</totrain>
        <totsnow description="Total Snow" units="cm">0.0</totsnow>
        <totprecip description="Total Precipitation" units="mm">40.1</totprecip>
        <grndsnowlastday description="Snow on the Ground on the Last Day" units="cm">0</grndsnowlastday>
        <dirmaxgust description="Direction of Maximum Gust" units="10's Deg">27</dirmaxgust>
        <speedmaxgust description="Speed of Maximum Gust" units="km/h">74</speedmaxgust>
    </stationdata>
    <stationdata month="7" year="1965">
        <meanmaxtemp description="Mean Maximum Temperature" units="°C">24.0</meanmaxtemp>
        <meanmintemp description="Mean Minimum Temperature" units="°C">10.6</meanmintemp>
        <meanmonthtemp description="Mean Temperature" units="°C">17.3</meanmonthtemp>
        <extrmaxtemp description="Extreme Maximum Temperature" units="°C">31.1</extrmaxtemp>
        <extrmintemp description="Extreme Minimum Temperature" flag="S" units="°C">5.6</extrmintemp>
        <totrain description="Total Rain" units="mm">63.5</totrain>
        <totsnow description="Total Snow" units="cm">0.0</totsnow>
        <totprecip description="Total Precipitation" units="mm">63.5</totprecip>
        <grndsnowlastday description="Snow on the Ground on the Last Day" units="cm">0</grndsnowlastday>
        <dirmaxgust description="Direction of Maximum Gust" units="10's Deg">20</dirmaxgust>
        <speedmaxgust description="Speed of Maximum Gust" units="km/h">53</speedmaxgust>
    </stationdata>
    <stationdata month="8" year="1965">
        <meanmaxtemp description="Mean Maximum Temperature" units="°C">24.4</meanmaxtemp>
        <meanmintemp description="Mean Minimum Temperature" units="°C">11.7</meanmintemp>
        <meanmonthtemp description="Mean Temperature" units="°C">18.1</meanmonthtemp>
        <extrmaxtemp description="Extreme Maximum Temperature" flag="S" units="°C">33.3</extrmaxtemp>
        <extrmintemp description="Extreme Minimum Temperature" units="°C">1.1</extrmintemp>
        <totrain description="Total Rain" units="mm">74.9</totrain>
        <totsnow description="Total Snow" units="cm">0.0</totsnow>
        <totprecip description="Total Precipitation" units="mm">74.9</totprecip>
        <grndsnowlastday description="Snow on the Ground on the Last Day" units="cm">0</grndsnowlastday>
        <dirmaxgust description="Direction of Maximum Gust" units="10's Deg">23</dirmaxgust>
        <speedmaxgust description="Speed of Maximum Gust" flag="S" units="km/h">64</speedmaxgust>
    </stationdata>
    <stationdata month="9" year="1965">
        <meanmaxtemp description="Mean Maximum Temperature" units="°C">20.4</meanmaxtemp>
        <meanmintemp description="Mean Minimum Temperature" units="°C">9.9</meanmintemp>
        <meanmonthtemp description="Mean Temperature" units="°C">15.2</meanmonthtemp>
        <extrmaxtemp description="Extreme Maximum Temperature" units="°C">31.1</extrmaxtemp>
        <extrmintemp description="Extreme Minimum Temperature" units="°C">-3.9</extrmintemp>
        <totrain description="Total Rain" units="mm">66.5</totrain>
        <totsnow description="Total Snow" units="cm">0.0</totsnow>
        <totprecip description="Total Precipitation" units="mm">66.5</totprecip>
        <grndsnowlastday description="Snow on the Ground on the Last Day" units="cm">0</grndsnowlastday>
        <dirmaxgust description="Direction of Maximum Gust" units="10's Deg">23</dirmaxgust>
        <speedmaxgust description="Speed of Maximum Gust" units="km/h">66</speedmaxgust>
    </stationdata>
    <stationdata month="10" year="1965">
        <meanmaxtemp description="Mean Maximum Temperature" units="°C">12.5</meanmaxtemp>
        <meanmintemp description="Mean Minimum Temperature" units="°C">2.1</meanmintemp>
        <meanmonthtemp description="Mean Temperature" units="°C">7.3</meanmonthtemp>
        <extrmaxtemp description="Extreme Maximum Temperature" units="°C">22.2</extrmaxtemp>
        <extrmintemp description="Extreme Minimum Temperature" units="°C">-7.2</extrmintemp>
        <totrain description="Total Rain" units="mm">103.4</totrain>
        <totsnow description="Total Snow" units="cm">1.3</totsnow>
        <totprecip description="Total Precipitation" units="mm">104.6</totprecip>
        <grndsnowlastday description="Snow on the Ground on the Last Day" units="cm">0</grndsnowlastday>
        <dirmaxgust description="Direction of Maximum Gust" units="10's Deg">27</dirmaxgust>
        <speedmaxgust description="Speed of Maximum Gust" units="km/h">90</speedmaxgust>
    </stationdata>
    <stationdata month="11" year="1965">
        <meanmaxtemp description="Mean Maximum Temperature" units="°C">6.7</meanmaxtemp>
        <meanmintemp description="Mean Minimum Temperature" units="°C">-1.4</meanmintemp>
        <meanmonthtemp description="Mean Temperature" units="°C">2.7</meanmonthtemp>
        <extrmaxtemp description="Extreme Maximum Temperature" units="°C">19.4</extrmaxtemp>
        <extrmintemp description="Extreme Minimum Temperature" flag="S" units="°C">-6.7</extrmintemp>
        <totrain description="Total Rain" units="mm">76.5</totrain>
        <totsnow description="Total Snow" units="cm">4.8</totsnow>
        <totprecip description="Total Precipitation" units="mm">81.0</totprecip>
        <grndsnowlastday description="Snow on the Ground on the Last Day" flag="T" units="cm">0</grndsnowlastday>
        <dirmaxgust description="Direction of Maximum Gust" units="10's Deg">23</dirmaxgust>
        <speedmaxgust description="Speed of Maximum Gust" units="km/h">80</speedmaxgust>
    </stationdata>
    <stationdata month="12" year="1965">
        <meanmaxtemp description="Mean Maximum Temperature" units="°C">2.8</meanmaxtemp>
        <meanmintemp description="Mean Minimum Temperature" units="°C">-4.1</meanmintemp>
        <meanmonthtemp description="Mean Temperature" units="°C">-0.7</meanmonthtemp>
        <extrmaxtemp description="Extreme Maximum Temperature" units="°C">13.9</extrmaxtemp>
        <extrmintemp description="Extreme Minimum Temperature" units="°C">-16.1</extrmintemp>
        <totrain description="Total Rain" units="mm">48.3</totrain>
        <totsnow description="Total Snow" units="cm">10.4</totsnow>
        <totprecip description="Total Precipitation" units="mm">63.8</totprecip>
        <grndsnowlastday description="Snow on the Ground on the Last Day" flag="T" units="cm">0</grndsnowlastday>
        <dirmaxgust description="Direction of Maximum Gust" units="10's Deg">34</dirmaxgust>
        <speedmaxgust description="Speed of Maximum Gust" units="km/h">61</speedmaxgust>
    </stationdata>
    <stationdata month="1" year="1966">
        <meanmaxtemp description="Mean Maximum Temperature" units="°C">-3.4</meanmaxtemp>
        <meanmintemp description="Mean Minimum Temperature" units="°C">-12.9</meanmintemp>
        <meanmonthtemp description="Mean Temperature" units="°C">-8.2</meanmonthtemp>
        <extrmaxtemp description="Extreme Maximum Temperature" units="°C">8.3</extrmaxtemp>
        <extrmintemp description="Extreme Minimum Temperature" units="°C">-26.1</extrmintemp>
        <totrain description="Total Rain" units="mm">2.5</totrain>
        <totsnow description="Total Snow" units="cm">68.8</totsnow>
        <totprecip description="Total Precipitation" units="mm">60.7</totprecip>
        <grndsnowlastday description="Snow on the Ground on the Last Day" units="cm">41</grndsnowlastday>
        <dirmaxgust description="Direction of Maximum Gust" units="10's Deg">27</dirmaxgust>
        <speedmaxgust description="Speed of Maximum Gust" units="km/h">79</speedmaxgust>
    </stationdata>
    <stationdata month="2" year="1966">
        <meanmaxtemp description="Mean Maximum Temperature" units="°C">-1.2</meanmaxtemp>
        <meanmintemp description="Mean Minimum Temperature" units="°C">-9.4</meanmintemp>
        <meanmonthtemp description="Mean Temperature" units="°C">-5.3</meanmonthtemp>
        <extrmaxtemp description="Extreme Maximum Temperature" units="°C">7.8</extrmaxtemp>
        <extrmintemp description="Extreme Minimum Temperature" units="°C">-21.1</extrmintemp>
        <totrain description="Total Rain" units="mm">17.3</totrain>
        <totsnow description="Total Snow" units="cm">16.0</totsnow>
        <totprecip description="Total Precipitation" units="mm">30.5</totprecip>
        <grndsnowlastday description="Snow on the Ground on the Last Day" flag="T" units="cm">0</grndsnowlastday>
        <dirmaxgust description="Direction of Maximum Gust" units="10's Deg">27</dirmaxgust>
        <speedmaxgust description="Speed of Maximum Gust" units="km/h">61</speedmaxgust>
    </stationdata>
    <stationdata month="3" year="1966">
        <meanmaxtemp description="Mean Maximum Temperature" units="°C">4.7</meanmaxtemp>
        <meanmintemp description="Mean Minimum Temperature" units="°C">-3.4</meanmintemp>
        <meanmonthtemp description="Mean Temperature" units="°C">0.7</meanmonthtemp>
        <extrmaxtemp description="Extreme Maximum Temperature" units="°C">18.9</extrmaxtemp>
        <extrmintemp description="Extreme Minimum Temperature" units="°C">-11.7</extrmintemp>
        <totrain description="Total Rain" units="mm">44.7</totrain>
        <totsnow description="Total Snow" units="cm">11.7</totsnow>
        <totprecip description="Total Precipitation" units="mm">55.6</totprecip>
        <grndsnowlastday description="Snow on the Ground on the Last Day" flag="T" units="cm">0</grndsnowlastday>
        <dirmaxgust description="Direction of Maximum Gust" units="10's Deg">27</dirmaxgust>
        <speedmaxgust description="Speed of Maximum Gust" units="km/h">84</speedmaxgust>
    </stationdata>
    <stationdata month="4" year="1966">
        <meanmaxtemp description="Mean Maximum Temperature" units="°C">9.4</meanmaxtemp>
        <meanmintemp description="Mean Minimum Temperature" units="°C">-0.3</meanmintemp>
        <meanmonthtemp description="Mean Temperature" units="°C">4.6</meanmonthtemp>
        <extrmaxtemp description="Extreme Maximum Temperature" units="°C">17.8</extrmaxtemp>
        <extrmintemp description="Extreme Minimum Temperature" units="°C">-6.1</extrmintemp>
        <totrain description="Total Rain" units="mm">29.7</totrain>
        <totsnow description="Total Snow" units="cm">18.0</totsnow>
        <totprecip description="Total Precipitation" units="mm">52.8</totprecip>
        <grndsnowlastday description="Snow on the Ground on the Last Day" units="cm">0</grndsnowlastday>
        <dirmaxgust description="Direction of Maximum Gust" units="10's Deg">27</dirmaxgust>
        <speedmaxgust description="Speed of Maximum Gust" flag="S" units="km/h">68</speedmaxgust>
    </stationdata>
    <stationdata month="5" year="1966">
        <meanmaxtemp description="Mean Maximum Temperature" units="°C">15.7</meanmaxtemp>
        <meanmintemp description="Mean Minimum Temperature" units="°C">3.0</meanmintemp>
        <meanmonthtemp description="Mean Temperature" units="°C">9.4</meanmonthtemp>
        <extrmaxtemp description="Extreme Maximum Temperature" flag="S" units="°C">27.8</extrmaxtemp>
        <extrmintemp description="Extreme Minimum Temperature" units="°C">-5.6</extrmintemp>
        <totrain description="Total Rain" units="mm">44.7</totrain>
        <totsnow description="Total Snow" units="cm">0.5</totsnow>
        <totprecip description="Total Precipitation" units="mm">47.2</totprecip>
        <grndsnowlastday description="Snow on the Ground on the Last Day" units="cm">0</grndsnowlastday>
        <dirmaxgust description="Direction of Maximum Gust" units="10's Deg">29</dirmaxgust>
        <speedmaxgust description="Speed of Maximum Gust" flag="S" units="km/h">69</speedmaxgust>
    </stationdata>
    <stationdata month="6" year="1966">
        <meanmaxtemp description="Mean Maximum Temperature" units="°C">24.3</meanmaxtemp>
        <meanmintemp description="Mean Minimum Temperature" units="°C">11.2</meanmintemp>
        <meanmonthtemp description="Mean Temperature" units="°C">17.8</meanmonthtemp>
        <extrmaxtemp description="Extreme Maximum Temperature" units="°C">32.8</extrmaxtemp>
        <extrmintemp description="Extreme Minimum Temperature" flag="S" units="°C">2.2</extrmintemp>
        <totrain description="Total Rain" units="mm">72.6</totrain>
        <totsnow description="Total Snow" units="cm">0.0</totsnow>
        <totprecip description="Total Precipitation" units="mm">72.6</totprecip>
        <grndsnowlastday description="Snow on the Ground on the Last Day" units="cm">0</grndsnowlastday>
        <dirmaxgust description="Direction of Maximum Gust" units="10's Deg">25</dirmaxgust>
        <speedmaxgust description="Speed of Maximum Gust" flag="S" units="km/h">60</speedmaxgust>
    </stationdata>
    <stationdata month="7" year="1966">
        <meanmaxtemp description="Mean Maximum Temperature" units="°C">28.7</meanmaxtemp>
        <meanmintemp description="Mean Minimum Temperature" units="°C">13.8</meanmintemp>
        <meanmonthtemp description="Mean Temperature" units="°C">21.3</meanmonthtemp>
        <extrmaxtemp description="Extreme Maximum Temperature" units="°C">35.0</extrmaxtemp>
        <extrmintemp description="Extreme Minimum Temperature" flag="S" units="°C">9.4</extrmintemp>
        <totrain description="Total Rain" units="mm">15.0</totrain>
        <totsnow description="Total Snow" units="cm">0.0</totsnow>
        <totprecip description="Total Precipitation" units="mm">15.0</totprecip>
        <grndsnowlastday description="Snow on the Ground on the Last Day" units="cm">0</grndsnowlastday>
        <dirmaxgust description="Direction of Maximum Gust" units="10's Deg">29</dirmaxgust>
        <speedmaxgust description="Speed of Maximum Gust" units="km/h">58</speedmaxgust>
    </stationdata>
    <stationdata month="8" year="1966">
        <meanmaxtemp description="Mean Maximum Temperature" units="°C">25.7</meanmaxtemp>
        <meanmintemp description="Mean Minimum Temperature" units="°C">13.1</meanmintemp>
        <meanmonthtemp description="Mean Temperature" units="°C">19.4</meanmonthtemp>
        <extrmaxtemp description="Extreme Maximum Temperature" flag="S" units="°C">31.7</extrmaxtemp>
        <extrmintemp description="Extreme Minimum Temperature" units="°C">7.2</extrmintemp>
        <totrain description="Total Rain" units="mm">70.4</totrain>
        <totsnow description="Total Snow" units="cm">0.0</totsnow>
        <totprecip description="Total Precipitation" units="mm">70.4</totprecip>
        <grndsnowlastday description="Snow on the Ground on the Last Day" units="cm">0</grndsnowlastday>
        <dirmaxgust description="Direction of Maximum Gust" units="10's Deg">18</dirmaxgust>
        <speedmaxgust description="Speed of Maximum Gust" units="km/h">79</speedmaxgust>
    </stationdata>
    <stationdata month="9" year="1966">
        <meanmaxtemp description="Mean Maximum Temperature" units="°C">20.1</meanmaxtemp>
        <meanmintemp description="Mean Minimum Temperature" units="°C">7.9</meanmintemp>
        <meanmonthtemp description="Mean Temperature" units="°C">14.0</meanmonthtemp>
        <extrmaxtemp description="Extreme Maximum Temperature" units="°C">31.1</extrmaxtemp>
        <extrmintemp description="Extreme Minimum Temperature" units="°C">-0.6</extrmintemp>
        <totrain description="Total Rain" units="mm">55.1</totrain>
        <totsnow description="Total Snow" units="cm">0.0</totsnow>
        <totprecip description="Total Precipitation" units="mm">55.1</totprecip>
        <grndsnowlastday description="Snow on the Ground on the Last Day" units="cm">0</grndsnowlastday>
        <dirmaxgust description="Direction of Maximum Gust" units="10's Deg">32</dirmaxgust>
        <speedmaxgust description="Speed of Maximum Gust" units="km/h">64</speedmaxgust>
    </stationdata>
    <stationdata month="10" year="1966">
        <meanmaxtemp description="Mean Maximum Temperature" units="°C">14.3</meanmaxtemp>
        <meanmintemp description="Mean Minimum Temperature" units="°C">2.3</meanmintemp>
        <meanmonthtemp description="Mean Temperature" units="°C">8.3</meanmonthtemp>
        <extrmaxtemp description="Extreme Maximum Temperature" flag="S" units="°C">23.9</extrmaxtemp>
        <extrmintemp description="Extreme Minimum Temperature" units="°C">-7.2</extrmintemp>
        <totrain description="Total Rain" units="mm">24.4</totrain>
        <totsnow description="Total Snow" units="cm">0.0</totsnow>
        <totprecip description="Total Precipitation" units="mm">24.4</totprecip>
        <grndsnowlastday description="Snow on the Ground on the Last Day" units="cm">0</grndsnowlastday>
        <dirmaxgust description="Direction of Maximum Gust" units="10's Deg">25</dirmaxgust>
        <speedmaxgust description="Speed of Maximum Gust" units="km/h">82</speedmaxgust>
    </stationdata>
    <stationdata month="11" year="1966">
        <meanmaxtemp description="Mean Maximum Temperature" units="°C">7.8</meanmaxtemp>
        <meanmintemp description="Mean Minimum Temperature" units="°C">-0.1</meanmintemp>
        <meanmonthtemp description="Mean Temperature" units="°C">3.9</meanmonthtemp>
        <extrmaxtemp description="Extreme Maximum Temperature" units="°C">16.7</extrmaxtemp>
        <extrmintemp description="Extreme Minimum Temperature" units="°C">-10.6</extrmintemp>
        <totrain description="Total Rain" units="mm">128.0</totrain>
        <totsnow description="Total Snow" units="cm">15.7</totsnow>
        <totprecip description="Total Precipitation" units="mm">142.7</totprecip>
        <grndsnowlastday description="Snow on the Ground on the Last Day" flag="T" units="cm">0</grndsnowlastday>
        <dirmaxgust description="Direction of Maximum Gust" units="10's Deg">25</dirmaxgust>
        <speedmaxgust description="Speed of Maximum Gust" units="km/h">68</speedmaxgust>
    </stationdata>
    <stationdata month="12" year="1966">
        <meanmaxtemp description="Mean Maximum Temperature" units="°C">0.5</meanmaxtemp>
        <meanmintemp description="Mean Minimum Temperature" units="°C">-6.9</meanmintemp>
        <meanmonthtemp description="Mean Temperature" units="°C">-3.2</meanmonthtemp>
        <extrmaxtemp description="Extreme Maximum Temperature" units="°C">17.2</extrmaxtemp>
        <extrmintemp description="Extreme Minimum Temperature" units="°C">-17.8</extrmintemp>
        <totrain description="Total Rain" units="mm">71.4</totrain>
        <totsnow description="Total Snow" units="cm">15.2</totsnow>
        <totprecip description="Total Precipitation" units="mm">84.8</totprecip>
        <grndsnowlastday description="Snow on the Ground on the Last Day" units="cm">8</grndsnowlastday>
        <dirmaxgust description="Direction of Maximum Gust" units="10's Deg">9</dirmaxgust>
        <speedmaxgust description="Speed of Maximum Gust" units="km/h">64</speedmaxgust>
    </stationdata>
    <stationdata month="1" year="1967">
        <meanmaxtemp description="Mean Maximum Temperature" units="°C">0.8</meanmaxtemp>
        <meanmintemp description="Mean Minimum Temperature" units="°C">-7.7</meanmintemp>
        <meanmonthtemp description="Mean Temperature" units="°C">-3.5</meanmonthtemp>
        <extrmaxtemp description="Extreme Maximum Temperature" units="°C">13.3</extrmaxtemp>
        <extrmintemp description="Extreme Minimum Temperature" units="°C">-22.2</extrmintemp>
        <totrain description="Total Rain" units="mm">12.2</totrain>
        <totsnow description="Total Snow" units="cm">55.1</totsnow>
        <totprecip description="Total Precipitation" units="mm">55.4</totprecip>
        <grndsnowlastday description="Snow on the Ground on the Last Day" units="cm">20</grndsnowlastday>
        <dirmaxgust description="Direction of Maximum Gust" units="10's Deg">27</dirmaxgust>
        <speedmaxgust description="Speed of Maximum Gust" flag="S" units="km/h">69</speedmaxgust>
    </stationdata>
    <stationdata month="2" year="1967">
        <meanmaxtemp description="Mean Maximum Temperature" units="°C">-3.1</meanmaxtemp>
        <meanmintemp description="Mean Minimum Temperature" units="°C">-14.2</meanmintemp>
        <meanmonthtemp description="Mean Temperature" units="°C">-8.7</meanmonthtemp>
        <extrmaxtemp description="Extreme Maximum Temperature" units="°C">7.2</extrmaxtemp>
        <extrmintemp description="Extreme Minimum Temperature" units="°C">-26.7</extrmintemp>
        <totrain description="Total Rain" units="mm">13.0</totrain>
        <totsnow description="Total Snow" units="cm">41.4</totsnow>
        <totprecip description="Total Precipitation" units="mm">42.4</totprecip>
        <grndsnowlastday description="Snow on the Ground on the Last Day" units="cm">13</grndsnowlastday>
        <dirmaxgust description="Direction of Maximum Gust" units="10's Deg">25</dirmaxgust>
        <speedmaxgust description="Speed of Maximum Gust" units="km/h">89</speedmaxgust>
    </stationdata>
    <stationdata month="3" year="1967">
        <meanmaxtemp description="Mean Maximum Temperature" units="°C">2.1</meanmaxtemp>
        <meanmintemp description="Mean Minimum Temperature" units="°C">-7.1</meanmintemp>
        <meanmonthtemp description="Mean Temperature" units="°C">-2.5</meanmonthtemp>
        <extrmaxtemp description="Extreme Maximum Temperature" units="°C">15.6</extrmaxtemp>
        <extrmintemp description="Extreme Minimum Temperature" units="°C">-22.8</extrmintemp>
        <totrain description="Total Rain" units="mm">3.3</totrain>
        <totsnow description="Total Snow" units="cm">23.1</totsnow>
        <totprecip description="Total Precipitation" units="mm">21.1</totprecip>
        <grndsnowlastday description="Snow on the Ground on the Last Day" units="cm">0</grndsnowlastday>
        <dirmaxgust description="Direction of Maximum Gust" units="10's Deg">11</dirmaxgust>
        <speedmaxgust description="Speed of Maximum Gust" units="km/h">55</speedmaxgust>
    </stationdata>
    <stationdata month="4" year="1967">
        <meanmaxtemp description="Mean Maximum Temperature" units="°C">11.5</meanmaxtemp>
        <meanmintemp description="Mean Minimum Temperature" units="°C">0.7</meanmintemp>
        <meanmonthtemp description="Mean Temperature" units="°C">6.1</meanmonthtemp>
        <extrmaxtemp description="Extreme Maximum Temperature" units="°C">21.1</extrmaxtemp>
        <extrmintemp description="Extreme Minimum Temperature" units="°C">-6.1</extrmintemp>
        <totrain description="Total Rain" units="mm">85.1</totrain>
        <totsnow description="Total Snow" units="cm">14.0</totsnow>
        <totprecip description="Total Precipitation" units="mm">99.1</totprecip>
        <grndsnowlastday description="Snow on the Ground on the Last Day" units="cm">0</grndsnowlastday>
        <dirmaxgust description="Direction of Maximum Gust" units="10's Deg">27</dirmaxgust>
        <speedmaxgust description="Speed of Maximum Gust" units="km/h">80</speedmaxgust>
    </stationdata>
    <stationdata month="5" year="1967">
        <meanmaxtemp description="Mean Maximum Temperature" units="°C">14.1</meanmaxtemp>
        <meanmintemp description="Mean Minimum Temperature" units="°C">2.9</meanmintemp>
        <meanmonthtemp description="Mean Temperature" units="°C">8.5</meanmonthtemp>
        <extrmaxtemp description="Extreme Maximum Temperature" units="°C">21.7</extrmaxtemp>
        <extrmintemp description="Extreme Minimum Temperature" units="°C">-3.3</extrmintemp>
        <totrain description="Total Rain" units="mm">48.8</totrain>
        <totsnow description="Total Snow" units="cm">0.3</totsnow>
        <totprecip description="Total Precipitation" units="mm">49.0</totprecip>
        <grndsnowlastday description="Snow on the Ground on the Last Day" units="cm">0</grndsnowlastday>
        <dirmaxgust description="Direction of Maximum Gust" units="10's Deg">29</dirmaxgust>
        <speedmaxgust description="Speed of Maximum Gust" units="km/h">71</speedmaxgust>
    </stationdata>
    <stationdata month="6" year="1967">
        <meanmaxtemp description="Mean Maximum Temperature" units="°C">25.4</meanmaxtemp>
        <meanmintemp description="Mean Minimum Temperature" units="°C">13.1</meanmintemp>
        <meanmonthtemp description="Mean Temperature" units="°C">19.3</meanmonthtemp>
        <extrmaxtemp description="Extreme Maximum Temperature" units="°C">31.1</extrmaxtemp>
        <extrmintemp description="Extreme Minimum Temperature" units="°C">6.1</extrmintemp>
        <totrain description="Total Rain" units="mm">150.9</totrain>
        <totsnow description="Total Snow" units="cm">0.0</totsnow>
        <totprecip description="Total Precipitation" units="mm">150.9</totprecip>
        <grndsnowlastday description="Snow on the Ground on the Last Day" units="cm">0</grndsnowlastday>
        <dirmaxgust description="Direction of Maximum Gust" units="10's Deg">18</dirmaxgust>
        <speedmaxgust description="Speed of Maximum Gust" units="km/h">72</speedmaxgust>
    </stationdata>
    <stationdata month="7" year="1967">
        <meanmaxtemp description="Mean Maximum Temperature" units="°C">24.5</meanmaxtemp>
        <meanmintemp description="Mean Minimum Temperature" units="°C">13.3</meanmintemp>
        <meanmonthtemp description="Mean Temperature" units="°C">18.9</meanmonthtemp>
        <extrmaxtemp description="Extreme Maximum Temperature" flag="S" units="°C">29.4</extrmaxtemp>
        <extrmintemp description="Extreme Minimum Temperature" units="°C">6.7</extrmintemp>
        <totrain description="Total Rain" units="mm">65.0</totrain>
        <totsnow description="Total Snow" units="cm">0.0</totsnow>
        <totprecip description="Total Precipitation" units="mm">65.0</totprecip>
        <grndsnowlastday description="Snow on the Ground on the Last Day" units="cm">0</grndsnowlastday>
        <dirmaxgust description="Direction of Maximum Gust" units="10's Deg">27</dirmaxgust>
        <speedmaxgust description="Speed of Maximum Gust" units="km/h">63</speedmaxgust>
    </stationdata>
    <stationdata month="8" year="1967">
        <meanmaxtemp description="Mean Maximum Temperature" units="°C">23.9</meanmaxtemp>
        <meanmintemp description="Mean Minimum Temperature" units="°C">11.9</meanmintemp>
        <meanmonthtemp description="Mean Temperature" units="°C">17.9</meanmonthtemp>
        <extrmaxtemp description="Extreme Maximum Temperature" units="°C">30.0</extrmaxtemp>
        <extrmintemp description="Extreme Minimum Temperature" units="°C">6.7</extrmintemp>
        <totrain description="Total Rain" units="mm">45.7</totrain>
        <totsnow description="Total Snow" units="cm">0.0</totsnow>
        <totprecip description="Total Precipitation" units="mm">45.7</totprecip>
        <grndsnowlastday description="Snow on the Ground on the Last Day" units="cm">0</grndsnowlastday>
        <dirmaxgust description="Direction of Maximum Gust" units="10's Deg">23</dirmaxgust>
        <speedmaxgust description="Speed of Maximum Gust" units="km/h">48</speedmaxgust>
    </stationdata>
    <stationdata month="9" year="1967">
        <meanmaxtemp description="Mean Maximum Temperature" units="°C">21.2</meanmaxtemp>
        <meanmintemp description="Mean Minimum Temperature" units="°C">7.1</meanmintemp>
        <meanmonthtemp description="Mean Temperature" units="°C">14.2</meanmonthtemp>
        <extrmaxtemp description="Extreme Maximum Temperature" flag="S" units="°C">27.8</extrmaxtemp>
        <extrmintemp description="Extreme Minimum Temperature" flag="S" units="°C">1.1</extrmintemp>
        <totrain description="Total Rain" units="mm">68.1</totrain>
        <totsnow description="Total Snow" units="cm">0.0</totsnow>
        <totprecip description="Total Precipitation" units="mm">68.1</totprecip>
        <grndsnowlastday description="Snow on the Ground on the Last Day" units="cm">0</grndsnowlastday>
        <dirmaxgust description="Direction of Maximum Gust" units="10's Deg">23</dirmaxgust>
        <speedmaxgust description="Speed of Maximum Gust" units="km/h">63</speedmaxgust>
    </stationdata>
    <stationdata month="10" year="1967">
        <meanmaxtemp description="Mean Maximum Temperature" units="°C">13.5</meanmaxtemp>
        <meanmintemp description="Mean Minimum Temperature" units="°C">4.0</meanmintemp>
        <meanmonthtemp description="Mean Temperature" units="°C">8.8</meanmonthtemp>
        <extrmaxtemp description="Extreme Maximum Temperature" units="°C">26.1</extrmaxtemp>
        <extrmintemp description="Extreme Minimum Temperature" flag="S" units="°C">-1.1</extrmintemp>
        <totrain description="Total Rain" units="mm">75.2</totrain>
        <totsnow description="Total Snow" flag="T" units="cm">0.0</totsnow>
        <totprecip description="Total Precipitation" units="mm">75.2</totprecip>
        <grndsnowlastday description="Snow on the Ground on the Last Day" units="cm">0</grndsnowlastday>
        <dirmaxgust description="Direction of Maximum Gust" units="10's Deg">32</dirmaxgust>
        <speedmaxgust description="Speed of Maximum Gust" units="km/h">69</speedmaxgust>
    </stationdata>
    <stationdata month="11" year="1967">
        <meanmaxtemp description="Mean Maximum Temperature" units="°C">4.7</meanmaxtemp>
        <meanmintemp description="Mean Minimum Temperature" units="°C">-2.2</meanmintemp>
        <meanmonthtemp description="Mean Temperature" units="°C">1.3</meanmonthtemp>
        <extrmaxtemp description="Extreme Maximum Temperature" units="°C">15.0</extrmaxtemp>
        <extrmintemp description="Extreme Minimum Temperature" units="°C">-11.7</extrmintemp>
        <totrain description="Total Rain" units="mm">35.8</totrain>
        <totsnow description="Total Snow" units="cm">3.6</totsnow>
        <totprecip description="Total Precipitation" units="mm">39.4</totprecip>
        <grndsnowlastday description="Snow on the Ground on the Last Day" units="cm">0</grndsnowlastday>
        <dirmaxgust description="Direction of Maximum Gust" units="10's Deg">32</dirmaxgust>
        <speedmaxgust description="Speed of Maximum Gust" units="km/h">74</speedmaxgust>
    </stationdata>
    <stationdata month="12" year="1967">
        <meanmaxtemp description="Mean Maximum Temperature" units="°C">1.9</meanmaxtemp>
        <meanmintemp description="Mean Minimum Temperature" units="°C">-5.7</meanmintemp>
        <meanmonthtemp description="Mean Temperature" units="°C">-1.9</meanmonthtemp>
        <extrmaxtemp description="Extreme Maximum Temperature" units="°C">15.6</extrmaxtemp>
        <extrmintemp description="Extreme Minimum Temperature" flag="S" units="°C">-14.4</extrmintemp>
        <totrain description="Total Rain" units="mm">58.9</totrain>
        <totsnow description="Total Snow" units="cm">10.7</totsnow>
        <totprecip description="Total Precipitation" units="mm">69.6</totprecip>
        <grndsnowlastday description="Snow on the Ground on the Last Day" units="cm">5</grndsnowlastday>
        <dirmaxgust description="Direction of Maximum Gust" units="10's Deg">25</dirmaxgust>
        <speedmaxgust description="Speed of Maximum Gust" units="km/h">66</speedmaxgust>
    </stationdata>
    <stationdata month="1" year="1968">
        <meanmaxtemp description="Mean Maximum Temperature" units="°C">-4.5</meanmaxtemp>
        <meanmintemp description="Mean Minimum Temperature" units="°C">-13.1</meanmintemp>
        <meanmonthtemp description="Mean Temperature" units="°C">-8.8</meanmonthtemp>
        <extrmaxtemp description="Extreme Maximum Temperature" units="°C">4.4</extrmaxtemp>
        <extrmintemp description="Extreme Minimum Temperature" units="°C">-26.7</extrmintemp>
        <totrain description="Total Rain" units="mm">41.4</totrain>
        <totsnow description="Total Snow" units="cm">50.0</totsnow>
        <totprecip description="Total Precipitation" units="mm">82.0</totprecip>
        <grndsnowlastday description="Snow on the Ground on the Last Day" units="cm">8</grndsnowlastday>
        <dirmaxgust description="Direction of Maximum Gust" units="10's Deg">25</dirmaxgust>
        <speedmaxgust description="Speed of Maximum Gust" units="km/h">64</speedmaxgust>
    </stationdata>
    <stationdata month="2" year="1968">
        <meanmaxtemp description="Mean Maximum Temperature" units="°C">-3.0</meanmaxtemp>
        <meanmintemp description="Mean Minimum Temperature" units="°C">-12.2</meanmintemp>
        <meanmonthtemp description="Mean Temperature" units="°C">-7.6</meanmonthtemp>
        <extrmaxtemp description="Extreme Maximum Temperature" units="°C">7.2</extrmaxtemp>
        <extrmintemp description="Extreme Minimum Temperature" flag="S" units="°C">-21.7</extrmintemp>
        <totrain description="Total Rain" units="mm">31.0</totrain>
        <totsnow description="Total Snow" units="cm">7.9</totsnow>
        <totprecip description="Total Precipitation" units="mm">37.8</totprecip>
        <grndsnowlastday description="Snow on the Ground on the Last Day" flag="T" units="cm">0</grndsnowlastday>
        <dirmaxgust description="Direction of Maximum Gust" units="10's Deg">25</dirmaxgust>
        <speedmaxgust description="Speed of Maximum Gust" units="km/h">69</speedmaxgust>
    </stationdata>
    <stationdata month="3" year="1968">
        <meanmaxtemp description="Mean Maximum Temperature" units="°C">5.3</meanmaxtemp>
        <meanmintemp description="Mean Minimum Temperature" units="°C">-4.7</meanmintemp>
        <meanmonthtemp description="Mean Temperature" units="°C">0.3</meanmonthtemp>
        <extrmaxtemp description="Extreme Maximum Temperature" units="°C">20.0</extrmaxtemp>
        <extrmintemp description="Extreme Minimum Temperature" units="°C">-15.6</extrmintemp>
        <totrain description="Total Rain" units="mm">33.3</totrain>
        <totsnow description="Total Snow" units="cm">38.4</totsnow>
        <totprecip description="Total Precipitation" units="mm">57.4</totprecip>
        <grndsnowlastday description="Snow on the Ground on the Last Day" units="cm">0</grndsnowlastday>
        <dirmaxgust description="Direction of Maximum Gust" units="10's Deg">34</dirmaxgust>
        <speedmaxgust description="Speed of Maximum Gust" units="km/h">68</speedmaxgust>
    </stationdata>
    <stationdata month="4" year="1968">
        <meanmaxtemp description="Mean Maximum Temperature" units="°C">14.2</meanmaxtemp>
        <meanmintemp description="Mean Minimum Temperature" units="°C">0.9</meanmintemp>
        <meanmonthtemp description="Mean Temperature" units="°C">7.6</meanmonthtemp>
        <extrmaxtemp description="Extreme Maximum Temperature" units="°C">26.1</extrmaxtemp>
        <extrmintemp description="Extreme Minimum Temperature" units="°C">-6.1</extrmintemp>
        <totrain description="Total Rain" units="mm">30.2</totrain>
        <totsnow description="Total Snow" flag="T" units="cm">0.0</totsnow>
        <totprecip description="Total Precipitation" units="mm">30.2</totprecip>
        <grndsnowlastday description="Snow on the Ground on the Last Day" units="cm">0</grndsnowlastday>
        <dirmaxgust description="Direction of Maximum Gust" units="10's Deg">20</dirmaxgust>
        <speedmaxgust description="Speed of Maximum Gust" units="km/h">74</speedmaxgust>
    </stationdata>
    <stationdata month="5" year="1968">
        <meanmaxtemp description="Mean Maximum Temperature" units="°C">15.1</meanmaxtemp>
        <meanmintemp description="Mean Minimum Temperature" units="°C">4.2</meanmintemp>
        <meanmonthtemp description="Mean Temperature" units="°C">9.7</meanmonthtemp>
        <extrmaxtemp description="Extreme Maximum Temperature" units="°C">20.6</extrmaxtemp>
        <extrmintemp description="Extreme Minimum Temperature" flag="S" units="°C">-3.9</extrmintemp>
        <totrain description="Total Rain" units="mm">101.3</totrain>
        <totsnow description="Total Snow" units="cm">0.0</totsnow>
        <totprecip description="Total Precipitation" units="mm">101.3</totprecip>
        <grndsnowlastday description="Snow on the Ground on the Last Day" units="cm">0</grndsnowlastday>
        <dirmaxgust description="Direction of Maximum Gust" units="10's Deg">9</dirmaxgust>
        <speedmaxgust description="Speed of Maximum Gust" flag="S" units="km/h">64</speedmaxgust>
    </stationdata>
    <stationdata month="6" year="1968">
        <meanmaxtemp description="Mean Maximum Temperature" units="°C">22.3</meanmaxtemp>
        <meanmintemp description="Mean Minimum Temperature" units="°C">10.4</meanmintemp>
        <meanmonthtemp description="Mean Temperature" units="°C">16.4</meanmonthtemp>
        <extrmaxtemp description="Extreme Maximum Temperature" units="°C">31.1</extrmaxtemp>
        <extrmintemp description="Extreme Minimum Temperature" units="°C">3.9</extrmintemp>
        <totrain description="Total Rain" units="mm">57.9</totrain>
        <totsnow description="Total Snow" units="cm">0.0</totsnow>
        <totprecip description="Total Precipitation" units="mm">57.9</totprecip>
        <grndsnowlastday description="Snow on the Ground on the Last Day" units="cm">0</grndsnowlastday>
        <dirmaxgust description="Direction of Maximum Gust" units="10's Deg">25</dirmaxgust>
        <speedmaxgust description="Speed of Maximum Gust" units="km/h">55</speedmaxgust>
    </stationdata>
    <stationdata month="7" year="1968">
        <meanmaxtemp description="Mean Maximum Temperature" units="°C">26.3</meanmaxtemp>
        <meanmintemp description="Mean Minimum Temperature" units="°C">12.6</meanmintemp>
        <meanmonthtemp description="Mean Temperature" units="°C">19.5</meanmonthtemp>
        <extrmaxtemp description="Extreme Maximum Temperature" units="°C">33.3</extrmaxtemp>
        <extrmintemp description="Extreme Minimum Temperature" units="°C">3.9</extrmintemp>
        <totrain description="Total Rain" units="mm">58.2</totrain>
        <totsnow description="Total Snow" units="cm">0.0</totsnow>
        <totprecip description="Total Precipitation" units="mm">58.2</totprecip>
        <grndsnowlastday description="Snow on the Ground on the Last Day" units="cm">0</grndsnowlastday>
        <dirmaxgust description="Direction of Maximum Gust" units="10's Deg">25</dirmaxgust>
        <speedmaxgust description="Speed of Maximum Gust" flag="S" units="km/h">56</speedmaxgust>
    </stationdata>
    <stationdata month="8" year="1968">
        <meanmaxtemp description="Mean Maximum Temperature" units="°C">25.0</meanmaxtemp>
        <meanmintemp description="Mean Minimum Temperature" units="°C">12.4</meanmintemp>
        <meanmonthtemp description="Mean Temperature" units="°C">18.7</meanmonthtemp>
        <extrmaxtemp description="Extreme Maximum Temperature" units="°C">31.7</extrmaxtemp>
        <extrmintemp description="Extreme Minimum Temperature" flag="S" units="°C">6.7</extrmintemp>
        <totrain description="Total Rain" units="mm">163.6</totrain>
        <totsnow description="Total Snow" units="cm">0.0</totsnow>
        <totprecip description="Total Precipitation" units="mm">163.6</totprecip>
        <grndsnowlastday description="Snow on the Ground on the Last Day" units="cm">0</grndsnowlastday>
        <dirmaxgust description="Direction of Maximum Gust" units="10's Deg">27</dirmaxgust>
        <speedmaxgust description="Speed of Maximum Gust" units="km/h">69</speedmaxgust>
    </stationdata>
    <stationdata month="9" year="1968">
        <meanmaxtemp description="Mean Maximum Temperature" units="°C">21.8</meanmaxtemp>
        <meanmintemp description="Mean Minimum Temperature" units="°C">11.3</meanmintemp>
        <meanmonthtemp description="Mean Temperature" units="°C">16.6</meanmonthtemp>
        <extrmaxtemp description="Extreme Maximum Temperature" units="°C">27.2</extrmaxtemp>
        <extrmintemp description="Extreme Minimum Temperature" units="°C">4.4</extrmintemp>
        <totrain description="Total Rain" units="mm">88.1</totrain>
        <totsnow description="Total Snow" units="cm">0.0</totsnow>
        <totprecip description="Total Precipitation" units="mm">88.1</totprecip>
        <grndsnowlastday description="Snow on the Ground on the Last Day" units="cm">0</grndsnowlastday>
        <dirmaxgust description="Direction of Maximum Gust" units="10's Deg">20</dirmaxgust>
        <speedmaxgust description="Speed of Maximum Gust" units="km/h">55</speedmaxgust>
    </stationdata>
    <stationdata month="10" year="1968">
        <meanmaxtemp description="Mean Maximum Temperature" units="°C">15.4</meanmaxtemp>
        <meanmintemp description="Mean Minimum Temperature" units="°C">4.7</meanmintemp>
        <meanmonthtemp description="Mean Temperature" units="°C">10.1</meanmonthtemp>
        <extrmaxtemp description="Extreme Maximum Temperature" units="°C">26.1</extrmaxtemp>
        <extrmintemp description="Extreme Minimum Temperature" units="°C">-2.8</extrmintemp>
        <totrain description="Total Rain" units="mm">41.1</totrain>
        <totsnow description="Total Snow" flag="T" units="cm">0.0</totsnow>
        <totprecip description="Total Precipitation" units="mm">41.1</totprecip>
        <grndsnowlastday description="Snow on the Ground on the Last Day" units="cm">0</grndsnowlastday>
        <dirmaxgust description="Direction of Maximum Gust" units="10's Deg">27</dirmaxgust>
        <speedmaxgust description="Speed of Maximum Gust" units="km/h">69</speedmaxgust>
    </stationdata>
    <stationdata month="11" year="1968">
        <meanmaxtemp description="Mean Maximum Temperature" units="°C">6.2</meanmaxtemp>
        <meanmintemp description="Mean Minimum Temperature" units="°C">-1.1</meanmintemp>
        <meanmonthtemp description="Mean Temperature" units="°C">2.6</meanmonthtemp>
        <extrmaxtemp description="Extreme Maximum Temperature" flag="S" units="°C">15.0</extrmaxtemp>
        <extrmintemp description="Extreme Minimum Temperature" flag="S" units="°C">-5.0</extrmintemp>
        <totrain description="Total Rain" units="mm">87.1</totrain>
        <totsnow description="Total Snow" units="cm">6.6</totsnow>
        <totprecip description="Total Precipitation" units="mm">93.2</totprecip>
        <grndsnowlastday description="Snow on the Ground on the Last Day" flag="T" units="cm">0</grndsnowlastday>
        <dirmaxgust description="Direction of Maximum Gust" units="10's Deg">27</dirmaxgust>
        <speedmaxgust description="Speed of Maximum Gust" units="km/h">61</speedmaxgust>
    </stationdata>
    <stationdata month="12" year="1968">
        <meanmaxtemp description="Mean Maximum Temperature" units="°C">-0.7</meanmaxtemp>
        <meanmintemp description="Mean Minimum Temperature" units="°C">-8.9</meanmintemp>
        <meanmonthtemp description="Mean Temperature" units="°C">-4.8</meanmonthtemp>
        <extrmaxtemp description="Extreme Maximum Temperature" units="°C">10.0</extrmaxtemp>
        <extrmintemp description="Extreme Minimum Temperature" units="°C">-20.6</extrmintemp>
        <totrain description="Total Rain" units="mm">27.9</totrain>
        <totsnow description="Total Snow" units="cm">39.4</totsnow>
        <totprecip description="Total Precipitation" units="mm">80.0</totprecip>
        <grndsnowlastday description="Snow on the Ground on the Last Day" units="cm">20</grndsnowlastday>
        <dirmaxgust description="Direction of Maximum Gust" units="10's Deg">25</dirmaxgust>
        <speedmaxgust description="Speed of Maximum Gust" units="km/h">87</speedmaxgust>
    </stationdata>
    <stationdata month="1" year="1969">
        <meanmaxtemp description="Mean Maximum Temperature" units="°C">-2.2</meanmaxtemp>
        <meanmintemp description="Mean Minimum Temperature" units="°C">-10.8</meanmintemp>
        <meanmonthtemp description="Mean Temperature" units="°C">-6.5</meanmonthtemp>
        <extrmaxtemp description="Extreme Maximum Temperature" units="°C">7.2</extrmaxtemp>
        <extrmintemp description="Extreme Minimum Temperature" units="°C">-20.6</extrmintemp>
        <totrain description="Total Rain" units="mm">37.1</totrain>
        <totsnow description="Total Snow" units="cm">17.0</totsnow>
        <totprecip description="Total Precipitation" units="mm">50.3</totprecip>
        <grndsnowlastday description="Snow on the Ground on the Last Day" flag="T" units="cm">0</grndsnowlastday>
        <dirmaxgust description="Direction of Maximum Gust" units="10's Deg">25</dirmaxgust>
        <speedmaxgust description="Speed of Maximum Gust" units="km/h">64</speedmaxgust>
    </stationdata>
    <stationdata month="2" year="1969">
        <meanmaxtemp description="Mean Maximum Temperature" units="°C">-0.9</meanmaxtemp>
        <meanmintemp description="Mean Minimum Temperature" units="°C">-9.3</meanmintemp>
        <meanmonthtemp description="Mean Temperature" units="°C">-5.1</meanmonthtemp>
        <extrmaxtemp description="Extreme Maximum Temperature" units="°C">3.9</extrmaxtemp>
        <extrmintemp description="Extreme Minimum Temperature" units="°C">-18.3</extrmintemp>
        <totrain description="Total Rain" units="mm">0.8</totrain>
        <totsnow description="Total Snow" units="cm">13.5</totsnow>
        <totprecip description="Total Precipitation" units="mm">15.7</totprecip>
        <grndsnowlastday description="Snow on the Ground on the Last Day" flag="T" units="cm">0</grndsnowlastday>
        <dirmaxgust description="Direction of Maximum Gust" units="10's Deg">27</dirmaxgust>
        <speedmaxgust description="Speed of Maximum Gust" flag="S" units="km/h">63</speedmaxgust>
    </stationdata>
    <stationdata month="3" year="1969">
        <meanmaxtemp description="Mean Maximum Temperature" units="°C">2.6</meanmaxtemp>
        <meanmintemp description="Mean Minimum Temperature" units="°C">-6.1</meanmintemp>
        <meanmonthtemp description="Mean Temperature" units="°C">-1.8</meanmonthtemp>
        <extrmaxtemp description="Extreme Maximum Temperature" units="°C">13.3</extrmaxtemp>
        <extrmintemp description="Extreme Minimum Temperature" units="°C">-15.0</extrmintemp>
        <totrain description="Total Rain" units="mm">26.7</totrain>
        <totsnow description="Total Snow" units="cm">6.6</totsnow>
        <totprecip description="Total Precipitation" units="mm">35.6</totprecip>
        <grndsnowlastday description="Snow on the Ground on the Last Day" flag="T" units="cm">0</grndsnowlastday>
        <dirmaxgust description="Direction of Maximum Gust" units="10's Deg">20</dirmaxgust>
        <speedmaxgust description="Speed of Maximum Gust" units="km/h">64</speedmaxgust>
    </stationdata>
    <stationdata month="4" year="1969">
        <meanmaxtemp description="Mean Maximum Temperature" units="°C">12.8</meanmaxtemp>
        <meanmintemp description="Mean Minimum Temperature" units="°C">0.8</meanmintemp>
        <meanmonthtemp description="Mean Temperature" units="°C">6.8</meanmonthtemp>
        <extrmaxtemp description="Extreme Maximum Temperature" units="°C">24.4</extrmaxtemp>
        <extrmintemp description="Extreme Minimum Temperature" units="°C">-7.2</extrmintemp>
        <totrain description="Total Rain" units="mm">89.9</totrain>
        <totsnow description="Total Snow" flag="T" units="cm">0.0</totsnow>
        <totprecip description="Total Precipitation" units="mm">89.9</totprecip>
        <grndsnowlastday description="Snow on the Ground on the Last Day" units="cm">0</grndsnowlastday>
        <dirmaxgust description="Direction of Maximum Gust" units="10's Deg">27</dirmaxgust>
        <speedmaxgust description="Speed of Maximum Gust" units="km/h">63</speedmaxgust>
    </stationdata>
    <stationdata month="5" year="1969">
        <meanmaxtemp description="Mean Maximum Temperature" units="°C">17.7</meanmaxtemp>
        <meanmintemp description="Mean Minimum Temperature" units="°C">4.7</meanmintemp>
        <meanmonthtemp description="Mean Temperature" units="°C">11.2</meanmonthtemp>
        <extrmaxtemp description="Extreme Maximum Temperature" units="°C">32.2</extrmaxtemp>
        <extrmintemp description="Extreme Minimum Temperature" flag="S" units="°C">-0.6</extrmintemp>
        <totrain description="Total Rain" units="mm">75.4</totrain>
        <totsnow description="Total Snow" units="cm">0.0</totsnow>
        <totprecip description="Total Precipitation" units="mm">75.4</totprecip>
        <grndsnowlastday description="Snow on the Ground on the Last Day" units="cm">0</grndsnowlastday>
        <dirmaxgust description="Direction of Maximum Gust" units="10's Deg">23</dirmaxgust>
        <speedmaxgust description="Speed of Maximum Gust" units="km/h">87</speedmaxgust>
    </stationdata>
    <stationdata month="6" year="1969">
        <meanmaxtemp description="Mean Maximum Temperature" units="°C">21.8</meanmaxtemp>
        <meanmintemp description="Mean Minimum Temperature" units="°C">9.9</meanmintemp>
        <meanmonthtemp description="Mean Temperature" units="°C">15.9</meanmonthtemp>
        <extrmaxtemp description="Extreme Maximum Temperature" units="°C">33.3</extrmaxtemp>
        <extrmintemp description="Extreme Minimum Temperature" units="°C">2.8</extrmintemp>
        <totrain description="Total Rain" units="mm">38.9</totrain>
        <totsnow description="Total Snow" units="cm">0.0</totsnow>
        <totprecip description="Total Precipitation" units="mm">38.9</totprecip>
        <grndsnowlastday description="Snow on the Ground on the Last Day" units="cm">0</grndsnowlastday>
        <dirmaxgust description="Direction of Maximum Gust" units="10's Deg">27</dirmaxgust>
        <speedmaxgust description="Speed of Maximum Gust" units="km/h">72</speedmaxgust>
    </stationdata>
    <stationdata month="7" year="1969">
        <meanmaxtemp description="Mean Maximum Temperature" units="°C">26.4</meanmaxtemp>
        <meanmintemp description="Mean Minimum Temperature" units="°C">13.8</meanmintemp>
        <meanmonthtemp description="Mean Temperature" units="°C">20.1</meanmonthtemp>
        <extrmaxtemp description="Extreme Maximum Temperature" units="°C">33.9</extrmaxtemp>
        <extrmintemp description="Extreme Minimum Temperature" units="°C">6.7</extrmintemp>
        <totrain description="Total Rain" units="mm">107.4</totrain>
        <totsnow description="Total Snow" units="cm">0.0</totsnow>
        <totprecip description="Total Precipitation" units="mm">107.4</totprecip>
        <grndsnowlastday description="Snow on the Ground on the Last Day" units="cm">0</grndsnowlastday>
        <dirmaxgust description="Direction of Maximum Gust" units="10's Deg">36</dirmaxgust>
        <speedmaxgust description="Speed of Maximum Gust" flag="S" units="km/h">51</speedmaxgust>
    </stationdata>
    <stationdata month="8" year="1969">
        <meanmaxtemp description="Mean Maximum Temperature" units="°C">27.4</meanmaxtemp>
        <meanmintemp description="Mean Minimum Temperature" units="°C">14.3</meanmintemp>
        <meanmonthtemp description="Mean Temperature" units="°C">20.9</meanmonthtemp>
        <extrmaxtemp description="Extreme Maximum Temperature" units="°C">32.2</extrmaxtemp>
        <extrmintemp description="Extreme Minimum Temperature" flag="S" units="°C">6.7</extrmintemp>
        <totrain description="Total Rain" units="mm">56.6</totrain>
        <totsnow description="Total Snow" units="cm">0.0</totsnow>
        <totprecip description="Total Precipitation" units="mm">56.6</totprecip>
        <grndsnowlastday description="Snow on the Ground on the Last Day" units="cm">0</grndsnowlastday>
        <dirmaxgust description="Direction of Maximum Gust" units="10's Deg">23</dirmaxgust>
        <speedmaxgust description="Speed of Maximum Gust" units="km/h">50</speedmaxgust>
    </stationdata>
    <stationdata month="9" year="1969">
        <meanmaxtemp description="Mean Maximum Temperature" units="°C">21.9</meanmaxtemp>
        <meanmintemp description="Mean Minimum Temperature" units="°C">9.3</meanmintemp>
        <meanmonthtemp description="Mean Temperature" units="°C">15.6</meanmonthtemp>
        <extrmaxtemp description="Extreme Maximum Temperature" flag="S" units="°C">30.0</extrmaxtemp>
        <extrmintemp description="Extreme Minimum Temperature" units="°C">1.1</extrmintemp>
        <totrain description="Total Rain" units="mm">15.0</totrain>
        <totsnow description="Total Snow" units="cm">0.0</totsnow>
        <totprecip description="Total Precipitation" units="mm">15.0</totprecip>
        <grndsnowlastday description="Snow on the Ground on the Last Day" units="cm">0</grndsnowlastday>
        <dirmaxgust description="Direction of Maximum Gust" units="10's Deg">25</dirmaxgust>
        <speedmaxgust description="Speed of Maximum Gust" units="km/h">71</speedmaxgust>
    </stationdata>
    <stationdata month="10" year="1969">
        <meanmaxtemp description="Mean Maximum Temperature" units="°C">13.8</meanmaxtemp>
        <meanmintemp description="Mean Minimum Temperature" units="°C">2.7</meanmintemp>
        <meanmonthtemp description="Mean Temperature" units="°C">8.3</meanmonthtemp>
        <extrmaxtemp description="Extreme Maximum Temperature" flag="S" units="°C">24.4</extrmaxtemp>
        <extrmintemp description="Extreme Minimum Temperature" units="°C">-8.3</extrmintemp>
        <totrain description="Total Rain" units="mm">39.4</totrain>
        <totsnow description="Total Snow" units="cm">12.4</totsnow>
        <totprecip description="Total Precipitation" units="mm">49.0</totprecip>
        <grndsnowlastday description="Snow on the Ground on the Last Day" units="cm">0</grndsnowlastday>
        <dirmaxgust description="Direction of Maximum Gust" units="10's Deg">25</dirmaxgust>
        <speedmaxgust description="Speed of Maximum Gust" units="km/h">74</speedmaxgust>
    </stationdata>
    <stationdata month="11" year="1969">
        <meanmaxtemp description="Mean Maximum Temperature" units="°C">6.7</meanmaxtemp>
        <meanmintemp description="Mean Minimum Temperature" units="°C">-0.1</meanmintemp>
        <meanmonthtemp description="Mean Temperature" units="°C">3.3</meanmonthtemp>
        <extrmaxtemp description="Extreme Maximum Temperature" units="°C">15.0</extrmaxtemp>
        <extrmintemp description="Extreme Minimum Temperature" flag="S" units="°C">-10.0</extrmintemp>
        <totrain description="Total Rain" units="mm">64.0</totrain>
        <totsnow description="Total Snow" units="cm">7.4</totsnow>
        <totprecip description="Total Precipitation" units="mm">71.1</totprecip>
        <grndsnowlastday description="Snow on the Ground on the Last Day" flag="T" units="cm">0</grndsnowlastday>
        <dirmaxgust description="Direction of Maximum Gust" units="10's Deg">34</dirmaxgust>
        <speedmaxgust description="Speed of Maximum Gust" units="km/h">89</speedmaxgust>
    </stationdata>
    <stationdata month="12" year="1969">
        <meanmaxtemp description="Mean Maximum Temperature" units="°C">-2.1</meanmaxtemp>
        <meanmintemp description="Mean Minimum Temperature" units="°C">-10.4</meanmintemp>
        <meanmonthtemp description="Mean Temperature" units="°C">-6.3</meanmonthtemp>
        <extrmaxtemp description="Extreme Maximum Temperature" units="°C">4.4</extrmaxtemp>
        <extrmintemp description="Extreme Minimum Temperature" units="°C">-20.6</extrmintemp>
        <totrain description="Total Rain" units="mm">18.8</totrain>
        <totsnow description="Total Snow" units="cm">50.5</totsnow>
        <totprecip description="Total Precipitation" units="mm">61.2</totprecip>
        <grndsnowlastday description="Snow on the Ground on the Last Day" units="cm">13</grndsnowlastday>
        <dirmaxgust description="Direction of Maximum Gust" units="10's Deg">34</dirmaxgust>
        <speedmaxgust description="Speed of Maximum Gust" flag="S" units="km/h">64</speedmaxgust>
    </stationdata>
    <stationdata month="1" year="1970">
        <meanmaxtemp description="Mean Maximum Temperature" units="°C">-5.9</meanmaxtemp>
        <meanmintemp description="Mean Minimum Temperature" units="°C">-15.8</meanmintemp>
        <meanmonthtemp description="Mean Temperature" units="°C">-10.9</meanmonthtemp>
        <extrmaxtemp description="Extreme Maximum Temperature" units="°C">7.2</extrmaxtemp>
        <extrmintemp description="Extreme Minimum Temperature" units="°C">-27.8</extrmintemp>
        <totrain description="Total Rain" units="mm">1.3</totrain>
        <totsnow description="Total Snow" units="cm">37.6</totsnow>
        <totprecip description="Total Precipitation" units="mm">25.7</totprecip>
        <grndsnowlastday description="Snow on the Ground on the Last Day" units="cm">10</grndsnowlastday>
        <dirmaxgust description="Direction of Maximum Gust" units="10's Deg">27</dirmaxgust>
        <speedmaxgust description="Speed of Maximum Gust" units="km/h">61</speedmaxgust>
    </stationdata>
    <stationdata month="2" year="1970">
        <meanmaxtemp description="Mean Maximum Temperature" units="°C">-1.6</meanmaxtemp>
        <meanmintemp description="Mean Minimum Temperature" units="°C">-11.6</meanmintemp>
        <meanmonthtemp description="Mean Temperature" units="°C">-6.6</meanmonthtemp>
        <extrmaxtemp description="Extreme Maximum Temperature" units="°C">5.6</extrmaxtemp>
        <extrmintemp description="Extreme Minimum Temperature" units="°C">-23.9</extrmintemp>
        <totrain description="Total Rain" units="mm">5.1</totrain>
        <totsnow description="Total Snow" units="cm">23.9</totsnow>
        <totprecip description="Total Precipitation" units="mm">29.7</totprecip>
        <grndsnowlastday description="Snow on the Ground on the Last Day" units="cm">5</grndsnowlastday>
        <dirmaxgust description="Direction of Maximum Gust" units="10's Deg">29</dirmaxgust>
        <speedmaxgust description="Speed of Maximum Gust" units="km/h">72</speedmaxgust>
    </stationdata>
    <stationdata month="3" year="1970">
        <meanmaxtemp description="Mean Maximum Temperature" units="°C">1.9</meanmaxtemp>
        <meanmintemp description="Mean Minimum Temperature" units="°C">-6.4</meanmintemp>
        <meanmonthtemp description="Mean Temperature" units="°C">-2.3</meanmonthtemp>
        <extrmaxtemp description="Extreme Maximum Temperature" units="°C">8.9</extrmaxtemp>
        <extrmintemp description="Extreme Minimum Temperature" units="°C">-13.9</extrmintemp>
        <totrain description="Total Rain" units="mm">25.1</totrain>
        <totsnow description="Total Snow" units="cm">14.5</totsnow>
        <totprecip description="Total Precipitation" units="mm">43.7</totprecip>
        <grndsnowlastday description="Snow on the Ground on the Last Day" flag="T" units="cm">0</grndsnowlastday>
        <dirmaxgust description="Direction of Maximum Gust" units="10's Deg">20</dirmaxgust>
        <speedmaxgust description="Speed of Maximum Gust" units="km/h">85</speedmaxgust>
    </stationdata>
    <stationdata month="4" year="1970">
        <meanmaxtemp description="Mean Maximum Temperature" units="°C">12.3</meanmaxtemp>
        <meanmintemp description="Mean Minimum Temperature" units="°C">0.9</meanmintemp>
        <meanmonthtemp description="Mean Temperature" units="°C">6.6</meanmonthtemp>
        <extrmaxtemp description="Extreme Maximum Temperature" units="°C">23.9</extrmaxtemp>
        <extrmintemp description="Extreme Minimum Temperature" units="°C">-7.2</extrmintemp>
        <totrain description="Total Rain" units="mm">71.4</totrain>
        <totsnow description="Total Snow" units="cm">7.4</totsnow>
        <totprecip description="Total Precipitation" units="mm">81.3</totprecip>
        <grndsnowlastday description="Snow on the Ground on the Last Day" units="cm">0</grndsnowlastday>
        <dirmaxgust description="Direction of Maximum Gust" units="10's Deg">9</dirmaxgust>
        <speedmaxgust description="Speed of Maximum Gust" units="km/h">90</speedmaxgust>
    </stationdata>
    <stationdata month="5" year="1970">
        <meanmaxtemp description="Mean Maximum Temperature" units="°C">18.1</meanmaxtemp>
        <meanmintemp description="Mean Minimum Temperature" units="°C">5.9</meanmintemp>
        <meanmonthtemp description="Mean Temperature" units="°C">12.0</meanmonthtemp>
        <extrmaxtemp description="Extreme Maximum Temperature" units="°C">27.8</extrmaxtemp>
        <extrmintemp description="Extreme Minimum Temperature" units="°C">-3.3</extrmintemp>
        <totrain description="Total Rain" units="mm">56.6</totrain>
        <totsnow description="Total Snow" units="cm">0.0</totsnow>
        <totprecip description="Total Precipitation" units="mm">56.6</totprecip>
        <grndsnowlastday description="Snow on the Ground on the Last Day" units="cm">0</grndsnowlastday>
        <dirmaxgust description="Direction of Maximum Gust" units="10's Deg">25</dirmaxgust>
        <speedmaxgust description="Speed of Maximum Gust" units="km/h">63</speedmaxgust>
    </stationdata>
    <stationdata month="6" year="1970">
        <meanmaxtemp description="Mean Maximum Temperature" units="°C">23.9</meanmaxtemp>
        <meanmintemp description="Mean Minimum Temperature" units="°C">10.3</meanmintemp>
        <meanmonthtemp description="Mean Temperature" units="°C">17.1</meanmonthtemp>
        <extrmaxtemp description="Extreme Maximum Temperature" flag="S" units="°C">31.1</extrmaxtemp>
        <extrmintemp description="Extreme Minimum Temperature" units="°C">4.4</extrmintemp>
        <totrain description="Total Rain" units="mm">38.1</totrain>
        <totsnow description="Total Snow" units="cm">0.0</totsnow>
        <totprecip description="Total Precipitation" units="mm">38.1</totprecip>
        <grndsnowlastday description="Snow on the Ground on the Last Day" units="cm">0</grndsnowlastday>
        <dirmaxgust description="Direction of Maximum Gust" units="10's Deg">23</dirmaxgust>
        <speedmaxgust description="Speed of Maximum Gust" units="km/h">60</speedmaxgust>
    </stationdata>
    <stationdata month="7" year="1970">
        <meanmaxtemp description="Mean Maximum Temperature" units="°C">26.6</meanmaxtemp>
        <meanmintemp description="Mean Minimum Temperature" units="°C">14.6</meanmintemp>
        <meanmonthtemp description="Mean Temperature" units="°C">20.6</meanmonthtemp>
        <extrmaxtemp description="Extreme Maximum Temperature" flag="S" units="°C">31.7</extrmaxtemp>
        <extrmintemp description="Extreme Minimum Temperature" units="°C">8.9</extrmintemp>
        <totrain description="Total Rain" units="mm">113.5</totrain>
        <totsnow description="Total Snow" units="cm">0.0</totsnow>
        <totprecip description="Total Precipitation" units="mm">113.5</totprecip>
        <grndsnowlastday description="Snow on the Ground on the Last Day" units="cm">0</grndsnowlastday>
        <dirmaxgust description="Direction of Maximum Gust" units="10's Deg">29</dirmaxgust>
        <speedmaxgust description="Speed of Maximum Gust" units="km/h">84</speedmaxgust>
    </stationdata>
    <stationdata month="8" year="1970">
        <meanmaxtemp description="Mean Maximum Temperature" units="°C">26.1</meanmaxtemp>
        <meanmintemp description="Mean Minimum Temperature" units="°C">13.2</meanmintemp>
        <meanmonthtemp description="Mean Temperature" units="°C">19.7</meanmonthtemp>
        <extrmaxtemp description="Extreme Maximum Temperature" units="°C">32.2</extrmaxtemp>
        <extrmintemp description="Extreme Minimum Temperature" units="°C">7.8</extrmintemp>
        <totrain description="Total Rain" units="mm">113.3</totrain>
        <totsnow description="Total Snow" units="cm">0.0</totsnow>
        <totprecip description="Total Precipitation" units="mm">113.3</totprecip>
        <grndsnowlastday description="Snow on the Ground on the Last Day" units="cm">0</grndsnowlastday>
        <dirmaxgust description="Direction of Maximum Gust" units="10's Deg">29</dirmaxgust>
        <speedmaxgust description="Speed of Maximum Gust" units="km/h">84</speedmaxgust>
    </stationdata>
    <stationdata month="9" year="1970">
        <meanmaxtemp description="Mean Maximum Temperature" units="°C">20.6</meanmaxtemp>
        <meanmintemp description="Mean Minimum Temperature" units="°C">10.2</meanmintemp>
        <meanmonthtemp description="Mean Temperature" units="°C">15.4</meanmonthtemp>
        <extrmaxtemp description="Extreme Maximum Temperature" units="°C">29.4</extrmaxtemp>
        <extrmintemp description="Extreme Minimum Temperature" units="°C">3.3</extrmintemp>
        <totrain description="Total Rain" units="mm">61.7</totrain>
        <totsnow description="Total Snow" units="cm">0.0</totsnow>
        <totprecip description="Total Precipitation" units="mm">61.7</totprecip>
        <grndsnowlastday description="Snow on the Ground on the Last Day" units="cm">0</grndsnowlastday>
        <dirmaxgust description="Direction of Maximum Gust" units="10's Deg">27</dirmaxgust>
        <speedmaxgust description="Speed of Maximum Gust" units="km/h">66</speedmaxgust>
    </stationdata>
    <stationdata month="10" year="1970">
        <meanmaxtemp description="Mean Maximum Temperature" units="°C">14.8</meanmaxtemp>
        <meanmintemp description="Mean Minimum Temperature" units="°C">5.4</meanmintemp>
        <meanmonthtemp description="Mean Temperature" units="°C">10.1</meanmonthtemp>
        <extrmaxtemp description="Extreme Maximum Temperature" units="°C">23.9</extrmaxtemp>
        <extrmintemp description="Extreme Minimum Temperature" units="°C">-3.3</extrmintemp>
        <totrain description="Total Rain" units="mm">63.8</totrain>
        <totsnow description="Total Snow" flag="T" units="cm">0.0</totsnow>
        <totprecip description="Total Precipitation" units="mm">63.8</totprecip>
        <grndsnowlastday description="Snow on the Ground on the Last Day" units="cm">0</grndsnowlastday>
        <dirmaxgust description="Direction of Maximum Gust" units="10's Deg">29</dirmaxgust>
        <speedmaxgust description="Speed of Maximum Gust" units="km/h">60</speedmaxgust>
    </stationdata>
    <stationdata month="11" year="1970">
        <meanmaxtemp description="Mean Maximum Temperature" units="°C">7.6</meanmaxtemp>
        <meanmintemp description="Mean Minimum Temperature" units="°C">0.5</meanmintemp>
        <meanmonthtemp description="Mean Temperature" units="°C">4.1</meanmonthtemp>
        <extrmaxtemp description="Extreme Maximum Temperature" units="°C">13.9</extrmaxtemp>
        <extrmintemp description="Extreme Minimum Temperature" units="°C">-11.1</extrmintemp>
        <totrain description="Total Rain" units="mm">39.4</totrain>
        <totsnow description="Total Snow" units="cm">4.1</totsnow>
        <totprecip description="Total Precipitation" units="mm">45.0</totprecip>
        <grndsnowlastday description="Snow on the Ground on the Last Day" units="cm">0</grndsnowlastday>
        <dirmaxgust description="Direction of Maximum Gust" units="10's Deg">27</dirmaxgust>
        <speedmaxgust description="Speed of Maximum Gust" units="km/h">79</speedmaxgust>
    </stationdata>
    <stationdata month="12" year="1970">
        <meanmaxtemp description="Mean Maximum Temperature" units="°C">-1.3</meanmaxtemp>
        <meanmintemp description="Mean Minimum Temperature" units="°C">-9.0</meanmintemp>
        <meanmonthtemp description="Mean Temperature" units="°C">-5.2</meanmonthtemp>
        <extrmaxtemp description="Extreme Maximum Temperature" units="°C">15.6</extrmaxtemp>
        <extrmintemp description="Extreme Minimum Temperature" flag="S" units="°C">-21.7</extrmintemp>
        <totrain description="Total Rain" units="mm">23.1</totrain>
        <totsnow description="Total Snow" units="cm">70.9</totsnow>
        <totprecip description="Total Precipitation" units="mm">80.5</totprecip>
        <grndsnowlastday description="Snow on the Ground on the Last Day" units="cm">18</grndsnowlastday>
        <dirmaxgust description="Direction of Maximum Gust" units="10's Deg">23</dirmaxgust>
        <speedmaxgust description="Speed of Maximum Gust" units="km/h">74</speedmaxgust>
    </stationdata>
    <stationdata month="1" year="1971">
        <meanmaxtemp description="Mean Maximum Temperature" units="°C">-4.5</meanmaxtemp>
        <meanmintemp description="Mean Minimum Temperature" units="°C">-13.8</meanmintemp>
        <meanmonthtemp description="Mean Temperature" units="°C">-9.2</meanmonthtemp>
        <extrmaxtemp description="Extreme Maximum Temperature" units="°C">5.6</extrmaxtemp>
        <extrmintemp description="Extreme Minimum Temperature" units="°C">-23.9</extrmintemp>
        <totrain description="Total Rain" units="mm">4.8</totrain>
        <totsnow description="Total Snow" units="cm">30.7</totsnow>
        <totprecip description="Total Precipitation" units="mm">29.2</totprecip>
        <grndsnowlastday description="Snow on the Ground on the Last Day" units="cm">18</grndsnowlastday>
        <dirmaxgust description="Direction of Maximum Gust" units="10's Deg">27</dirmaxgust>
        <speedmaxgust description="Speed of Maximum Gust" units="km/h">84</speedmaxgust>
    </stationdata>
    <stationdata month="2" year="1971">
        <meanmaxtemp description="Mean Maximum Temperature" units="°C">-1.4</meanmaxtemp>
        <meanmintemp description="Mean Minimum Temperature" units="°C">-8.9</meanmintemp>
        <meanmonthtemp description="Mean Temperature" units="°C">-5.2</meanmonthtemp>
        <extrmaxtemp description="Extreme Maximum Temperature" flag="S" units="°C">5.6</extrmaxtemp>
        <extrmintemp description="Extreme Minimum Temperature" units="°C">-22.8</extrmintemp>
        <totrain description="Total Rain" units="mm">40.9</totrain>
        <totsnow description="Total Snow" units="cm">31.8</totsnow>
        <totprecip description="Total Precipitation" units="mm">71.1</totprecip>
        <grndsnowlastday description="Snow on the Ground on the Last Day" flag="T" units="cm">0</grndsnowlastday>
        <dirmaxgust description="Direction of Maximum Gust" units="10's Deg">23</dirmaxgust>
        <speedmaxgust description="Speed of Maximum Gust" units="km/h">90</speedmaxgust>
    </stationdata>
    <stationdata month="3" year="1971">
        <meanmaxtemp description="Mean Maximum Temperature" units="°C">0.6</meanmaxtemp>
        <meanmintemp description="Mean Minimum Temperature" units="°C">-7.5</meanmintemp>
        <meanmonthtemp description="Mean Temperature" units="°C">-3.5</meanmonthtemp>
        <extrmaxtemp description="Extreme Maximum Temperature" units="°C">11.1</extrmaxtemp>
        <extrmintemp description="Extreme Minimum Temperature" units="°C">-15.6</extrmintemp>
        <totrain description="Total Rain" units="mm">4.8</totrain>
        <totsnow description="Total Snow" units="cm">32.3</totsnow>
        <totprecip description="Total Precipitation" units="mm">33.5</totprecip>
        <grndsnowlastday description="Snow on the Ground on the Last Day" flag="T" units="cm">0</grndsnowlastday>
        <dirmaxgust description="Direction of Maximum Gust" units="10's Deg">25</dirmaxgust>
        <speedmaxgust description="Speed of Maximum Gust" units="km/h">74</speedmaxgust>
    </stationdata>
    <stationdata month="4" year="1971">
        <meanmaxtemp description="Mean Maximum Temperature" units="°C">10.2</meanmaxtemp>
        <meanmintemp description="Mean Minimum Temperature" units="°C">-1.1</meanmintemp>
        <meanmonthtemp description="Mean Temperature" units="°C">4.6</meanmonthtemp>
        <extrmaxtemp description="Extreme Maximum Temperature" units="°C">18.3</extrmaxtemp>
        <extrmintemp description="Extreme Minimum Temperature" units="°C">-7.2</extrmintemp>
        <totrain description="Total Rain" units="mm">24.6</totrain>
        <totsnow description="Total Snow" units="cm">1.5</totsnow>
        <totprecip description="Total Precipitation" units="mm">24.9</totprecip>
        <grndsnowlastday description="Snow on the Ground on the Last Day" units="cm">0</grndsnowlastday>
        <dirmaxgust description="Direction of Maximum Gust" units="10's Deg">34</dirmaxgust>
        <speedmaxgust description="Speed of Maximum Gust" units="km/h">71</speedmaxgust>
    </stationdata>
    <stationdata month="5" year="1971">
        <meanmaxtemp description="Mean Maximum Temperature" units="°C">18.5</meanmaxtemp>
        <meanmintemp description="Mean Minimum Temperature" units="°C">4.6</meanmintemp>
        <meanmonthtemp description="Mean Temperature" units="°C">11.6</meanmonthtemp>
        <extrmaxtemp description="Extreme Maximum Temperature" units="°C">30.0</extrmaxtemp>
        <extrmintemp description="Extreme Minimum Temperature" units="°C">-0.6</extrmintemp>
        <totrain description="Total Rain" units="mm">34.8</totrain>
        <totsnow description="Total Snow" units="cm">0.0</totsnow>
        <totprecip description="Total Precipitation" units="mm">34.8</totprecip>
        <grndsnowlastday description="Snow on the Ground on the Last Day" units="cm">0</grndsnowlastday>
        <dirmaxgust description="Direction of Maximum Gust" units="10's Deg">23</dirmaxgust>
        <speedmaxgust description="Speed of Maximum Gust" units="km/h">71</speedmaxgust>
    </stationdata>
    <stationdata month="6" year="1971">
        <meanmaxtemp description="Mean Maximum Temperature" units="°C">24.2</meanmaxtemp>
        <meanmintemp description="Mean Minimum Temperature" units="°C">11.5</meanmintemp>
        <meanmonthtemp description="Mean Temperature" units="°C">17.9</meanmonthtemp>
        <extrmaxtemp description="Extreme Maximum Temperature" units="°C">32.8</extrmaxtemp>
        <extrmintemp description="Extreme Minimum Temperature" units="°C">3.9</extrmintemp>
        <totrain description="Total Rain" units="mm">77.0</totrain>
        <totsnow description="Total Snow" units="cm">0.0</totsnow>
        <totprecip description="Total Precipitation" units="mm">77.0</totprecip>
        <grndsnowlastday description="Snow on the Ground on the Last Day" units="cm">0</grndsnowlastday>
        <dirmaxgust description="Direction of Maximum Gust" units="10's Deg">27</dirmaxgust>
        <speedmaxgust description="Speed of Maximum Gust" flag="S" units="km/h">64</speedmaxgust>
    </stationdata>
    <stationdata month="7" year="1971">
        <meanmaxtemp description="Mean Maximum Temperature" units="°C">25.5</meanmaxtemp>
        <meanmintemp description="Mean Minimum Temperature" units="°C">12.4</meanmintemp>
        <meanmonthtemp description="Mean Temperature" units="°C">19.0</meanmonthtemp>
        <extrmaxtemp description="Extreme Maximum Temperature" units="°C">31.1</extrmaxtemp>
        <extrmintemp description="Extreme Minimum Temperature" flag="S" units="°C">7.8</extrmintemp>
        <totrain description="Total Rain" units="mm">78.5</totrain>
        <totsnow description="Total Snow" units="cm">0.0</totsnow>
        <totprecip description="Total Precipitation" units="mm">78.5</totprecip>
        <grndsnowlastday description="Snow on the Ground on the Last Day" units="cm">0</grndsnowlastday>
        <dirmaxgust description="Direction of Maximum Gust" units="10's Deg">29</dirmaxgust>
        <speedmaxgust description="Speed of Maximum Gust" units="km/h">56</speedmaxgust>
    </stationdata>
    <stationdata month="8" year="1971">
        <meanmaxtemp description="Mean Maximum Temperature" units="°C">25.6</meanmaxtemp>
        <meanmintemp description="Mean Minimum Temperature" units="°C">12.0</meanmintemp>
        <meanmonthtemp description="Mean Temperature" units="°C">18.8</meanmonthtemp>
        <extrmaxtemp description="Extreme Maximum Temperature" units="°C">32.8</extrmaxtemp>
        <extrmintemp description="Extreme Minimum Temperature" units="°C">3.3</extrmintemp>
        <totrain description="Total Rain" units="mm">126.0</totrain>
        <totsnow description="Total Snow" units="cm">0.0</totsnow>
        <totprecip description="Total Precipitation" units="mm">126.0</totprecip>
        <grndsnowlastday description="Snow on the Ground on the Last Day" units="cm">0</grndsnowlastday>
        <dirmaxgust description="Direction of Maximum Gust" units="10's Deg">18</dirmaxgust>
        <speedmaxgust description="Speed of Maximum Gust" units="km/h">71</speedmaxgust>
    </stationdata>
    <stationdata month="9" year="1971">
        <meanmaxtemp description="Mean Maximum Temperature" units="°C">22.2</meanmaxtemp>
        <meanmintemp description="Mean Minimum Temperature" units="°C">11.5</meanmintemp>
        <meanmonthtemp description="Mean Temperature" units="°C">16.9</meanmonthtemp>
        <extrmaxtemp description="Extreme Maximum Temperature" units="°C">31.1</extrmaxtemp>
        <extrmintemp description="Extreme Minimum Temperature" units="°C">2.8</extrmintemp>
        <totrain description="Total Rain" units="mm">32.5</totrain>
        <totsnow description="Total Snow" units="cm">0.0</totsnow>
        <totprecip description="Total Precipitation" units="mm">32.5</totprecip>
        <grndsnowlastday description="Snow on the Ground on the Last Day" units="cm">0</grndsnowlastday>
        <dirmaxgust description="Direction of Maximum Gust" units="10's Deg">29</dirmaxgust>
        <speedmaxgust description="Speed of Maximum Gust" units="km/h">56</speedmaxgust>
    </stationdata>
    <stationdata month="10" year="1971">
        <meanmaxtemp description="Mean Maximum Temperature" units="°C">17.9</meanmaxtemp>
        <meanmintemp description="Mean Minimum Temperature" units="°C">7.2</meanmintemp>
        <meanmonthtemp description="Mean Temperature" units="°C">12.6</meanmonthtemp>
        <extrmaxtemp description="Extreme Maximum Temperature" units="°C">28.3</extrmaxtemp>
        <extrmintemp description="Extreme Minimum Temperature" units="°C">0.6</extrmintemp>
        <totrain description="Total Rain" units="mm">37.6</totrain>
        <totsnow description="Total Snow" units="cm">0.0</totsnow>
        <totprecip description="Total Precipitation" units="mm">37.6</totprecip>
        <grndsnowlastday description="Snow on the Ground on the Last Day" units="cm">0</grndsnowlastday>
        <dirmaxgust description="Direction of Maximum Gust" units="10's Deg">29</dirmaxgust>
        <speedmaxgust description="Speed of Maximum Gust" units="km/h">58</speedmaxgust>
    </stationdata>
    <stationdata month="11" year="1971">
        <meanmaxtemp description="Mean Maximum Temperature" units="°C">6.6</meanmaxtemp>
        <meanmintemp description="Mean Minimum Temperature" units="°C">-1.5</meanmintemp>
        <meanmonthtemp description="Mean Temperature" units="°C">2.6</meanmonthtemp>
        <extrmaxtemp description="Extreme Maximum Temperature" units="°C">20.0</extrmaxtemp>
        <extrmintemp description="Extreme Minimum Temperature" units="°C">-11.7</extrmintemp>
        <totrain description="Total Rain" units="mm">19.3</totrain>
        <totsnow description="Total Snow" units="cm">16.5</totsnow>
        <totprecip description="Total Precipitation" units="mm">35.1</totprecip>
        <grndsnowlastday description="Snow on the Ground on the Last Day" units="cm">10</grndsnowlastday>
        <dirmaxgust description="Direction of Maximum Gust" units="10's Deg">27</dirmaxgust>
        <speedmaxgust description="Speed of Maximum Gust" units="km/h">71</speedmaxgust>
    </stationdata>
    <stationdata month="12" year="1971">
        <meanmaxtemp description="Mean Maximum Temperature" units="°C">3.1</meanmaxtemp>
        <meanmintemp description="Mean Minimum Temperature" units="°C">-5.6</meanmintemp>
        <meanmonthtemp description="Mean Temperature" units="°C">-1.3</meanmonthtemp>
        <extrmaxtemp description="Extreme Maximum Temperature" units="°C">16.1</extrmaxtemp>
        <extrmintemp description="Extreme Minimum Temperature" units="°C">-18.3</extrmintemp>
        <totrain description="Total Rain" units="mm">66.0</totrain>
        <totsnow description="Total Snow" units="cm">31.5</totsnow>
        <totprecip description="Total Precipitation" units="mm">92.7</totprecip>
        <grndsnowlastday description="Snow on the Ground on the Last Day" units="cm">15</grndsnowlastday>
        <dirmaxgust description="Direction of Maximum Gust" units="10's Deg">27</dirmaxgust>
        <speedmaxgust description="Speed of Maximum Gust" units="km/h">87</speedmaxgust>
    </stationdata>
    <stationdata month="1" year="1972">
        <meanmaxtemp description="Mean Maximum Temperature" units="°C">-1.3</meanmaxtemp>
        <meanmintemp description="Mean Minimum Temperature" units="°C">-10.6</meanmintemp>
        <meanmonthtemp description="Mean Temperature" units="°C">-6.0</meanmonthtemp>
        <extrmaxtemp description="Extreme Maximum Temperature" flag="S" units="°C">6.7</extrmaxtemp>
        <extrmintemp description="Extreme Minimum Temperature" units="°C">-23.9</extrmintemp>
        <totrain description="Total Rain" units="mm">10.9</totrain>
        <totsnow description="Total Snow" units="cm">32.8</totsnow>
        <totprecip description="Total Precipitation" units="mm">37.8</totprecip>
        <grndsnowlastday description="Snow on the Ground on the Last Day" units="cm">5</grndsnowlastday>
        <dirmaxgust description="Direction of Maximum Gust" units="10's Deg">25</dirmaxgust>
        <speedmaxgust description="Speed of Maximum Gust" units="km/h">90</speedmaxgust>
    </stationdata>
    <stationdata month="2" year="1972">
        <meanmaxtemp description="Mean Maximum Temperature" units="°C">-2.8</meanmaxtemp>
        <meanmintemp description="Mean Minimum Temperature" units="°C">-13.1</meanmintemp>
        <meanmonthtemp description="Mean Temperature" units="°C">-8.0</meanmonthtemp>
        <extrmaxtemp description="Extreme Maximum Temperature" units="°C">3.3</extrmaxtemp>
        <extrmintemp description="Extreme Minimum Temperature" flag="S" units="°C">-21.7</extrmintemp>
        <totrain description="Total Rain" units="mm">6.1</totrain>
        <totsnow description="Total Snow" units="cm">55.1</totsnow>
        <totprecip description="Total Precipitation" units="mm">59.7</totprecip>
        <grndsnowlastday description="Snow on the Ground on the Last Day" units="cm">18</grndsnowlastday>
        <dirmaxgust description="Direction of Maximum Gust" units="10's Deg">32</dirmaxgust>
        <speedmaxgust description="Speed of Maximum Gust" units="km/h">85</speedmaxgust>
    </stationdata>
    <stationdata month="3" year="1972">
        <meanmaxtemp description="Mean Maximum Temperature" units="°C">-0.1</meanmaxtemp>
        <meanmintemp description="Mean Minimum Temperature" units="°C">-8.4</meanmintemp>
        <meanmonthtemp description="Mean Temperature" units="°C">-4.3</meanmonthtemp>
        <extrmaxtemp description="Extreme Maximum Temperature" units="°C">7.2</extrmaxtemp>
        <extrmintemp description="Extreme Minimum Temperature" units="°C">-18.3</extrmintemp>
        <totrain description="Total Rain" units="mm">31.2</totrain>
        <totsnow description="Total Snow" units="cm">42.4</totsnow>
        <totprecip description="Total Precipitation" units="mm">96.8</totprecip>
        <grndsnowlastday description="Snow on the Ground on the Last Day" units="cm">3</grndsnowlastday>
        <dirmaxgust description="Direction of Maximum Gust" units="10's Deg">20</dirmaxgust>
        <speedmaxgust description="Speed of Maximum Gust" flag="S" units="km/h">64</speedmaxgust>
    </stationdata>
    <stationdata month="4" year="1972">
        <meanmaxtemp description="Mean Maximum Temperature" units="°C">8.1</meanmaxtemp>
        <meanmintemp description="Mean Minimum Temperature" units="°C">-2.5</meanmintemp>
        <meanmonthtemp description="Mean Temperature" units="°C">2.8</meanmonthtemp>
        <extrmaxtemp description="Extreme Maximum Temperature" units="°C">20.6</extrmaxtemp>
        <extrmintemp description="Extreme Minimum Temperature" units="°C">-17.2</extrmintemp>
        <totrain description="Total Rain" units="mm">42.2</totrain>
        <totsnow description="Total Snow" units="cm">10.2</totsnow>
        <totprecip description="Total Precipitation" units="mm">52.8</totprecip>
        <grndsnowlastday description="Snow on the Ground on the Last Day" units="cm">0</grndsnowlastday>
        <dirmaxgust description="Direction of Maximum Gust" units="10's Deg">9</dirmaxgust>
        <speedmaxgust description="Speed of Maximum Gust" units="km/h">79</speedmaxgust>
    </stationdata>
    <stationdata month="5" year="1972">
        <meanmaxtemp description="Mean Maximum Temperature" units="°C">19.8</meanmaxtemp>
        <meanmintemp description="Mean Minimum Temperature" units="°C">6.2</meanmintemp>
        <meanmonthtemp description="Mean Temperature" units="°C">13.0</meanmonthtemp>
        <extrmaxtemp description="Extreme Maximum Temperature" units="°C">27.8</extrmaxtemp>
        <extrmintemp description="Extreme Minimum Temperature" units="°C">-1.1</extrmintemp>
        <totrain description="Total Rain" units="mm">35.3</totrain>
        <totsnow description="Total Snow" units="cm">0.0</totsnow>
        <totprecip description="Total Precipitation" units="mm">35.3</totprecip>
        <grndsnowlastday description="Snow on the Ground on the Last Day" units="cm">0</grndsnowlastday>
        <dirmaxgust description="Direction of Maximum Gust" units="10's Deg">25</dirmaxgust>
        <speedmaxgust description="Speed of Maximum Gust" units="km/h">64</speedmaxgust>
    </stationdata>
    <stationdata month="6" year="1972">
        <meanmaxtemp description="Mean Maximum Temperature" units="°C">21.4</meanmaxtemp>
        <meanmintemp description="Mean Minimum Temperature" units="°C">9.7</meanmintemp>
        <meanmonthtemp description="Mean Temperature" units="°C">15.6</meanmonthtemp>
        <extrmaxtemp description="Extreme Maximum Temperature" units="°C">30.0</extrmaxtemp>
        <extrmintemp description="Extreme Minimum Temperature" units="°C">0.6</extrmintemp>
        <totrain description="Total Rain" units="mm">113.0</totrain>
        <totsnow description="Total Snow" units="cm">0.0</totsnow>
        <totprecip description="Total Precipitation" units="mm">113.0</totprecip>
        <grndsnowlastday description="Snow on the Ground on the Last Day" units="cm">0</grndsnowlastday>
        <dirmaxgust description="Direction of Maximum Gust" units="10's Deg">34</dirmaxgust>
        <speedmaxgust description="Speed of Maximum Gust" units="km/h">72</speedmaxgust>
    </stationdata>
    <stationdata month="7" year="1972">
        <meanmaxtemp description="Mean Maximum Temperature" units="°C">26.2</meanmaxtemp>
        <meanmintemp description="Mean Minimum Temperature" units="°C">13.3</meanmintemp>
        <meanmonthtemp description="Mean Temperature" units="°C">19.8</meanmonthtemp>
        <extrmaxtemp description="Extreme Maximum Temperature" units="°C">32.8</extrmaxtemp>
        <extrmintemp description="Extreme Minimum Temperature" units="°C">5.0</extrmintemp>
        <totrain description="Total Rain" units="mm">34.5</totrain>
        <totsnow description="Total Snow" units="cm">0.0</totsnow>
        <totprecip description="Total Precipitation" units="mm">34.5</totprecip>
        <grndsnowlastday description="Snow on the Ground on the Last Day" units="cm">0</grndsnowlastday>
        <dirmaxgust description="Direction of Maximum Gust" units="10's Deg">29</dirmaxgust>
        <speedmaxgust description="Speed of Maximum Gust" units="km/h">64</speedmaxgust>
    </stationdata>
    <stationdata month="8" year="1972">
        <meanmaxtemp description="Mean Maximum Temperature" units="°C">24.3</meanmaxtemp>
        <meanmintemp description="Mean Minimum Temperature" units="°C">12.6</meanmintemp>
        <meanmonthtemp description="Mean Temperature" units="°C">18.5</meanmonthtemp>
        <extrmaxtemp description="Extreme Maximum Temperature" units="°C">29.4</extrmaxtemp>
        <extrmintemp description="Extreme Minimum Temperature" units="°C">4.4</extrmintemp>
        <totrain description="Total Rain" units="mm">74.9</totrain>
        <totsnow description="Total Snow" units="cm">0.0</totsnow>
        <totprecip description="Total Precipitation" units="mm">74.9</totprecip>
        <grndsnowlastday description="Snow on the Ground on the Last Day" units="cm">0</grndsnowlastday>
        <dirmaxgust description="Direction of Maximum Gust" units="10's Deg">34</dirmaxgust>
        <speedmaxgust description="Speed of Maximum Gust" units="km/h">61</speedmaxgust>
    </stationdata>
    <stationdata month="9" year="1972">
        <meanmaxtemp description="Mean Maximum Temperature" units="°C">21.7</meanmaxtemp>
        <meanmintemp description="Mean Minimum Temperature" units="°C">9.0</meanmintemp>
        <meanmonthtemp description="Mean Temperature" units="°C">15.4</meanmonthtemp>
        <extrmaxtemp description="Extreme Maximum Temperature" units="°C">28.9</extrmaxtemp>
        <extrmintemp description="Extreme Minimum Temperature" units="°C">0.6</extrmintemp>
        <totrain description="Total Rain" units="mm">84.1</totrain>
        <totsnow description="Total Snow" units="cm">0.0</totsnow>
        <totprecip description="Total Precipitation" units="mm">84.1</totprecip>
        <grndsnowlastday description="Snow on the Ground on the Last Day" units="cm">0</grndsnowlastday>
        <dirmaxgust description="Direction of Maximum Gust" units="10's Deg">36</dirmaxgust>
        <speedmaxgust description="Speed of Maximum Gust" flag="S" units="km/h">58</speedmaxgust>
    </stationdata>
    <stationdata month="10" year="1972">
        <meanmaxtemp description="Mean Maximum Temperature" units="°C">11.4</meanmaxtemp>
        <meanmintemp description="Mean Minimum Temperature" units="°C">1.1</meanmintemp>
        <meanmonthtemp description="Mean Temperature" units="°C">6.3</meanmonthtemp>
        <extrmaxtemp description="Extreme Maximum Temperature" units="°C">21.1</extrmaxtemp>
        <extrmintemp description="Extreme Minimum Temperature" units="°C">-7.2</extrmintemp>
        <totrain description="Total Rain" units="mm">98.6</totrain>
        <totsnow description="Total Snow" units="cm">0.3</totsnow>
        <totprecip description="Total Precipitation" units="mm">98.8</totprecip>
        <grndsnowlastday description="Snow on the Ground on the Last Day" units="cm">0</grndsnowlastday>
        <dirmaxgust description="Direction of Maximum Gust" units="10's Deg">32</dirmaxgust>
        <speedmaxgust description="Speed of Maximum Gust" units="km/h">93</speedmaxgust>
    </stationdata>
    <stationdata month="11" year="1972">
        <meanmaxtemp description="Mean Maximum Temperature" units="°C">4.2</meanmaxtemp>
        <meanmintemp description="Mean Minimum Temperature" units="°C">-2.2</meanmintemp>
        <meanmonthtemp description="Mean Temperature" units="°C">1.0</meanmonthtemp>
        <extrmaxtemp description="Extreme Maximum Temperature" units="°C">10.0</extrmaxtemp>
        <extrmintemp description="Extreme Minimum Temperature" units="°C">-11.7</extrmintemp>
        <totrain description="Total Rain" units="mm">53.1</totrain>
        <totsnow description="Total Snow" units="cm">17.8</totsnow>
        <totprecip description="Total Precipitation" units="mm">72.1</totprecip>
        <grndsnowlastday description="Snow on the Ground on the Last Day" units="cm">0</grndsnowlastday>
        <dirmaxgust description="Direction of Maximum Gust" units="10's Deg">36</dirmaxgust>
        <speedmaxgust description="Speed of Maximum Gust" units="km/h">72</speedmaxgust>
    </stationdata>
    <stationdata month="12" year="1972">
        <meanmaxtemp description="Mean Maximum Temperature" units="°C">0.6</meanmaxtemp>
        <meanmintemp description="Mean Minimum Temperature" units="°C">-6.8</meanmintemp>
        <meanmonthtemp description="Mean Temperature" units="°C">-3.1</meanmonthtemp>
        <extrmaxtemp description="Extreme Maximum Temperature" units="°C">7.2</extrmaxtemp>
        <extrmintemp description="Extreme Minimum Temperature" units="°C">-16.1</extrmintemp>
        <totrain description="Total Rain" units="mm">54.6</totrain>
        <totsnow description="Total Snow" units="cm">46.2</totsnow>
        <totprecip description="Total Precipitation" units="mm">95.0</totprecip>
        <grndsnowlastday description="Snow on the Ground on the Last Day" units="cm">3</grndsnowlastday>
        <dirmaxgust description="Direction of Maximum Gust" units="10's Deg">27</dirmaxgust>
        <speedmaxgust description="Speed of Maximum Gust" units="km/h">95</speedmaxgust>
    </stationdata>
    <stationdata month="1" year="1973">
        <meanmaxtemp description="Mean Maximum Temperature" units="°C">-0.2</meanmaxtemp>
        <meanmintemp description="Mean Minimum Temperature" units="°C">-8.3</meanmintemp>
        <meanmonthtemp description="Mean Temperature" units="°C">-4.3</meanmonthtemp>
        <extrmaxtemp description="Extreme Maximum Temperature" units="°C">11.1</extrmaxtemp>
        <extrmintemp description="Extreme Minimum Temperature" units="°C">-21.1</extrmintemp>
        <totrain description="Total Rain" units="mm">19.6</totrain>
        <totsnow description="Total Snow" units="cm">14.0</totsnow>
        <totprecip description="Total Precipitation" units="mm">34.3</totprecip>
        <grndsnowlastday description="Snow on the Ground on the Last Day" units="cm">3</grndsnowlastday>
        <dirmaxgust description="Direction of Maximum Gust" units="10's Deg">27</dirmaxgust>
        <speedmaxgust description="Speed of Maximum Gust" units="km/h">82</speedmaxgust>
    </stationdata>
    <stationdata month="2" year="1973">
        <meanmaxtemp description="Mean Maximum Temperature" units="°C">-2.3</meanmaxtemp>
        <meanmintemp description="Mean Minimum Temperature" units="°C">-12.9</meanmintemp>
        <meanmonthtemp description="Mean Temperature" units="°C">-7.6</meanmonthtemp>
        <extrmaxtemp description="Extreme Maximum Temperature" units="°C">6.7</extrmaxtemp>
        <extrmintemp description="Extreme Minimum Temperature" units="°C">-22.8</extrmintemp>
        <totrain description="Total Rain" units="mm">19.3</totrain>
        <totsnow description="Total Snow" units="cm">19.8</totsnow>
        <totprecip description="Total Precipitation" units="mm">36.3</totprecip>
        <grndsnowlastday description="Snow on the Ground on the Last Day" units="cm">10</grndsnowlastday>
        <dirmaxgust description="Direction of Maximum Gust" units="10's Deg">32</dirmaxgust>
        <speedmaxgust description="Speed of Maximum Gust" flag="S" units="km/h">60</speedmaxgust>
    </stationdata>
    <stationdata month="3" year="1973">
        <meanmaxtemp description="Mean Maximum Temperature" units="°C">7.5</meanmaxtemp>
        <meanmintemp description="Mean Minimum Temperature" units="°C">-1.1</meanmintemp>
        <meanmonthtemp description="Mean Temperature" units="°C">3.2</meanmonthtemp>
        <extrmaxtemp description="Extreme Maximum Temperature" units="°C">19.4</extrmaxtemp>
        <extrmintemp description="Extreme Minimum Temperature" units="°C">-8.3</extrmintemp>
        <totrain description="Total Rain" units="mm">112.3</totrain>
        <totsnow description="Total Snow" units="cm">8.9</totsnow>
        <totprecip description="Total Precipitation" units="mm">121.2</totprecip>
        <grndsnowlastday description="Snow on the Ground on the Last Day" units="cm">0</grndsnowlastday>
        <dirmaxgust description="Direction of Maximum Gust" units="10's Deg">23</dirmaxgust>
        <speedmaxgust description="Speed of Maximum Gust" units="km/h">85</speedmaxgust>
    </stationdata>
    <stationdata month="4" year="1973">
        <meanmaxtemp description="Mean Maximum Temperature" units="°C">11.7</meanmaxtemp>
        <meanmintemp description="Mean Minimum Temperature" units="°C">1.3</meanmintemp>
        <meanmonthtemp description="Mean Temperature" units="°C">6.5</meanmonthtemp>
        <extrmaxtemp description="Extreme Maximum Temperature" units="°C">25.0</extrmaxtemp>
        <extrmintemp description="Extreme Minimum Temperature" units="°C">-7.8</extrmintemp>
        <totrain description="Total Rain" units="mm">60.2</totrain>
        <totsnow description="Total Snow" units="cm">2.3</totsnow>
        <totprecip description="Total Precipitation" units="mm">62.2</totprecip>
        <grndsnowlastday description="Snow on the Ground on the Last Day" units="cm">0</grndsnowlastday>
        <dirmaxgust description="Direction of Maximum Gust" units="10's Deg">9</dirmaxgust>
        <speedmaxgust description="Speed of Maximum Gust" units="km/h">74</speedmaxgust>
    </stationdata>
    <stationdata month="5" year="1973">
        <meanmaxtemp description="Mean Maximum Temperature" units="°C">16.0</meanmaxtemp>
        <meanmintemp description="Mean Minimum Temperature" units="°C">5.7</meanmintemp>
        <meanmonthtemp description="Mean Temperature" units="°C">10.9</meanmonthtemp>
        <extrmaxtemp description="Extreme Maximum Temperature" units="°C">22.8</extrmaxtemp>
        <extrmintemp description="Extreme Minimum Temperature" units="°C">-1.1</extrmintemp>
        <totrain description="Total Rain" units="mm">87.9</totrain>
        <totsnow description="Total Snow" units="cm">0.0</totsnow>
        <totprecip description="Total Precipitation" units="mm">87.9</totprecip>
        <grndsnowlastday description="Snow on the Ground on the Last Day" units="cm">0</grndsnowlastday>
        <dirmaxgust description="Direction of Maximum Gust" units="10's Deg">20</dirmaxgust>
        <speedmaxgust description="Speed of Maximum Gust" units="km/h">77</speedmaxgust>
    </stationdata>
    <stationdata month="6" year="1973">
        <meanmaxtemp description="Mean Maximum Temperature" units="°C">24.4</meanmaxtemp>
        <meanmintemp description="Mean Minimum Temperature" units="°C">12.4</meanmintemp>
        <meanmonthtemp description="Mean Temperature" units="°C">18.4</meanmonthtemp>
        <extrmaxtemp description="Extreme Maximum Temperature" units="°C">32.2</extrmaxtemp>
        <extrmintemp description="Extreme Minimum Temperature" flag="S" units="°C">7.2</extrmintemp>
        <totrain description="Total Rain" units="mm">67.8</totrain>
        <totsnow description="Total Snow" units="cm">0.0</totsnow>
        <totprecip description="Total Precipitation" units="mm">67.8</totprecip>
        <grndsnowlastday description="Snow on the Ground on the Last Day" units="cm">0</grndsnowlastday>
        <dirmaxgust description="Direction of Maximum Gust" units="10's Deg">29</dirmaxgust>
        <speedmaxgust description="Speed of Maximum Gust" units="km/h">51</speedmaxgust>
    </stationdata>
    <stationdata month="7" year="1973">
        <meanmaxtemp description="Mean Maximum Temperature" units="°C">27.3</meanmaxtemp>
        <meanmintemp description="Mean Minimum Temperature" units="°C">14.2</meanmintemp>
        <meanmonthtemp description="Mean Temperature" units="°C">20.8</meanmonthtemp>
        <extrmaxtemp description="Extreme Maximum Temperature" units="°C">33.3</extrmaxtemp>
        <extrmintemp description="Extreme Minimum Temperature" units="°C">7.8</extrmintemp>
        <totrain description="Total Rain" units="mm">62.5</totrain>
        <totsnow description="Total Snow" units="cm">0.0</totsnow>
        <totprecip description="Total Precipitation" units="mm">62.5</totprecip>
        <grndsnowlastday description="Snow on the Ground on the Last Day" units="cm">0</grndsnowlastday>
        <dirmaxgust description="Direction of Maximum Gust" units="10's Deg">25</dirmaxgust>
        <speedmaxgust description="Speed of Maximum Gust" units="km/h">58</speedmaxgust>
    </stationdata>
    <stationdata month="8" year="1973">
        <meanmaxtemp description="Mean Maximum Temperature" units="°C">28.1</meanmaxtemp>
        <meanmintemp description="Mean Minimum Temperature" units="°C">15.6</meanmintemp>
        <meanmonthtemp description="Mean Temperature" units="°C">21.9</meanmonthtemp>
        <extrmaxtemp description="Extreme Maximum Temperature" units="°C">35.6</extrmaxtemp>
        <extrmintemp description="Extreme Minimum Temperature" units="°C">6.1</extrmintemp>
        <totrain description="Total Rain" units="mm">29.2</totrain>
        <totsnow description="Total Snow" units="cm">0.0</totsnow>
        <totprecip description="Total Precipitation" units="mm">29.2</totprecip>
        <grndsnowlastday description="Snow on the Ground on the Last Day" units="cm">0</grndsnowlastday>
        <dirmaxgust description="Direction of Maximum Gust" units="10's Deg">14</dirmaxgust>
        <speedmaxgust description="Speed of Maximum Gust" units="km/h">69</speedmaxgust>
    </stationdata>
    <stationdata month="9" year="1973">
        <meanmaxtemp description="Mean Maximum Temperature" units="°C">22.6</meanmaxtemp>
        <meanmintemp description="Mean Minimum Temperature" units="°C">8.7</meanmintemp>
        <meanmonthtemp description="Mean Temperature" units="°C">15.7</meanmonthtemp>
        <extrmaxtemp description="Extreme Maximum Temperature" units="°C">34.4</extrmaxtemp>
        <extrmintemp description="Extreme Minimum Temperature" units="°C">-1.7</extrmintemp>
        <totrain description="Total Rain" units="mm">53.3</totrain>
        <totsnow description="Total Snow" units="cm">0.0</totsnow>
        <totprecip description="Total Precipitation" units="mm">53.3</totprecip>
        <grndsnowlastday description="Snow on the Ground on the Last Day" units="cm">0</grndsnowlastday>
        <dirmaxgust description="Direction of Maximum Gust" units="10's Deg">29</dirmaxgust>
        <speedmaxgust description="Speed of Maximum Gust" units="km/h">63</speedmaxgust>
    </stationdata>
    <stationdata month="10" year="1973">
        <meanmaxtemp description="Mean Maximum Temperature" units="°C">15.8</meanmaxtemp>
        <meanmintemp description="Mean Minimum Temperature" units="°C">5.5</meanmintemp>
        <meanmonthtemp description="Mean Temperature" units="°C">10.7</meanmonthtemp>
        <extrmaxtemp description="Extreme Maximum Temperature" units="°C">21.7</extrmaxtemp>
        <extrmintemp description="Extreme Minimum Temperature" units="°C">-1.7</extrmintemp>
        <totrain description="Total Rain" units="mm">124.7</totrain>
        <totsnow description="Total Snow" units="cm">0.0</totsnow>
        <totprecip description="Total Precipitation" units="mm">124.7</totprecip>
        <grndsnowlastday description="Snow on the Ground on the Last Day" units="cm">0</grndsnowlastday>
        <dirmaxgust description="Direction of Maximum Gust" units="10's Deg">29</dirmaxgust>
        <speedmaxgust description="Speed of Maximum Gust" units="km/h">93</speedmaxgust>
    </stationdata>
    <stationdata month="11" year="1973">
        <meanmaxtemp description="Mean Maximum Temperature" units="°C">7.4</meanmaxtemp>
        <meanmintemp description="Mean Minimum Temperature" units="°C">-0.2</meanmintemp>
        <meanmonthtemp description="Mean Temperature" units="°C">3.6</meanmonthtemp>
        <extrmaxtemp description="Extreme Maximum Temperature" units="°C">16.1</extrmaxtemp>
        <extrmintemp description="Extreme Minimum Temperature" units="°C">-8.9</extrmintemp>
        <totrain description="Total Rain" units="mm">91.4</totrain>
        <totsnow description="Total Snow" units="cm">1.8</totsnow>
        <totprecip description="Total Precipitation" units="mm">93.0</totprecip>
        <grndsnowlastday description="Snow on the Ground on the Last Day" units="cm">0</grndsnowlastday>
        <dirmaxgust description="Direction of Maximum Gust" units="10's Deg">27</dirmaxgust>
        <speedmaxgust description="Speed of Maximum Gust" units="km/h">89</speedmaxgust>
    </stationdata>
    <stationdata month="12" year="1973">
        <meanmaxtemp description="Mean Maximum Temperature" units="°C">-0.7</meanmaxtemp>
        <meanmintemp description="Mean Minimum Temperature" units="°C">-8.2</meanmintemp>
        <meanmonthtemp description="Mean Temperature" units="°C">-4.5</meanmonthtemp>
        <extrmaxtemp description="Extreme Maximum Temperature" units="°C">13.3</extrmaxtemp>
        <extrmintemp description="Extreme Minimum Temperature" units="°C">-20.6</extrmintemp>
        <totrain description="Total Rain" units="mm">37.8</totrain>
        <totsnow description="Total Snow" units="cm">45.5</totsnow>
        <totprecip description="Total Precipitation" units="mm">76.5</totprecip>
        <grndsnowlastday description="Snow on the Ground on the Last Day" units="cm">5</grndsnowlastday>
        <dirmaxgust description="Direction of Maximum Gust" units="10's Deg">25</dirmaxgust>
        <speedmaxgust description="Speed of Maximum Gust" units="km/h">74</speedmaxgust>
    </stationdata>
    <stationdata month="1" year="1974">
        <meanmaxtemp description="Mean Maximum Temperature" units="°C">-1.6</meanmaxtemp>
        <meanmintemp description="Mean Minimum Temperature" units="°C">-10.2</meanmintemp>
        <meanmonthtemp description="Mean Temperature" units="°C">-5.9</meanmonthtemp>
        <extrmaxtemp description="Extreme Maximum Temperature" units="°C">8.9</extrmaxtemp>
        <extrmintemp description="Extreme Minimum Temperature" units="°C">-20.0</extrmintemp>
        <totrain description="Total Rain" units="mm">34.3</totrain>
        <totsnow description="Total Snow" units="cm">35.6</totsnow>
        <totprecip description="Total Precipitation" units="mm">66.8</totprecip>
        <grndsnowlastday description="Snow on the Ground on the Last Day" units="cm">0</grndsnowlastday>
        <dirmaxgust description="Direction of Maximum Gust" units="10's Deg">29</dirmaxgust>
        <speedmaxgust description="Speed of Maximum Gust" units="km/h">100</speedmaxgust>
    </stationdata>
    <stationdata month="2" year="1974">
        <meanmaxtemp description="Mean Maximum Temperature" units="°C">-3.2</meanmaxtemp>
        <meanmintemp description="Mean Minimum Temperature" units="°C">-12.7</meanmintemp>
        <meanmonthtemp description="Mean Temperature" units="°C">-8.0</meanmonthtemp>
        <extrmaxtemp description="Extreme Maximum Temperature" units="°C">8.3</extrmaxtemp>
        <extrmintemp description="Extreme Minimum Temperature" units="°C">-21.7</extrmintemp>
        <totrain description="Total Rain" units="mm">23.9</totrain>
        <totsnow description="Total Snow" units="cm">25.7</totsnow>
        <totprecip description="Total Precipitation" units="mm">45.2</totprecip>
        <grndsnowlastday description="Snow on the Ground on the Last Day" units="cm">0</grndsnowlastday>
        <dirmaxgust description="Direction of Maximum Gust" units="10's Deg">29</dirmaxgust>
        <speedmaxgust description="Speed of Maximum Gust" units="km/h">84</speedmaxgust>
    </stationdata>
    <stationdata month="3" year="1974">
        <meanmaxtemp description="Mean Maximum Temperature" units="°C">3.3</meanmaxtemp>
        <meanmintemp description="Mean Minimum Temperature" units="°C">-5.2</meanmintemp>
        <meanmonthtemp description="Mean Temperature" units="°C">-1.0</meanmonthtemp>
        <extrmaxtemp description="Extreme Maximum Temperature" units="°C">16.1</extrmaxtemp>
        <extrmintemp description="Extreme Minimum Temperature" units="°C">-15.6</extrmintemp>
        <totrain description="Total Rain" units="mm">41.1</totrain>
        <totsnow description="Total Snow" units="cm">17.3</totsnow>
        <totprecip description="Total Precipitation" units="mm">56.9</totprecip>
        <grndsnowlastday description="Snow on the Ground on the Last Day" units="cm">0</grndsnowlastday>
        <dirmaxgust description="Direction of Maximum Gust" units="10's Deg">29</dirmaxgust>
        <speedmaxgust description="Speed of Maximum Gust" units="km/h">79</speedmaxgust>
    </stationdata>
    <stationdata month="4" year="1974">
        <meanmaxtemp description="Mean Maximum Temperature" units="°C">13.0</meanmaxtemp>
        <meanmintemp description="Mean Minimum Temperature" units="°C">1.0</meanmintemp>
        <meanmonthtemp description="Mean Temperature" units="°C">7.0</meanmonthtemp>
        <extrmaxtemp description="Extreme Maximum Temperature" units="°C">26.7</extrmaxtemp>
        <extrmintemp description="Extreme Minimum Temperature" units="°C">-6.1</extrmintemp>
        <totrain description="Total Rain" units="mm">90.7</totrain>
        <totsnow description="Total Snow" units="cm">1.5</totsnow>
        <totprecip description="Total Precipitation" units="mm">92.2</totprecip>
        <grndsnowlastday description="Snow on the Ground on the Last Day" units="cm">0</grndsnowlastday>
        <dirmaxgust description="Direction of Maximum Gust" units="10's Deg">23</dirmaxgust>
        <speedmaxgust description="Speed of Maximum Gust" units="km/h">82</speedmaxgust>
    </stationdata>
    <stationdata month="5" year="1974">
        <meanmaxtemp description="Mean Maximum Temperature" units="°C">15.7</meanmaxtemp>
        <meanmintemp description="Mean Minimum Temperature" units="°C">4.0</meanmintemp>
        <meanmonthtemp description="Mean Temperature" units="°C">9.9</meanmonthtemp>
        <extrmaxtemp description="Extreme Maximum Temperature" units="°C">28.3</extrmaxtemp>
        <extrmintemp description="Extreme Minimum Temperature" flag="S" units="°C">-2.8</extrmintemp>
        <totrain description="Total Rain" units="mm">140.0</totrain>
        <totsnow description="Total Snow" flag="T" units="cm">0.0</totsnow>
        <totprecip description="Total Precipitation" units="mm">140.0</totprecip>
        <grndsnowlastday description="Snow on the Ground on the Last Day" units="cm">0</grndsnowlastday>
        <dirmaxgust description="Direction of Maximum Gust" units="10's Deg">23</dirmaxgust>
        <speedmaxgust description="Speed of Maximum Gust" units="km/h">82</speedmaxgust>
    </stationdata>
    <stationdata month="6" year="1974">
        <meanmaxtemp description="Mean Maximum Temperature" units="°C">22.3</meanmaxtemp>
        <meanmintemp description="Mean Minimum Temperature" units="°C">10.9</meanmintemp>
        <meanmonthtemp description="Mean Temperature" units="°C">16.6</meanmonthtemp>
        <extrmaxtemp description="Extreme Maximum Temperature" units="°C">30.6</extrmaxtemp>
        <extrmintemp description="Extreme Minimum Temperature" units="°C">5.0</extrmintemp>
        <totrain description="Total Rain" units="mm">127.3</totrain>
        <totsnow description="Total Snow" units="cm">0.0</totsnow>
        <totprecip description="Total Precipitation" units="mm">127.3</totprecip>
        <grndsnowlastday description="Snow on the Ground on the Last Day" units="cm">0</grndsnowlastday>
        <dirmaxgust description="Direction of Maximum Gust" units="10's Deg">29</dirmaxgust>
        <speedmaxgust description="Speed of Maximum Gust" units="km/h">74</speedmaxgust>
    </stationdata>
    <stationdata month="7" year="1974">
        <meanmaxtemp description="Mean Maximum Temperature" units="°C">26.7</meanmaxtemp>
        <meanmintemp description="Mean Minimum Temperature" units="°C">13.9</meanmintemp>
        <meanmonthtemp description="Mean Temperature" units="°C">20.3</meanmonthtemp>
        <extrmaxtemp description="Extreme Maximum Temperature" units="°C">33.3</extrmaxtemp>
        <extrmintemp description="Extreme Minimum Temperature" units="°C">8.9</extrmintemp>
        <totrain description="Total Rain" units="mm">58.7</totrain>
        <totsnow description="Total Snow" units="cm">0.0</totsnow>
        <totprecip description="Total Precipitation" units="mm">58.7</totprecip>
        <grndsnowlastday description="Snow on the Ground on the Last Day" units="cm">0</grndsnowlastday>
        <dirmaxgust description="Direction of Maximum Gust" units="10's Deg">25</dirmaxgust>
        <speedmaxgust description="Speed of Maximum Gust" units="km/h">84</speedmaxgust>
    </stationdata>
    <stationdata month="8" year="1974">
        <meanmaxtemp description="Mean Maximum Temperature" units="°C">26.5</meanmaxtemp>
        <meanmintemp description="Mean Minimum Temperature" units="°C">12.8</meanmintemp>
        <meanmonthtemp description="Mean Temperature" units="°C">19.7</meanmonthtemp>
        <extrmaxtemp description="Extreme Maximum Temperature" flag="S" units="°C">31.1</extrmaxtemp>
        <extrmintemp description="Extreme Minimum Temperature" flag="S" units="°C">8.9</extrmintemp>
        <totrain description="Total Rain" units="mm">14.5</totrain>
        <totsnow description="Total Snow" units="cm">0.0</totsnow>
        <totprecip description="Total Precipitation" units="mm">14.5</totprecip>
        <grndsnowlastday description="Snow on the Ground on the Last Day" units="cm">0</grndsnowlastday>
        <dirmaxgust description="Direction of Maximum Gust" units="10's Deg">34</dirmaxgust>
        <speedmaxgust description="Speed of Maximum Gust" units="km/h">60</speedmaxgust>
    </stationdata>
    <stationdata month="9" year="1974">
        <meanmaxtemp description="Mean Maximum Temperature" units="°C">20.4</meanmaxtemp>
        <meanmintemp description="Mean Minimum Temperature" units="°C">7.3</meanmintemp>
        <meanmonthtemp description="Mean Temperature" units="°C">13.9</meanmonthtemp>
        <extrmaxtemp description="Extreme Maximum Temperature" units="°C">29.4</extrmaxtemp>
        <extrmintemp description="Extreme Minimum Temperature" units="°C">-2.2</extrmintemp>
        <totrain description="Total Rain" units="mm">46.5</totrain>
        <totsnow description="Total Snow" units="cm">0.0</totsnow>
        <totprecip description="Total Precipitation" units="mm">46.5</totprecip>
        <grndsnowlastday description="Snow on the Ground on the Last Day" units="cm">0</grndsnowlastday>
        <dirmaxgust description="Direction of Maximum Gust" units="10's Deg">29</dirmaxgust>
        <speedmaxgust description="Speed of Maximum Gust" units="km/h">89</speedmaxgust>
    </stationdata>
    <stationdata month="10" year="1974">
        <meanmaxtemp description="Mean Maximum Temperature" units="°C">13.3</meanmaxtemp>
        <meanmintemp description="Mean Minimum Temperature" units="°C">0.8</meanmintemp>
        <meanmonthtemp description="Mean Temperature" units="°C">7.1</meanmonthtemp>
        <extrmaxtemp description="Extreme Maximum Temperature" units="°C">24.4</extrmaxtemp>
        <extrmintemp description="Extreme Minimum Temperature" units="°C">-7.2</extrmintemp>
        <totrain description="Total Rain" units="mm">24.1</totrain>
        <totsnow description="Total Snow" flag="T" units="cm">0.0</totsnow>
        <totprecip description="Total Precipitation" units="mm">24.1</totprecip>
        <grndsnowlastday description="Snow on the Ground on the Last Day" units="cm">0</grndsnowlastday>
        <dirmaxgust description="Direction of Maximum Gust" units="10's Deg">23</dirmaxgust>
        <speedmaxgust description="Speed of Maximum Gust" flag="S" units="km/h">74</speedmaxgust>
    </stationdata>
    <stationdata month="11" year="1974">
        <meanmaxtemp description="Mean Maximum Temperature" units="°C">6.9</meanmaxtemp>
        <meanmintemp description="Mean Minimum Temperature" units="°C">-0.7</meanmintemp>
        <meanmonthtemp description="Mean Temperature" units="°C">3.1</meanmonthtemp>
        <extrmaxtemp description="Extreme Maximum Temperature" units="°C">22.8</extrmaxtemp>
        <extrmintemp description="Extreme Minimum Temperature" units="°C">-11.1</extrmintemp>
        <totrain description="Total Rain" units="mm">72.6</totrain>
        <totsnow description="Total Snow" units="cm">2.3</totsnow>
        <totprecip description="Total Precipitation" units="mm">74.7</totprecip>
        <grndsnowlastday description="Snow on the Ground on the Last Day" units="cm">0</grndsnowlastday>
        <dirmaxgust description="Direction of Maximum Gust" units="10's Deg">20</dirmaxgust>
        <speedmaxgust description="Speed of Maximum Gust" units="km/h">69</speedmaxgust>
    </stationdata>
    <stationdata month="12" year="1974">
        <meanmaxtemp description="Mean Maximum Temperature" units="°C">1.6</meanmaxtemp>
        <meanmintemp description="Mean Minimum Temperature" units="°C">-4.2</meanmintemp>
        <meanmonthtemp description="Mean Temperature" units="°C">-1.3</meanmonthtemp>
        <extrmaxtemp description="Extreme Maximum Temperature" flag="S" units="°C">5.6</extrmaxtemp>
        <extrmintemp description="Extreme Minimum Temperature" flag="S" units="°C">-11.7</extrmintemp>
        <totrain description="Total Rain" units="mm">16.3</totrain>
        <totsnow description="Total Snow" units="cm">28.4</totsnow>
        <totprecip description="Total Precipitation" units="mm">45.5</totprecip>
        <grndsnowlastday description="Snow on the Ground on the Last Day" flag="T" units="cm">0</grndsnowlastday>
        <dirmaxgust description="Direction of Maximum Gust" units="10's Deg">32</dirmaxgust>
        <speedmaxgust description="Speed of Maximum Gust" units="km/h">61</speedmaxgust>
    </stationdata>
    <stationdata month="1" year="1975">
        <meanmaxtemp description="Mean Maximum Temperature" units="°C">1.0</meanmaxtemp>
        <meanmintemp description="Mean Minimum Temperature" units="°C">-7.7</meanmintemp>
        <meanmonthtemp description="Mean Temperature" units="°C">-3.4</meanmonthtemp>
        <extrmaxtemp description="Extreme Maximum Temperature" units="°C">11.7</extrmaxtemp>
        <extrmintemp description="Extreme Minimum Temperature" units="°C">-23.3</extrmintemp>
        <totrain description="Total Rain" units="mm">40.9</totrain>
        <totsnow description="Total Snow" units="cm">16.0</totsnow>
        <totprecip description="Total Precipitation" units="mm">51.6</totprecip>
        <grndsnowlastday description="Snow on the Ground on the Last Day" flag="T" units="cm">0</grndsnowlastday>
        <dirmaxgust description="Direction of Maximum Gust" units="10's Deg">25</dirmaxgust>
        <speedmaxgust description="Speed of Maximum Gust" units="km/h">100</speedmaxgust>
    </stationdata>
    <stationdata month="2" year="1975">
        <meanmaxtemp description="Mean Maximum Temperature" units="°C">-0.5</meanmaxtemp>
        <meanmintemp description="Mean Minimum Temperature" units="°C">-7.3</meanmintemp>
        <meanmonthtemp description="Mean Temperature" units="°C">-3.9</meanmonthtemp>
        <extrmaxtemp description="Extreme Maximum Temperature" units="°C">9.4</extrmaxtemp>
        <extrmintemp description="Extreme Minimum Temperature" units="°C">-16.7</extrmintemp>
        <totrain description="Total Rain" units="mm">47.0</totrain>
        <totsnow description="Total Snow" units="cm">31.8</totsnow>
        <totprecip description="Total Precipitation" units="mm">72.4</totprecip>
        <grndsnowlastday description="Snow on the Ground on the Last Day" units="cm">0</grndsnowlastday>
        <dirmaxgust description="Direction of Maximum Gust" units="10's Deg">25</dirmaxgust>
        <speedmaxgust description="Speed of Maximum Gust" units="km/h">84</speedmaxgust>
    </stationdata>
    <stationdata month="3" year="1975">
        <meanmaxtemp description="Mean Maximum Temperature" units="°C">1.7</meanmaxtemp>
        <meanmintemp description="Mean Minimum Temperature" units="°C">-6.6</meanmintemp>
        <meanmonthtemp description="Mean Temperature" units="°C">-2.5</meanmonthtemp>
        <extrmaxtemp description="Extreme Maximum Temperature" units="°C">9.4</extrmaxtemp>
        <extrmintemp description="Extreme Minimum Temperature" units="°C">-17.8</extrmintemp>
        <totrain description="Total Rain" units="mm">44.5</totrain>
        <totsnow description="Total Snow" units="cm">18.8</totsnow>
        <totprecip description="Total Precipitation" units="mm">63.8</totprecip>
        <grndsnowlastday description="Snow on the Ground on the Last Day" flag="T" units="cm">0</grndsnowlastday>
        <dirmaxgust description="Direction of Maximum Gust" units="10's Deg">29</dirmaxgust>
        <speedmaxgust description="Speed of Maximum Gust" units="km/h">74</speedmaxgust>
    </stationdata>
    <stationdata month="4" year="1975">
        <meanmaxtemp description="Mean Maximum Temperature" units="°C">7.7</meanmaxtemp>
        <meanmintemp description="Mean Minimum Temperature" units="°C">-2.2</meanmintemp>
        <meanmonthtemp description="Mean Temperature" units="°C">2.8</meanmonthtemp>
        <extrmaxtemp description="Extreme Maximum Temperature" units="°C">19.4</extrmaxtemp>
        <extrmintemp description="Extreme Minimum Temperature" units="°C">-9.4</extrmintemp>
        <totrain description="Total Rain" units="mm">42.2</totrain>
        <totsnow description="Total Snow" units="cm">27.2</totsnow>
        <totprecip description="Total Precipitation" units="mm">69.6</totprecip>
        <grndsnowlastday description="Snow on the Ground on the Last Day" units="cm">0</grndsnowlastday>
        <dirmaxgust description="Direction of Maximum Gust" units="10's Deg">25</dirmaxgust>
        <speedmaxgust description="Speed of Maximum Gust" units="km/h">103</speedmaxgust>
    </stationdata>
    <stationdata month="5" year="1975">
        <meanmaxtemp description="Mean Maximum Temperature" units="°C">21.6</meanmaxtemp>
        <meanmintemp description="Mean Minimum Temperature" units="°C">9.3</meanmintemp>
        <meanmonthtemp description="Mean Temperature" units="°C">15.5</meanmonthtemp>
        <extrmaxtemp description="Extreme Maximum Temperature" units="°C">29.4</extrmaxtemp>
        <extrmintemp description="Extreme Minimum Temperature" units="°C">2.2</extrmintemp>
        <totrain description="Total Rain" units="mm">64.3</totrain>
        <totsnow description="Total Snow" units="cm">0.0</totsnow>
        <totprecip description="Total Precipitation" units="mm">64.3</totprecip>
        <grndsnowlastday description="Snow on the Ground on the Last Day" units="cm">0</grndsnowlastday>
        <dirmaxgust description="Direction of Maximum Gust" units="10's Deg">29</dirmaxgust>
        <speedmaxgust description="Speed of Maximum Gust" units="km/h">74</speedmaxgust>
    </stationdata>
    <stationdata month="6" year="1975">
        <meanmaxtemp description="Mean Maximum Temperature" units="°C">23.8</meanmaxtemp>
        <meanmintemp description="Mean Minimum Temperature" units="°C">12.4</meanmintemp>
        <meanmonthtemp description="Mean Temperature" units="°C">18.1</meanmonthtemp>
        <extrmaxtemp description="Extreme Maximum Temperature" units="°C">31.7</extrmaxtemp>
        <extrmintemp description="Extreme Minimum Temperature" units="°C">6.1</extrmintemp>
        <totrain description="Total Rain" units="mm">62.5</totrain>
        <totsnow description="Total Snow" units="cm">0.0</totsnow>
        <totprecip description="Total Precipitation" units="mm">62.5</totprecip>
        <grndsnowlastday description="Snow on the Ground on the Last Day" units="cm">0</grndsnowlastday>
        <dirmaxgust description="Direction of Maximum Gust" units="10's Deg">27</dirmaxgust>
        <speedmaxgust description="Speed of Maximum Gust" units="km/h">60</speedmaxgust>
    </stationdata>
    <stationdata month="7" year="1975">
        <meanmaxtemp description="Mean Maximum Temperature" units="°C">28.3</meanmaxtemp>
        <meanmintemp description="Mean Minimum Temperature" units="°C">14.9</meanmintemp>
        <meanmonthtemp description="Mean Temperature" units="°C">21.6</meanmonthtemp>
        <extrmaxtemp description="Extreme Maximum Temperature" units="°C">36.1</extrmaxtemp>
        <extrmintemp description="Extreme Minimum Temperature" units="°C">8.9</extrmintemp>
        <totrain description="Total Rain" units="mm">51.3</totrain>
        <totsnow description="Total Snow" units="cm">0.0</totsnow>
        <totprecip description="Total Precipitation" units="mm">51.3</totprecip>
        <grndsnowlastday description="Snow on the Ground on the Last Day" units="cm">0</grndsnowlastday>
        <dirmaxgust description="Direction of Maximum Gust" units="10's Deg">23</dirmaxgust>
        <speedmaxgust description="Speed of Maximum Gust" units="km/h">72</speedmaxgust>
    </stationdata>
    <stationdata month="8" year="1975">
        <meanmaxtemp description="Mean Maximum Temperature" units="°C">25.9</meanmaxtemp>
        <meanmintemp description="Mean Minimum Temperature" units="°C">13.9</meanmintemp>
        <meanmonthtemp description="Mean Temperature" units="°C">19.9</meanmonthtemp>
        <extrmaxtemp description="Extreme Maximum Temperature" units="°C">35.6</extrmaxtemp>
        <extrmintemp description="Extreme Minimum Temperature" units="°C">7.2</extrmintemp>
        <totrain description="Total Rain" units="mm">109.0</totrain>
        <totsnow description="Total Snow" units="cm">0.0</totsnow>
        <totprecip description="Total Precipitation" units="mm">109.0</totprecip>
        <grndsnowlastday description="Snow on the Ground on the Last Day" units="cm">0</grndsnowlastday>
        <dirmaxgust description="Direction of Maximum Gust" units="10's Deg">29</dirmaxgust>
        <speedmaxgust description="Speed of Maximum Gust" units="km/h">66</speedmaxgust>
    </stationdata>
    <stationdata month="9" year="1975">
        <meanmaxtemp description="Mean Maximum Temperature" units="°C">18.4</meanmaxtemp>
        <meanmintemp description="Mean Minimum Temperature" units="°C">7.8</meanmintemp>
        <meanmonthtemp description="Mean Temperature" units="°C">13.1</meanmonthtemp>
        <extrmaxtemp description="Extreme Maximum Temperature" units="°C">25.6</extrmaxtemp>
        <extrmintemp description="Extreme Minimum Temperature" units="°C">1.1</extrmintemp>
        <totrain description="Total Rain" units="mm">65.3</totrain>
        <totsnow description="Total Snow" units="cm">0.0</totsnow>
        <totprecip description="Total Precipitation" units="mm">65.3</totprecip>
        <grndsnowlastday description="Snow on the Ground on the Last Day" units="cm">0</grndsnowlastday>
        <dirmaxgust description="Direction of Maximum Gust" units="10's Deg">29</dirmaxgust>
        <speedmaxgust description="Speed of Maximum Gust" units="km/h">69</speedmaxgust>
    </stationdata>
    <stationdata month="10" year="1975">
        <meanmaxtemp description="Mean Maximum Temperature" units="°C">14.7</meanmaxtemp>
        <meanmintemp description="Mean Minimum Temperature" units="°C">4.1</meanmintemp>
        <meanmonthtemp description="Mean Temperature" units="°C">9.4</meanmonthtemp>
        <extrmaxtemp description="Extreme Maximum Temperature" units="°C">21.7</extrmaxtemp>
        <extrmintemp description="Extreme Minimum Temperature" units="°C">-7.8</extrmintemp>
        <totrain description="Total Rain" units="mm">54.9</totrain>
        <totsnow description="Total Snow" units="cm">0.0</totsnow>
        <totprecip description="Total Precipitation" units="mm">54.9</totprecip>
        <grndsnowlastday description="Snow on the Ground on the Last Day" units="cm">0</grndsnowlastday>
        <dirmaxgust description="Direction of Maximum Gust" units="10's Deg">25</dirmaxgust>
        <speedmaxgust description="Speed of Maximum Gust" flag="S" units="km/h">64</speedmaxgust>
    </stationdata>
    <stationdata month="11" year="1975">
        <meanmaxtemp description="Mean Maximum Temperature" units="°C">10.9</meanmaxtemp>
        <meanmintemp description="Mean Minimum Temperature" units="°C">1.9</meanmintemp>
        <meanmonthtemp description="Mean Temperature" units="°C">6.4</meanmonthtemp>
        <extrmaxtemp description="Extreme Maximum Temperature" flag="S" units="°C">19.4</extrmaxtemp>
        <extrmintemp description="Extreme Minimum Temperature" flag="S" units="°C">-3.9</extrmintemp>
        <totrain description="Total Rain" units="mm">52.8</totrain>
        <totsnow description="Total Snow" units="cm">2.5</totsnow>
        <totprecip description="Total Precipitation" units="mm">54.9</totprecip>
        <grndsnowlastday description="Snow on the Ground on the Last Day" units="cm">0</grndsnowlastday>
        <dirmaxgust description="Direction of Maximum Gust" units="10's Deg">25</dirmaxgust>
        <speedmaxgust description="Speed of Maximum Gust" units="km/h">89</speedmaxgust>
    </stationdata>
    <stationdata month="12" year="1975">
        <meanmaxtemp description="Mean Maximum Temperature" units="°C">-0.1</meanmaxtemp>
        <meanmintemp description="Mean Minimum Temperature" units="°C">-9.6</meanmintemp>
        <meanmonthtemp description="Mean Temperature" units="°C">-4.9</meanmonthtemp>
        <extrmaxtemp description="Extreme Maximum Temperature" units="°C">15.0</extrmaxtemp>
        <extrmintemp description="Extreme Minimum Temperature" units="°C">-24.4</extrmintemp>
        <totrain description="Total Rain" units="mm">27.4</totrain>
        <totsnow description="Total Snow" units="cm">60.7</totsnow>
        <totprecip description="Total Precipitation" units="mm">69.9</totprecip>
        <grndsnowlastday description="Snow on the Ground on the Last Day" units="cm">15</grndsnowlastday>
        <dirmaxgust description="Direction of Maximum Gust" units="10's Deg">25</dirmaxgust>
        <speedmaxgust description="Speed of Maximum Gust" units="km/h">84</speedmaxgust>
    </stationdata>
    <stationdata month="1" year="1976">
        <meanmaxtemp description="Mean Maximum Temperature" units="°C">-4.2</meanmaxtemp>
        <meanmintemp description="Mean Minimum Temperature" units="°C">-16.0</meanmintemp>
        <meanmonthtemp description="Mean Temperature" units="°C">-10.1</meanmonthtemp>
        <extrmaxtemp description="Extreme Maximum Temperature" units="°C">5.6</extrmaxtemp>
        <extrmintemp description="Extreme Minimum Temperature" units="°C">-31.1</extrmintemp>
        <totrain description="Total Rain" units="mm">11.9</totrain>
        <totsnow description="Total Snow" units="cm">47.8</totsnow>
        <totprecip description="Total Precipitation" units="mm">52.3</totprecip>
        <grndsnowlastday description="Snow on the Ground on the Last Day" units="cm">18</grndsnowlastday>
        <dirmaxgust description="Direction of Maximum Gust" units="10's Deg">27</dirmaxgust>
        <speedmaxgust description="Speed of Maximum Gust" flag="S" units="km/h">60</speedmaxgust>
    </stationdata>
    <stationdata month="2" year="1976">
        <meanmaxtemp description="Mean Maximum Temperature" units="°C">1.8</meanmaxtemp>
        <meanmintemp description="Mean Minimum Temperature" units="°C">-7.3</meanmintemp>
        <meanmonthtemp description="Mean Temperature" units="°C">-2.8</meanmonthtemp>
        <extrmaxtemp description="Extreme Maximum Temperature" units="°C">12.2</extrmaxtemp>
        <extrmintemp description="Extreme Minimum Temperature" units="°C">-24.4</extrmintemp>
        <totrain description="Total Rain" units="mm">52.8</totrain>
        <totsnow description="Total Snow" units="cm">6.6</totsnow>
        <totprecip description="Total Precipitation" units="mm">59.2</totprecip>
        <grndsnowlastday description="Snow on the Ground on the Last Day" flag="T" units="cm">0</grndsnowlastday>
        <dirmaxgust description="Direction of Maximum Gust" units="10's Deg">27</dirmaxgust>
        <speedmaxgust description="Speed of Maximum Gust" units="km/h">74</speedmaxgust>
    </stationdata>
    <stationdata month="3" year="1976">
        <meanmaxtemp description="Mean Maximum Temperature" units="°C">5.0</meanmaxtemp>
        <meanmintemp description="Mean Minimum Temperature" units="°C">-4.7</meanmintemp>
        <meanmonthtemp description="Mean Temperature" units="°C">0.2</meanmonthtemp>
        <extrmaxtemp description="Extreme Maximum Temperature" units="°C">18.3</extrmaxtemp>
        <extrmintemp description="Extreme Minimum Temperature" flag="S" units="°C">-12.2</extrmintemp>
        <totrain description="Total Rain" units="mm">64.8</totrain>
        <totsnow description="Total Snow" units="cm">27.7</totsnow>
        <totprecip description="Total Precipitation" units="mm">116.3</totprecip>
        <grndsnowlastday description="Snow on the Ground on the Last Day" units="cm">0</grndsnowlastday>
        <dirmaxgust description="Direction of Maximum Gust" units="10's Deg">25</dirmaxgust>
        <speedmaxgust description="Speed of Maximum Gust" units="km/h">101</speedmaxgust>
    </stationdata>
    <stationdata month="4" year="1976">
        <meanmaxtemp description="Mean Maximum Temperature" units="°C">13.7</meanmaxtemp>
        <meanmintemp description="Mean Minimum Temperature" units="°C">1.6</meanmintemp>
        <meanmonthtemp description="Mean Temperature" units="°C">7.7</meanmonthtemp>
        <extrmaxtemp description="Extreme Maximum Temperature" units="°C">28.3</extrmaxtemp>
        <extrmintemp description="Extreme Minimum Temperature" units="°C">-7.8</extrmintemp>
        <totrain description="Total Rain" units="mm">47.8</totrain>
        <totsnow description="Total Snow" units="cm">15.2</totsnow>
        <totprecip description="Total Precipitation" units="mm">72.1</totprecip>
        <grndsnowlastday description="Snow on the Ground on the Last Day" units="cm">0</grndsnowlastday>
        <dirmaxgust description="Direction of Maximum Gust" units="10's Deg">2</dirmaxgust>
        <speedmaxgust description="Speed of Maximum Gust" units="km/h">76</speedmaxgust>
    </stationdata>
    <stationdata month="5" year="1976">
        <meanmaxtemp description="Mean Maximum Temperature" units="°C">16.3</meanmaxtemp>
        <meanmintemp description="Mean Minimum Temperature" units="°C">4.9</meanmintemp>
        <meanmonthtemp description="Mean Temperature" units="°C">10.6</meanmonthtemp>
        <extrmaxtemp description="Extreme Maximum Temperature" units="°C">23.3</extrmaxtemp>
        <extrmintemp description="Extreme Minimum Temperature" units="°C">0.0</extrmintemp>
        <totrain description="Total Rain" units="mm">112.3</totrain>
        <totsnow description="Total Snow" units="cm">2.3</totsnow>
        <totprecip description="Total Precipitation" units="mm">114.6</totprecip>
        <grndsnowlastday description="Snow on the Ground on the Last Day" units="cm">0</grndsnowlastday>
        <dirmaxgust description="Direction of Maximum Gust" units="10's Deg">23</dirmaxgust>
        <speedmaxgust description="Speed of Maximum Gust" units="km/h">98</speedmaxgust>
    </stationdata>
    <stationdata month="6" year="1976">
        <meanmaxtemp description="Mean Maximum Temperature" units="°C">24.9</meanmaxtemp>
        <meanmintemp description="Mean Minimum Temperature" units="°C">12.3</meanmintemp>
        <meanmonthtemp description="Mean Temperature" units="°C">18.6</meanmonthtemp>
        <extrmaxtemp description="Extreme Maximum Temperature" units="°C">31.7</extrmaxtemp>
        <extrmintemp description="Extreme Minimum Temperature" units="°C">5.6</extrmintemp>
        <totrain description="Total Rain" units="mm">83.3</totrain>
        <totsnow description="Total Snow" units="cm">0.0</totsnow>
        <totprecip description="Total Precipitation" units="mm">83.3</totprecip>
        <grndsnowlastday description="Snow on the Ground on the Last Day" units="cm">0</grndsnowlastday>
        <dirmaxgust description="Direction of Maximum Gust" units="10's Deg">29</dirmaxgust>
        <speedmaxgust description="Speed of Maximum Gust" flag="S" units="km/h">60</speedmaxgust>
    </stationdata>
    <stationdata month="7" year="1976">
        <meanmaxtemp description="Mean Maximum Temperature" units="°C">24.3</meanmaxtemp>
        <meanmintemp description="Mean Minimum Temperature" units="°C">12.9</meanmintemp>
        <meanmonthtemp description="Mean Temperature" units="°C">18.6</meanmonthtemp>
        <extrmaxtemp description="Extreme Maximum Temperature" units="°C">31.1</extrmaxtemp>
        <extrmintemp description="Extreme Minimum Temperature" units="°C">7.2</extrmintemp>
        <totrain description="Total Rain" units="mm">81.8</totrain>
        <totsnow description="Total Snow" units="cm">0.0</totsnow>
        <totprecip description="Total Precipitation" units="mm">81.8</totprecip>
        <grndsnowlastday description="Snow on the Ground on the Last Day" units="cm">0</grndsnowlastday>
        <dirmaxgust description="Direction of Maximum Gust" units="10's Deg">32</dirmaxgust>
        <speedmaxgust description="Speed of Maximum Gust" units="km/h">63</speedmaxgust>
    </stationdata>
    <stationdata month="8" year="1976">
        <meanmaxtemp description="Mean Maximum Temperature" units="°C">24.9</meanmaxtemp>
        <meanmintemp description="Mean Minimum Temperature" units="°C">12.2</meanmintemp>
        <meanmonthtemp description="Mean Temperature" units="°C">18.6</meanmonthtemp>
        <extrmaxtemp description="Extreme Maximum Temperature" flag="S" units="°C">30.0</extrmaxtemp>
        <extrmintemp description="Extreme Minimum Temperature" units="°C">3.3</extrmintemp>
        <totrain description="Total Rain" units="mm">64.8</totrain>
        <totsnow description="Total Snow" units="cm">0.0</totsnow>
        <totprecip description="Total Precipitation" units="mm">64.8</totprecip>
        <grndsnowlastday description="Snow on the Ground on the Last Day" units="cm">0</grndsnowlastday>
        <dirmaxgust description="Direction of Maximum Gust" units="10's Deg">7</dirmaxgust>
        <speedmaxgust description="Speed of Maximum Gust" units="km/h">56</speedmaxgust>
    </stationdata>
    <stationdata month="9" year="1976">
        <meanmaxtemp description="Mean Maximum Temperature" units="°C">20.5</meanmaxtemp>
        <meanmintemp description="Mean Minimum Temperature" units="°C">8.3</meanmintemp>
        <meanmonthtemp description="Mean Temperature" units="°C">14.4</meanmonthtemp>
        <extrmaxtemp description="Extreme Maximum Temperature" units="°C">29.4</extrmaxtemp>
        <extrmintemp description="Extreme Minimum Temperature" units="°C">1.7</extrmintemp>
        <totrain description="Total Rain" units="mm">69.9</totrain>
        <totsnow description="Total Snow" units="cm">0.0</totsnow>
        <totprecip description="Total Precipitation" units="mm">69.9</totprecip>
        <grndsnowlastday description="Snow on the Ground on the Last Day" units="cm">0</grndsnowlastday>
        <dirmaxgust description="Direction of Maximum Gust" units="10's Deg">29</dirmaxgust>
        <speedmaxgust description="Speed of Maximum Gust" units="km/h">79</speedmaxgust>
    </stationdata>
    <stationdata month="10" year="1976">
        <meanmaxtemp description="Mean Maximum Temperature" units="°C">10.9</meanmaxtemp>
        <meanmintemp description="Mean Minimum Temperature" units="°C">1.2</meanmintemp>
        <meanmonthtemp description="Mean Temperature" units="°C">6.1</meanmonthtemp>
        <extrmaxtemp description="Extreme Maximum Temperature" flag="S" units="°C">21.1</extrmaxtemp>
        <extrmintemp description="Extreme Minimum Temperature" units="°C">-7.8</extrmintemp>
        <totrain description="Total Rain" units="mm">59.4</totrain>
        <totsnow description="Total Snow" units="cm">4.1</totsnow>
        <totprecip description="Total Precipitation" units="mm">64.5</totprecip>
        <grndsnowlastday description="Snow on the Ground on the Last Day" units="cm">0</grndsnowlastday>
        <dirmaxgust description="Direction of Maximum Gust" units="10's Deg">27</dirmaxgust>
        <speedmaxgust description="Speed of Maximum Gust" flag="S" units="km/h">63</speedmaxgust>
    </stationdata>
    <stationdata month="11" year="1976">
        <meanmaxtemp description="Mean Maximum Temperature" units="°C">4.4</meanmaxtemp>
        <meanmintemp description="Mean Minimum Temperature" units="°C">-4.1</meanmintemp>
        <meanmonthtemp description="Mean Temperature" units="°C">0.2</meanmonthtemp>
        <extrmaxtemp description="Extreme Maximum Temperature" units="°C">14.4</extrmaxtemp>
        <extrmintemp description="Extreme Minimum Temperature" units="°C">-11.1</extrmintemp>
        <totrain description="Total Rain" units="mm">7.4</totrain>
        <totsnow description="Total Snow" units="cm">5.3</totsnow>
        <totprecip description="Total Precipitation" units="mm">11.7</totprecip>
        <grndsnowlastday description="Snow on the Ground on the Last Day" flag="T" units="cm">0</grndsnowlastday>
        <dirmaxgust description="Direction of Maximum Gust" units="10's Deg">32</dirmaxgust>
        <speedmaxgust description="Speed of Maximum Gust" units="km/h">74</speedmaxgust>
    </stationdata>
    <stationdata month="12" year="1976">
        <meanmaxtemp description="Mean Maximum Temperature" units="°C">-2.8</meanmaxtemp>
        <meanmintemp description="Mean Minimum Temperature" units="°C">-12.2</meanmintemp>
        <meanmonthtemp description="Mean Temperature" units="°C">-7.5</meanmonthtemp>
        <extrmaxtemp description="Extreme Maximum Temperature" units="°C">6.1</extrmaxtemp>
        <extrmintemp description="Extreme Minimum Temperature" flag="S" units="°C">-20.6</extrmintemp>
        <totrain description="Total Rain" units="mm">12.7</totrain>
        <totsnow description="Total Snow" units="cm">38.4</totsnow>
        <totprecip description="Total Precipitation" units="mm">36.1</totprecip>
        <grndsnowlastday description="Snow on the Ground on the Last Day" units="cm">5</grndsnowlastday>
        <dirmaxgust description="Direction of Maximum Gust" units="10's Deg">25</dirmaxgust>
        <speedmaxgust description="Speed of Maximum Gust" units="km/h">84</speedmaxgust>
    </stationdata>
    <stationdata month="1" year="1977">
        <meanmaxtemp description="Mean Maximum Temperature" units="°C">-7.5</meanmaxtemp>
        <meanmintemp description="Mean Minimum Temperature" units="°C">-15.9</meanmintemp>
        <meanmonthtemp description="Mean Temperature" units="°C">-11.7</meanmonthtemp>
        <extrmaxtemp description="Extreme Maximum Temperature" units="°C">-1.3</extrmaxtemp>
        <extrmintemp description="Extreme Minimum Temperature" units="°C">-28.6</extrmintemp>
        <totrain description="Total Rain" flag="T" units="mm">0.0</totrain>
        <totsnow description="Total Snow" units="cm">49.3</totsnow>
        <totprecip description="Total Precipitation" units="mm">36.9</totprecip>
        <grndsnowlastday description="Snow on the Ground on the Last Day" units="cm">15</grndsnowlastday>
        <dirmaxgust description="Direction of Maximum Gust" units="10's Deg">23</dirmaxgust>
        <speedmaxgust description="Speed of Maximum Gust" units="km/h">83</speedmaxgust>
    </stationdata>
    <stationdata month="2" year="1977">
        <meanmaxtemp description="Mean Maximum Temperature" units="°C">-2.2</meanmaxtemp>
        <meanmintemp description="Mean Minimum Temperature" units="°C">-9.8</meanmintemp>
        <meanmonthtemp description="Mean Temperature" units="°C">-6.0</meanmonthtemp>
        <extrmaxtemp description="Extreme Maximum Temperature" units="°C">5.1</extrmaxtemp>
        <extrmintemp description="Extreme Minimum Temperature" units="°C">-23.5</extrmintemp>
        <totrain description="Total Rain" units="mm">20.4</totrain>
        <totsnow description="Total Snow" units="cm">7.2</totsnow>
        <totprecip description="Total Precipitation" units="mm">26.3</totprecip>
        <grndsnowlastday description="Snow on the Ground on the Last Day" flag="T" units="cm">0</grndsnowlastday>
        <dirmaxgust description="Direction of Maximum Gust" units="10's Deg">24</dirmaxgust>
        <speedmaxgust description="Speed of Maximum Gust" units="km/h">76</speedmaxgust>
    </stationdata>
    <stationdata month="3" year="1977">
        <meanmaxtemp description="Mean Maximum Temperature" units="°C">7.0</meanmaxtemp>
        <meanmintemp description="Mean Minimum Temperature" units="°C">-2.7</meanmintemp>
        <meanmonthtemp description="Mean Temperature" units="°C">2.2</meanmonthtemp>
        <extrmaxtemp description="Extreme Maximum Temperature" units="°C">22.8</extrmaxtemp>
        <extrmintemp description="Extreme Minimum Temperature" units="°C">-11.8</extrmintemp>
        <totrain description="Total Rain" units="mm">57.0</totrain>
        <totsnow description="Total Snow" units="cm">17.2</totsnow>
        <totprecip description="Total Precipitation" units="mm">71.9</totprecip>
        <grndsnowlastday description="Snow on the Ground on the Last Day" units="cm">0</grndsnowlastday>
        <dirmaxgust description="Direction of Maximum Gust" units="10's Deg">8</dirmaxgust>
        <speedmaxgust description="Speed of Maximum Gust" units="km/h">78</speedmaxgust>
    </stationdata>
    <stationdata month="4" year="1977">
        <meanmaxtemp description="Mean Maximum Temperature" units="°C">13.5</meanmaxtemp>
        <meanmintemp description="Mean Minimum Temperature" units="°C">1.2</meanmintemp>
        <meanmonthtemp description="Mean Temperature" units="°C">7.4</meanmonthtemp>
        <extrmaxtemp description="Extreme Maximum Temperature" units="°C">27.1</extrmaxtemp>
        <extrmintemp description="Extreme Minimum Temperature" units="°C">-9.4</extrmintemp>
        <totrain description="Total Rain" units="mm">69.6</totrain>
        <totsnow description="Total Snow" units="cm">0.7</totsnow>
        <totprecip description="Total Precipitation" units="mm">70.3</totprecip>
        <grndsnowlastday description="Snow on the Ground on the Last Day" units="cm">0</grndsnowlastday>
        <dirmaxgust description="Direction of Maximum Gust" units="10's Deg">34</dirmaxgust>
        <speedmaxgust description="Speed of Maximum Gust" units="km/h">98</speedmaxgust>
    </stationdata>
    <stationdata month="5" year="1977">
        <meanmaxtemp description="Mean Maximum Temperature" units="°C">21.9</meanmaxtemp>
        <meanmintemp description="Mean Minimum Temperature" units="°C">7.0</meanmintemp>
        <meanmonthtemp description="Mean Temperature" units="°C">14.5</meanmonthtemp>
        <extrmaxtemp description="Extreme Maximum Temperature" units="°C">32.3</extrmaxtemp>
        <extrmintemp description="Extreme Minimum Temperature" units="°C">-0.7</extrmintemp>
        <totrain description="Total Rain" units="mm">28.3</totrain>
        <totsnow description="Total Snow" flag="T" units="cm">0.0</totsnow>
        <totprecip description="Total Precipitation" units="mm">28.3</totprecip>
        <grndsnowlastday description="Snow on the Ground on the Last Day" units="cm">0</grndsnowlastday>
        <dirmaxgust description="Direction of Maximum Gust" units="10's Deg">34</dirmaxgust>
        <speedmaxgust description="Speed of Maximum Gust" units="km/h">76</speedmaxgust>
    </stationdata>
    <stationdata month="6" year="1977">
        <meanmaxtemp description="Mean Maximum Temperature" units="°C">23.0</meanmaxtemp>
        <meanmintemp description="Mean Minimum Temperature" units="°C">10.3</meanmintemp>
        <meanmonthtemp description="Mean Temperature" units="°C">16.7</meanmonthtemp>
        <extrmaxtemp description="Extreme Maximum Temperature" units="°C">28.8</extrmaxtemp>
        <extrmintemp description="Extreme Minimum Temperature" units="°C">1.4</extrmintemp>
        <totrain description="Total Rain" units="mm">104.0</totrain>
        <totsnow description="Total Snow" units="cm">0.0</totsnow>
        <totprecip description="Total Precipitation" units="mm">104.0</totprecip>
        <grndsnowlastday description="Snow on the Ground on the Last Day" units="cm">0</grndsnowlastday>
        <dirmaxgust description="Direction of Maximum Gust" units="10's Deg">27</dirmaxgust>
        <speedmaxgust description="Speed of Maximum Gust" units="km/h">65</speedmaxgust>
    </stationdata>
    <stationdata month="7" year="1977">
        <meanmaxtemp description="Mean Maximum Temperature" units="°C">26.3</meanmaxtemp>
        <meanmintemp description="Mean Minimum Temperature" units="°C">14.6</meanmintemp>
        <meanmonthtemp description="Mean Temperature" units="°C">20.5</meanmonthtemp>
        <extrmaxtemp description="Extreme Maximum Temperature" units="°C">34.3</extrmaxtemp>
        <extrmintemp description="Extreme Minimum Temperature" units="°C">7.2</extrmintemp>
        <totrain description="Total Rain" units="mm">118.5</totrain>
        <totsnow description="Total Snow" units="cm">0.0</totsnow>
        <totprecip description="Total Precipitation" units="mm">118.5</totprecip>
        <grndsnowlastday description="Snow on the Ground on the Last Day" units="cm">0</grndsnowlastday>
        <dirmaxgust description="Direction of Maximum Gust" units="10's Deg">24</dirmaxgust>
        <speedmaxgust description="Speed of Maximum Gust" units="km/h">89</speedmaxgust>
    </stationdata>
    <stationdata month="8" year="1977">
        <meanmaxtemp description="Mean Maximum Temperature" units="°C">23.7</meanmaxtemp>
        <meanmintemp description="Mean Minimum Temperature" units="°C">12.3</meanmintemp>
        <meanmonthtemp description="Mean Temperature" units="°C">18.0</meanmonthtemp>
        <extrmaxtemp description="Extreme Maximum Temperature" units="°C">31.4</extrmaxtemp>
        <extrmintemp description="Extreme Minimum Temperature" flag="S" units="°C">6.3</extrmintemp>
        <totrain description="Total Rain" units="mm">103.3</totrain>
        <totsnow description="Total Snow" units="cm">0.0</totsnow>
        <totprecip description="Total Precipitation" units="mm">103.3</totprecip>
        <grndsnowlastday description="Snow on the Ground on the Last Day" units="cm">0</grndsnowlastday>
        <dirmaxgust description="Direction of Maximum Gust" units="10's Deg">31</dirmaxgust>
        <speedmaxgust description="Speed of Maximum Gust" units="km/h">63</speedmaxgust>
    </stationdata>
    <stationdata month="9" year="1977">
        <meanmaxtemp description="Mean Maximum Temperature" units="°C">19.3</meanmaxtemp>
        <meanmintemp description="Mean Minimum Temperature" units="°C">10.9</meanmintemp>
        <meanmonthtemp description="Mean Temperature" units="°C">15.1</meanmonthtemp>
        <extrmaxtemp description="Extreme Maximum Temperature" units="°C">30.3</extrmaxtemp>
        <extrmintemp description="Extreme Minimum Temperature" units="°C">5.0</extrmintemp>
        <totrain description="Total Rain" units="mm">154.2</totrain>
        <totsnow description="Total Snow" flag="T" units="cm">0.0</totsnow>
        <totprecip description="Total Precipitation" units="mm">154.2</totprecip>
        <grndsnowlastday description="Snow on the Ground on the Last Day" units="cm">0</grndsnowlastday>
        <dirmaxgust description="Direction of Maximum Gust" units="10's Deg">8</dirmaxgust>
        <speedmaxgust description="Speed of Maximum Gust" units="km/h">57</speedmaxgust>
    </stationdata>
    <stationdata month="10" year="1977">
        <meanmaxtemp description="Mean Maximum Temperature" units="°C">13.1</meanmaxtemp>
        <meanmintemp description="Mean Minimum Temperature" units="°C">2.9</meanmintemp>
        <meanmonthtemp description="Mean Temperature" units="°C">8.0</meanmonthtemp>
        <extrmaxtemp description="Extreme Maximum Temperature" units="°C">18.6</extrmaxtemp>
        <extrmintemp description="Extreme Minimum Temperature" units="°C">-2.8</extrmintemp>
        <totrain description="Total Rain" units="mm">69.4</totrain>
        <totsnow description="Total Snow" flag="T" units="cm">0.0</totsnow>
        <totprecip description="Total Precipitation" units="mm">69.4</totprecip>
        <grndsnowlastday description="Snow on the Ground on the Last Day" units="cm">0</grndsnowlastday>
        <dirmaxgust description="Direction of Maximum Gust" units="10's Deg">33</dirmaxgust>
        <speedmaxgust description="Speed of Maximum Gust" units="km/h">65</speedmaxgust>
    </stationdata>
    <stationdata month="11" year="1977">
        <meanmaxtemp description="Mean Maximum Temperature" units="°C">7.4</meanmaxtemp>
        <meanmintemp description="Mean Minimum Temperature" units="°C">0.6</meanmintemp>
        <meanmonthtemp description="Mean Temperature" units="°C">4.0</meanmonthtemp>
        <extrmaxtemp description="Extreme Maximum Temperature" units="°C">17.7</extrmaxtemp>
        <extrmintemp description="Extreme Minimum Temperature" units="°C">-9.9</extrmintemp>
        <totrain description="Total Rain" units="mm">77.9</totrain>
        <totsnow description="Total Snow" units="cm">6.6</totsnow>
        <totprecip description="Total Precipitation" units="mm">85.9</totprecip>
        <grndsnowlastday description="Snow on the Ground on the Last Day" units="cm">6</grndsnowlastday>
        <dirmaxgust description="Direction of Maximum Gust" units="10's Deg">33</dirmaxgust>
        <speedmaxgust description="Speed of Maximum Gust" units="km/h">69</speedmaxgust>
    </stationdata>
    <stationdata month="12" year="1977">
        <meanmaxtemp description="Mean Maximum Temperature" units="°C">-0.8</meanmaxtemp>
        <meanmintemp description="Mean Minimum Temperature" units="°C">-8.1</meanmintemp>
        <meanmonthtemp description="Mean Temperature" units="°C">-4.5</meanmonthtemp>
        <extrmaxtemp description="Extreme Maximum Temperature" units="°C">12.3</extrmaxtemp>
        <extrmintemp description="Extreme Minimum Temperature" units="°C">-27.2</extrmintemp>
        <totrain description="Total Rain" units="mm">50.3</totrain>
        <totsnow description="Total Snow" units="cm">58.7</totsnow>
        <totprecip description="Total Precipitation" units="mm">102.3</totprecip>
        <grndsnowlastday description="Snow on the Ground on the Last Day" units="cm">2</grndsnowlastday>
        <dirmaxgust description="Direction of Maximum Gust" units="10's Deg">24</dirmaxgust>
        <speedmaxgust description="Speed of Maximum Gust" units="km/h">89</speedmaxgust>
    </stationdata>
    <stationdata month="1" year="1978">
        <meanmaxtemp description="Mean Maximum Temperature" units="°C">-4.8</meanmaxtemp>
        <meanmintemp description="Mean Minimum Temperature" units="°C">-12.4</meanmintemp>
        <meanmonthtemp description="Mean Temperature" units="°C">-8.6</meanmonthtemp>
        <extrmaxtemp description="Extreme Maximum Temperature" units="°C">4.0</extrmaxtemp>
        <extrmintemp description="Extreme Minimum Temperature" units="°C">-19.7</extrmintemp>
        <totrain description="Total Rain" units="mm">30.4</totrain>
        <totsnow description="Total Snow" units="cm">50.8</totsnow>
        <totprecip description="Total Precipitation" units="mm">69.2</totprecip>
        <grndsnowlastday description="Snow on the Ground on the Last Day" units="cm">20</grndsnowlastday>
        <dirmaxgust description="Direction of Maximum Gust" units="10's Deg">8</dirmaxgust>
        <speedmaxgust description="Speed of Maximum Gust" units="km/h">115</speedmaxgust>
    </stationdata>
    <stationdata month="2" year="1978">
        <meanmaxtemp description="Mean Maximum Temperature" units="°C">-5.3</meanmaxtemp>
        <meanmintemp description="Mean Minimum Temperature" units="°C">-14.5</meanmintemp>
        <meanmonthtemp description="Mean Temperature" units="°C">-9.9</meanmonthtemp>
        <extrmaxtemp description="Extreme Maximum Temperature" units="°C">-0.7</extrmaxtemp>
        <extrmintemp description="Extreme Minimum Temperature" units="°C">-22.6</extrmintemp>
        <totrain description="Total Rain" units="mm">0.0</totrain>
        <totsnow description="Total Snow" units="cm">15.5</totsnow>
        <totprecip description="Total Precipitation" units="mm">9.1</totprecip>
        <grndsnowlastday description="Snow on the Ground on the Last Day" units="cm">15</grndsnowlastday>
        <dirmaxgust description="Direction of Maximum Gust" units="10's Deg">36</dirmaxgust>
        <speedmaxgust description="Speed of Maximum Gust" units="km/h">67</speedmaxgust>
    </stationdata>
    <stationdata month="3" year="1978">
        <meanmaxtemp description="Mean Maximum Temperature" units="°C">0.4</meanmaxtemp>
        <meanmintemp description="Mean Minimum Temperature" units="°C">-8.1</meanmintemp>
        <meanmonthtemp description="Mean Temperature" units="°C">-3.9</meanmonthtemp>
        <extrmaxtemp description="Extreme Maximum Temperature" units="°C">7.4</extrmaxtemp>
        <extrmintemp description="Extreme Minimum Temperature" units="°C">-17.0</extrmintemp>
        <totrain description="Total Rain" units="mm">31.5</totrain>
        <totsnow description="Total Snow" units="cm">9.3</totsnow>
        <totprecip description="Total Precipitation" units="mm">39.8</totprecip>
        <grndsnowlastday description="Snow on the Ground on the Last Day" units="cm">0</grndsnowlastday>
        <dirmaxgust description="Direction of Maximum Gust" units="10's Deg">34</dirmaxgust>
        <speedmaxgust description="Speed of Maximum Gust" units="km/h">70</speedmaxgust>
    </stationdata>
    <stationdata month="4" year="1978">
        <meanmaxtemp description="Mean Maximum Temperature" units="°C">9.3</meanmaxtemp>
        <meanmintemp description="Mean Minimum Temperature" units="°C">-1.4</meanmintemp>
        <meanmonthtemp description="Mean Temperature" units="°C">4.0</meanmonthtemp>
        <extrmaxtemp description="Extreme Maximum Temperature" units="°C">18.1</extrmaxtemp>
        <extrmintemp description="Extreme Minimum Temperature" units="°C">-6.7</extrmintemp>
        <totrain description="Total Rain" units="mm">61.7</totrain>
        <totsnow description="Total Snow" units="cm">2.2</totsnow>
        <totprecip description="Total Precipitation" units="mm">63.9</totprecip>
        <grndsnowlastday description="Snow on the Ground on the Last Day" units="cm">0</grndsnowlastday>
        <dirmaxgust description="Direction of Maximum Gust" units="10's Deg">30</dirmaxgust>
        <speedmaxgust description="Speed of Maximum Gust" units="km/h">78</speedmaxgust>
    </stationdata>
    <stationdata month="5" year="1978">
        <meanmaxtemp description="Mean Maximum Temperature" units="°C">19.1</meanmaxtemp>
        <meanmintemp description="Mean Minimum Temperature" units="°C">7.3</meanmintemp>
        <meanmonthtemp description="Mean Temperature" units="°C">13.2</meanmonthtemp>
        <extrmaxtemp description="Extreme Maximum Temperature" units="°C">30.2</extrmaxtemp>
        <extrmintemp description="Extreme Minimum Temperature" units="°C">-2.8</extrmintemp>
        <totrain description="Total Rain" units="mm">68.2</totrain>
        <totsnow description="Total Snow" flag="T" units="cm">0.0</totsnow>
        <totprecip description="Total Precipitation" units="mm">68.2</totprecip>
        <grndsnowlastday description="Snow on the Ground on the Last Day" units="cm">0</grndsnowlastday>
        <dirmaxgust description="Direction of Maximum Gust" flag="S" units="10's Deg">25</dirmaxgust>
        <speedmaxgust description="Speed of Maximum Gust" flag="S" units="km/h">78</speedmaxgust>
    </stationdata>
    <stationdata month="6" year="1978">
        <meanmaxtemp description="Mean Maximum Temperature" units="°C">23.8</meanmaxtemp>
        <meanmintemp description="Mean Minimum Temperature" units="°C">9.6</meanmintemp>
        <meanmonthtemp description="Mean Temperature" units="°C">16.7</meanmonthtemp>
        <extrmaxtemp description="Extreme Maximum Temperature" units="°C">33.1</extrmaxtemp>
        <extrmintemp description="Extreme Minimum Temperature" units="°C">2.9</extrmintemp>
        <totrain description="Total Rain" units="mm">25.2</totrain>
        <totsnow description="Total Snow" units="cm">0.0</totsnow>
        <totprecip description="Total Precipitation" units="mm">25.2</totprecip>
        <grndsnowlastday description="Snow on the Ground on the Last Day" units="cm">0</grndsnowlastday>
        <dirmaxgust description="Direction of Maximum Gust" units="10's Deg">27</dirmaxgust>
        <speedmaxgust description="Speed of Maximum Gust" flag="S" units="km/h">59</speedmaxgust>
    </stationdata>
    <stationdata month="7" year="1978">
        <meanmaxtemp description="Mean Maximum Temperature" units="°C">27.3</meanmaxtemp>
        <meanmintemp description="Mean Minimum Temperature" units="°C">13.5</meanmintemp>
        <meanmonthtemp description="Mean Temperature" units="°C">20.4</meanmonthtemp>
        <extrmaxtemp description="Extreme Maximum Temperature" units="°C">35.8</extrmaxtemp>
        <extrmintemp description="Extreme Minimum Temperature" units="°C">7.4</extrmintemp>
        <totrain description="Total Rain" units="mm">42.5</totrain>
        <totsnow description="Total Snow" units="cm">0.0</totsnow>
        <totprecip description="Total Precipitation" units="mm">42.5</totprecip>
        <grndsnowlastday description="Snow on the Ground on the Last Day" units="cm">0</grndsnowlastday>
        <dirmaxgust description="Direction of Maximum Gust" units="10's Deg">30</dirmaxgust>
        <speedmaxgust description="Speed of Maximum Gust" units="km/h">61</speedmaxgust>
    </stationdata>
    <stationdata month="8" year="1978">
        <meanmaxtemp description="Mean Maximum Temperature" units="°C">26.3</meanmaxtemp>
        <meanmintemp description="Mean Minimum Temperature" units="°C">13.0</meanmintemp>
        <meanmonthtemp description="Mean Temperature" units="°C">19.7</meanmonthtemp>
        <extrmaxtemp description="Extreme Maximum Temperature" units="°C">32.1</extrmaxtemp>
        <extrmintemp description="Extreme Minimum Temperature" units="°C">7.6</extrmintemp>
        <totrain description="Total Rain" units="mm">63.6</totrain>
        <totsnow description="Total Snow" units="cm">0.0</totsnow>
        <totprecip description="Total Precipitation" units="mm">63.6</totprecip>
        <grndsnowlastday description="Snow on the Ground on the Last Day" units="cm">0</grndsnowlastday>
        <dirmaxgust description="Direction of Maximum Gust" units="10's Deg">24</dirmaxgust>
        <speedmaxgust description="Speed of Maximum Gust" units="km/h">69</speedmaxgust>
    </stationdata>
    <stationdata month="9" year="1978">
        <meanmaxtemp description="Mean Maximum Temperature" units="°C">20.3</meanmaxtemp>
        <meanmintemp description="Mean Minimum Temperature" units="°C">8.9</meanmintemp>
        <meanmonthtemp description="Mean Temperature" units="°C">14.6</meanmonthtemp>
        <extrmaxtemp description="Extreme Maximum Temperature" units="°C">31.9</extrmaxtemp>
        <extrmintemp description="Extreme Minimum Temperature" units="°C">0.3</extrmintemp>
        <totrain description="Total Rain" units="mm">134.3</totrain>
        <totsnow description="Total Snow" units="cm">0.0</totsnow>
        <totprecip description="Total Precipitation" units="mm">134.3</totprecip>
        <grndsnowlastday description="Snow on the Ground on the Last Day" units="cm">0</grndsnowlastday>
        <dirmaxgust description="Direction of Maximum Gust" units="10's Deg">27</dirmaxgust>
        <speedmaxgust description="Speed of Maximum Gust" units="km/h">56</speedmaxgust>
    </stationdata>
    <stationdata month="10" year="1978">
        <meanmaxtemp description="Mean Maximum Temperature" units="°C">13.5</meanmaxtemp>
        <meanmintemp description="Mean Minimum Temperature" units="°C">2.8</meanmintemp>
        <meanmonthtemp description="Mean Temperature" units="°C">8.2</meanmonthtemp>
        <extrmaxtemp description="Extreme Maximum Temperature" units="°C">22.6</extrmaxtemp>
        <extrmintemp description="Extreme Minimum Temperature" units="°C">-5.1</extrmintemp>
        <totrain description="Total Rain" units="mm">56.2</totrain>
        <totsnow description="Total Snow" units="cm">0.0</totsnow>
        <totprecip description="Total Precipitation" units="mm">56.2</totprecip>
        <grndsnowlastday description="Snow on the Ground on the Last Day" units="cm">0</grndsnowlastday>
        <dirmaxgust description="Direction of Maximum Gust" units="10's Deg">22</dirmaxgust>
        <speedmaxgust description="Speed of Maximum Gust" units="km/h">65</speedmaxgust>
    </stationdata>
    <stationdata month="11" year="1978">
        <meanmaxtemp description="Mean Maximum Temperature" units="°C">7.7</meanmaxtemp>
        <meanmintemp description="Mean Minimum Temperature" units="°C">-1.8</meanmintemp>
        <meanmonthtemp description="Mean Temperature" units="°C">3.0</meanmonthtemp>
        <extrmaxtemp description="Extreme Maximum Temperature" units="°C">19.7</extrmaxtemp>
        <extrmintemp description="Extreme Minimum Temperature" units="°C">-11.2</extrmintemp>
        <totrain description="Total Rain" units="mm">44.4</totrain>
        <totsnow description="Total Snow" units="cm">11.6</totsnow>
        <totprecip description="Total Precipitation" units="mm">52.9</totprecip>
        <grndsnowlastday description="Snow on the Ground on the Last Day" units="cm">4</grndsnowlastday>
        <dirmaxgust description="Direction of Maximum Gust" units="10's Deg">24</dirmaxgust>
        <speedmaxgust description="Speed of Maximum Gust" units="km/h">80</speedmaxgust>
    </stationdata>
    <stationdata month="12" year="1978">
        <meanmaxtemp description="Mean Maximum Temperature" units="°C">1.0</meanmaxtemp>
        <meanmintemp description="Mean Minimum Temperature" units="°C">-6.5</meanmintemp>
        <meanmonthtemp description="Mean Temperature" units="°C">-2.8</meanmonthtemp>
        <extrmaxtemp description="Extreme Maximum Temperature" units="°C">8.3</extrmaxtemp>
        <extrmintemp description="Extreme Minimum Temperature" units="°C">-16.6</extrmintemp>
        <totrain description="Total Rain" units="mm">40.3</totrain>
        <totsnow description="Total Snow" units="cm">21.6</totsnow>
        <totprecip description="Total Precipitation" units="mm">61.1</totprecip>
        <grndsnowlastday description="Snow on the Ground on the Last Day" units="cm">1</grndsnowlastday>
        <dirmaxgust description="Direction of Maximum Gust" flag="S" units="10's Deg">27</dirmaxgust>
        <speedmaxgust description="Speed of Maximum Gust" flag="S" units="km/h">70</speedmaxgust>
    </stationdata>
    <stationdata month="1" year="1979">
        <meanmaxtemp description="Mean Maximum Temperature" units="°C">-4.1</meanmaxtemp>
        <meanmintemp description="Mean Minimum Temperature" units="°C">-11.3</meanmintemp>
        <meanmonthtemp description="Mean Temperature" units="°C">-7.7</meanmonthtemp>
        <extrmaxtemp description="Extreme Maximum Temperature" units="°C">9.1</extrmaxtemp>
        <extrmintemp description="Extreme Minimum Temperature" units="°C">-23.2</extrmintemp>
        <totrain description="Total Rain" units="mm">32.4</totrain>
        <totsnow description="Total Snow" units="cm">41.1</totsnow>
        <totprecip description="Total Precipitation" units="mm">69.6</totprecip>
        <grndsnowlastday description="Snow on the Ground on the Last Day" units="cm">7</grndsnowlastday>
        <dirmaxgust description="Direction of Maximum Gust" units="10's Deg">24</dirmaxgust>
        <speedmaxgust description="Speed of Maximum Gust" units="km/h">72</speedmaxgust>
    </stationdata>
    <stationdata month="2" year="1979">
        <meanmaxtemp description="Mean Maximum Temperature" units="°C">-6.5</meanmaxtemp>
        <meanmintemp description="Mean Minimum Temperature" units="°C">-15.1</meanmintemp>
        <meanmonthtemp description="Mean Temperature" units="°C">-10.8</meanmonthtemp>
        <extrmaxtemp description="Extreme Maximum Temperature" units="°C">6.8</extrmaxtemp>
        <extrmintemp description="Extreme Minimum Temperature" units="°C">-27.7</extrmintemp>
        <totrain description="Total Rain" units="mm">12.0</totrain>
        <totsnow description="Total Snow" units="cm">27.6</totsnow>
        <totprecip description="Total Precipitation" units="mm">33.5</totprecip>
        <grndsnowlastday description="Snow on the Ground on the Last Day" units="cm">3</grndsnowlastday>
        <dirmaxgust description="Direction of Maximum Gust" units="10's Deg">26</dirmaxgust>
        <speedmaxgust description="Speed of Maximum Gust" units="km/h">70</speedmaxgust>
    </stationdata>
    <stationdata month="3" year="1979">
        <meanmaxtemp description="Mean Maximum Temperature" units="°C">6.5</meanmaxtemp>
        <meanmintemp description="Mean Minimum Temperature" units="°C">-3.3</meanmintemp>
        <meanmonthtemp description="Mean Temperature" units="°C">1.6</meanmonthtemp>
        <extrmaxtemp description="Extreme Maximum Temperature" units="°C">17.9</extrmaxtemp>
        <extrmintemp description="Extreme Minimum Temperature" units="°C">-15.3</extrmintemp>
        <totrain description="Total Rain" units="mm">45.6</totrain>
        <totsnow description="Total Snow" units="cm">3.0</totsnow>
        <totprecip description="Total Precipitation" units="mm">48.1</totprecip>
        <grndsnowlastday description="Snow on the Ground on the Last Day" units="cm">0</grndsnowlastday>
        <dirmaxgust description="Direction of Maximum Gust" units="10's Deg">28</dirmaxgust>
        <speedmaxgust description="Speed of Maximum Gust" units="km/h">72</speedmaxgust>
    </stationdata>
    <stationdata month="4" year="1979">
        <meanmaxtemp description="Mean Maximum Temperature" units="°C">10.2</meanmaxtemp>
        <meanmintemp description="Mean Minimum Temperature" units="°C">0.4</meanmintemp>
        <meanmonthtemp description="Mean Temperature" units="°C">5.3</meanmonthtemp>
        <extrmaxtemp description="Extreme Maximum Temperature" units="°C">21.7</extrmaxtemp>
        <extrmintemp description="Extreme Minimum Temperature" units="°C">-7.8</extrmintemp>
        <totrain description="Total Rain" units="mm">62.2</totrain>
        <totsnow description="Total Snow" units="cm">25.8</totsnow>
        <totprecip description="Total Precipitation" units="mm">88.6</totprecip>
        <grndsnowlastday description="Snow on the Ground on the Last Day" units="cm">0</grndsnowlastday>
        <dirmaxgust description="Direction of Maximum Gust" units="10's Deg">28</dirmaxgust>
        <speedmaxgust description="Speed of Maximum Gust" units="km/h">111</speedmaxgust>
    </stationdata>
    <stationdata month="5" year="1979">
        <meanmaxtemp description="Mean Maximum Temperature" units="°C">17.2</meanmaxtemp>
        <meanmintemp description="Mean Minimum Temperature" units="°C">5.6</meanmintemp>
        <meanmonthtemp description="Mean Temperature" units="°C">11.4</meanmonthtemp>
        <extrmaxtemp description="Extreme Maximum Temperature" units="°C">30.1</extrmaxtemp>
        <extrmintemp description="Extreme Minimum Temperature" units="°C">-1.7</extrmintemp>
        <totrain description="Total Rain" units="mm">99.2</totrain>
        <totsnow description="Total Snow" flag="T" units="cm">0.0</totsnow>
        <totprecip description="Total Precipitation" units="mm">99.2</totprecip>
        <grndsnowlastday description="Snow on the Ground on the Last Day" units="cm">0</grndsnowlastday>
        <dirmaxgust description="Direction of Maximum Gust" units="10's Deg">28</dirmaxgust>
        <speedmaxgust description="Speed of Maximum Gust" units="km/h">61</speedmaxgust>
    </stationdata>
    <stationdata month="6" year="1979">
        <meanmaxtemp description="Mean Maximum Temperature" units="°C">23.6</meanmaxtemp>
        <meanmintemp description="Mean Minimum Temperature" units="°C">10.8</meanmintemp>
        <meanmonthtemp description="Mean Temperature" units="°C">17.2</meanmonthtemp>
        <extrmaxtemp description="Extreme Maximum Temperature" flag="S" units="°C">29.9</extrmaxtemp>
        <extrmintemp description="Extreme Minimum Temperature" units="°C">4.7</extrmintemp>
        <totrain description="Total Rain" units="mm">71.8</totrain>
        <totsnow description="Total Snow" units="cm">0.0</totsnow>
        <totprecip description="Total Precipitation" units="mm">71.8</totprecip>
        <grndsnowlastday description="Snow on the Ground on the Last Day" units="cm">0</grndsnowlastday>
        <dirmaxgust description="Direction of Maximum Gust" units="10's Deg">24</dirmaxgust>
        <speedmaxgust description="Speed of Maximum Gust" units="km/h">65</speedmaxgust>
    </stationdata>
    <stationdata month="7" year="1979">
        <meanmaxtemp description="Mean Maximum Temperature" units="°C">26.9</meanmaxtemp>
        <meanmintemp description="Mean Minimum Temperature" units="°C">14.0</meanmintemp>
        <meanmonthtemp description="Mean Temperature" units="°C">20.5</meanmonthtemp>
        <extrmaxtemp description="Extreme Maximum Temperature" units="°C">30.9</extrmaxtemp>
        <extrmintemp description="Extreme Minimum Temperature" units="°C">7.4</extrmintemp>
        <totrain description="Total Rain" units="mm">68.0</totrain>
        <totsnow description="Total Snow" units="cm">0.0</totsnow>
        <totprecip description="Total Precipitation" units="mm">68.0</totprecip>
        <grndsnowlastday description="Snow on the Ground on the Last Day" units="cm">0</grndsnowlastday>
        <dirmaxgust description="Direction of Maximum Gust" units="10's Deg">35</dirmaxgust>
        <speedmaxgust description="Speed of Maximum Gust" units="km/h">56</speedmaxgust>
    </stationdata>
    <stationdata month="8" year="1979">
        <meanmaxtemp description="Mean Maximum Temperature" units="°C">24.3</meanmaxtemp>
        <meanmintemp description="Mean Minimum Temperature" units="°C">12.8</meanmintemp>
        <meanmonthtemp description="Mean Temperature" units="°C">18.6</meanmonthtemp>
        <extrmaxtemp description="Extreme Maximum Temperature" units="°C">30.8</extrmaxtemp>
        <extrmintemp description="Extreme Minimum Temperature" units="°C">4.7</extrmintemp>
        <totrain description="Total Rain" units="mm">74.2</totrain>
        <totsnow description="Total Snow" units="cm">0.0</totsnow>
        <totprecip description="Total Precipitation" units="mm">74.2</totprecip>
        <grndsnowlastday description="Snow on the Ground on the Last Day" units="cm">0</grndsnowlastday>
        <dirmaxgust description="Direction of Maximum Gust" units="10's Deg">27</dirmaxgust>
        <speedmaxgust description="Speed of Maximum Gust" units="km/h">67</speedmaxgust>
    </stationdata>
    <stationdata month="9" year="1979">
        <meanmaxtemp description="Mean Maximum Temperature" units="°C">21.6</meanmaxtemp>
        <meanmintemp description="Mean Minimum Temperature" units="°C">8.2</meanmintemp>
        <meanmonthtemp description="Mean Temperature" units="°C">14.9</meanmonthtemp>
        <extrmaxtemp description="Extreme Maximum Temperature" units="°C">29.6</extrmaxtemp>
        <extrmintemp description="Extreme Minimum Temperature" units="°C">-0.6</extrmintemp>
        <totrain description="Total Rain" units="mm">44.5</totrain>
        <totsnow description="Total Snow" units="cm">0.0</totsnow>
        <totprecip description="Total Precipitation" units="mm">44.5</totprecip>
        <grndsnowlastday description="Snow on the Ground on the Last Day" units="cm">0</grndsnowlastday>
        <dirmaxgust description="Direction of Maximum Gust" units="10's Deg">21</dirmaxgust>
        <speedmaxgust description="Speed of Maximum Gust" units="km/h">61</speedmaxgust>
    </stationdata>
    <stationdata month="10" year="1979">
        <meanmaxtemp description="Mean Maximum Temperature" units="°C">12.6</meanmaxtemp>
        <meanmintemp description="Mean Minimum Temperature" units="°C">4.4</meanmintemp>
        <meanmonthtemp description="Mean Temperature" units="°C">8.5</meanmonthtemp>
        <extrmaxtemp description="Extreme Maximum Temperature" units="°C">25.0</extrmaxtemp>
        <extrmintemp description="Extreme Minimum Temperature" units="°C">-4.0</extrmintemp>
        <totrain description="Total Rain" units="mm">84.2</totrain>
        <totsnow description="Total Snow" flag="T" units="cm">0.0</totsnow>
        <totprecip description="Total Precipitation" units="mm">84.2</totprecip>
        <grndsnowlastday description="Snow on the Ground on the Last Day" units="cm">0</grndsnowlastday>
        <dirmaxgust description="Direction of Maximum Gust" units="10's Deg">23</dirmaxgust>
        <speedmaxgust description="Speed of Maximum Gust" units="km/h">65</speedmaxgust>
    </stationdata>
    <stationdata month="11" year="1979">
        <meanmaxtemp description="Mean Maximum Temperature" units="°C">7.8</meanmaxtemp>
        <meanmintemp description="Mean Minimum Temperature" units="°C">-0.4</meanmintemp>
        <meanmonthtemp description="Mean Temperature" units="°C">3.7</meanmonthtemp>
        <extrmaxtemp description="Extreme Maximum Temperature" units="°C">17.5</extrmaxtemp>
        <extrmintemp description="Extreme Minimum Temperature" units="°C">-8.9</extrmintemp>
        <totrain description="Total Rain" units="mm">94.7</totrain>
        <totsnow description="Total Snow" units="cm">1.0</totsnow>
        <totprecip description="Total Precipitation" units="mm">96.5</totprecip>
        <grndsnowlastday description="Snow on the Ground on the Last Day" flag="T" units="cm">0</grndsnowlastday>
        <dirmaxgust description="Direction of Maximum Gust" units="10's Deg">25</dirmaxgust>
        <speedmaxgust description="Speed of Maximum Gust" units="km/h">96</speedmaxgust>
    </stationdata>
    <stationdata month="12" year="1979">
        <meanmaxtemp description="Mean Maximum Temperature" units="°C">2.7</meanmaxtemp>
        <meanmintemp description="Mean Minimum Temperature" units="°C">-4.9</meanmintemp>
        <meanmonthtemp description="Mean Temperature" units="°C">-1.1</meanmonthtemp>
        <extrmaxtemp description="Extreme Maximum Temperature" units="°C">13.3</extrmaxtemp>
        <extrmintemp description="Extreme Minimum Temperature" units="°C">-17.5</extrmintemp>
        <totrain description="Total Rain" units="mm">84.4</totrain>
        <totsnow description="Total Snow" units="cm">24.3</totsnow>
        <totprecip description="Total Precipitation" units="mm">101.0</totprecip>
        <grndsnowlastday description="Snow on the Ground on the Last Day" units="cm">0</grndsnowlastday>
        <dirmaxgust description="Direction of Maximum Gust" units="10's Deg">22</dirmaxgust>
        <speedmaxgust description="Speed of Maximum Gust" units="km/h">93</speedmaxgust>
    </stationdata>
    <stationdata month="1" year="1980">
        <meanmaxtemp description="Mean Maximum Temperature" units="°C">-1.3</meanmaxtemp>
        <meanmintemp description="Mean Minimum Temperature" units="°C">-8.8</meanmintemp>
        <meanmonthtemp description="Mean Temperature" units="°C">-5.1</meanmonthtemp>
        <extrmaxtemp description="Extreme Maximum Temperature" units="°C">10.4</extrmaxtemp>
        <extrmintemp description="Extreme Minimum Temperature" units="°C">-17.8</extrmintemp>
        <totrain description="Total Rain" units="mm">30.6</totrain>
        <totsnow description="Total Snow" units="cm">10.9</totsnow>
        <totprecip description="Total Precipitation" units="mm">37.8</totprecip>
        <grndsnowlastday description="Snow on the Ground on the Last Day" flag="T" units="cm">0</grndsnowlastday>
        <dirmaxgust description="Direction of Maximum Gust" flag="S" units="10's Deg">26</dirmaxgust>
        <speedmaxgust description="Speed of Maximum Gust" flag="S" units="km/h">89</speedmaxgust>
    </stationdata>
    <stationdata month="2" year="1980">
        <meanmaxtemp description="Mean Maximum Temperature" units="°C">-3.3</meanmaxtemp>
        <meanmintemp description="Mean Minimum Temperature" units="°C">-12.3</meanmintemp>
        <meanmonthtemp description="Mean Temperature" units="°C">-7.8</meanmonthtemp>
        <extrmaxtemp description="Extreme Maximum Temperature" units="°C">3.1</extrmaxtemp>
        <extrmintemp description="Extreme Minimum Temperature" units="°C">-23.9</extrmintemp>
        <totrain description="Total Rain" units="mm">6.0</totrain>
        <totsnow description="Total Snow" units="cm">13.8</totsnow>
        <totprecip description="Total Precipitation" units="mm">16.1</totprecip>
        <grndsnowlastday description="Snow on the Ground on the Last Day" flag="T" units="cm">0</grndsnowlastday>
        <dirmaxgust description="Direction of Maximum Gust" units="10's Deg">30</dirmaxgust>
        <speedmaxgust description="Speed of Maximum Gust" units="km/h">69</speedmaxgust>
    </stationdata>
    <stationdata month="3" year="1980">
        <meanmaxtemp description="Mean Maximum Temperature" units="°C">2.2</meanmaxtemp>
        <meanmintemp description="Mean Minimum Temperature" units="°C">-6.1</meanmintemp>
        <meanmonthtemp description="Mean Temperature" units="°C">-2.0</meanmonthtemp>
        <extrmaxtemp description="Extreme Maximum Temperature" units="°C">13.7</extrmaxtemp>
        <extrmintemp description="Extreme Minimum Temperature" units="°C">-23.0</extrmintemp>
        <totrain description="Total Rain" units="mm">54.1</totrain>
        <totsnow description="Total Snow" units="cm">29.4</totsnow>
        <totprecip description="Total Precipitation" units="mm">82.8</totprecip>
        <grndsnowlastday description="Snow on the Ground on the Last Day" units="cm">0</grndsnowlastday>
        <dirmaxgust description="Direction of Maximum Gust" units="10's Deg">32</dirmaxgust>
        <speedmaxgust description="Speed of Maximum Gust" units="km/h">89</speedmaxgust>
    </stationdata>
    <stationdata month="4" year="1980">
        <meanmaxtemp description="Mean Maximum Temperature" units="°C">11.2</meanmaxtemp>
        <meanmintemp description="Mean Minimum Temperature" units="°C">1.1</meanmintemp>
        <meanmonthtemp description="Mean Temperature" units="°C">6.2</meanmonthtemp>
        <extrmaxtemp description="Extreme Maximum Temperature" units="°C">18.4</extrmaxtemp>
        <extrmintemp description="Extreme Minimum Temperature" units="°C">-5.6</extrmintemp>
        <totrain description="Total Rain" units="mm">111.6</totrain>
        <totsnow description="Total Snow" units="cm">0.3</totsnow>
        <totprecip description="Total Precipitation" units="mm">111.9</totprecip>
        <grndsnowlastday description="Snow on the Ground on the Last Day" units="cm">0</grndsnowlastday>
        <dirmaxgust description="Direction of Maximum Gust" units="10's Deg">9</dirmaxgust>
        <speedmaxgust description="Speed of Maximum Gust" units="km/h">78</speedmaxgust>
    </stationdata>
    <stationdata month="5" year="1980">
        <meanmaxtemp description="Mean Maximum Temperature" units="°C">20.3</meanmaxtemp>
        <meanmintemp description="Mean Minimum Temperature" units="°C">7.3</meanmintemp>
        <meanmonthtemp description="Mean Temperature" units="°C">13.8</meanmonthtemp>
        <extrmaxtemp description="Extreme Maximum Temperature" units="°C">29.8</extrmaxtemp>
        <extrmintemp description="Extreme Minimum Temperature" units="°C">0.5</extrmintemp>
        <totrain description="Total Rain" units="mm">48.7</totrain>
        <totsnow description="Total Snow" units="cm">0.0</totsnow>
        <totprecip description="Total Precipitation" units="mm">48.7</totprecip>
        <grndsnowlastday description="Snow on the Ground on the Last Day" units="cm">0</grndsnowlastday>
        <dirmaxgust description="Direction of Maximum Gust" units="10's Deg">25</dirmaxgust>
        <speedmaxgust description="Speed of Maximum Gust" units="km/h">76</speedmaxgust>
    </stationdata>
    <stationdata month="6" year="1980">
        <meanmaxtemp description="Mean Maximum Temperature" units="°C">21.0</meanmaxtemp>
        <meanmintemp description="Mean Minimum Temperature" units="°C">9.3</meanmintemp>
        <meanmonthtemp description="Mean Temperature" units="°C">15.2</meanmonthtemp>
        <extrmaxtemp description="Extreme Maximum Temperature" units="°C">31.5</extrmaxtemp>
        <extrmintemp description="Extreme Minimum Temperature" units="°C">2.0</extrmintemp>
        <totrain description="Total Rain" units="mm">89.2</totrain>
        <totsnow description="Total Snow" units="cm">0.0</totsnow>
        <totprecip description="Total Precipitation" units="mm">89.2</totprecip>
        <grndsnowlastday description="Snow on the Ground on the Last Day" units="cm">0</grndsnowlastday>
        <dirmaxgust description="Direction of Maximum Gust" units="10's Deg">32</dirmaxgust>
        <speedmaxgust description="Speed of Maximum Gust" units="km/h">102</speedmaxgust>
    </stationdata>
    <stationdata month="7" year="1980">
        <meanmaxtemp description="Mean Maximum Temperature" units="°C">26.3</meanmaxtemp>
        <meanmintemp description="Mean Minimum Temperature" units="°C">14.5</meanmintemp>
        <meanmonthtemp description="Mean Temperature" units="°C">20.4</meanmonthtemp>
        <extrmaxtemp description="Extreme Maximum Temperature" units="°C">31.2</extrmaxtemp>
        <extrmintemp description="Extreme Minimum Temperature" units="°C">8.9</extrmintemp>
        <totrain description="Total Rain" units="mm">182.3</totrain>
        <totsnow description="Total Snow" units="cm">0.0</totsnow>
        <totprecip description="Total Precipitation" units="mm">182.3</totprecip>
        <grndsnowlastday description="Snow on the Ground on the Last Day" units="cm">0</grndsnowlastday>
        <dirmaxgust description="Direction of Maximum Gust" units="10's Deg">31</dirmaxgust>
        <speedmaxgust description="Speed of Maximum Gust" units="km/h">61</speedmaxgust>
    </stationdata>
    <stationdata month="8" year="1980">
        <meanmaxtemp description="Mean Maximum Temperature" units="°C">26.7</meanmaxtemp>
        <meanmintemp description="Mean Minimum Temperature" units="°C">15.8</meanmintemp>
        <meanmonthtemp description="Mean Temperature" units="°C">21.3</meanmonthtemp>
        <extrmaxtemp description="Extreme Maximum Temperature" units="°C">31.9</extrmaxtemp>
        <extrmintemp description="Extreme Minimum Temperature" units="°C">10.8</extrmintemp>
        <totrain description="Total Rain" units="mm">37.3</totrain>
        <totsnow description="Total Snow" units="cm">0.0</totsnow>
        <totprecip description="Total Precipitation" units="mm">37.3</totprecip>
        <grndsnowlastday description="Snow on the Ground on the Last Day" units="cm">0</grndsnowlastday>
        <dirmaxgust description="Direction of Maximum Gust" units="10's Deg">25</dirmaxgust>
        <speedmaxgust description="Speed of Maximum Gust" units="km/h">63</speedmaxgust>
    </stationdata>
    <stationdata month="9" year="1980">
        <meanmaxtemp description="Mean Maximum Temperature" units="°C">21.0</meanmaxtemp>
        <meanmintemp description="Mean Minimum Temperature" units="°C">9.0</meanmintemp>
        <meanmonthtemp description="Mean Temperature" units="°C">15.0</meanmonthtemp>
        <extrmaxtemp description="Extreme Maximum Temperature" units="°C">27.7</extrmaxtemp>
        <extrmintemp description="Extreme Minimum Temperature" units="°C">-0.1</extrmintemp>
        <totrain description="Total Rain" units="mm">53.1</totrain>
        <totsnow description="Total Snow" units="cm">0.0</totsnow>
        <totprecip description="Total Precipitation" units="mm">53.1</totprecip>
        <grndsnowlastday description="Snow on the Ground on the Last Day" units="cm">0</grndsnowlastday>
        <dirmaxgust description="Direction of Maximum Gust" units="10's Deg">32</dirmaxgust>
        <speedmaxgust description="Speed of Maximum Gust" units="km/h">85</speedmaxgust>
    </stationdata>
    <stationdata month="10" year="1980">
        <meanmaxtemp description="Mean Maximum Temperature" units="°C">11.0</meanmaxtemp>
        <meanmintemp description="Mean Minimum Temperature" units="°C">3.0</meanmintemp>
        <meanmonthtemp description="Mean Temperature" units="°C">7.0</meanmonthtemp>
        <extrmaxtemp description="Extreme Maximum Temperature" units="°C">24.4</extrmaxtemp>
        <extrmintemp description="Extreme Minimum Temperature" units="°C">-4.2</extrmintemp>
        <totrain description="Total Rain" units="mm">88.7</totrain>
        <totsnow description="Total Snow" flag="T" units="cm">0.0</totsnow>
        <totprecip description="Total Precipitation" units="mm">88.7</totprecip>
        <grndsnowlastday description="Snow on the Ground on the Last Day" units="cm">0</grndsnowlastday>
        <dirmaxgust description="Direction of Maximum Gust" units="10's Deg">29</dirmaxgust>
        <speedmaxgust description="Speed of Maximum Gust" units="km/h">96</speedmaxgust>
    </stationdata>
    <stationdata month="11" year="1980">
        <meanmaxtemp description="Mean Maximum Temperature" units="°C">5.6</meanmaxtemp>
        <meanmintemp description="Mean Minimum Temperature" units="°C">-1.5</meanmintemp>
        <meanmonthtemp description="Mean Temperature" units="°C">2.1</meanmonthtemp>
        <extrmaxtemp description="Extreme Maximum Temperature" units="°C">14.9</extrmaxtemp>
        <extrmintemp description="Extreme Minimum Temperature" units="°C">-7.6</extrmintemp>
        <totrain description="Total Rain" units="mm">26.5</totrain>
        <totsnow description="Total Snow" units="cm">10.6</totsnow>
        <totprecip description="Total Precipitation" units="mm">35.3</totprecip>
        <grndsnowlastday description="Snow on the Ground on the Last Day" flag="T" units="cm">0</grndsnowlastday>
        <dirmaxgust description="Direction of Maximum Gust" units="10's Deg">25</dirmaxgust>
        <speedmaxgust description="Speed of Maximum Gust" units="km/h">74</speedmaxgust>
    </stationdata>
    <stationdata month="12" year="1980">
        <meanmaxtemp description="Mean Maximum Temperature" units="°C">-1.6</meanmaxtemp>
        <meanmintemp description="Mean Minimum Temperature" units="°C">-11.5</meanmintemp>
        <meanmonthtemp description="Mean Temperature" units="°C">-6.6</meanmonthtemp>
        <extrmaxtemp description="Extreme Maximum Temperature" units="°C">11.9</extrmaxtemp>
        <extrmintemp description="Extreme Minimum Temperature" units="°C">-27.6</extrmintemp>
        <totrain description="Total Rain" units="mm">37.6</totrain>
        <totsnow description="Total Snow" units="cm">29.2</totsnow>
        <totprecip description="Total Precipitation" units="mm">64.7</totprecip>
        <grndsnowlastday description="Snow on the Ground on the Last Day" units="cm">6</grndsnowlastday>
        <dirmaxgust description="Direction of Maximum Gust" units="10's Deg">34</dirmaxgust>
        <speedmaxgust description="Speed of Maximum Gust" units="km/h">91</speedmaxgust>
    </stationdata>
    <stationdata month="1" year="1981">
        <meanmaxtemp description="Mean Maximum Temperature" units="°C">-5.6</meanmaxtemp>
        <meanmintemp description="Mean Minimum Temperature" units="°C">-14.8</meanmintemp>
        <meanmonthtemp description="Mean Temperature" units="°C">-10.2</meanmonthtemp>
        <extrmaxtemp description="Extreme Maximum Temperature" units="°C">6.3</extrmaxtemp>
        <extrmintemp description="Extreme Minimum Temperature" units="°C">-31.3</extrmintemp>
        <totrain description="Total Rain" flag="T" units="mm">0.0</totrain>
        <totsnow description="Total Snow" units="cm">14.8</totsnow>
        <totprecip description="Total Precipitation" units="mm">11.9</totprecip>
        <grndsnowlastday description="Snow on the Ground on the Last Day" units="cm">3</grndsnowlastday>
        <dirmaxgust description="Direction of Maximum Gust" flag="S" units="10's Deg">29</dirmaxgust>
        <speedmaxgust description="Speed of Maximum Gust" flag="S" units="km/h">57</speedmaxgust>
    </stationdata>
    <stationdata month="2" year="1981">
        <meanmaxtemp description="Mean Maximum Temperature" units="°C">2.1</meanmaxtemp>
        <meanmintemp description="Mean Minimum Temperature" units="°C">-6.2</meanmintemp>
        <meanmonthtemp description="Mean Temperature" units="°C">-2.1</meanmonthtemp>
        <extrmaxtemp description="Extreme Maximum Temperature" units="°C">11.8</extrmaxtemp>
        <extrmintemp description="Extreme Minimum Temperature" units="°C">-22.9</extrmintemp>
        <totrain description="Total Rain" units="mm">45.4</totrain>
        <totsnow description="Total Snow" units="cm">19.5</totsnow>
        <totprecip description="Total Precipitation" units="mm">66.2</totprecip>
        <grndsnowlastday description="Snow on the Ground on the Last Day" units="cm">0</grndsnowlastday>
        <dirmaxgust description="Direction of Maximum Gust" units="10's Deg">29</dirmaxgust>
        <speedmaxgust description="Speed of Maximum Gust" units="km/h">63</speedmaxgust>
    </stationdata>
    <stationdata month="3" year="1981">
        <meanmaxtemp description="Mean Maximum Temperature" units="°C">4.9</meanmaxtemp>
        <meanmintemp description="Mean Minimum Temperature" units="°C">-4.9</meanmintemp>
        <meanmonthtemp description="Mean Temperature" units="°C">0.0</meanmonthtemp>
        <extrmaxtemp description="Extreme Maximum Temperature" units="°C">21.8</extrmaxtemp>
        <extrmintemp description="Extreme Minimum Temperature" units="°C">-14.1</extrmintemp>
        <totrain description="Total Rain" units="mm">12.4</totrain>
        <totsnow description="Total Snow" units="cm">7.3</totsnow>
        <totprecip description="Total Precipitation" units="mm">17.8</totprecip>
        <grndsnowlastday description="Snow on the Ground on the Last Day" units="cm">0</grndsnowlastday>
        <dirmaxgust description="Direction of Maximum Gust" units="10's Deg">25</dirmaxgust>
        <speedmaxgust description="Speed of Maximum Gust" units="km/h">80</speedmaxgust>
    </stationdata>
    <stationdata month="4" year="1981">
        <meanmaxtemp description="Mean Maximum Temperature" units="°C">13.4</meanmaxtemp>
        <meanmintemp description="Mean Minimum Temperature" units="°C">1.7</meanmintemp>
        <meanmonthtemp description="Mean Temperature" units="°C">7.6</meanmonthtemp>
        <extrmaxtemp description="Extreme Maximum Temperature" units="°C">23.1</extrmaxtemp>
        <extrmintemp description="Extreme Minimum Temperature" units="°C">-6.9</extrmintemp>
        <totrain description="Total Rain" units="mm">49.3</totrain>
        <totsnow description="Total Snow" units="cm">0.4</totsnow>
        <totprecip description="Total Precipitation" units="mm">49.7</totprecip>
        <grndsnowlastday description="Snow on the Ground on the Last Day" units="cm">0</grndsnowlastday>
        <dirmaxgust description="Direction of Maximum Gust" units="10's Deg">22</dirmaxgust>
        <speedmaxgust description="Speed of Maximum Gust" units="km/h">89</speedmaxgust>
    </stationdata>
    <stationdata month="5" year="1981">
        <meanmaxtemp description="Mean Maximum Temperature" units="°C">18.1</meanmaxtemp>
        <meanmintemp description="Mean Minimum Temperature" units="°C">5.4</meanmintemp>
        <meanmonthtemp description="Mean Temperature" units="°C">11.8</meanmonthtemp>
        <extrmaxtemp description="Extreme Maximum Temperature" units="°C">27.5</extrmaxtemp>
        <extrmintemp description="Extreme Minimum Temperature" units="°C">-1.0</extrmintemp>
        <totrain description="Total Rain" units="mm">58.1</totrain>
        <totsnow description="Total Snow" units="cm">0.0</totsnow>
        <totprecip description="Total Precipitation" units="mm">58.1</totprecip>
        <grndsnowlastday description="Snow on the Ground on the Last Day" units="cm">0</grndsnowlastday>
        <dirmaxgust description="Direction of Maximum Gust" units="10's Deg">34</dirmaxgust>
        <speedmaxgust description="Speed of Maximum Gust" units="km/h">54</speedmaxgust>
    </stationdata>
    <stationdata month="6" year="1981">
        <meanmaxtemp description="Mean Maximum Temperature" units="°C">23.3</meanmaxtemp>
        <meanmintemp description="Mean Minimum Temperature" units="°C">11.3</meanmintemp>
        <meanmonthtemp description="Mean Temperature" units="°C">17.3</meanmonthtemp>
        <extrmaxtemp description="Extreme Maximum Temperature" units="°C">32.8</extrmaxtemp>
        <extrmintemp description="Extreme Minimum Temperature" units="°C">3.2</extrmintemp>
        <totrain description="Total Rain" units="mm">61.5</totrain>
        <totsnow description="Total Snow" units="cm">0.0</totsnow>
        <totprecip description="Total Precipitation" units="mm">61.5</totprecip>
        <grndsnowlastday description="Snow on the Ground on the Last Day" units="cm">0</grndsnowlastday>
        <dirmaxgust description="Direction of Maximum Gust" flag="S" units="10's Deg">27</dirmaxgust>
        <speedmaxgust description="Speed of Maximum Gust" flag="S" units="km/h">59</speedmaxgust>
    </stationdata>
    <stationdata month="7" year="1981">
        <meanmaxtemp description="Mean Maximum Temperature" units="°C">26.8</meanmaxtemp>
        <meanmintemp description="Mean Minimum Temperature" units="°C">14.4</meanmintemp>
        <meanmonthtemp description="Mean Temperature" units="°C">20.6</meanmonthtemp>
        <extrmaxtemp description="Extreme Maximum Temperature" units="°C">32.5</extrmaxtemp>
        <extrmintemp description="Extreme Minimum Temperature" units="°C">8.0</extrmintemp>
        <totrain description="Total Rain" units="mm">66.6</totrain>
        <totsnow description="Total Snow" units="cm">0.0</totsnow>
        <totprecip description="Total Precipitation" units="mm">66.6</totprecip>
        <grndsnowlastday description="Snow on the Ground on the Last Day" units="cm">0</grndsnowlastday>
        <dirmaxgust description="Direction of Maximum Gust" units="10's Deg">10</dirmaxgust>
        <speedmaxgust description="Speed of Maximum Gust" units="km/h">56</speedmaxgust>
    </stationdata>
    <stationdata month="8" year="1981">
        <meanmaxtemp description="Mean Maximum Temperature" units="°C">24.6</meanmaxtemp>
        <meanmintemp description="Mean Minimum Temperature" units="°C">14.1</meanmintemp>
        <meanmonthtemp description="Mean Temperature" units="°C">19.4</meanmonthtemp>
        <extrmaxtemp description="Extreme Maximum Temperature" units="°C">29.6</extrmaxtemp>
        <extrmintemp description="Extreme Minimum Temperature" units="°C">7.6</extrmintemp>
        <totrain description="Total Rain" units="mm">128.5</totrain>
        <totsnow description="Total Snow" units="cm">0.0</totsnow>
        <totprecip description="Total Precipitation" units="mm">128.5</totprecip>
        <grndsnowlastday description="Snow on the Ground on the Last Day" units="cm">0</grndsnowlastday>
        <dirmaxgust description="Direction of Maximum Gust" units="10's Deg">33</dirmaxgust>
        <speedmaxgust description="Speed of Maximum Gust" units="km/h">44</speedmaxgust>
    </stationdata>
    <stationdata month="9" year="1981">
        <meanmaxtemp description="Mean Maximum Temperature" units="°C">18.9</meanmaxtemp>
        <meanmintemp description="Mean Minimum Temperature" units="°C">9.7</meanmintemp>
        <meanmonthtemp description="Mean Temperature" units="°C">14.3</meanmonthtemp>
        <extrmaxtemp description="Extreme Maximum Temperature" units="°C">26.5</extrmaxtemp>
        <extrmintemp description="Extreme Minimum Temperature" units="°C">-0.5</extrmintemp>
        <totrain description="Total Rain" units="mm">103.3</totrain>
        <totsnow description="Total Snow" units="cm">0.0</totsnow>
        <totprecip description="Total Precipitation" units="mm">103.3</totprecip>
        <grndsnowlastday description="Snow on the Ground on the Last Day" units="cm">0</grndsnowlastday>
        <dirmaxgust description="Direction of Maximum Gust" units="10's Deg">26</dirmaxgust>
        <speedmaxgust description="Speed of Maximum Gust" units="km/h">61</speedmaxgust>
    </stationdata>
    <stationdata month="10" year="1981">
        <meanmaxtemp description="Mean Maximum Temperature" units="°C">10.8</meanmaxtemp>
        <meanmintemp description="Mean Minimum Temperature" units="°C">2.1</meanmintemp>
        <meanmonthtemp description="Mean Temperature" units="°C">6.5</meanmonthtemp>
        <extrmaxtemp description="Extreme Maximum Temperature" units="°C">18.7</extrmaxtemp>
        <extrmintemp description="Extreme Minimum Temperature" units="°C">-2.5</extrmintemp>
        <totrain description="Total Rain" units="mm">126.1</totrain>
        <totsnow description="Total Snow" units="cm">6.1</totsnow>
        <totprecip description="Total Precipitation" units="mm">134.9</totprecip>
        <grndsnowlastday description="Snow on the Ground on the Last Day" units="cm">0</grndsnowlastday>
        <dirmaxgust description="Direction of Maximum Gust" units="10's Deg">29</dirmaxgust>
        <speedmaxgust description="Speed of Maximum Gust" units="km/h">74</speedmaxgust>
    </stationdata>
    <stationdata month="11" year="1981">
        <meanmaxtemp description="Mean Maximum Temperature" units="°C">7.6</meanmaxtemp>
        <meanmintemp description="Mean Minimum Temperature" units="°C">-0.8</meanmintemp>
        <meanmonthtemp description="Mean Temperature" units="°C">3.4</meanmonthtemp>
        <extrmaxtemp description="Extreme Maximum Temperature" units="°C">16.5</extrmaxtemp>
        <extrmintemp description="Extreme Minimum Temperature" units="°C">-7.8</extrmintemp>
        <totrain description="Total Rain" units="mm">56.1</totrain>
        <totsnow description="Total Snow" units="cm">1.7</totsnow>
        <totprecip description="Total Precipitation" units="mm">57.8</totprecip>
        <grndsnowlastday description="Snow on the Ground on the Last Day" flag="T" units="cm">0</grndsnowlastday>
        <dirmaxgust description="Direction of Maximum Gust" units="10's Deg">26</dirmaxgust>
        <speedmaxgust description="Speed of Maximum Gust" flag="E" units="km/h">67</speedmaxgust>
    </stationdata>
    <stationdata month="12" year="1981">
        <meanmaxtemp description="Mean Maximum Temperature" units="°C">0.4</meanmaxtemp>
        <meanmintemp description="Mean Minimum Temperature" units="°C">-6.2</meanmintemp>
        <meanmonthtemp description="Mean Temperature" units="°C">-2.9</meanmonthtemp>
        <extrmaxtemp description="Extreme Maximum Temperature" units="°C">6.1</extrmaxtemp>
        <extrmintemp description="Extreme Minimum Temperature" units="°C">-14.5</extrmintemp>
        <totrain description="Total Rain" units="mm">9.0</totrain>
        <totsnow description="Total Snow" units="cm">20.8</totsnow>
        <totprecip description="Total Precipitation" units="mm">34.0</totprecip>
        <grndsnowlastday description="Snow on the Ground on the Last Day" units="cm">9</grndsnowlastday>
        <dirmaxgust description="Direction of Maximum Gust" units="10's Deg">33</dirmaxgust>
        <speedmaxgust description="Speed of Maximum Gust" units="km/h">54</speedmaxgust>
    </stationdata>
    <stationdata month="1" year="1982">
        <meanmaxtemp description="Mean Maximum Temperature" units="°C">-5.1</meanmaxtemp>
        <meanmintemp description="Mean Minimum Temperature" units="°C">-15.0</meanmintemp>
        <meanmonthtemp description="Mean Temperature" units="°C">-10.1</meanmonthtemp>
        <extrmaxtemp description="Extreme Maximum Temperature" units="°C">7.5</extrmaxtemp>
        <extrmintemp description="Extreme Minimum Temperature" units="°C">-26.4</extrmintemp>
        <totrain description="Total Rain" units="mm">20.4</totrain>
        <totsnow description="Total Snow" units="cm">44.0</totsnow>
        <totprecip description="Total Precipitation" units="mm">54.3</totprecip>
        <grndsnowlastday description="Snow on the Ground on the Last Day" units="cm">10</grndsnowlastday>
        <dirmaxgust description="Direction of Maximum Gust" units="10's Deg">23</dirmaxgust>
        <speedmaxgust description="Speed of Maximum Gust" flag="E" units="km/h">89</speedmaxgust>
    </stationdata>
    <stationdata month="2" year="1982">
        <meanmaxtemp description="Mean Maximum Temperature" units="°C">-3.2</meanmaxtemp>
        <meanmintemp description="Mean Minimum Temperature" units="°C">-11.9</meanmintemp>
        <meanmonthtemp description="Mean Temperature" units="°C">-7.6</meanmonthtemp>
        <extrmaxtemp description="Extreme Maximum Temperature" units="°C">6.1</extrmaxtemp>
        <extrmintemp description="Extreme Minimum Temperature" units="°C">-22.1</extrmintemp>
        <totrain description="Total Rain" units="mm">1.8</totrain>
        <totsnow description="Total Snow" units="cm">27.2</totsnow>
        <totprecip description="Total Precipitation" units="mm">28.3</totprecip>
        <grndsnowlastday description="Snow on the Ground on the Last Day" units="cm">13</grndsnowlastday>
        <dirmaxgust description="Direction of Maximum Gust" units="10's Deg">30</dirmaxgust>
        <speedmaxgust description="Speed of Maximum Gust" units="km/h">56</speedmaxgust>
    </stationdata>
    <stationdata month="3" year="1982">
        <meanmaxtemp description="Mean Maximum Temperature" units="°C">2.3</meanmaxtemp>
        <meanmintemp description="Mean Minimum Temperature" units="°C">-6.3</meanmintemp>
        <meanmonthtemp description="Mean Temperature" units="°C">-2.0</meanmonthtemp>
        <extrmaxtemp description="Extreme Maximum Temperature" units="°C">16.8</extrmaxtemp>
        <extrmintemp description="Extreme Minimum Temperature" units="°C">-18.2</extrmintemp>
        <totrain description="Total Rain" units="mm">41.7</totrain>
        <totsnow description="Total Snow" units="cm">24.6</totsnow>
        <totprecip description="Total Precipitation" units="mm">64.8</totprecip>
        <grndsnowlastday description="Snow on the Ground on the Last Day" flag="T" units="cm">0</grndsnowlastday>
        <dirmaxgust description="Direction of Maximum Gust" units="10's Deg">25</dirmaxgust>
        <speedmaxgust description="Speed of Maximum Gust" units="km/h">87</speedmaxgust>
    </stationdata>
    <stationdata month="4" year="1982">
        <meanmaxtemp description="Mean Maximum Temperature" units="°C">10.6</meanmaxtemp>
        <meanmintemp description="Mean Minimum Temperature" units="°C">-1.3</meanmintemp>
        <meanmonthtemp description="Mean Temperature" units="°C">4.7</meanmonthtemp>
        <extrmaxtemp description="Extreme Maximum Temperature" units="°C">22.5</extrmaxtemp>
        <extrmintemp description="Extreme Minimum Temperature" units="°C">-11.2</extrmintemp>
        <totrain description="Total Rain" units="mm">39.4</totrain>
        <totsnow description="Total Snow" units="cm">4.6</totsnow>
        <totprecip description="Total Precipitation" units="mm">43.1</totprecip>
        <grndsnowlastday description="Snow on the Ground on the Last Day" units="cm">0</grndsnowlastday>
        <dirmaxgust description="Direction of Maximum Gust" units="10's Deg">29</dirmaxgust>
        <speedmaxgust description="Speed of Maximum Gust" units="km/h">96</speedmaxgust>
    </stationdata>
    <stationdata month="5" year="1982">
        <meanmaxtemp description="Mean Maximum Temperature" units="°C">20.1</meanmaxtemp>
        <meanmintemp description="Mean Minimum Temperature" units="°C">8.4</meanmintemp>
        <meanmonthtemp description="Mean Temperature" units="°C">14.3</meanmonthtemp>
        <extrmaxtemp description="Extreme Maximum Temperature" units="°C">26.4</extrmaxtemp>
        <extrmintemp description="Extreme Minimum Temperature" units="°C">2.4</extrmintemp>
        <totrain description="Total Rain" units="mm">45.1</totrain>
        <totsnow description="Total Snow" units="cm">0.0</totsnow>
        <totprecip description="Total Precipitation" units="mm">45.1</totprecip>
        <grndsnowlastday description="Snow on the Ground on the Last Day" units="cm">0</grndsnowlastday>
        <dirmaxgust description="Direction of Maximum Gust" units="10's Deg">30</dirmaxgust>
        <speedmaxgust description="Speed of Maximum Gust" units="km/h">56</speedmaxgust>
    </stationdata>
    <stationdata month="6" year="1982">
        <meanmaxtemp description="Mean Maximum Temperature" units="°C">20.3</meanmaxtemp>
        <meanmintemp description="Mean Minimum Temperature" units="°C">10.1</meanmintemp>
        <meanmonthtemp description="Mean Temperature" units="°C">15.2</meanmonthtemp>
        <extrmaxtemp description="Extreme Maximum Temperature" units="°C">25.4</extrmaxtemp>
        <extrmintemp description="Extreme Minimum Temperature" units="°C">4.0</extrmintemp>
        <totrain description="Total Rain" units="mm">112.5</totrain>
        <totsnow description="Total Snow" units="cm">0.0</totsnow>
        <totprecip description="Total Precipitation" units="mm">112.5</totprecip>
        <grndsnowlastday description="Snow on the Ground on the Last Day" units="cm">0</grndsnowlastday>
        <dirmaxgust description="Direction of Maximum Gust" flag="S" units="10's Deg">31</dirmaxgust>
        <speedmaxgust description="Speed of Maximum Gust" flag="S" units="km/h">50</speedmaxgust>
    </stationdata>
    <stationdata month="7" year="1982">
        <meanmaxtemp description="Mean Maximum Temperature" units="°C">27.4</meanmaxtemp>
        <meanmintemp description="Mean Minimum Temperature" units="°C">14.4</meanmintemp>
        <meanmonthtemp description="Mean Temperature" units="°C">20.9</meanmonthtemp>
        <extrmaxtemp description="Extreme Maximum Temperature" units="°C">33.0</extrmaxtemp>
        <extrmintemp description="Extreme Minimum Temperature" units="°C">8.4</extrmintemp>
        <totrain description="Total Rain" units="mm">31.1</totrain>
        <totsnow description="Total Snow" units="cm">0.0</totsnow>
        <totprecip description="Total Precipitation" units="mm">31.1</totprecip>
        <grndsnowlastday description="Snow on the Ground on the Last Day" units="cm">0</grndsnowlastday>
        <dirmaxgust description="Direction of Maximum Gust" units="10's Deg">23</dirmaxgust>
        <speedmaxgust description="Speed of Maximum Gust" units="km/h">57</speedmaxgust>
    </stationdata>
    <stationdata month="8" year="1982">
        <meanmaxtemp description="Mean Maximum Temperature" units="°C">23.2</meanmaxtemp>
        <meanmintemp description="Mean Minimum Temperature" units="°C">11.4</meanmintemp>
        <meanmonthtemp description="Mean Temperature" units="°C">17.3</meanmonthtemp>
        <extrmaxtemp description="Extreme Maximum Temperature" units="°C">30.0</extrmaxtemp>
        <extrmintemp description="Extreme Minimum Temperature" units="°C">2.0</extrmintemp>
        <totrain description="Total Rain" units="mm">120.1</totrain>
        <totsnow description="Total Snow" units="cm">0.0</totsnow>
        <totprecip description="Total Precipitation" units="mm">120.1</totprecip>
        <grndsnowlastday description="Snow on the Ground on the Last Day" units="cm">0</grndsnowlastday>
        <dirmaxgust description="Direction of Maximum Gust" units="10's Deg">33</dirmaxgust>
        <speedmaxgust description="Speed of Maximum Gust" units="km/h">83</speedmaxgust>
    </stationdata>
    <stationdata month="9" year="1982">
        <meanmaxtemp description="Mean Maximum Temperature" units="°C">20.1</meanmaxtemp>
        <meanmintemp description="Mean Minimum Temperature" units="°C">9.5</meanmintemp>
        <meanmonthtemp description="Mean Temperature" units="°C">14.8</meanmonthtemp>
        <extrmaxtemp description="Extreme Maximum Temperature" units="°C">28.6</extrmaxtemp>
        <extrmintemp description="Extreme Minimum Temperature" units="°C">3.8</extrmintemp>
        <totrain description="Total Rain" units="mm">128.9</totrain>
        <totsnow description="Total Snow" units="cm">0.0</totsnow>
        <totprecip description="Total Precipitation" units="mm">128.9</totprecip>
        <grndsnowlastday description="Snow on the Ground on the Last Day" units="cm">0</grndsnowlastday>
        <dirmaxgust description="Direction of Maximum Gust" units="10's Deg">29</dirmaxgust>
        <speedmaxgust description="Speed of Maximum Gust" units="km/h">59</speedmaxgust>
    </stationdata>
    <stationdata month="10" year="1982">
        <meanmaxtemp description="Mean Maximum Temperature" units="°C">15.0</meanmaxtemp>
        <meanmintemp description="Mean Minimum Temperature" units="°C">4.3</meanmintemp>
        <meanmonthtemp description="Mean Temperature" units="°C">9.7</meanmonthtemp>
        <extrmaxtemp description="Extreme Maximum Temperature" units="°C">23.4</extrmaxtemp>
        <extrmintemp description="Extreme Minimum Temperature" units="°C">-2.7</extrmintemp>
        <totrain description="Total Rain" units="mm">43.5</totrain>
        <totsnow description="Total Snow" flag="T" units="cm">0.0</totsnow>
        <totprecip description="Total Precipitation" units="mm">43.5</totprecip>
        <grndsnowlastday description="Snow on the Ground on the Last Day" units="cm">0</grndsnowlastday>
        <dirmaxgust description="Direction of Maximum Gust" units="10's Deg">25</dirmaxgust>
        <speedmaxgust description="Speed of Maximum Gust" units="km/h">85</speedmaxgust>
    </stationdata>
    <stationdata month="11" year="1982">
        <meanmaxtemp description="Mean Maximum Temperature" units="°C">7.6</meanmaxtemp>
        <meanmintemp description="Mean Minimum Temperature" units="°C">0.2</meanmintemp>
        <meanmonthtemp description="Mean Temperature" units="°C">3.9</meanmonthtemp>
        <extrmaxtemp description="Extreme Maximum Temperature" units="°C">17.0</extrmaxtemp>
        <extrmintemp description="Extreme Minimum Temperature" units="°C">-7.4</extrmintemp>
        <totrain description="Total Rain" units="mm">94.0</totrain>
        <totsnow description="Total Snow" units="cm">1.0</totsnow>
        <totprecip description="Total Precipitation" units="mm">94.8</totprecip>
        <grndsnowlastday description="Snow on the Ground on the Last Day" units="cm">0</grndsnowlastday>
        <dirmaxgust description="Direction of Maximum Gust" units="10's Deg">21</dirmaxgust>
        <speedmaxgust description="Speed of Maximum Gust" units="km/h">74</speedmaxgust>
    </stationdata>
    <stationdata month="12" year="1982">
        <meanmaxtemp description="Mean Maximum Temperature" units="°C">4.7</meanmaxtemp>
        <meanmintemp description="Mean Minimum Temperature" units="°C">-3.3</meanmintemp>
        <meanmonthtemp description="Mean Temperature" units="°C">0.7</meanmonthtemp>
        <extrmaxtemp description="Extreme Maximum Temperature" units="°C">20.0</extrmaxtemp>
        <extrmintemp description="Extreme Minimum Temperature" units="°C">-15.2</extrmintemp>
        <totrain description="Total Rain" units="mm">56.8</totrain>
        <totsnow description="Total Snow" units="cm">30.4</totsnow>
        <totprecip description="Total Precipitation" units="mm">80.9</totprecip>
        <grndsnowlastday description="Snow on the Ground on the Last Day" flag="T" units="cm">0</grndsnowlastday>
        <dirmaxgust description="Direction of Maximum Gust" units="10's Deg">24</dirmaxgust>
        <speedmaxgust description="Speed of Maximum Gust" units="km/h">104</speedmaxgust>
    </stationdata>
    <stationdata month="1" year="1983">
        <meanmaxtemp description="Mean Maximum Temperature" units="°C">-0.3</meanmaxtemp>
        <meanmintemp description="Mean Minimum Temperature" units="°C">-7.9</meanmintemp>
        <meanmonthtemp description="Mean Temperature" units="°C">-4.1</meanmonthtemp>
        <extrmaxtemp description="Extreme Maximum Temperature" units="°C">6.4</extrmaxtemp>
        <extrmintemp description="Extreme Minimum Temperature" units="°C">-19.1</extrmintemp>
        <totrain description="Total Rain" units="mm">21.5</totrain>
        <totsnow description="Total Snow" units="cm">13.0</totsnow>
        <totprecip description="Total Precipitation" units="mm">33.7</totprecip>
        <grndsnowlastday description="Snow on the Ground on the Last Day" units="cm">0</grndsnowlastday>
        <dirmaxgust description="Direction of Maximum Gust" units="10's Deg">25</dirmaxgust>
        <speedmaxgust description="Speed of Maximum Gust" units="km/h">59</speedmaxgust>
    </stationdata>
    <stationdata month="2" year="1983">
        <meanmaxtemp description="Mean Maximum Temperature" units="°C">0.8</meanmaxtemp>
        <meanmintemp description="Mean Minimum Temperature" units="°C">-6.9</meanmintemp>
        <meanmonthtemp description="Mean Temperature" units="°C">-3.1</meanmonthtemp>
        <extrmaxtemp description="Extreme Maximum Temperature" units="°C">8.5</extrmaxtemp>
        <extrmintemp description="Extreme Minimum Temperature" units="°C">-19.1</extrmintemp>
        <totrain description="Total Rain" units="mm">34.7</totrain>
        <totsnow description="Total Snow" units="cm">7.7</totsnow>
        <totprecip description="Total Precipitation" units="mm">40.6</totprecip>
        <grndsnowlastday description="Snow on the Ground on the Last Day" units="cm">0</grndsnowlastday>
        <dirmaxgust description="Direction of Maximum Gust" units="10's Deg">32</dirmaxgust>
        <speedmaxgust description="Speed of Maximum Gust" units="km/h">46</speedmaxgust>
    </stationdata>
    <stationdata month="3" year="1983">
        <meanmaxtemp description="Mean Maximum Temperature" units="°C">4.5</meanmaxtemp>
        <meanmintemp description="Mean Minimum Temperature" units="°C">-3.4</meanmintemp>
        <meanmonthtemp description="Mean Temperature" units="°C">0.6</meanmonthtemp>
        <extrmaxtemp description="Extreme Maximum Temperature" units="°C">11.8</extrmaxtemp>
        <extrmintemp description="Extreme Minimum Temperature" units="°C">-16.2</extrmintemp>
        <totrain description="Total Rain" units="mm">59.3</totrain>
        <totsnow description="Total Snow" units="cm">17.4</totsnow>
        <totprecip description="Total Precipitation" units="mm">77.3</totprecip>
        <grndsnowlastday description="Snow on the Ground on the Last Day" flag="T" units="cm">0</grndsnowlastday>
        <dirmaxgust description="Direction of Maximum Gust" units="10's Deg">8</dirmaxgust>
        <speedmaxgust description="Speed of Maximum Gust" units="km/h">67</speedmaxgust>
    </stationdata>
    <stationdata month="4" year="1983">
        <meanmaxtemp description="Mean Maximum Temperature" units="°C">10.1</meanmaxtemp>
        <meanmintemp description="Mean Minimum Temperature" units="°C">0.8</meanmintemp>
        <meanmonthtemp description="Mean Temperature" units="°C">5.5</meanmonthtemp>
        <extrmaxtemp description="Extreme Maximum Temperature" units="°C">25.2</extrmaxtemp>
        <extrmintemp description="Extreme Minimum Temperature" units="°C">-4.8</extrmintemp>
        <totrain description="Total Rain" units="mm">82.0</totrain>
        <totsnow description="Total Snow" units="cm">2.0</totsnow>
        <totprecip description="Total Precipitation" units="mm">83.2</totprecip>
        <grndsnowlastday description="Snow on the Ground on the Last Day" units="cm">0</grndsnowlastday>
        <dirmaxgust description="Direction of Maximum Gust" units="10's Deg">9</dirmaxgust>
        <speedmaxgust description="Speed of Maximum Gust" units="km/h">78</speedmaxgust>
    </stationdata>
    <stationdata month="5" year="1983">
        <meanmaxtemp description="Mean Maximum Temperature" units="°C">15.5</meanmaxtemp>
        <meanmintemp description="Mean Minimum Temperature" units="°C">4.6</meanmintemp>
        <meanmonthtemp description="Mean Temperature" units="°C">10.1</meanmonthtemp>
        <extrmaxtemp description="Extreme Maximum Temperature" units="°C">22.8</extrmaxtemp>
        <extrmintemp description="Extreme Minimum Temperature" units="°C">-1.6</extrmintemp>
        <totrain description="Total Rain" units="mm">99.5</totrain>
        <totsnow description="Total Snow" flag="T" units="cm">0.0</totsnow>
        <totprecip description="Total Precipitation" units="mm">99.5</totprecip>
        <grndsnowlastday description="Snow on the Ground on the Last Day" units="cm">0</grndsnowlastday>
        <dirmaxgust description="Direction of Maximum Gust" units="10's Deg">25</dirmaxgust>
        <speedmaxgust description="Speed of Maximum Gust" units="km/h">109</speedmaxgust>
    </stationdata>
    <stationdata month="6" year="1983">
        <meanmaxtemp description="Mean Maximum Temperature" units="°C">25.0</meanmaxtemp>
        <meanmintemp description="Mean Minimum Temperature" units="°C">11.6</meanmintemp>
        <meanmonthtemp description="Mean Temperature" units="°C">18.3</meanmonthtemp>
        <extrmaxtemp description="Extreme Maximum Temperature" units="°C">33.1</extrmaxtemp>
        <extrmintemp description="Extreme Minimum Temperature" units="°C">3.2</extrmintemp>
        <totrain description="Total Rain" units="mm">33.0</totrain>
        <totsnow description="Total Snow" units="cm">0.0</totsnow>
        <totprecip description="Total Precipitation" units="mm">33.0</totprecip>
        <grndsnowlastday description="Snow on the Ground on the Last Day" units="cm">0</grndsnowlastday>
        <dirmaxgust description="Direction of Maximum Gust" flag="S" units="10's Deg">32</dirmaxgust>
        <speedmaxgust description="Speed of Maximum Gust" flag="S" units="km/h">43</speedmaxgust>
    </stationdata>
    <stationdata month="7" year="1983">
        <meanmaxtemp description="Mean Maximum Temperature" units="°C">29.0</meanmaxtemp>
        <meanmintemp description="Mean Minimum Temperature" units="°C">15.6</meanmintemp>
        <meanmonthtemp description="Mean Temperature" units="°C">22.3</meanmonthtemp>
        <extrmaxtemp description="Extreme Maximum Temperature" units="°C">35.7</extrmaxtemp>
        <extrmintemp description="Extreme Minimum Temperature" units="°C">7.8</extrmintemp>
        <totrain description="Total Rain" units="mm">18.3</totrain>
        <totsnow description="Total Snow" units="cm">0.0</totsnow>
        <totprecip description="Total Precipitation" units="mm">18.3</totprecip>
        <grndsnowlastday description="Snow on the Ground on the Last Day" units="cm">0</grndsnowlastday>
        <dirmaxgust description="Direction of Maximum Gust" units="10's Deg">22</dirmaxgust>
        <speedmaxgust description="Speed of Maximum Gust" units="km/h">56</speedmaxgust>
    </stationdata>
    <stationdata month="8" year="1983">
        <meanmaxtemp description="Mean Maximum Temperature" units="°C">26.9</meanmaxtemp>
        <meanmintemp description="Mean Minimum Temperature" units="°C">15.2</meanmintemp>
        <meanmonthtemp description="Mean Temperature" units="°C">21.1</meanmonthtemp>
        <extrmaxtemp description="Extreme Maximum Temperature" units="°C">34.1</extrmaxtemp>
        <extrmintemp description="Extreme Minimum Temperature" units="°C">9.4</extrmintemp>
        <totrain description="Total Rain" units="mm">112.2</totrain>
        <totsnow description="Total Snow" units="cm">0.0</totsnow>
        <totprecip description="Total Precipitation" units="mm">112.2</totprecip>
        <grndsnowlastday description="Snow on the Ground on the Last Day" units="cm">0</grndsnowlastday>
        <dirmaxgust description="Direction of Maximum Gust" units="10's Deg">32</dirmaxgust>
        <speedmaxgust description="Speed of Maximum Gust" units="km/h">81</speedmaxgust>
    </stationdata>
    <stationdata month="9" year="1983">
        <meanmaxtemp description="Mean Maximum Temperature" units="°C">23.2</meanmaxtemp>
        <meanmintemp description="Mean Minimum Temperature" units="°C">10.2</meanmintemp>
        <meanmonthtemp description="Mean Temperature" units="°C">16.7</meanmonthtemp>
        <extrmaxtemp description="Extreme Maximum Temperature" units="°C">34.2</extrmaxtemp>
        <extrmintemp description="Extreme Minimum Temperature" units="°C">2.9</extrmintemp>
        <totrain description="Total Rain" units="mm">54.9</totrain>
        <totsnow description="Total Snow" units="cm">0.0</totsnow>
        <totprecip description="Total Precipitation" units="mm">54.9</totprecip>
        <grndsnowlastday description="Snow on the Ground on the Last Day" units="cm">0</grndsnowlastday>
        <dirmaxgust description="Direction of Maximum Gust" units="10's Deg">21</dirmaxgust>
        <speedmaxgust description="Speed of Maximum Gust" units="km/h">56</speedmaxgust>
    </stationdata>
    <stationdata month="10" year="1983">
        <meanmaxtemp description="Mean Maximum Temperature" units="°C">13.8</meanmaxtemp>
        <meanmintemp description="Mean Minimum Temperature" units="°C">3.9</meanmintemp>
        <meanmonthtemp description="Mean Temperature" units="°C">8.9</meanmonthtemp>
        <extrmaxtemp description="Extreme Maximum Temperature" units="°C">25.9</extrmaxtemp>
        <extrmintemp description="Extreme Minimum Temperature" units="°C">-5.0</extrmintemp>
        <totrain description="Total Rain" units="mm">71.8</totrain>
        <totsnow description="Total Snow" units="cm">0.0</totsnow>
        <totprecip description="Total Precipitation" units="mm">71.8</totprecip>
        <grndsnowlastday description="Snow on the Ground on the Last Day" units="cm">0</grndsnowlastday>
        <dirmaxgust description="Direction of Maximum Gust" units="10's Deg">27</dirmaxgust>
        <speedmaxgust description="Speed of Maximum Gust" units="km/h">80</speedmaxgust>
    </stationdata>
    <stationdata month="11" year="1983">
        <meanmaxtemp description="Mean Maximum Temperature" units="°C">7.2</meanmaxtemp>
        <meanmintemp description="Mean Minimum Temperature" units="°C">-0.6</meanmintemp>
        <meanmonthtemp description="Mean Temperature" units="°C">3.3</meanmonthtemp>
        <extrmaxtemp description="Extreme Maximum Temperature" units="°C">17.2</extrmaxtemp>
        <extrmintemp description="Extreme Minimum Temperature" units="°C">-8.5</extrmintemp>
        <totrain description="Total Rain" units="mm">78.9</totrain>
        <totsnow description="Total Snow" units="cm">11.9</totsnow>
        <totprecip description="Total Precipitation" units="mm">89.1</totprecip>
        <grndsnowlastday description="Snow on the Ground on the Last Day" flag="T" units="cm">0</grndsnowlastday>
        <dirmaxgust description="Direction of Maximum Gust" units="10's Deg">11</dirmaxgust>
        <speedmaxgust description="Speed of Maximum Gust" units="km/h">70</speedmaxgust>
    </stationdata>
    <stationdata month="12" year="1983">
        <meanmaxtemp description="Mean Maximum Temperature" units="°C">-2.8</meanmaxtemp>
        <meanmintemp description="Mean Minimum Temperature" units="°C">-9.9</meanmintemp>
        <meanmonthtemp description="Mean Temperature" units="°C">-6.4</meanmonthtemp>
        <extrmaxtemp description="Extreme Maximum Temperature" units="°C">4.5</extrmaxtemp>
        <extrmintemp description="Extreme Minimum Temperature" units="°C">-22.0</extrmintemp>
        <totrain description="Total Rain" units="mm">46.2</totrain>
        <totsnow description="Total Snow" units="cm">36.3</totsnow>
        <totprecip description="Total Precipitation" units="mm">82.0</totprecip>
        <grndsnowlastday description="Snow on the Ground on the Last Day" units="cm">16</grndsnowlastday>
        <dirmaxgust description="Direction of Maximum Gust" units="10's Deg">30</dirmaxgust>
        <speedmaxgust description="Speed of Maximum Gust" units="km/h">74</speedmaxgust>
    </stationdata>
    <stationdata month="1" year="1984">
        <meanmaxtemp description="Mean Maximum Temperature" units="°C">-5.0</meanmaxtemp>
        <meanmintemp description="Mean Minimum Temperature" units="°C">-14.3</meanmintemp>
        <meanmonthtemp description="Mean Temperature" units="°C">-9.7</meanmonthtemp>
        <extrmaxtemp description="Extreme Maximum Temperature" units="°C">2.3</extrmaxtemp>
        <extrmintemp description="Extreme Minimum Temperature" units="°C">-26.8</extrmintemp>
        <totrain description="Total Rain" units="mm">3.6</totrain>
        <totsnow description="Total Snow" units="cm">33.4</totsnow>
        <totprecip description="Total Precipitation" units="mm">30.2</totprecip>
        <grndsnowlastday description="Snow on the Ground on the Last Day" units="cm">17</grndsnowlastday>
        <dirmaxgust description="Direction of Maximum Gust" units="10's Deg">27</dirmaxgust>
        <speedmaxgust description="Speed of Maximum Gust" units="km/h">67</speedmaxgust>
    </stationdata>
    <stationdata month="2" year="1984">
        <meanmaxtemp description="Mean Maximum Temperature" units="°C">2.5</meanmaxtemp>
        <meanmintemp description="Mean Minimum Temperature" units="°C">-5.5</meanmintemp>
        <meanmonthtemp description="Mean Temperature" units="°C">-1.5</meanmonthtemp>
        <extrmaxtemp description="Extreme Maximum Temperature" units="°C">14.9</extrmaxtemp>
        <extrmintemp description="Extreme Minimum Temperature" units="°C">-22.3</extrmintemp>
        <totrain description="Total Rain" units="mm">39.2</totrain>
        <totsnow description="Total Snow" units="cm">24.4</totsnow>
        <totprecip description="Total Precipitation" units="mm">59.0</totprecip>
        <grndsnowlastday description="Snow on the Ground on the Last Day" units="cm">18</grndsnowlastday>
        <dirmaxgust description="Direction of Maximum Gust" units="10's Deg">34</dirmaxgust>
        <speedmaxgust description="Speed of Maximum Gust" units="km/h">67</speedmaxgust>
    </stationdata>
    <stationdata month="3" year="1984">
        <meanmaxtemp description="Mean Maximum Temperature" units="°C">-0.1</meanmaxtemp>
        <meanmintemp description="Mean Minimum Temperature" units="°C">-9.1</meanmintemp>
        <meanmonthtemp description="Mean Temperature" units="°C">-4.6</meanmonthtemp>
        <extrmaxtemp description="Extreme Maximum Temperature" units="°C">9.1</extrmaxtemp>
        <extrmintemp description="Extreme Minimum Temperature" units="°C">-23.2</extrmintemp>
        <totrain description="Total Rain" units="mm">35.4</totrain>
        <totsnow description="Total Snow" units="cm">24.5</totsnow>
        <totprecip description="Total Precipitation" units="mm">59.5</totprecip>
        <grndsnowlastday description="Snow on the Ground on the Last Day" flag="T" units="cm">0</grndsnowlastday>
        <dirmaxgust description="Direction of Maximum Gust" units="10's Deg">34</dirmaxgust>
        <speedmaxgust description="Speed of Maximum Gust" units="km/h">85</speedmaxgust>
    </stationdata>
    <stationdata month="4" year="1984">
        <meanmaxtemp description="Mean Maximum Temperature" units="°C">12.0</meanmaxtemp>
        <meanmintemp description="Mean Minimum Temperature" units="°C">2.3</meanmintemp>
        <meanmonthtemp description="Mean Temperature" units="°C">7.2</meanmonthtemp>
        <extrmaxtemp description="Extreme Maximum Temperature" units="°C">25.3</extrmaxtemp>
        <extrmintemp description="Extreme Minimum Temperature" units="°C">-3.6</extrmintemp>
        <totrain description="Total Rain" units="mm">56.5</totrain>
        <totsnow description="Total Snow" units="cm">1.6</totsnow>
        <totprecip description="Total Precipitation" units="mm">58.7</totprecip>
        <grndsnowlastday description="Snow on the Ground on the Last Day" units="cm">0</grndsnowlastday>
        <dirmaxgust description="Direction of Maximum Gust" units="10's Deg">23</dirmaxgust>
        <speedmaxgust description="Speed of Maximum Gust" units="km/h">100</speedmaxgust>
    </stationdata>
    <stationdata month="5" year="1984">
        <meanmaxtemp description="Mean Maximum Temperature" units="°C">15.6</meanmaxtemp>
        <meanmintemp description="Mean Minimum Temperature" units="°C">5.0</meanmintemp>
        <meanmonthtemp description="Mean Temperature" units="°C">10.3</meanmonthtemp>
        <extrmaxtemp description="Extreme Maximum Temperature" units="°C">28.0</extrmaxtemp>
        <extrmintemp description="Extreme Minimum Temperature" units="°C">-0.1</extrmintemp>
        <totrain description="Total Rain" units="mm">102.8</totrain>
        <totsnow description="Total Snow" units="cm">0.0</totsnow>
        <totprecip description="Total Precipitation" units="mm">102.8</totprecip>
        <grndsnowlastday description="Snow on the Ground on the Last Day" units="cm">0</grndsnowlastday>
        <dirmaxgust description="Direction of Maximum Gust" units="10's Deg">27</dirmaxgust>
        <speedmaxgust description="Speed of Maximum Gust" units="km/h">78</speedmaxgust>
    </stationdata>
    <stationdata month="6" year="1984">
        <meanmaxtemp description="Mean Maximum Temperature" units="°C">24.3</meanmaxtemp>
        <meanmintemp description="Mean Minimum Temperature" units="°C">12.0</meanmintemp>
        <meanmonthtemp description="Mean Temperature" units="°C">18.2</meanmonthtemp>
        <extrmaxtemp description="Extreme Maximum Temperature" units="°C">30.7</extrmaxtemp>
        <extrmintemp description="Extreme Minimum Temperature" units="°C">6.4</extrmintemp>
        <totrain description="Total Rain" units="mm">48.1</totrain>
        <totsnow description="Total Snow" units="cm">0.0</totsnow>
        <totprecip description="Total Precipitation" units="mm">48.1</totprecip>
        <grndsnowlastday description="Snow on the Ground on the Last Day" units="cm">0</grndsnowlastday>
        <dirmaxgust description="Direction of Maximum Gust" flag="S" units="10's Deg">24</dirmaxgust>
        <speedmaxgust description="Speed of Maximum Gust" flag="S" units="km/h">63</speedmaxgust>
    </stationdata>
    <stationdata month="7" year="1984">
        <meanmaxtemp description="Mean Maximum Temperature" units="°C">25.9</meanmaxtemp>
        <meanmintemp description="Mean Minimum Temperature" units="°C">13.6</meanmintemp>
        <meanmonthtemp description="Mean Temperature" units="°C">19.8</meanmonthtemp>
        <extrmaxtemp description="Extreme Maximum Temperature" units="°C">32.1</extrmaxtemp>
        <extrmintemp description="Extreme Minimum Temperature" units="°C">7.1</extrmintemp>
        <totrain description="Total Rain" units="mm">63.3</totrain>
        <totsnow description="Total Snow" units="cm">0.0</totsnow>
        <totprecip description="Total Precipitation" units="mm">63.3</totprecip>
        <grndsnowlastday description="Snow on the Ground on the Last Day" units="cm">0</grndsnowlastday>
        <dirmaxgust description="Direction of Maximum Gust" units="10's Deg">29</dirmaxgust>
        <speedmaxgust description="Speed of Maximum Gust" units="km/h">52</speedmaxgust>
    </stationdata>
    <stationdata month="8" year="1984">
        <meanmaxtemp description="Mean Maximum Temperature" units="°C">27.2</meanmaxtemp>
        <meanmintemp description="Mean Minimum Temperature" units="°C">14.9</meanmintemp>
        <meanmonthtemp description="Mean Temperature" units="°C">21.1</meanmonthtemp>
        <extrmaxtemp description="Extreme Maximum Temperature" units="°C">32.0</extrmaxtemp>
        <extrmintemp description="Extreme Minimum Temperature" units="°C">7.4</extrmintemp>
        <totrain description="Total Rain" units="mm">63.8</totrain>
        <totsnow description="Total Snow" units="cm">0.0</totsnow>
        <totprecip description="Total Precipitation" units="mm">63.8</totprecip>
        <grndsnowlastday description="Snow on the Ground on the Last Day" units="cm">0</grndsnowlastday>
        <dirmaxgust description="Direction of Maximum Gust" units="10's Deg">5</dirmaxgust>
        <speedmaxgust description="Speed of Maximum Gust" units="km/h">59</speedmaxgust>
    </stationdata>
    <stationdata month="9" year="1984">
        <meanmaxtemp description="Mean Maximum Temperature" units="°C">19.4</meanmaxtemp>
        <meanmintemp description="Mean Minimum Temperature" units="°C">8.3</meanmintemp>
        <meanmonthtemp description="Mean Temperature" units="°C">13.9</meanmonthtemp>
        <extrmaxtemp description="Extreme Maximum Temperature" units="°C">25.7</extrmaxtemp>
        <extrmintemp description="Extreme Minimum Temperature" units="°C">0.5</extrmintemp>
        <totrain description="Total Rain" units="mm">74.7</totrain>
        <totsnow description="Total Snow" units="cm">0.0</totsnow>
        <totprecip description="Total Precipitation" units="mm">74.7</totprecip>
        <grndsnowlastday description="Snow on the Ground on the Last Day" units="cm">0</grndsnowlastday>
        <dirmaxgust description="Direction of Maximum Gust" units="10's Deg">31</dirmaxgust>
        <speedmaxgust description="Speed of Maximum Gust" units="km/h">67</speedmaxgust>
    </stationdata>
    <stationdata month="10" year="1984">
        <meanmaxtemp description="Mean Maximum Temperature" units="°C">15.2</meanmaxtemp>
        <meanmintemp description="Mean Minimum Temperature" units="°C">5.4</meanmintemp>
        <meanmonthtemp description="Mean Temperature" units="°C">10.3</meanmonthtemp>
        <extrmaxtemp description="Extreme Maximum Temperature" units="°C">22.2</extrmaxtemp>
        <extrmintemp description="Extreme Minimum Temperature" units="°C">-2.6</extrmintemp>
        <totrain description="Total Rain" units="mm">26.1</totrain>
        <totsnow description="Total Snow" units="cm">0.0</totsnow>
        <totprecip description="Total Precipitation" units="mm">26.1</totprecip>
        <grndsnowlastday description="Snow on the Ground on the Last Day" units="cm">0</grndsnowlastday>
        <dirmaxgust description="Direction of Maximum Gust" units="10's Deg">29</dirmaxgust>
        <speedmaxgust description="Speed of Maximum Gust" units="km/h">72</speedmaxgust>
    </stationdata>
    <stationdata month="11" year="1984">
        <meanmaxtemp description="Mean Maximum Temperature" units="°C">7.3</meanmaxtemp>
        <meanmintemp description="Mean Minimum Temperature" units="°C">-1.9</meanmintemp>
        <meanmonthtemp description="Mean Temperature" units="°C">2.7</meanmonthtemp>
        <extrmaxtemp description="Extreme Maximum Temperature" units="°C">20.9</extrmaxtemp>
        <extrmintemp description="Extreme Minimum Temperature" units="°C">-9.6</extrmintemp>
        <totrain description="Total Rain" units="mm">69.3</totrain>
        <totsnow description="Total Snow" units="cm">0.6</totsnow>
        <totprecip description="Total Precipitation" units="mm">69.9</totprecip>
        <grndsnowlastday description="Snow on the Ground on the Last Day" units="cm">0</grndsnowlastday>
        <dirmaxgust description="Direction of Maximum Gust" units="10's Deg">28</dirmaxgust>
        <speedmaxgust description="Speed of Maximum Gust" units="km/h">67</speedmaxgust>
    </stationdata>
    <stationdata month="12" year="1984">
        <meanmaxtemp description="Mean Maximum Temperature" units="°C">4.0</meanmaxtemp>
        <meanmintemp description="Mean Minimum Temperature" units="°C">-4.3</meanmintemp>
        <meanmonthtemp description="Mean Temperature" units="°C">-0.2</meanmonthtemp>
        <extrmaxtemp description="Extreme Maximum Temperature" units="°C">15.4</extrmaxtemp>
        <extrmintemp description="Extreme Minimum Temperature" units="°C">-11.7</extrmintemp>
        <totrain description="Total Rain" units="mm">41.2</totrain>
        <totsnow description="Total Snow" units="cm">19.4</totsnow>
        <totprecip description="Total Precipitation" units="mm">61.3</totprecip>
        <grndsnowlastday description="Snow on the Ground on the Last Day" units="cm">0</grndsnowlastday>
        <dirmaxgust description="Direction of Maximum Gust" units="10's Deg">24</dirmaxgust>
        <speedmaxgust description="Speed of Maximum Gust" units="km/h">83</speedmaxgust>
    </stationdata>
    <stationdata month="1" year="1985">
        <meanmaxtemp description="Mean Maximum Temperature" units="°C">-4.4</meanmaxtemp>
        <meanmintemp description="Mean Minimum Temperature" units="°C">-12.4</meanmintemp>
        <meanmonthtemp description="Mean Temperature" units="°C">-8.4</meanmonthtemp>
        <extrmaxtemp description="Extreme Maximum Temperature" units="°C">2.9</extrmaxtemp>
        <extrmintemp description="Extreme Minimum Temperature" units="°C">-23.7</extrmintemp>
        <totrain description="Total Rain" units="mm">11.4</totrain>
        <totsnow description="Total Snow" units="cm">56.0</totsnow>
        <totprecip description="Total Precipitation" units="mm">76.6</totprecip>
        <grndsnowlastday description="Snow on the Ground on the Last Day" units="cm">11</grndsnowlastday>
        <dirmaxgust description="Direction of Maximum Gust" units="10's Deg">26</dirmaxgust>
        <speedmaxgust description="Speed of Maximum Gust" units="km/h">96</speedmaxgust>
    </stationdata>
    <stationdata month="2" year="1985">
        <meanmaxtemp description="Mean Maximum Temperature" units="°C">-1.7</meanmaxtemp>
        <meanmintemp description="Mean Minimum Temperature" units="°C">-9.9</meanmintemp>
        <meanmonthtemp description="Mean Temperature" units="°C">-5.8</meanmonthtemp>
        <extrmaxtemp description="Extreme Maximum Temperature" units="°C">8.5</extrmaxtemp>
        <extrmintemp description="Extreme Minimum Temperature" units="°C">-19.9</extrmintemp>
        <totrain description="Total Rain" units="mm">36.5</totrain>
        <totsnow description="Total Snow" units="cm">41.0</totsnow>
        <totprecip description="Total Precipitation" units="mm">83.1</totprecip>
        <grndsnowlastday description="Snow on the Ground on the Last Day" units="cm">1</grndsnowlastday>
        <dirmaxgust description="Direction of Maximum Gust" units="10's Deg">7</dirmaxgust>
        <speedmaxgust description="Speed of Maximum Gust" units="km/h">87</speedmaxgust>
    </stationdata>
    <stationdata month="3" year="1985">
        <meanmaxtemp description="Mean Maximum Temperature" units="°C">5.3</meanmaxtemp>
        <meanmintemp description="Mean Minimum Temperature" units="°C">-4.7</meanmintemp>
        <meanmonthtemp description="Mean Temperature" units="°C">0.3</meanmonthtemp>
        <extrmaxtemp description="Extreme Maximum Temperature" units="°C">18.4</extrmaxtemp>
        <extrmintemp description="Extreme Minimum Temperature" units="°C">-13.9</extrmintemp>
        <totrain description="Total Rain" units="mm">45.6</totrain>
        <totsnow description="Total Snow" units="cm">28.6</totsnow>
        <totprecip description="Total Precipitation" units="mm">78.6</totprecip>
        <grndsnowlastday description="Snow on the Ground on the Last Day" flag="T" units="cm">0</grndsnowlastday>
        <dirmaxgust description="Direction of Maximum Gust" units="10's Deg">33</dirmaxgust>
        <speedmaxgust description="Speed of Maximum Gust" units="km/h">81</speedmaxgust>
    </stationdata>
    <stationdata month="4" year="1985">
        <meanmaxtemp description="Mean Maximum Temperature" units="°C">12.9</meanmaxtemp>
        <meanmintemp description="Mean Minimum Temperature" units="°C">1.6</meanmintemp>
        <meanmonthtemp description="Mean Temperature" units="°C">7.3</meanmonthtemp>
        <extrmaxtemp description="Extreme Maximum Temperature" units="°C">30.3</extrmaxtemp>
        <extrmintemp description="Extreme Minimum Temperature" units="°C">-7.2</extrmintemp>
        <totrain description="Total Rain" units="mm">27.5</totrain>
        <totsnow description="Total Snow" units="cm">5.6</totsnow>
        <totprecip description="Total Precipitation" units="mm">33.1</totprecip>
        <grndsnowlastday description="Snow on the Ground on the Last Day" units="cm">0</grndsnowlastday>
        <dirmaxgust description="Direction of Maximum Gust" units="10's Deg">23</dirmaxgust>
        <speedmaxgust description="Speed of Maximum Gust" units="km/h">96</speedmaxgust>
    </stationdata>
    <stationdata month="5" year="1985">
        <meanmaxtemp description="Mean Maximum Temperature" units="°C">19.6</meanmaxtemp>
        <meanmintemp description="Mean Minimum Temperature" units="°C">6.6</meanmintemp>
        <meanmonthtemp description="Mean Temperature" units="°C">13.1</meanmonthtemp>
        <extrmaxtemp description="Extreme Maximum Temperature" units="°C">28.2</extrmaxtemp>
        <extrmintemp description="Extreme Minimum Temperature" units="°C">-0.7</extrmintemp>
        <totrain description="Total Rain" units="mm">75.9</totrain>
        <totsnow description="Total Snow" units="cm">0.0</totsnow>
        <totprecip description="Total Precipitation" units="mm">75.9</totprecip>
        <grndsnowlastday description="Snow on the Ground on the Last Day" units="cm">0</grndsnowlastday>
        <dirmaxgust description="Direction of Maximum Gust" units="10's Deg">23</dirmaxgust>
        <speedmaxgust description="Speed of Maximum Gust" units="km/h">65</speedmaxgust>
    </stationdata>
    <stationdata month="6" year="1985">
        <meanmaxtemp description="Mean Maximum Temperature" units="°C">21.6</meanmaxtemp>
        <meanmintemp description="Mean Minimum Temperature" units="°C">9.7</meanmintemp>
        <meanmonthtemp description="Mean Temperature" units="°C">15.7</meanmonthtemp>
        <extrmaxtemp description="Extreme Maximum Temperature" units="°C">27.6</extrmaxtemp>
        <extrmintemp description="Extreme Minimum Temperature" units="°C">3.3</extrmintemp>
        <totrain description="Total Rain" units="mm">37.3</totrain>
        <totsnow description="Total Snow" units="cm">0.0</totsnow>
        <totprecip description="Total Precipitation" units="mm">37.3</totprecip>
        <grndsnowlastday description="Snow on the Ground on the Last Day" units="cm">0</grndsnowlastday>
        <dirmaxgust description="Direction of Maximum Gust" flag="S" units="10's Deg">27</dirmaxgust>
        <speedmaxgust description="Speed of Maximum Gust" flag="S" units="km/h">61</speedmaxgust>
    </stationdata>
    <stationdata month="7" year="1985">
        <meanmaxtemp description="Mean Maximum Temperature" units="°C">25.5</meanmaxtemp>
        <meanmintemp description="Mean Minimum Temperature" units="°C">13.6</meanmintemp>
        <meanmonthtemp description="Mean Temperature" units="°C">19.6</meanmonthtemp>
        <extrmaxtemp description="Extreme Maximum Temperature" units="°C">31.7</extrmaxtemp>
        <extrmintemp description="Extreme Minimum Temperature" flag="S" units="°C">8.5</extrmintemp>
        <totrain description="Total Rain" units="mm">91.5</totrain>
        <totsnow description="Total Snow" units="cm">0.0</totsnow>
        <totprecip description="Total Precipitation" units="mm">91.5</totprecip>
        <grndsnowlastday description="Snow on the Ground on the Last Day" units="cm">0</grndsnowlastday>
        <dirmaxgust description="Direction of Maximum Gust" units="10's Deg">26</dirmaxgust>
        <speedmaxgust description="Speed of Maximum Gust" units="km/h">63</speedmaxgust>
    </stationdata>
    <stationdata month="8" year="1985">
        <meanmaxtemp description="Mean Maximum Temperature" units="°C">25.1</meanmaxtemp>
        <meanmintemp description="Mean Minimum Temperature" units="°C">13.6</meanmintemp>
        <meanmonthtemp description="Mean Temperature" units="°C">19.4</meanmonthtemp>
        <extrmaxtemp description="Extreme Maximum Temperature" units="°C">33.0</extrmaxtemp>
        <extrmintemp description="Extreme Minimum Temperature" units="°C">9.2</extrmintemp>
        <totrain description="Total Rain" units="mm">152.5</totrain>
        <totsnow description="Total Snow" units="cm">0.0</totsnow>
        <totprecip description="Total Precipitation" units="mm">152.5</totprecip>
        <grndsnowlastday description="Snow on the Ground on the Last Day" units="cm">0</grndsnowlastday>
        <dirmaxgust description="Direction of Maximum Gust" units="10's Deg">26</dirmaxgust>
        <speedmaxgust description="Speed of Maximum Gust" units="km/h">50</speedmaxgust>
    </stationdata>
    <stationdata month="9" year="1985">
        <meanmaxtemp description="Mean Maximum Temperature" units="°C">22.7</meanmaxtemp>
        <meanmintemp description="Mean Minimum Temperature" units="°C">11.3</meanmintemp>
        <meanmonthtemp description="Mean Temperature" units="°C">17.0</meanmonthtemp>
        <extrmaxtemp description="Extreme Maximum Temperature" units="°C">30.2</extrmaxtemp>
        <extrmintemp description="Extreme Minimum Temperature" units="°C">3.4</extrmintemp>
        <totrain description="Total Rain" units="mm">57.6</totrain>
        <totsnow description="Total Snow" units="cm">0.0</totsnow>
        <totprecip description="Total Precipitation" units="mm">57.6</totprecip>
        <grndsnowlastday description="Snow on the Ground on the Last Day" units="cm">0</grndsnowlastday>
        <dirmaxgust description="Direction of Maximum Gust" units="10's Deg">33</dirmaxgust>
        <speedmaxgust description="Speed of Maximum Gust" units="km/h">63</speedmaxgust>
    </stationdata>
    <stationdata month="10" year="1985">
        <meanmaxtemp description="Mean Maximum Temperature" units="°C">14.5</meanmaxtemp>
        <meanmintemp description="Mean Minimum Temperature" units="°C">4.3</meanmintemp>
        <meanmonthtemp description="Mean Temperature" units="°C">9.4</meanmonthtemp>
        <extrmaxtemp description="Extreme Maximum Temperature" units="°C">20.8</extrmaxtemp>
        <extrmintemp description="Extreme Minimum Temperature" units="°C">-3.2</extrmintemp>
        <totrain description="Total Rain" units="mm">52.3</totrain>
        <totsnow description="Total Snow" units="cm">0.0</totsnow>
        <totprecip description="Total Precipitation" units="mm">52.3</totprecip>
        <grndsnowlastday description="Snow on the Ground on the Last Day" units="cm">0</grndsnowlastday>
        <dirmaxgust description="Direction of Maximum Gust" units="10's Deg">20</dirmaxgust>
        <speedmaxgust description="Speed of Maximum Gust" units="km/h">63</speedmaxgust>
    </stationdata>
    <stationdata month="11" year="1985">
        <meanmaxtemp description="Mean Maximum Temperature" units="°C">6.1</meanmaxtemp>
        <meanmintemp description="Mean Minimum Temperature" units="°C">0.7</meanmintemp>
        <meanmonthtemp description="Mean Temperature" units="°C">3.4</meanmonthtemp>
        <extrmaxtemp description="Extreme Maximum Temperature" units="°C">19.0</extrmaxtemp>
        <extrmintemp description="Extreme Minimum Temperature" units="°C">-4.7</extrmintemp>
        <totrain description="Total Rain" units="mm">149.6</totrain>
        <totsnow description="Total Snow" units="cm">11.0</totsnow>
        <totprecip description="Total Precipitation" units="mm">161.8</totprecip>
        <grndsnowlastday description="Snow on the Ground on the Last Day" units="cm">1</grndsnowlastday>
        <dirmaxgust description="Direction of Maximum Gust" units="10's Deg">25</dirmaxgust>
        <speedmaxgust description="Speed of Maximum Gust" units="km/h">93</speedmaxgust>
    </stationdata>
    <stationdata month="12" year="1985">
        <meanmaxtemp description="Mean Maximum Temperature" units="°C">-1.5</meanmaxtemp>
        <meanmintemp description="Mean Minimum Temperature" units="°C">-7.7</meanmintemp>
        <meanmonthtemp description="Mean Temperature" units="°C">-4.6</meanmonthtemp>
        <extrmaxtemp description="Extreme Maximum Temperature" units="°C">11.7</extrmaxtemp>
        <extrmintemp description="Extreme Minimum Temperature" units="°C">-18.3</extrmintemp>
        <totrain description="Total Rain" units="mm">13.9</totrain>
        <totsnow description="Total Snow" units="cm">25.2</totsnow>
        <totprecip description="Total Precipitation" units="mm">35.9</totprecip>
        <grndsnowlastday description="Snow on the Ground on the Last Day" units="cm">8</grndsnowlastday>
        <dirmaxgust description="Direction of Maximum Gust" units="10's Deg">24</dirmaxgust>
        <speedmaxgust description="Speed of Maximum Gust" units="km/h">94</speedmaxgust>
    </stationdata>
    <stationdata month="1" year="1986">
        <meanmaxtemp description="Mean Maximum Temperature" units="°C">-1.6</meanmaxtemp>
        <meanmintemp description="Mean Minimum Temperature" units="°C">-9.5</meanmintemp>
        <meanmonthtemp description="Mean Temperature" units="°C">-5.6</meanmonthtemp>
        <extrmaxtemp description="Extreme Maximum Temperature" units="°C">6.7</extrmaxtemp>
        <extrmintemp description="Extreme Minimum Temperature" units="°C">-21.9</extrmintemp>
        <totrain description="Total Rain" units="mm">14.9</totrain>
        <totsnow description="Total Snow" units="cm">18.8</totsnow>
        <totprecip description="Total Precipitation" units="mm">26.5</totprecip>
        <grndsnowlastday description="Snow on the Ground on the Last Day" units="cm">1</grndsnowlastday>
        <dirmaxgust description="Direction of Maximum Gust" units="10's Deg">34</dirmaxgust>
        <speedmaxgust description="Speed of Maximum Gust" units="km/h">85</speedmaxgust>
    </stationdata>
    <stationdata month="2" year="1986">
        <meanmaxtemp description="Mean Maximum Temperature" units="°C">-2.8</meanmaxtemp>
        <meanmintemp description="Mean Minimum Temperature" units="°C">-9.4</meanmintemp>
        <meanmonthtemp description="Mean Temperature" units="°C">-6.1</meanmonthtemp>
        <extrmaxtemp description="Extreme Maximum Temperature" units="°C">2.5</extrmaxtemp>
        <extrmintemp description="Extreme Minimum Temperature" units="°C">-16.9</extrmintemp>
        <totrain description="Total Rain" units="mm">12.8</totrain>
        <totsnow description="Total Snow" units="cm">20.2</totsnow>
        <totprecip description="Total Precipitation" units="mm">32.0</totprecip>
        <grndsnowlastday description="Snow on the Ground on the Last Day" units="cm">7</grndsnowlastday>
        <dirmaxgust description="Direction of Maximum Gust" units="10's Deg">8</dirmaxgust>
        <speedmaxgust description="Speed of Maximum Gust" units="km/h">63</speedmaxgust>
    </stationdata>
    <stationdata month="3" year="1986">
        <meanmaxtemp description="Mean Maximum Temperature" units="°C">5.5</meanmaxtemp>
        <meanmintemp description="Mean Minimum Temperature" units="°C">-4.4</meanmintemp>
        <meanmonthtemp description="Mean Temperature" units="°C">0.6</meanmonthtemp>
        <extrmaxtemp description="Extreme Maximum Temperature" units="°C">24.5</extrmaxtemp>
        <extrmintemp description="Extreme Minimum Temperature" units="°C">-20.0</extrmintemp>
        <totrain description="Total Rain" units="mm">34.6</totrain>
        <totsnow description="Total Snow" units="cm">14.4</totsnow>
        <totprecip description="Total Precipitation" units="mm">48.8</totprecip>
        <grndsnowlastday description="Snow on the Ground on the Last Day" units="cm">0</grndsnowlastday>
        <dirmaxgust description="Direction of Maximum Gust" units="10's Deg">25</dirmaxgust>
        <speedmaxgust description="Speed of Maximum Gust" units="km/h">85</speedmaxgust>
    </stationdata>
    <stationdata month="4" year="1986">
        <meanmaxtemp description="Mean Maximum Temperature" units="°C">13.1</meanmaxtemp>
        <meanmintemp description="Mean Minimum Temperature" units="°C">2.0</meanmintemp>
        <meanmonthtemp description="Mean Temperature" units="°C">7.6</meanmonthtemp>
        <extrmaxtemp description="Extreme Maximum Temperature" units="°C">25.8</extrmaxtemp>
        <extrmintemp description="Extreme Minimum Temperature" units="°C">-4.7</extrmintemp>
        <totrain description="Total Rain" units="mm">51.6</totrain>
        <totsnow description="Total Snow" units="cm">2.2</totsnow>
        <totprecip description="Total Precipitation" units="mm">54.0</totprecip>
        <grndsnowlastday description="Snow on the Ground on the Last Day" units="cm">0</grndsnowlastday>
        <dirmaxgust description="Direction of Maximum Gust" units="10's Deg">23</dirmaxgust>
        <speedmaxgust description="Speed of Maximum Gust" units="km/h">67</speedmaxgust>
    </stationdata>
    <stationdata month="5" year="1986">
        <meanmaxtemp description="Mean Maximum Temperature" units="°C">20.0</meanmaxtemp>
        <meanmintemp description="Mean Minimum Temperature" units="°C">8.5</meanmintemp>
        <meanmonthtemp description="Mean Temperature" units="°C">14.3</meanmonthtemp>
        <extrmaxtemp description="Extreme Maximum Temperature" units="°C">29.0</extrmaxtemp>
        <extrmintemp description="Extreme Minimum Temperature" units="°C">-3.0</extrmintemp>
        <totrain description="Total Rain" units="mm">75.2</totrain>
        <totsnow description="Total Snow" flag="T" units="cm">0.0</totsnow>
        <totprecip description="Total Precipitation" units="mm">75.2</totprecip>
        <grndsnowlastday description="Snow on the Ground on the Last Day" units="cm">0</grndsnowlastday>
        <dirmaxgust description="Direction of Maximum Gust" units="10's Deg">27</dirmaxgust>
        <speedmaxgust description="Speed of Maximum Gust" units="km/h">72</speedmaxgust>
    </stationdata>
    <stationdata month="6" year="1986">
        <meanmaxtemp description="Mean Maximum Temperature" units="°C">22.6</meanmaxtemp>
        <meanmintemp description="Mean Minimum Temperature" units="°C">10.1</meanmintemp>
        <meanmonthtemp description="Mean Temperature" units="°C">16.4</meanmonthtemp>
        <extrmaxtemp description="Extreme Maximum Temperature" units="°C">31.7</extrmaxtemp>
        <extrmintemp description="Extreme Minimum Temperature" units="°C">2.2</extrmintemp>
        <totrain description="Total Rain" units="mm">67.4</totrain>
        <totsnow description="Total Snow" units="cm">0.0</totsnow>
        <totprecip description="Total Precipitation" units="mm">67.4</totprecip>
        <grndsnowlastday description="Snow on the Ground on the Last Day" units="cm">0</grndsnowlastday>
        <dirmaxgust description="Direction of Maximum Gust" units="10's Deg">33</dirmaxgust>
        <speedmaxgust description="Speed of Maximum Gust" units="km/h">59</speedmaxgust>
    </stationdata>
    <stationdata month="7" year="1986">
        <meanmaxtemp description="Mean Maximum Temperature" units="°C">26.4</meanmaxtemp>
        <meanmintemp description="Mean Minimum Temperature" units="°C">15.6</meanmintemp>
        <meanmonthtemp description="Mean Temperature" units="°C">21.0</meanmonthtemp>
        <extrmaxtemp description="Extreme Maximum Temperature" units="°C">34.3</extrmaxtemp>
        <extrmintemp description="Extreme Minimum Temperature" units="°C">7.8</extrmintemp>
        <totrain description="Total Rain" units="mm">122.3</totrain>
        <totsnow description="Total Snow" units="cm">0.0</totsnow>
        <totprecip description="Total Precipitation" units="mm">122.3</totprecip>
        <grndsnowlastday description="Snow on the Ground on the Last Day" units="cm">0</grndsnowlastday>
        <dirmaxgust description="Direction of Maximum Gust" units="10's Deg">27</dirmaxgust>
        <speedmaxgust description="Speed of Maximum Gust" units="km/h">59</speedmaxgust>
    </stationdata>
    <stationdata month="8" year="1986">
        <meanmaxtemp description="Mean Maximum Temperature" units="°C">24.4</meanmaxtemp>
        <meanmintemp description="Mean Minimum Temperature" units="°C">12.4</meanmintemp>
        <meanmonthtemp description="Mean Temperature" units="°C">18.4</meanmonthtemp>
        <extrmaxtemp description="Extreme Maximum Temperature" units="°C">29.6</extrmaxtemp>
        <extrmintemp description="Extreme Minimum Temperature" units="°C">4.1</extrmintemp>
        <totrain description="Total Rain" units="mm">146.2</totrain>
        <totsnow description="Total Snow" units="cm">0.0</totsnow>
        <totprecip description="Total Precipitation" units="mm">146.2</totprecip>
        <grndsnowlastday description="Snow on the Ground on the Last Day" units="cm">0</grndsnowlastday>
        <dirmaxgust description="Direction of Maximum Gust" flag="S" units="10's Deg">31</dirmaxgust>
        <speedmaxgust description="Speed of Maximum Gust" flag="S" units="km/h">61</speedmaxgust>
    </stationdata>
    <stationdata month="9" year="1986">
        <meanmaxtemp description="Mean Maximum Temperature" units="°C">19.5</meanmaxtemp>
        <meanmintemp description="Mean Minimum Temperature" units="°C">9.9</meanmintemp>
        <meanmonthtemp description="Mean Temperature" units="°C">14.7</meanmonthtemp>
        <extrmaxtemp description="Extreme Maximum Temperature" flag="S" units="°C">25.3</extrmaxtemp>
        <extrmintemp description="Extreme Minimum Temperature" flag="S" units="°C">2.4</extrmintemp>
        <totrain description="Total Rain" units="mm">212.3</totrain>
        <totsnow description="Total Snow" units="cm">0.0</totsnow>
        <totprecip description="Total Precipitation" units="mm">212.3</totprecip>
        <grndsnowlastday description="Snow on the Ground on the Last Day" units="cm">0</grndsnowlastday>
        <dirmaxgust description="Direction of Maximum Gust" units="10's Deg">23</dirmaxgust>
        <speedmaxgust description="Speed of Maximum Gust" units="km/h">81</speedmaxgust>
    </stationdata>
    <stationdata month="10" year="1986">
        <meanmaxtemp description="Mean Maximum Temperature" units="°C">13.9</meanmaxtemp>
        <meanmintemp description="Mean Minimum Temperature" units="°C">3.5</meanmintemp>
        <meanmonthtemp description="Mean Temperature" units="°C">8.7</meanmonthtemp>
        <extrmaxtemp description="Extreme Maximum Temperature" units="°C">20.4</extrmaxtemp>
        <extrmintemp description="Extreme Minimum Temperature" units="°C">-4.5</extrmintemp>
        <totrain description="Total Rain" units="mm">54.8</totrain>
        <totsnow description="Total Snow" units="cm">0.0</totsnow>
        <totprecip description="Total Precipitation" units="mm">54.8</totprecip>
        <grndsnowlastday description="Snow on the Ground on the Last Day" units="cm">0</grndsnowlastday>
        <dirmaxgust description="Direction of Maximum Gust" flag="S" units="10's Deg">32</dirmaxgust>
        <speedmaxgust description="Speed of Maximum Gust" flag="S" units="km/h">61</speedmaxgust>
    </stationdata>
    <stationdata month="11" year="1986">
        <meanmaxtemp description="Mean Maximum Temperature" units="°C">5.9</meanmaxtemp>
        <meanmintemp description="Mean Minimum Temperature" units="°C">-2.7</meanmintemp>
        <meanmonthtemp description="Mean Temperature" units="°C">1.6</meanmonthtemp>
        <extrmaxtemp description="Extreme Maximum Temperature" units="°C">18.8</extrmaxtemp>
        <extrmintemp description="Extreme Minimum Temperature" units="°C">-10.8</extrmintemp>
        <totrain description="Total Rain" units="mm">27.8</totrain>
        <totsnow description="Total Snow" units="cm">14.2</totsnow>
        <totprecip description="Total Precipitation" units="mm">44.4</totprecip>
        <grndsnowlastday description="Snow on the Ground on the Last Day" units="cm">0</grndsnowlastday>
        <dirmaxgust description="Direction of Maximum Gust" units="10's Deg">27</dirmaxgust>
        <speedmaxgust description="Speed of Maximum Gust" units="km/h">80</speedmaxgust>
    </stationdata>
    <stationdata month="12" year="1986">
        <meanmaxtemp description="Mean Maximum Temperature" units="°C">1.7</meanmaxtemp>
        <meanmintemp description="Mean Minimum Temperature" units="°C">-4.1</meanmintemp>
        <meanmonthtemp description="Mean Temperature" units="°C">-1.2</meanmonthtemp>
        <extrmaxtemp description="Extreme Maximum Temperature" flag="S" units="°C">3.9</extrmaxtemp>
        <extrmintemp description="Extreme Minimum Temperature" units="°C">-16.7</extrmintemp>
        <totrain description="Total Rain" units="mm">53.7</totrain>
        <totsnow description="Total Snow" units="cm">13.2</totsnow>
        <totprecip description="Total Precipitation" units="mm">67.3</totprecip>
        <grndsnowlastday description="Snow on the Ground on the Last Day" units="cm">0</grndsnowlastday>
        <dirmaxgust description="Direction of Maximum Gust" units="10's Deg">24</dirmaxgust>
        <speedmaxgust description="Speed of Maximum Gust" units="km/h">69</speedmaxgust>
    </stationdata>
    <stationdata month="1" year="1987">
        <meanmaxtemp description="Mean Maximum Temperature" units="°C">-1.0</meanmaxtemp>
        <meanmintemp description="Mean Minimum Temperature" units="°C">-8.2</meanmintemp>
        <meanmonthtemp description="Mean Temperature" units="°C">-4.6</meanmonthtemp>
        <extrmaxtemp description="Extreme Maximum Temperature" units="°C">5.9</extrmaxtemp>
        <extrmintemp description="Extreme Minimum Temperature" units="°C">-20.7</extrmintemp>
        <totrain description="Total Rain" units="mm">0.6</totrain>
        <totsnow description="Total Snow" units="cm">58.4</totsnow>
        <totprecip description="Total Precipitation" units="mm">56.6</totprecip>
        <grndsnowlastday description="Snow on the Ground on the Last Day" units="cm">10</grndsnowlastday>
        <dirmaxgust description="Direction of Maximum Gust" units="10's Deg">25</dirmaxgust>
        <speedmaxgust description="Speed of Maximum Gust" units="km/h">63</speedmaxgust>
    </stationdata>
    <stationdata month="2" year="1987">
        <meanmaxtemp description="Mean Maximum Temperature" units="°C">-0.7</meanmaxtemp>
        <meanmintemp description="Mean Minimum Temperature" units="°C">-10.8</meanmintemp>
        <meanmonthtemp description="Mean Temperature" units="°C">-5.8</meanmonthtemp>
        <extrmaxtemp description="Extreme Maximum Temperature" units="°C">4.2</extrmaxtemp>
        <extrmintemp description="Extreme Minimum Temperature" units="°C">-23.8</extrmintemp>
        <totrain description="Total Rain" units="mm">3.8</totrain>
        <totsnow description="Total Snow" units="cm">10.0</totsnow>
        <totprecip description="Total Precipitation" units="mm">14.8</totprecip>
        <grndsnowlastday description="Snow on the Ground on the Last Day" flag="T" units="cm">0</grndsnowlastday>
        <dirmaxgust description="Direction of Maximum Gust" units="10's Deg">34</dirmaxgust>
        <speedmaxgust description="Speed of Maximum Gust" units="km/h">93</speedmaxgust>
    </stationdata>
    <stationdata month="3" year="1987">
        <meanmaxtemp description="Mean Maximum Temperature" units="°C">7.6</meanmaxtemp>
        <meanmintemp description="Mean Minimum Temperature" units="°C">-4.0</meanmintemp>
        <meanmonthtemp description="Mean Temperature" units="°C">1.8</meanmonthtemp>
        <extrmaxtemp description="Extreme Maximum Temperature" units="°C">18.2</extrmaxtemp>
        <extrmintemp description="Extreme Minimum Temperature" units="°C">-15.1</extrmintemp>
        <totrain description="Total Rain" units="mm">31.8</totrain>
        <totsnow description="Total Snow" units="cm">14.4</totsnow>
        <totprecip description="Total Precipitation" units="mm">44.2</totprecip>
        <grndsnowlastday description="Snow on the Ground on the Last Day" units="cm">6</grndsnowlastday>
        <dirmaxgust description="Direction of Maximum Gust" flag="S" units="10's Deg">9</dirmaxgust>
        <speedmaxgust description="Speed of Maximum Gust" flag="S" units="km/h">65</speedmaxgust>
    </stationdata>
    <stationdata month="4" year="1987">
        <meanmaxtemp description="Mean Maximum Temperature" units="°C">14.2</meanmaxtemp>
        <meanmintemp description="Mean Minimum Temperature" units="°C">3.3</meanmintemp>
        <meanmonthtemp description="Mean Temperature" units="°C">8.8</meanmonthtemp>
        <extrmaxtemp description="Extreme Maximum Temperature" units="°C">28.8</extrmaxtemp>
        <extrmintemp description="Extreme Minimum Temperature" units="°C">-6.4</extrmintemp>
        <totrain description="Total Rain" units="mm">43.6</totrain>
        <totsnow description="Total Snow" units="cm">5.0</totsnow>
        <totprecip description="Total Precipitation" units="mm">49.8</totprecip>
        <grndsnowlastday description="Snow on the Ground on the Last Day" units="cm">0</grndsnowlastday>
        <dirmaxgust description="Direction of Maximum Gust" units="10's Deg">5</dirmaxgust>
        <speedmaxgust description="Speed of Maximum Gust" units="km/h">87</speedmaxgust>
    </stationdata>
    <stationdata month="5" year="1987">
        <meanmaxtemp description="Mean Maximum Temperature" units="°C">21.4</meanmaxtemp>
        <meanmintemp description="Mean Minimum Temperature" units="°C">7.9</meanmintemp>
        <meanmonthtemp description="Mean Temperature" units="°C">14.7</meanmonthtemp>
        <extrmaxtemp description="Extreme Maximum Temperature" units="°C">33.0</extrmaxtemp>
        <extrmintemp description="Extreme Minimum Temperature" units="°C">-1.3</extrmintemp>
        <totrain description="Total Rain" units="mm">29.6</totrain>
        <totsnow description="Total Snow" units="cm">0.0</totsnow>
        <totprecip description="Total Precipitation" units="mm">29.6</totprecip>
        <grndsnowlastday description="Snow on the Ground on the Last Day" units="cm">0</grndsnowlastday>
        <dirmaxgust description="Direction of Maximum Gust" units="10's Deg">26</dirmaxgust>
        <speedmaxgust description="Speed of Maximum Gust" units="km/h">76</speedmaxgust>
    </stationdata>
    <stationdata month="6" year="1987">
        <meanmaxtemp description="Mean Maximum Temperature" units="°C">26.0</meanmaxtemp>
        <meanmintemp description="Mean Minimum Temperature" units="°C">13.1</meanmintemp>
        <meanmonthtemp description="Mean Temperature" units="°C">19.6</meanmonthtemp>
        <extrmaxtemp description="Extreme Maximum Temperature" units="°C">34.9</extrmaxtemp>
        <extrmintemp description="Extreme Minimum Temperature" units="°C">3.8</extrmintemp>
        <totrain description="Total Rain" units="mm">68.3</totrain>
        <totsnow description="Total Snow" units="cm">0.0</totsnow>
        <totprecip description="Total Precipitation" units="mm">68.3</totprecip>
        <grndsnowlastday description="Snow on the Ground on the Last Day" units="cm">0</grndsnowlastday>
        <dirmaxgust description="Direction of Maximum Gust" flag="S" units="10's Deg">30</dirmaxgust>
        <speedmaxgust description="Speed of Maximum Gust" flag="S" units="km/h">63</speedmaxgust>
    </stationdata>
    <stationdata month="7" year="1987">
        <meanmaxtemp description="Mean Maximum Temperature" units="°C">27.9</meanmaxtemp>
        <meanmintemp description="Mean Minimum Temperature" units="°C">17.1</meanmintemp>
        <meanmonthtemp description="Mean Temperature" units="°C">22.5</meanmonthtemp>
        <extrmaxtemp description="Extreme Maximum Temperature" flag="S" units="°C">33.5</extrmaxtemp>
        <extrmintemp description="Extreme Minimum Temperature" units="°C">10.7</extrmintemp>
        <totrain description="Total Rain" units="mm">108.1</totrain>
        <totsnow description="Total Snow" units="cm">0.0</totsnow>
        <totprecip description="Total Precipitation" units="mm">108.1</totprecip>
        <grndsnowlastday description="Snow on the Ground on the Last Day" units="cm">0</grndsnowlastday>
        <dirmaxgust description="Direction of Maximum Gust" units="10's Deg">2</dirmaxgust>
        <speedmaxgust description="Speed of Maximum Gust" units="km/h">91</speedmaxgust>
    </stationdata>
    <stationdata month="8" year="1987">
        <meanmaxtemp description="Mean Maximum Temperature" units="°C">25.4</meanmaxtemp>
        <meanmintemp description="Mean Minimum Temperature" units="°C">13.7</meanmintemp>
        <meanmonthtemp description="Mean Temperature" units="°C">19.6</meanmonthtemp>
        <extrmaxtemp description="Extreme Maximum Temperature" units="°C">33.0</extrmaxtemp>
        <extrmintemp description="Extreme Minimum Temperature" units="°C">6.0</extrmintemp>
        <totrain description="Total Rain" units="mm">52.3</totrain>
        <totsnow description="Total Snow" units="cm">0.0</totsnow>
        <totprecip description="Total Precipitation" units="mm">52.3</totprecip>
        <grndsnowlastday description="Snow on the Ground on the Last Day" units="cm">0</grndsnowlastday>
        <dirmaxgust description="Direction of Maximum Gust" units="10's Deg">23</dirmaxgust>
        <speedmaxgust description="Speed of Maximum Gust" units="km/h">78</speedmaxgust>
    </stationdata>
    <stationdata month="9" year="1987">
        <meanmaxtemp description="Mean Maximum Temperature" units="°C">20.6</meanmaxtemp>
        <meanmintemp description="Mean Minimum Temperature" units="°C">10.3</meanmintemp>
        <meanmonthtemp description="Mean Temperature" units="°C">15.5</meanmonthtemp>
        <extrmaxtemp description="Extreme Maximum Temperature" units="°C">27.0</extrmaxtemp>
        <extrmintemp description="Extreme Minimum Temperature" units="°C">3.6</extrmintemp>
        <totrain description="Total Rain" units="mm">108.0</totrain>
        <totsnow description="Total Snow" units="cm">0.0</totsnow>
        <totprecip description="Total Precipitation" units="mm">108.0</totprecip>
        <grndsnowlastday description="Snow on the Ground on the Last Day" units="cm">0</grndsnowlastday>
        <dirmaxgust description="Direction of Maximum Gust" units="10's Deg">29</dirmaxgust>
        <speedmaxgust description="Speed of Maximum Gust" units="km/h">54</speedmaxgust>
    </stationdata>
    <stationdata month="10" year="1987">
        <meanmaxtemp description="Mean Maximum Temperature" units="°C">12.2</meanmaxtemp>
        <meanmintemp description="Mean Minimum Temperature" units="°C">1.8</meanmintemp>
        <meanmonthtemp description="Mean Temperature" units="°C">7.0</meanmonthtemp>
        <extrmaxtemp description="Extreme Maximum Temperature" units="°C">20.4</extrmaxtemp>
        <extrmintemp description="Extreme Minimum Temperature" units="°C">-3.6</extrmintemp>
        <totrain description="Total Rain" units="mm">47.1</totrain>
        <totsnow description="Total Snow" units="cm">1.0</totsnow>
        <totprecip description="Total Precipitation" units="mm">48.1</totprecip>
        <grndsnowlastday description="Snow on the Ground on the Last Day" units="cm">0</grndsnowlastday>
        <dirmaxgust description="Direction of Maximum Gust" units="10's Deg">22</dirmaxgust>
        <speedmaxgust description="Speed of Maximum Gust" units="km/h">57</speedmaxgust>
    </stationdata>
    <stationdata month="11" year="1987">
        <meanmaxtemp description="Mean Maximum Temperature" units="°C">7.8</meanmaxtemp>
        <meanmintemp description="Mean Minimum Temperature" units="°C">-1.0</meanmintemp>
        <meanmonthtemp description="Mean Temperature" units="°C">3.4</meanmonthtemp>
        <extrmaxtemp description="Extreme Maximum Temperature" units="°C">22.1</extrmaxtemp>
        <extrmintemp description="Extreme Minimum Temperature" units="°C">-13.0</extrmintemp>
        <totrain description="Total Rain" units="mm">77.8</totrain>
        <totsnow description="Total Snow" units="cm">5.6</totsnow>
        <totprecip description="Total Precipitation" units="mm">83.4</totprecip>
        <grndsnowlastday description="Snow on the Ground on the Last Day" units="cm">0</grndsnowlastday>
        <dirmaxgust description="Direction of Maximum Gust" units="10's Deg">30</dirmaxgust>
        <speedmaxgust description="Speed of Maximum Gust" units="km/h">69</speedmaxgust>
    </stationdata>
    <stationdata month="12" year="1987">
        <meanmaxtemp description="Mean Maximum Temperature" units="°C">2.6</meanmaxtemp>
        <meanmintemp description="Mean Minimum Temperature" units="°C">-3.1</meanmintemp>
        <meanmonthtemp description="Mean Temperature" units="°C">-0.3</meanmonthtemp>
        <extrmaxtemp description="Extreme Maximum Temperature" units="°C">13.0</extrmaxtemp>
        <extrmintemp description="Extreme Minimum Temperature" units="°C">-16.1</extrmintemp>
        <totrain description="Total Rain" units="mm">32.6</totrain>
        <totsnow description="Total Snow" units="cm">12.6</totsnow>
        <totprecip description="Total Precipitation" units="mm">47.4</totprecip>
        <grndsnowlastday description="Snow on the Ground on the Last Day" flag="T" units="cm">0</grndsnowlastday>
        <dirmaxgust description="Direction of Maximum Gust" units="10's Deg">9</dirmaxgust>
        <speedmaxgust description="Speed of Maximum Gust" units="km/h">74</speedmaxgust>
    </stationdata>
    <stationdata month="1" year="1988">
        <meanmaxtemp description="Mean Maximum Temperature" units="°C">-0.1</meanmaxtemp>
        <meanmintemp description="Mean Minimum Temperature" units="°C">-8.9</meanmintemp>
        <meanmonthtemp description="Mean Temperature" units="°C">-4.5</meanmonthtemp>
        <extrmaxtemp description="Extreme Maximum Temperature" units="°C">14.0</extrmaxtemp>
        <extrmintemp description="Extreme Minimum Temperature" units="°C">-23.7</extrmintemp>
        <totrain description="Total Rain" units="mm">16.9</totrain>
        <totsnow description="Total Snow" units="cm">4.8</totsnow>
        <totprecip description="Total Precipitation" units="mm">21.5</totprecip>
        <grndsnowlastday description="Snow on the Ground on the Last Day" units="cm">0</grndsnowlastday>
        <dirmaxgust description="Direction of Maximum Gust" units="10's Deg">27</dirmaxgust>
        <speedmaxgust description="Speed of Maximum Gust" units="km/h">76</speedmaxgust>
    </stationdata>
    <stationdata month="2" year="1988">
        <meanmaxtemp description="Mean Maximum Temperature" units="°C">-1.8</meanmaxtemp>
        <meanmintemp description="Mean Minimum Temperature" units="°C">-11.7</meanmintemp>
        <meanmonthtemp description="Mean Temperature" units="°C">-6.8</meanmonthtemp>
        <extrmaxtemp description="Extreme Maximum Temperature" units="°C">8.9</extrmaxtemp>
        <extrmintemp description="Extreme Minimum Temperature" units="°C">-19.4</extrmintemp>
        <totrain description="Total Rain" units="mm">12.0</totrain>
        <totsnow description="Total Snow" units="cm">52.0</totsnow>
        <totprecip description="Total Precipitation" units="mm">64.6</totprecip>
        <grndsnowlastday description="Snow on the Ground on the Last Day" units="cm">4</grndsnowlastday>
        <dirmaxgust description="Direction of Maximum Gust" units="10's Deg">20</dirmaxgust>
        <speedmaxgust description="Speed of Maximum Gust" units="km/h">87</speedmaxgust>
    </stationdata>
    <stationdata month="3" year="1988">
        <meanmaxtemp description="Mean Maximum Temperature" units="°C">3.8</meanmaxtemp>
        <meanmintemp description="Mean Minimum Temperature" units="°C">-5.3</meanmintemp>
        <meanmonthtemp description="Mean Temperature" units="°C">-0.8</meanmonthtemp>
        <extrmaxtemp description="Extreme Maximum Temperature" units="°C">19.0</extrmaxtemp>
        <extrmintemp description="Extreme Minimum Temperature" units="°C">-16.4</extrmintemp>
        <totrain description="Total Rain" units="mm">21.2</totrain>
        <totsnow description="Total Snow" units="cm">2.4</totsnow>
        <totprecip description="Total Precipitation" units="mm">23.6</totprecip>
        <grndsnowlastday description="Snow on the Ground on the Last Day" units="cm">0</grndsnowlastday>
        <dirmaxgust description="Direction of Maximum Gust" units="10's Deg">23</dirmaxgust>
        <speedmaxgust description="Speed of Maximum Gust" units="km/h">81</speedmaxgust>
    </stationdata>
    <stationdata month="4" year="1988">
        <meanmaxtemp description="Mean Maximum Temperature" units="°C">10.7</meanmaxtemp>
        <meanmintemp description="Mean Minimum Temperature" units="°C">1.1</meanmintemp>
        <meanmonthtemp description="Mean Temperature" units="°C">5.9</meanmonthtemp>
        <extrmaxtemp description="Extreme Maximum Temperature" units="°C">18.0</extrmaxtemp>
        <extrmintemp description="Extreme Minimum Temperature" units="°C">-3.0</extrmintemp>
        <totrain description="Total Rain" units="mm">55.2</totrain>
        <totsnow description="Total Snow" flag="T" units="cm">0.0</totsnow>
        <totprecip description="Total Precipitation" units="mm">55.2</totprecip>
        <grndsnowlastday description="Snow on the Ground on the Last Day" units="cm">0</grndsnowlastday>
        <dirmaxgust description="Direction of Maximum Gust" units="10's Deg">24</dirmaxgust>
        <speedmaxgust description="Speed of Maximum Gust" units="km/h">70</speedmaxgust>
    </stationdata>
    <stationdata month="5" year="1988">
        <meanmaxtemp description="Mean Maximum Temperature" units="°C">20.2</meanmaxtemp>
        <meanmintemp description="Mean Minimum Temperature" units="°C">7.6</meanmintemp>
        <meanmonthtemp description="Mean Temperature" units="°C">13.9</meanmonthtemp>
        <extrmaxtemp description="Extreme Maximum Temperature" units="°C">31.0</extrmaxtemp>
        <extrmintemp description="Extreme Minimum Temperature" units="°C">0.7</extrmintemp>
        <totrain description="Total Rain" units="mm">39.6</totrain>
        <totsnow description="Total Snow" units="cm">0.0</totsnow>
        <totprecip description="Total Precipitation" units="mm">39.6</totprecip>
        <grndsnowlastday description="Snow on the Ground on the Last Day" units="cm">0</grndsnowlastday>
        <dirmaxgust description="Direction of Maximum Gust" units="10's Deg">29</dirmaxgust>
        <speedmaxgust description="Speed of Maximum Gust" units="km/h">69</speedmaxgust>
    </stationdata>
    <stationdata month="6" year="1988">
        <meanmaxtemp description="Mean Maximum Temperature" units="°C">25.0</meanmaxtemp>
        <meanmintemp description="Mean Minimum Temperature" units="°C">10.4</meanmintemp>
        <meanmonthtemp description="Mean Temperature" units="°C">17.7</meanmonthtemp>
        <extrmaxtemp description="Extreme Maximum Temperature" units="°C">36.0</extrmaxtemp>
        <extrmintemp description="Extreme Minimum Temperature" units="°C">3.3</extrmintemp>
        <totrain description="Total Rain" units="mm">25.0</totrain>
        <totsnow description="Total Snow" units="cm">0.0</totsnow>
        <totprecip description="Total Precipitation" units="mm">25.0</totprecip>
        <grndsnowlastday description="Snow on the Ground on the Last Day" units="cm">0</grndsnowlastday>
        <dirmaxgust description="Direction of Maximum Gust" units="10's Deg">28</dirmaxgust>
        <speedmaxgust description="Speed of Maximum Gust" units="km/h">61</speedmaxgust>
    </stationdata>
    <stationdata month="7" year="1988">
        <meanmaxtemp description="Mean Maximum Temperature" units="°C">29.7</meanmaxtemp>
        <meanmintemp description="Mean Minimum Temperature" units="°C">16.1</meanmintemp>
        <meanmonthtemp description="Mean Temperature" units="°C">22.9</meanmonthtemp>
        <extrmaxtemp description="Extreme Maximum Temperature" units="°C">37.6</extrmaxtemp>
        <extrmintemp description="Extreme Minimum Temperature" units="°C">7.6</extrmintemp>
        <totrain description="Total Rain" units="mm">109.7</totrain>
        <totsnow description="Total Snow" units="cm">0.0</totsnow>
        <totprecip description="Total Precipitation" units="mm">109.7</totprecip>
        <grndsnowlastday description="Snow on the Ground on the Last Day" units="cm">0</grndsnowlastday>
        <dirmaxgust description="Direction of Maximum Gust" units="10's Deg">30</dirmaxgust>
        <speedmaxgust description="Speed of Maximum Gust" units="km/h">70</speedmaxgust>
    </stationdata>
    <stationdata month="8" year="1988">
        <meanmaxtemp description="Mean Maximum Temperature" units="°C">27.4</meanmaxtemp>
        <meanmintemp description="Mean Minimum Temperature" units="°C">15.3</meanmintemp>
        <meanmonthtemp description="Mean Temperature" units="°C">21.4</meanmonthtemp>
        <extrmaxtemp description="Extreme Maximum Temperature" units="°C">35.0</extrmaxtemp>
        <extrmintemp description="Extreme Minimum Temperature" units="°C">6.2</extrmintemp>
        <totrain description="Total Rain" units="mm">37.2</totrain>
        <totsnow description="Total Snow" units="cm">0.0</totsnow>
        <totprecip description="Total Precipitation" units="mm">37.2</totprecip>
        <grndsnowlastday description="Snow on the Ground on the Last Day" units="cm">0</grndsnowlastday>
        <dirmaxgust description="Direction of Maximum Gust" units="10's Deg">27</dirmaxgust>
        <speedmaxgust description="Speed of Maximum Gust" units="km/h">57</speedmaxgust>
    </stationdata>
    <stationdata month="9" year="1988">
        <meanmaxtemp description="Mean Maximum Temperature" units="°C">21.2</meanmaxtemp>
        <meanmintemp description="Mean Minimum Temperature" units="°C">9.7</meanmintemp>
        <meanmonthtemp description="Mean Temperature" units="°C">15.5</meanmonthtemp>
        <extrmaxtemp description="Extreme Maximum Temperature" units="°C">28.1</extrmaxtemp>
        <extrmintemp description="Extreme Minimum Temperature" units="°C">3.8</extrmintemp>
        <totrain description="Total Rain" units="mm">70.6</totrain>
        <totsnow description="Total Snow" units="cm">0.0</totsnow>
        <totprecip description="Total Precipitation" units="mm">70.6</totprecip>
        <grndsnowlastday description="Snow on the Ground on the Last Day" units="cm">0</grndsnowlastday>
        <dirmaxgust description="Direction of Maximum Gust" units="10's Deg">32</dirmaxgust>
        <speedmaxgust description="Speed of Maximum Gust" units="km/h">63</speedmaxgust>
    </stationdata>
    <stationdata month="10" year="1988">
        <meanmaxtemp description="Mean Maximum Temperature" units="°C">11.6</meanmaxtemp>
        <meanmintemp description="Mean Minimum Temperature" units="°C">2.7</meanmintemp>
        <meanmonthtemp description="Mean Temperature" units="°C">7.2</meanmonthtemp>
        <extrmaxtemp description="Extreme Maximum Temperature" units="°C">26.9</extrmaxtemp>
        <extrmintemp description="Extreme Minimum Temperature" units="°C">-4.5</extrmintemp>
        <totrain description="Total Rain" units="mm">67.4</totrain>
        <totsnow description="Total Snow" flag="T" units="cm">0.0</totsnow>
        <totprecip description="Total Precipitation" units="mm">67.4</totprecip>
        <grndsnowlastday description="Snow on the Ground on the Last Day" units="cm">0</grndsnowlastday>
        <dirmaxgust description="Direction of Maximum Gust" units="10's Deg">19</dirmaxgust>
        <speedmaxgust description="Speed of Maximum Gust" units="km/h">72</speedmaxgust>
    </stationdata>
    <stationdata month="11" year="1988">
        <meanmaxtemp description="Mean Maximum Temperature" units="°C">8.0</meanmaxtemp>
        <meanmintemp description="Mean Minimum Temperature" units="°C">1.0</meanmintemp>
        <meanmonthtemp description="Mean Temperature" units="°C">4.5</meanmonthtemp>
        <extrmaxtemp description="Extreme Maximum Temperature" units="°C">16.8</extrmaxtemp>
        <extrmintemp description="Extreme Minimum Temperature" units="°C">-4.3</extrmintemp>
        <totrain description="Total Rain" units="mm">58.1</totrain>
        <totsnow description="Total Snow" flag="T" units="cm">0.0</totsnow>
        <totprecip description="Total Precipitation" units="mm">58.1</totprecip>
        <grndsnowlastday description="Snow on the Ground on the Last Day" units="cm">0</grndsnowlastday>
        <dirmaxgust description="Direction of Maximum Gust" units="10's Deg">26</dirmaxgust>
        <speedmaxgust description="Speed of Maximum Gust" units="km/h">85</speedmaxgust>
    </stationdata>
    <stationdata month="12" year="1988">
        <meanmaxtemp description="Mean Maximum Temperature" units="°C">1.5</meanmaxtemp>
        <meanmintemp description="Mean Minimum Temperature" units="°C">-7.1</meanmintemp>
        <meanmonthtemp description="Mean Temperature" units="°C">-2.8</meanmonthtemp>
        <extrmaxtemp description="Extreme Maximum Temperature" units="°C">11.7</extrmaxtemp>
        <extrmintemp description="Extreme Minimum Temperature" units="°C">-20.0</extrmintemp>
        <totrain description="Total Rain" units="mm">18.6</totrain>
        <totsnow description="Total Snow" units="cm">15.6</totsnow>
        <totprecip description="Total Precipitation" units="mm">31.5</totprecip>
        <grndsnowlastday description="Snow on the Ground on the Last Day" flag="T" units="cm">0</grndsnowlastday>
        <dirmaxgust description="Direction of Maximum Gust" units="10's Deg">25</dirmaxgust>
        <speedmaxgust description="Speed of Maximum Gust" units="km/h">80</speedmaxgust>
    </stationdata>
    <stationdata month="1" year="1989">
        <meanmaxtemp description="Mean Maximum Temperature" units="°C">1.9</meanmaxtemp>
        <meanmintemp description="Mean Minimum Temperature" units="°C">-6.2</meanmintemp>
        <meanmonthtemp description="Mean Temperature" units="°C">-2.2</meanmonthtemp>
        <extrmaxtemp description="Extreme Maximum Temperature" units="°C">10.7</extrmaxtemp>
        <extrmintemp description="Extreme Minimum Temperature" units="°C">-22.8</extrmintemp>
        <totrain description="Total Rain" units="mm">18.8</totrain>
        <totsnow description="Total Snow" units="cm">11.2</totsnow>
        <totprecip description="Total Precipitation" units="mm">25.9</totprecip>
        <grndsnowlastday description="Snow on the Ground on the Last Day" units="cm">0</grndsnowlastday>
        <dirmaxgust description="Direction of Maximum Gust" units="10's Deg">24</dirmaxgust>
        <speedmaxgust description="Speed of Maximum Gust" units="km/h">80</speedmaxgust>
    </stationdata>
    <stationdata month="2" year="1989">
        <meanmaxtemp description="Mean Maximum Temperature" units="°C">-2.3</meanmaxtemp>
        <meanmintemp description="Mean Minimum Temperature" units="°C">-10.6</meanmintemp>
        <meanmonthtemp description="Mean Temperature" units="°C">-6.5</meanmonthtemp>
        <extrmaxtemp description="Extreme Maximum Temperature" units="°C">10.0</extrmaxtemp>
        <extrmintemp description="Extreme Minimum Temperature" units="°C">-18.3</extrmintemp>
        <totrain description="Total Rain" units="mm">0.8</totrain>
        <totsnow description="Total Snow" units="cm">22.0</totsnow>
        <totprecip description="Total Precipitation" units="mm">19.0</totprecip>
        <grndsnowlastday description="Snow on the Ground on the Last Day" units="cm">7</grndsnowlastday>
        <dirmaxgust description="Direction of Maximum Gust" units="10's Deg">26</dirmaxgust>
        <speedmaxgust description="Speed of Maximum Gust" units="km/h">87</speedmaxgust>
    </stationdata>
    <stationdata month="3" year="1989">
        <meanmaxtemp description="Mean Maximum Temperature" units="°C">2.6</meanmaxtemp>
        <meanmintemp description="Mean Minimum Temperature" units="°C">-6.7</meanmintemp>
        <meanmonthtemp description="Mean Temperature" units="°C">-2.1</meanmonthtemp>
        <extrmaxtemp description="Extreme Maximum Temperature" units="°C">21.8</extrmaxtemp>
        <extrmintemp description="Extreme Minimum Temperature" units="°C">-20.2</extrmintemp>
        <totrain description="Total Rain" units="mm">14.6</totrain>
        <totsnow description="Total Snow" units="cm">16.8</totsnow>
        <totprecip description="Total Precipitation" units="mm">37.1</totprecip>
        <grndsnowlastday description="Snow on the Ground on the Last Day" units="cm">0</grndsnowlastday>
        <dirmaxgust description="Direction of Maximum Gust" units="10's Deg">25</dirmaxgust>
        <speedmaxgust description="Speed of Maximum Gust" units="km/h">74</speedmaxgust>
    </stationdata>
    <stationdata month="4" year="1989">
        <meanmaxtemp description="Mean Maximum Temperature" units="°C">10.3</meanmaxtemp>
        <meanmintemp description="Mean Minimum Temperature" units="°C">-0.2</meanmintemp>
        <meanmonthtemp description="Mean Temperature" units="°C">5.1</meanmonthtemp>
        <extrmaxtemp description="Extreme Maximum Temperature" units="°C">19.7</extrmaxtemp>
        <extrmintemp description="Extreme Minimum Temperature" units="°C">-6.8</extrmintemp>
        <totrain description="Total Rain" units="mm">36.6</totrain>
        <totsnow description="Total Snow" units="cm">6.0</totsnow>
        <totprecip description="Total Precipitation" units="mm">41.1</totprecip>
        <grndsnowlastday description="Snow on the Ground on the Last Day" units="cm">0</grndsnowlastday>
        <dirmaxgust description="Direction of Maximum Gust" units="10's Deg">28</dirmaxgust>
        <speedmaxgust description="Speed of Maximum Gust" units="km/h">56</speedmaxgust>
    </stationdata>
    <stationdata month="5" year="1989">
        <meanmaxtemp description="Mean Maximum Temperature" units="°C">18.5</meanmaxtemp>
        <meanmintemp description="Mean Minimum Temperature" units="°C">7.4</meanmintemp>
        <meanmonthtemp description="Mean Temperature" units="°C">13.0</meanmonthtemp>
        <extrmaxtemp description="Extreme Maximum Temperature" units="°C">27.2</extrmaxtemp>
        <extrmintemp description="Extreme Minimum Temperature" units="°C">0.8</extrmintemp>
        <totrain description="Total Rain" units="mm">78.2</totrain>
        <totsnow description="Total Snow" units="cm">0.6</totsnow>
        <totprecip description="Total Precipitation" units="mm">79.2</totprecip>
        <grndsnowlastday description="Snow on the Ground on the Last Day" units="cm">0</grndsnowlastday>
        <dirmaxgust description="Direction of Maximum Gust" units="10's Deg">30</dirmaxgust>
        <speedmaxgust description="Speed of Maximum Gust" units="km/h">65</speedmaxgust>
    </stationdata>
    <stationdata month="6" year="1989">
        <meanmaxtemp description="Mean Maximum Temperature" units="°C">23.5</meanmaxtemp>
        <meanmintemp description="Mean Minimum Temperature" units="°C">13.3</meanmintemp>
        <meanmonthtemp description="Mean Temperature" units="°C">18.4</meanmonthtemp>
        <extrmaxtemp description="Extreme Maximum Temperature" units="°C">31.4</extrmaxtemp>
        <extrmintemp description="Extreme Minimum Temperature" units="°C">7.4</extrmintemp>
        <totrain description="Total Rain" units="mm">94.7</totrain>
        <totsnow description="Total Snow" units="cm">0.0</totsnow>
        <totprecip description="Total Precipitation" units="mm">94.7</totprecip>
        <grndsnowlastday description="Snow on the Ground on the Last Day" units="cm">0</grndsnowlastday>
        <dirmaxgust description="Direction of Maximum Gust" units="10's Deg">36</dirmaxgust>
        <speedmaxgust description="Speed of Maximum Gust" units="km/h">57</speedmaxgust>
    </stationdata>
    <stationdata month="7" year="1989">
        <meanmaxtemp description="Mean Maximum Temperature" units="°C">27.7</meanmaxtemp>
        <meanmintemp description="Mean Minimum Temperature" units="°C">15.2</meanmintemp>
        <meanmonthtemp description="Mean Temperature" units="°C">21.5</meanmonthtemp>
        <extrmaxtemp description="Extreme Maximum Temperature" units="°C">32.6</extrmaxtemp>
        <extrmintemp description="Extreme Minimum Temperature" units="°C">9.1</extrmintemp>
        <totrain description="Total Rain" units="mm">70.4</totrain>
        <totsnow description="Total Snow" units="cm">0.0</totsnow>
        <totprecip description="Total Precipitation" units="mm">70.4</totprecip>
        <grndsnowlastday description="Snow on the Ground on the Last Day" units="cm">0</grndsnowlastday>
        <dirmaxgust description="Direction of Maximum Gust" units="10's Deg">27</dirmaxgust>
        <speedmaxgust description="Speed of Maximum Gust" units="km/h">69</speedmaxgust>
    </stationdata>
    <stationdata month="8" year="1989">
        <meanmaxtemp description="Mean Maximum Temperature" units="°C">25.4</meanmaxtemp>
        <meanmintemp description="Mean Minimum Temperature" units="°C">13.9</meanmintemp>
        <meanmonthtemp description="Mean Temperature" units="°C">19.7</meanmonthtemp>
        <extrmaxtemp description="Extreme Maximum Temperature" units="°C">33.3</extrmaxtemp>
        <extrmintemp description="Extreme Minimum Temperature" units="°C">6.9</extrmintemp>
        <totrain description="Total Rain" units="mm">39.6</totrain>
        <totsnow description="Total Snow" units="cm">0.0</totsnow>
        <totprecip description="Total Precipitation" units="mm">39.6</totprecip>
        <grndsnowlastday description="Snow on the Ground on the Last Day" units="cm">0</grndsnowlastday>
        <dirmaxgust description="Direction of Maximum Gust" units="10's Deg">28</dirmaxgust>
        <speedmaxgust description="Speed of Maximum Gust" units="km/h">61</speedmaxgust>
    </stationdata>
    <stationdata month="9" year="1989">
        <meanmaxtemp description="Mean Maximum Temperature" units="°C">21.5</meanmaxtemp>
        <meanmintemp description="Mean Minimum Temperature" units="°C">9.9</meanmintemp>
        <meanmonthtemp description="Mean Temperature" units="°C">15.7</meanmonthtemp>
        <extrmaxtemp description="Extreme Maximum Temperature" units="°C">30.2</extrmaxtemp>
        <extrmintemp description="Extreme Minimum Temperature" units="°C">-1.9</extrmintemp>
        <totrain description="Total Rain" units="mm">44.1</totrain>
        <totsnow description="Total Snow" units="cm">0.0</totsnow>
        <totprecip description="Total Precipitation" units="mm">44.1</totprecip>
        <grndsnowlastday description="Snow on the Ground on the Last Day" units="cm">0</grndsnowlastday>
        <dirmaxgust description="Direction of Maximum Gust" units="10's Deg">32</dirmaxgust>
        <speedmaxgust description="Speed of Maximum Gust" units="km/h">80</speedmaxgust>
    </stationdata>
    <stationdata month="10" year="1989">
        <meanmaxtemp description="Mean Maximum Temperature" units="°C">15.4</meanmaxtemp>
        <meanmintemp description="Mean Minimum Temperature" units="°C">4.2</meanmintemp>
        <meanmonthtemp description="Mean Temperature" units="°C">9.8</meanmonthtemp>
        <extrmaxtemp description="Extreme Maximum Temperature" units="°C">25.0</extrmaxtemp>
        <extrmintemp description="Extreme Minimum Temperature" units="°C">-3.4</extrmintemp>
        <totrain description="Total Rain" units="mm">76.0</totrain>
        <totsnow description="Total Snow" flag="T" units="cm">0.0</totsnow>
        <totprecip description="Total Precipitation" units="mm">76.2</totprecip>
        <grndsnowlastday description="Snow on the Ground on the Last Day" units="cm">0</grndsnowlastday>
        <dirmaxgust description="Direction of Maximum Gust" units="10's Deg">31</dirmaxgust>
        <speedmaxgust description="Speed of Maximum Gust" units="km/h">104</speedmaxgust>
    </stationdata>
    <stationdata month="11" year="1989">
        <meanmaxtemp description="Mean Maximum Temperature" units="°C">6.5</meanmaxtemp>
        <meanmintemp description="Mean Minimum Temperature" units="°C">-2.8</meanmintemp>
        <meanmonthtemp description="Mean Temperature" units="°C">1.9</meanmonthtemp>
        <extrmaxtemp description="Extreme Maximum Temperature" units="°C">17.2</extrmaxtemp>
        <extrmintemp description="Extreme Minimum Temperature" units="°C">-13.2</extrmintemp>
        <totrain description="Total Rain" units="mm">78.3</totrain>
        <totsnow description="Total Snow" units="cm">5.0</totsnow>
        <totprecip description="Total Precipitation" units="mm">78.5</totprecip>
        <grndsnowlastday description="Snow on the Ground on the Last Day" flag="T" units="cm">0</grndsnowlastday>
        <dirmaxgust description="Direction of Maximum Gust" units="10's Deg">31</dirmaxgust>
        <speedmaxgust description="Speed of Maximum Gust" units="km/h">91</speedmaxgust>
    </stationdata>
    <stationdata month="12" year="1989">
        <meanmaxtemp description="Mean Maximum Temperature" units="°C">-5.4</meanmaxtemp>
        <meanmintemp description="Mean Minimum Temperature" units="°C">-14.7</meanmintemp>
        <meanmonthtemp description="Mean Temperature" units="°C">-10.1</meanmonthtemp>
        <extrmaxtemp description="Extreme Maximum Temperature" units="°C">5.0</extrmaxtemp>
        <extrmintemp description="Extreme Minimum Temperature" units="°C">-25.0</extrmintemp>
        <totrain description="Total Rain" units="mm">3.6</totrain>
        <totsnow description="Total Snow" units="cm">30.6</totsnow>
        <totprecip description="Total Precipitation" units="mm">23.8</totprecip>
        <grndsnowlastday description="Snow on the Ground on the Last Day" units="cm">10</grndsnowlastday>
        <dirmaxgust description="Direction of Maximum Gust" flag="S" units="10's Deg">35</dirmaxgust>
        <speedmaxgust description="Speed of Maximum Gust" flag="S" units="km/h">63</speedmaxgust>
    </stationdata>
    <stationdata month="1" year="1990">
        <meanmaxtemp description="Mean Maximum Temperature" units="°C">2.8</meanmaxtemp>
        <meanmintemp description="Mean Minimum Temperature" units="°C">-4.3</meanmintemp>
        <meanmonthtemp description="Mean Temperature" units="°C">-0.8</meanmonthtemp>
        <extrmaxtemp description="Extreme Maximum Temperature" units="°C">9.6</extrmaxtemp>
        <extrmintemp description="Extreme Minimum Temperature" units="°C">-13.1</extrmintemp>
        <totrain description="Total Rain" units="mm">23.1</totrain>
        <totsnow description="Total Snow" units="cm">12.8</totsnow>
        <totprecip description="Total Precipitation" units="mm">36.7</totprecip>
        <grndsnowlastday description="Snow on the Ground on the Last Day" units="cm">6</grndsnowlastday>
        <dirmaxgust description="Direction of Maximum Gust" units="10's Deg">22</dirmaxgust>
        <speedmaxgust description="Speed of Maximum Gust" units="km/h">89</speedmaxgust>
    </stationdata>
    <stationdata month="2" year="1990">
        <meanmaxtemp description="Mean Maximum Temperature" units="°C">1.0</meanmaxtemp>
        <meanmintemp description="Mean Minimum Temperature" units="°C">-8.0</meanmintemp>
        <meanmonthtemp description="Mean Temperature" units="°C">-3.5</meanmonthtemp>
        <extrmaxtemp description="Extreme Maximum Temperature" units="°C">11.6</extrmaxtemp>
        <extrmintemp description="Extreme Minimum Temperature" units="°C">-19.5</extrmintemp>
        <totrain description="Total Rain" units="mm">47.0</totrain>
        <totsnow description="Total Snow" units="cm">26.0</totsnow>
        <totprecip description="Total Precipitation" units="mm">76.9</totprecip>
        <grndsnowlastday description="Snow on the Ground on the Last Day" units="cm">9</grndsnowlastday>
        <dirmaxgust description="Direction of Maximum Gust" units="10's Deg">27</dirmaxgust>
        <speedmaxgust description="Speed of Maximum Gust" units="km/h">70</speedmaxgust>
    </stationdata>
    <stationdata month="3" year="1990">
        <meanmaxtemp description="Mean Maximum Temperature" units="°C">5.1</meanmaxtemp>
        <meanmintemp description="Mean Minimum Temperature" units="°C">-3.8</meanmintemp>
        <meanmonthtemp description="Mean Temperature" units="°C">0.7</meanmonthtemp>
        <extrmaxtemp description="Extreme Maximum Temperature" units="°C">21.4</extrmaxtemp>
        <extrmintemp description="Extreme Minimum Temperature" units="°C">-13.5</extrmintemp>
        <totrain description="Total Rain" units="mm">24.7</totrain>
        <totsnow description="Total Snow" units="cm">4.4</totsnow>
        <totprecip description="Total Precipitation" units="mm">28.7</totprecip>
        <grndsnowlastday description="Snow on the Ground on the Last Day" units="cm">0</grndsnowlastday>
        <dirmaxgust description="Direction of Maximum Gust" units="10's Deg">23</dirmaxgust>
        <speedmaxgust description="Speed of Maximum Gust" units="km/h">74</speedmaxgust>
    </stationdata>
    <stationdata month="4" year="1990">
        <meanmaxtemp description="Mean Maximum Temperature" units="°C">13.7</meanmaxtemp>
        <meanmintemp description="Mean Minimum Temperature" units="°C">2.8</meanmintemp>
        <meanmonthtemp description="Mean Temperature" units="°C">8.3</meanmonthtemp>
        <extrmaxtemp description="Extreme Maximum Temperature" units="°C">31.1</extrmaxtemp>
        <extrmintemp description="Extreme Minimum Temperature" units="°C">-14.3</extrmintemp>
        <totrain description="Total Rain" units="mm">50.8</totrain>
        <totsnow description="Total Snow" units="cm">2.6</totsnow>
        <totprecip description="Total Precipitation" units="mm">53.0</totprecip>
        <grndsnowlastday description="Snow on the Ground on the Last Day" units="cm">0</grndsnowlastday>
        <dirmaxgust description="Direction of Maximum Gust" units="10's Deg">29</dirmaxgust>
        <speedmaxgust description="Speed of Maximum Gust" units="km/h">67</speedmaxgust>
    </stationdata>
    <stationdata month="5" year="1990">
        <meanmaxtemp description="Mean Maximum Temperature" units="°C">17.3</meanmaxtemp>
        <meanmintemp description="Mean Minimum Temperature" units="°C">5.9</meanmintemp>
        <meanmonthtemp description="Mean Temperature" units="°C">11.6</meanmonthtemp>
        <extrmaxtemp description="Extreme Maximum Temperature" units="°C">25.2</extrmaxtemp>
        <extrmintemp description="Extreme Minimum Temperature" units="°C">-0.2</extrmintemp>
        <totrain description="Total Rain" units="mm">86.6</totrain>
        <totsnow description="Total Snow" flag="T" units="cm">0.0</totsnow>
        <totprecip description="Total Precipitation" units="mm">86.6</totprecip>
        <grndsnowlastday description="Snow on the Ground on the Last Day" units="cm">0</grndsnowlastday>
        <dirmaxgust description="Direction of Maximum Gust" units="10's Deg">27</dirmaxgust>
        <speedmaxgust description="Speed of Maximum Gust" units="km/h">93</speedmaxgust>
    </stationdata>
    <stationdata month="6" year="1990">
        <meanmaxtemp description="Mean Maximum Temperature" units="°C">24.6</meanmaxtemp>
        <meanmintemp description="Mean Minimum Temperature" units="°C">12.7</meanmintemp>
        <meanmonthtemp description="Mean Temperature" units="°C">18.7</meanmonthtemp>
        <extrmaxtemp description="Extreme Maximum Temperature" units="°C">30.2</extrmaxtemp>
        <extrmintemp description="Extreme Minimum Temperature" units="°C">4.3</extrmintemp>
        <totrain description="Total Rain" units="mm">69.4</totrain>
        <totsnow description="Total Snow" units="cm">0.0</totsnow>
        <totprecip description="Total Precipitation" units="mm">69.4</totprecip>
        <grndsnowlastday description="Snow on the Ground on the Last Day" units="cm">0</grndsnowlastday>
        <dirmaxgust description="Direction of Maximum Gust" units="10's Deg">29</dirmaxgust>
        <speedmaxgust description="Speed of Maximum Gust" units="km/h">107</speedmaxgust>
    </stationdata>
    <stationdata month="7" year="1990">
        <meanmaxtemp description="Mean Maximum Temperature" units="°C">26.6</meanmaxtemp>
        <meanmintemp description="Mean Minimum Temperature" units="°C">15.1</meanmintemp>
        <meanmonthtemp description="Mean Temperature" units="°C">20.9</meanmonthtemp>
        <extrmaxtemp description="Extreme Maximum Temperature" units="°C">35.4</extrmaxtemp>
        <extrmintemp description="Extreme Minimum Temperature" units="°C">10.7</extrmintemp>
        <totrain description="Total Rain" units="mm">68.4</totrain>
        <totsnow description="Total Snow" units="cm">0.0</totsnow>
        <totprecip description="Total Precipitation" units="mm">68.4</totprecip>
        <grndsnowlastday description="Snow on the Ground on the Last Day" units="cm">0</grndsnowlastday>
        <dirmaxgust description="Direction of Maximum Gust" units="10's Deg">28</dirmaxgust>
        <speedmaxgust description="Speed of Maximum Gust" units="km/h">74</speedmaxgust>
    </stationdata>
    <stationdata month="8" year="1990">
        <meanmaxtemp description="Mean Maximum Temperature" units="°C">25.7</meanmaxtemp>
        <meanmintemp description="Mean Minimum Temperature" units="°C">14.9</meanmintemp>
        <meanmonthtemp description="Mean Temperature" units="°C">20.3</meanmonthtemp>
        <extrmaxtemp description="Extreme Maximum Temperature" flag="S" units="°C">30.4</extrmaxtemp>
        <extrmintemp description="Extreme Minimum Temperature" flag="S" units="°C">10.6</extrmintemp>
        <totrain description="Total Rain" units="mm">112.6</totrain>
        <totsnow description="Total Snow" units="cm">0.0</totsnow>
        <totprecip description="Total Precipitation" units="mm">112.6</totprecip>
        <grndsnowlastday description="Snow on the Ground on the Last Day" units="cm">0</grndsnowlastday>
        <dirmaxgust description="Direction of Maximum Gust" units="10's Deg">31</dirmaxgust>
        <speedmaxgust description="Speed of Maximum Gust" units="km/h">83</speedmaxgust>
    </stationdata>
    <stationdata month="9" year="1990">
        <meanmaxtemp description="Mean Maximum Temperature" units="°C">20.8</meanmaxtemp>
        <meanmintemp description="Mean Minimum Temperature" units="°C">9.8</meanmintemp>
        <meanmonthtemp description="Mean Temperature" units="°C">15.3</meanmonthtemp>
        <extrmaxtemp description="Extreme Maximum Temperature" units="°C">28.5</extrmaxtemp>
        <extrmintemp description="Extreme Minimum Temperature" units="°C">2.6</extrmintemp>
        <totrain description="Total Rain" units="mm">42.8</totrain>
        <totsnow description="Total Snow" units="cm">0.0</totsnow>
        <totprecip description="Total Precipitation" units="mm">42.8</totprecip>
        <grndsnowlastday description="Snow on the Ground on the Last Day" units="cm">0</grndsnowlastday>
        <dirmaxgust description="Direction of Maximum Gust" units="10's Deg">25</dirmaxgust>
        <speedmaxgust description="Speed of Maximum Gust" units="km/h">56</speedmaxgust>
    </stationdata>
    <stationdata month="10" year="1990">
        <meanmaxtemp description="Mean Maximum Temperature" units="°C">14.6</meanmaxtemp>
        <meanmintemp description="Mean Minimum Temperature" units="°C">4.3</meanmintemp>
        <meanmonthtemp description="Mean Temperature" units="°C">9.5</meanmonthtemp>
        <extrmaxtemp description="Extreme Maximum Temperature" units="°C">26.0</extrmaxtemp>
        <extrmintemp description="Extreme Minimum Temperature" units="°C">-3.1</extrmintemp>
        <totrain description="Total Rain" units="mm">87.8</totrain>
        <totsnow description="Total Snow" units="cm">0.0</totsnow>
        <totprecip description="Total Precipitation" units="mm">87.8</totprecip>
        <grndsnowlastday description="Snow on the Ground on the Last Day" units="cm">0</grndsnowlastday>
        <dirmaxgust description="Direction of Maximum Gust" units="10's Deg">24</dirmaxgust>
        <speedmaxgust description="Speed of Maximum Gust" units="km/h">76</speedmaxgust>
    </stationdata>
    <stationdata month="11" year="1990">
        <meanmaxtemp description="Mean Maximum Temperature" units="°C">9.3</meanmaxtemp>
        <meanmintemp description="Mean Minimum Temperature" units="°C">-0.2</meanmintemp>
        <meanmonthtemp description="Mean Temperature" units="°C">4.6</meanmonthtemp>
        <extrmaxtemp description="Extreme Maximum Temperature" units="°C">22.1</extrmaxtemp>
        <extrmintemp description="Extreme Minimum Temperature" units="°C">-6.5</extrmintemp>
        <totrain description="Total Rain" units="mm">38.6</totrain>
        <totsnow description="Total Snow" units="cm">1.6</totsnow>
        <totprecip description="Total Precipitation" units="mm">39.6</totprecip>
        <grndsnowlastday description="Snow on the Ground on the Last Day" units="cm">0</grndsnowlastday>
        <dirmaxgust description="Direction of Maximum Gust" units="10's Deg">30</dirmaxgust>
        <speedmaxgust description="Speed of Maximum Gust" units="km/h">102</speedmaxgust>
    </stationdata>
    <stationdata month="12" year="1990">
        <meanmaxtemp description="Mean Maximum Temperature" units="°C">3.3</meanmaxtemp>
        <meanmintemp description="Mean Minimum Temperature" units="°C">-5.2</meanmintemp>
        <meanmonthtemp description="Mean Temperature" units="°C">-1.0</meanmonthtemp>
        <extrmaxtemp description="Extreme Maximum Temperature" units="°C">13.5</extrmaxtemp>
        <extrmintemp description="Extreme Minimum Temperature" units="°C">-15.5</extrmintemp>
        <totrain description="Total Rain" units="mm">81.5</totrain>
        <totsnow description="Total Snow" units="cm">28.8</totsnow>
        <totprecip description="Total Precipitation" units="mm">112.8</totprecip>
        <grndsnowlastday description="Snow on the Ground on the Last Day" units="cm">2</grndsnowlastday>
        <dirmaxgust description="Direction of Maximum Gust" units="10's Deg">9</dirmaxgust>
        <speedmaxgust description="Speed of Maximum Gust" units="km/h">80</speedmaxgust>
    </stationdata>
    <stationdata month="1" year="1991">
        <meanmaxtemp description="Mean Maximum Temperature" units="°C">-1.7</meanmaxtemp>
        <meanmintemp description="Mean Minimum Temperature" units="°C">-9.7</meanmintemp>
        <meanmonthtemp description="Mean Temperature" units="°C">-5.7</meanmonthtemp>
        <extrmaxtemp description="Extreme Maximum Temperature" units="°C">4.9</extrmaxtemp>
        <extrmintemp description="Extreme Minimum Temperature" units="°C">-18.8</extrmintemp>
        <totrain description="Total Rain" units="mm">11.3</totrain>
        <totsnow description="Total Snow" units="cm">24.6</totsnow>
        <totprecip description="Total Precipitation" units="mm">33.6</totprecip>
        <grndsnowlastday description="Snow on the Ground on the Last Day" units="cm">4</grndsnowlastday>
        <dirmaxgust description="Direction of Maximum Gust" units="10's Deg">26</dirmaxgust>
        <speedmaxgust description="Speed of Maximum Gust" units="km/h">74</speedmaxgust>
    </stationdata>
    <stationdata month="2" year="1991">
        <meanmaxtemp description="Mean Maximum Temperature" units="°C">1.9</meanmaxtemp>
        <meanmintemp description="Mean Minimum Temperature" units="°C">-6.7</meanmintemp>
        <meanmonthtemp description="Mean Temperature" units="°C">-2.4</meanmonthtemp>
        <extrmaxtemp description="Extreme Maximum Temperature" units="°C">11.0</extrmaxtemp>
        <extrmintemp description="Extreme Minimum Temperature" units="°C">-21.3</extrmintemp>
        <totrain description="Total Rain" units="mm">2.9</totrain>
        <totsnow description="Total Snow" units="cm">24.0</totsnow>
        <totprecip description="Total Precipitation" units="mm">23.5</totprecip>
        <grndsnowlastday description="Snow on the Ground on the Last Day" units="cm">3</grndsnowlastday>
        <dirmaxgust description="Direction of Maximum Gust" units="10's Deg">29</dirmaxgust>
        <speedmaxgust description="Speed of Maximum Gust" units="km/h">70</speedmaxgust>
    </stationdata>
    <stationdata month="3" year="1991">
        <meanmaxtemp description="Mean Maximum Temperature" units="°C">6.1</meanmaxtemp>
        <meanmintemp description="Mean Minimum Temperature" units="°C">-2.8</meanmintemp>
        <meanmonthtemp description="Mean Temperature" units="°C">1.6</meanmonthtemp>
        <extrmaxtemp description="Extreme Maximum Temperature" units="°C">18.1</extrmaxtemp>
        <extrmintemp description="Extreme Minimum Temperature" units="°C">-10.6</extrmintemp>
        <totrain description="Total Rain" units="mm">88.0</totrain>
        <totsnow description="Total Snow" units="cm">9.4</totsnow>
        <totprecip description="Total Precipitation" units="mm">98.1</totprecip>
        <grndsnowlastday description="Snow on the Ground on the Last Day" units="cm">0</grndsnowlastday>
        <dirmaxgust description="Direction of Maximum Gust" units="10's Deg">26</dirmaxgust>
        <speedmaxgust description="Speed of Maximum Gust" units="km/h">93</speedmaxgust>
    </stationdata>
    <stationdata month="4" year="1991">
        <meanmaxtemp description="Mean Maximum Temperature" units="°C">13.4</meanmaxtemp>
        <meanmintemp description="Mean Minimum Temperature" units="°C">3.9</meanmintemp>
        <meanmonthtemp description="Mean Temperature" units="°C">8.7</meanmonthtemp>
        <extrmaxtemp description="Extreme Maximum Temperature" units="°C">27.6</extrmaxtemp>
        <extrmintemp description="Extreme Minimum Temperature" units="°C">-4.6</extrmintemp>
        <totrain description="Total Rain" units="mm">114.7</totrain>
        <totsnow description="Total Snow" units="cm">0.4</totsnow>
        <totprecip description="Total Precipitation" units="mm">115.4</totprecip>
        <grndsnowlastday description="Snow on the Ground on the Last Day" units="cm">0</grndsnowlastday>
        <dirmaxgust description="Direction of Maximum Gust" flag="S" units="10's Deg">23</dirmaxgust>
        <speedmaxgust description="Speed of Maximum Gust" flag="S" units="km/h">76</speedmaxgust>
    </stationdata>
    <stationdata month="5" year="1991">
        <meanmaxtemp description="Mean Maximum Temperature" units="°C">22.3</meanmaxtemp>
        <meanmintemp description="Mean Minimum Temperature" units="°C">10.3</meanmintemp>
        <meanmonthtemp description="Mean Temperature" units="°C">16.3</meanmonthtemp>
        <extrmaxtemp description="Extreme Maximum Temperature" units="°C">30.5</extrmaxtemp>
        <extrmintemp description="Extreme Minimum Temperature" units="°C">1.3</extrmintemp>
        <totrain description="Total Rain" units="mm">83.6</totrain>
        <totsnow description="Total Snow" units="cm">0.0</totsnow>
        <totprecip description="Total Precipitation" units="mm">83.6</totprecip>
        <grndsnowlastday description="Snow on the Ground on the Last Day" units="cm">0</grndsnowlastday>
        <dirmaxgust description="Direction of Maximum Gust" units="10's Deg">36</dirmaxgust>
        <speedmaxgust description="Speed of Maximum Gust" units="km/h">61</speedmaxgust>
    </stationdata>
    <stationdata month="6" year="1991">
        <meanmaxtemp description="Mean Maximum Temperature" units="°C">26.2</meanmaxtemp>
        <meanmintemp description="Mean Minimum Temperature" units="°C">13.8</meanmintemp>
        <meanmonthtemp description="Mean Temperature" units="°C">20.0</meanmonthtemp>
        <extrmaxtemp description="Extreme Maximum Temperature" units="°C">34.4</extrmaxtemp>
        <extrmintemp description="Extreme Minimum Temperature" units="°C">5.3</extrmintemp>
        <totrain description="Total Rain" units="mm">24.4</totrain>
        <totsnow description="Total Snow" units="cm">0.0</totsnow>
        <totprecip description="Total Precipitation" units="mm">24.4</totprecip>
        <grndsnowlastday description="Snow on the Ground on the Last Day" units="cm">0</grndsnowlastday>
        <dirmaxgust description="Direction of Maximum Gust" units="10's Deg">23</dirmaxgust>
        <speedmaxgust description="Speed of Maximum Gust" units="km/h">98</speedmaxgust>
    </stationdata>
    <stationdata month="7" year="1991">
        <meanmaxtemp description="Mean Maximum Temperature" units="°C">27.5</meanmaxtemp>
        <meanmintemp description="Mean Minimum Temperature" units="°C">15.8</meanmintemp>
        <meanmonthtemp description="Mean Temperature" units="°C">21.7</meanmonthtemp>
        <extrmaxtemp description="Extreme Maximum Temperature" units="°C">35.1</extrmaxtemp>
        <extrmintemp description="Extreme Minimum Temperature" units="°C">10.7</extrmintemp>
        <totrain description="Total Rain" units="mm">91.0</totrain>
        <totsnow description="Total Snow" units="cm">0.0</totsnow>
        <totprecip description="Total Precipitation" units="mm">91.0</totprecip>
        <grndsnowlastday description="Snow on the Ground on the Last Day" units="cm">0</grndsnowlastday>
        <dirmaxgust description="Direction of Maximum Gust" units="10's Deg">7</dirmaxgust>
        <speedmaxgust description="Speed of Maximum Gust" units="km/h">98</speedmaxgust>
    </stationdata>
    <stationdata month="8" year="1991">
        <meanmaxtemp description="Mean Maximum Temperature" units="°C">26.6</meanmaxtemp>
        <meanmintemp description="Mean Minimum Temperature" units="°C">15.5</meanmintemp>
        <meanmonthtemp description="Mean Temperature" units="°C">21.1</meanmonthtemp>
        <extrmaxtemp description="Extreme Maximum Temperature" units="°C">33.0</extrmaxtemp>
        <extrmintemp description="Extreme Minimum Temperature" units="°C">10.2</extrmintemp>
        <totrain description="Total Rain" units="mm">91.4</totrain>
        <totsnow description="Total Snow" units="cm">0.0</totsnow>
        <totprecip description="Total Precipitation" units="mm">91.4</totprecip>
        <grndsnowlastday description="Snow on the Ground on the Last Day" units="cm">0</grndsnowlastday>
        <dirmaxgust description="Direction of Maximum Gust" units="10's Deg">28</dirmaxgust>
        <speedmaxgust description="Speed of Maximum Gust" units="km/h">80</speedmaxgust>
    </stationdata>
    <stationdata month="9" year="1991">
        <meanmaxtemp description="Mean Maximum Temperature" units="°C">21.0</meanmaxtemp>
        <meanmintemp description="Mean Minimum Temperature" units="°C">8.7</meanmintemp>
        <meanmonthtemp description="Mean Temperature" units="°C">14.9</meanmonthtemp>
        <extrmaxtemp description="Extreme Maximum Temperature" units="°C">32.5</extrmaxtemp>
        <extrmintemp description="Extreme Minimum Temperature" units="°C">-0.8</extrmintemp>
        <totrain description="Total Rain" units="mm">52.1</totrain>
        <totsnow description="Total Snow" units="cm">0.0</totsnow>
        <totprecip description="Total Precipitation" units="mm">52.1</totprecip>
        <grndsnowlastday description="Snow on the Ground on the Last Day" units="cm">0</grndsnowlastday>
        <dirmaxgust description="Direction of Maximum Gust" units="10's Deg">24</dirmaxgust>
        <speedmaxgust description="Speed of Maximum Gust" units="km/h">89</speedmaxgust>
    </stationdata>
    <stationdata month="10" year="1991">
        <meanmaxtemp description="Mean Maximum Temperature" units="°C">15.4</meanmaxtemp>
        <meanmintemp description="Mean Minimum Temperature" units="°C">5.3</meanmintemp>
        <meanmonthtemp description="Mean Temperature" units="°C">10.4</meanmonthtemp>
        <extrmaxtemp description="Extreme Maximum Temperature" units="°C">26.6</extrmaxtemp>
        <extrmintemp description="Extreme Minimum Temperature" units="°C">-3.0</extrmintemp>
        <totrain description="Total Rain" units="mm">46.3</totrain>
        <totsnow description="Total Snow" flag="T" units="cm">0.0</totsnow>
        <totprecip description="Total Precipitation" units="mm">46.3</totprecip>
        <grndsnowlastday description="Snow on the Ground on the Last Day" units="cm">0</grndsnowlastday>
        <dirmaxgust description="Direction of Maximum Gust" flag="S" units="10's Deg">24</dirmaxgust>
        <speedmaxgust description="Speed of Maximum Gust" flag="S" units="km/h">65</speedmaxgust>
    </stationdata>
    <stationdata month="11" year="1991">
        <meanmaxtemp description="Mean Maximum Temperature" units="°C">6.4</meanmaxtemp>
        <meanmintemp description="Mean Minimum Temperature" units="°C">-1.5</meanmintemp>
        <meanmonthtemp description="Mean Temperature" units="°C">2.4</meanmonthtemp>
        <extrmaxtemp description="Extreme Maximum Temperature" units="°C">18.3</extrmaxtemp>
        <extrmintemp description="Extreme Minimum Temperature" units="°C">-8.4</extrmintemp>
        <totrain description="Total Rain" units="mm">42.5</totrain>
        <totsnow description="Total Snow" units="cm">18.2</totsnow>
        <totprecip description="Total Precipitation" units="mm">56.3</totprecip>
        <grndsnowlastday description="Snow on the Ground on the Last Day" flag="T" units="cm">0</grndsnowlastday>
        <dirmaxgust description="Direction of Maximum Gust" units="10's Deg">24</dirmaxgust>
        <speedmaxgust description="Speed of Maximum Gust" units="km/h">83</speedmaxgust>
    </stationdata>
    <stationdata month="12" year="1991">
        <meanmaxtemp description="Mean Maximum Temperature" units="°C">2.2</meanmaxtemp>
        <meanmintemp description="Mean Minimum Temperature" units="°C">-6.9</meanmintemp>
        <meanmonthtemp description="Mean Temperature" units="°C">-2.4</meanmonthtemp>
        <extrmaxtemp description="Extreme Maximum Temperature" units="°C">13.3</extrmaxtemp>
        <extrmintemp description="Extreme Minimum Temperature" units="°C">-17.9</extrmintemp>
        <totrain description="Total Rain" units="mm">13.4</totrain>
        <totsnow description="Total Snow" units="cm">34.0</totsnow>
        <totprecip description="Total Precipitation" units="mm">44.7</totprecip>
        <grndsnowlastday description="Snow on the Ground on the Last Day" flag="T" units="cm">0</grndsnowlastday>
        <dirmaxgust description="Direction of Maximum Gust" units="10's Deg">26</dirmaxgust>
        <speedmaxgust description="Speed of Maximum Gust" units="km/h">74</speedmaxgust>
    </stationdata>
    <stationdata month="1" year="1992">
        <meanmaxtemp description="Mean Maximum Temperature" units="°C">-0.8</meanmaxtemp>
        <meanmintemp description="Mean Minimum Temperature" units="°C">-7.6</meanmintemp>
        <meanmonthtemp description="Mean Temperature" units="°C">-4.2</meanmonthtemp>
        <extrmaxtemp description="Extreme Maximum Temperature" units="°C">7.2</extrmaxtemp>
        <extrmintemp description="Extreme Minimum Temperature" units="°C">-22.1</extrmintemp>
        <totrain description="Total Rain" units="mm">13.6</totrain>
        <totsnow description="Total Snow" units="cm">26.6</totsnow>
        <totprecip description="Total Precipitation" units="mm">37.2</totprecip>
        <grndsnowlastday description="Snow on the Ground on the Last Day" units="cm">4</grndsnowlastday>
        <dirmaxgust description="Direction of Maximum Gust" units="10's Deg">35</dirmaxgust>
        <speedmaxgust description="Speed of Maximum Gust" units="km/h">83</speedmaxgust>
    </stationdata>
    <stationdata month="2" year="1992">
        <meanmaxtemp description="Mean Maximum Temperature" units="°C">0.0</meanmaxtemp>
        <meanmintemp description="Mean Minimum Temperature" units="°C">-7.8</meanmintemp>
        <meanmonthtemp description="Mean Temperature" units="°C">-3.9</meanmonthtemp>
        <extrmaxtemp description="Extreme Maximum Temperature" flag="S" units="°C">4.9</extrmaxtemp>
        <extrmintemp description="Extreme Minimum Temperature" flag="S" units="°C">-19.2</extrmintemp>
        <totrain description="Total Rain" units="mm">23.6</totrain>
        <totsnow description="Total Snow" units="cm">10.0</totsnow>
        <totprecip description="Total Precipitation" units="mm">35.0</totprecip>
        <grndsnowlastday description="Snow on the Ground on the Last Day" flag="T" units="cm">0</grndsnowlastday>
        <dirmaxgust description="Direction of Maximum Gust" units="10's Deg">31</dirmaxgust>
        <speedmaxgust description="Speed of Maximum Gust" units="km/h">57</speedmaxgust>
    </stationdata>
    <stationdata month="3" year="1992">
        <meanmaxtemp description="Mean Maximum Temperature" units="°C">3.5</meanmaxtemp>
        <meanmintemp description="Mean Minimum Temperature" units="°C">-5.8</meanmintemp>
        <meanmonthtemp description="Mean Temperature" units="°C">-1.1</meanmonthtemp>
        <extrmaxtemp description="Extreme Maximum Temperature" units="°C">12.3</extrmaxtemp>
        <extrmintemp description="Extreme Minimum Temperature" units="°C">-14.5</extrmintemp>
        <totrain description="Total Rain" units="mm">16.5</totrain>
        <totsnow description="Total Snow" units="cm">6.6</totsnow>
        <totprecip description="Total Precipitation" units="mm">21.7</totprecip>
        <grndsnowlastday description="Snow on the Ground on the Last Day" units="cm">0</grndsnowlastday>
        <dirmaxgust description="Direction of Maximum Gust" units="10's Deg">34</dirmaxgust>
        <speedmaxgust description="Speed of Maximum Gust" units="km/h">80</speedmaxgust>
    </stationdata>
    <stationdata month="4" year="1992">
        <meanmaxtemp description="Mean Maximum Temperature" units="°C">9.9</meanmaxtemp>
        <meanmintemp description="Mean Minimum Temperature" units="°C">1.2</meanmintemp>
        <meanmonthtemp description="Mean Temperature" units="°C">5.6</meanmonthtemp>
        <extrmaxtemp description="Extreme Maximum Temperature" units="°C">18.9</extrmaxtemp>
        <extrmintemp description="Extreme Minimum Temperature" units="°C">-6.1</extrmintemp>
        <totrain description="Total Rain" units="mm">133.4</totrain>
        <totsnow description="Total Snow" units="cm">0.6</totsnow>
        <totprecip description="Total Precipitation" units="mm">133.8</totprecip>
        <grndsnowlastday description="Snow on the Ground on the Last Day" units="cm">0</grndsnowlastday>
        <dirmaxgust description="Direction of Maximum Gust" units="10's Deg">28</dirmaxgust>
        <speedmaxgust description="Speed of Maximum Gust" units="km/h">59</speedmaxgust>
    </stationdata>
    <stationdata month="5" year="1992">
        <meanmaxtemp description="Mean Maximum Temperature" units="°C">18.3</meanmaxtemp>
        <meanmintemp description="Mean Minimum Temperature" units="°C">6.3</meanmintemp>
        <meanmonthtemp description="Mean Temperature" units="°C">12.3</meanmonthtemp>
        <extrmaxtemp description="Extreme Maximum Temperature" units="°C">29.8</extrmaxtemp>
        <extrmintemp description="Extreme Minimum Temperature" units="°C">0.6</extrmintemp>
        <totrain description="Total Rain" units="mm">69.7</totrain>
        <totsnow description="Total Snow" units="cm">0.0</totsnow>
        <totprecip description="Total Precipitation" units="mm">69.7</totprecip>
        <grndsnowlastday description="Snow on the Ground on the Last Day" units="cm">0</grndsnowlastday>
        <dirmaxgust description="Direction of Maximum Gust" units="10's Deg">30</dirmaxgust>
        <speedmaxgust description="Speed of Maximum Gust" units="km/h">74</speedmaxgust>
    </stationdata>
    <stationdata month="6" year="1992">
        <meanmaxtemp description="Mean Maximum Temperature" units="°C">22.6</meanmaxtemp>
        <meanmintemp description="Mean Minimum Temperature" units="°C">10.1</meanmintemp>
        <meanmonthtemp description="Mean Temperature" units="°C">16.4</meanmonthtemp>
        <extrmaxtemp description="Extreme Maximum Temperature" units="°C">31.5</extrmaxtemp>
        <extrmintemp description="Extreme Minimum Temperature" units="°C">4.6</extrmintemp>
        <totrain description="Total Rain" units="mm">37.2</totrain>
        <totsnow description="Total Snow" units="cm">0.0</totsnow>
        <totprecip description="Total Precipitation" units="mm">37.2</totprecip>
        <grndsnowlastday description="Snow on the Ground on the Last Day" units="cm">0</grndsnowlastday>
        <dirmaxgust description="Direction of Maximum Gust" units="10's Deg">24</dirmaxgust>
        <speedmaxgust description="Speed of Maximum Gust" units="km/h">70</speedmaxgust>
    </stationdata>
    <stationdata month="7" year="1992">
        <meanmaxtemp description="Mean Maximum Temperature" units="°C">22.9</meanmaxtemp>
        <meanmintemp description="Mean Minimum Temperature" units="°C">13.1</meanmintemp>
        <meanmonthtemp description="Mean Temperature" units="°C">18.0</meanmonthtemp>
        <extrmaxtemp description="Extreme Maximum Temperature" units="°C">26.8</extrmaxtemp>
        <extrmintemp description="Extreme Minimum Temperature" units="°C">7.9</extrmintemp>
        <totrain description="Total Rain" units="mm">134.5</totrain>
        <totsnow description="Total Snow" units="cm">0.0</totsnow>
        <totprecip description="Total Precipitation" units="mm">134.5</totprecip>
        <grndsnowlastday description="Snow on the Ground on the Last Day" units="cm">0</grndsnowlastday>
        <dirmaxgust description="Direction of Maximum Gust" units="10's Deg">22</dirmaxgust>
        <speedmaxgust description="Speed of Maximum Gust" units="km/h">52</speedmaxgust>
    </stationdata>
    <stationdata month="8" year="1992">
        <meanmaxtemp description="Mean Maximum Temperature" units="°C">23.0</meanmaxtemp>
        <meanmintemp description="Mean Minimum Temperature" units="°C">12.8</meanmintemp>
        <meanmonthtemp description="Mean Temperature" units="°C">17.9</meanmonthtemp>
        <extrmaxtemp description="Extreme Maximum Temperature" units="°C">30.5</extrmaxtemp>
        <extrmintemp description="Extreme Minimum Temperature" units="°C">8.0</extrmintemp>
        <totrain description="Total Rain" units="mm">154.4</totrain>
        <totsnow description="Total Snow" units="cm">0.0</totsnow>
        <totprecip description="Total Precipitation" units="mm">154.4</totprecip>
        <grndsnowlastday description="Snow on the Ground on the Last Day" units="cm">0</grndsnowlastday>
        <dirmaxgust description="Direction of Maximum Gust" units="10's Deg">30</dirmaxgust>
        <speedmaxgust description="Speed of Maximum Gust" units="km/h">76</speedmaxgust>
    </stationdata>
    <stationdata month="9" year="1992">
        <meanmaxtemp description="Mean Maximum Temperature" units="°C">20.2</meanmaxtemp>
        <meanmintemp description="Mean Minimum Temperature" units="°C">9.1</meanmintemp>
        <meanmonthtemp description="Mean Temperature" units="°C">14.7</meanmonthtemp>
        <extrmaxtemp description="Extreme Maximum Temperature" units="°C">28.3</extrmaxtemp>
        <extrmintemp description="Extreme Minimum Temperature" units="°C">1.7</extrmintemp>
        <totrain description="Total Rain" units="mm">98.4</totrain>
        <totsnow description="Total Snow" units="cm">0.0</totsnow>
        <totprecip description="Total Precipitation" units="mm">98.4</totprecip>
        <grndsnowlastday description="Snow on the Ground on the Last Day" units="cm">0</grndsnowlastday>
        <dirmaxgust description="Direction of Maximum Gust" units="10's Deg">26</dirmaxgust>
        <speedmaxgust description="Speed of Maximum Gust" units="km/h">70</speedmaxgust>
    </stationdata>
    <stationdata month="10" year="1992">
        <meanmaxtemp description="Mean Maximum Temperature" units="°C">12.5</meanmaxtemp>
        <meanmintemp description="Mean Minimum Temperature" units="°C">2.3</meanmintemp>
        <meanmonthtemp description="Mean Temperature" units="°C">7.4</meanmonthtemp>
        <extrmaxtemp description="Extreme Maximum Temperature" units="°C">24.7</extrmaxtemp>
        <extrmintemp description="Extreme Minimum Temperature" units="°C">-4.3</extrmintemp>
        <totrain description="Total Rain" units="mm">65.2</totrain>
        <totsnow description="Total Snow" units="cm">0.4</totsnow>
        <totprecip description="Total Precipitation" units="mm">66.0</totprecip>
        <grndsnowlastday description="Snow on the Ground on the Last Day" units="cm">0</grndsnowlastday>
        <dirmaxgust description="Direction of Maximum Gust" units="10's Deg">28</dirmaxgust>
        <speedmaxgust description="Speed of Maximum Gust" units="km/h">80</speedmaxgust>
    </stationdata>
    <stationdata month="11" year="1992">
        <meanmaxtemp description="Mean Maximum Temperature" units="°C">5.9</meanmaxtemp>
        <meanmintemp description="Mean Minimum Temperature" units="°C">-0.3</meanmintemp>
        <meanmonthtemp description="Mean Temperature" units="°C">2.8</meanmonthtemp>
        <extrmaxtemp description="Extreme Maximum Temperature" units="°C">14.9</extrmaxtemp>
        <extrmintemp description="Extreme Minimum Temperature" units="°C">-7.4</extrmintemp>
        <totrain description="Total Rain" units="mm">94.4</totrain>
        <totsnow description="Total Snow" units="cm">13.6</totsnow>
        <totprecip description="Total Precipitation" units="mm">107.2</totprecip>
        <grndsnowlastday description="Snow on the Ground on the Last Day" units="cm">0</grndsnowlastday>
        <dirmaxgust description="Direction of Maximum Gust" units="10's Deg">26</dirmaxgust>
        <speedmaxgust description="Speed of Maximum Gust" units="km/h">93</speedmaxgust>
    </stationdata>
    <stationdata month="12" year="1992">
        <meanmaxtemp description="Mean Maximum Temperature" units="°C">1.4</meanmaxtemp>
        <meanmintemp description="Mean Minimum Temperature" units="°C">-4.7</meanmintemp>
        <meanmonthtemp description="Mean Temperature" units="°C">-1.6</meanmonthtemp>
        <extrmaxtemp description="Extreme Maximum Temperature" units="°C">7.8</extrmaxtemp>
        <extrmintemp description="Extreme Minimum Temperature" units="°C">-14.9</extrmintemp>
        <totrain description="Total Rain" units="mm">24.3</totrain>
        <totsnow description="Total Snow" units="cm">35.0</totsnow>
        <totprecip description="Total Precipitation" units="mm">56.3</totprecip>
        <grndsnowlastday description="Snow on the Ground on the Last Day" flag="T" units="cm">0</grndsnowlastday>
        <dirmaxgust description="Direction of Maximum Gust" units="10's Deg">24</dirmaxgust>
        <speedmaxgust description="Speed of Maximum Gust" units="km/h">78</speedmaxgust>
    </stationdata>
    <stationdata month="1" year="1993">
        <meanmaxtemp description="Mean Maximum Temperature" units="°C">-0.1</meanmaxtemp>
        <meanmintemp description="Mean Minimum Temperature" units="°C">-7.8</meanmintemp>
        <meanmonthtemp description="Mean Temperature" units="°C">-4.0</meanmonthtemp>
        <extrmaxtemp description="Extreme Maximum Temperature" units="°C">12.0</extrmaxtemp>
        <extrmintemp description="Extreme Minimum Temperature" units="°C">-15.5</extrmintemp>
        <totrain description="Total Rain" units="mm">43.1</totrain>
        <totsnow description="Total Snow" units="cm">27.2</totsnow>
        <totprecip description="Total Precipitation" units="mm">70.6</totprecip>
        <grndsnowlastday description="Snow on the Ground on the Last Day" units="cm">9</grndsnowlastday>
        <dirmaxgust description="Direction of Maximum Gust" flag="S" units="10's Deg">29</dirmaxgust>
        <speedmaxgust description="Speed of Maximum Gust" flag="S" units="km/h">67</speedmaxgust>
    </stationdata>
    <stationdata month="2" year="1993">
        <meanmaxtemp description="Mean Maximum Temperature" units="°C">-3.3</meanmaxtemp>
        <meanmintemp description="Mean Minimum Temperature" units="°C">-13.4</meanmintemp>
        <meanmonthtemp description="Mean Temperature" units="°C">-8.4</meanmonthtemp>
        <extrmaxtemp description="Extreme Maximum Temperature" flag="S" units="°C">3.6</extrmaxtemp>
        <extrmintemp description="Extreme Minimum Temperature" units="°C">-21.8</extrmintemp>
        <totrain description="Total Rain" flag="T" units="mm">0.0</totrain>
        <totsnow description="Total Snow" units="cm">31.8</totsnow>
        <totprecip description="Total Precipitation" units="mm">26.6</totprecip>
        <grndsnowlastday description="Snow on the Ground on the Last Day" units="cm">19</grndsnowlastday>
        <dirmaxgust description="Direction of Maximum Gust" units="10's Deg">35</dirmaxgust>
        <speedmaxgust description="Speed of Maximum Gust" units="km/h">69</speedmaxgust>
    </stationdata>
    <stationdata month="3" year="1993">
        <meanmaxtemp description="Mean Maximum Temperature" units="°C">2.6</meanmaxtemp>
        <meanmintemp description="Mean Minimum Temperature" units="°C">-6.7</meanmintemp>
        <meanmonthtemp description="Mean Temperature" units="°C">-2.0</meanmonthtemp>
        <extrmaxtemp description="Extreme Maximum Temperature" units="°C">16.5</extrmaxtemp>
        <extrmintemp description="Extreme Minimum Temperature" units="°C">-18.8</extrmintemp>
        <totrain description="Total Rain" units="mm">6.6</totrain>
        <totsnow description="Total Snow" units="cm">28.0</totsnow>
        <totprecip description="Total Precipitation" units="mm">31.0</totprecip>
        <grndsnowlastday description="Snow on the Ground on the Last Day" flag="T" units="cm">0</grndsnowlastday>
        <dirmaxgust description="Direction of Maximum Gust" units="10's Deg">33</dirmaxgust>
        <speedmaxgust description="Speed of Maximum Gust" units="km/h">89</speedmaxgust>
    </stationdata>
    <stationdata month="4" year="1993">
        <meanmaxtemp description="Mean Maximum Temperature" units="°C">11.6</meanmaxtemp>
        <meanmintemp description="Mean Minimum Temperature" units="°C">1.5</meanmintemp>
        <meanmonthtemp description="Mean Temperature" units="°C">6.6</meanmonthtemp>
        <extrmaxtemp description="Extreme Maximum Temperature" units="°C">19.8</extrmaxtemp>
        <extrmintemp description="Extreme Minimum Temperature" units="°C">-2.1</extrmintemp>
        <totrain description="Total Rain" units="mm">83.8</totrain>
        <totsnow description="Total Snow" units="cm">1.6</totsnow>
        <totprecip description="Total Precipitation" units="mm">85.4</totprecip>
        <grndsnowlastday description="Snow on the Ground on the Last Day" units="cm">0</grndsnowlastday>
        <dirmaxgust description="Direction of Maximum Gust" flag="I" units="10's Deg">26</dirmaxgust>
        <speedmaxgust description="Speed of Maximum Gust" flag="I" units="km/h">70</speedmaxgust>
    </stationdata>
    <stationdata month="5" year="1993">
        <meanmaxtemp description="Mean Maximum Temperature" units="°C">18.4</meanmaxtemp>
        <meanmintemp description="Mean Minimum Temperature" units="°C">5.8</meanmintemp>
        <meanmonthtemp description="Mean Temperature" units="°C">12.1</meanmonthtemp>
        <extrmaxtemp description="Extreme Maximum Temperature" units="°C">28.6</extrmaxtemp>
        <extrmintemp description="Extreme Minimum Temperature" units="°C">0.0</extrmintemp>
        <totrain description="Total Rain" units="mm">51.6</totrain>
        <totsnow description="Total Snow" units="cm">0.0</totsnow>
        <totprecip description="Total Precipitation" units="mm">51.6</totprecip>
        <grndsnowlastday description="Snow on the Ground on the Last Day" units="cm">0</grndsnowlastday>
        <dirmaxgust description="Direction of Maximum Gust" flag="I" units="10's Deg">35</dirmaxgust>
        <speedmaxgust description="Speed of Maximum Gust" flag="I" units="km/h">63</speedmaxgust>
    </stationdata>
    <stationdata month="6" year="1993">
        <meanmaxtemp description="Mean Maximum Temperature" units="°C">22.6</meanmaxtemp>
        <meanmintemp description="Mean Minimum Temperature" units="°C">11.6</meanmintemp>
        <meanmonthtemp description="Mean Temperature" units="°C">17.1</meanmonthtemp>
        <extrmaxtemp description="Extreme Maximum Temperature" units="°C">28.9</extrmaxtemp>
        <extrmintemp description="Extreme Minimum Temperature" units="°C">5.6</extrmintemp>
        <totrain description="Total Rain" units="mm">133.8</totrain>
        <totsnow description="Total Snow" units="cm">0.0</totsnow>
        <totprecip description="Total Precipitation" units="mm">133.8</totprecip>
        <grndsnowlastday description="Snow on the Ground on the Last Day" units="cm">0</grndsnowlastday>
        <dirmaxgust description="Direction of Maximum Gust" flag="I" units="10's Deg">23</dirmaxgust>
        <speedmaxgust description="Speed of Maximum Gust" flag="I" units="km/h">78</speedmaxgust>
    </stationdata>
    <stationdata month="7" year="1993">
        <meanmaxtemp description="Mean Maximum Temperature" units="°C">27.2</meanmaxtemp>
        <meanmintemp description="Mean Minimum Temperature" units="°C">16.0</meanmintemp>
        <meanmonthtemp description="Mean Temperature" units="°C">21.7</meanmonthtemp>
        <extrmaxtemp description="Extreme Maximum Temperature" units="°C">32.5</extrmaxtemp>
        <extrmintemp description="Extreme Minimum Temperature" units="°C">11.0</extrmintemp>
        <totrain description="Total Rain" units="mm">87.7</totrain>
        <totsnow description="Total Snow" units="cm">0.0</totsnow>
        <totprecip description="Total Precipitation" units="mm">87.7</totprecip>
        <grndsnowlastday description="Snow on the Ground on the Last Day" units="cm">0</grndsnowlastday>
        <dirmaxgust description="Direction of Maximum Gust" flag="I" units="10's Deg">32</dirmaxgust>
        <speedmaxgust description="Speed of Maximum Gust" flag="I" units="km/h">57</speedmaxgust>
    </stationdata>
    <stationdata month="8" year="1993">
        <meanmaxtemp description="Mean Maximum Temperature" units="°C">27.0</meanmaxtemp>
        <meanmintemp description="Mean Minimum Temperature" units="°C">15.1</meanmintemp>
        <meanmonthtemp description="Mean Temperature" units="°C">21.1</meanmonthtemp>
        <extrmaxtemp description="Extreme Maximum Temperature" units="°C">34.6</extrmaxtemp>
        <extrmintemp description="Extreme Minimum Temperature" units="°C">8.6</extrmintemp>
        <totrain description="Total Rain" units="mm">39.9</totrain>
        <totsnow description="Total Snow" units="cm">0.0</totsnow>
        <totprecip description="Total Precipitation" units="mm">39.9</totprecip>
        <grndsnowlastday description="Snow on the Ground on the Last Day" units="cm">0</grndsnowlastday>
        <dirmaxgust description="Direction of Maximum Gust" flag="I" units="10's Deg">27</dirmaxgust>
        <speedmaxgust description="Speed of Maximum Gust" flag="I" units="km/h">76</speedmaxgust>
    </stationdata>
    <stationdata month="9" year="1993">
        <meanmaxtemp description="Mean Maximum Temperature" units="°C">19.1</meanmaxtemp>
        <meanmintemp description="Mean Minimum Temperature" units="°C">8.1</meanmintemp>
        <meanmonthtemp description="Mean Temperature" units="°C">13.6</meanmonthtemp>
        <extrmaxtemp description="Extreme Maximum Temperature" units="°C">29.3</extrmaxtemp>
        <extrmintemp description="Extreme Minimum Temperature" units="°C">-1.2</extrmintemp>
        <totrain description="Total Rain" units="mm">59.2</totrain>
        <totsnow description="Total Snow" units="cm">0.0</totsnow>
        <totprecip description="Total Precipitation" units="mm">59.2</totprecip>
        <grndsnowlastday description="Snow on the Ground on the Last Day" units="cm">0</grndsnowlastday>
        <dirmaxgust description="Direction of Maximum Gust" flag="I" units="10's Deg">21</dirmaxgust>
        <speedmaxgust description="Speed of Maximum Gust" flag="I" units="km/h">61</speedmaxgust>
    </stationdata>
    <stationdata month="10" year="1993">
        <meanmaxtemp description="Mean Maximum Temperature" units="°C">13.3</meanmaxtemp>
        <meanmintemp description="Mean Minimum Temperature" units="°C">2.4</meanmintemp>
        <meanmonthtemp description="Mean Temperature" units="°C">7.9</meanmonthtemp>
        <extrmaxtemp description="Extreme Maximum Temperature" units="°C">26.8</extrmaxtemp>
        <extrmintemp description="Extreme Minimum Temperature" units="°C">-4.4</extrmintemp>
        <totrain description="Total Rain" units="mm">70.0</totrain>
        <totsnow description="Total Snow" units="cm">0.8</totsnow>
        <totprecip description="Total Precipitation" units="mm">71.0</totprecip>
        <grndsnowlastday description="Snow on the Ground on the Last Day" units="cm">0</grndsnowlastday>
        <dirmaxgust description="Direction of Maximum Gust" flag="I" units="10's Deg">26</dirmaxgust>
        <speedmaxgust description="Speed of Maximum Gust" flag="I" units="km/h">76</speedmaxgust>
    </stationdata>
    <stationdata month="11" year="1993">
        <meanmaxtemp description="Mean Maximum Temperature" units="°C">6.9</meanmaxtemp>
        <meanmintemp description="Mean Minimum Temperature" units="°C">-0.8</meanmintemp>
        <meanmonthtemp description="Mean Temperature" units="°C">3.1</meanmonthtemp>
        <extrmaxtemp description="Extreme Maximum Temperature" units="°C">15.3</extrmaxtemp>
        <extrmintemp description="Extreme Minimum Temperature" units="°C">-9.8</extrmintemp>
        <totrain description="Total Rain" units="mm">61.4</totrain>
        <totsnow description="Total Snow" units="cm">3.8</totsnow>
        <totprecip description="Total Precipitation" units="mm">65.2</totprecip>
        <grndsnowlastday description="Snow on the Ground on the Last Day" units="cm">0</grndsnowlastday>
        <dirmaxgust description="Direction of Maximum Gust" flag="I" units="10's Deg">23</dirmaxgust>
        <speedmaxgust description="Speed of Maximum Gust" flag="I" units="km/h">69</speedmaxgust>
    </stationdata>
    <stationdata month="12" year="1993">
        <meanmaxtemp description="Mean Maximum Temperature" units="°C">1.1</meanmaxtemp>
        <meanmintemp description="Mean Minimum Temperature" units="°C">-6.4</meanmintemp>
        <meanmonthtemp description="Mean Temperature" units="°C">-2.7</meanmonthtemp>
        <extrmaxtemp description="Extreme Maximum Temperature" units="°C">10.0</extrmaxtemp>
        <extrmintemp description="Extreme Minimum Temperature" flag="S" units="°C">-20.7</extrmintemp>
        <totrain description="Total Rain" units="mm">20.4</totrain>
        <totsnow description="Total Snow" units="cm">8.8</totsnow>
        <totprecip description="Total Precipitation" units="mm">28.8</totprecip>
        <grndsnowlastday description="Snow on the Ground on the Last Day" units="cm">0</grndsnowlastday>
        <dirmaxgust description="Direction of Maximum Gust" flag="I" units="10's Deg">33</dirmaxgust>
        <speedmaxgust description="Speed of Maximum Gust" flag="I" units="km/h">70</speedmaxgust>
    </stationdata>
    <stationdata month="1" year="1994">
        <meanmaxtemp description="Mean Maximum Temperature" units="°C">-7.3</meanmaxtemp>
        <meanmintemp description="Mean Minimum Temperature" units="°C">-17.4</meanmintemp>
        <meanmonthtemp description="Mean Temperature" units="°C">-12.4</meanmonthtemp>
        <extrmaxtemp description="Extreme Maximum Temperature" units="°C">4.5</extrmaxtemp>
        <extrmintemp description="Extreme Minimum Temperature" units="°C">-31.0</extrmintemp>
        <totrain description="Total Rain" units="mm">30.6</totrain>
        <totsnow description="Total Snow" units="cm">37.8</totsnow>
        <totprecip description="Total Precipitation" units="mm">61.0</totprecip>
        <grndsnowlastday description="Snow on the Ground on the Last Day" units="cm">7</grndsnowlastday>
        <dirmaxgust description="Direction of Maximum Gust" units="10's Deg">32</dirmaxgust>
        <speedmaxgust description="Speed of Maximum Gust" units="km/h">63</speedmaxgust>
    </stationdata>
    <stationdata month="2" year="1994">
        <meanmaxtemp description="Mean Maximum Temperature" units="°C">-3.6</meanmaxtemp>
        <meanmintemp description="Mean Minimum Temperature" units="°C">-13.0</meanmintemp>
        <meanmonthtemp description="Mean Temperature" units="°C">-8.3</meanmonthtemp>
        <extrmaxtemp description="Extreme Maximum Temperature" units="°C">12.5</extrmaxtemp>
        <extrmintemp description="Extreme Minimum Temperature" units="°C">-23.5</extrmintemp>
        <totrain description="Total Rain" flag="T" units="mm">0.0</totrain>
        <totsnow description="Total Snow" units="cm">24.8</totsnow>
        <totprecip description="Total Precipitation" units="mm">20.2</totprecip>
        <grndsnowlastday description="Snow on the Ground on the Last Day" units="cm">5</grndsnowlastday>
        <dirmaxgust description="Direction of Maximum Gust" units="10's Deg">9</dirmaxgust>
        <speedmaxgust description="Speed of Maximum Gust" units="km/h">82</speedmaxgust>
    </stationdata>
    <stationdata month="3" year="1994">
        <meanmaxtemp description="Mean Maximum Temperature" units="°C">3.4</meanmaxtemp>
        <meanmintemp description="Mean Minimum Temperature" units="°C">-4.9</meanmintemp>
        <meanmonthtemp description="Mean Temperature" units="°C">-0.8</meanmonthtemp>
        <extrmaxtemp description="Extreme Maximum Temperature" units="°C">15.2</extrmaxtemp>
        <extrmintemp description="Extreme Minimum Temperature" units="°C">-13.0</extrmintemp>
        <totrain description="Total Rain" units="mm">23.8</totrain>
        <totsnow description="Total Snow" units="cm">29.0</totsnow>
        <totprecip description="Total Precipitation" units="mm">51.2</totprecip>
        <grndsnowlastday description="Snow on the Ground on the Last Day" units="cm">0</grndsnowlastday>
        <dirmaxgust description="Direction of Maximum Gust" units="10's Deg">29</dirmaxgust>
        <speedmaxgust description="Speed of Maximum Gust" units="km/h">69</speedmaxgust>
    </stationdata>
    <stationdata month="4" year="1994">
        <meanmaxtemp description="Mean Maximum Temperature" units="°C">12.9</meanmaxtemp>
        <meanmintemp description="Mean Minimum Temperature" units="°C">1.7</meanmintemp>
        <meanmonthtemp description="Mean Temperature" units="°C">7.3</meanmonthtemp>
        <extrmaxtemp description="Extreme Maximum Temperature" units="°C">25.9</extrmaxtemp>
        <extrmintemp description="Extreme Minimum Temperature" units="°C">-6.0</extrmintemp>
        <totrain description="Total Rain" units="mm">83.4</totrain>
        <totsnow description="Total Snow" units="cm">13.2</totsnow>
        <totprecip description="Total Precipitation" units="mm">96.0</totprecip>
        <grndsnowlastday description="Snow on the Ground on the Last Day" units="cm">0</grndsnowlastday>
        <dirmaxgust description="Direction of Maximum Gust" units="10's Deg">30</dirmaxgust>
        <speedmaxgust description="Speed of Maximum Gust" units="km/h">78</speedmaxgust>
    </stationdata>
    <stationdata month="5" year="1994">
        <meanmaxtemp description="Mean Maximum Temperature" units="°C">17.6</meanmaxtemp>
        <meanmintemp description="Mean Minimum Temperature" units="°C">5.9</meanmintemp>
        <meanmonthtemp description="Mean Temperature" units="°C">11.8</meanmonthtemp>
        <extrmaxtemp description="Extreme Maximum Temperature" units="°C">28.2</extrmaxtemp>
        <extrmintemp description="Extreme Minimum Temperature" units="°C">0.8</extrmintemp>
        <totrain description="Total Rain" units="mm">78.8</totrain>
        <totsnow description="Total Snow" units="cm">0.0</totsnow>
        <totprecip description="Total Precipitation" units="mm">78.8</totprecip>
        <grndsnowlastday description="Snow on the Ground on the Last Day" units="cm">0</grndsnowlastday>
        <dirmaxgust description="Direction of Maximum Gust" units="10's Deg">23</dirmaxgust>
        <speedmaxgust description="Speed of Maximum Gust" units="km/h">72</speedmaxgust>
    </stationdata>
    <stationdata month="6" year="1994">
        <meanmaxtemp description="Mean Maximum Temperature" units="°C">24.9</meanmaxtemp>
        <meanmintemp description="Mean Minimum Temperature" units="°C">13.2</meanmintemp>
        <meanmonthtemp description="Mean Temperature" units="°C">19.1</meanmonthtemp>
        <extrmaxtemp description="Extreme Maximum Temperature" units="°C">36.2</extrmaxtemp>
        <extrmintemp description="Extreme Minimum Temperature" units="°C">4.9</extrmintemp>
        <totrain description="Total Rain" units="mm">54.4</totrain>
        <totsnow description="Total Snow" units="cm">0.0</totsnow>
        <totprecip description="Total Precipitation" units="mm">54.4</totprecip>
        <grndsnowlastday description="Snow on the Ground on the Last Day" units="cm">0</grndsnowlastday>
        <dirmaxgust description="Direction of Maximum Gust" units="10's Deg">32</dirmaxgust>
        <speedmaxgust description="Speed of Maximum Gust" units="km/h">70</speedmaxgust>
    </stationdata>
    <stationdata month="7" year="1994">
        <meanmaxtemp description="Mean Maximum Temperature" units="°C">27.3</meanmaxtemp>
        <meanmintemp description="Mean Minimum Temperature" units="°C">15.7</meanmintemp>
        <meanmonthtemp description="Mean Temperature" units="°C">21.5</meanmonthtemp>
        <extrmaxtemp description="Extreme Maximum Temperature" units="°C">32.0</extrmaxtemp>
        <extrmintemp description="Extreme Minimum Temperature" units="°C">10.5</extrmintemp>
        <totrain description="Total Rain" units="mm">83.0</totrain>
        <totsnow description="Total Snow" units="cm">0.0</totsnow>
        <totprecip description="Total Precipitation" units="mm">83.0</totprecip>
        <grndsnowlastday description="Snow on the Ground on the Last Day" units="cm">0</grndsnowlastday>
        <dirmaxgust description="Direction of Maximum Gust" units="10's Deg">22</dirmaxgust>
        <speedmaxgust description="Speed of Maximum Gust" units="km/h">57</speedmaxgust>
    </stationdata>
    <stationdata month="8" year="1994">
        <meanmaxtemp description="Mean Maximum Temperature" units="°C">24.4</meanmaxtemp>
        <meanmintemp description="Mean Minimum Temperature" units="°C">13.0</meanmintemp>
        <meanmonthtemp description="Mean Temperature" units="°C">18.7</meanmonthtemp>
        <extrmaxtemp description="Extreme Maximum Temperature" flag="S" units="°C">29.2</extrmaxtemp>
        <extrmintemp description="Extreme Minimum Temperature" units="°C">8.4</extrmintemp>
        <totrain description="Total Rain" units="mm">60.1</totrain>
        <totsnow description="Total Snow" units="cm">0.0</totsnow>
        <totprecip description="Total Precipitation" units="mm">60.1</totprecip>
        <grndsnowlastday description="Snow on the Ground on the Last Day" units="cm">0</grndsnowlastday>
        <dirmaxgust description="Direction of Maximum Gust" units="10's Deg">25</dirmaxgust>
        <speedmaxgust description="Speed of Maximum Gust" units="km/h">65</speedmaxgust>
    </stationdata>
    <stationdata month="9" year="1994">
        <meanmaxtemp description="Mean Maximum Temperature" units="°C">21.5</meanmaxtemp>
        <meanmintemp description="Mean Minimum Temperature" units="°C">10.2</meanmintemp>
        <meanmonthtemp description="Mean Temperature" units="°C">15.9</meanmonthtemp>
        <extrmaxtemp description="Extreme Maximum Temperature" units="°C">29.8</extrmaxtemp>
        <extrmintemp description="Extreme Minimum Temperature" units="°C">5.4</extrmintemp>
        <totrain description="Total Rain" units="mm">51.4</totrain>
        <totsnow description="Total Snow" units="cm">0.0</totsnow>
        <totprecip description="Total Precipitation" units="mm">51.4</totprecip>
        <grndsnowlastday description="Snow on the Ground on the Last Day" units="cm">0</grndsnowlastday>
        <dirmaxgust description="Direction of Maximum Gust" units="10's Deg">30</dirmaxgust>
        <speedmaxgust description="Speed of Maximum Gust" units="km/h">57</speedmaxgust>
    </stationdata>
    <stationdata month="10" year="1994">
        <meanmaxtemp description="Mean Maximum Temperature" units="°C">15.4</meanmaxtemp>
        <meanmintemp description="Mean Minimum Temperature" units="°C">4.4</meanmintemp>
        <meanmonthtemp description="Mean Temperature" units="°C">10.0</meanmonthtemp>
        <extrmaxtemp description="Extreme Maximum Temperature" units="°C">23.8</extrmaxtemp>
        <extrmintemp description="Extreme Minimum Temperature" units="°C">-1.4</extrmintemp>
        <totrain description="Total Rain" units="mm">27.4</totrain>
        <totsnow description="Total Snow" units="cm">0.0</totsnow>
        <totprecip description="Total Precipitation" units="mm">27.4</totprecip>
        <grndsnowlastday description="Snow on the Ground on the Last Day" units="cm">0</grndsnowlastday>
        <dirmaxgust description="Direction of Maximum Gust" units="10's Deg">24</dirmaxgust>
        <speedmaxgust description="Speed of Maximum Gust" units="km/h">52</speedmaxgust>
    </stationdata>
    <stationdata month="11" year="1994">
        <meanmaxtemp description="Mean Maximum Temperature" units="°C">9.8</meanmaxtemp>
        <meanmintemp description="Mean Minimum Temperature" units="°C">0.9</meanmintemp>
        <meanmonthtemp description="Mean Temperature" units="°C">5.4</meanmonthtemp>
        <extrmaxtemp description="Extreme Maximum Temperature" units="°C">18.0</extrmaxtemp>
        <extrmintemp description="Extreme Minimum Temperature" units="°C">-6.8</extrmintemp>
        <totrain description="Total Rain" units="mm">76.7</totrain>
        <totsnow description="Total Snow" units="cm">9.2</totsnow>
        <totprecip description="Total Precipitation" units="mm">84.9</totprecip>
        <grndsnowlastday description="Snow on the Ground on the Last Day" units="cm">0</grndsnowlastday>
        <dirmaxgust description="Direction of Maximum Gust" units="10's Deg">24</dirmaxgust>
        <speedmaxgust description="Speed of Maximum Gust" units="km/h">93</speedmaxgust>
    </stationdata>
    <stationdata month="12" year="1994">
        <meanmaxtemp description="Mean Maximum Temperature" units="°C">3.7</meanmaxtemp>
        <meanmintemp description="Mean Minimum Temperature" units="°C">-4.0</meanmintemp>
        <meanmonthtemp description="Mean Temperature" units="°C">-0.1</meanmonthtemp>
        <extrmaxtemp description="Extreme Maximum Temperature" units="°C">10.8</extrmaxtemp>
        <extrmintemp description="Extreme Minimum Temperature" units="°C">-19.5</extrmintemp>
        <totrain description="Total Rain" units="mm">23.8</totrain>
        <totsnow description="Total Snow" units="cm">27.0</totsnow>
        <totprecip description="Total Precipitation" units="mm">51.4</totprecip>
        <grndsnowlastday description="Snow on the Ground on the Last Day" units="cm">0</grndsnowlastday>
        <dirmaxgust description="Direction of Maximum Gust" units="10's Deg">29</dirmaxgust>
        <speedmaxgust description="Speed of Maximum Gust" units="km/h">67</speedmaxgust>
    </stationdata>
    <stationdata month="1" year="1995">
        <meanmaxtemp description="Mean Maximum Temperature" units="°C">0.1</meanmaxtemp>
        <meanmintemp description="Mean Minimum Temperature" units="°C">-6.2</meanmintemp>
        <meanmonthtemp description="Mean Temperature" units="°C">-3.1</meanmonthtemp>
        <extrmaxtemp description="Extreme Maximum Temperature" units="°C">12.9</extrmaxtemp>
        <extrmintemp description="Extreme Minimum Temperature" units="°C">-15.8</extrmintemp>
        <totrain description="Total Rain" units="mm">110.0</totrain>
        <totsnow description="Total Snow" units="cm">24.6</totsnow>
        <totprecip description="Total Precipitation" units="mm">133.3</totprecip>
        <grndsnowlastday description="Snow on the Ground on the Last Day" units="cm">2</grndsnowlastday>
        <dirmaxgust description="Direction of Maximum Gust" units="10's Deg">24</dirmaxgust>
        <speedmaxgust description="Speed of Maximum Gust" units="km/h">67</speedmaxgust>
    </stationdata>
    <stationdata month="2" year="1995">
        <meanmaxtemp description="Mean Maximum Temperature" units="°C">-2.7</meanmaxtemp>
        <meanmintemp description="Mean Minimum Temperature" units="°C">-11.8</meanmintemp>
        <meanmonthtemp description="Mean Temperature" units="°C">-7.3</meanmonthtemp>
        <extrmaxtemp description="Extreme Maximum Temperature" units="°C">7.8</extrmaxtemp>
        <extrmintemp description="Extreme Minimum Temperature" units="°C">-22.8</extrmintemp>
        <totrain description="Total Rain" units="mm">8.8</totrain>
        <totsnow description="Total Snow" units="cm">14.6</totsnow>
        <totprecip description="Total Precipitation" units="mm">20.8</totprecip>
        <grndsnowlastday description="Snow on the Ground on the Last Day" units="cm">4</grndsnowlastday>
        <dirmaxgust description="Direction of Maximum Gust" flag="I" units="10's Deg">31</dirmaxgust>
        <speedmaxgust description="Speed of Maximum Gust" flag="I" units="km/h">70</speedmaxgust>
    </stationdata>
    <stationdata month="3" year="1995">
        <meanmaxtemp description="Mean Maximum Temperature" units="°C">7.2</meanmaxtemp>
        <meanmintemp description="Mean Minimum Temperature" units="°C">-3.4</meanmintemp>
        <meanmonthtemp description="Mean Temperature" units="°C">1.9</meanmonthtemp>
        <extrmaxtemp description="Extreme Maximum Temperature" units="°C">20.9</extrmaxtemp>
        <extrmintemp description="Extreme Minimum Temperature" units="°C">-13.2</extrmintemp>
        <totrain description="Total Rain" units="mm">43.2</totrain>
        <totsnow description="Total Snow" units="cm">8.0</totsnow>
        <totprecip description="Total Precipitation" units="mm">50.8</totprecip>
        <grndsnowlastday description="Snow on the Ground on the Last Day" flag="T" units="cm">0</grndsnowlastday>
        <dirmaxgust description="Direction of Maximum Gust" units="10's Deg">33</dirmaxgust>
        <speedmaxgust description="Speed of Maximum Gust" units="km/h">57</speedmaxgust>
    </stationdata>
    <stationdata month="4" year="1995">
        <meanmaxtemp description="Mean Maximum Temperature" units="°C">8.8</meanmaxtemp>
        <meanmintemp description="Mean Minimum Temperature" units="°C">-0.6</meanmintemp>
        <meanmonthtemp description="Mean Temperature" units="°C">4.1</meanmonthtemp>
        <extrmaxtemp description="Extreme Maximum Temperature" units="°C">16.8</extrmaxtemp>
        <extrmintemp description="Extreme Minimum Temperature" units="°C">-9.2</extrmintemp>
        <totrain description="Total Rain" units="mm">71.8</totrain>
        <totsnow description="Total Snow" units="cm">5.4</totsnow>
        <totprecip description="Total Precipitation" units="mm">76.6</totprecip>
        <grndsnowlastday description="Snow on the Ground on the Last Day" units="cm">0</grndsnowlastday>
        <dirmaxgust description="Direction of Maximum Gust" units="10's Deg">29</dirmaxgust>
        <speedmaxgust description="Speed of Maximum Gust" units="km/h">76</speedmaxgust>
    </stationdata>
    <stationdata month="5" year="1995">
        <meanmaxtemp description="Mean Maximum Temperature" units="°C">19.0</meanmaxtemp>
        <meanmintemp description="Mean Minimum Temperature" units="°C">7.6</meanmintemp>
        <meanmonthtemp description="Mean Temperature" units="°C">13.3</meanmonthtemp>
        <extrmaxtemp description="Extreme Maximum Temperature" units="°C">27.3</extrmaxtemp>
        <extrmintemp description="Extreme Minimum Temperature" units="°C">-0.1</extrmintemp>
        <totrain description="Total Rain" units="mm">87.0</totrain>
        <totsnow description="Total Snow" units="cm">0.0</totsnow>
        <totprecip description="Total Precipitation" units="mm">87.0</totprecip>
        <grndsnowlastday description="Snow on the Ground on the Last Day" units="cm">0</grndsnowlastday>
        <dirmaxgust description="Direction of Maximum Gust" units="10's Deg">27</dirmaxgust>
        <speedmaxgust description="Speed of Maximum Gust" units="km/h">65</speedmaxgust>
    </stationdata>
    <stationdata month="6" year="1995">
        <meanmaxtemp description="Mean Maximum Temperature" units="°C">25.5</meanmaxtemp>
        <meanmintemp description="Mean Minimum Temperature" units="°C">14.4</meanmintemp>
        <meanmonthtemp description="Mean Temperature" units="°C">19.9</meanmonthtemp>
        <extrmaxtemp description="Extreme Maximum Temperature" units="°C">35.5</extrmaxtemp>
        <extrmintemp description="Extreme Minimum Temperature" units="°C">7.5</extrmintemp>
        <totrain description="Total Rain" units="mm">52.1</totrain>
        <totsnow description="Total Snow" units="cm">0.0</totsnow>
        <totprecip description="Total Precipitation" units="mm">52.1</totprecip>
        <grndsnowlastday description="Snow on the Ground on the Last Day" units="cm">0</grndsnowlastday>
        <dirmaxgust description="Direction of Maximum Gust" units="10's Deg">18</dirmaxgust>
        <speedmaxgust description="Speed of Maximum Gust" units="km/h">48</speedmaxgust>
    </stationdata>
    <stationdata month="7" year="1995">
        <meanmaxtemp description="Mean Maximum Temperature" units="°C">27.4</meanmaxtemp>
        <meanmintemp description="Mean Minimum Temperature" units="°C">16.3</meanmintemp>
        <meanmonthtemp description="Mean Temperature" units="°C">21.9</meanmonthtemp>
        <extrmaxtemp description="Extreme Maximum Temperature" units="°C">36.8</extrmaxtemp>
        <extrmintemp description="Extreme Minimum Temperature" units="°C">9.1</extrmintemp>
        <totrain description="Total Rain" units="mm">55.4</totrain>
        <totsnow description="Total Snow" units="cm">0.0</totsnow>
        <totprecip description="Total Precipitation" units="mm">55.4</totprecip>
        <grndsnowlastday description="Snow on the Ground on the Last Day" units="cm">0</grndsnowlastday>
        <dirmaxgust description="Direction of Maximum Gust" flag="I" units="10's Deg">32</dirmaxgust>
        <speedmaxgust description="Speed of Maximum Gust" flag="I" units="km/h">74</speedmaxgust>
    </stationdata>
    <stationdata month="8" year="1995">
        <meanmaxtemp description="Mean Maximum Temperature" units="°C">27.0</meanmaxtemp>
        <meanmintemp description="Mean Minimum Temperature" units="°C">16.6</meanmintemp>
        <meanmonthtemp description="Mean Temperature" units="°C">21.8</meanmonthtemp>
        <extrmaxtemp description="Extreme Maximum Temperature" units="°C">34.5</extrmaxtemp>
        <extrmintemp description="Extreme Minimum Temperature" units="°C">8.0</extrmintemp>
        <totrain description="Total Rain" units="mm">135.4</totrain>
        <totsnow description="Total Snow" units="cm">0.0</totsnow>
        <totprecip description="Total Precipitation" units="mm">135.4</totprecip>
        <grndsnowlastday description="Snow on the Ground on the Last Day" units="cm">0</grndsnowlastday>
        <dirmaxgust description="Direction of Maximum Gust" flag="S" units="10's Deg">29</dirmaxgust>
        <speedmaxgust description="Speed of Maximum Gust" flag="S" units="km/h">63</speedmaxgust>
    </stationdata>
    <stationdata month="9" year="1995">
        <meanmaxtemp description="Mean Maximum Temperature" units="°C">20.1</meanmaxtemp>
        <meanmintemp description="Mean Minimum Temperature" units="°C">7.8</meanmintemp>
        <meanmonthtemp description="Mean Temperature" units="°C">14.0</meanmonthtemp>
        <extrmaxtemp description="Extreme Maximum Temperature" units="°C">30.0</extrmaxtemp>
        <extrmintemp description="Extreme Minimum Temperature" units="°C">3.2</extrmintemp>
        <totrain description="Total Rain" units="mm">27.5</totrain>
        <totsnow description="Total Snow" units="cm">0.0</totsnow>
        <totprecip description="Total Precipitation" units="mm">27.5</totprecip>
        <grndsnowlastday description="Snow on the Ground on the Last Day" units="cm">0</grndsnowlastday>
        <dirmaxgust description="Direction of Maximum Gust" flag="I" units="10's Deg">27</dirmaxgust>
        <speedmaxgust description="Speed of Maximum Gust" flag="I" units="km/h">89</speedmaxgust>
    </stationdata>
    <stationdata month="10" year="1995">
        <meanmaxtemp description="Mean Maximum Temperature" units="°C">15.4</meanmaxtemp>
        <meanmintemp description="Mean Minimum Temperature" units="°C">6.6</meanmintemp>
        <meanmonthtemp description="Mean Temperature" units="°C">11.0</meanmonthtemp>
        <extrmaxtemp description="Extreme Maximum Temperature" units="°C">27.0</extrmaxtemp>
        <extrmintemp description="Extreme Minimum Temperature" units="°C">0.1</extrmintemp>
        <totrain description="Total Rain" units="mm">131.8</totrain>
        <totsnow description="Total Snow" units="cm">0.0</totsnow>
        <totprecip description="Total Precipitation" units="mm">131.8</totprecip>
        <grndsnowlastday description="Snow on the Ground on the Last Day" units="cm">0</grndsnowlastday>
        <dirmaxgust description="Direction of Maximum Gust" units="10's Deg">24</dirmaxgust>
        <speedmaxgust description="Speed of Maximum Gust" units="km/h">98</speedmaxgust>
    </stationdata>
    <stationdata month="11" year="1995">
        <meanmaxtemp description="Mean Maximum Temperature" units="°C">3.9</meanmaxtemp>
        <meanmintemp description="Mean Minimum Temperature" units="°C">-2.0</meanmintemp>
        <meanmonthtemp description="Mean Temperature" units="°C">1.0</meanmonthtemp>
        <extrmaxtemp description="Extreme Maximum Temperature" units="°C">18.8</extrmaxtemp>
        <extrmintemp description="Extreme Minimum Temperature" units="°C">-10.0</extrmintemp>
        <totrain description="Total Rain" units="mm">92.6</totrain>
        <totsnow description="Total Snow" units="cm">27.2</totsnow>
        <totprecip description="Total Precipitation" units="mm">121.6</totprecip>
        <grndsnowlastday description="Snow on the Ground on the Last Day" flag="T" units="cm">0</grndsnowlastday>
        <dirmaxgust description="Direction of Maximum Gust" units="10's Deg">28</dirmaxgust>
        <speedmaxgust description="Speed of Maximum Gust" units="km/h">106</speedmaxgust>
    </stationdata>
    <stationdata month="12" year="1995">
        <meanmaxtemp description="Mean Maximum Temperature" units="°C">-1.8</meanmaxtemp>
        <meanmintemp description="Mean Minimum Temperature" units="°C">-8.5</meanmintemp>
        <meanmonthtemp description="Mean Temperature" units="°C">-5.1</meanmonthtemp>
        <extrmaxtemp description="Extreme Maximum Temperature" units="°C">5.2</extrmaxtemp>
        <extrmintemp description="Extreme Minimum Temperature" units="°C">-16.6</extrmintemp>
        <totrain description="Total Rain" units="mm">5.0</totrain>
        <totsnow description="Total Snow" units="cm">30.6</totsnow>
        <totprecip description="Total Precipitation" units="mm">35.8</totprecip>
        <grndsnowlastday description="Snow on the Ground on the Last Day" units="cm">5</grndsnowlastday>
        <dirmaxgust description="Direction of Maximum Gust" units="10's Deg">28</dirmaxgust>
        <speedmaxgust description="Speed of Maximum Gust" units="km/h">85</speedmaxgust>
    </stationdata>
    <stationdata month="1" year="1996">
        <meanmaxtemp description="Mean Maximum Temperature" units="°C">-2.1</meanmaxtemp>
        <meanmintemp description="Mean Minimum Temperature" units="°C">-11.2</meanmintemp>
        <meanmonthtemp description="Mean Temperature" units="°C">-6.7</meanmonthtemp>
        <extrmaxtemp description="Extreme Maximum Temperature" units="°C">12.0</extrmaxtemp>
        <extrmintemp description="Extreme Minimum Temperature" units="°C">-22.2</extrmintemp>
        <totrain description="Total Rain" units="mm">51.2</totrain>
        <totsnow description="Total Snow" units="cm">25.0</totsnow>
        <totprecip description="Total Precipitation" units="mm">72.6</totprecip>
        <grndsnowlastday description="Snow on the Ground on the Last Day" units="cm">4</grndsnowlastday>
        <dirmaxgust description="Direction of Maximum Gust" units="10's Deg">23</dirmaxgust>
        <speedmaxgust description="Speed of Maximum Gust" units="km/h">109</speedmaxgust>
    </stationdata>
    <stationdata month="2" year="1996">
        <meanmaxtemp description="Mean Maximum Temperature" units="°C">-2.1</meanmaxtemp>
        <meanmintemp description="Mean Minimum Temperature" units="°C">-9.5</meanmintemp>
        <meanmonthtemp description="Mean Temperature" units="°C">-5.8</meanmonthtemp>
        <extrmaxtemp description="Extreme Maximum Temperature" units="°C">8.2</extrmaxtemp>
        <extrmintemp description="Extreme Minimum Temperature" units="°C">-20.9</extrmintemp>
        <totrain description="Total Rain" units="mm">26.0</totrain>
        <totsnow description="Total Snow" units="cm">10.6</totsnow>
        <totprecip description="Total Precipitation" units="mm">38.2</totprecip>
        <grndsnowlastday description="Snow on the Ground on the Last Day" flag="T" units="cm">0</grndsnowlastday>
        <dirmaxgust description="Direction of Maximum Gust" units="10's Deg">28</dirmaxgust>
        <speedmaxgust description="Speed of Maximum Gust" units="km/h">91</speedmaxgust>
    </stationdata>
    <stationdata month="3" year="1996">
        <meanmaxtemp description="Mean Maximum Temperature" units="°C">1.9</meanmaxtemp>
        <meanmintemp description="Mean Minimum Temperature" units="°C">-7.5</meanmintemp>
        <meanmonthtemp description="Mean Temperature" units="°C">-2.8</meanmonthtemp>
        <extrmaxtemp description="Extreme Maximum Temperature" units="°C">14.8</extrmaxtemp>
        <extrmintemp description="Extreme Minimum Temperature" units="°C">-17.2</extrmintemp>
        <totrain description="Total Rain" units="mm">2.2</totrain>
        <totsnow description="Total Snow" units="cm">34.4</totsnow>
        <totprecip description="Total Precipitation" units="mm">36.2</totprecip>
        <grndsnowlastday description="Snow on the Ground on the Last Day" units="cm">0</grndsnowlastday>
        <dirmaxgust description="Direction of Maximum Gust" units="10's Deg">4</dirmaxgust>
        <speedmaxgust description="Speed of Maximum Gust" units="km/h">96</speedmaxgust>
    </stationdata>
    <stationdata month="4" year="1996">
        <meanmaxtemp description="Mean Maximum Temperature" units="°C">8.9</meanmaxtemp>
        <meanmintemp description="Mean Minimum Temperature" units="°C">-0.2</meanmintemp>
        <meanmonthtemp description="Mean Temperature" units="°C">4.4</meanmonthtemp>
        <extrmaxtemp description="Extreme Maximum Temperature" units="°C">22.5</extrmaxtemp>
        <extrmintemp description="Extreme Minimum Temperature" units="°C">-6.2</extrmintemp>
        <totrain description="Total Rain" units="mm">81.6</totrain>
        <totsnow description="Total Snow" units="cm">17.4</totsnow>
        <totprecip description="Total Precipitation" units="mm">101.6</totprecip>
        <grndsnowlastday description="Snow on the Ground on the Last Day" units="cm">0</grndsnowlastday>
        <dirmaxgust description="Direction of Maximum Gust" units="10's Deg">26</dirmaxgust>
        <speedmaxgust description="Speed of Maximum Gust" units="km/h">93</speedmaxgust>
    </stationdata>
    <stationdata month="5" year="1996">
        <meanmaxtemp description="Mean Maximum Temperature" units="°C">17.1</meanmaxtemp>
        <meanmintemp description="Mean Minimum Temperature" units="°C">6.1</meanmintemp>
        <meanmonthtemp description="Mean Temperature" units="°C">11.6</meanmonthtemp>
        <extrmaxtemp description="Extreme Maximum Temperature" units="°C">28.9</extrmaxtemp>
        <extrmintemp description="Extreme Minimum Temperature" units="°C">-0.5</extrmintemp>
        <totrain description="Total Rain" units="mm">90.6</totrain>
        <totsnow description="Total Snow" units="cm">0.0</totsnow>
        <totprecip description="Total Precipitation" units="mm">90.6</totprecip>
        <grndsnowlastday description="Snow on the Ground on the Last Day" units="cm">0</grndsnowlastday>
        <dirmaxgust description="Direction of Maximum Gust" units="10's Deg">24</dirmaxgust>
        <speedmaxgust description="Speed of Maximum Gust" units="km/h">89</speedmaxgust>
    </stationdata>
    <stationdata month="6" year="1996">
        <meanmaxtemp description="Mean Maximum Temperature" units="°C">23.1</meanmaxtemp>
        <meanmintemp description="Mean Minimum Temperature" units="°C">14.1</meanmintemp>
        <meanmonthtemp description="Mean Temperature" units="°C">18.6</meanmonthtemp>
        <extrmaxtemp description="Extreme Maximum Temperature" units="°C">29.7</extrmaxtemp>
        <extrmintemp description="Extreme Minimum Temperature" units="°C">8.0</extrmintemp>
        <totrain description="Total Rain" units="mm">118.0</totrain>
        <totsnow description="Total Snow" units="cm">0.0</totsnow>
        <totprecip description="Total Precipitation" units="mm">118.0</totprecip>
        <grndsnowlastday description="Snow on the Ground on the Last Day" units="cm">0</grndsnowlastday>
        <dirmaxgust description="Direction of Maximum Gust" units="10's Deg">30</dirmaxgust>
        <speedmaxgust description="Speed of Maximum Gust" units="km/h">67</speedmaxgust>
    </stationdata>
    <stationdata month="7" year="1996">
        <meanmaxtemp description="Mean Maximum Temperature" units="°C">24.8</meanmaxtemp>
        <meanmintemp description="Mean Minimum Temperature" units="°C">14.3</meanmintemp>
        <meanmonthtemp description="Mean Temperature" units="°C">19.6</meanmonthtemp>
        <extrmaxtemp description="Extreme Maximum Temperature" units="°C">28.9</extrmaxtemp>
        <extrmintemp description="Extreme Minimum Temperature" units="°C">9.6</extrmintemp>
        <totrain description="Total Rain" units="mm">97.4</totrain>
        <totsnow description="Total Snow" units="cm">0.0</totsnow>
        <totprecip description="Total Precipitation" units="mm">97.4</totprecip>
        <grndsnowlastday description="Snow on the Ground on the Last Day" units="cm">0</grndsnowlastday>
        <dirmaxgust description="Direction of Maximum Gust" flag="I" units="10's Deg">34</dirmaxgust>
        <speedmaxgust description="Speed of Maximum Gust" flag="I" units="km/h">76</speedmaxgust>
    </stationdata>
    <stationdata month="8" year="1996">
        <meanmaxtemp description="Mean Maximum Temperature" units="°C">26.3</meanmaxtemp>
        <meanmintemp description="Mean Minimum Temperature" units="°C">15.2</meanmintemp>
        <meanmonthtemp description="Mean Temperature" units="°C">20.7</meanmonthtemp>
        <extrmaxtemp description="Extreme Maximum Temperature" units="°C">30.6</extrmaxtemp>
        <extrmintemp description="Extreme Minimum Temperature" units="°C">10.0</extrmintemp>
        <totrain description="Total Rain" units="mm">48.2</totrain>
        <totsnow description="Total Snow" units="cm">0.0</totsnow>
        <totprecip description="Total Precipitation" units="mm">48.2</totprecip>
        <grndsnowlastday description="Snow on the Ground on the Last Day" units="cm">0</grndsnowlastday>
        <dirmaxgust description="Direction of Maximum Gust" units="10's Deg">27</dirmaxgust>
        <speedmaxgust description="Speed of Maximum Gust" units="km/h">63</speedmaxgust>
    </stationdata>
    <stationdata month="9" year="1996">
        <meanmaxtemp description="Mean Maximum Temperature" units="°C">21.1</meanmaxtemp>
        <meanmintemp description="Mean Minimum Temperature" units="°C">11.9</meanmintemp>
        <meanmonthtemp description="Mean Temperature" units="°C">16.5</meanmonthtemp>
        <extrmaxtemp description="Extreme Maximum Temperature" units="°C">28.1</extrmaxtemp>
        <extrmintemp description="Extreme Minimum Temperature" units="°C">3.5</extrmintemp>
        <totrain description="Total Rain" units="mm">166.2</totrain>
        <totsnow description="Total Snow" units="cm">0.0</totsnow>
        <totprecip description="Total Precipitation" units="mm">166.2</totprecip>
        <grndsnowlastday description="Snow on the Ground on the Last Day" units="cm">0</grndsnowlastday>
        <dirmaxgust description="Direction of Maximum Gust" flag="I" units="10's Deg">23</dirmaxgust>
        <speedmaxgust description="Speed of Maximum Gust" flag="I" units="km/h">61</speedmaxgust>
    </stationdata>
    <stationdata month="10" year="1996">
        <meanmaxtemp description="Mean Maximum Temperature" units="°C">13.6</meanmaxtemp>
        <meanmintemp description="Mean Minimum Temperature" units="°C">4.7</meanmintemp>
        <meanmonthtemp description="Mean Temperature" units="°C">9.2</meanmonthtemp>
        <extrmaxtemp description="Extreme Maximum Temperature" units="°C">23.4</extrmaxtemp>
        <extrmintemp description="Extreme Minimum Temperature" units="°C">-2.0</extrmintemp>
        <totrain description="Total Rain" units="mm">75.8</totrain>
        <totsnow description="Total Snow" flag="T" units="cm">0.0</totsnow>
        <totprecip description="Total Precipitation" units="mm">75.8</totprecip>
        <grndsnowlastday description="Snow on the Ground on the Last Day" units="cm">0</grndsnowlastday>
        <dirmaxgust description="Direction of Maximum Gust" flag="I" units="10's Deg">24</dirmaxgust>
        <speedmaxgust description="Speed of Maximum Gust" flag="I" units="km/h">74</speedmaxgust>
    </stationdata>
    <stationdata month="11" year="1996">
        <meanmaxtemp description="Mean Maximum Temperature" units="°C">4.1</meanmaxtemp>
        <meanmintemp description="Mean Minimum Temperature" units="°C">-2.3</meanmintemp>
        <meanmonthtemp description="Mean Temperature" units="°C">0.9</meanmonthtemp>
        <extrmaxtemp description="Extreme Maximum Temperature" units="°C">19.1</extrmaxtemp>
        <extrmintemp description="Extreme Minimum Temperature" units="°C">-9.7</extrmintemp>
        <totrain description="Total Rain" units="mm">23.4</totrain>
        <totsnow description="Total Snow" units="cm">6.8</totsnow>
        <totprecip description="Total Precipitation" units="mm">29.8</totprecip>
        <grndsnowlastday description="Snow on the Ground on the Last Day" flag="T" units="cm">0</grndsnowlastday>
        <dirmaxgust description="Direction of Maximum Gust" flag="S" units="10's Deg">26</dirmaxgust>
        <speedmaxgust description="Speed of Maximum Gust" flag="S" units="km/h">56</speedmaxgust>
    </stationdata>
    <stationdata month="12" year="1996">
        <meanmaxtemp description="Mean Maximum Temperature" units="°C">2.5</meanmaxtemp>
        <meanmintemp description="Mean Minimum Temperature" units="°C">-3.3</meanmintemp>
        <meanmonthtemp description="Mean Temperature" units="°C">-0.4</meanmonthtemp>
        <extrmaxtemp description="Extreme Maximum Temperature" units="°C">11.8</extrmaxtemp>
        <extrmintemp description="Extreme Minimum Temperature" units="°C">-14.7</extrmintemp>
        <totrain description="Total Rain" units="mm">66.2</totrain>
        <totsnow description="Total Snow" units="cm">28.2</totsnow>
        <totprecip description="Total Precipitation" units="mm">95.2</totprecip>
        <grndsnowlastday description="Snow on the Ground on the Last Day" units="cm">10</grndsnowlastday>
        <dirmaxgust description="Direction of Maximum Gust" units="10's Deg">20</dirmaxgust>
        <speedmaxgust description="Speed of Maximum Gust" units="km/h">109</speedmaxgust>
    </stationdata>
    <stationdata month="1" year="1997">
        <meanmaxtemp description="Mean Maximum Temperature" units="°C">-1.8</meanmaxtemp>
        <meanmintemp description="Mean Minimum Temperature" units="°C">-10.9</meanmintemp>
        <meanmonthtemp description="Mean Temperature" units="°C">-6.4</meanmonthtemp>
        <extrmaxtemp description="Extreme Maximum Temperature" units="°C">10.1</extrmaxtemp>
        <extrmintemp description="Extreme Minimum Temperature" units="°C">-24.6</extrmintemp>
        <totrain description="Total Rain" units="mm">18.2</totrain>
        <totsnow description="Total Snow" units="cm">48.8</totsnow>
        <totprecip description="Total Precipitation" units="mm">64.6</totprecip>
        <grndsnowlastday description="Snow on the Ground on the Last Day" units="cm">9</grndsnowlastday>
        <dirmaxgust description="Direction of Maximum Gust" flag="S" units="10's Deg">22</dirmaxgust>
        <speedmaxgust description="Speed of Maximum Gust" flag="S" units="km/h">82</speedmaxgust>
    </stationdata>
    <stationdata month="2" year="1997">
        <meanmaxtemp description="Mean Maximum Temperature" units="°C">1.4</meanmaxtemp>
        <meanmintemp description="Mean Minimum Temperature" units="°C">-7.7</meanmintemp>
        <meanmonthtemp description="Mean Temperature" units="°C">-3.2</meanmonthtemp>
        <extrmaxtemp description="Extreme Maximum Temperature" units="°C">12.9</extrmaxtemp>
        <extrmintemp description="Extreme Minimum Temperature" units="°C">-20.9</extrmintemp>
        <totrain description="Total Rain" units="mm">62.0</totrain>
        <totsnow description="Total Snow" units="cm">16.4</totsnow>
        <totprecip description="Total Precipitation" units="mm">78.6</totprecip>
        <grndsnowlastday description="Snow on the Ground on the Last Day" units="cm">0</grndsnowlastday>
        <dirmaxgust description="Direction of Maximum Gust" units="10's Deg">26</dirmaxgust>
        <speedmaxgust description="Speed of Maximum Gust" units="km/h">96</speedmaxgust>
    </stationdata>
    <stationdata month="3" year="1997">
        <meanmaxtemp description="Mean Maximum Temperature" units="°C">2.7</meanmaxtemp>
        <meanmintemp description="Mean Minimum Temperature" units="°C">-5.4</meanmintemp>
        <meanmonthtemp description="Mean Temperature" units="°C">-1.4</meanmonthtemp>
        <extrmaxtemp description="Extreme Maximum Temperature" units="°C">13.8</extrmaxtemp>
        <extrmintemp description="Extreme Minimum Temperature" units="°C">-14.3</extrmintemp>
        <totrain description="Total Rain" units="mm">29.8</totrain>
        <totsnow description="Total Snow" units="cm">41.6</totsnow>
        <totprecip description="Total Precipitation" units="mm">69.8</totprecip>
        <grndsnowlastday description="Snow on the Ground on the Last Day" units="cm">2</grndsnowlastday>
        <dirmaxgust description="Direction of Maximum Gust" units="10's Deg">9</dirmaxgust>
        <speedmaxgust description="Speed of Maximum Gust" units="km/h">72</speedmaxgust>
    </stationdata>
    <stationdata month="4" year="1997">
        <meanmaxtemp description="Mean Maximum Temperature" units="°C">11.2</meanmaxtemp>
        <meanmintemp description="Mean Minimum Temperature" units="°C">0.4</meanmintemp>
        <meanmonthtemp description="Mean Temperature" units="°C">5.8</meanmonthtemp>
        <extrmaxtemp description="Extreme Maximum Temperature" units="°C">22.6</extrmaxtemp>
        <extrmintemp description="Extreme Minimum Temperature" units="°C">-9.2</extrmintemp>
        <totrain description="Total Rain" units="mm">25.2</totrain>
        <totsnow description="Total Snow" units="cm">2.6</totsnow>
        <totprecip description="Total Precipitation" units="mm">29.2</totprecip>
        <grndsnowlastday description="Snow on the Ground on the Last Day" units="cm">0</grndsnowlastday>
        <dirmaxgust description="Direction of Maximum Gust" units="10's Deg">24</dirmaxgust>
        <speedmaxgust description="Speed of Maximum Gust" units="km/h">72</speedmaxgust>
    </stationdata>
    <stationdata month="5" year="1997">
        <meanmaxtemp description="Mean Maximum Temperature" units="°C">14.9</meanmaxtemp>
        <meanmintemp description="Mean Minimum Temperature" units="°C">4.2</meanmintemp>
        <meanmonthtemp description="Mean Temperature" units="°C">9.6</meanmonthtemp>
        <extrmaxtemp description="Extreme Maximum Temperature" units="°C">20.8</extrmaxtemp>
        <extrmintemp description="Extreme Minimum Temperature" units="°C">0.1</extrmintemp>
        <totrain description="Total Rain" units="mm">65.4</totrain>
        <totsnow description="Total Snow" flag="T" units="cm">0.0</totsnow>
        <totprecip description="Total Precipitation" units="mm">65.4</totprecip>
        <grndsnowlastday description="Snow on the Ground on the Last Day" units="cm">0</grndsnowlastday>
        <dirmaxgust description="Direction of Maximum Gust" units="10's Deg">25</dirmaxgust>
        <speedmaxgust description="Speed of Maximum Gust" units="km/h">85</speedmaxgust>
    </stationdata>
    <stationdata month="6" year="1997">
        <meanmaxtemp description="Mean Maximum Temperature" units="°C">25.5</meanmaxtemp>
        <meanmintemp description="Mean Minimum Temperature" units="°C">14.0</meanmintemp>
        <meanmonthtemp description="Mean Temperature" units="°C">19.8</meanmonthtemp>
        <extrmaxtemp description="Extreme Maximum Temperature" units="°C">31.4</extrmaxtemp>
        <extrmintemp description="Extreme Minimum Temperature" units="°C">6.7</extrmintemp>
        <totrain description="Total Rain" units="mm">50.8</totrain>
        <totsnow description="Total Snow" units="cm">0.0</totsnow>
        <totprecip description="Total Precipitation" units="mm">50.8</totprecip>
        <grndsnowlastday description="Snow on the Ground on the Last Day" units="cm">0</grndsnowlastday>
        <dirmaxgust description="Direction of Maximum Gust" units="10's Deg">24</dirmaxgust>
        <speedmaxgust description="Speed of Maximum Gust" units="km/h">65</speedmaxgust>
    </stationdata>
    <stationdata month="7" year="1997">
        <meanmaxtemp description="Mean Maximum Temperature" units="°C">26.8</meanmaxtemp>
        <meanmintemp description="Mean Minimum Temperature" units="°C">15.0</meanmintemp>
        <meanmonthtemp description="Mean Temperature" units="°C">20.9</meanmonthtemp>
        <extrmaxtemp description="Extreme Maximum Temperature" units="°C">34.1</extrmaxtemp>
        <extrmintemp description="Extreme Minimum Temperature" units="°C">9.0</extrmintemp>
        <totrain description="Total Rain" units="mm">30.0</totrain>
        <totsnow description="Total Snow" units="cm">0.0</totsnow>
        <totprecip description="Total Precipitation" units="mm">30.0</totprecip>
        <grndsnowlastday description="Snow on the Ground on the Last Day" units="cm">0</grndsnowlastday>
        <dirmaxgust description="Direction of Maximum Gust" units="10's Deg">34</dirmaxgust>
        <speedmaxgust description="Speed of Maximum Gust" units="km/h">63</speedmaxgust>
    </stationdata>
    <stationdata month="8" year="1997">
        <meanmaxtemp description="Mean Maximum Temperature" units="°C">24.4</meanmaxtemp>
        <meanmintemp description="Mean Minimum Temperature" units="°C">13.4</meanmintemp>
        <meanmonthtemp description="Mean Temperature" units="°C">19.0</meanmonthtemp>
        <extrmaxtemp description="Extreme Maximum Temperature" units="°C">31.9</extrmaxtemp>
        <extrmintemp description="Extreme Minimum Temperature" units="°C">9.4</extrmintemp>
        <totrain description="Total Rain" units="mm">71.8</totrain>
        <totsnow description="Total Snow" units="cm">0.0</totsnow>
        <totprecip description="Total Precipitation" units="mm">71.8</totprecip>
        <grndsnowlastday description="Snow on the Ground on the Last Day" units="cm">0</grndsnowlastday>
        <dirmaxgust description="Direction of Maximum Gust" units="10's Deg">11</dirmaxgust>
        <speedmaxgust description="Speed of Maximum Gust" units="km/h">52</speedmaxgust>
    </stationdata>
    <stationdata month="9" year="1997">
        <meanmaxtemp description="Mean Maximum Temperature" units="°C">20.9</meanmaxtemp>
        <meanmintemp description="Mean Minimum Temperature" units="°C">10.0</meanmintemp>
        <meanmonthtemp description="Mean Temperature" units="°C">15.5</meanmonthtemp>
        <extrmaxtemp description="Extreme Maximum Temperature" units="°C">27.5</extrmaxtemp>
        <extrmintemp description="Extreme Minimum Temperature" units="°C">1.7</extrmintemp>
        <totrain description="Total Rain" units="mm">48.0</totrain>
        <totsnow description="Total Snow" units="cm">0.0</totsnow>
        <totprecip description="Total Precipitation" units="mm">48.0</totprecip>
        <grndsnowlastday description="Snow on the Ground on the Last Day" units="cm">0</grndsnowlastday>
        <dirmaxgust description="Direction of Maximum Gust" units="10's Deg">24</dirmaxgust>
        <speedmaxgust description="Speed of Maximum Gust" units="km/h">85</speedmaxgust>
    </stationdata>
    <stationdata month="10" year="1997">
        <meanmaxtemp description="Mean Maximum Temperature" units="°C">14.7</meanmaxtemp>
        <meanmintemp description="Mean Minimum Temperature" units="°C">4.2</meanmintemp>
        <meanmonthtemp description="Mean Temperature" units="°C">9.5</meanmonthtemp>
        <extrmaxtemp description="Extreme Maximum Temperature" units="°C">26.2</extrmaxtemp>
        <extrmintemp description="Extreme Minimum Temperature" units="°C">-2.8</extrmintemp>
        <totrain description="Total Rain" units="mm">32.2</totrain>
        <totsnow description="Total Snow" units="cm">2.8</totsnow>
        <totprecip description="Total Precipitation" units="mm">35.2</totprecip>
        <grndsnowlastday description="Snow on the Ground on the Last Day" units="cm">0</grndsnowlastday>
        <dirmaxgust description="Direction of Maximum Gust" units="10's Deg">26</dirmaxgust>
        <speedmaxgust description="Speed of Maximum Gust" units="km/h">69</speedmaxgust>
    </stationdata>
    <stationdata month="11" year="1997">
        <meanmaxtemp description="Mean Maximum Temperature" units="°C">5.9</meanmaxtemp>
        <meanmintemp description="Mean Minimum Temperature" units="°C">-1.0</meanmintemp>
        <meanmonthtemp description="Mean Temperature" units="°C">2.5</meanmonthtemp>
        <extrmaxtemp description="Extreme Maximum Temperature" units="°C">13.1</extrmaxtemp>
        <extrmintemp description="Extreme Minimum Temperature" units="°C">-9.3</extrmintemp>
        <totrain description="Total Rain" units="mm">35.2</totrain>
        <totsnow description="Total Snow" units="cm">19.2</totsnow>
        <totprecip description="Total Precipitation" units="mm">55.0</totprecip>
        <grndsnowlastday description="Snow on the Ground on the Last Day" units="cm">0</grndsnowlastday>
        <dirmaxgust description="Direction of Maximum Gust" units="10's Deg">32</dirmaxgust>
        <speedmaxgust description="Speed of Maximum Gust" units="km/h">61</speedmaxgust>
    </stationdata>
    <stationdata month="12" year="1997">
        <meanmaxtemp description="Mean Maximum Temperature" units="°C">2.2</meanmaxtemp>
        <meanmintemp description="Mean Minimum Temperature" units="°C">-4.0</meanmintemp>
        <meanmonthtemp description="Mean Temperature" units="°C">-0.9</meanmonthtemp>
        <extrmaxtemp description="Extreme Maximum Temperature" units="°C">9.0</extrmaxtemp>
        <extrmintemp description="Extreme Minimum Temperature" units="°C">-17.0</extrmintemp>
        <totrain description="Total Rain" units="mm">17.0</totrain>
        <totsnow description="Total Snow" units="cm">12.2</totsnow>
        <totprecip description="Total Precipitation" units="mm">30.2</totprecip>
        <grndsnowlastday description="Snow on the Ground on the Last Day" units="cm">1</grndsnowlastday>
        <dirmaxgust description="Direction of Maximum Gust" units="10's Deg">31</dirmaxgust>
        <speedmaxgust description="Speed of Maximum Gust" units="km/h">56</speedmaxgust>
    </stationdata>
    <stationdata month="1" year="1998">
        <meanmaxtemp description="Mean Maximum Temperature" units="°C">1.0</meanmaxtemp>
        <meanmintemp description="Mean Minimum Temperature" units="°C">-5.3</meanmintemp>
        <meanmonthtemp description="Mean Temperature" units="°C">-2.2</meanmonthtemp>
        <extrmaxtemp description="Extreme Maximum Temperature" units="°C">10.7</extrmaxtemp>
        <extrmintemp description="Extreme Minimum Temperature" units="°C">-13.3</extrmintemp>
        <totrain description="Total Rain" units="mm">72.8</totrain>
        <totsnow description="Total Snow" units="cm">24.0</totsnow>
        <totprecip description="Total Precipitation" units="mm">97.2</totprecip>
        <grndsnowlastday description="Snow on the Ground on the Last Day" units="cm">6</grndsnowlastday>
        <dirmaxgust description="Direction of Maximum Gust" units="10's Deg">25</dirmaxgust>
        <speedmaxgust description="Speed of Maximum Gust" units="km/h">69</speedmaxgust>
    </stationdata>
    <stationdata month="2" year="1998">
        <meanmaxtemp description="Mean Maximum Temperature" units="°C">3.4</meanmaxtemp>
        <meanmintemp description="Mean Minimum Temperature" units="°C">-4.0</meanmintemp>
        <meanmonthtemp description="Mean Temperature" units="°C">-0.3</meanmonthtemp>
        <extrmaxtemp description="Extreme Maximum Temperature" units="°C">9.8</extrmaxtemp>
        <extrmintemp description="Extreme Minimum Temperature" units="°C">-12.4</extrmintemp>
        <totrain description="Total Rain" units="mm">43.8</totrain>
        <totsnow description="Total Snow" units="cm">1.4</totsnow>
        <totprecip description="Total Precipitation" units="mm">45.8</totprecip>
        <grndsnowlastday description="Snow on the Ground on the Last Day" units="cm">0</grndsnowlastday>
        <dirmaxgust description="Direction of Maximum Gust" units="10's Deg">9</dirmaxgust>
        <speedmaxgust description="Speed of Maximum Gust" units="km/h">70</speedmaxgust>
    </stationdata>
    <stationdata month="3" year="1998">
        <meanmaxtemp description="Mean Maximum Temperature" units="°C">6.4</meanmaxtemp>
        <meanmintemp description="Mean Minimum Temperature" units="°C">-2.1</meanmintemp>
        <meanmonthtemp description="Mean Temperature" units="°C">2.1</meanmonthtemp>
        <extrmaxtemp description="Extreme Maximum Temperature" units="°C">25.4</extrmaxtemp>
        <extrmintemp description="Extreme Minimum Temperature" units="°C">-13.9</extrmintemp>
        <totrain description="Total Rain" units="mm">72.4</totrain>
        <totsnow description="Total Snow" units="cm">28.0</totsnow>
        <totprecip description="Total Precipitation" units="mm">98.4</totprecip>
        <grndsnowlastday description="Snow on the Ground on the Last Day" units="cm">0</grndsnowlastday>
        <dirmaxgust description="Direction of Maximum Gust" units="10's Deg">24</dirmaxgust>
        <speedmaxgust description="Speed of Maximum Gust" units="km/h">83</speedmaxgust>
    </stationdata>
    <stationdata month="4" year="1998">
        <meanmaxtemp description="Mean Maximum Temperature" units="°C">14.4</meanmaxtemp>
        <meanmintemp description="Mean Minimum Temperature" units="°C">2.8</meanmintemp>
        <meanmonthtemp description="Mean Temperature" units="°C">8.6</meanmonthtemp>
        <extrmaxtemp description="Extreme Maximum Temperature" units="°C">20.7</extrmaxtemp>
        <extrmintemp description="Extreme Minimum Temperature" units="°C">-2.1</extrmintemp>
        <totrain description="Total Rain" units="mm">57.2</totrain>
        <totsnow description="Total Snow" units="cm">0.0</totsnow>
        <totprecip description="Total Precipitation" units="mm">57.2</totprecip>
        <grndsnowlastday description="Snow on the Ground on the Last Day" units="cm">0</grndsnowlastday>
        <dirmaxgust description="Direction of Maximum Gust" units="10's Deg">33</dirmaxgust>
        <speedmaxgust description="Speed of Maximum Gust" units="km/h">59</speedmaxgust>
    </stationdata>
    <stationdata month="5" year="1998">
        <meanmaxtemp description="Mean Maximum Temperature" units="°C">22.5</meanmaxtemp>
        <meanmintemp description="Mean Minimum Temperature" units="°C">11.5</meanmintemp>
        <meanmonthtemp description="Mean Temperature" units="°C">17.0</meanmonthtemp>
        <extrmaxtemp description="Extreme Maximum Temperature" units="°C">30.6</extrmaxtemp>
        <extrmintemp description="Extreme Minimum Temperature" units="°C">5.8</extrmintemp>
        <totrain description="Total Rain" units="mm">71.8</totrain>
        <totsnow description="Total Snow" units="cm">0.0</totsnow>
        <totprecip description="Total Precipitation" units="mm">71.8</totprecip>
        <grndsnowlastday description="Snow on the Ground on the Last Day" units="cm">0</grndsnowlastday>
        <dirmaxgust description="Direction of Maximum Gust" units="10's Deg">26</dirmaxgust>
        <speedmaxgust description="Speed of Maximum Gust" units="km/h">89</speedmaxgust>
    </stationdata>
    <stationdata month="6" year="1998">
        <meanmaxtemp description="Mean Maximum Temperature" units="°C">24.4</meanmaxtemp>
        <meanmintemp description="Mean Minimum Temperature" units="°C">13.4</meanmintemp>
        <meanmonthtemp description="Mean Temperature" units="°C">18.9</meanmonthtemp>
        <extrmaxtemp description="Extreme Maximum Temperature" units="°C">33.0</extrmaxtemp>
        <extrmintemp description="Extreme Minimum Temperature" units="°C">3.0</extrmintemp>
        <totrain description="Total Rain" units="mm">80.5</totrain>
        <totsnow description="Total Snow" units="cm">0.0</totsnow>
        <totprecip description="Total Precipitation" units="mm">80.5</totprecip>
        <grndsnowlastday description="Snow on the Ground on the Last Day" units="cm">0</grndsnowlastday>
        <dirmaxgust description="Direction of Maximum Gust" units="10's Deg">32</dirmaxgust>
        <speedmaxgust description="Speed of Maximum Gust" units="km/h">67</speedmaxgust>
    </stationdata>
    <stationdata month="7" year="1998">
        <meanmaxtemp description="Mean Maximum Temperature" units="°C">27.0</meanmaxtemp>
        <meanmintemp description="Mean Minimum Temperature" units="°C">15.4</meanmintemp>
        <meanmonthtemp description="Mean Temperature" units="°C">21.2</meanmonthtemp>
        <extrmaxtemp description="Extreme Maximum Temperature" units="°C">33.2</extrmaxtemp>
        <extrmintemp description="Extreme Minimum Temperature" units="°C">10.8</extrmintemp>
        <totrain description="Total Rain" units="mm">45.4</totrain>
        <totsnow description="Total Snow" units="cm">0.0</totsnow>
        <totprecip description="Total Precipitation" units="mm">45.4</totprecip>
        <grndsnowlastday description="Snow on the Ground on the Last Day" units="cm">0</grndsnowlastday>
        <dirmaxgust description="Direction of Maximum Gust" units="10's Deg">35</dirmaxgust>
        <speedmaxgust description="Speed of Maximum Gust" units="km/h">69</speedmaxgust>
    </stationdata>
    <stationdata month="8" year="1998">
        <meanmaxtemp description="Mean Maximum Temperature" units="°C">27.6</meanmaxtemp>
        <meanmintemp description="Mean Minimum Temperature" units="°C">15.7</meanmintemp>
        <meanmonthtemp description="Mean Temperature" units="°C">21.7</meanmonthtemp>
        <extrmaxtemp description="Extreme Maximum Temperature" units="°C">32.4</extrmaxtemp>
        <extrmintemp description="Extreme Minimum Temperature" units="°C">9.3</extrmintemp>
        <totrain description="Total Rain" units="mm">26.8</totrain>
        <totsnow description="Total Snow" units="cm">0.0</totsnow>
        <totprecip description="Total Precipitation" units="mm">26.8</totprecip>
        <grndsnowlastday description="Snow on the Ground on the Last Day" units="cm">0</grndsnowlastday>
        <dirmaxgust description="Direction of Maximum Gust" units="10's Deg">26</dirmaxgust>
        <speedmaxgust description="Speed of Maximum Gust" units="km/h">61</speedmaxgust>
    </stationdata>
    <stationdata month="9" year="1998">
        <meanmaxtemp description="Mean Maximum Temperature" units="°C">24.7</meanmaxtemp>
        <meanmintemp description="Mean Minimum Temperature" units="°C">11.6</meanmintemp>
        <meanmonthtemp description="Mean Temperature" units="°C">18.2</meanmonthtemp>
        <extrmaxtemp description="Extreme Maximum Temperature" units="°C">33.5</extrmaxtemp>
        <extrmintemp description="Extreme Minimum Temperature" units="°C">3.7</extrmintemp>
        <totrain description="Total Rain" units="mm">38.4</totrain>
        <totsnow description="Total Snow" units="cm">0.0</totsnow>
        <totprecip description="Total Precipitation" units="mm">38.4</totprecip>
        <grndsnowlastday description="Snow on the Ground on the Last Day" units="cm">0</grndsnowlastday>
        <dirmaxgust description="Direction of Maximum Gust" units="10's Deg">33</dirmaxgust>
        <speedmaxgust description="Speed of Maximum Gust" units="km/h">74</speedmaxgust>
    </stationdata>
    <stationdata month="10" year="1998">
        <meanmaxtemp description="Mean Maximum Temperature" units="°C">15.8</meanmaxtemp>
        <meanmintemp description="Mean Minimum Temperature" units="°C">5.7</meanmintemp>
        <meanmonthtemp description="Mean Temperature" units="°C">10.8</meanmonthtemp>
        <extrmaxtemp description="Extreme Maximum Temperature" units="°C">23.1</extrmaxtemp>
        <extrmintemp description="Extreme Minimum Temperature" units="°C">0.6</extrmintemp>
        <totrain description="Total Rain" units="mm">24.0</totrain>
        <totsnow description="Total Snow" units="cm">0.0</totsnow>
        <totprecip description="Total Precipitation" units="mm">24.0</totprecip>
        <grndsnowlastday description="Snow on the Ground on the Last Day" units="cm">0</grndsnowlastday>
        <dirmaxgust description="Direction of Maximum Gust" units="10's Deg">23</dirmaxgust>
        <speedmaxgust description="Speed of Maximum Gust" units="km/h">70</speedmaxgust>
    </stationdata>
    <stationdata month="11" year="1998">
        <meanmaxtemp description="Mean Maximum Temperature" units="°C">8.6</meanmaxtemp>
        <meanmintemp description="Mean Minimum Temperature" units="°C">1.1</meanmintemp>
        <meanmonthtemp description="Mean Temperature" units="°C">4.9</meanmonthtemp>
        <extrmaxtemp description="Extreme Maximum Temperature" units="°C">18.8</extrmaxtemp>
        <extrmintemp description="Extreme Minimum Temperature" units="°C">-3.4</extrmintemp>
        <totrain description="Total Rain" units="mm">33.6</totrain>
        <totsnow description="Total Snow" flag="T" units="cm">0.0</totsnow>
        <totprecip description="Total Precipitation" units="mm">33.6</totprecip>
        <grndsnowlastday description="Snow on the Ground on the Last Day" units="cm">0</grndsnowlastday>
        <dirmaxgust description="Direction of Maximum Gust" units="10's Deg">23</dirmaxgust>
        <speedmaxgust description="Speed of Maximum Gust" units="km/h">100</speedmaxgust>
    </stationdata>
    <stationdata month="12" year="1998">
        <meanmaxtemp description="Mean Maximum Temperature" units="°C">5.1</meanmaxtemp>
        <meanmintemp description="Mean Minimum Temperature" units="°C">-3.6</meanmintemp>
        <meanmonthtemp description="Mean Temperature" units="°C">0.7</meanmonthtemp>
        <extrmaxtemp description="Extreme Maximum Temperature" flag="S" units="°C">17.6</extrmaxtemp>
        <extrmintemp description="Extreme Minimum Temperature" units="°C">-17.4</extrmintemp>
        <totrain description="Total Rain" units="mm">55.2</totrain>
        <totsnow description="Total Snow" units="cm">8.1</totsnow>
        <totprecip description="Total Precipitation" units="mm">63.0</totprecip>
        <grndsnowlastday description="Snow on the Ground on the Last Day" flag="T" units="cm">0</grndsnowlastday>
        <dirmaxgust description="Direction of Maximum Gust" units="10's Deg">32</dirmaxgust>
        <speedmaxgust description="Speed of Maximum Gust" units="km/h">76</speedmaxgust>
    </stationdata>
    <stationdata month="1" year="1999">
        <meanmaxtemp description="Mean Maximum Temperature" units="°C">-2.3</meanmaxtemp>
        <meanmintemp description="Mean Minimum Temperature" units="°C">-10.1</meanmintemp>
        <meanmonthtemp description="Mean Temperature" units="°C">-6.2</meanmonthtemp>
        <extrmaxtemp description="Extreme Maximum Temperature" units="°C">9.4</extrmaxtemp>
        <extrmintemp description="Extreme Minimum Temperature" units="°C">-23.6</extrmintemp>
        <totrain description="Total Rain" units="mm">33.0</totrain>
        <totsnow description="Total Snow" units="cm">79.6</totsnow>
        <totprecip description="Total Precipitation" units="mm">107.0</totprecip>
        <grndsnowlastday description="Snow on the Ground on the Last Day" units="cm">16</grndsnowlastday>
        <dirmaxgust description="Direction of Maximum Gust" flag="S" units="10's Deg">9</dirmaxgust>
        <speedmaxgust description="Speed of Maximum Gust" flag="S" units="km/h">70</speedmaxgust>
    </stationdata>
    <stationdata month="2" year="1999">
        <meanmaxtemp description="Mean Maximum Temperature" units="°C">2.4</meanmaxtemp>
        <meanmintemp description="Mean Minimum Temperature" units="°C">-5.6</meanmintemp>
        <meanmonthtemp description="Mean Temperature" units="°C">-1.6</meanmonthtemp>
        <extrmaxtemp description="Extreme Maximum Temperature" units="°C">13.2</extrmaxtemp>
        <extrmintemp description="Extreme Minimum Temperature" units="°C">-16.3</extrmintemp>
        <totrain description="Total Rain" units="mm">24.0</totrain>
        <totsnow description="Total Snow" units="cm">3.4</totsnow>
        <totprecip description="Total Precipitation" units="mm">27.4</totprecip>
        <grndsnowlastday description="Snow on the Ground on the Last Day" flag="T" units="cm">0</grndsnowlastday>
        <dirmaxgust description="Direction of Maximum Gust" units="10's Deg">31</dirmaxgust>
        <speedmaxgust description="Speed of Maximum Gust" units="km/h">76</speedmaxgust>
    </stationdata>
    <stationdata month="3" year="1999">
        <meanmaxtemp description="Mean Maximum Temperature" units="°C">4.7</meanmaxtemp>
        <meanmintemp description="Mean Minimum Temperature" units="°C">-4.3</meanmintemp>
        <meanmonthtemp description="Mean Temperature" units="°C">0.2</meanmonthtemp>
        <extrmaxtemp description="Extreme Maximum Temperature" units="°C">21.2</extrmaxtemp>
        <extrmintemp description="Extreme Minimum Temperature" units="°C">-15.8</extrmintemp>
        <totrain description="Total Rain" units="mm">0.6</totrain>
        <totsnow description="Total Snow" units="cm">21.4</totsnow>
        <totprecip description="Total Precipitation" units="mm">23.4</totprecip>
        <grndsnowlastday description="Snow on the Ground on the Last Day" units="cm">0</grndsnowlastday>
        <dirmaxgust description="Direction of Maximum Gust" units="10's Deg">33</dirmaxgust>
        <speedmaxgust description="Speed of Maximum Gust" units="km/h">95</speedmaxgust>
    </stationdata>
    <stationdata month="4" year="1999">
        <meanmaxtemp description="Mean Maximum Temperature" units="°C">13.1</meanmaxtemp>
        <meanmintemp description="Mean Minimum Temperature" units="°C">3.1</meanmintemp>
        <meanmonthtemp description="Mean Temperature" units="°C">8.1</meanmonthtemp>
        <extrmaxtemp description="Extreme Maximum Temperature" units="°C">19.7</extrmaxtemp>
        <extrmintemp description="Extreme Minimum Temperature" units="°C">-1.2</extrmintemp>
        <totrain description="Total Rain" units="mm">43.3</totrain>
        <totsnow description="Total Snow" units="cm">3.6</totsnow>
        <totprecip description="Total Precipitation" units="mm">48.9</totprecip>
        <grndsnowlastday description="Snow on the Ground on the Last Day" units="cm">0</grndsnowlastday>
        <dirmaxgust description="Direction of Maximum Gust" flag="S" units="10's Deg">27</dirmaxgust>
        <speedmaxgust description="Speed of Maximum Gust" flag="S" units="km/h">74</speedmaxgust>
    </stationdata>
    <stationdata month="5" year="1999">
        <meanmaxtemp description="Mean Maximum Temperature" units="°C">21.2</meanmaxtemp>
        <meanmintemp description="Mean Minimum Temperature" units="°C">9.7</meanmintemp>
        <meanmonthtemp description="Mean Temperature" units="°C">15.5</meanmonthtemp>
        <extrmaxtemp description="Extreme Maximum Temperature" units="°C">32.1</extrmaxtemp>
        <extrmintemp description="Extreme Minimum Temperature" units="°C">4.1</extrmintemp>
        <totrain description="Total Rain" units="mm">39.0</totrain>
        <totsnow description="Total Snow" units="cm">0.0</totsnow>
        <totprecip description="Total Precipitation" units="mm">39.0</totprecip>
        <grndsnowlastday description="Snow on the Ground on the Last Day" units="cm">0</grndsnowlastday>
        <dirmaxgust description="Direction of Maximum Gust" flag="S" units="10's Deg">11</dirmaxgust>
        <speedmaxgust description="Speed of Maximum Gust" flag="S" units="km/h">56</speedmaxgust>
    </stationdata>
    <stationdata month="6" year="1999">
        <meanmaxtemp description="Mean Maximum Temperature" units="°C">25.7</meanmaxtemp>
        <meanmintemp description="Mean Minimum Temperature" units="°C">15.0</meanmintemp>
        <meanmonthtemp description="Mean Temperature" units="°C">20.4</meanmonthtemp>
        <extrmaxtemp description="Extreme Maximum Temperature" units="°C">33.6</extrmaxtemp>
        <extrmintemp description="Extreme Minimum Temperature" units="°C">7.7</extrmintemp>
        <totrain description="Total Rain" units="mm">66.2</totrain>
        <totsnow description="Total Snow" units="cm">0.0</totsnow>
        <totprecip description="Total Precipitation" units="mm">66.2</totprecip>
        <grndsnowlastday description="Snow on the Ground on the Last Day" units="cm">0</grndsnowlastday>
        <dirmaxgust description="Direction of Maximum Gust" units="10's Deg">30</dirmaxgust>
        <speedmaxgust description="Speed of Maximum Gust" units="km/h">76</speedmaxgust>
    </stationdata>
    <stationdata month="7" year="1999">
        <meanmaxtemp description="Mean Maximum Temperature" units="°C">30.0</meanmaxtemp>
        <meanmintemp description="Mean Minimum Temperature" units="°C">18.6</meanmintemp>
        <meanmonthtemp description="Mean Temperature" units="°C">24.3</meanmonthtemp>
        <extrmaxtemp description="Extreme Maximum Temperature" units="°C">35.0</extrmaxtemp>
        <extrmintemp description="Extreme Minimum Temperature" units="°C">11.8</extrmintemp>
        <totrain description="Total Rain" units="mm">44.4</totrain>
        <totsnow description="Total Snow" units="cm">0.0</totsnow>
        <totprecip description="Total Precipitation" units="mm">44.4</totprecip>
        <grndsnowlastday description="Snow on the Ground on the Last Day" units="cm">0</grndsnowlastday>
        <dirmaxgust description="Direction of Maximum Gust" units="10's Deg">32</dirmaxgust>
        <speedmaxgust description="Speed of Maximum Gust" units="km/h">78</speedmaxgust>
    </stationdata>
    <stationdata month="8" year="1999">
        <meanmaxtemp description="Mean Maximum Temperature" units="°C">24.9</meanmaxtemp>
        <meanmintemp description="Mean Minimum Temperature" units="°C">15.6</meanmintemp>
        <meanmonthtemp description="Mean Temperature" units="°C">20.3</meanmonthtemp>
        <extrmaxtemp description="Extreme Maximum Temperature" units="°C">31.7</extrmaxtemp>
        <extrmintemp description="Extreme Minimum Temperature" units="°C">9.6</extrmintemp>
        <totrain description="Total Rain" units="mm">59.0</totrain>
        <totsnow description="Total Snow" units="cm">0.0</totsnow>
        <totprecip description="Total Precipitation" units="mm">59.0</totprecip>
        <grndsnowlastday description="Snow on the Ground on the Last Day" units="cm">0</grndsnowlastday>
        <dirmaxgust description="Direction of Maximum Gust" units="10's Deg">34</dirmaxgust>
        <speedmaxgust description="Speed of Maximum Gust" units="km/h">61</speedmaxgust>
    </stationdata>
    <stationdata month="9" year="1999">
        <meanmaxtemp description="Mean Maximum Temperature" units="°C">23.3</meanmaxtemp>
        <meanmintemp description="Mean Minimum Temperature" units="°C">12.6</meanmintemp>
        <meanmonthtemp description="Mean Temperature" units="°C">18.0</meanmonthtemp>
        <extrmaxtemp description="Extreme Maximum Temperature" units="°C">31.3</extrmaxtemp>
        <extrmintemp description="Extreme Minimum Temperature" units="°C">2.9</extrmintemp>
        <totrain description="Total Rain" units="mm">80.0</totrain>
        <totsnow description="Total Snow" units="cm">0.0</totsnow>
        <totprecip description="Total Precipitation" units="mm">80.0</totprecip>
        <grndsnowlastday description="Snow on the Ground on the Last Day" units="cm">0</grndsnowlastday>
        <dirmaxgust description="Direction of Maximum Gust" units="10's Deg">30</dirmaxgust>
        <speedmaxgust description="Speed of Maximum Gust" units="km/h">57</speedmaxgust>
    </stationdata>
    <stationdata month="10" year="1999">
        <meanmaxtemp description="Mean Maximum Temperature" units="°C">14.1</meanmaxtemp>
        <meanmintemp description="Mean Minimum Temperature" units="°C">4.5</meanmintemp>
        <meanmonthtemp description="Mean Temperature" units="°C">9.4</meanmonthtemp>
        <extrmaxtemp description="Extreme Maximum Temperature" units="°C">23.0</extrmaxtemp>
        <extrmintemp description="Extreme Minimum Temperature" units="°C">-1.3</extrmintemp>
        <totrain description="Total Rain" units="mm">61.8</totrain>
        <totsnow description="Total Snow" units="cm">0.0</totsnow>
        <totprecip description="Total Precipitation" units="mm">61.8</totprecip>
        <grndsnowlastday description="Snow on the Ground on the Last Day" units="cm">0</grndsnowlastday>
        <dirmaxgust description="Direction of Maximum Gust" flag="I" units="10's Deg">35</dirmaxgust>
        <speedmaxgust description="Speed of Maximum Gust" flag="I" units="km/h">69</speedmaxgust>
    </stationdata>
    <stationdata month="11" year="1999">
        <meanmaxtemp description="Mean Maximum Temperature" units="°C">9.6</meanmaxtemp>
        <meanmintemp description="Mean Minimum Temperature" units="°C">1.9</meanmintemp>
        <meanmonthtemp description="Mean Temperature" units="°C">5.8</meanmonthtemp>
        <extrmaxtemp description="Extreme Maximum Temperature" units="°C">22.3</extrmaxtemp>
        <extrmintemp description="Extreme Minimum Temperature" units="°C">-7.1</extrmintemp>
        <totrain description="Total Rain" units="mm">77.0</totrain>
        <totsnow description="Total Snow" units="cm">1.2</totsnow>
        <totprecip description="Total Precipitation" units="mm">78.2</totprecip>
        <grndsnowlastday description="Snow on the Ground on the Last Day" units="cm">0</grndsnowlastday>
        <dirmaxgust description="Direction of Maximum Gust" units="10's Deg">34</dirmaxgust>
        <speedmaxgust description="Speed of Maximum Gust" units="km/h">95</speedmaxgust>
    </stationdata>
    <stationdata month="12" year="1999">
        <meanmaxtemp description="Mean Maximum Temperature" units="°C">3.1</meanmaxtemp>
        <meanmintemp description="Mean Minimum Temperature" units="°C">-4.4</meanmintemp>
        <meanmonthtemp description="Mean Temperature" units="°C">-0.7</meanmonthtemp>
        <extrmaxtemp description="Extreme Maximum Temperature" units="°C">14.3</extrmaxtemp>
        <extrmintemp description="Extreme Minimum Temperature" units="°C">-15.2</extrmintemp>
        <totrain description="Total Rain" units="mm">17.4</totrain>
        <totsnow description="Total Snow" units="cm">8.6</totsnow>
        <totprecip description="Total Precipitation" units="mm">26.5</totprecip>
        <grndsnowlastday description="Snow on the Ground on the Last Day" units="cm">0</grndsnowlastday>
        <dirmaxgust description="Direction of Maximum Gust" units="10's Deg">30</dirmaxgust>
        <speedmaxgust description="Speed of Maximum Gust" units="km/h">82</speedmaxgust>
    </stationdata>
    <stationdata month="1" year="2000">
        <meanmaxtemp description="Mean Maximum Temperature" units="°C">-1.1</meanmaxtemp>
        <meanmintemp description="Mean Minimum Temperature" units="°C">-10.5</meanmintemp>
        <meanmonthtemp description="Mean Temperature" units="°C">-5.8</meanmonthtemp>
        <extrmaxtemp description="Extreme Maximum Temperature" units="°C">12.2</extrmaxtemp>
        <extrmintemp description="Extreme Minimum Temperature" units="°C">-22.0</extrmintemp>
        <totrain description="Total Rain" units="mm">16.4</totrain>
        <totsnow description="Total Snow" units="cm">17.0</totsnow>
        <totprecip description="Total Precipitation" units="mm">29.2</totprecip>
        <grndsnowlastday description="Snow on the Ground on the Last Day" units="cm">3</grndsnowlastday>
        <dirmaxgust description="Direction of Maximum Gust" units="10's Deg">31</dirmaxgust>
        <speedmaxgust description="Speed of Maximum Gust" units="km/h">82</speedmaxgust>
    </stationdata>
    <stationdata month="2" year="2000">
        <meanmaxtemp description="Mean Maximum Temperature" units="°C">1.1</meanmaxtemp>
        <meanmintemp description="Mean Minimum Temperature" units="°C">-7.4</meanmintemp>
        <meanmonthtemp description="Mean Temperature" units="°C">-3.1</meanmonthtemp>
        <extrmaxtemp description="Extreme Maximum Temperature" units="°C">14.8</extrmaxtemp>
        <extrmintemp description="Extreme Minimum Temperature" units="°C">-18.1</extrmintemp>
        <totrain description="Total Rain" units="mm">15.4</totrain>
        <totsnow description="Total Snow" units="cm">39.1</totsnow>
        <totprecip description="Total Precipitation" units="mm">48.4</totprecip>
        <grndsnowlastday description="Snow on the Ground on the Last Day" units="cm">0</grndsnowlastday>
        <dirmaxgust description="Direction of Maximum Gust" units="10's Deg">32</dirmaxgust>
        <speedmaxgust description="Speed of Maximum Gust" units="km/h">74</speedmaxgust>
    </stationdata>
    <stationdata month="3" year="2000">
        <meanmaxtemp description="Mean Maximum Temperature" units="°C">9.4</meanmaxtemp>
        <meanmintemp description="Mean Minimum Temperature" units="°C">-0.4</meanmintemp>
        <meanmonthtemp description="Mean Temperature" units="°C">4.5</meanmonthtemp>
        <extrmaxtemp description="Extreme Maximum Temperature" units="°C">21.8</extrmaxtemp>
        <extrmintemp description="Extreme Minimum Temperature" units="°C">-7.2</extrmintemp>
        <totrain description="Total Rain" units="mm">10.2</totrain>
        <totsnow description="Total Snow" units="cm">7.8</totsnow>
        <totprecip description="Total Precipitation" units="mm">18.8</totprecip>
        <grndsnowlastday description="Snow on the Ground on the Last Day" units="cm">0</grndsnowlastday>
        <dirmaxgust description="Direction of Maximum Gust" units="10's Deg">30</dirmaxgust>
        <speedmaxgust description="Speed of Maximum Gust" units="km/h">67</speedmaxgust>
    </stationdata>
    <stationdata month="4" year="2000">
        <meanmaxtemp description="Mean Maximum Temperature" units="°C">11.2</meanmaxtemp>
        <meanmintemp description="Mean Minimum Temperature" units="°C">2.2</meanmintemp>
        <meanmonthtemp description="Mean Temperature" units="°C">6.7</meanmonthtemp>
        <extrmaxtemp description="Extreme Maximum Temperature" units="°C">24.3</extrmaxtemp>
        <extrmintemp description="Extreme Minimum Temperature" units="°C">-4.8</extrmintemp>
        <totrain description="Total Rain" units="mm">72.4</totrain>
        <totsnow description="Total Snow" units="cm">7.6</totsnow>
        <totprecip description="Total Precipitation" units="mm">79.3</totprecip>
        <grndsnowlastday description="Snow on the Ground on the Last Day" units="cm">0</grndsnowlastday>
        <dirmaxgust description="Direction of Maximum Gust" units="10's Deg">9</dirmaxgust>
        <speedmaxgust description="Speed of Maximum Gust" units="km/h">80</speedmaxgust>
    </stationdata>
    <stationdata month="5" year="2000">
        <meanmaxtemp description="Mean Maximum Temperature" units="°C">19.3</meanmaxtemp>
        <meanmintemp description="Mean Minimum Temperature" units="°C">9.2</meanmintemp>
        <meanmonthtemp description="Mean Temperature" units="°C">14.3</meanmonthtemp>
        <extrmaxtemp description="Extreme Maximum Temperature" units="°C">30.2</extrmaxtemp>
        <extrmintemp description="Extreme Minimum Temperature" units="°C">3.3</extrmintemp>
        <totrain description="Total Rain" units="mm">124.4</totrain>
        <totsnow description="Total Snow" units="cm">0.0</totsnow>
        <totprecip description="Total Precipitation" units="mm">124.4</totprecip>
        <grndsnowlastday description="Snow on the Ground on the Last Day" units="cm">0</grndsnowlastday>
        <dirmaxgust description="Direction of Maximum Gust" units="10's Deg">28</dirmaxgust>
        <speedmaxgust description="Speed of Maximum Gust" units="km/h">70</speedmaxgust>
    </stationdata>
    <stationdata month="6" year="2000">
        <meanmaxtemp description="Mean Maximum Temperature" units="°C">23.6</meanmaxtemp>
        <meanmintemp description="Mean Minimum Temperature" units="°C">12.8</meanmintemp>
        <meanmonthtemp description="Mean Temperature" units="°C">18.2</meanmonthtemp>
        <extrmaxtemp description="Extreme Maximum Temperature" units="°C">31.3</extrmaxtemp>
        <extrmintemp description="Extreme Minimum Temperature" flag="S" units="°C">8.6</extrmintemp>
        <totrain description="Total Rain" units="mm">169.2</totrain>
        <totsnow description="Total Snow" units="cm">0.0</totsnow>
        <totprecip description="Total Precipitation" units="mm">169.2</totprecip>
        <grndsnowlastday description="Snow on the Ground on the Last Day" units="cm">0</grndsnowlastday>
        <dirmaxgust description="Direction of Maximum Gust" units="10's Deg">35</dirmaxgust>
        <speedmaxgust description="Speed of Maximum Gust" units="km/h">76</speedmaxgust>
    </stationdata>
    <stationdata month="7" year="2000">
        <meanmaxtemp description="Mean Maximum Temperature" units="°C">24.9</meanmaxtemp>
        <meanmintemp description="Mean Minimum Temperature" units="°C">15.2</meanmintemp>
        <meanmonthtemp description="Mean Temperature" units="°C">20.1</meanmonthtemp>
        <extrmaxtemp description="Extreme Maximum Temperature" units="°C">28.6</extrmaxtemp>
        <extrmintemp description="Extreme Minimum Temperature" units="°C">9.9</extrmintemp>
        <totrain description="Total Rain" units="mm">33.8</totrain>
        <totsnow description="Total Snow" units="cm">0.0</totsnow>
        <totprecip description="Total Precipitation" units="mm">33.8</totprecip>
        <grndsnowlastday description="Snow on the Ground on the Last Day" units="cm">0</grndsnowlastday>
        <dirmaxgust description="Direction of Maximum Gust" units="10's Deg">27</dirmaxgust>
        <speedmaxgust description="Speed of Maximum Gust" units="km/h">85</speedmaxgust>
    </stationdata>
    <stationdata month="8" year="2000">
        <meanmaxtemp description="Mean Maximum Temperature" units="°C">25.8</meanmaxtemp>
        <meanmintemp description="Mean Minimum Temperature" units="°C">15.4</meanmintemp>
        <meanmonthtemp description="Mean Temperature" units="°C">20.6</meanmonthtemp>
        <extrmaxtemp description="Extreme Maximum Temperature" units="°C">31.0</extrmaxtemp>
        <extrmintemp description="Extreme Minimum Temperature" units="°C">8.7</extrmintemp>
        <totrain description="Total Rain" units="mm">38.0</totrain>
        <totsnow description="Total Snow" units="cm">0.0</totsnow>
        <totprecip description="Total Precipitation" units="mm">38.0</totprecip>
        <grndsnowlastday description="Snow on the Ground on the Last Day" units="cm">0</grndsnowlastday>
        <dirmaxgust description="Direction of Maximum Gust" units="10's Deg">34</dirmaxgust>
        <speedmaxgust description="Speed of Maximum Gust" units="km/h">61</speedmaxgust>
    </stationdata>
    <stationdata month="9" year="2000">
        <meanmaxtemp description="Mean Maximum Temperature" units="°C">21.1</meanmaxtemp>
        <meanmintemp description="Mean Minimum Temperature" units="°C">10.6</meanmintemp>
        <meanmonthtemp description="Mean Temperature" units="°C">15.9</meanmonthtemp>
        <extrmaxtemp description="Extreme Maximum Temperature" units="°C">30.8</extrmaxtemp>
        <extrmintemp description="Extreme Minimum Temperature" flag="S" units="°C">1.3</extrmintemp>
        <totrain description="Total Rain" units="mm">70.0</totrain>
        <totsnow description="Total Snow" units="cm">0.0</totsnow>
        <totprecip description="Total Precipitation" units="mm">70.0</totprecip>
        <grndsnowlastday description="Snow on the Ground on the Last Day" units="cm">0</grndsnowlastday>
        <dirmaxgust description="Direction of Maximum Gust" units="10's Deg">30</dirmaxgust>
        <speedmaxgust description="Speed of Maximum Gust" units="km/h">67</speedmaxgust>
    </stationdata>
    <stationdata month="10" year="2000">
        <meanmaxtemp description="Mean Maximum Temperature" units="°C">16.2</meanmaxtemp>
        <meanmintemp description="Mean Minimum Temperature" units="°C">6.1</meanmintemp>
        <meanmonthtemp description="Mean Temperature" units="°C">11.2</meanmonthtemp>
        <extrmaxtemp description="Extreme Maximum Temperature" units="°C">24.8</extrmaxtemp>
        <extrmintemp description="Extreme Minimum Temperature" units="°C">-0.1</extrmintemp>
        <totrain description="Total Rain" units="mm">17.6</totrain>
        <totsnow description="Total Snow" flag="T" units="cm">0.0</totsnow>
        <totprecip description="Total Precipitation" units="mm">17.6</totprecip>
        <grndsnowlastday description="Snow on the Ground on the Last Day" units="cm">0</grndsnowlastday>
        <dirmaxgust description="Direction of Maximum Gust" units="10's Deg">34</dirmaxgust>
        <speedmaxgust description="Speed of Maximum Gust" units="km/h">61</speedmaxgust>
    </stationdata>
    <stationdata month="11" year="2000">
        <meanmaxtemp description="Mean Maximum Temperature" units="°C">7.2</meanmaxtemp>
        <meanmintemp description="Mean Minimum Temperature" units="°C">0.0</meanmintemp>
        <meanmonthtemp description="Mean Temperature" units="°C">3.6</meanmonthtemp>
        <extrmaxtemp description="Extreme Maximum Temperature" units="°C">20.2</extrmaxtemp>
        <extrmintemp description="Extreme Minimum Temperature" units="°C">-12.2</extrmintemp>
        <totrain description="Total Rain" units="mm">55.0</totrain>
        <totsnow description="Total Snow" units="cm">0.4</totsnow>
        <totprecip description="Total Precipitation" units="mm">55.6</totprecip>
        <grndsnowlastday description="Snow on the Ground on the Last Day" units="cm">0</grndsnowlastday>
        <dirmaxgust description="Direction of Maximum Gust" units="10's Deg">33</dirmaxgust>
        <speedmaxgust description="Speed of Maximum Gust" units="km/h">74</speedmaxgust>
    </stationdata>
    <stationdata month="12" year="2000">
        <meanmaxtemp description="Mean Maximum Temperature" units="°C">-3.0</meanmaxtemp>
        <meanmintemp description="Mean Minimum Temperature" units="°C">-11.3</meanmintemp>
        <meanmonthtemp description="Mean Temperature" units="°C">-7.2</meanmonthtemp>
        <extrmaxtemp description="Extreme Maximum Temperature" units="°C">4.8</extrmaxtemp>
        <extrmintemp description="Extreme Minimum Temperature" units="°C">-18.0</extrmintemp>
        <totrain description="Total Rain" units="mm">12.8</totrain>
        <totsnow description="Total Snow" units="cm">63.8</totsnow>
        <totprecip description="Total Precipitation" units="mm">71.4</totprecip>
        <grndsnowlastday description="Snow on the Ground on the Last Day" units="cm">17</grndsnowlastday>
        <dirmaxgust description="Direction of Maximum Gust" units="10's Deg">28</dirmaxgust>
        <speedmaxgust description="Speed of Maximum Gust" units="km/h">83</speedmaxgust>
    </stationdata>
    <stationdata month="1" year="2001">
        <meanmaxtemp description="Mean Maximum Temperature" units="°C">-0.6</meanmaxtemp>
        <meanmintemp description="Mean Minimum Temperature" units="°C">-7.5</meanmintemp>
        <meanmonthtemp description="Mean Temperature" units="°C">-4.1</meanmonthtemp>
        <extrmaxtemp description="Extreme Maximum Temperature" units="°C">4.0</extrmaxtemp>
        <extrmintemp description="Extreme Minimum Temperature" units="°C">-19.9</extrmintemp>
        <totrain description="Total Rain" units="mm">21.0</totrain>
        <totsnow description="Total Snow" units="cm">10.8</totsnow>
        <totprecip description="Total Precipitation" units="mm">31.2</totprecip>
        <grndsnowlastday description="Snow on the Ground on the Last Day" units="cm">2</grndsnowlastday>
        <dirmaxgust description="Direction of Maximum Gust" units="10's Deg">26</dirmaxgust>
        <speedmaxgust description="Speed of Maximum Gust" units="km/h">54</speedmaxgust>
    </stationdata>
    <stationdata month="2" year="2001">
        <meanmaxtemp description="Mean Maximum Temperature" units="°C">0.6</meanmaxtemp>
        <meanmintemp description="Mean Minimum Temperature" units="°C">-6.5</meanmintemp>
        <meanmonthtemp description="Mean Temperature" units="°C">-3.0</meanmonthtemp>
        <extrmaxtemp description="Extreme Maximum Temperature" units="°C">13.8</extrmaxtemp>
        <extrmintemp description="Extreme Minimum Temperature" units="°C">-14.4</extrmintemp>
        <totrain description="Total Rain" units="mm">55.6</totrain>
        <totsnow description="Total Snow" units="cm">36.0</totsnow>
        <totprecip description="Total Precipitation" units="mm">94.0</totprecip>
        <grndsnowlastday description="Snow on the Ground on the Last Day" units="cm">1</grndsnowlastday>
        <dirmaxgust description="Direction of Maximum Gust" units="10's Deg">23</dirmaxgust>
        <speedmaxgust description="Speed of Maximum Gust" units="km/h">93</speedmaxgust>
    </stationdata>
    <stationdata month="3" year="2001">
        <meanmaxtemp description="Mean Maximum Temperature" units="°C">3.2</meanmaxtemp>
        <meanmintemp description="Mean Minimum Temperature" units="°C">-3.8</meanmintemp>
        <meanmonthtemp description="Mean Temperature" units="°C">-0.3</meanmonthtemp>
        <extrmaxtemp description="Extreme Maximum Temperature" units="°C">10.7</extrmaxtemp>
        <extrmintemp description="Extreme Minimum Temperature" units="°C">-9.2</extrmintemp>
        <totrain description="Total Rain" units="mm">8.8</totrain>
        <totsnow description="Total Snow" units="cm">26.4</totsnow>
        <totprecip description="Total Precipitation" units="mm">31.4</totprecip>
        <grndsnowlastday description="Snow on the Ground on the Last Day" units="cm">0</grndsnowlastday>
        <dirmaxgust description="Direction of Maximum Gust" units="10's Deg">32</dirmaxgust>
        <speedmaxgust description="Speed of Maximum Gust" units="km/h">67</speedmaxgust>
    </stationdata>
    <stationdata month="4" year="2001">
        <meanmaxtemp description="Mean Maximum Temperature" units="°C">13.9</meanmaxtemp>
        <meanmintemp description="Mean Minimum Temperature" units="°C">2.5</meanmintemp>
        <meanmonthtemp description="Mean Temperature" units="°C">8.3</meanmonthtemp>
        <extrmaxtemp description="Extreme Maximum Temperature" units="°C">27.2</extrmaxtemp>
        <extrmintemp description="Extreme Minimum Temperature" units="°C">-3.8</extrmintemp>
        <totrain description="Total Rain" units="mm">35.8</totrain>
        <totsnow description="Total Snow" units="cm">0.6</totsnow>
        <totprecip description="Total Precipitation" units="mm">36.4</totprecip>
        <grndsnowlastday description="Snow on the Ground on the Last Day" units="cm">0</grndsnowlastday>
        <dirmaxgust description="Direction of Maximum Gust" units="10's Deg">25</dirmaxgust>
        <speedmaxgust description="Speed of Maximum Gust" units="km/h">96</speedmaxgust>
    </stationdata>
    <stationdata month="5" year="2001">
        <meanmaxtemp description="Mean Maximum Temperature" units="°C">20.2</meanmaxtemp>
        <meanmintemp description="Mean Minimum Temperature" units="°C">9.3</meanmintemp>
        <meanmonthtemp description="Mean Temperature" units="°C">14.8</meanmonthtemp>
        <extrmaxtemp description="Extreme Maximum Temperature" units="°C">30.6</extrmaxtemp>
        <extrmintemp description="Extreme Minimum Temperature" units="°C">2.8</extrmintemp>
        <totrain description="Total Rain" units="mm">92.2</totrain>
        <totsnow description="Total Snow" units="cm">0.0</totsnow>
        <totprecip description="Total Precipitation" units="mm">92.2</totprecip>
        <grndsnowlastday description="Snow on the Ground on the Last Day" units="cm">0</grndsnowlastday>
        <dirmaxgust description="Direction of Maximum Gust" units="10's Deg">9</dirmaxgust>
        <speedmaxgust description="Speed of Maximum Gust" units="km/h">56</speedmaxgust>
    </stationdata>
    <stationdata month="6" year="2001">
        <meanmaxtemp description="Mean Maximum Temperature" units="°C">24.7</meanmaxtemp>
        <meanmintemp description="Mean Minimum Temperature" units="°C">14.5</meanmintemp>
        <meanmonthtemp description="Mean Temperature" units="°C">19.7</meanmonthtemp>
        <extrmaxtemp description="Extreme Maximum Temperature" flag="S" units="°C">32.6</extrmaxtemp>
        <extrmintemp description="Extreme Minimum Temperature" units="°C">7.9</extrmintemp>
        <totrain description="Total Rain" units="mm">61.8</totrain>
        <totsnow description="Total Snow" units="cm">0.0</totsnow>
        <totprecip description="Total Precipitation" units="mm">61.8</totprecip>
        <grndsnowlastday description="Snow on the Ground on the Last Day" units="cm">0</grndsnowlastday>
        <dirmaxgust description="Direction of Maximum Gust" units="10's Deg">27</dirmaxgust>
        <speedmaxgust description="Speed of Maximum Gust" units="km/h">67</speedmaxgust>
    </stationdata>
    <stationdata month="7" year="2001">
        <meanmaxtemp description="Mean Maximum Temperature" units="°C">26.2</meanmaxtemp>
        <meanmintemp description="Mean Minimum Temperature" units="°C">15.6</meanmintemp>
        <meanmonthtemp description="Mean Temperature" units="°C">21.0</meanmonthtemp>
        <extrmaxtemp description="Extreme Maximum Temperature" units="°C">32.3</extrmaxtemp>
        <extrmintemp description="Extreme Minimum Temperature" units="°C">8.4</extrmintemp>
        <totrain description="Total Rain" units="mm">34.0</totrain>
        <totsnow description="Total Snow" units="cm">0.0</totsnow>
        <totprecip description="Total Precipitation" units="mm">34.0</totprecip>
        <grndsnowlastday description="Snow on the Ground on the Last Day" units="cm">0</grndsnowlastday>
        <dirmaxgust description="Direction of Maximum Gust" units="10's Deg">31</dirmaxgust>
        <speedmaxgust description="Speed of Maximum Gust" units="km/h">76</speedmaxgust>
    </stationdata>
    <stationdata month="8" year="2001">
        <meanmaxtemp description="Mean Maximum Temperature" units="°C">28.8</meanmaxtemp>
        <meanmintemp description="Mean Minimum Temperature" units="°C">17.5</meanmintemp>
        <meanmonthtemp description="Mean Temperature" units="°C">23.2</meanmonthtemp>
        <extrmaxtemp description="Extreme Maximum Temperature" units="°C">37.9</extrmaxtemp>
        <extrmintemp description="Extreme Minimum Temperature" flag="S" units="°C">13.5</extrmintemp>
        <totrain description="Total Rain" units="mm">34.6</totrain>
        <totsnow description="Total Snow" units="cm">0.0</totsnow>
        <totprecip description="Total Precipitation" units="mm">34.6</totprecip>
        <grndsnowlastday description="Snow on the Ground on the Last Day" units="cm">0</grndsnowlastday>
        <dirmaxgust description="Direction of Maximum Gust" units="10's Deg">26</dirmaxgust>
        <speedmaxgust description="Speed of Maximum Gust" units="km/h">57</speedmaxgust>
    </stationdata>
    <stationdata month="9" year="2001">
        <meanmaxtemp description="Mean Maximum Temperature" units="°C">22.1</meanmaxtemp>
        <meanmintemp description="Mean Minimum Temperature" units="°C">11.3</meanmintemp>
        <meanmonthtemp description="Mean Temperature" units="°C">16.7</meanmonthtemp>
        <extrmaxtemp description="Extreme Maximum Temperature" units="°C">32.9</extrmaxtemp>
        <extrmintemp description="Extreme Minimum Temperature" units="°C">4.1</extrmintemp>
        <totrain description="Total Rain" units="mm">50.4</totrain>
        <totsnow description="Total Snow" units="cm">0.0</totsnow>
        <totprecip description="Total Precipitation" units="mm">50.4</totprecip>
        <grndsnowlastday description="Snow on the Ground on the Last Day" units="cm">0</grndsnowlastday>
        <dirmaxgust description="Direction of Maximum Gust" units="10's Deg">27</dirmaxgust>
        <speedmaxgust description="Speed of Maximum Gust" units="km/h">57</speedmaxgust>
    </stationdata>
    <stationdata month="10" year="2001">
        <meanmaxtemp description="Mean Maximum Temperature" units="°C">15.0</meanmaxtemp>
        <meanmintemp description="Mean Minimum Temperature" units="°C">6.1</meanmintemp>
        <meanmonthtemp description="Mean Temperature" units="°C">10.6</meanmonthtemp>
        <extrmaxtemp description="Extreme Maximum Temperature" units="°C">27.1</extrmaxtemp>
        <extrmintemp description="Extreme Minimum Temperature" units="°C">-2.0</extrmintemp>
        <totrain description="Total Rain" units="mm">108.8</totrain>
        <totsnow description="Total Snow" flag="T" units="cm">0.0</totsnow>
        <totprecip description="Total Precipitation" units="mm">108.8</totprecip>
        <grndsnowlastday description="Snow on the Ground on the Last Day" units="cm">0</grndsnowlastday>
        <dirmaxgust description="Direction of Maximum Gust" units="10's Deg">26</dirmaxgust>
        <speedmaxgust description="Speed of Maximum Gust" units="km/h">91</speedmaxgust>
    </stationdata>
    <stationdata month="11" year="2001">
        <meanmaxtemp description="Mean Maximum Temperature" units="°C">11.3</meanmaxtemp>
        <meanmintemp description="Mean Minimum Temperature" units="°C">2.9</meanmintemp>
        <meanmonthtemp description="Mean Temperature" units="°C">7.1</meanmonthtemp>
        <extrmaxtemp description="Extreme Maximum Temperature" units="°C">19.6</extrmaxtemp>
        <extrmintemp description="Extreme Minimum Temperature" units="°C">-1.8</extrmintemp>
        <totrain description="Total Rain" units="mm">75.0</totrain>
        <totsnow description="Total Snow" flag="T" units="cm">0.0</totsnow>
        <totprecip description="Total Precipitation" units="mm">75.0</totprecip>
        <grndsnowlastday description="Snow on the Ground on the Last Day" units="cm">0</grndsnowlastday>
        <dirmaxgust description="Direction of Maximum Gust" units="10's Deg">31</dirmaxgust>
        <speedmaxgust description="Speed of Maximum Gust" units="km/h">69</speedmaxgust>
    </stationdata>
    <stationdata month="12" year="2001">
        <meanmaxtemp description="Mean Maximum Temperature" units="°C">5.1</meanmaxtemp>
        <meanmintemp description="Mean Minimum Temperature" units="°C">-1.7</meanmintemp>
        <meanmonthtemp description="Mean Temperature" units="°C">1.7</meanmonthtemp>
        <extrmaxtemp description="Extreme Maximum Temperature" flag="S" units="°C">18.3</extrmaxtemp>
        <extrmintemp description="Extreme Minimum Temperature" units="°C">-8.3</extrmintemp>
        <totrain description="Total Rain" units="mm">33.0</totrain>
        <totsnow description="Total Snow" units="cm">7.8</totsnow>
        <totprecip description="Total Precipitation" units="mm">40.6</totprecip>
        <grndsnowlastday description="Snow on the Ground on the Last Day" flag="T" units="cm">0</grndsnowlastday>
        <dirmaxgust description="Direction of Maximum Gust" flag="S" units="10's Deg">27</dirmaxgust>
        <speedmaxgust description="Speed of Maximum Gust" flag="S" units="km/h">67</speedmaxgust>
    </stationdata>
    <stationdata month="1" year="2002">
        <meanmaxtemp description="Mean Maximum Temperature" units="°C">2.7</meanmaxtemp>
        <meanmintemp description="Mean Minimum Temperature" units="°C">-3.7</meanmintemp>
        <meanmonthtemp description="Mean Temperature" units="°C">-0.5</meanmonthtemp>
        <extrmaxtemp description="Extreme Maximum Temperature" flag="S" units="°C">11.2</extrmaxtemp>
        <extrmintemp description="Extreme Minimum Temperature" units="°C">-11.6</extrmintemp>
        <totrain description="Total Rain" units="mm">14.6</totrain>
        <totsnow description="Total Snow" units="cm">31.4</totsnow>
        <totprecip description="Total Precipitation" units="mm">46.2</totprecip>
        <grndsnowlastday description="Snow on the Ground on the Last Day" units="cm">2</grndsnowlastday>
        <dirmaxgust description="Direction of Maximum Gust" units="10's Deg">31</dirmaxgust>
        <speedmaxgust description="Speed of Maximum Gust" units="km/h">69</speedmaxgust>
    </stationdata>
    <stationdata month="2" year="2002">
        <meanmaxtemp description="Mean Maximum Temperature" units="°C">2.9</meanmaxtemp>
        <meanmintemp description="Mean Minimum Temperature" units="°C">-5.5</meanmintemp>
        <meanmonthtemp description="Mean Temperature" units="°C">-1.3</meanmonthtemp>
        <extrmaxtemp description="Extreme Maximum Temperature" units="°C">14.5</extrmaxtemp>
        <extrmintemp description="Extreme Minimum Temperature" units="°C">-14.5</extrmintemp>
        <totrain description="Total Rain" units="mm">29.6</totrain>
        <totsnow description="Total Snow" units="cm">7.0</totsnow>
        <totprecip description="Total Precipitation" units="mm">38.4</totprecip>
        <grndsnowlastday description="Snow on the Ground on the Last Day" units="cm">1</grndsnowlastday>
        <dirmaxgust description="Direction of Maximum Gust" units="10's Deg">26</dirmaxgust>
        <speedmaxgust description="Speed of Maximum Gust" units="km/h">91</speedmaxgust>
    </stationdata>
    <stationdata month="3" year="2002">
        <meanmaxtemp description="Mean Maximum Temperature" units="°C">4.8</meanmaxtemp>
        <meanmintemp description="Mean Minimum Temperature" units="°C">-4.0</meanmintemp>
        <meanmonthtemp description="Mean Temperature" units="°C">0.4</meanmonthtemp>
        <extrmaxtemp description="Extreme Maximum Temperature" units="°C">18.1</extrmaxtemp>
        <extrmintemp description="Extreme Minimum Temperature" units="°C">-10.9</extrmintemp>
        <totrain description="Total Rain" units="mm">44.1</totrain>
        <totsnow description="Total Snow" units="cm">17.6</totsnow>
        <totprecip description="Total Precipitation" units="mm">61.3</totprecip>
        <grndsnowlastday description="Snow on the Ground on the Last Day" units="cm">0</grndsnowlastday>
        <dirmaxgust description="Direction of Maximum Gust" units="10's Deg">27</dirmaxgust>
        <speedmaxgust description="Speed of Maximum Gust" units="km/h">96</speedmaxgust>
    </stationdata>
    <stationdata month="4" year="2002">
        <meanmaxtemp description="Mean Maximum Temperature" units="°C">11.8</meanmaxtemp>
        <meanmintemp description="Mean Minimum Temperature" units="°C">2.7</meanmintemp>
        <meanmonthtemp description="Mean Temperature" units="°C">7.3</meanmonthtemp>
        <extrmaxtemp description="Extreme Maximum Temperature" units="°C">29.6</extrmaxtemp>
        <extrmintemp description="Extreme Minimum Temperature" units="°C">-5.4</extrmintemp>
        <totrain description="Total Rain" units="mm">88.8</totrain>
        <totsnow description="Total Snow" units="cm">12.2</totsnow>
        <totprecip description="Total Precipitation" units="mm">103.2</totprecip>
        <grndsnowlastday description="Snow on the Ground on the Last Day" units="cm">0</grndsnowlastday>
        <dirmaxgust description="Direction of Maximum Gust" units="10's Deg">29</dirmaxgust>
        <speedmaxgust description="Speed of Maximum Gust" units="km/h">85</speedmaxgust>
    </stationdata>
    <stationdata month="5" year="2002">
        <meanmaxtemp description="Mean Maximum Temperature" units="°C">16.3</meanmaxtemp>
        <meanmintemp description="Mean Minimum Temperature" units="°C">5.4</meanmintemp>
        <meanmonthtemp description="Mean Temperature" units="°C">10.9</meanmonthtemp>
        <extrmaxtemp description="Extreme Maximum Temperature" units="°C">29.0</extrmaxtemp>
        <extrmintemp description="Extreme Minimum Temperature" units="°C">-0.8</extrmintemp>
        <totrain description="Total Rain" units="mm">80.7</totrain>
        <totsnow description="Total Snow" flag="T" units="cm">0.0</totsnow>
        <totprecip description="Total Precipitation" units="mm">80.7</totprecip>
        <grndsnowlastday description="Snow on the Ground on the Last Day" units="cm">0</grndsnowlastday>
        <dirmaxgust description="Direction of Maximum Gust" flag="S" units="10's Deg">27</dirmaxgust>
        <speedmaxgust description="Speed of Maximum Gust" flag="S" units="km/h">80</speedmaxgust>
    </stationdata>
    <stationdata month="6" year="2002">
        <meanmaxtemp description="Mean Maximum Temperature" units="°C">24.5</meanmaxtemp>
        <meanmintemp description="Mean Minimum Temperature" units="°C">13.7</meanmintemp>
        <meanmonthtemp description="Mean Temperature" units="°C">19.1</meanmonthtemp>
        <extrmaxtemp description="Extreme Maximum Temperature" units="°C">32.4</extrmaxtemp>
        <extrmintemp description="Extreme Minimum Temperature" units="°C">7.1</extrmintemp>
        <totrain description="Total Rain" units="mm">59.6</totrain>
        <totsnow description="Total Snow" units="cm">0.0</totsnow>
        <totprecip description="Total Precipitation" units="mm">59.6</totprecip>
        <grndsnowlastday description="Snow on the Ground on the Last Day" units="cm">0</grndsnowlastday>
        <dirmaxgust description="Direction of Maximum Gust" units="10's Deg">29</dirmaxgust>
        <speedmaxgust description="Speed of Maximum Gust" units="km/h">72</speedmaxgust>
    </stationdata>
    <stationdata month="7" year="2002">
        <meanmaxtemp description="Mean Maximum Temperature" units="°C">30.1</meanmaxtemp>
        <meanmintemp description="Mean Minimum Temperature" units="°C">18.3</meanmintemp>
        <meanmonthtemp description="Mean Temperature" units="°C">24.2</meanmonthtemp>
        <extrmaxtemp description="Extreme Maximum Temperature" units="°C">35.6</extrmaxtemp>
        <extrmintemp description="Extreme Minimum Temperature" units="°C">12.9</extrmintemp>
        <totrain description="Total Rain" units="mm">59.0</totrain>
        <totsnow description="Total Snow" units="cm">0.0</totsnow>
        <totprecip description="Total Precipitation" units="mm">59.0</totprecip>
        <grndsnowlastday description="Snow on the Ground on the Last Day" units="cm">0</grndsnowlastday>
        <dirmaxgust description="Direction of Maximum Gust" units="10's Deg">31</dirmaxgust>
        <speedmaxgust description="Speed of Maximum Gust" units="km/h">65</speedmaxgust>
    </stationdata>
    <stationdata month="8" year="2002">
        <meanmaxtemp description="Mean Maximum Temperature" units="°C">28.4</meanmaxtemp>
        <meanmintemp description="Mean Minimum Temperature" units="°C">16.8</meanmintemp>
        <meanmonthtemp description="Mean Temperature" units="°C">22.6</meanmonthtemp>
        <extrmaxtemp description="Extreme Maximum Temperature" units="°C">35.0</extrmaxtemp>
        <extrmintemp description="Extreme Minimum Temperature" units="°C">12.5</extrmintemp>
        <totrain description="Total Rain" units="mm">11.6</totrain>
        <totsnow description="Total Snow" units="cm">0.0</totsnow>
        <totprecip description="Total Precipitation" units="mm">11.6</totprecip>
        <grndsnowlastday description="Snow on the Ground on the Last Day" units="cm">0</grndsnowlastday>
        <dirmaxgust description="Direction of Maximum Gust" units="10's Deg">23</dirmaxgust>
        <speedmaxgust description="Speed of Maximum Gust" units="km/h">54</speedmaxgust>
    </stationdata>
    <stationdata month="9" year="2002">
        <meanmaxtemp description="Mean Maximum Temperature" units="°C">25.9</meanmaxtemp>
        <meanmintemp description="Mean Minimum Temperature" units="°C">14.4</meanmintemp>
        <meanmonthtemp description="Mean Temperature" units="°C">20.2</meanmonthtemp>
        <extrmaxtemp description="Extreme Maximum Temperature" units="°C">34.8</extrmaxtemp>
        <extrmintemp description="Extreme Minimum Temperature" units="°C">8.3</extrmintemp>
        <totrain description="Total Rain" units="mm">59.2</totrain>
        <totsnow description="Total Snow" units="cm">0.0</totsnow>
        <totprecip description="Total Precipitation" units="mm">59.2</totprecip>
        <grndsnowlastday description="Snow on the Ground on the Last Day" units="cm">0</grndsnowlastday>
        <dirmaxgust description="Direction of Maximum Gust" units="10's Deg">33</dirmaxgust>
        <speedmaxgust description="Speed of Maximum Gust" units="km/h">65</speedmaxgust>
    </stationdata>
    <stationdata month="10" year="2002">
        <meanmaxtemp description="Mean Maximum Temperature" units="°C">13.1</meanmaxtemp>
        <meanmintemp description="Mean Minimum Temperature" units="°C">4.6</meanmintemp>
        <meanmonthtemp description="Mean Temperature" units="°C">8.9</meanmonthtemp>
        <extrmaxtemp description="Extreme Maximum Temperature" units="°C">29.5</extrmaxtemp>
        <extrmintemp description="Extreme Minimum Temperature" units="°C">-2.8</extrmintemp>
        <totrain description="Total Rain" units="mm">43.0</totrain>
        <totsnow description="Total Snow" units="cm">0.0</totsnow>
        <totprecip description="Total Precipitation" units="mm">43.0</totprecip>
        <grndsnowlastday description="Snow on the Ground on the Last Day" units="cm">0</grndsnowlastday>
        <dirmaxgust description="Direction of Maximum Gust" flag="I" units="10's Deg">28</dirmaxgust>
        <speedmaxgust description="Speed of Maximum Gust" flag="I" units="km/h">102</speedmaxgust>
    </stationdata>
    <stationdata month="11" year="2002">
        <meanmaxtemp description="Mean Maximum Temperature" units="°C">6.6</meanmaxtemp>
        <meanmintemp description="Mean Minimum Temperature" units="°C">-0.2</meanmintemp>
        <meanmonthtemp description="Mean Temperature" units="°C">3.2</meanmonthtemp>
        <extrmaxtemp description="Extreme Maximum Temperature" units="°C">17.2</extrmaxtemp>
        <extrmintemp description="Extreme Minimum Temperature" units="°C">-7.2</extrmintemp>
        <totrain description="Total Rain" units="mm">42.2</totrain>
        <totsnow description="Total Snow" units="cm">27.2</totsnow>
        <totprecip description="Total Precipitation" units="mm">67.2</totprecip>
        <grndsnowlastday description="Snow on the Ground on the Last Day" units="cm">0</grndsnowlastday>
        <dirmaxgust description="Direction of Maximum Gust" units="10's Deg">34</dirmaxgust>
        <speedmaxgust description="Speed of Maximum Gust" units="km/h">69</speedmaxgust>
    </stationdata>
    <stationdata month="12" year="2002">
        <meanmaxtemp description="Mean Maximum Temperature" units="°C">1.7</meanmaxtemp>
        <meanmintemp description="Mean Minimum Temperature" units="°C">-5.7</meanmintemp>
        <meanmonthtemp description="Mean Temperature" units="°C">-2.0</meanmonthtemp>
        <extrmaxtemp description="Extreme Maximum Temperature" units="°C">8.9</extrmaxtemp>
        <extrmintemp description="Extreme Minimum Temperature" units="°C">-16.5</extrmintemp>
        <totrain description="Total Rain" units="mm">14.2</totrain>
        <totsnow description="Total Snow" units="cm">19.5</totsnow>
        <totprecip description="Total Precipitation" units="mm">32.5</totprecip>
        <grndsnowlastday description="Snow on the Ground on the Last Day" flag="T" units="cm">0</grndsnowlastday>
        <dirmaxgust description="Direction of Maximum Gust" units="10's Deg">27</dirmaxgust>
        <speedmaxgust description="Speed of Maximum Gust" units="km/h">69</speedmaxgust>
    </stationdata>
    <stationdata month="1" year="2003">
        <meanmaxtemp description="Mean Maximum Temperature" units="°C">-4.2</meanmaxtemp>
        <meanmintemp description="Mean Minimum Temperature" units="°C">-12.3</meanmintemp>
        <meanmonthtemp description="Mean Temperature" units="°C">-8.3</meanmonthtemp>
        <extrmaxtemp description="Extreme Maximum Temperature" units="°C">5.1</extrmaxtemp>
        <extrmintemp description="Extreme Minimum Temperature" units="°C">-22.9</extrmintemp>
        <totrain description="Total Rain" flag="T" units="mm">0.0</totrain>
        <totsnow description="Total Snow" units="cm">41.4</totsnow>
        <totprecip description="Total Precipitation" units="mm">35.4</totprecip>
        <grndsnowlastday description="Snow on the Ground on the Last Day" units="cm">11</grndsnowlastday>
        <dirmaxgust description="Direction of Maximum Gust" units="10's Deg">31</dirmaxgust>
        <speedmaxgust description="Speed of Maximum Gust" units="km/h">70</speedmaxgust>
    </stationdata>
    <stationdata month="2" year="2003">
        <meanmaxtemp description="Mean Maximum Temperature" units="°C">-2.4</meanmaxtemp>
        <meanmintemp description="Mean Minimum Temperature" units="°C">-11.5</meanmintemp>
        <meanmonthtemp description="Mean Temperature" units="°C">-7.0</meanmonthtemp>
        <extrmaxtemp description="Extreme Maximum Temperature" units="°C">7.7</extrmaxtemp>
        <extrmintemp description="Extreme Minimum Temperature" units="°C">-21.3</extrmintemp>
        <totrain description="Total Rain" units="mm">22.6</totrain>
        <totsnow description="Total Snow" units="cm">23.6</totsnow>
        <totprecip description="Total Precipitation" units="mm">46.8</totprecip>
        <grndsnowlastday description="Snow on the Ground on the Last Day" units="cm">14</grndsnowlastday>
        <dirmaxgust description="Direction of Maximum Gust" units="10's Deg">28</dirmaxgust>
        <speedmaxgust description="Speed of Maximum Gust" units="km/h">78</speedmaxgust>
    </stationdata>
    <stationdata month="3" year="2003">
        <meanmaxtemp description="Mean Maximum Temperature" units="°C">4.6</meanmaxtemp>
        <meanmintemp description="Mean Minimum Temperature" units="°C">-6.1</meanmintemp>
        <meanmonthtemp description="Mean Temperature" units="°C">-0.7</meanmonthtemp>
        <extrmaxtemp description="Extreme Maximum Temperature" units="°C">18.6</extrmaxtemp>
        <extrmintemp description="Extreme Minimum Temperature" units="°C">-24.7</extrmintemp>
        <totrain description="Total Rain" units="mm">27.8</totrain>
        <totsnow description="Total Snow" units="cm">23.8</totsnow>
        <totprecip description="Total Precipitation" units="mm">50.0</totprecip>
        <grndsnowlastday description="Snow on the Ground on the Last Day" units="cm">0</grndsnowlastday>
        <dirmaxgust description="Direction of Maximum Gust" units="10's Deg">33</dirmaxgust>
        <speedmaxgust description="Speed of Maximum Gust" units="km/h">61</speedmaxgust>
    </stationdata>
    <stationdata month="4" year="2003">
        <meanmaxtemp description="Mean Maximum Temperature" units="°C">10.9</meanmaxtemp>
        <meanmintemp description="Mean Minimum Temperature" units="°C">0.4</meanmintemp>
        <meanmonthtemp description="Mean Temperature" units="°C">5.7</meanmonthtemp>
        <extrmaxtemp description="Extreme Maximum Temperature" units="°C">27.5</extrmaxtemp>
        <extrmintemp description="Extreme Minimum Temperature" units="°C">-8.4</extrmintemp>
        <totrain description="Total Rain" units="mm">21.6</totrain>
        <totsnow description="Total Snow" units="cm">15.2</totsnow>
        <totprecip description="Total Precipitation" units="mm">60.8</totprecip>
        <grndsnowlastday description="Snow on the Ground on the Last Day" units="cm">0</grndsnowlastday>
        <dirmaxgust description="Direction of Maximum Gust" units="10's Deg">23</dirmaxgust>
        <speedmaxgust description="Speed of Maximum Gust" units="km/h">80</speedmaxgust>
    </stationdata>
    <stationdata month="5" year="2003">
        <meanmaxtemp description="Mean Maximum Temperature" units="°C">17.0</meanmaxtemp>
        <meanmintemp description="Mean Minimum Temperature" units="°C">7.5</meanmintemp>
        <meanmonthtemp description="Mean Temperature" units="°C">12.3</meanmonthtemp>
        <extrmaxtemp description="Extreme Maximum Temperature" units="°C">24.4</extrmaxtemp>
        <extrmintemp description="Extreme Minimum Temperature" units="°C">2.8</extrmintemp>
        <totrain description="Total Rain" units="mm">152.8</totrain>
        <totsnow description="Total Snow" units="cm">0.0</totsnow>
        <totprecip description="Total Precipitation" units="mm">152.8</totprecip>
        <grndsnowlastday description="Snow on the Ground on the Last Day" units="cm">0</grndsnowlastday>
        <dirmaxgust description="Direction of Maximum Gust" flag="S" units="10's Deg">25</dirmaxgust>
        <speedmaxgust description="Speed of Maximum Gust" flag="S" units="km/h">65</speedmaxgust>
    </stationdata>
    <stationdata month="6" year="2003">
        <meanmaxtemp description="Mean Maximum Temperature" units="°C">23.6</meanmaxtemp>
        <meanmintemp description="Mean Minimum Temperature" units="°C">13.0</meanmintemp>
        <meanmonthtemp description="Mean Temperature" units="°C">18.3</meanmonthtemp>
        <extrmaxtemp description="Extreme Maximum Temperature" units="°C">34.4</extrmaxtemp>
        <extrmintemp description="Extreme Minimum Temperature" units="°C">5.7</extrmintemp>
        <totrain description="Total Rain" units="mm">63.8</totrain>
        <totsnow description="Total Snow" units="cm">0.0</totsnow>
        <totprecip description="Total Precipitation" units="mm">63.8</totprecip>
        <grndsnowlastday description="Snow on the Ground on the Last Day" units="cm">0</grndsnowlastday>
        <dirmaxgust description="Direction of Maximum Gust" units="10's Deg">31</dirmaxgust>
        <speedmaxgust description="Speed of Maximum Gust" units="km/h">72</speedmaxgust>
    </stationdata>
    <stationdata month="7" year="2003">
        <meanmaxtemp description="Mean Maximum Temperature" units="°C">27.1</meanmaxtemp>
        <meanmintemp description="Mean Minimum Temperature" units="°C">16.5</meanmintemp>
        <meanmonthtemp description="Mean Temperature" units="°C">21.8</meanmonthtemp>
        <extrmaxtemp description="Extreme Maximum Temperature" units="°C">32.6</extrmaxtemp>
        <extrmintemp description="Extreme Minimum Temperature" units="°C">11.9</extrmintemp>
        <totrain description="Total Rain" units="mm">66.2</totrain>
        <totsnow description="Total Snow" units="cm">0.0</totsnow>
        <totprecip description="Total Precipitation" units="mm">66.2</totprecip>
        <grndsnowlastday description="Snow on the Ground on the Last Day" units="cm">0</grndsnowlastday>
        <dirmaxgust description="Direction of Maximum Gust" flag="S" units="10's Deg">26</dirmaxgust>
        <speedmaxgust description="Speed of Maximum Gust" flag="S" units="km/h">56</speedmaxgust>
    </stationdata>
    <stationdata month="8" year="2003">
        <meanmaxtemp description="Mean Maximum Temperature" units="°C">27.2</meanmaxtemp>
        <meanmintemp description="Mean Minimum Temperature" units="°C">16.9</meanmintemp>
        <meanmonthtemp description="Mean Temperature" units="°C">22.1</meanmonthtemp>
        <extrmaxtemp description="Extreme Maximum Temperature" units="°C">32.3</extrmaxtemp>
        <extrmintemp description="Extreme Minimum Temperature" units="°C">11.1</extrmintemp>
        <totrain description="Total Rain" units="mm">53.4</totrain>
        <totsnow description="Total Snow" units="cm">0.0</totsnow>
        <totprecip description="Total Precipitation" units="mm">53.4</totprecip>
        <grndsnowlastday description="Snow on the Ground on the Last Day" units="cm">0</grndsnowlastday>
        <dirmaxgust description="Direction of Maximum Gust" units="10's Deg">33</dirmaxgust>
        <speedmaxgust description="Speed of Maximum Gust" units="km/h">65</speedmaxgust>
    </stationdata>
    <stationdata month="9" year="2003">
        <meanmaxtemp description="Mean Maximum Temperature" units="°C">22.0</meanmaxtemp>
        <meanmintemp description="Mean Minimum Temperature" units="°C">11.9</meanmintemp>
        <meanmonthtemp description="Mean Temperature" units="°C">17.0</meanmonthtemp>
        <extrmaxtemp description="Extreme Maximum Temperature" units="°C">29.1</extrmaxtemp>
        <extrmintemp description="Extreme Minimum Temperature" units="°C">4.0</extrmintemp>
        <totrain description="Total Rain" units="mm">114.2</totrain>
        <totsnow description="Total Snow" units="cm">0.0</totsnow>
        <totprecip description="Total Precipitation" units="mm">114.2</totprecip>
        <grndsnowlastday description="Snow on the Ground on the Last Day" units="cm">0</grndsnowlastday>
        <dirmaxgust description="Direction of Maximum Gust" units="10's Deg">8</dirmaxgust>
        <speedmaxgust description="Speed of Maximum Gust" units="km/h">72</speedmaxgust>
    </stationdata>
    <stationdata month="10" year="2003">
        <meanmaxtemp description="Mean Maximum Temperature" units="°C">13.9</meanmaxtemp>
        <meanmintemp description="Mean Minimum Temperature" units="°C">4.2</meanmintemp>
        <meanmonthtemp description="Mean Temperature" units="°C">9.1</meanmonthtemp>
        <extrmaxtemp description="Extreme Maximum Temperature" units="°C">26.5</extrmaxtemp>
        <extrmintemp description="Extreme Minimum Temperature" units="°C">-1.3</extrmintemp>
        <totrain description="Total Rain" units="mm">49.4</totrain>
        <totsnow description="Total Snow" flag="T" units="cm">0.0</totsnow>
        <totprecip description="Total Precipitation" units="mm">49.4</totprecip>
        <grndsnowlastday description="Snow on the Ground on the Last Day" units="cm">0</grndsnowlastday>
        <dirmaxgust description="Direction of Maximum Gust" units="10's Deg">29</dirmaxgust>
        <speedmaxgust description="Speed of Maximum Gust" units="km/h">91</speedmaxgust>
    </stationdata>
    <stationdata month="11" year="2003">
        <meanmaxtemp description="Mean Maximum Temperature" units="°C">8.4</meanmaxtemp>
        <meanmintemp description="Mean Minimum Temperature" units="°C">1.0</meanmintemp>
        <meanmonthtemp description="Mean Temperature" units="°C">4.7</meanmonthtemp>
        <extrmaxtemp description="Extreme Maximum Temperature" units="°C">16.8</extrmaxtemp>
        <extrmintemp description="Extreme Minimum Temperature" units="°C">-6.3</extrmintemp>
        <totrain description="Total Rain" units="mm">135.2</totrain>
        <totsnow description="Total Snow" units="cm">6.4</totsnow>
        <totprecip description="Total Precipitation" units="mm">141.2</totprecip>
        <grndsnowlastday description="Snow on the Ground on the Last Day" flag="T" units="cm">0</grndsnowlastday>
        <dirmaxgust description="Direction of Maximum Gust" units="10's Deg">28</dirmaxgust>
        <speedmaxgust description="Speed of Maximum Gust" units="km/h">93</speedmaxgust>
    </stationdata>
    <stationdata month="12" year="2003">
        <meanmaxtemp description="Mean Maximum Temperature" units="°C">3.2</meanmaxtemp>
        <meanmintemp description="Mean Minimum Temperature" units="°C">-3.5</meanmintemp>
        <meanmonthtemp description="Mean Temperature" units="°C">-0.1</meanmonthtemp>
        <extrmaxtemp description="Extreme Maximum Temperature" units="°C">9.0</extrmaxtemp>
        <extrmintemp description="Extreme Minimum Temperature" units="°C">-10.8</extrmintemp>
        <totrain description="Total Rain" units="mm">45.0</totrain>
        <totsnow description="Total Snow" units="cm">19.2</totsnow>
        <totprecip description="Total Precipitation" units="mm">61.6</totprecip>
        <grndsnowlastday description="Snow on the Ground on the Last Day" units="cm">0</grndsnowlastday>
        <dirmaxgust description="Direction of Maximum Gust" units="10's Deg">27</dirmaxgust>
        <speedmaxgust description="Speed of Maximum Gust" units="km/h">70</speedmaxgust>
    </stationdata>
    <stationdata month="1" year="2004">
        <meanmaxtemp description="Mean Maximum Temperature" units="°C">-5.2</meanmaxtemp>
        <meanmintemp description="Mean Minimum Temperature" units="°C">-13.5</meanmintemp>
        <meanmonthtemp description="Mean Temperature" units="°C">-9.4</meanmonthtemp>
        <extrmaxtemp description="Extreme Maximum Temperature" units="°C">13.8</extrmaxtemp>
        <extrmintemp description="Extreme Minimum Temperature" units="°C">-24.3</extrmintemp>
        <totrain description="Total Rain" units="mm">4.8</totrain>
        <totsnow description="Total Snow" units="cm">63.2</totsnow>
        <totprecip description="Total Precipitation" units="mm">49.6</totprecip>
        <grndsnowlastday description="Snow on the Ground on the Last Day" units="cm">46</grndsnowlastday>
        <dirmaxgust description="Direction of Maximum Gust" units="10's Deg">28</dirmaxgust>
        <speedmaxgust description="Speed of Maximum Gust" units="km/h">74</speedmaxgust>
    </stationdata>
    <stationdata month="2" year="2004">
        <meanmaxtemp description="Mean Maximum Temperature" units="°C">0.5</meanmaxtemp>
        <meanmintemp description="Mean Minimum Temperature" units="°C">-8.0</meanmintemp>
        <meanmonthtemp description="Mean Temperature" units="°C">-3.8</meanmonthtemp>
        <extrmaxtemp description="Extreme Maximum Temperature" units="°C">10.7</extrmaxtemp>
        <extrmintemp description="Extreme Minimum Temperature" units="°C">-19.2</extrmintemp>
        <totrain description="Total Rain" units="mm">5.4</totrain>
        <totsnow description="Total Snow" units="cm">17.2</totsnow>
        <totprecip description="Total Precipitation" units="mm">20.8</totprecip>
        <grndsnowlastday description="Snow on the Ground on the Last Day" units="cm">4</grndsnowlastday>
        <dirmaxgust description="Direction of Maximum Gust" units="10's Deg">29</dirmaxgust>
        <speedmaxgust description="Speed of Maximum Gust" units="km/h">70</speedmaxgust>
    </stationdata>
    <stationdata month="3" year="2004">
        <meanmaxtemp description="Mean Maximum Temperature" units="°C">6.1</meanmaxtemp>
        <meanmintemp description="Mean Minimum Temperature" units="°C">-1.6</meanmintemp>
        <meanmonthtemp description="Mean Temperature" units="°C">2.3</meanmonthtemp>
        <extrmaxtemp description="Extreme Maximum Temperature" units="°C">18.5</extrmaxtemp>
        <extrmintemp description="Extreme Minimum Temperature" units="°C">-10.3</extrmintemp>
        <totrain description="Total Rain" units="mm">51.8</totrain>
        <totsnow description="Total Snow" units="cm">14.2</totsnow>
        <totprecip description="Total Precipitation" units="mm">63.4</totprecip>
        <grndsnowlastday description="Snow on the Ground on the Last Day" units="cm">0</grndsnowlastday>
        <dirmaxgust description="Direction of Maximum Gust" flag="I" units="10's Deg">33</dirmaxgust>
        <speedmaxgust description="Speed of Maximum Gust" flag="I" units="km/h">74</speedmaxgust>
    </stationdata>
    <stationdata month="4" year="2004">
        <meanmaxtemp description="Mean Maximum Temperature" units="°C">11.9</meanmaxtemp>
        <meanmintemp description="Mean Minimum Temperature" units="°C">2.0</meanmintemp>
        <meanmonthtemp description="Mean Temperature" units="°C">7.0</meanmonthtemp>
        <extrmaxtemp description="Extreme Maximum Temperature" units="°C">25.0</extrmaxtemp>
        <extrmintemp description="Extreme Minimum Temperature" units="°C">-6.6</extrmintemp>
        <totrain description="Total Rain" units="mm">63.6</totrain>
        <totsnow description="Total Snow" units="cm">0.6</totsnow>
        <totprecip description="Total Precipitation" units="mm">64.2</totprecip>
        <grndsnowlastday description="Snow on the Ground on the Last Day" units="cm">0</grndsnowlastday>
        <dirmaxgust description="Direction of Maximum Gust" flag="S" units="10's Deg">31</dirmaxgust>
        <speedmaxgust description="Speed of Maximum Gust" flag="S" units="km/h">78</speedmaxgust>
    </stationdata>
    <stationdata month="5" year="2004">
        <meanmaxtemp description="Mean Maximum Temperature" units="°C">18.4</meanmaxtemp>
        <meanmintemp description="Mean Minimum Temperature" units="°C">7.8</meanmintemp>
        <meanmonthtemp description="Mean Temperature" units="°C">13.2</meanmonthtemp>
        <extrmaxtemp description="Extreme Maximum Temperature" flag="S" units="°C">27.5</extrmaxtemp>
        <extrmintemp description="Extreme Minimum Temperature" units="°C">-1.7</extrmintemp>
        <totrain description="Total Rain" units="mm">98.8</totrain>
        <totsnow description="Total Snow" flag="T" units="cm">0.0</totsnow>
        <totprecip description="Total Precipitation" units="mm">98.8</totprecip>
        <grndsnowlastday description="Snow on the Ground on the Last Day" units="cm">0</grndsnowlastday>
        <dirmaxgust description="Direction of Maximum Gust" units="10's Deg">31</dirmaxgust>
        <speedmaxgust description="Speed of Maximum Gust" units="km/h">57</speedmaxgust>
    </stationdata>
    <stationdata month="6" year="2004">
        <meanmaxtemp description="Mean Maximum Temperature" units="°C">23.0</meanmaxtemp>
        <meanmintemp description="Mean Minimum Temperature" units="°C">12.1</meanmintemp>
        <meanmonthtemp description="Mean Temperature" units="°C">17.6</meanmonthtemp>
        <extrmaxtemp description="Extreme Maximum Temperature" units="°C">31.8</extrmaxtemp>
        <extrmintemp description="Extreme Minimum Temperature" units="°C">6.6</extrmintemp>
        <totrain description="Total Rain" units="mm">62.8</totrain>
        <totsnow description="Total Snow" units="cm">0.0</totsnow>
        <totprecip description="Total Precipitation" units="mm">62.8</totprecip>
        <grndsnowlastday description="Snow on the Ground on the Last Day" units="cm">0</grndsnowlastday>
        <dirmaxgust description="Direction of Maximum Gust" flag="I" units="10's Deg">30</dirmaxgust>
        <speedmaxgust description="Speed of Maximum Gust" flag="I" units="km/h">78</speedmaxgust>
    </stationdata>
    <stationdata month="7" year="2004">
        <meanmaxtemp description="Mean Maximum Temperature" units="°C">25.2</meanmaxtemp>
        <meanmintemp description="Mean Minimum Temperature" units="°C">16.1</meanmintemp>
        <meanmonthtemp description="Mean Temperature" units="°C">20.7</meanmonthtemp>
        <extrmaxtemp description="Extreme Maximum Temperature" units="°C">30.5</extrmaxtemp>
        <extrmintemp description="Extreme Minimum Temperature" units="°C">11.4</extrmintemp>
        <totrain description="Total Rain" units="mm">119.8</totrain>
        <totsnow description="Total Snow" units="cm">0.0</totsnow>
        <totprecip description="Total Precipitation" units="mm">119.8</totprecip>
        <grndsnowlastday description="Snow on the Ground on the Last Day" units="cm">0</grndsnowlastday>
        <dirmaxgust description="Direction of Maximum Gust" units="10's Deg">29</dirmaxgust>
        <speedmaxgust description="Speed of Maximum Gust" units="km/h">57</speedmaxgust>
    </stationdata>
    <stationdata month="8" year="2004">
        <meanmaxtemp description="Mean Maximum Temperature" units="°C">24.4</meanmaxtemp>
        <meanmintemp description="Mean Minimum Temperature" units="°C">14.6</meanmintemp>
        <meanmonthtemp description="Mean Temperature" units="°C">19.5</meanmonthtemp>
        <extrmaxtemp description="Extreme Maximum Temperature" units="°C">29.9</extrmaxtemp>
        <extrmintemp description="Extreme Minimum Temperature" units="°C">9.3</extrmintemp>
        <totrain description="Total Rain" units="mm">60.0</totrain>
        <totsnow description="Total Snow" units="cm">0.0</totsnow>
        <totprecip description="Total Precipitation" units="mm">60.0</totprecip>
        <grndsnowlastday description="Snow on the Ground on the Last Day" units="cm">0</grndsnowlastday>
        <dirmaxgust description="Direction of Maximum Gust" units="10's Deg">27</dirmaxgust>
        <speedmaxgust description="Speed of Maximum Gust" units="km/h">67</speedmaxgust>
    </stationdata>
    <stationdata month="9" year="2004">
        <meanmaxtemp description="Mean Maximum Temperature" units="°C">23.8</meanmaxtemp>
        <meanmintemp description="Mean Minimum Temperature" units="°C">12.9</meanmintemp>
        <meanmonthtemp description="Mean Temperature" units="°C">18.4</meanmonthtemp>
        <extrmaxtemp description="Extreme Maximum Temperature" units="°C">29.1</extrmaxtemp>
        <extrmintemp description="Extreme Minimum Temperature" units="°C">6.3</extrmintemp>
        <totrain description="Total Rain" units="mm">25.2</totrain>
        <totsnow description="Total Snow" units="cm">0.0</totsnow>
        <totprecip description="Total Precipitation" units="mm">25.2</totprecip>
        <grndsnowlastday description="Snow on the Ground on the Last Day" units="cm">0</grndsnowlastday>
        <dirmaxgust description="Direction of Maximum Gust" units="10's Deg">34</dirmaxgust>
        <speedmaxgust description="Speed of Maximum Gust" units="km/h">57</speedmaxgust>
    </stationdata>
    <stationdata month="10" year="2004">
        <meanmaxtemp description="Mean Maximum Temperature" units="°C">15.0</meanmaxtemp>
        <meanmintemp description="Mean Minimum Temperature" units="°C">6.4</meanmintemp>
        <meanmonthtemp description="Mean Temperature" units="°C">10.7</meanmonthtemp>
        <extrmaxtemp description="Extreme Maximum Temperature" units="°C">27.2</extrmaxtemp>
        <extrmintemp description="Extreme Minimum Temperature" units="°C">0.7</extrmintemp>
        <totrain description="Total Rain" units="mm">35.2</totrain>
        <totsnow description="Total Snow" units="cm">0.0</totsnow>
        <totprecip description="Total Precipitation" units="mm">35.2</totprecip>
        <grndsnowlastday description="Snow on the Ground on the Last Day" units="cm">0</grndsnowlastday>
        <dirmaxgust description="Direction of Maximum Gust" units="10's Deg">28</dirmaxgust>
        <speedmaxgust description="Speed of Maximum Gust" units="km/h">69</speedmaxgust>
    </stationdata>
    <stationdata month="11" year="2004">
        <meanmaxtemp description="Mean Maximum Temperature" units="°C">9.2</meanmaxtemp>
        <meanmintemp description="Mean Minimum Temperature" units="°C">1.5</meanmintemp>
        <meanmonthtemp description="Mean Temperature" units="°C">5.4</meanmonthtemp>
        <extrmaxtemp description="Extreme Maximum Temperature" units="°C">14.9</extrmaxtemp>
        <extrmintemp description="Extreme Minimum Temperature" units="°C">-4.6</extrmintemp>
        <totrain description="Total Rain" units="mm">62.0</totrain>
        <totsnow description="Total Snow" units="cm">2.8</totsnow>
        <totprecip description="Total Precipitation" units="mm">64.8</totprecip>
        <grndsnowlastday description="Snow on the Ground on the Last Day" units="cm">0</grndsnowlastday>
        <dirmaxgust description="Direction of Maximum Gust" units="10's Deg">31</dirmaxgust>
        <speedmaxgust description="Speed of Maximum Gust" units="km/h">78</speedmaxgust>
    </stationdata>
    <stationdata month="12" year="2004">
        <meanmaxtemp description="Mean Maximum Temperature" units="°C">1.2</meanmaxtemp>
        <meanmintemp description="Mean Minimum Temperature" units="°C">-6.7</meanmintemp>
        <meanmonthtemp description="Mean Temperature" units="°C">-2.8</meanmonthtemp>
        <extrmaxtemp description="Extreme Maximum Temperature" units="°C">11.9</extrmaxtemp>
        <extrmintemp description="Extreme Minimum Temperature" units="°C">-24.3</extrmintemp>
        <totrain description="Total Rain" units="mm">53.9</totrain>
        <totsnow description="Total Snow" units="cm">36.9</totsnow>
        <totprecip description="Total Precipitation" units="mm">90.4</totprecip>
        <grndsnowlastday description="Snow on the Ground on the Last Day" units="cm">8</grndsnowlastday>
        <dirmaxgust description="Direction of Maximum Gust" units="10's Deg">23</dirmaxgust>
        <speedmaxgust description="Speed of Maximum Gust" units="km/h">72</speedmaxgust>
    </stationdata>
    <stationdata month="1" year="2005">
        <meanmaxtemp description="Mean Maximum Temperature" units="°C">-2.8</meanmaxtemp>
        <meanmintemp description="Mean Minimum Temperature" units="°C">-10.9</meanmintemp>
        <meanmonthtemp description="Mean Temperature" units="°C">-6.8</meanmonthtemp>
        <extrmaxtemp description="Extreme Maximum Temperature" units="°C">17.6</extrmaxtemp>
        <extrmintemp description="Extreme Minimum Temperature" units="°C">-24.2</extrmintemp>
        <totrain description="Total Rain" units="mm">37.8</totrain>
        <totsnow description="Total Snow" units="cm">33.2</totsnow>
        <totprecip description="Total Precipitation" units="mm">70.4</totprecip>
        <grndsnowlastday description="Snow on the Ground on the Last Day" units="cm">12</grndsnowlastday>
        <dirmaxgust description="Direction of Maximum Gust" flag="S" units="10's Deg">27</dirmaxgust>
        <speedmaxgust description="Speed of Maximum Gust" flag="S" units="km/h">61</speedmaxgust>
    </stationdata>
    <stationdata month="2" year="2005">
        <meanmaxtemp description="Mean Maximum Temperature" units="°C">0.2</meanmaxtemp>
        <meanmintemp description="Mean Minimum Temperature" units="°C">-8.2</meanmintemp>
        <meanmonthtemp description="Mean Temperature" units="°C">-4.0</meanmonthtemp>
        <extrmaxtemp description="Extreme Maximum Temperature" units="°C">7.3</extrmaxtemp>
        <extrmintemp description="Extreme Minimum Temperature" units="°C">-16.4</extrmintemp>
        <totrain description="Total Rain" units="mm">43.0</totrain>
        <totsnow description="Total Snow" units="cm">33.4</totsnow>
        <totprecip description="Total Precipitation" units="mm">75.6</totprecip>
        <grndsnowlastday description="Snow on the Ground on the Last Day" units="cm">15</grndsnowlastday>
        <dirmaxgust description="Direction of Maximum Gust" units="10's Deg">31</dirmaxgust>
        <speedmaxgust description="Speed of Maximum Gust" units="km/h">63</speedmaxgust>
    </stationdata>
    <stationdata month="3" year="2005">
        <meanmaxtemp description="Mean Maximum Temperature" units="°C">2.6</meanmaxtemp>
        <meanmintemp description="Mean Minimum Temperature" units="°C">-5.9</meanmintemp>
        <meanmonthtemp description="Mean Temperature" units="°C">-1.6</meanmonthtemp>
        <extrmaxtemp description="Extreme Maximum Temperature" units="°C">15.3</extrmaxtemp>
        <extrmintemp description="Extreme Minimum Temperature" units="°C">-14.2</extrmintemp>
        <totrain description="Total Rain" units="mm">9.6</totrain>
        <totsnow description="Total Snow" units="cm">25.6</totsnow>
        <totprecip description="Total Precipitation" units="mm">32.8</totprecip>
        <grndsnowlastday description="Snow on the Ground on the Last Day" units="cm">0</grndsnowlastday>
        <dirmaxgust description="Direction of Maximum Gust" units="10's Deg">34</dirmaxgust>
        <speedmaxgust description="Speed of Maximum Gust" units="km/h">67</speedmaxgust>
    </stationdata>
    <stationdata month="4" year="2005">
        <meanmaxtemp description="Mean Maximum Temperature" units="°C">12.8</meanmaxtemp>
        <meanmintemp description="Mean Minimum Temperature" units="°C">2.7</meanmintemp>
        <meanmonthtemp description="Mean Temperature" units="°C">7.8</meanmonthtemp>
        <extrmaxtemp description="Extreme Maximum Temperature" units="°C">27.5</extrmaxtemp>
        <extrmintemp description="Extreme Minimum Temperature" flag="S" units="°C">0.2</extrmintemp>
        <totrain description="Total Rain" units="mm">81.2</totrain>
        <totsnow description="Total Snow" units="cm">16.2</totsnow>
        <totprecip description="Total Precipitation" units="mm">97.6</totprecip>
        <grndsnowlastday description="Snow on the Ground on the Last Day" units="cm">0</grndsnowlastday>
        <dirmaxgust description="Direction of Maximum Gust" units="10's Deg">34</dirmaxgust>
        <speedmaxgust description="Speed of Maximum Gust" units="km/h">72</speedmaxgust>
    </stationdata>
    <stationdata month="5" year="2005">
        <meanmaxtemp description="Mean Maximum Temperature" units="°C">17.2</meanmaxtemp>
        <meanmintemp description="Mean Minimum Temperature" units="°C">6.6</meanmintemp>
        <meanmonthtemp description="Mean Temperature" units="°C">11.9</meanmonthtemp>
        <extrmaxtemp description="Extreme Maximum Temperature" units="°C">24.9</extrmaxtemp>
        <extrmintemp description="Extreme Minimum Temperature" units="°C">-0.4</extrmintemp>
        <totrain description="Total Rain" units="mm">14.4</totrain>
        <totsnow description="Total Snow" units="cm">0.0</totsnow>
        <totprecip description="Total Precipitation" units="mm">14.4</totprecip>
        <grndsnowlastday description="Snow on the Ground on the Last Day" units="cm">0</grndsnowlastday>
        <dirmaxgust description="Direction of Maximum Gust" units="10's Deg">31</dirmaxgust>
        <speedmaxgust description="Speed of Maximum Gust" units="km/h">69</speedmaxgust>
    </stationdata>
    <stationdata month="6" year="2005">
        <meanmaxtemp description="Mean Maximum Temperature" units="°C">27.9</meanmaxtemp>
        <meanmintemp description="Mean Minimum Temperature" units="°C">17.3</meanmintemp>
        <meanmonthtemp description="Mean Temperature" units="°C">22.6</meanmonthtemp>
        <extrmaxtemp description="Extreme Maximum Temperature" units="°C">34.6</extrmaxtemp>
        <extrmintemp description="Extreme Minimum Temperature" units="°C">10.1</extrmintemp>
        <totrain description="Total Rain" units="mm">31.8</totrain>
        <totsnow description="Total Snow" units="cm">0.0</totsnow>
        <totprecip description="Total Precipitation" units="mm">31.8</totprecip>
        <grndsnowlastday description="Snow on the Ground on the Last Day" units="cm">0</grndsnowlastday>
        <dirmaxgust description="Direction of Maximum Gust" units="10's Deg">27</dirmaxgust>
        <speedmaxgust description="Speed of Maximum Gust" units="km/h">70</speedmaxgust>
    </stationdata>
    <stationdata month="7" year="2005">
        <meanmaxtemp description="Mean Maximum Temperature" units="°C">29.9</meanmaxtemp>
        <meanmintemp description="Mean Minimum Temperature" units="°C">18.3</meanmintemp>
        <meanmonthtemp description="Mean Temperature" units="°C">24.1</meanmonthtemp>
        <extrmaxtemp description="Extreme Maximum Temperature" units="°C">35.5</extrmaxtemp>
        <extrmintemp description="Extreme Minimum Temperature" units="°C">12.4</extrmintemp>
        <totrain description="Total Rain" units="mm">20.4</totrain>
        <totsnow description="Total Snow" units="cm">0.0</totsnow>
        <totprecip description="Total Precipitation" units="mm">20.4</totprecip>
        <grndsnowlastday description="Snow on the Ground on the Last Day" units="cm">0</grndsnowlastday>
        <dirmaxgust description="Direction of Maximum Gust" units="10's Deg">27</dirmaxgust>
        <speedmaxgust description="Speed of Maximum Gust" units="km/h">61</speedmaxgust>
    </stationdata>
    <stationdata month="8" year="2005">
        <meanmaxtemp description="Mean Maximum Temperature" units="°C">27.7</meanmaxtemp>
        <meanmintemp description="Mean Minimum Temperature" units="°C">17.3</meanmintemp>
        <meanmonthtemp description="Mean Temperature" units="°C">22.5</meanmonthtemp>
        <extrmaxtemp description="Extreme Maximum Temperature" units="°C">33.8</extrmaxtemp>
        <extrmintemp description="Extreme Minimum Temperature" units="°C">12.9</extrmintemp>
        <totrain description="Total Rain" units="mm">135.6</totrain>
        <totsnow description="Total Snow" units="cm">0.0</totsnow>
        <totprecip description="Total Precipitation" units="mm">135.6</totprecip>
        <grndsnowlastday description="Snow on the Ground on the Last Day" units="cm">0</grndsnowlastday>
        <dirmaxgust description="Direction of Maximum Gust" units="10's Deg">13</dirmaxgust>
        <speedmaxgust description="Speed of Maximum Gust" units="km/h">72</speedmaxgust>
    </stationdata>
    <stationdata month="9" year="2005">
        <meanmaxtemp description="Mean Maximum Temperature" units="°C">24.5</meanmaxtemp>
        <meanmintemp description="Mean Minimum Temperature" units="°C">13.4</meanmintemp>
        <meanmonthtemp description="Mean Temperature" units="°C">19.0</meanmonthtemp>
        <extrmaxtemp description="Extreme Maximum Temperature" units="°C">31.7</extrmaxtemp>
        <extrmintemp description="Extreme Minimum Temperature" units="°C">6.4</extrmintemp>
        <totrain description="Total Rain" units="mm">79.6</totrain>
        <totsnow description="Total Snow" units="cm">0.0</totsnow>
        <totprecip description="Total Precipitation" units="mm">79.6</totprecip>
        <grndsnowlastday description="Snow on the Ground on the Last Day" units="cm">0</grndsnowlastday>
        <dirmaxgust description="Direction of Maximum Gust" units="10's Deg">23</dirmaxgust>
        <speedmaxgust description="Speed of Maximum Gust" units="km/h">78</speedmaxgust>
    </stationdata>
    <stationdata month="10" year="2005">
        <meanmaxtemp description="Mean Maximum Temperature" units="°C">15.0</meanmaxtemp>
        <meanmintemp description="Mean Minimum Temperature" units="°C">7.2</meanmintemp>
        <meanmonthtemp description="Mean Temperature" units="°C">11.1</meanmonthtemp>
        <extrmaxtemp description="Extreme Maximum Temperature" units="°C">26.1</extrmaxtemp>
        <extrmintemp description="Extreme Minimum Temperature" units="°C">-0.3</extrmintemp>
        <totrain description="Total Rain" units="mm">47.4</totrain>
        <totsnow description="Total Snow" units="cm">0.0</totsnow>
        <totprecip description="Total Precipitation" units="mm">47.4</totprecip>
        <grndsnowlastday description="Snow on the Ground on the Last Day" units="cm">0</grndsnowlastday>
        <dirmaxgust description="Direction of Maximum Gust" units="10's Deg">30</dirmaxgust>
        <speedmaxgust description="Speed of Maximum Gust" units="km/h">76</speedmaxgust>
    </stationdata>
    <stationdata month="11" year="2005">
        <meanmaxtemp description="Mean Maximum Temperature" units="°C">9.3</meanmaxtemp>
        <meanmintemp description="Mean Minimum Temperature" units="°C">0.8</meanmintemp>
        <meanmonthtemp description="Mean Temperature" units="°C">5.1</meanmonthtemp>
        <extrmaxtemp description="Extreme Maximum Temperature" units="°C">19.1</extrmaxtemp>
        <extrmintemp description="Extreme Minimum Temperature" units="°C">-13.3</extrmintemp>
        <totrain description="Total Rain" units="mm">91.4</totrain>
        <totsnow description="Total Snow" units="cm">12.4</totsnow>
        <totprecip description="Total Precipitation" units="mm">102.2</totprecip>
        <grndsnowlastday description="Snow on the Ground on the Last Day" units="cm">0</grndsnowlastday>
        <dirmaxgust description="Direction of Maximum Gust" units="10's Deg">26</dirmaxgust>
        <speedmaxgust description="Speed of Maximum Gust" units="km/h">89</speedmaxgust>
    </stationdata>
    <stationdata month="12" year="2005">
        <meanmaxtemp description="Mean Maximum Temperature" units="°C">-0.7</meanmaxtemp>
        <meanmintemp description="Mean Minimum Temperature" units="°C">-6.2</meanmintemp>
        <meanmonthtemp description="Mean Temperature" units="°C">-3.5</meanmonthtemp>
        <extrmaxtemp description="Extreme Maximum Temperature" units="°C">4.4</extrmaxtemp>
        <extrmintemp description="Extreme Minimum Temperature" units="°C">-15.2</extrmintemp>
        <totrain description="Total Rain" units="mm">20.0</totrain>
        <totsnow description="Total Snow" units="cm">41.8</totsnow>
        <totprecip description="Total Precipitation" units="mm">58.9</totprecip>
        <grndsnowlastday description="Snow on the Ground on the Last Day" units="cm">1</grndsnowlastday>
        <dirmaxgust description="Direction of Maximum Gust" units="10's Deg">30</dirmaxgust>
        <speedmaxgust description="Speed of Maximum Gust" units="km/h">67</speedmaxgust>
    </stationdata>
    <stationdata month="1" year="2006">
        <meanmaxtemp description="Mean Maximum Temperature" units="°C">3.8</meanmaxtemp>
        <meanmintemp description="Mean Minimum Temperature" units="°C">-3.4</meanmintemp>
        <meanmonthtemp description="Mean Temperature" units="°C">0.2</meanmonthtemp>
        <extrmaxtemp description="Extreme Maximum Temperature" units="°C">11.4</extrmaxtemp>
        <extrmintemp description="Extreme Minimum Temperature" units="°C">-13.1</extrmintemp>
        <totrain description="Total Rain" units="mm">66.6</totrain>
        <totsnow description="Total Snow" units="cm">7.8</totsnow>
        <totprecip description="Total Precipitation" units="mm">74.6</totprecip>
        <grndsnowlastday description="Snow on the Ground on the Last Day" units="cm">0</grndsnowlastday>
        <dirmaxgust description="Direction of Maximum Gust" units="10's Deg">34</dirmaxgust>
        <speedmaxgust description="Speed of Maximum Gust" units="km/h">82</speedmaxgust>
    </stationdata>
    <stationdata month="2" year="2006">
        <meanmaxtemp description="Mean Maximum Temperature" units="°C">0.0</meanmaxtemp>
        <meanmintemp description="Mean Minimum Temperature" units="°C">-7.2</meanmintemp>
        <meanmonthtemp description="Mean Temperature" units="°C">-3.6</meanmonthtemp>
        <extrmaxtemp description="Extreme Maximum Temperature" units="°C">7.0</extrmaxtemp>
        <extrmintemp description="Extreme Minimum Temperature" units="°C">-14.5</extrmintemp>
        <totrain description="Total Rain" units="mm">53.8</totrain>
        <totsnow description="Total Snow" units="cm">21.6</totsnow>
        <totprecip description="Total Precipitation" units="mm">74.8</totprecip>
        <grndsnowlastday description="Snow on the Ground on the Last Day" units="cm">3</grndsnowlastday>
        <dirmaxgust description="Direction of Maximum Gust" units="10's Deg">31</dirmaxgust>
        <speedmaxgust description="Speed of Maximum Gust" units="km/h">91</speedmaxgust>
    </stationdata>
    <stationdata month="3" year="2006">
        <meanmaxtemp description="Mean Maximum Temperature" units="°C">5.9</meanmaxtemp>
        <meanmintemp description="Mean Minimum Temperature" units="°C">-3.2</meanmintemp>
        <meanmonthtemp description="Mean Temperature" units="°C">1.3</meanmonthtemp>
        <extrmaxtemp description="Extreme Maximum Temperature" units="°C">17.8</extrmaxtemp>
        <extrmintemp description="Extreme Minimum Temperature" units="°C">-11.1</extrmintemp>
        <totrain description="Total Rain" units="mm">47.8</totrain>
        <totsnow description="Total Snow" units="cm">1.4</totsnow>
        <totprecip description="Total Precipitation" units="mm">48.8</totprecip>
        <grndsnowlastday description="Snow on the Ground on the Last Day" units="cm">0</grndsnowlastday>
        <dirmaxgust description="Direction of Maximum Gust" units="10's Deg">36</dirmaxgust>
        <speedmaxgust description="Speed of Maximum Gust" units="km/h">85</speedmaxgust>
    </stationdata>
    <stationdata month="4" year="2006">
        <meanmaxtemp description="Mean Maximum Temperature" units="°C">13.8</meanmaxtemp>
        <meanmintemp description="Mean Minimum Temperature" units="°C">2.6</meanmintemp>
        <meanmonthtemp description="Mean Temperature" units="°C">8.2</meanmonthtemp>
        <extrmaxtemp description="Extreme Maximum Temperature" units="°C">22.7</extrmaxtemp>
        <extrmintemp description="Extreme Minimum Temperature" units="°C">-4.3</extrmintemp>
        <totrain description="Total Rain" units="mm">62.4</totrain>
        <totsnow description="Total Snow" flag="T" units="cm">0.0</totsnow>
        <totprecip description="Total Precipitation" units="mm">62.4</totprecip>
        <grndsnowlastday description="Snow on the Ground on the Last Day" units="cm">0</grndsnowlastday>
        <dirmaxgust description="Direction of Maximum Gust" flag="I" units="10's Deg">29</dirmaxgust>
        <speedmaxgust description="Speed of Maximum Gust" flag="I" units="km/h">70</speedmaxgust>
    </stationdata>
    <stationdata month="5" year="2006">
        <meanmaxtemp description="Mean Maximum Temperature" units="°C">19.7</meanmaxtemp>
        <meanmintemp description="Mean Minimum Temperature" units="°C">9.1</meanmintemp>
        <meanmonthtemp description="Mean Temperature" units="°C">14.4</meanmonthtemp>
        <extrmaxtemp description="Extreme Maximum Temperature" units="°C">34.1</extrmaxtemp>
        <extrmintemp description="Extreme Minimum Temperature" units="°C">0.8</extrmintemp>
        <totrain description="Total Rain" units="mm">82.0</totrain>
        <totsnow description="Total Snow" units="cm">0.0</totsnow>
        <totprecip description="Total Precipitation" units="mm">82.0</totprecip>
        <grndsnowlastday description="Snow on the Ground on the Last Day" units="cm">0</grndsnowlastday>
        <dirmaxgust description="Direction of Maximum Gust" units="10's Deg">31</dirmaxgust>
        <speedmaxgust description="Speed of Maximum Gust" units="km/h">69</speedmaxgust>
    </stationdata>
    <stationdata month="6" year="2006">
        <meanmaxtemp description="Mean Maximum Temperature" units="°C">24.7</meanmaxtemp>
        <meanmintemp description="Mean Minimum Temperature" units="°C">14.8</meanmintemp>
        <meanmonthtemp description="Mean Temperature" units="°C">19.8</meanmonthtemp>
        <extrmaxtemp description="Extreme Maximum Temperature" units="°C">33.8</extrmaxtemp>
        <extrmintemp description="Extreme Minimum Temperature" units="°C">7.4</extrmintemp>
        <totrain description="Total Rain" units="mm">45.4</totrain>
        <totsnow description="Total Snow" units="cm">0.0</totsnow>
        <totprecip description="Total Precipitation" units="mm">45.4</totprecip>
        <grndsnowlastday description="Snow on the Ground on the Last Day" units="cm">0</grndsnowlastday>
        <dirmaxgust description="Direction of Maximum Gust" units="10's Deg">31</dirmaxgust>
        <speedmaxgust description="Speed of Maximum Gust" units="km/h">70</speedmaxgust>
    </stationdata>
    <stationdata month="7" year="2006">
        <meanmaxtemp description="Mean Maximum Temperature" units="°C">28.6</meanmaxtemp>
        <meanmintemp description="Mean Minimum Temperature" units="°C">18.2</meanmintemp>
        <meanmonthtemp description="Mean Temperature" units="°C">23.4</meanmonthtemp>
        <extrmaxtemp description="Extreme Maximum Temperature" units="°C">34.2</extrmaxtemp>
        <extrmintemp description="Extreme Minimum Temperature" units="°C">11.6</extrmintemp>
        <totrain description="Total Rain" units="mm">105.2</totrain>
        <totsnow description="Total Snow" units="cm">0.0</totsnow>
        <totprecip description="Total Precipitation" units="mm">105.2</totprecip>
        <grndsnowlastday description="Snow on the Ground on the Last Day" units="cm">0</grndsnowlastday>
        <dirmaxgust description="Direction of Maximum Gust" units="10's Deg">28</dirmaxgust>
        <speedmaxgust description="Speed of Maximum Gust" units="km/h">98</speedmaxgust>
    </stationdata>
    <stationdata month="8" year="2006">
        <meanmaxtemp description="Mean Maximum Temperature" units="°C">26.0</meanmaxtemp>
        <meanmintemp description="Mean Minimum Temperature" units="°C">16.2</meanmintemp>
        <meanmonthtemp description="Mean Temperature" units="°C">21.1</meanmonthtemp>
        <extrmaxtemp description="Extreme Maximum Temperature" units="°C">36.6</extrmaxtemp>
        <extrmintemp description="Extreme Minimum Temperature" units="°C">11.4</extrmintemp>
        <totrain description="Total Rain" units="mm">40.2</totrain>
        <totsnow description="Total Snow" units="cm">0.0</totsnow>
        <totprecip description="Total Precipitation" units="mm">40.2</totprecip>
        <grndsnowlastday description="Snow on the Ground on the Last Day" units="cm">0</grndsnowlastday>
        <dirmaxgust description="Direction of Maximum Gust" flag="I" units="10's Deg">31</dirmaxgust>
        <speedmaxgust description="Speed of Maximum Gust" flag="I" units="km/h">83</speedmaxgust>
    </stationdata>
    <stationdata month="9" year="2006">
        <meanmaxtemp description="Mean Maximum Temperature" units="°C">19.9</meanmaxtemp>
        <meanmintemp description="Mean Minimum Temperature" units="°C">11.5</meanmintemp>
        <meanmonthtemp description="Mean Temperature" units="°C">15.7</meanmonthtemp>
        <extrmaxtemp description="Extreme Maximum Temperature" units="°C">28.2</extrmaxtemp>
        <extrmintemp description="Extreme Minimum Temperature" units="°C">4.1</extrmintemp>
        <totrain description="Total Rain" units="mm">77.6</totrain>
        <totsnow description="Total Snow" units="cm">0.0</totsnow>
        <totprecip description="Total Precipitation" units="mm">77.6</totprecip>
        <grndsnowlastday description="Snow on the Ground on the Last Day" units="cm">0</grndsnowlastday>
        <dirmaxgust description="Direction of Maximum Gust" flag="E" units="10's Deg">29</dirmaxgust>
        <speedmaxgust description="Speed of Maximum Gust" flag="E" units="km/h">61</speedmaxgust>
    </stationdata>
    <stationdata month="10" year="2006">
        <meanmaxtemp description="Mean Maximum Temperature" units="°C">13.1</meanmaxtemp>
        <meanmintemp description="Mean Minimum Temperature" units="°C">4.3</meanmintemp>
        <meanmonthtemp description="Mean Temperature" units="°C">8.7</meanmonthtemp>
        <extrmaxtemp description="Extreme Maximum Temperature" units="°C">24.0</extrmaxtemp>
        <extrmintemp description="Extreme Minimum Temperature" units="°C">-1.3</extrmintemp>
        <totrain description="Total Rain" units="mm">120.6</totrain>
        <totsnow description="Total Snow" flag="T" units="cm">0.0</totsnow>
        <totprecip description="Total Precipitation" units="mm">120.6</totprecip>
        <grndsnowlastday description="Snow on the Ground on the Last Day" units="cm">0</grndsnowlastday>
        <dirmaxgust description="Direction of Maximum Gust" units="10's Deg">29</dirmaxgust>
        <speedmaxgust description="Speed of Maximum Gust" units="km/h">96</speedmaxgust>
    </stationdata>
    <stationdata month="11" year="2006">
        <meanmaxtemp description="Mean Maximum Temperature" units="°C">8.9</meanmaxtemp>
        <meanmintemp description="Mean Minimum Temperature" units="°C">1.6</meanmintemp>
        <meanmonthtemp description="Mean Temperature" units="°C">5.3</meanmonthtemp>
        <extrmaxtemp description="Extreme Maximum Temperature" units="°C">16.1</extrmaxtemp>
        <extrmintemp description="Extreme Minimum Temperature" units="°C">-3.8</extrmintemp>
        <totrain description="Total Rain" units="mm">71.7</totrain>
        <totsnow description="Total Snow" flag="T" units="cm">0.0</totsnow>
        <totprecip description="Total Precipitation" units="mm">71.7</totprecip>
        <grndsnowlastday description="Snow on the Ground on the Last Day" units="cm">0</grndsnowlastday>
        <dirmaxgust description="Direction of Maximum Gust" flag="S" units="10's Deg">27</dirmaxgust>
        <speedmaxgust description="Speed of Maximum Gust" flag="S" units="km/h">50</speedmaxgust>
    </stationdata>
    <stationdata month="12" year="2006">
        <meanmaxtemp description="Mean Maximum Temperature" units="°C">5.1</meanmaxtemp>
        <meanmintemp description="Mean Minimum Temperature" units="°C">-1.5</meanmintemp>
        <meanmonthtemp description="Mean Temperature" units="°C">1.9</meanmonthtemp>
        <extrmaxtemp description="Extreme Maximum Temperature" units="°C">12.7</extrmaxtemp>
        <extrmintemp description="Extreme Minimum Temperature" units="°C">-12.4</extrmintemp>
        <totrain description="Total Rain" units="mm">60.6</totrain>
        <totsnow description="Total Snow" units="cm">1.6</totsnow>
        <totprecip description="Total Precipitation" units="mm">62.4</totprecip>
        <grndsnowlastday description="Snow on the Ground on the Last Day" units="cm">0</grndsnowlastday>
        <dirmaxgust description="Direction of Maximum Gust" units="10's Deg">26</dirmaxgust>
        <speedmaxgust description="Speed of Maximum Gust" units="km/h">83</speedmaxgust>
    </stationdata>
    <stationdata month="1" year="2007">
        <meanmaxtemp description="Mean Maximum Temperature" units="°C">0.6</meanmaxtemp>
        <meanmintemp description="Mean Minimum Temperature" units="°C">-6.3</meanmintemp>
        <meanmonthtemp description="Mean Temperature" units="°C">-2.9</meanmonthtemp>
        <extrmaxtemp description="Extreme Maximum Temperature" units="°C">11.9</extrmaxtemp>
        <extrmintemp description="Extreme Minimum Temperature" units="°C">-17.5</extrmintemp>
        <totrain description="Total Rain" units="mm">23.4</totrain>
        <totsnow description="Total Snow" units="cm">15.8</totsnow>
        <totprecip description="Total Precipitation" units="mm">38.6</totprecip>
        <grndsnowlastday description="Snow on the Ground on the Last Day" units="cm">7</grndsnowlastday>
        <dirmaxgust description="Direction of Maximum Gust" units="10's Deg">26</dirmaxgust>
        <speedmaxgust description="Speed of Maximum Gust" units="km/h">78</speedmaxgust>
    </stationdata>
    <stationdata month="2" year="2007">
        <meanmaxtemp description="Mean Maximum Temperature" units="°C">-4.6</meanmaxtemp>
        <meanmintemp description="Mean Minimum Temperature" units="°C">-12.2</meanmintemp>
        <meanmonthtemp description="Mean Temperature" units="°C">-8.4</meanmonthtemp>
        <extrmaxtemp description="Extreme Maximum Temperature" units="°C">4.3</extrmaxtemp>
        <extrmintemp description="Extreme Minimum Temperature" units="°C">-21.0</extrmintemp>
        <totrain description="Total Rain" flag="T" units="mm">0.0</totrain>
        <totsnow description="Total Snow" units="cm">27.2</totsnow>
        <totprecip description="Total Precipitation" units="mm">24.6</totprecip>
        <grndsnowlastday description="Snow on the Ground on the Last Day" units="cm">11</grndsnowlastday>
        <dirmaxgust description="Direction of Maximum Gust" units="10's Deg">32</dirmaxgust>
        <speedmaxgust description="Speed of Maximum Gust" units="km/h">76</speedmaxgust>
    </stationdata>
    <stationdata month="3" year="2007">
        <meanmaxtemp description="Mean Maximum Temperature" units="°C">4.9</meanmaxtemp>
        <meanmintemp description="Mean Minimum Temperature" units="°C">-4.1</meanmintemp>
        <meanmonthtemp description="Mean Temperature" units="°C">0.4</meanmonthtemp>
        <extrmaxtemp description="Extreme Maximum Temperature" units="°C">20.3</extrmaxtemp>
        <extrmintemp description="Extreme Minimum Temperature" units="°C">-22.1</extrmintemp>
        <totrain description="Total Rain" units="mm">18.8</totrain>
        <totsnow description="Total Snow" units="cm">13.3</totsnow>
        <totprecip description="Total Precipitation" units="mm">33.4</totprecip>
        <grndsnowlastday description="Snow on the Ground on the Last Day" units="cm">0</grndsnowlastday>
        <dirmaxgust description="Direction of Maximum Gust" flag="I" units="10's Deg">30</dirmaxgust>
        <speedmaxgust description="Speed of Maximum Gust" flag="I" units="km/h">70</speedmaxgust>
    </stationdata>
    <stationdata month="4" year="2007">
        <meanmaxtemp description="Mean Maximum Temperature" units="°C">10.5</meanmaxtemp>
        <meanmintemp description="Mean Minimum Temperature" units="°C">1.7</meanmintemp>
        <meanmonthtemp description="Mean Temperature" units="°C">6.1</meanmonthtemp>
        <extrmaxtemp description="Extreme Maximum Temperature" units="°C">25.4</extrmaxtemp>
        <extrmintemp description="Extreme Minimum Temperature" units="°C">-7.2</extrmintemp>
        <totrain description="Total Rain" units="mm">58.4</totrain>
        <totsnow description="Total Snow" units="cm">2.4</totsnow>
        <totprecip description="Total Precipitation" units="mm">60.8</totprecip>
        <grndsnowlastday description="Snow on the Ground on the Last Day" units="cm">0</grndsnowlastday>
        <dirmaxgust description="Direction of Maximum Gust" flag="I" units="10's Deg">27</dirmaxgust>
        <speedmaxgust description="Speed of Maximum Gust" flag="I" units="km/h">95</speedmaxgust>
    </stationdata>
    <stationdata month="5" year="2007">
        <meanmaxtemp description="Mean Maximum Temperature" units="°C">20.3</meanmaxtemp>
        <meanmintemp description="Mean Minimum Temperature" units="°C">8.3</meanmintemp>
        <meanmonthtemp description="Mean Temperature" units="°C">14.3</meanmonthtemp>
        <extrmaxtemp description="Extreme Maximum Temperature" units="°C">31.0</extrmaxtemp>
        <extrmintemp description="Extreme Minimum Temperature" units="°C">2.4</extrmintemp>
        <totrain description="Total Rain" units="mm">73.6</totrain>
        <totsnow description="Total Snow" units="cm">0.0</totsnow>
        <totprecip description="Total Precipitation" units="mm">73.6</totprecip>
        <grndsnowlastday description="Snow on the Ground on the Last Day" units="cm">0</grndsnowlastday>
        <dirmaxgust description="Direction of Maximum Gust" units="10's Deg">33</dirmaxgust>
        <speedmaxgust description="Speed of Maximum Gust" units="km/h">59</speedmaxgust>
    </stationdata>
    <stationdata month="6" year="2007">
        <meanmaxtemp description="Mean Maximum Temperature" units="°C">26.9</meanmaxtemp>
        <meanmintemp description="Mean Minimum Temperature" units="°C">14.6</meanmintemp>
        <meanmonthtemp description="Mean Temperature" units="°C">20.8</meanmonthtemp>
        <extrmaxtemp description="Extreme Maximum Temperature" units="°C">34.4</extrmaxtemp>
        <extrmintemp description="Extreme Minimum Temperature" units="°C">6.2</extrmintemp>
        <totrain description="Total Rain" units="mm">43.2</totrain>
        <totsnow description="Total Snow" units="cm">0.0</totsnow>
        <totprecip description="Total Precipitation" units="mm">43.2</totprecip>
        <grndsnowlastday description="Snow on the Ground on the Last Day" units="cm">0</grndsnowlastday>
        <dirmaxgust description="Direction of Maximum Gust" units="10's Deg">24</dirmaxgust>
        <speedmaxgust description="Speed of Maximum Gust" units="km/h">96</speedmaxgust>
    </stationdata>
    <stationdata month="7" year="2007">
        <meanmaxtemp description="Mean Maximum Temperature" units="°C">27.0</meanmaxtemp>
        <meanmintemp description="Mean Minimum Temperature" units="°C">15.6</meanmintemp>
        <meanmonthtemp description="Mean Temperature" units="°C">21.3</meanmonthtemp>
        <extrmaxtemp description="Extreme Maximum Temperature" units="°C">34.4</extrmaxtemp>
        <extrmintemp description="Extreme Minimum Temperature" units="°C">11.2</extrmintemp>
        <totrain description="Total Rain" units="mm">47.4</totrain>
        <totsnow description="Total Snow" units="cm">0.0</totsnow>
        <totprecip description="Total Precipitation" units="mm">47.4</totprecip>
        <grndsnowlastday description="Snow on the Ground on the Last Day" units="cm">0</grndsnowlastday>
        <dirmaxgust description="Direction of Maximum Gust" flag="S" units="10's Deg">22</dirmaxgust>
        <speedmaxgust description="Speed of Maximum Gust" flag="S" units="km/h">59</speedmaxgust>
    </stationdata>
    <stationdata month="8" year="2007">
        <meanmaxtemp description="Mean Maximum Temperature" units="°C">28.1</meanmaxtemp>
        <meanmintemp description="Mean Minimum Temperature" units="°C">16.7</meanmintemp>
        <meanmonthtemp description="Mean Temperature" units="°C">22.4</meanmonthtemp>
        <extrmaxtemp description="Extreme Maximum Temperature" units="°C">34.8</extrmaxtemp>
        <extrmintemp description="Extreme Minimum Temperature" units="°C">9.7</extrmintemp>
        <totrain description="Total Rain" units="mm">20.8</totrain>
        <totsnow description="Total Snow" units="cm">0.0</totsnow>
        <totprecip description="Total Precipitation" units="mm">20.8</totprecip>
        <grndsnowlastday description="Snow on the Ground on the Last Day" units="cm">0</grndsnowlastday>
        <dirmaxgust description="Direction of Maximum Gust" units="10's Deg">32</dirmaxgust>
        <speedmaxgust description="Speed of Maximum Gust" units="km/h">70</speedmaxgust>
    </stationdata>
    <stationdata month="9" year="2007">
        <meanmaxtemp description="Mean Maximum Temperature" units="°C">24.3</meanmaxtemp>
        <meanmintemp description="Mean Minimum Temperature" units="°C">12.4</meanmintemp>
        <meanmonthtemp description="Mean Temperature" units="°C">18.4</meanmonthtemp>
        <extrmaxtemp description="Extreme Maximum Temperature" units="°C">34.4</extrmaxtemp>
        <extrmintemp description="Extreme Minimum Temperature" flag="S" units="°C">5.1</extrmintemp>
        <totrain description="Total Rain" units="mm">28.6</totrain>
        <totsnow description="Total Snow" units="cm">0.0</totsnow>
        <totprecip description="Total Precipitation" units="mm">28.6</totprecip>
        <grndsnowlastday description="Snow on the Ground on the Last Day" units="cm">0</grndsnowlastday>
        <dirmaxgust description="Direction of Maximum Gust" units="10's Deg">23</dirmaxgust>
        <speedmaxgust description="Speed of Maximum Gust" units="km/h">70</speedmaxgust>
    </stationdata>
    <stationdata month="10" year="2007">
        <meanmaxtemp description="Mean Maximum Temperature" units="°C">19.0</meanmaxtemp>
        <meanmintemp description="Mean Minimum Temperature" units="°C">9.4</meanmintemp>
        <meanmonthtemp description="Mean Temperature" units="°C">14.2</meanmonthtemp>
        <extrmaxtemp description="Extreme Maximum Temperature" units="°C">31.6</extrmaxtemp>
        <extrmintemp description="Extreme Minimum Temperature" units="°C">-0.8</extrmintemp>
        <totrain description="Total Rain" units="mm">41.2</totrain>
        <totsnow description="Total Snow" units="cm">0.0</totsnow>
        <totprecip description="Total Precipitation" units="mm">41.2</totprecip>
        <grndsnowlastday description="Snow on the Ground on the Last Day" units="cm">0</grndsnowlastday>
        <dirmaxgust description="Direction of Maximum Gust" units="10's Deg">30</dirmaxgust>
        <speedmaxgust description="Speed of Maximum Gust" units="km/h">78</speedmaxgust>
    </stationdata>
    <stationdata month="11" year="2007">
        <meanmaxtemp description="Mean Maximum Temperature" units="°C">6.6</meanmaxtemp>
        <meanmintemp description="Mean Minimum Temperature" units="°C">-1.5</meanmintemp>
        <meanmonthtemp description="Mean Temperature" units="°C">2.6</meanmonthtemp>
        <extrmaxtemp description="Extreme Maximum Temperature" units="°C">15.7</extrmaxtemp>
        <extrmintemp description="Extreme Minimum Temperature" units="°C">-9.9</extrmintemp>
        <totrain description="Total Rain" units="mm">73.6</totrain>
        <totsnow description="Total Snow" units="cm">11.0</totsnow>
        <totprecip description="Total Precipitation" units="mm">87.8</totprecip>
        <grndsnowlastday description="Snow on the Ground on the Last Day" units="cm">0</grndsnowlastday>
        <dirmaxgust description="Direction of Maximum Gust" units="10's Deg">27</dirmaxgust>
        <speedmaxgust description="Speed of Maximum Gust" units="km/h">80</speedmaxgust>
    </stationdata>
    <stationdata month="12" year="2007">
        <meanmaxtemp description="Mean Maximum Temperature" units="°C">0.6</meanmaxtemp>
        <meanmintemp description="Mean Minimum Temperature" units="°C">-5.3</meanmintemp>
        <meanmonthtemp description="Mean Temperature" units="°C">-2.3</meanmonthtemp>
        <extrmaxtemp description="Extreme Maximum Temperature" units="°C">7.9</extrmaxtemp>
        <extrmintemp description="Extreme Minimum Temperature" units="°C">-13.2</extrmintemp>
        <totrain description="Total Rain" units="mm">49.2</totrain>
        <totsnow description="Total Snow" units="cm">44.4</totsnow>
        <totprecip description="Total Precipitation" units="mm">92.7</totprecip>
        <grndsnowlastday description="Snow on the Ground on the Last Day" units="cm">2</grndsnowlastday>
        <dirmaxgust description="Direction of Maximum Gust" units="10's Deg">29</dirmaxgust>
        <speedmaxgust description="Speed of Maximum Gust" units="km/h">74</speedmaxgust>
    </stationdata>
    <stationdata month="1" year="2008">
        <meanmaxtemp description="Mean Maximum Temperature" units="°C">1.3</meanmaxtemp>
        <meanmintemp description="Mean Minimum Temperature" units="°C">-5.5</meanmintemp>
        <meanmonthtemp description="Mean Temperature" units="°C">-2.1</meanmonthtemp>
        <extrmaxtemp description="Extreme Maximum Temperature" units="°C">15.5</extrmaxtemp>
        <extrmintemp description="Extreme Minimum Temperature" units="°C">-17.7</extrmintemp>
        <totrain description="Total Rain" units="mm">35.6</totrain>
        <totsnow description="Total Snow" units="cm">22.8</totsnow>
        <totprecip description="Total Precipitation" units="mm">58.2</totprecip>
        <grndsnowlastday description="Snow on the Ground on the Last Day" flag="T" units="cm">0</grndsnowlastday>
        <dirmaxgust description="Direction of Maximum Gust" units="10's Deg">26</dirmaxgust>
        <speedmaxgust description="Speed of Maximum Gust" units="km/h">107</speedmaxgust>
    </stationdata>
    <stationdata month="2" year="2008">
        <meanmaxtemp description="Mean Maximum Temperature" units="°C">-1.2</meanmaxtemp>
        <meanmintemp description="Mean Minimum Temperature" units="°C">-9.3</meanmintemp>
        <meanmonthtemp description="Mean Temperature" units="°C">-5.3</meanmonthtemp>
        <extrmaxtemp description="Extreme Maximum Temperature" units="°C">6.6</extrmaxtemp>
        <extrmintemp description="Extreme Minimum Temperature" units="°C">-18.2</extrmintemp>
        <totrain description="Total Rain" units="mm">30.6</totrain>
        <totsnow description="Total Snow" units="cm">76.8</totsnow>
        <totprecip description="Total Precipitation" units="mm">107.6</totprecip>
        <grndsnowlastday description="Snow on the Ground on the Last Day" units="cm">12</grndsnowlastday>
        <dirmaxgust description="Direction of Maximum Gust" flag="S" units="10's Deg">28</dirmaxgust>
        <speedmaxgust description="Speed of Maximum Gust" flag="S" units="km/h">80</speedmaxgust>
    </stationdata>
    <stationdata month="3" year="2008">
        <meanmaxtemp description="Mean Maximum Temperature" units="°C">2.0</meanmaxtemp>
        <meanmintemp description="Mean Minimum Temperature" units="°C">-5.4</meanmintemp>
        <meanmonthtemp description="Mean Temperature" units="°C">-1.7</meanmonthtemp>
        <extrmaxtemp description="Extreme Maximum Temperature" units="°C">12.8</extrmaxtemp>
        <extrmintemp description="Extreme Minimum Temperature" units="°C">-16.2</extrmintemp>
        <totrain description="Total Rain" units="mm">23.2</totrain>
        <totsnow description="Total Snow" units="cm">38.0</totsnow>
        <totprecip description="Total Precipitation" units="mm">61.6</totprecip>
        <grndsnowlastday description="Snow on the Ground on the Last Day" flag="T" units="cm">0</grndsnowlastday>
        <dirmaxgust description="Direction of Maximum Gust" units="10's Deg">31</dirmaxgust>
        <speedmaxgust description="Speed of Maximum Gust" units="km/h">70</speedmaxgust>
    </stationdata>
    <stationdata month="4" year="2008">
        <meanmaxtemp description="Mean Maximum Temperature" units="°C">15.2</meanmaxtemp>
        <meanmintemp description="Mean Minimum Temperature" units="°C">3.8</meanmintemp>
        <meanmonthtemp description="Mean Temperature" units="°C">9.5</meanmonthtemp>
        <extrmaxtemp description="Extreme Maximum Temperature" units="°C">24.3</extrmaxtemp>
        <extrmintemp description="Extreme Minimum Temperature" units="°C">-4.5</extrmintemp>
        <totrain description="Total Rain" units="mm">53.6</totrain>
        <totsnow description="Total Snow" units="cm">1.0</totsnow>
        <totprecip description="Total Precipitation" units="mm">54.6</totprecip>
        <grndsnowlastday description="Snow on the Ground on the Last Day" units="cm">0</grndsnowlastday>
        <dirmaxgust description="Direction of Maximum Gust" units="10's Deg">28</dirmaxgust>
        <speedmaxgust description="Speed of Maximum Gust" units="km/h">83</speedmaxgust>
    </stationdata>
    <stationdata month="5" year="2008">
        <meanmaxtemp description="Mean Maximum Temperature" units="°C">17.2</meanmaxtemp>
        <meanmintemp description="Mean Minimum Temperature" units="°C">6.5</meanmintemp>
        <meanmonthtemp description="Mean Temperature" units="°C">11.8</meanmonthtemp>
        <extrmaxtemp description="Extreme Maximum Temperature" units="°C">28.3</extrmaxtemp>
        <extrmintemp description="Extreme Minimum Temperature" units="°C">0.6</extrmintemp>
        <totrain description="Total Rain" units="mm">68.8</totrain>
        <totsnow description="Total Snow" units="cm">0.0</totsnow>
        <totprecip description="Total Precipitation" units="mm">68.8</totprecip>
        <grndsnowlastday description="Snow on the Ground on the Last Day" units="cm">0</grndsnowlastday>
        <dirmaxgust description="Direction of Maximum Gust" flag="I" units="10's Deg">29</dirmaxgust>
        <speedmaxgust description="Speed of Maximum Gust" flag="I" units="km/h">57</speedmaxgust>
    </stationdata>
    <stationdata month="6" year="2008">
        <meanmaxtemp description="Mean Maximum Temperature" units="°C">24.5</meanmaxtemp>
        <meanmintemp description="Mean Minimum Temperature" units="°C">14.7</meanmintemp>
        <meanmonthtemp description="Mean Temperature" units="°C">19.6</meanmonthtemp>
        <extrmaxtemp description="Extreme Maximum Temperature" units="°C">34.1</extrmaxtemp>
        <extrmintemp description="Extreme Minimum Temperature" units="°C">8.8</extrmintemp>
        <totrain description="Total Rain" units="mm">110.4</totrain>
        <totsnow description="Total Snow" units="cm">0.0</totsnow>
        <totprecip description="Total Precipitation" units="mm">110.4</totprecip>
        <grndsnowlastday description="Snow on the Ground on the Last Day" units="cm">0</grndsnowlastday>
        <dirmaxgust description="Direction of Maximum Gust" units="10's Deg">27</dirmaxgust>
        <speedmaxgust description="Speed of Maximum Gust" units="km/h">98</speedmaxgust>
    </stationdata>
    <stationdata month="7" year="2008">
        <meanmaxtemp description="Mean Maximum Temperature" units="°C">26.6</meanmaxtemp>
        <meanmintemp description="Mean Minimum Temperature" units="°C">16.4</meanmintemp>
        <meanmonthtemp description="Mean Temperature" units="°C">21.5</meanmonthtemp>
        <extrmaxtemp description="Extreme Maximum Temperature" flag="S" units="°C">31.1</extrmaxtemp>
        <extrmintemp description="Extreme Minimum Temperature" units="°C">12.2</extrmintemp>
        <totrain description="Total Rain" units="mm">193.2</totrain>
        <totsnow description="Total Snow" units="cm">0.0</totsnow>
        <totprecip description="Total Precipitation" units="mm">193.2</totprecip>
        <grndsnowlastday description="Snow on the Ground on the Last Day" units="cm">0</grndsnowlastday>
        <dirmaxgust description="Direction of Maximum Gust" units="10's Deg">30</dirmaxgust>
        <speedmaxgust description="Speed of Maximum Gust" units="km/h">85</speedmaxgust>
    </stationdata>
    <stationdata month="8" year="2008">
        <meanmaxtemp description="Mean Maximum Temperature" units="°C">24.6</meanmaxtemp>
        <meanmintemp description="Mean Minimum Temperature" units="°C">14.7</meanmintemp>
        <meanmonthtemp description="Mean Temperature" units="°C">19.7</meanmonthtemp>
        <extrmaxtemp description="Extreme Maximum Temperature" units="°C">29.4</extrmaxtemp>
        <extrmintemp description="Extreme Minimum Temperature" units="°C">10.0</extrmintemp>
        <totrain description="Total Rain" units="mm">92.6</totrain>
        <totsnow description="Total Snow" units="cm">0.0</totsnow>
        <totprecip description="Total Precipitation" units="mm">92.6</totprecip>
        <grndsnowlastday description="Snow on the Ground on the Last Day" units="cm">0</grndsnowlastday>
        <dirmaxgust description="Direction of Maximum Gust" units="10's Deg">35</dirmaxgust>
        <speedmaxgust description="Speed of Maximum Gust" units="km/h">65</speedmaxgust>
    </stationdata>
    <stationdata month="9" year="2008">
        <meanmaxtemp description="Mean Maximum Temperature" units="°C">21.8</meanmaxtemp>
        <meanmintemp description="Mean Minimum Temperature" units="°C">12.0</meanmintemp>
        <meanmonthtemp description="Mean Temperature" units="°C">16.9</meanmonthtemp>
        <extrmaxtemp description="Extreme Maximum Temperature" units="°C">30.4</extrmaxtemp>
        <extrmintemp description="Extreme Minimum Temperature" units="°C">6.9</extrmintemp>
        <totrain description="Total Rain" units="mm">83.4</totrain>
        <totsnow description="Total Snow" units="cm">0.0</totsnow>
        <totprecip description="Total Precipitation" units="mm">83.4</totprecip>
        <grndsnowlastday description="Snow on the Ground on the Last Day" units="cm">0</grndsnowlastday>
        <dirmaxgust description="Direction of Maximum Gust" units="10's Deg">28</dirmaxgust>
        <speedmaxgust description="Speed of Maximum Gust" units="km/h">93</speedmaxgust>
    </stationdata>
    <stationdata month="10" year="2008">
        <meanmaxtemp description="Mean Maximum Temperature" units="°C">14.0</meanmaxtemp>
        <meanmintemp description="Mean Minimum Temperature" units="°C">4.0</meanmintemp>
        <meanmonthtemp description="Mean Temperature" units="°C">9.0</meanmonthtemp>
        <extrmaxtemp description="Extreme Maximum Temperature" units="°C">25.0</extrmaxtemp>
        <extrmintemp description="Extreme Minimum Temperature" units="°C">-2.8</extrmintemp>
        <totrain description="Total Rain" units="mm">39.6</totrain>
        <totsnow description="Total Snow" flag="T" units="cm">0.0</totsnow>
        <totprecip description="Total Precipitation" units="mm">39.6</totprecip>
        <grndsnowlastday description="Snow on the Ground on the Last Day" units="cm">0</grndsnowlastday>
        <dirmaxgust description="Direction of Maximum Gust" flag="I" units="10's Deg">34</dirmaxgust>
        <speedmaxgust description="Speed of Maximum Gust" flag="I" units="km/h">70</speedmaxgust>
    </stationdata>
    <stationdata month="11" year="2008">
        <meanmaxtemp description="Mean Maximum Temperature" units="°C">6.7</meanmaxtemp>
        <meanmintemp description="Mean Minimum Temperature" units="°C">-0.8</meanmintemp>
        <meanmonthtemp description="Mean Temperature" units="°C">2.9</meanmonthtemp>
        <extrmaxtemp description="Extreme Maximum Temperature" units="°C">18.1</extrmaxtemp>
        <extrmintemp description="Extreme Minimum Temperature" flag="S" units="°C">-10.6</extrmintemp>
        <totrain description="Total Rain" units="mm">69.9</totrain>
        <totsnow description="Total Snow" units="cm">13.1</totsnow>
        <totprecip description="Total Precipitation" units="mm">79.8</totprecip>
        <grndsnowlastday description="Snow on the Ground on the Last Day" units="cm">0</grndsnowlastday>
        <dirmaxgust description="Direction of Maximum Gust" units="10's Deg">35</dirmaxgust>
        <speedmaxgust description="Speed of Maximum Gust" units="km/h">78</speedmaxgust>
    </stationdata>
    <stationdata month="12" year="2008">
        <meanmaxtemp description="Mean Maximum Temperature" units="°C">1.1</meanmaxtemp>
        <meanmintemp description="Mean Minimum Temperature" units="°C">-7.3</meanmintemp>
        <meanmonthtemp description="Mean Temperature" units="°C">-3.1</meanmonthtemp>
        <extrmaxtemp description="Extreme Maximum Temperature" units="°C">15.9</extrmaxtemp>
        <extrmintemp description="Extreme Minimum Temperature" units="°C">-17.7</extrmintemp>
        <totrain description="Total Rain" units="mm">40.0</totrain>
        <totsnow description="Total Snow" units="cm">64.8</totsnow>
        <totprecip description="Total Precipitation" units="mm">99.8</totprecip>
        <grndsnowlastday description="Snow on the Ground on the Last Day" units="cm">5</grndsnowlastday>
        <dirmaxgust description="Direction of Maximum Gust" flag="S" units="10's Deg">27</dirmaxgust>
        <speedmaxgust description="Speed of Maximum Gust" flag="S" units="km/h">93</speedmaxgust>
    </stationdata>
    <stationdata month="1" year="2009">
        <meanmaxtemp description="Mean Maximum Temperature" units="°C">-4.5</meanmaxtemp>
        <meanmintemp description="Mean Minimum Temperature" units="°C">-13.0</meanmintemp>
        <meanmonthtemp description="Mean Temperature" units="°C">-8.8</meanmonthtemp>
        <extrmaxtemp description="Extreme Maximum Temperature" units="°C">3.6</extrmaxtemp>
        <extrmintemp description="Extreme Minimum Temperature" units="°C">-22.1</extrmintemp>
        <totrain description="Total Rain" units="mm">1.0</totrain>
        <totsnow description="Total Snow" units="cm">46.0</totsnow>
        <totprecip description="Total Precipitation" units="mm">44.4</totprecip>
        <grndsnowlastday description="Snow on the Ground on the Last Day" units="cm">32</grndsnowlastday>
        <dirmaxgust description="Direction of Maximum Gust" flag="I" units="10's Deg">31</dirmaxgust>
        <speedmaxgust description="Speed of Maximum Gust" flag="I" units="km/h">65</speedmaxgust>
    </stationdata>
    <stationdata month="2" year="2009">
        <meanmaxtemp description="Mean Maximum Temperature" units="°C">0.9</meanmaxtemp>
        <meanmintemp description="Mean Minimum Temperature" units="°C">-8.2</meanmintemp>
        <meanmonthtemp description="Mean Temperature" units="°C">-3.7</meanmonthtemp>
        <extrmaxtemp description="Extreme Maximum Temperature" units="°C">9.4</extrmaxtemp>
        <extrmintemp description="Extreme Minimum Temperature" units="°C">-22.2</extrmintemp>
        <totrain description="Total Rain" units="mm">48.0</totrain>
        <totsnow description="Total Snow" units="cm">24.4</totsnow>
        <totprecip description="Total Precipitation" units="mm">73.6</totprecip>
        <grndsnowlastday description="Snow on the Ground on the Last Day" flag="T" units="cm">0</grndsnowlastday>
        <dirmaxgust description="Direction of Maximum Gust" units="10's Deg">29</dirmaxgust>
        <speedmaxgust description="Speed of Maximum Gust" units="km/h">85</speedmaxgust>
    </stationdata>
    <stationdata month="3" year="2009">
        <meanmaxtemp description="Mean Maximum Temperature" units="°C">5.8</meanmaxtemp>
        <meanmintemp description="Mean Minimum Temperature" units="°C">-4.2</meanmintemp>
        <meanmonthtemp description="Mean Temperature" units="°C">0.8</meanmonthtemp>
        <extrmaxtemp description="Extreme Maximum Temperature" units="°C">18.9</extrmaxtemp>
        <extrmintemp description="Extreme Minimum Temperature" units="°C">-15.7</extrmintemp>
        <totrain description="Total Rain" units="mm">68.0</totrain>
        <totsnow description="Total Snow" units="cm">0.6</totsnow>
        <totprecip description="Total Precipitation" units="mm">68.8</totprecip>
        <grndsnowlastday description="Snow on the Ground on the Last Day" units="cm">0</grndsnowlastday>
        <dirmaxgust description="Direction of Maximum Gust" units="10's Deg">33</dirmaxgust>
        <speedmaxgust description="Speed of Maximum Gust" units="km/h">82</speedmaxgust>
    </stationdata>
    <stationdata month="4" year="2009">
        <meanmaxtemp description="Mean Maximum Temperature" units="°C">13.0</meanmaxtemp>
        <meanmintemp description="Mean Minimum Temperature" units="°C">2.6</meanmintemp>
        <meanmonthtemp description="Mean Temperature" units="°C">7.8</meanmonthtemp>
        <extrmaxtemp description="Extreme Maximum Temperature" units="°C">27.9</extrmaxtemp>
        <extrmintemp description="Extreme Minimum Temperature" flag="S" units="°C">-3.9</extrmintemp>
        <totrain description="Total Rain" units="mm">129.6</totrain>
        <totsnow description="Total Snow" units="cm">3.8</totsnow>
        <totprecip description="Total Precipitation" units="mm">133.6</totprecip>
        <grndsnowlastday description="Snow on the Ground on the Last Day" units="cm">0</grndsnowlastday>
        <dirmaxgust description="Direction of Maximum Gust" units="10's Deg">26</dirmaxgust>
        <speedmaxgust description="Speed of Maximum Gust" units="km/h">115</speedmaxgust>
    </stationdata>
    <stationdata month="5" year="2009">
        <meanmaxtemp description="Mean Maximum Temperature" units="°C">18.9</meanmaxtemp>
        <meanmintemp description="Mean Minimum Temperature" units="°C">7.2</meanmintemp>
        <meanmonthtemp description="Mean Temperature" units="°C">13.1</meanmonthtemp>
        <extrmaxtemp description="Extreme Maximum Temperature" units="°C">29.1</extrmaxtemp>
        <extrmintemp description="Extreme Minimum Temperature" units="°C">0.3</extrmintemp>
        <totrain description="Total Rain" units="mm">60.8</totrain>
        <totsnow description="Total Snow" units="cm">0.0</totsnow>
        <totprecip description="Total Precipitation" units="mm">60.8</totprecip>
        <grndsnowlastday description="Snow on the Ground on the Last Day" units="cm">0</grndsnowlastday>
        <dirmaxgust description="Direction of Maximum Gust" units="10's Deg">26</dirmaxgust>
        <speedmaxgust description="Speed of Maximum Gust" units="km/h">82</speedmaxgust>
    </stationdata>
    <stationdata month="6" year="2009">
        <meanmaxtemp description="Mean Maximum Temperature" units="°C">22.3</meanmaxtemp>
        <meanmintemp description="Mean Minimum Temperature" units="°C">12.7</meanmintemp>
        <meanmonthtemp description="Mean Temperature" units="°C">17.5</meanmonthtemp>
        <extrmaxtemp description="Extreme Maximum Temperature" units="°C">31.4</extrmaxtemp>
        <extrmintemp description="Extreme Minimum Temperature" units="°C">6.8</extrmintemp>
        <totrain description="Total Rain" units="mm">70.2</totrain>
        <totsnow description="Total Snow" units="cm">0.0</totsnow>
        <totprecip description="Total Precipitation" units="mm">70.2</totprecip>
        <grndsnowlastday description="Snow on the Ground on the Last Day" units="cm">0</grndsnowlastday>
        <dirmaxgust description="Direction of Maximum Gust" units="10's Deg">36</dirmaxgust>
        <speedmaxgust description="Speed of Maximum Gust" units="km/h">61</speedmaxgust>
    </stationdata>
    <stationdata month="7" year="2009">
        <meanmaxtemp description="Mean Maximum Temperature" units="°C">24.2</meanmaxtemp>
        <meanmintemp description="Mean Minimum Temperature" units="°C">14.2</meanmintemp>
        <meanmonthtemp description="Mean Temperature" units="°C">19.2</meanmonthtemp>
        <extrmaxtemp description="Extreme Maximum Temperature" units="°C">28.3</extrmaxtemp>
        <extrmintemp description="Extreme Minimum Temperature" units="°C">9.4</extrmintemp>
        <totrain description="Total Rain" units="mm">84.8</totrain>
        <totsnow description="Total Snow" units="cm">0.0</totsnow>
        <totprecip description="Total Precipitation" units="mm">84.8</totprecip>
        <grndsnowlastday description="Snow on the Ground on the Last Day" units="cm">0</grndsnowlastday>
        <dirmaxgust description="Direction of Maximum Gust" units="10's Deg">27</dirmaxgust>
        <speedmaxgust description="Speed of Maximum Gust" units="km/h">70</speedmaxgust>
    </stationdata>
    <stationdata month="8" year="2009">
        <meanmaxtemp description="Mean Maximum Temperature" units="°C">25.5</meanmaxtemp>
        <meanmintemp description="Mean Minimum Temperature" units="°C">15.7</meanmintemp>
        <meanmonthtemp description="Mean Temperature" units="°C">20.6</meanmonthtemp>
        <extrmaxtemp description="Extreme Maximum Temperature" units="°C">31.4</extrmaxtemp>
        <extrmintemp description="Extreme Minimum Temperature" units="°C">10.5</extrmintemp>
        <totrain description="Total Rain" units="mm">144.0</totrain>
        <totsnow description="Total Snow" units="cm">0.0</totsnow>
        <totprecip description="Total Precipitation" units="mm">144.0</totprecip>
        <grndsnowlastday description="Snow on the Ground on the Last Day" units="cm">0</grndsnowlastday>
        <dirmaxgust description="Direction of Maximum Gust" flag="I" units="10's Deg">6</dirmaxgust>
        <speedmaxgust description="Speed of Maximum Gust" flag="I" units="km/h">115</speedmaxgust>
    </stationdata>
    <stationdata month="9" year="2009">
        <meanmaxtemp description="Mean Maximum Temperature" units="°C">21.9</meanmaxtemp>
        <meanmintemp description="Mean Minimum Temperature" units="°C">11.8</meanmintemp>
        <meanmonthtemp description="Mean Temperature" units="°C">16.9</meanmonthtemp>
        <extrmaxtemp description="Extreme Maximum Temperature" units="°C">27.8</extrmaxtemp>
        <extrmintemp description="Extreme Minimum Temperature" units="°C">4.8</extrmintemp>
        <totrain description="Total Rain" units="mm">40.2</totrain>
        <totsnow description="Total Snow" units="cm">0.0</totsnow>
        <totprecip description="Total Precipitation" units="mm">40.2</totprecip>
        <grndsnowlastday description="Snow on the Ground on the Last Day" units="cm">0</grndsnowlastday>
        <dirmaxgust description="Direction of Maximum Gust" flag="I" units="10's Deg">24</dirmaxgust>
        <speedmaxgust description="Speed of Maximum Gust" flag="I" units="km/h">67</speedmaxgust>
    </stationdata>
    <stationdata month="10" year="2009">
        <meanmaxtemp description="Mean Maximum Temperature" units="°C">12.7</meanmaxtemp>
        <meanmintemp description="Mean Minimum Temperature" units="°C">4.7</meanmintemp>
        <meanmonthtemp description="Mean Temperature" units="°C">8.7</meanmonthtemp>
        <extrmaxtemp description="Extreme Maximum Temperature" units="°C">17.6</extrmaxtemp>
        <extrmintemp description="Extreme Minimum Temperature" units="°C">-1.2</extrmintemp>
        <totrain description="Total Rain" units="mm">71.0</totrain>
        <totsnow description="Total Snow" units="cm">0.0</totsnow>
        <totprecip description="Total Precipitation" units="mm">71.0</totprecip>
        <grndsnowlastday description="Snow on the Ground on the Last Day" units="cm">0</grndsnowlastday>
        <dirmaxgust description="Direction of Maximum Gust" flag="I" units="10's Deg">24</dirmaxgust>
        <speedmaxgust description="Speed of Maximum Gust" flag="I" units="km/h">80</speedmaxgust>
    </stationdata>
    <stationdata month="11" year="2009">
        <meanmaxtemp description="Mean Maximum Temperature" units="°C">10.3</meanmaxtemp>
        <meanmintemp description="Mean Minimum Temperature" units="°C">1.6</meanmintemp>
        <meanmonthtemp description="Mean Temperature" units="°C">6.0</meanmonthtemp>
        <extrmaxtemp description="Extreme Maximum Temperature" units="°C">19.1</extrmaxtemp>
        <extrmintemp description="Extreme Minimum Temperature" units="°C">-3.0</extrmintemp>
        <totrain description="Total Rain" units="mm">32.2</totrain>
        <totsnow description="Total Snow" units="cm">0.0</totsnow>
        <totprecip description="Total Precipitation" units="mm">32.2</totprecip>
        <grndsnowlastday description="Snow on the Ground on the Last Day" units="cm">0</grndsnowlastday>
        <dirmaxgust description="Direction of Maximum Gust" flag="I" units="10's Deg">32</dirmaxgust>
        <speedmaxgust description="Speed of Maximum Gust" flag="I" units="km/h">69</speedmaxgust>
    </stationdata>
    <stationdata month="12" year="2009">
        <meanmaxtemp description="Mean Maximum Temperature" units="°C">0.9</meanmaxtemp>
        <meanmintemp description="Mean Minimum Temperature" units="°C">-5.6</meanmintemp>
        <meanmonthtemp description="Mean Temperature" units="°C">-2.4</meanmonthtemp>
        <extrmaxtemp description="Extreme Maximum Temperature" units="°C">10.2</extrmaxtemp>
        <extrmintemp description="Extreme Minimum Temperature" units="°C">-15.7</extrmintemp>
        <totrain description="Total Rain" units="mm">61.0</totrain>
        <totsnow description="Total Snow" units="cm">14.2</totsnow>
        <totprecip description="Total Precipitation" units="mm">80.4</totprecip>
        <grndsnowlastday description="Snow on the Ground on the Last Day" flag="T" units="cm">0</grndsnowlastday>
        <dirmaxgust description="Direction of Maximum Gust" units="10's Deg">23</dirmaxgust>
        <speedmaxgust description="Speed of Maximum Gust" units="km/h">76</speedmaxgust>
    </stationdata>
    <stationdata month="1" year="2010">
        <meanmaxtemp description="Mean Maximum Temperature" units="°C">-1.9</meanmaxtemp>
        <meanmintemp description="Mean Minimum Temperature" units="°C">-8.5</meanmintemp>
        <meanmonthtemp description="Mean Temperature" units="°C">-5.2</meanmonthtemp>
        <extrmaxtemp description="Extreme Maximum Temperature" units="°C">6.7</extrmaxtemp>
        <extrmintemp description="Extreme Minimum Temperature" units="°C">-19.0</extrmintemp>
        <totrain description="Total Rain" units="mm">17.0</totrain>
        <totsnow description="Total Snow" units="cm">10.8</totsnow>
        <totprecip description="Total Precipitation" units="mm">24.4</totprecip>
        <grndsnowlastday description="Snow on the Ground on the Last Day" flag="T" units="cm">0</grndsnowlastday>
        <dirmaxgust description="Direction of Maximum Gust" units="10's Deg">32</dirmaxgust>
        <speedmaxgust description="Speed of Maximum Gust" units="km/h">74</speedmaxgust>
    </stationdata>
    <stationdata month="2" year="2010">
        <meanmaxtemp description="Mean Maximum Temperature" units="°C">0.0</meanmaxtemp>
        <meanmintemp description="Mean Minimum Temperature" units="°C">-6.7</meanmintemp>
        <meanmonthtemp description="Mean Temperature" units="°C">-3.4</meanmonthtemp>
        <extrmaxtemp description="Extreme Maximum Temperature" units="°C">4.9</extrmaxtemp>
        <extrmintemp description="Extreme Minimum Temperature" units="°C">-12.0</extrmintemp>
        <totrain description="Total Rain" flag="T" units="mm">0.0</totrain>
        <totsnow description="Total Snow" units="cm">27.4</totsnow>
        <totprecip description="Total Precipitation" units="mm">24.8</totprecip>
        <grndsnowlastday description="Snow on the Ground on the Last Day" units="cm">4</grndsnowlastday>
        <dirmaxgust description="Direction of Maximum Gust" units="10's Deg">34</dirmaxgust>
        <speedmaxgust description="Speed of Maximum Gust" units="km/h">72</speedmaxgust>
    </stationdata>
    <stationdata month="3" year="2010">
        <meanmaxtemp description="Mean Maximum Temperature" units="°C">9.2</meanmaxtemp>
        <meanmintemp description="Mean Minimum Temperature" units="°C">-0.5</meanmintemp>
        <meanmonthtemp description="Mean Temperature" units="°C">4.4</meanmonthtemp>
        <extrmaxtemp description="Extreme Maximum Temperature" units="°C">19.1</extrmaxtemp>
        <extrmintemp description="Extreme Minimum Temperature" units="°C">-6.7</extrmintemp>
        <totrain description="Total Rain" units="mm">62.6</totrain>
        <totsnow description="Total Snow" flag="T" units="cm">0.0</totsnow>
        <totprecip description="Total Precipitation" units="mm">62.6</totprecip>
        <grndsnowlastday description="Snow on the Ground on the Last Day" units="cm">0</grndsnowlastday>
        <dirmaxgust description="Direction of Maximum Gust" flag="I" units="10's Deg">7</dirmaxgust>
        <speedmaxgust description="Speed of Maximum Gust" flag="I" units="km/h">78</speedmaxgust>
    </stationdata>
    <stationdata month="4" year="2010">
        <meanmaxtemp description="Mean Maximum Temperature" units="°C">16.2</meanmaxtemp>
        <meanmintemp description="Mean Minimum Temperature" units="°C">4.7</meanmintemp>
        <meanmonthtemp description="Mean Temperature" units="°C">10.5</meanmonthtemp>
        <extrmaxtemp description="Extreme Maximum Temperature" units="°C">24.3</extrmaxtemp>
        <extrmintemp description="Extreme Minimum Temperature" units="°C">-0.8</extrmintemp>
        <totrain description="Total Rain" units="mm">36.2</totrain>
        <totsnow description="Total Snow" flag="T" units="cm">0.0</totsnow>
        <totprecip description="Total Precipitation" units="mm">36.2</totprecip>
        <grndsnowlastday description="Snow on the Ground on the Last Day" units="cm">0</grndsnowlastday>
        <dirmaxgust description="Direction of Maximum Gust" units="10's Deg">25</dirmaxgust>
        <speedmaxgust description="Speed of Maximum Gust" units="km/h">72</speedmaxgust>
    </stationdata>
    <stationdata month="5" year="2010">
        <meanmaxtemp description="Mean Maximum Temperature" units="°C">21.5</meanmaxtemp>
        <meanmintemp description="Mean Minimum Temperature" units="°C">10.5</meanmintemp>
        <meanmonthtemp description="Mean Temperature" units="°C">16.0</meanmonthtemp>
        <extrmaxtemp description="Extreme Maximum Temperature" units="°C">31.7</extrmaxtemp>
        <extrmintemp description="Extreme Minimum Temperature" units="°C">0.7</extrmintemp>
        <totrain description="Total Rain" units="mm">51.0</totrain>
        <totsnow description="Total Snow" flag="T" units="cm">0.0</totsnow>
        <totprecip description="Total Precipitation" units="mm">51.0</totprecip>
        <grndsnowlastday description="Snow on the Ground on the Last Day" units="cm">0</grndsnowlastday>
        <dirmaxgust description="Direction of Maximum Gust" units="10's Deg">30</dirmaxgust>
        <speedmaxgust description="Speed of Maximum Gust" units="km/h">85</speedmaxgust>
    </stationdata>
    <stationdata month="6" year="2010">
        <meanmaxtemp description="Mean Maximum Temperature" units="°C">23.8</meanmaxtemp>
        <meanmintemp description="Mean Minimum Temperature" units="°C">14.6</meanmintemp>
        <meanmonthtemp description="Mean Temperature" units="°C">19.2</meanmonthtemp>
        <extrmaxtemp description="Extreme Maximum Temperature" units="°C">29.9</extrmaxtemp>
        <extrmintemp description="Extreme Minimum Temperature" units="°C">7.5</extrmintemp>
        <totrain description="Total Rain" units="mm">191.6</totrain>
        <totsnow description="Total Snow" units="cm">0.0</totsnow>
        <totprecip description="Total Precipitation" units="mm">191.6</totprecip>
        <grndsnowlastday description="Snow on the Ground on the Last Day" units="cm">0</grndsnowlastday>
        <dirmaxgust description="Direction of Maximum Gust" units="10's Deg">28</dirmaxgust>
        <speedmaxgust description="Speed of Maximum Gust" units="km/h">65</speedmaxgust>
    </stationdata>
    <stationdata month="7" year="2010">
        <meanmaxtemp description="Mean Maximum Temperature" units="°C">28.5</meanmaxtemp>
        <meanmintemp description="Mean Minimum Temperature" units="°C">18.0</meanmintemp>
        <meanmonthtemp description="Mean Temperature" units="°C">23.3</meanmonthtemp>
        <extrmaxtemp description="Extreme Maximum Temperature" units="°C">34.1</extrmaxtemp>
        <extrmintemp description="Extreme Minimum Temperature" units="°C">10.4</extrmintemp>
        <totrain description="Total Rain" units="mm">89.6</totrain>
        <totsnow description="Total Snow" units="cm">0.0</totsnow>
        <totprecip description="Total Precipitation" units="mm">89.6</totprecip>
        <grndsnowlastday description="Snow on the Ground on the Last Day" units="cm">0</grndsnowlastday>
        <dirmaxgust description="Direction of Maximum Gust" units="10's Deg">26</dirmaxgust>
        <speedmaxgust description="Speed of Maximum Gust" units="km/h">63</speedmaxgust>
    </stationdata>
    <stationdata month="8" year="2010">
        <meanmaxtemp description="Mean Maximum Temperature" units="°C">27.4</meanmaxtemp>
        <meanmintemp description="Mean Minimum Temperature" units="°C">17.4</meanmintemp>
        <meanmonthtemp description="Mean Temperature" units="°C">22.4</meanmonthtemp>
        <extrmaxtemp description="Extreme Maximum Temperature" units="°C">34.5</extrmaxtemp>
        <extrmintemp description="Extreme Minimum Temperature" units="°C">9.7</extrmintemp>
        <totrain description="Total Rain" units="mm">58.6</totrain>
        <totsnow description="Total Snow" units="cm">0.0</totsnow>
        <totprecip description="Total Precipitation" units="mm">58.6</totprecip>
        <grndsnowlastday description="Snow on the Ground on the Last Day" units="cm">0</grndsnowlastday>
        <dirmaxgust description="Direction of Maximum Gust" units="10's Deg">34</dirmaxgust>
        <speedmaxgust description="Speed of Maximum Gust" units="km/h">63</speedmaxgust>
    </stationdata>
    <stationdata month="9" year="2010">
        <meanmaxtemp description="Mean Maximum Temperature" units="°C">21.2</meanmaxtemp>
        <meanmintemp description="Mean Minimum Temperature" units="°C">11.6</meanmintemp>
        <meanmonthtemp description="Mean Temperature" units="°C">16.4</meanmonthtemp>
        <extrmaxtemp description="Extreme Maximum Temperature" units="°C">32.7</extrmaxtemp>
        <extrmintemp description="Extreme Minimum Temperature" units="°C">6.3</extrmintemp>
        <totrain description="Total Rain" units="mm">88.2</totrain>
        <totsnow description="Total Snow" units="cm">0.0</totsnow>
        <totprecip description="Total Precipitation" units="mm">88.2</totprecip>
        <grndsnowlastday description="Snow on the Ground on the Last Day" units="cm">0</grndsnowlastday>
        <dirmaxgust description="Direction of Maximum Gust" units="10's Deg">30</dirmaxgust>
        <speedmaxgust description="Speed of Maximum Gust" units="km/h">106</speedmaxgust>
    </stationdata>
    <stationdata month="10" year="2010">
        <meanmaxtemp description="Mean Maximum Temperature" units="°C">14.9</meanmaxtemp>
        <meanmintemp description="Mean Minimum Temperature" units="°C">5.5</meanmintemp>
        <meanmonthtemp description="Mean Temperature" units="°C">10.2</meanmonthtemp>
        <extrmaxtemp description="Extreme Maximum Temperature" units="°C">23.6</extrmaxtemp>
        <extrmintemp description="Extreme Minimum Temperature" units="°C">-1.2</extrmintemp>
        <totrain description="Total Rain" units="mm">56.8</totrain>
        <totsnow description="Total Snow" units="cm">0.4</totsnow>
        <totprecip description="Total Precipitation" units="mm">57.2</totprecip>
        <grndsnowlastday description="Snow on the Ground on the Last Day" units="cm">0</grndsnowlastday>
        <dirmaxgust description="Direction of Maximum Gust" units="10's Deg">25</dirmaxgust>
        <speedmaxgust description="Speed of Maximum Gust" units="km/h">70</speedmaxgust>
    </stationdata>
    <stationdata month="11" year="2010">
        <meanmaxtemp description="Mean Maximum Temperature" units="°C">9.0</meanmaxtemp>
        <meanmintemp description="Mean Minimum Temperature" units="°C">0.0</meanmintemp>
        <meanmonthtemp description="Mean Temperature" units="°C">4.5</meanmonthtemp>
        <extrmaxtemp description="Extreme Maximum Temperature" units="°C">16.5</extrmaxtemp>
        <extrmintemp description="Extreme Minimum Temperature" units="°C">-4.0</extrmintemp>
        <totrain description="Total Rain" units="mm">66.2</totrain>
        <totsnow description="Total Snow" flag="T" units="cm">0.0</totsnow>
        <totprecip description="Total Precipitation" units="mm">66.2</totprecip>
        <grndsnowlastday description="Snow on the Ground on the Last Day" units="cm">0</grndsnowlastday>
        <dirmaxgust description="Direction of Maximum Gust" units="10's Deg">31</dirmaxgust>
        <speedmaxgust description="Speed of Maximum Gust" units="km/h">76</speedmaxgust>
    </stationdata>
    <stationdata month="12" year="2010">
        <meanmaxtemp description="Mean Maximum Temperature" units="°C">-0.8</meanmaxtemp>
        <meanmintemp description="Mean Minimum Temperature" units="°C">-6.7</meanmintemp>
        <meanmonthtemp description="Mean Temperature" units="°C">-3.8</meanmonthtemp>
        <extrmaxtemp description="Extreme Maximum Temperature" units="°C">10.0</extrmaxtemp>
        <extrmintemp description="Extreme Minimum Temperature" units="°C">-13.9</extrmintemp>
        <totrain description="Total Rain" units="mm">30.2</totrain>
        <totsnow description="Total Snow" units="cm">7.0</totsnow>
        <totprecip description="Total Precipitation" units="mm">36.8</totprecip>
        <grndsnowlastday description="Snow on the Ground on the Last Day" units="cm">0</grndsnowlastday>
        <dirmaxgust description="Direction of Maximum Gust" units="10's Deg">34</dirmaxgust>
        <speedmaxgust description="Speed of Maximum Gust" units="km/h">72</speedmaxgust>
    </stationdata>
    <stationdata month="1" year="2011">
        <meanmaxtemp description="Mean Maximum Temperature" units="°C">-3.2</meanmaxtemp>
        <meanmintemp description="Mean Minimum Temperature" units="°C">-10.8</meanmintemp>
        <meanmonthtemp description="Mean Temperature" units="°C">-7.0</meanmonthtemp>
        <extrmaxtemp description="Extreme Maximum Temperature" units="°C">12.0</extrmaxtemp>
        <extrmintemp description="Extreme Minimum Temperature" units="°C">-21.2</extrmintemp>
        <totrain description="Total Rain" units="mm">11.4</totrain>
        <totsnow description="Total Snow" units="cm">43.8</totsnow>
        <totprecip description="Total Precipitation" units="mm">42.0</totprecip>
        <grndsnowlastday description="Snow on the Ground on the Last Day" units="cm">7</grndsnowlastday>
        <dirmaxgust description="Direction of Maximum Gust" units="10's Deg">31</dirmaxgust>
        <speedmaxgust description="Speed of Maximum Gust" units="km/h">65</speedmaxgust>
    </stationdata>
    <stationdata month="2" year="2011">
        <meanmaxtemp description="Mean Maximum Temperature" units="°C">-0.9</meanmaxtemp>
        <meanmintemp description="Mean Minimum Temperature" units="°C">-9.8</meanmintemp>
        <meanmonthtemp description="Mean Temperature" units="°C">-5.4</meanmonthtemp>
        <extrmaxtemp description="Extreme Maximum Temperature" units="°C">11.3</extrmaxtemp>
        <extrmintemp description="Extreme Minimum Temperature" units="°C">-18.0</extrmintemp>
        <totrain description="Total Rain" units="mm">13.9</totrain>
        <totsnow description="Total Snow" units="cm">45.0</totsnow>
        <totprecip description="Total Precipitation" units="mm">47.0</totprecip>
        <grndsnowlastday description="Snow on the Ground on the Last Day" flag="T" units="cm">0</grndsnowlastday>
        <dirmaxgust description="Direction of Maximum Gust" units="10's Deg">27</dirmaxgust>
        <speedmaxgust description="Speed of Maximum Gust" units="km/h">96</speedmaxgust>
    </stationdata>
    <stationdata month="3" year="2011">
        <meanmaxtemp description="Mean Maximum Temperature" units="°C">3.7</meanmaxtemp>
        <meanmintemp description="Mean Minimum Temperature" units="°C">-4.7</meanmintemp>
        <meanmonthtemp description="Mean Temperature" units="°C">-0.5</meanmonthtemp>
        <extrmaxtemp description="Extreme Maximum Temperature" units="°C">15.5</extrmaxtemp>
        <extrmintemp description="Extreme Minimum Temperature" units="°C">-12.3</extrmintemp>
        <totrain description="Total Rain" units="mm">62.8</totrain>
        <totsnow description="Total Snow" units="cm">29.4</totsnow>
        <totprecip description="Total Precipitation" units="mm">91.4</totprecip>
        <grndsnowlastday description="Snow on the Ground on the Last Day" flag="T" units="cm">0</grndsnowlastday>
        <dirmaxgust description="Direction of Maximum Gust" units="10's Deg">31</dirmaxgust>
        <speedmaxgust description="Speed of Maximum Gust" units="km/h">80</speedmaxgust>
    </stationdata>
    <stationdata month="4" year="2011">
        <meanmaxtemp description="Mean Maximum Temperature" units="°C">11.8</meanmaxtemp>
        <meanmintemp description="Mean Minimum Temperature" units="°C">2.0</meanmintemp>
        <meanmonthtemp description="Mean Temperature" units="°C">6.9</meanmonthtemp>
        <extrmaxtemp description="Extreme Maximum Temperature" units="°C">23.0</extrmaxtemp>
        <extrmintemp description="Extreme Minimum Temperature" flag="S" units="°C">-1.7</extrmintemp>
        <totrain description="Total Rain" units="mm">93.4</totrain>
        <totsnow description="Total Snow" units="cm">3.2</totsnow>
        <totprecip description="Total Precipitation" units="mm">96.6</totprecip>
        <grndsnowlastday description="Snow on the Ground on the Last Day" units="cm">0</grndsnowlastday>
        <dirmaxgust description="Direction of Maximum Gust" units="10's Deg">25</dirmaxgust>
        <speedmaxgust description="Speed of Maximum Gust" units="km/h">95</speedmaxgust>
    </stationdata>
    <stationdata month="5" year="2011">
        <meanmaxtemp description="Mean Maximum Temperature" units="°C">18.5</meanmaxtemp>
        <meanmintemp description="Mean Minimum Temperature" units="°C">9.7</meanmintemp>
        <meanmonthtemp description="Mean Temperature" units="°C">14.1</meanmonthtemp>
        <extrmaxtemp description="Extreme Maximum Temperature" units="°C">30.4</extrmaxtemp>
        <extrmintemp description="Extreme Minimum Temperature" units="°C">2.8</extrmintemp>
        <totrain description="Total Rain" units="mm">142.0</totrain>
        <totsnow description="Total Snow" units="cm">0.0</totsnow>
        <totprecip description="Total Precipitation" units="mm">142.0</totprecip>
        <grndsnowlastday description="Snow on the Ground on the Last Day" units="cm">0</grndsnowlastday>
        <dirmaxgust description="Direction of Maximum Gust" units="10's Deg">27</dirmaxgust>
        <speedmaxgust description="Speed of Maximum Gust" units="km/h">65</speedmaxgust>
    </stationdata>
    <stationdata month="6" year="2011">
        <meanmaxtemp description="Mean Maximum Temperature" units="°C">24.2</meanmaxtemp>
        <meanmintemp description="Mean Minimum Temperature" units="°C">14.0</meanmintemp>
        <meanmonthtemp description="Mean Temperature" units="°C">19.1</meanmonthtemp>
        <extrmaxtemp description="Extreme Maximum Temperature" units="°C">33.4</extrmaxtemp>
        <extrmintemp description="Extreme Minimum Temperature" units="°C">8.9</extrmintemp>
        <totrain description="Total Rain" units="mm">59.0</totrain>
        <totsnow description="Total Snow" units="cm">0.0</totsnow>
        <totprecip description="Total Precipitation" units="mm">59.0</totprecip>
        <grndsnowlastday description="Snow on the Ground on the Last Day" units="cm">0</grndsnowlastday>
        <dirmaxgust description="Direction of Maximum Gust" flag="I" units="10's Deg">27</dirmaxgust>
        <speedmaxgust description="Speed of Maximum Gust" flag="I" units="km/h">72</speedmaxgust>
    </stationdata>
    <stationdata month="7" year="2011">
        <meanmaxtemp description="Mean Maximum Temperature" units="°C">30.1</meanmaxtemp>
        <meanmintemp description="Mean Minimum Temperature" units="°C">18.6</meanmintemp>
        <meanmonthtemp description="Mean Temperature" units="°C">24.4</meanmonthtemp>
        <extrmaxtemp description="Extreme Maximum Temperature" units="°C">37.9</extrmaxtemp>
        <extrmintemp description="Extreme Minimum Temperature" units="°C">12.5</extrmintemp>
        <totrain description="Total Rain" units="mm">32.4</totrain>
        <totsnow description="Total Snow" units="cm">0.0</totsnow>
        <totprecip description="Total Precipitation" units="mm">32.4</totprecip>
        <grndsnowlastday description="Snow on the Ground on the Last Day" units="cm">0</grndsnowlastday>
        <dirmaxgust description="Direction of Maximum Gust" flag="S" units="10's Deg">29</dirmaxgust>
        <speedmaxgust description="Speed of Maximum Gust" flag="S" units="km/h">59</speedmaxgust>
    </stationdata>
    <stationdata month="8" year="2011">
        <meanmaxtemp description="Mean Maximum Temperature" units="°C">27.2</meanmaxtemp>
        <meanmintemp description="Mean Minimum Temperature" units="°C">16.6</meanmintemp>
        <meanmonthtemp description="Mean Temperature" units="°C">21.9</meanmonthtemp>
        <extrmaxtemp description="Extreme Maximum Temperature" units="°C">32.3</extrmaxtemp>
        <extrmintemp description="Extreme Minimum Temperature" units="°C">11.4</extrmintemp>
        <totrain description="Total Rain" units="mm">72.2</totrain>
        <totsnow description="Total Snow" units="cm">0.0</totsnow>
        <totprecip description="Total Precipitation" units="mm">72.2</totprecip>
        <grndsnowlastday description="Snow on the Ground on the Last Day" units="cm">0</grndsnowlastday>
        <dirmaxgust description="Direction of Maximum Gust" units="10's Deg">33</dirmaxgust>
        <speedmaxgust description="Speed of Maximum Gust" units="km/h">59</speedmaxgust>
    </stationdata>
    <stationdata month="9" year="2011">
        <meanmaxtemp description="Mean Maximum Temperature" units="°C">22.2</meanmaxtemp>
        <meanmintemp description="Mean Minimum Temperature" units="°C">13.1</meanmintemp>
        <meanmonthtemp description="Mean Temperature" units="°C">17.7</meanmonthtemp>
        <extrmaxtemp description="Extreme Maximum Temperature" units="°C">30.6</extrmaxtemp>
        <extrmintemp description="Extreme Minimum Temperature" units="°C">5.7</extrmintemp>
        <totrain description="Total Rain" units="mm">85.0</totrain>
        <totsnow description="Total Snow" units="cm">0.0</totsnow>
        <totprecip description="Total Precipitation" units="mm">85.0</totprecip>
        <grndsnowlastday description="Snow on the Ground on the Last Day" units="cm">0</grndsnowlastday>
        <dirmaxgust description="Direction of Maximum Gust" units="10's Deg">34</dirmaxgust>
        <speedmaxgust description="Speed of Maximum Gust" units="km/h">82</speedmaxgust>
    </stationdata>
    <stationdata month="10" year="2011">
        <meanmaxtemp description="Mean Maximum Temperature" units="°C">14.7</meanmaxtemp>
        <meanmintemp description="Mean Minimum Temperature" units="°C">6.2</meanmintemp>
        <meanmonthtemp description="Mean Temperature" units="°C">10.5</meanmonthtemp>
        <extrmaxtemp description="Extreme Maximum Temperature" units="°C">27.5</extrmaxtemp>
        <extrmintemp description="Extreme Minimum Temperature" units="°C">-2.0</extrmintemp>
        <totrain description="Total Rain" units="mm">119.2</totrain>
        <totsnow description="Total Snow" units="cm">0.0</totsnow>
        <totprecip description="Total Precipitation" units="mm">119.2</totprecip>
        <grndsnowlastday description="Snow on the Ground on the Last Day" units="cm">0</grndsnowlastday>
        <dirmaxgust description="Direction of Maximum Gust" units="10's Deg">26</dirmaxgust>
        <speedmaxgust description="Speed of Maximum Gust" units="km/h">69</speedmaxgust>
    </stationdata>
    <stationdata month="11" year="2011">
        <meanmaxtemp description="Mean Maximum Temperature" units="°C">10.8</meanmaxtemp>
        <meanmintemp description="Mean Minimum Temperature" units="°C">2.4</meanmintemp>
        <meanmonthtemp description="Mean Temperature" units="°C">6.6</meanmonthtemp>
        <extrmaxtemp description="Extreme Maximum Temperature" units="°C">18.8</extrmaxtemp>
        <extrmintemp description="Extreme Minimum Temperature" units="°C">-3.6</extrmintemp>
        <totrain description="Total Rain" units="mm">96.4</totrain>
        <totsnow description="Total Snow" units="cm">1.6</totsnow>
        <totprecip description="Total Precipitation" units="mm">98.0</totprecip>
        <grndsnowlastday description="Snow on the Ground on the Last Day" units="cm">0</grndsnowlastday>
        <dirmaxgust description="Direction of Maximum Gust" units="10's Deg">23</dirmaxgust>
        <speedmaxgust description="Speed of Maximum Gust" units="km/h">70</speedmaxgust>
    </stationdata>
    <stationdata month="12" year="2011">
        <meanmaxtemp description="Mean Maximum Temperature" units="°C">4.4</meanmaxtemp>
        <meanmintemp description="Mean Minimum Temperature" units="°C">-2.8</meanmintemp>
        <meanmonthtemp description="Mean Temperature" units="°C">0.8</meanmonthtemp>
        <extrmaxtemp description="Extreme Maximum Temperature" units="°C">13.8</extrmaxtemp>
        <extrmintemp description="Extreme Minimum Temperature" units="°C">-12.4</extrmintemp>
        <totrain description="Total Rain" units="mm">43.6</totrain>
        <totsnow description="Total Snow" units="cm">8.2</totsnow>
        <totprecip description="Total Precipitation" units="mm">52.0</totprecip>
        <grndsnowlastday description="Snow on the Ground on the Last Day" units="cm">1</grndsnowlastday>
        <dirmaxgust description="Direction of Maximum Gust" units="10's Deg">27</dirmaxgust>
        <speedmaxgust description="Speed of Maximum Gust" units="km/h">69</speedmaxgust>
    </stationdata>
    <stationdata month="1" year="2012">
        <meanmaxtemp description="Mean Maximum Temperature" units="°C">1.9</meanmaxtemp>
        <meanmintemp description="Mean Minimum Temperature" units="°C">-5.3</meanmintemp>
        <meanmonthtemp description="Mean Temperature" units="°C">-1.7</meanmonthtemp>
        <extrmaxtemp description="Extreme Maximum Temperature" units="°C">10.7</extrmaxtemp>
        <extrmintemp description="Extreme Minimum Temperature" units="°C">-16.5</extrmintemp>
        <totrain description="Total Rain" units="mm">37.6</totrain>
        <totsnow description="Total Snow" units="cm">16.2</totsnow>
        <totprecip description="Total Precipitation" units="mm">54.2</totprecip>
        <grndsnowlastday description="Snow on the Ground on the Last Day" units="cm">4</grndsnowlastday>
        <dirmaxgust description="Direction of Maximum Gust" flag="S" units="10's Deg">27</dirmaxgust>
        <speedmaxgust description="Speed of Maximum Gust" flag="S" units="km/h">74</speedmaxgust>
    </stationdata>
    <stationdata month="2" year="2012">
        <meanmaxtemp description="Mean Maximum Temperature" units="°C">3.1</meanmaxtemp>
        <meanmintemp description="Mean Minimum Temperature" units="°C">-3.7</meanmintemp>
        <meanmonthtemp description="Mean Temperature" units="°C">-0.3</meanmonthtemp>
        <extrmaxtemp description="Extreme Maximum Temperature" units="°C">9.7</extrmaxtemp>
        <extrmintemp description="Extreme Minimum Temperature" units="°C">-13.9</extrmintemp>
        <totrain description="Total Rain" units="mm">14.2</totrain>
        <totsnow description="Total Snow" units="cm">12.6</totsnow>
        <totprecip description="Total Precipitation" units="mm">26.6</totprecip>
        <grndsnowlastday description="Snow on the Ground on the Last Day" units="cm">0</grndsnowlastday>
        <dirmaxgust description="Direction of Maximum Gust" units="10's Deg">28</dirmaxgust>
        <speedmaxgust description="Speed of Maximum Gust" units="km/h">65</speedmaxgust>
    </stationdata>
    <stationdata month="3" year="2012">
        <meanmaxtemp description="Mean Maximum Temperature" units="°C">12.4</meanmaxtemp>
        <meanmintemp description="Mean Minimum Temperature" units="°C">1.0</meanmintemp>
        <meanmonthtemp description="Mean Temperature" units="°C">6.7</meanmonthtemp>
        <extrmaxtemp description="Extreme Maximum Temperature" units="°C">26.0</extrmaxtemp>
        <extrmintemp description="Extreme Minimum Temperature" units="°C">-14.2</extrmintemp>
        <totrain description="Total Rain" units="mm">15.6</totrain>
        <totsnow description="Total Snow" units="cm">2.4</totsnow>
        <totprecip description="Total Precipitation" units="mm">18.0</totprecip>
        <grndsnowlastday description="Snow on the Ground on the Last Day" flag="T" units="cm">0</grndsnowlastday>
        <dirmaxgust description="Direction of Maximum Gust" flag="I" units="10's Deg">24</dirmaxgust>
        <speedmaxgust description="Speed of Maximum Gust" flag="I" units="km/h">70</speedmaxgust>
    </stationdata>
    <stationdata month="4" year="2012">
        <meanmaxtemp description="Mean Maximum Temperature" units="°C">12.8</meanmaxtemp>
        <meanmintemp description="Mean Minimum Temperature" units="°C">1.7</meanmintemp>
        <meanmonthtemp description="Mean Temperature" units="°C">7.3</meanmonthtemp>
        <extrmaxtemp description="Extreme Maximum Temperature" units="°C">26.7</extrmaxtemp>
        <extrmintemp description="Extreme Minimum Temperature" units="°C">-2.4</extrmintemp>
        <totrain description="Total Rain" units="mm">41.8</totrain>
        <totsnow description="Total Snow" units="cm">1.8</totsnow>
        <totprecip description="Total Precipitation" units="mm">43.6</totprecip>
        <grndsnowlastday description="Snow on the Ground on the Last Day" units="cm">0</grndsnowlastday>
        <dirmaxgust description="Direction of Maximum Gust" units="10's Deg">23</dirmaxgust>
        <speedmaxgust description="Speed of Maximum Gust" units="km/h">80</speedmaxgust>
    </stationdata>
    <stationdata month="5" year="2012">
        <meanmaxtemp description="Mean Maximum Temperature" units="°C">22.1</meanmaxtemp>
        <meanmintemp description="Mean Minimum Temperature" units="°C">11.0</meanmintemp>
        <meanmonthtemp description="Mean Temperature" units="°C">16.6</meanmonthtemp>
        <extrmaxtemp description="Extreme Maximum Temperature" units="°C">32.2</extrmaxtemp>
        <extrmintemp description="Extreme Minimum Temperature" units="°C">3.5</extrmintemp>
        <totrain description="Total Rain" units="mm">44.4</totrain>
        <totsnow description="Total Snow" units="cm">0.0</totsnow>
        <totprecip description="Total Precipitation" units="mm">44.4</totprecip>
        <grndsnowlastday description="Snow on the Ground on the Last Day" units="cm">0</grndsnowlastday>
        <dirmaxgust description="Direction of Maximum Gust" units="10's Deg">24</dirmaxgust>
        <speedmaxgust description="Speed of Maximum Gust" units="km/h">54</speedmaxgust>
    </stationdata>
    <stationdata month="6" year="2012">
        <meanmaxtemp description="Mean Maximum Temperature" units="°C">26.1</meanmaxtemp>
        <meanmintemp description="Mean Minimum Temperature" units="°C">15.1</meanmintemp>
        <meanmonthtemp description="Mean Temperature" units="°C">20.6</meanmonthtemp>
        <extrmaxtemp description="Extreme Maximum Temperature" units="°C">34.6</extrmaxtemp>
        <extrmintemp description="Extreme Minimum Temperature" units="°C">8.9</extrmintemp>
        <totrain description="Total Rain" units="mm">76.4</totrain>
        <totsnow description="Total Snow" units="cm">0.0</totsnow>
        <totprecip description="Total Precipitation" units="mm">76.4</totprecip>
        <grndsnowlastday description="Snow on the Ground on the Last Day" units="cm">0</grndsnowlastday>
        <dirmaxgust description="Direction of Maximum Gust" units="10's Deg">30</dirmaxgust>
        <speedmaxgust description="Speed of Maximum Gust" units="km/h">72</speedmaxgust>
    </stationdata>
    <stationdata month="7" year="2012">
        <meanmaxtemp description="Mean Maximum Temperature" units="°C">30.0</meanmaxtemp>
        <meanmintemp description="Mean Minimum Temperature" units="°C">18.6</meanmintemp>
        <meanmonthtemp description="Mean Temperature" units="°C">24.3</meanmonthtemp>
        <extrmaxtemp description="Extreme Maximum Temperature" units="°C">36.8</extrmaxtemp>
        <extrmintemp description="Extreme Minimum Temperature" units="°C">14.3</extrmintemp>
        <totrain description="Total Rain" units="mm">100.0</totrain>
        <totsnow description="Total Snow" units="cm">0.0</totsnow>
        <totprecip description="Total Precipitation" units="mm">100.0</totprecip>
        <grndsnowlastday description="Snow on the Ground on the Last Day" units="cm">0</grndsnowlastday>
        <dirmaxgust description="Direction of Maximum Gust" units="10's Deg">32</dirmaxgust>
        <speedmaxgust description="Speed of Maximum Gust" units="km/h">65</speedmaxgust>
    </stationdata>
    <stationdata month="8" year="2012">
        <meanmaxtemp description="Mean Maximum Temperature" units="°C">26.9</meanmaxtemp>
        <meanmintemp description="Mean Minimum Temperature" units="°C">16.2</meanmintemp>
        <meanmonthtemp description="Mean Temperature" units="°C">21.6</meanmonthtemp>
        <extrmaxtemp description="Extreme Maximum Temperature" units="°C">33.1</extrmaxtemp>
        <extrmintemp description="Extreme Minimum Temperature" units="°C">10.5</extrmintemp>
        <totrain description="Total Rain" units="mm">52.4</totrain>
        <totsnow description="Total Snow" units="cm">0.0</totsnow>
        <totprecip description="Total Precipitation" units="mm">52.4</totprecip>
        <grndsnowlastday description="Snow on the Ground on the Last Day" units="cm">0</grndsnowlastday>
        <dirmaxgust description="Direction of Maximum Gust" units="10's Deg">23</dirmaxgust>
        <speedmaxgust description="Speed of Maximum Gust" units="km/h">50</speedmaxgust>
    </stationdata>
    <stationdata month="9" year="2012">
        <meanmaxtemp description="Mean Maximum Temperature" units="°C">21.5</meanmaxtemp>
        <meanmintemp description="Mean Minimum Temperature" units="°C">11.2</meanmintemp>
        <meanmonthtemp description="Mean Temperature" units="°C">16.4</meanmonthtemp>
        <extrmaxtemp description="Extreme Maximum Temperature" units="°C">29.2</extrmaxtemp>
        <extrmintemp description="Extreme Minimum Temperature" units="°C">3.8</extrmintemp>
        <totrain description="Total Rain" units="mm">121.0</totrain>
        <totsnow description="Total Snow" units="cm">0.0</totsnow>
        <totprecip description="Total Precipitation" units="mm">121.0</totprecip>
        <grndsnowlastday description="Snow on the Ground on the Last Day" units="cm">0</grndsnowlastday>
        <dirmaxgust description="Direction of Maximum Gust" units="10's Deg">30</dirmaxgust>
        <speedmaxgust description="Speed of Maximum Gust" units="km/h">54</speedmaxgust>
    </stationdata>
    <stationdata month="10" year="2012">
        <meanmaxtemp description="Mean Maximum Temperature" units="°C">14.2</meanmaxtemp>
        <meanmintemp description="Mean Minimum Temperature" units="°C">6.2</meanmintemp>
        <meanmonthtemp description="Mean Temperature" units="°C">10.2</meanmonthtemp>
        <extrmaxtemp description="Extreme Maximum Temperature" units="°C">24.0</extrmaxtemp>
        <extrmintemp description="Extreme Minimum Temperature" units="°C">-2.5</extrmintemp>
        <totrain description="Total Rain" units="mm">126.4</totrain>
        <totsnow description="Total Snow" units="cm">0.0</totsnow>
        <totprecip description="Total Precipitation" units="mm">126.4</totprecip>
        <grndsnowlastday description="Snow on the Ground on the Last Day" units="cm">0</grndsnowlastday>
        <dirmaxgust description="Direction of Maximum Gust" units="10's Deg">36</dirmaxgust>
        <speedmaxgust description="Speed of Maximum Gust" units="km/h">80</speedmaxgust>
    </stationdata>
    <stationdata month="11" year="2012">
        <meanmaxtemp description="Mean Maximum Temperature" units="°C">7.4</meanmaxtemp>
        <meanmintemp description="Mean Minimum Temperature" units="°C">-0.4</meanmintemp>
        <meanmonthtemp description="Mean Temperature" units="°C">3.5</meanmonthtemp>
        <extrmaxtemp description="Extreme Maximum Temperature" units="°C">19.7</extrmaxtemp>
        <extrmintemp description="Extreme Minimum Temperature" units="°C">-5.7</extrmintemp>
        <totrain description="Total Rain" units="mm">10.2</totrain>
        <totsnow description="Total Snow" flag="T" units="cm">0.0</totsnow>
        <totprecip description="Total Precipitation" units="mm">10.2</totprecip>
        <grndsnowlastday description="Snow on the Ground on the Last Day" units="cm">0</grndsnowlastday>
        <dirmaxgust description="Direction of Maximum Gust" flag="I" units="10's Deg">26</dirmaxgust>
        <speedmaxgust description="Speed of Maximum Gust" flag="I" units="km/h">61</speedmaxgust>
    </stationdata>
    <stationdata month="12" year="2012">
        <meanmaxtemp description="Mean Maximum Temperature" units="°C">4.1</meanmaxtemp>
        <meanmintemp description="Mean Minimum Temperature" units="°C">-2.5</meanmintemp>
        <meanmonthtemp description="Mean Temperature" units="°C">0.8</meanmonthtemp>
        <extrmaxtemp description="Extreme Maximum Temperature" units="°C">16.7</extrmaxtemp>
        <extrmintemp description="Extreme Minimum Temperature" units="°C">-7.5</extrmintemp>
        <totrain description="Total Rain" units="mm">43.2</totrain>
        <totsnow description="Total Snow" units="cm">16.2</totsnow>
        <totprecip description="Total Precipitation" units="mm">58.4</totprecip>
        <grndsnowlastday description="Snow on the Ground on the Last Day" units="cm">7</grndsnowlastday>
        <dirmaxgust description="Direction of Maximum Gust" flag="S" units="10's Deg">33</dirmaxgust>
        <speedmaxgust description="Speed of Maximum Gust" flag="S" units="km/h">67</speedmaxgust>
    </stationdata>
    <stationdata month="1" year="2013">
        <meanmaxtemp description="Mean Maximum Temperature" units="°C">1.8</meanmaxtemp>
        <meanmintemp description="Mean Minimum Temperature" units="°C">-6.1</meanmintemp>
        <meanmonthtemp description="Mean Temperature" units="°C">-2.1</meanmonthtemp>
        <extrmaxtemp description="Extreme Maximum Temperature" units="°C">15.0</extrmaxtemp>
        <extrmintemp description="Extreme Minimum Temperature" units="°C">-20.9</extrmintemp>
        <totrain description="Total Rain" units="mm">54.2</totrain>
        <totsnow description="Total Snow" units="cm">14.4</totsnow>
        <totprecip description="Total Precipitation" units="mm">66.4</totprecip>
        <grndsnowlastday description="Snow on the Ground on the Last Day" flag="T" units="cm">0</grndsnowlastday>
        <dirmaxgust description="Direction of Maximum Gust" units="10's Deg">27</dirmaxgust>
        <speedmaxgust description="Speed of Maximum Gust" units="km/h">78</speedmaxgust>
    </stationdata>
    <stationdata month="2" year="2013">
        <meanmaxtemp description="Mean Maximum Temperature" units="°C">-1.0</meanmaxtemp>
        <meanmintemp description="Mean Minimum Temperature" units="°C">-8.1</meanmintemp>
        <meanmonthtemp description="Mean Temperature" units="°C">-4.6</meanmonthtemp>
        <extrmaxtemp description="Extreme Maximum Temperature" units="°C">6.7</extrmaxtemp>
        <extrmintemp description="Extreme Minimum Temperature" units="°C">-18.0</extrmintemp>
        <totrain description="Total Rain" units="mm">23.9</totrain>
        <totsnow description="Total Snow" units="cm">65.3</totsnow>
        <totprecip description="Total Precipitation" units="mm">92.0</totprecip>
        <grndsnowlastday description="Snow on the Ground on the Last Day" units="cm">14</grndsnowlastday>
        <dirmaxgust description="Direction of Maximum Gust" units="10's Deg">25</dirmaxgust>
        <speedmaxgust description="Speed of Maximum Gust" units="km/h">67</speedmaxgust>
    </stationdata>
    <stationdata month="3" year="2013">
        <meanmaxtemp description="Mean Maximum Temperature" units="°C">3.9</meanmaxtemp>
        <meanmintemp description="Mean Minimum Temperature" units="°C">-3.7</meanmintemp>
        <meanmonthtemp description="Mean Temperature" units="°C">0.1</meanmonthtemp>
        <extrmaxtemp description="Extreme Maximum Temperature" units="°C">13.7</extrmaxtemp>
        <extrmintemp description="Extreme Minimum Temperature" units="°C">-9.7</extrmintemp>
        <totrain description="Total Rain" units="mm">13.8</totrain>
        <totsnow description="Total Snow" units="cm">8.2</totsnow>
        <totprecip description="Total Precipitation" units="mm">21.6</totprecip>
        <grndsnowlastday description="Snow on the Ground on the Last Day" units="cm">0</grndsnowlastday>
        <dirmaxgust description="Direction of Maximum Gust" flag="I" units="10's Deg">30</dirmaxgust>
        <speedmaxgust description="Speed of Maximum Gust" flag="I" units="km/h">56</speedmaxgust>
    </stationdata>
    <stationdata month="4" year="2013">
        <meanmaxtemp description="Mean Maximum Temperature" units="°C">11.0</meanmaxtemp>
        <meanmintemp description="Mean Minimum Temperature" units="°C">1.0</meanmintemp>
        <meanmonthtemp description="Mean Temperature" units="°C">6.0</meanmonthtemp>
        <extrmaxtemp description="Extreme Maximum Temperature" units="°C">22.3</extrmaxtemp>
        <extrmintemp description="Extreme Minimum Temperature" units="°C">-6.1</extrmintemp>
        <totrain description="Total Rain" units="mm">102.6</totrain>
        <totsnow description="Total Snow" units="cm">2.2</totsnow>
        <totprecip description="Total Precipitation" units="mm">110.4</totprecip>
        <grndsnowlastday description="Snow on the Ground on the Last Day" units="cm">0</grndsnowlastday>
        <dirmaxgust description="Direction of Maximum Gust" flag="I" units="10's Deg">28</dirmaxgust>
        <speedmaxgust description="Speed of Maximum Gust" flag="I" units="km/h">70</speedmaxgust>
    </stationdata>
    <stationdata month="5" year="2013">
        <meanmaxtemp description="Mean Maximum Temperature" units="°C">21.0</meanmaxtemp>
        <meanmintemp description="Mean Minimum Temperature" units="°C">9.4</meanmintemp>
        <meanmonthtemp description="Mean Temperature" units="°C">15.2</meanmonthtemp>
        <extrmaxtemp description="Extreme Maximum Temperature" units="°C">30.8</extrmaxtemp>
        <extrmintemp description="Extreme Minimum Temperature" units="°C">1.1</extrmintemp>
        <totrain description="Total Rain" units="mm">75.6</totrain>
        <totsnow description="Total Snow" units="cm">0.4</totsnow>
        <totprecip description="Total Precipitation" units="mm">76.2</totprecip>
        <grndsnowlastday description="Snow on the Ground on the Last Day" units="cm">0</grndsnowlastday>
        <dirmaxgust description="Direction of Maximum Gust" units="10's Deg">28</dirmaxgust>
        <speedmaxgust description="Speed of Maximum Gust" units="km/h">76</speedmaxgust>
    </stationdata>
    <stationdata month="6" year="2013">
        <meanmaxtemp description="Mean Maximum Temperature" flag="I" units="°C">20.6</meanmaxtemp>
        <meanmintemp description="Mean Minimum Temperature" flag="I" units="°C">12.4</meanmintemp>
        <meanmonthtemp description="Mean Temperature" flag="I" units="°C">16.5</meanmonthtemp>
        <extrmaxtemp description="Extreme Maximum Temperature" flag="I" units="°C">27.1</extrmaxtemp>
        <extrmintemp description="Extreme Minimum Temperature" flag="I" units="°C">6.8</extrmintemp>
        <totrain description="Total Rain" flag="I" units="mm">62.4</totrain>
        <totsnow description="Total Snow" flag="I" units="cm">0.0</totsnow>
        <totprecip description="Total Precipitation" flag="I" units="mm">62.4</totprecip>
        <grndsnowlastday description="Snow on the Ground on the Last Day" units="cm"></grndsnowlastday>
        <dirmaxgust description="Direction of Maximum Gust" flag="I" units="10's Deg">26</dirmaxgust>
        <speedmaxgust description="Speed of Maximum Gust" flag="I" units="km/h">52</speedmaxgust>
    </stationdata>
</climatedata>