<?xml version="1.0" encoding="utf-8"?>
<climatedata xmlns:xsd="http://www.w3.org/TR/xmlschema-1/" xsd:schemaLocation="http://climate.weather.gc.ca/climate_data/bulkxml/bulkschema.xsd">
    <lang>ENG</lang>
    <stationinformation>
        <name>TORONTO LESTER B. PEARSON INT'L A</name>
        <province>ONTARIO</province>
        <latitude>43.68</latitude>
        <longitude>-79.63</longitude>
        <elevation>173.40</elevation>
        <climate_identifier>6158733</climate_identifier>
        <wmo_identifier>71624</wmo_identifier>
        <tc_identifier>YYZ</tc_identifier>
        <note>If Local Standard Time (LST) was selected, add 1 hour to adjust for Daylight Saving Time where and when it is observed.</note>
    </stationinformation>
    <legend>
        <flag>
            <symbol>E</symbol>
            <description>Estimated</description>
        </flag>
        <flag>
            <symbol>M</symbol>
            <description>Missing</description>
        </flag>
        <flag>
            <symbol>NA</symbol>
            <description>Not Available</description>
        </flag>
        <flag>
            <symbol>[empty]</symbol>
            <description>Indicates an unobserved value</description>
        </flag>
    </legend>
    <stationdata timetype="LST" day="1" hour="0" minute="0" month="1" year="1992">
        <temp description="Temperature" units="°C">-5.1</temp>
        <dptemp description="Dew Point Temperature" units="°C">-6.3</dptemp>
        <relhum description="Relative Humidity" units="%">91</relhum>
        <winddir description="Wind Direction" units="10s deg"></winddir>
        <windspd description="Wind Speed" units="km/h">0</windspd>
        <visibility description="Visibility" units="km">16.1</visibility>
        <stnpress description="Station Pressure" units="kPa">101.24</stnpress>
        <humidex description="Humidex"></humidex>
        <windchill description="Wind Chill"></windchill>
        <weather description="Weather">Mainly Clear</weather>
    </stationdata>
    <stationdata timetype="LST" day="1" hour="1" minute="0" month="1" year="1992">
        <temp description="Temperature" units="°C">-5.6</temp>
        <dptemp description="Dew Point Temperature" units="°C">-6.5</dptemp>
        <relhum description="Relative Humidity" units="%">93</relhum>
        <winddir description="Wind Direction" units="10s deg"></winddir>
        <windspd description="Wind Speed" units="km/h">0</windspd>
        <visibility description="Visibility" units="km">12.9</visibility>
        <stnpress description="Station Pressure" units="kPa">101.21</stnpress>
        <humidex description="Humidex"></humidex>
        <windchill description="Wind Chill"></windchill>
        <weather description="Weather">Cloudy</weather>
    </stationdata>
    <stationdata timetype="LST" day="1" hour="2" minute="0" month="1" year="1992">
        <temp description="Temperature" units="°C">-2.7</temp>
        <dptemp description="Dew Point Temperature" units="°C">-3.1</dptemp>
        <relhum description="Relative Humidity" units="%">97</relhum>
        <winddir description="Wind Direction" units="10s deg"></winddir>
        <windspd description="Wind Speed" units="km/h">0</windspd>
        <visibility description="Visibility" units="km">4.8</visibility>
        <stnpress description="Station Pressure" units="kPa">101.21</stnpress>
        <humidex description="Humidex"></humidex>
        <windchill description="Wind Chill"></windchill>
        <weather description="Weather">Fog</weather>
    </stationdata>
    <stationdata timetype="LST" day="1" hour="3" minute="0" month="1" year="1992">
        <temp description="Temperature" units="°C">-3.5</temp>
        <dptemp description="Dew Point Temperature" units="°C">-4.2</dptemp>
        <relhum description="Relative Humidity" units="%">95</relhum>
        <winddir description="Wind Direction" units="10s deg"></winddir>
        <windspd description="Wind Speed" units="km/h">0</windspd>
        <visibility description="Visibility" units="km">4.0</visibility>
        <stnpress description="Station Pressure" units="kPa">101.21</stnpress>
        <humidex description="Humidex"></humidex>
        <windchill description="Wind Chill"></windchill>
        <weather description="Weather">Fog</weather>
    </stationdata>
    <stationdata timetype="LST" day="1" hour="4" minute="0" month="1" year="1992">
        <temp description="Temperature" units="°C">-2.8</temp>
        <dptemp description="Dew Point Temperature" units="°C">-3.9</dptemp>
        <relhum description="Relative Humidity" units="%">92</relhum>
        <winddir description="Wind Direction" units="10s deg"></winddir>
        <windspd description="Wind Speed" units="km/h">0</windspd>
        <visibility description="Visibility" units="km">6.4</visibility>
        <stnpress description="Station Pressure" units="kPa">101.17</stnpress>
        <humidex description="Humidex"></humidex>
        <windchill description="Wind Chill"></windchill>
        <weather description="Weather">Fog</weather>
    </stationdata>
    <stationdata timetype="LST" day="1" hour="5" minute="0" month="1" year="1992">
        <temp description="Temperature" units="°C">-3.1</temp>
        <dptemp description="Dew Point Temperature" units="°C">-3.9</dptemp>
        <relhum description="Relative Humidity" units="%">94</relhum>
        <winddir description="Wind Direction" units="10s deg">4</winddir>
        <windspd description="Wind Speed" units="km/h">6</windspd>
        <visibility description="Visibility" units="km">6.4</visibility>
        <stnpress description="Station Pressure" units="kPa">101.17</stnpress>
        <humidex description="Humidex"></humidex>
        <windchill description="Wind Chill">-6</windchill>
        <weather description="Weather">Fog</weather>
    </stationdata>
    <stationdata timetype="LST" day="1" hour="6" minute="0" month="1" year="1992">
        <temp description="Temperature" units="°C">-3.3</temp>
        <dptemp description="Dew Point Temperature" units="°C">-4.2</dptemp>
        <relhum description="Relative Humidity" units="%">93</relhum>
        <winddir description="Wind Direction" units="10s deg"></winddir>
        <windspd description="Wind Speed" units="km/h">0</windspd>
        <visibility description="Visibility" units="km">4.0</visibility>
        <stnpress description="Station Pressure" units="kPa">101.17</stnpress>
        <humidex description="Humidex"></humidex>
        <windchill description="Wind Chill"></windchill>
        <weather description="Weather">Fog</weather>
    </stationdata>
    <stationdata timetype="LST" day="1" hour="7" minute="0" month="1" year="1992">
        <temp description="Temperature" units="°C">-3.3</temp>
        <dptemp description="Dew Point Temperature" units="°C">-4.2</dptemp>
        <relhum description="Relative Humidity" units="%">93</relhum>
        <winddir description="Wind Direction" units="10s deg">36</winddir>
        <windspd description="Wind Speed" units="km/h">4</windspd>
        <visibility description="Visibility" units="km">3.2</visibility>
        <stnpress description="Station Pressure" units="kPa">101.14</stnpress>
        <humidex description="Humidex"></humidex>
        <windchill description="Wind Chill">-5</windchill>
        <weather description="Weather">Fog</weather>
    </stationdata>
    <stationdata timetype="LST" day="1" hour="8" minute="0" month="1" year="1992">
        <temp description="Temperature" units="°C">-3.5</temp>
        <dptemp description="Dew Point Temperature" units="°C">-4.0</dptemp>
        <relhum description="Relative Humidity" units="%">96</relhum>
        <winddir description="Wind Direction" units="10s deg">34</winddir>
        <windspd description="Wind Speed" units="km/h">7</windspd>
        <visibility description="Visibility" units="km">2.8</visibility>
        <stnpress description="Station Pressure" units="kPa">101.21</stnpress>
        <humidex description="Humidex"></humidex>
        <windchill description="Wind Chill">-6</windchill>
        <weather description="Weather">Fog</weather>
    </stationdata>
    <stationdata timetype="LST" day="1" hour="9" minute="0" month="1" year="1992">
        <temp description="Temperature" units="°C">-3.0</temp>
        <dptemp description="Dew Point Temperature" units="°C">-3.7</dptemp>
        <relhum description="Relative Humidity" units="%">95</relhum>
        <winddir description="Wind Direction" units="10s deg"></winddir>
        <windspd description="Wind Speed" units="km/h">0</windspd>
        <visibility description="Visibility" units="km">3.6</visibility>
        <stnpress description="Station Pressure" units="kPa">101.17</stnpress>
        <humidex description="Humidex"></humidex>
        <windchill description="Wind Chill"></windchill>
        <weather description="Weather">Fog</weather>
    </stationdata>
    <stationdata timetype="LST" day="1" hour="10" minute="0" month="1" year="1992">
        <temp description="Temperature" units="°C">-2.5</temp>
        <dptemp description="Dew Point Temperature" units="°C">-3.4</dptemp>
        <relhum description="Relative Humidity" units="%">94</relhum>
        <winddir description="Wind Direction" units="10s deg"></winddir>
        <windspd description="Wind Speed" units="km/h">0</windspd>
        <visibility description="Visibility" units="km">4.0</visibility>
        <stnpress description="Station Pressure" units="kPa">101.21</stnpress>
        <humidex description="Humidex"></humidex>
        <windchill description="Wind Chill"></windchill>
        <weather description="Weather">Fog</weather>
    </stationdata>
    <stationdata timetype="LST" day="1" hour="11" minute="0" month="1" year="1992">
        <temp description="Temperature" units="°C">-2.0</temp>
        <dptemp description="Dew Point Temperature" units="°C">-2.8</dptemp>
        <relhum description="Relative Humidity" units="%">94</relhum>
        <winddir description="Wind Direction" units="10s deg"></winddir>
        <windspd description="Wind Speed" units="km/h">0</windspd>
        <visibility description="Visibility" units="km">3.2</visibility>
        <stnpress description="Station Pressure" units="kPa">101.21</stnpress>
        <humidex description="Humidex"></humidex>
        <windchill description="Wind Chill"></windchill>
        <weather description="Weather">Snow,Fog</weather>
    </stationdata>
    <stationdata timetype="LST" day="1" hour="12" minute="0" month="1" year="1992">
        <temp description="Temperature" units="°C">-1.8</temp>
        <dptemp description="Dew Point Temperature" units="°C">-3.1</dptemp>
        <relhum description="Relative Humidity" units="%">91</relhum>
        <winddir description="Wind Direction" units="10s deg"></winddir>
        <windspd description="Wind Speed" units="km/h">0</windspd>
        <visibility description="Visibility" units="km">3.2</visibility>
        <stnpress description="Station Pressure" units="kPa">101.11</stnpress>
        <humidex description="Humidex"></humidex>
        <windchill description="Wind Chill"></windchill>
        <weather description="Weather">Snow Grains,Fog</weather>
    </stationdata>
    <stationdata timetype="LST" day="1" hour="13" minute="0" month="1" year="1992">
        <temp description="Temperature" units="°C">-1.4</temp>
        <dptemp description="Dew Point Temperature" units="°C">-3.0</dptemp>
        <relhum description="Relative Humidity" units="%">89</relhum>
        <winddir description="Wind Direction" units="10s deg"></winddir>
        <windspd description="Wind Speed" units="km/h">0</windspd>
        <visibility description="Visibility" units="km">11.3</visibility>
        <stnpress description="Station Pressure" units="kPa">101.01</stnpress>
        <humidex description="Humidex"></humidex>
        <windchill description="Wind Chill"></windchill>
        <weather description="Weather">Cloudy</weather>
    </stationdata>
    <stationdata timetype="LST" day="1" hour="14" minute="0" month="1" year="1992">
        <temp description="Temperature" units="°C">-0.8</temp>
        <dptemp description="Dew Point Temperature" units="°C">-3.3</dptemp>
        <relhum description="Relative Humidity" units="%">83</relhum>
        <winddir description="Wind Direction" units="10s deg"></winddir>
        <windspd description="Wind Speed" units="km/h">0</windspd>
        <visibility description="Visibility" units="km">12.9</visibility>
        <stnpress description="Station Pressure" units="kPa">100.97</stnpress>
        <humidex description="Humidex"></humidex>
        <windchill description="Wind Chill"></windchill>
        <weather description="Weather">Cloudy</weather>
    </stationdata>
    <stationdata timetype="LST" day="1" hour="15" minute="0" month="1" year="1992">
        <temp description="Temperature" units="°C">-0.6</temp>
        <dptemp description="Dew Point Temperature" units="°C">-4.4</dptemp>
        <relhum description="Relative Humidity" units="%">76</relhum>
        <winddir description="Wind Direction" units="10s deg">25</winddir>
        <windspd description="Wind Speed" units="km/h">7</windspd>
        <visibility description="Visibility" units="km">12.9</visibility>
        <stnpress description="Station Pressure" units="kPa">100.97</stnpress>
        <humidex description="Humidex"></humidex>
        <windchill description="Wind Chill">-3</windchill>
        <weather description="Weather">Cloudy</weather>
    </stationdata>
    <stationdata timetype="LST" day="1" hour="16" minute="0" month="1" year="1992">
        <temp description="Temperature" units="°C">-0.7</temp>
        <dptemp description="Dew Point Temperature" units="°C">-3.2</dptemp>
        <relhum description="Relative Humidity" units="%">83</relhum>
        <winddir description="Wind Direction" units="10s deg">22</winddir>
        <windspd description="Wind Speed" units="km/h">7</windspd>
        <visibility description="Visibility" units="km">12.9</visibility>
        <stnpress description="Station Pressure" units="kPa">100.97</stnpress>
        <humidex description="Humidex"></humidex>
        <windchill description="Wind Chill">-3</windchill>
        <weather description="Weather">Cloudy</weather>
    </stationdata>
    <stationdata timetype="LST" day="1" hour="17" minute="0" month="1" year="1992">
        <temp description="Temperature" units="°C">-1.0</temp>
        <dptemp description="Dew Point Temperature" units="°C">-3.8</dptemp>
        <relhum description="Relative Humidity" units="%">81</relhum>
        <winddir description="Wind Direction" units="10s deg">26</winddir>
        <windspd description="Wind Speed" units="km/h">4</windspd>
        <visibility description="Visibility" units="km">11.3</visibility>
        <stnpress description="Station Pressure" units="kPa">100.97</stnpress>
        <humidex description="Humidex"></humidex>
        <windchill description="Wind Chill">-2</windchill>
        <weather description="Weather">Cloudy</weather>
    </stationdata>
    <stationdata timetype="LST" day="1" hour="18" minute="0" month="1" year="1992">
        <temp description="Temperature" units="°C">-1.0</temp>
        <dptemp description="Dew Point Temperature" units="°C">-3.8</dptemp>
        <relhum description="Relative Humidity" units="%">81</relhum>
        <winddir description="Wind Direction" units="10s deg">27</winddir>
        <windspd description="Wind Speed" units="km/h">4</windspd>
        <visibility description="Visibility" units="km">9.7</visibility>
        <stnpress description="Station Pressure" units="kPa">100.97</stnpress>
        <humidex description="Humidex"></humidex>
        <windchill description="Wind Chill">-2</windchill>
        <weather description="Weather">Haze</weather>
    </stationdata>
    <stationdata timetype="LST" day="1" hour="19" minute="0" month="1" year="1992">
        <temp description="Temperature" units="°C">-1.3</temp>
        <dptemp description="Dew Point Temperature" units="°C">-3.9</dptemp>
        <relhum description="Relative Humidity" units="%">82</relhum>
        <winddir description="Wind Direction" units="10s deg"></winddir>
        <windspd description="Wind Speed" units="km/h">0</windspd>
        <visibility description="Visibility" units="km">9.7</visibility>
        <stnpress description="Station Pressure" units="kPa">100.94</stnpress>
        <humidex description="Humidex"></humidex>
        <windchill description="Wind Chill"></windchill>
        <weather description="Weather">Haze</weather>
    </stationdata>
    <stationdata timetype="LST" day="1" hour="20" minute="0" month="1" year="1992">
        <temp description="Temperature" units="°C">-1.2</temp>
        <dptemp description="Dew Point Temperature" units="°C">-4.1</dptemp>
        <relhum description="Relative Humidity" units="%">81</relhum>
        <winddir description="Wind Direction" units="10s deg"></winddir>
        <windspd description="Wind Speed" units="km/h">0</windspd>
        <visibility description="Visibility" units="km">16.1</visibility>
        <stnpress description="Station Pressure" units="kPa">100.91</stnpress>
        <humidex description="Humidex"></humidex>
        <windchill description="Wind Chill"></windchill>
        <weather description="Weather">Cloudy</weather>
    </stationdata>
    <stationdata timetype="LST" day="1" hour="21" minute="0" month="1" year="1992">
        <temp description="Temperature" units="°C">-1.0</temp>
        <dptemp description="Dew Point Temperature" units="°C">-3.8</dptemp>
        <relhum description="Relative Humidity" units="%">81</relhum>
        <winddir description="Wind Direction" units="10s deg"></winddir>
        <windspd description="Wind Speed" units="km/h">0</windspd>
        <visibility description="Visibility" units="km">12.9</visibility>
        <stnpress description="Station Pressure" units="kPa">100.91</stnpress>
        <humidex description="Humidex"></humidex>
        <windchill description="Wind Chill"></windchill>
        <weather description="Weather">Cloudy</weather>
    </stationdata>
    <stationdata timetype="LST" day="1" hour="22" minute="0" month="1" year="1992">
        <temp description="Temperature" units="°C">-1.2</temp>
        <dptemp description="Dew Point Temperature" units="°C">-3.3</dptemp>
        <relhum description="Relative Humidity" units="%">86</relhum>
        <winddir description="Wind Direction" units="10s deg"></winddir>
        <windspd description="Wind Speed" units="km/h">0</windspd>
        <visibility description="Visibility" units="km">12.9</visibility>
        <stnpress description="Station Pressure" units="kPa">100.87</stnpress>
        <humidex description="Humidex"></humidex>
        <windchill description="Wind Chill"></windchill>
        <weather description="Weather">Cloudy</weather>
    </stationdata>
    <stationdata timetype="LST" day="1" hour="23" minute="0" month="1" year="1992">
        <temp description="Temperature" units="°C">-0.8</temp>
        <dptemp description="Dew Point Temperature" units="°C">-4.4</dptemp>
        <relhum description="Relative Humidity" units="%">76</relhum>
        <winddir description="Wind Direction" units="10s deg"></winddir>
        <windspd description="Wind Speed" units="km/h">0</windspd>
        <visibility description="Visibility" units="km">12.9</visibility>
        <stnpress description="Station Pressure" units="kPa">100.87</stnpress>
        <humidex description="Humidex"></humidex>
        <windchill description="Wind Chill"></windchill>
        <weather description="Weather">Cloudy</weather>
    </stationdata>
    <stationdata timetype="LST" day="2" hour="0" minute="0" month="1" year="1992">
        <temp description="Temperature" units="°C">-1.0</temp>
        <dptemp description="Dew Point Temperature" units="°C">-5.7</dptemp>
        <relhum description="Relative Humidity" units="%">70</relhum>
        <winddir description="Wind Direction" units="10s deg"></winddir>
        <windspd description="Wind Speed" units="km/h">0</windspd>
        <visibility description="Visibility" units="km">19.3</visibility>
        <stnpress description="Station Pressure" units="kPa">100.77</stnpress>
        <humidex description="Humidex"></humidex>
        <windchill description="Wind Chill"></windchill>
        <weather description="Weather">Cloudy</weather>
    </stationdata>
    <stationdata timetype="LST" day="2" hour="1" minute="0" month="1" year="1992">
        <temp description="Temperature" units="°C">-1.0</temp>
        <dptemp description="Dew Point Temperature" units="°C">-4.4</dptemp>
        <relhum description="Relative Humidity" units="%">78</relhum>
        <winddir description="Wind Direction" units="10s deg">6</winddir>
        <windspd description="Wind Speed" units="km/h">4</windspd>
        <visibility description="Visibility" units="km">16.1</visibility>
        <stnpress description="Station Pressure" units="kPa">100.74</stnpress>
        <humidex description="Humidex"></humidex>
        <windchill description="Wind Chill">-2</windchill>
        <weather description="Weather">Cloudy</weather>
    </stationdata>
    <stationdata timetype="LST" day="2" hour="2" minute="0" month="1" year="1992">
        <temp description="Temperature" units="°C">-0.8</temp>
        <dptemp description="Dew Point Temperature" units="°C">-3.8</dptemp>
        <relhum description="Relative Humidity" units="%">80</relhum>
        <winddir description="Wind Direction" units="10s deg"></winddir>
        <windspd description="Wind Speed" units="km/h">0</windspd>
        <visibility description="Visibility" units="km">19.3</visibility>
        <stnpress description="Station Pressure" units="kPa">100.71</stnpress>
        <humidex description="Humidex"></humidex>
        <windchill description="Wind Chill"></windchill>
        <weather description="Weather">Cloudy</weather>
    </stationdata>
    <stationdata timetype="LST" day="2" hour="3" minute="0" month="1" year="1992">
        <temp description="Temperature" units="°C">-0.7</temp>
        <dptemp description="Dew Point Temperature" units="°C">-2.9</dptemp>
        <relhum description="Relative Humidity" units="%">85</relhum>
        <winddir description="Wind Direction" units="10s deg">11</winddir>
        <windspd description="Wind Speed" units="km/h">4</windspd>
        <visibility description="Visibility" units="km">16.1</visibility>
        <stnpress description="Station Pressure" units="kPa">100.71</stnpress>
        <humidex description="Humidex"></humidex>
        <windchill description="Wind Chill">-2</windchill>
        <weather description="Weather">Cloudy</weather>
    </stationdata>
    <stationdata timetype="LST" day="2" hour="4" minute="0" month="1" year="1992">
        <temp description="Temperature" units="°C">-0.4</temp>
        <dptemp description="Dew Point Temperature" units="°C">-2.5</dptemp>
        <relhum description="Relative Humidity" units="%">86</relhum>
        <winddir description="Wind Direction" units="10s deg">11</winddir>
        <windspd description="Wind Speed" units="km/h">4</windspd>
        <visibility description="Visibility" units="km">16.1</visibility>
        <stnpress description="Station Pressure" units="kPa">100.67</stnpress>
        <humidex description="Humidex"></humidex>
        <windchill description="Wind Chill">-2</windchill>
        <weather description="Weather">Cloudy</weather>
    </stationdata>
    <stationdata timetype="LST" day="2" hour="5" minute="0" month="1" year="1992">
        <temp description="Temperature" units="°C">-0.4</temp>
        <dptemp description="Dew Point Temperature" units="°C">-2.5</dptemp>
        <relhum description="Relative Humidity" units="%">86</relhum>
        <winddir description="Wind Direction" units="10s deg">5</winddir>
        <windspd description="Wind Speed" units="km/h">4</windspd>
        <visibility description="Visibility" units="km">12.9</visibility>
        <stnpress description="Station Pressure" units="kPa">100.61</stnpress>
        <humidex description="Humidex"></humidex>
        <windchill description="Wind Chill">-2</windchill>
        <weather description="Weather">Cloudy</weather>
    </stationdata>
    <stationdata timetype="LST" day="2" hour="6" minute="0" month="1" year="1992">
        <temp description="Temperature" units="°C">-0.1</temp>
        <dptemp description="Dew Point Temperature" units="°C">-2.4</dptemp>
        <relhum description="Relative Humidity" units="%">85</relhum>
        <winddir description="Wind Direction" units="10s deg">11</winddir>
        <windspd description="Wind Speed" units="km/h">7</windspd>
        <visibility description="Visibility" units="km">12.9</visibility>
        <stnpress description="Station Pressure" units="kPa">100.57</stnpress>
        <humidex description="Humidex"></humidex>
        <windchill description="Wind Chill">-3</windchill>
        <weather description="Weather">Cloudy</weather>
    </stationdata>
    <stationdata timetype="LST" day="2" hour="7" minute="0" month="1" year="1992">
        <temp description="Temperature" units="°C">0.2</temp>
        <dptemp description="Dew Point Temperature" units="°C">-1.8</dptemp>
        <relhum description="Relative Humidity" units="%">86</relhum>
        <winddir description="Wind Direction" units="10s deg"></winddir>
        <windspd description="Wind Speed" units="km/h">0</windspd>
        <visibility description="Visibility" units="km">9.7</visibility>
        <stnpress description="Station Pressure" units="kPa">100.64</stnpress>
        <humidex description="Humidex"></humidex>
        <windchill description="Wind Chill"></windchill>
        <weather description="Weather">Fog</weather>
    </stationdata>
    <stationdata timetype="LST" day="2" hour="8" minute="0" month="1" year="1992">
        <temp description="Temperature" units="°C">0.5</temp>
        <dptemp description="Dew Point Temperature" units="°C">-1.4</dptemp>
        <relhum description="Relative Humidity" units="%">87</relhum>
        <winddir description="Wind Direction" units="10s deg">10</winddir>
        <windspd description="Wind Speed" units="km/h">7</windspd>
        <visibility description="Visibility" units="km">4.8</visibility>
        <stnpress description="Station Pressure" units="kPa">100.61</stnpress>
        <humidex description="Humidex"></humidex>
        <windchill description="Wind Chill"></windchill>
        <weather description="Weather">Fog</weather>
    </stationdata>
    <stationdata timetype="LST" day="2" hour="9" minute="0" month="1" year="1992">
        <temp description="Temperature" units="°C">1.0</temp>
        <dptemp description="Dew Point Temperature" units="°C">-1.5</dptemp>
        <relhum description="Relative Humidity" units="%">83</relhum>
        <winddir description="Wind Direction" units="10s deg">12</winddir>
        <windspd description="Wind Speed" units="km/h">9</windspd>
        <visibility description="Visibility" units="km">6.4</visibility>
        <stnpress description="Station Pressure" units="kPa">100.61</stnpress>
        <humidex description="Humidex"></humidex>
        <windchill description="Wind Chill"></windchill>
        <weather description="Weather">Haze</weather>
    </stationdata>
    <stationdata timetype="LST" day="2" hour="10" minute="0" month="1" year="1992">
        <temp description="Temperature" units="°C">0.3</temp>
        <dptemp description="Dew Point Temperature" units="°C">-1.2</dptemp>
        <relhum description="Relative Humidity" units="%">90</relhum>
        <winddir description="Wind Direction" units="10s deg">34</winddir>
        <windspd description="Wind Speed" units="km/h">6</windspd>
        <visibility description="Visibility" units="km">4.8</visibility>
        <stnpress description="Station Pressure" units="kPa">100.61</stnpress>
        <humidex description="Humidex"></humidex>
        <windchill description="Wind Chill"></windchill>
        <weather description="Weather">Fog</weather>
    </stationdata>
    <stationdata timetype="LST" day="2" hour="11" minute="0" month="1" year="1992">
        <temp description="Temperature" units="°C">0.7</temp>
        <dptemp description="Dew Point Temperature" units="°C">-2.0</dptemp>
        <relhum description="Relative Humidity" units="%">82</relhum>
        <winddir description="Wind Direction" units="10s deg"></winddir>
        <windspd description="Wind Speed" units="km/h">0</windspd>
        <visibility description="Visibility" units="km">9.7</visibility>
        <stnpress description="Station Pressure" units="kPa">100.64</stnpress>
        <humidex description="Humidex"></humidex>
        <windchill description="Wind Chill"></windchill>
        <weather description="Weather">Haze</weather>
    </stationdata>
    <stationdata timetype="LST" day="2" hour="12" minute="0" month="1" year="1992">
        <temp description="Temperature" units="°C">1.6</temp>
        <dptemp description="Dew Point Temperature" units="°C">-2.4</dptemp>
        <relhum description="Relative Humidity" units="%">75</relhum>
        <winddir description="Wind Direction" units="10s deg"></winddir>
        <windspd description="Wind Speed" units="km/h">0</windspd>
        <visibility description="Visibility" units="km">12.9</visibility>
        <stnpress description="Station Pressure" units="kPa">100.54</stnpress>
        <humidex description="Humidex"></humidex>
        <windchill description="Wind Chill"></windchill>
        <weather description="Weather">Cloudy</weather>
    </stationdata>
    <stationdata timetype="LST" day="2" hour="13" minute="0" month="1" year="1992">
        <temp description="Temperature" units="°C">2.0</temp>
        <dptemp description="Dew Point Temperature" units="°C">-2.1</dptemp>
        <relhum description="Relative Humidity" units="%">74</relhum>
        <winddir description="Wind Direction" units="10s deg"></winddir>
        <windspd description="Wind Speed" units="km/h">0</windspd>
        <visibility description="Visibility" units="km">12.9</visibility>
        <stnpress description="Station Pressure" units="kPa">100.44</stnpress>
        <humidex description="Humidex"></humidex>
        <windchill description="Wind Chill"></windchill>
        <weather description="Weather">Cloudy</weather>
    </stationdata>
    <stationdata timetype="LST" day="2" hour="14" minute="0" month="1" year="1992">
        <temp description="Temperature" units="°C">2.3</temp>
        <dptemp description="Dew Point Temperature" units="°C">-1.5</dptemp>
        <relhum description="Relative Humidity" units="%">76</relhum>
        <winddir description="Wind Direction" units="10s deg"></winddir>
        <windspd description="Wind Speed" units="km/h">0</windspd>
        <visibility description="Visibility" units="km">12.9</visibility>
        <stnpress description="Station Pressure" units="kPa">100.47</stnpress>
        <humidex description="Humidex"></humidex>
        <windchill description="Wind Chill"></windchill>
        <weather description="Weather">Cloudy</weather>
    </stationdata>
    <stationdata timetype="LST" day="2" hour="15" minute="0" month="1" year="1992">
        <temp description="Temperature" units="°C">2.5</temp>
        <dptemp description="Dew Point Temperature" units="°C">-1.5</dptemp>
        <relhum description="Relative Humidity" units="%">75</relhum>
        <winddir description="Wind Direction" units="10s deg">15</winddir>
        <windspd description="Wind Speed" units="km/h">7</windspd>
        <visibility description="Visibility" units="km">11.3</visibility>
        <stnpress description="Station Pressure" units="kPa">100.41</stnpress>
        <humidex description="Humidex"></humidex>
        <windchill description="Wind Chill"></windchill>
        <weather description="Weather">Cloudy</weather>
    </stationdata>
    <stationdata timetype="LST" day="2" hour="16" minute="0" month="1" year="1992">
        <temp description="Temperature" units="°C">2.1</temp>
        <dptemp description="Dew Point Temperature" units="°C">-1.5</dptemp>
        <relhum description="Relative Humidity" units="%">77</relhum>
        <winddir description="Wind Direction" units="10s deg">14</winddir>
        <windspd description="Wind Speed" units="km/h">7</windspd>
        <visibility description="Visibility" units="km">9.7</visibility>
        <stnpress description="Station Pressure" units="kPa">100.37</stnpress>
        <humidex description="Humidex"></humidex>
        <windchill description="Wind Chill"></windchill>
        <weather description="Weather">Haze</weather>
    </stationdata>
    <stationdata timetype="LST" day="2" hour="17" minute="0" month="1" year="1992">
        <temp description="Temperature" units="°C">1.7</temp>
        <dptemp description="Dew Point Temperature" units="°C">-1.5</dptemp>
        <relhum description="Relative Humidity" units="%">79</relhum>
        <winddir description="Wind Direction" units="10s deg">11</winddir>
        <windspd description="Wind Speed" units="km/h">7</windspd>
        <visibility description="Visibility" units="km">8.0</visibility>
        <stnpress description="Station Pressure" units="kPa">100.34</stnpress>
        <humidex description="Humidex"></humidex>
        <windchill description="Wind Chill"></windchill>
        <weather description="Weather">Haze</weather>
    </stationdata>
    <stationdata timetype="LST" day="2" hour="18" minute="0" month="1" year="1992">
        <temp description="Temperature" units="°C">1.5</temp>
        <dptemp description="Dew Point Temperature" units="°C">-0.5</dptemp>
        <relhum description="Relative Humidity" units="%">87</relhum>
        <winddir description="Wind Direction" units="10s deg">11</winddir>
        <windspd description="Wind Speed" units="km/h">13</windspd>
        <visibility description="Visibility" units="km">6.4</visibility>
        <stnpress description="Station Pressure" units="kPa">100.31</stnpress>
        <humidex description="Humidex"></humidex>
        <windchill description="Wind Chill"></windchill>
        <weather description="Weather">Fog</weather>
    </stationdata>
    <stationdata timetype="LST" day="2" hour="19" minute="0" month="1" year="1992">
        <temp description="Temperature" units="°C">1.0</temp>
        <dptemp description="Dew Point Temperature" units="°C">-1.0</dptemp>
        <relhum description="Relative Humidity" units="%">86</relhum>
        <winddir description="Wind Direction" units="10s deg">11</winddir>
        <windspd description="Wind Speed" units="km/h">9</windspd>
        <visibility description="Visibility" units="km">6.4</visibility>
        <stnpress description="Station Pressure" units="kPa">100.37</stnpress>
        <humidex description="Humidex"></humidex>
        <windchill description="Wind Chill"></windchill>
        <weather description="Weather">Fog</weather>
    </stationdata>
    <stationdata timetype="LST" day="2" hour="20" minute="0" month="1" year="1992">
        <temp description="Temperature" units="°C">1.4</temp>
        <dptemp description="Dew Point Temperature" units="°C">-0.5</dptemp>
        <relhum description="Relative Humidity" units="%">87</relhum>
        <winddir description="Wind Direction" units="10s deg">7</winddir>
        <windspd description="Wind Speed" units="km/h">7</windspd>
        <visibility description="Visibility" units="km">8.0</visibility>
        <stnpress description="Station Pressure" units="kPa">100.34</stnpress>
        <humidex description="Humidex"></humidex>
        <windchill description="Wind Chill"></windchill>
        <weather description="Weather">Fog</weather>
    </stationdata>
    <stationdata timetype="LST" day="2" hour="21" minute="0" month="1" year="1992">
        <temp description="Temperature" units="°C">0.8</temp>
        <dptemp description="Dew Point Temperature" units="°C">0.0</dptemp>
        <relhum description="Relative Humidity" units="%">95</relhum>
        <winddir description="Wind Direction" units="10s deg">4</winddir>
        <windspd description="Wind Speed" units="km/h">7</windspd>
        <visibility description="Visibility" units="km">6.4</visibility>
        <stnpress description="Station Pressure" units="kPa">100.27</stnpress>
        <humidex description="Humidex"></humidex>
        <windchill description="Wind Chill"></windchill>
        <weather description="Weather">Fog</weather>
    </stationdata>
    <stationdata timetype="LST" day="2" hour="22" minute="0" month="1" year="1992">
        <temp description="Temperature" units="°C">1.2</temp>
        <dptemp description="Dew Point Temperature" units="°C">0.5</dptemp>
        <relhum description="Relative Humidity" units="%">95</relhum>
        <winddir description="Wind Direction" units="10s deg">7</winddir>
        <windspd description="Wind Speed" units="km/h">11</windspd>
        <visibility description="Visibility" units="km">6.4</visibility>
        <stnpress description="Station Pressure" units="kPa">100.31</stnpress>
        <humidex description="Humidex"></humidex>
        <windchill description="Wind Chill"></windchill>
        <weather description="Weather">Fog</weather>
    </stationdata>
    <stationdata timetype="LST" day="2" hour="23" minute="0" month="1" year="1992">
        <temp description="Temperature" units="°C">0.8</temp>
        <dptemp description="Dew Point Temperature" units="°C">0.0</dptemp>
        <relhum description="Relative Humidity" units="%">95</relhum>
        <winddir description="Wind Direction" units="10s deg">6</winddir>
        <windspd description="Wind Speed" units="km/h">15</windspd>
        <visibility description="Visibility" units="km">6.4</visibility>
        <stnpress description="Station Pressure" units="kPa">100.24</stnpress>
        <humidex description="Humidex"></humidex>
        <windchill description="Wind Chill"></windchill>
        <weather description="Weather">Fog</weather>
    </stationdata>
    <stationdata timetype="LST" day="3" hour="0" minute="0" month="1" year="1992">
        <temp description="Temperature" units="°C">0.8</temp>
        <dptemp description="Dew Point Temperature" units="°C">0.0</dptemp>
        <relhum description="Relative Humidity" units="%">95</relhum>
        <winddir description="Wind Direction" units="10s deg">7</winddir>
        <windspd description="Wind Speed" units="km/h">13</windspd>
        <visibility description="Visibility" units="km">4.8</visibility>
        <stnpress description="Station Pressure" units="kPa">100.21</stnpress>
        <humidex description="Humidex"></humidex>
        <windchill description="Wind Chill"></windchill>
        <weather description="Weather">Fog</weather>
    </stationdata>
    <stationdata timetype="LST" day="3" hour="1" minute="0" month="1" year="1992">
        <temp description="Temperature" units="°C">1.0</temp>
        <dptemp description="Dew Point Temperature" units="°C">-0.5</dptemp>
        <relhum description="Relative Humidity" units="%">90</relhum>
        <winddir description="Wind Direction" units="10s deg">8</winddir>
        <windspd description="Wind Speed" units="km/h">15</windspd>
        <visibility description="Visibility" units="km">4.8</visibility>
        <stnpress description="Station Pressure" units="kPa">100.14</stnpress>
        <humidex description="Humidex"></humidex>
        <windchill description="Wind Chill"></windchill>
        <weather description="Weather">Fog</weather>
    </stationdata>
    <stationdata timetype="LST" day="3" hour="2" minute="0" month="1" year="1992">
        <temp description="Temperature" units="°C">0.8</temp>
        <dptemp description="Dew Point Temperature" units="°C">0.0</dptemp>
        <relhum description="Relative Humidity" units="%">95</relhum>
        <winddir description="Wind Direction" units="10s deg">8</winddir>
        <windspd description="Wind Speed" units="km/h">13</windspd>
        <visibility description="Visibility" units="km">6.4</visibility>
        <stnpress description="Station Pressure" units="kPa">100.17</stnpress>
        <humidex description="Humidex"></humidex>
        <windchill description="Wind Chill"></windchill>
        <weather description="Weather">Fog</weather>
    </stationdata>
    <stationdata timetype="LST" day="3" hour="3" minute="0" month="1" year="1992">
        <temp description="Temperature" units="°C">1.0</temp>
        <dptemp description="Dew Point Temperature" units="°C">0.0</dptemp>
        <relhum description="Relative Humidity" units="%">93</relhum>
        <winddir description="Wind Direction" units="10s deg">8</winddir>
        <windspd description="Wind Speed" units="km/h">17</windspd>
        <visibility description="Visibility" units="km">6.4</visibility>
        <stnpress description="Station Pressure" units="kPa">100.17</stnpress>
        <humidex description="Humidex"></humidex>
        <windchill description="Wind Chill"></windchill>
        <weather description="Weather">Fog</weather>
    </stationdata>
    <stationdata timetype="LST" day="3" hour="4" minute="0" month="1" year="1992">
        <temp description="Temperature" units="°C">0.9</temp>
        <dptemp description="Dew Point Temperature" units="°C">0.0</dptemp>
        <relhum description="Relative Humidity" units="%">94</relhum>
        <winddir description="Wind Direction" units="10s deg">7</winddir>
        <windspd description="Wind Speed" units="km/h">17</windspd>
        <visibility description="Visibility" units="km">6.4</visibility>
        <stnpress description="Station Pressure" units="kPa">100.11</stnpress>
        <humidex description="Humidex"></humidex>
        <windchill description="Wind Chill"></windchill>
        <weather description="Weather">Fog</weather>
    </stationdata>
    <stationdata timetype="LST" day="3" hour="5" minute="0" month="1" year="1992">
        <temp description="Temperature" units="°C">1.0</temp>
        <dptemp description="Dew Point Temperature" units="°C">0.5</dptemp>
        <relhum description="Relative Humidity" units="%">96</relhum>
        <winddir description="Wind Direction" units="10s deg">7</winddir>
        <windspd description="Wind Speed" units="km/h">13</windspd>
        <visibility description="Visibility" units="km">4.8</visibility>
        <stnpress description="Station Pressure" units="kPa">100.07</stnpress>
        <humidex description="Humidex"></humidex>
        <windchill description="Wind Chill"></windchill>
        <weather description="Weather">Fog</weather>
    </stationdata>
    <stationdata timetype="LST" day="3" hour="6" minute="0" month="1" year="1992">
        <temp description="Temperature" units="°C">0.9</temp>
        <dptemp description="Dew Point Temperature" units="°C">0.0</dptemp>
        <relhum description="Relative Humidity" units="%">94</relhum>
        <winddir description="Wind Direction" units="10s deg">7</winddir>
        <windspd description="Wind Speed" units="km/h">13</windspd>
        <visibility description="Visibility" units="km">4.8</visibility>
        <stnpress description="Station Pressure" units="kPa">100.04</stnpress>
        <humidex description="Humidex"></humidex>
        <windchill description="Wind Chill"></windchill>
        <weather description="Weather">Fog</weather>
    </stationdata>
    <stationdata timetype="LST" day="3" hour="7" minute="0" month="1" year="1992">
        <temp description="Temperature" units="°C">1.4</temp>
        <dptemp description="Dew Point Temperature" units="°C">0.5</dptemp>
        <relhum description="Relative Humidity" units="%">94</relhum>
        <winddir description="Wind Direction" units="10s deg">9</winddir>
        <windspd description="Wind Speed" units="km/h">13</windspd>
        <visibility description="Visibility" units="km">4.8</visibility>
        <stnpress description="Station Pressure" units="kPa">100.07</stnpress>
        <humidex description="Humidex"></humidex>
        <windchill description="Wind Chill"></windchill>
        <weather description="Weather">Fog</weather>
    </stationdata>
    <stationdata timetype="LST" day="3" hour="8" minute="0" month="1" year="1992">
        <temp description="Temperature" units="°C">1.8</temp>
        <dptemp description="Dew Point Temperature" units="°C">1.5</dptemp>
        <relhum description="Relative Humidity" units="%">98</relhum>
        <winddir description="Wind Direction" units="10s deg">8</winddir>
        <windspd description="Wind Speed" units="km/h">11</windspd>
        <visibility description="Visibility" units="km">3.6</visibility>
        <stnpress description="Station Pressure" units="kPa">100.07</stnpress>
        <humidex description="Humidex"></humidex>
        <windchill description="Wind Chill"></windchill>
        <weather description="Weather">Fog</weather>
    </stationdata>
    <stationdata timetype="LST" day="3" hour="9" minute="0" month="1" year="1992">
        <temp description="Temperature" units="°C">2.0</temp>
        <dptemp description="Dew Point Temperature" units="°C">2.0</dptemp>
        <relhum description="Relative Humidity" units="%">100</relhum>
        <winddir description="Wind Direction" units="10s deg">9</winddir>
        <windspd description="Wind Speed" units="km/h">19</windspd>
        <visibility description="Visibility" units="km">1.6</visibility>
        <stnpress description="Station Pressure" units="kPa">100.01</stnpress>
        <humidex description="Humidex"></humidex>
        <windchill description="Wind Chill"></windchill>
        <weather description="Weather">Fog</weather>
    </stationdata>
    <stationdata timetype="LST" day="3" hour="10" minute="0" month="1" year="1992">
        <temp description="Temperature" units="°C">2.3</temp>
        <dptemp description="Dew Point Temperature" units="°C">2.3</dptemp>
        <relhum description="Relative Humidity" units="%">100</relhum>
        <winddir description="Wind Direction" units="10s deg">9</winddir>
        <windspd description="Wind Speed" units="km/h">19</windspd>
        <visibility description="Visibility" units="km">0.4</visibility>
        <stnpress description="Station Pressure" units="kPa">100.01</stnpress>
        <humidex description="Humidex"></humidex>
        <windchill description="Wind Chill"></windchill>
        <weather description="Weather">Fog</weather>
    </stationdata>
    <stationdata timetype="LST" day="3" hour="11" minute="0" month="1" year="1992">
        <temp description="Temperature" units="°C">3.1</temp>
        <dptemp description="Dew Point Temperature" units="°C">2.6</dptemp>
        <relhum description="Relative Humidity" units="%">97</relhum>
        <winddir description="Wind Direction" units="10s deg">9</winddir>
        <windspd description="Wind Speed" units="km/h">15</windspd>
        <visibility description="Visibility" units="km">1.6</visibility>
        <stnpress description="Station Pressure" units="kPa">99.97</stnpress>
        <humidex description="Humidex"></humidex>
        <windchill description="Wind Chill"></windchill>
        <weather description="Weather">Fog</weather>
    </stationdata>
    <stationdata timetype="LST" day="3" hour="12" minute="0" month="1" year="1992">
        <temp description="Temperature" units="°C">3.4</temp>
        <dptemp description="Dew Point Temperature" units="°C">3.1</dptemp>
        <relhum description="Relative Humidity" units="%">98</relhum>
        <winddir description="Wind Direction" units="10s deg">9</winddir>
        <windspd description="Wind Speed" units="km/h">19</windspd>
        <visibility description="Visibility" units="km">2.0</visibility>
        <stnpress description="Station Pressure" units="kPa">99.91</stnpress>
        <humidex description="Humidex"></humidex>
        <windchill description="Wind Chill"></windchill>
        <weather description="Weather">Fog</weather>
    </stationdata>
    <stationdata timetype="LST" day="3" hour="13" minute="0" month="1" year="1992">
        <temp description="Temperature" units="°C">4.8</temp>
        <dptemp description="Dew Point Temperature" units="°C">3.7</dptemp>
        <relhum description="Relative Humidity" units="%">93</relhum>
        <winddir description="Wind Direction" units="10s deg">9</winddir>
        <windspd description="Wind Speed" units="km/h">19</windspd>
        <visibility description="Visibility" units="km">8.0</visibility>
        <stnpress description="Station Pressure" units="kPa">99.81</stnpress>
        <humidex description="Humidex"></humidex>
        <windchill description="Wind Chill"></windchill>
        <weather description="Weather">Fog</weather>
    </stationdata>
    <stationdata timetype="LST" day="3" hour="14" minute="0" month="1" year="1992">
        <temp description="Temperature" units="°C">4.9</temp>
        <dptemp description="Dew Point Temperature" units="°C">3.7</dptemp>
        <relhum description="Relative Humidity" units="%">92</relhum>
        <winddir description="Wind Direction" units="10s deg">9</winddir>
        <windspd description="Wind Speed" units="km/h">20</windspd>
        <visibility description="Visibility" units="km">4.8</visibility>
        <stnpress description="Station Pressure" units="kPa">99.74</stnpress>
        <humidex description="Humidex"></humidex>
        <windchill description="Wind Chill"></windchill>
        <weather description="Weather">Fog</weather>
    </stationdata>
    <stationdata timetype="LST" day="3" hour="15" minute="0" month="1" year="1992">
        <temp description="Temperature" units="°C">4.8</temp>
        <dptemp description="Dew Point Temperature" units="°C">3.7</dptemp>
        <relhum description="Relative Humidity" units="%">93</relhum>
        <winddir description="Wind Direction" units="10s deg">8</winddir>
        <windspd description="Wind Speed" units="km/h">15</windspd>
        <visibility description="Visibility" units="km">4.0</visibility>
        <stnpress description="Station Pressure" units="kPa">99.71</stnpress>
        <humidex description="Humidex"></humidex>
        <windchill description="Wind Chill"></windchill>
        <weather description="Weather">Fog</weather>
    </stationdata>
    <stationdata timetype="LST" day="3" hour="16" minute="0" month="1" year="1992">
        <temp description="Temperature" units="°C">4.8</temp>
        <dptemp description="Dew Point Temperature" units="°C">3.7</dptemp>
        <relhum description="Relative Humidity" units="%">93</relhum>
        <winddir description="Wind Direction" units="10s deg">9</winddir>
        <windspd description="Wind Speed" units="km/h">17</windspd>
        <visibility description="Visibility" units="km">4.0</visibility>
        <stnpress description="Station Pressure" units="kPa">99.71</stnpress>
        <humidex description="Humidex"></humidex>
        <windchill description="Wind Chill"></windchill>
        <weather description="Weather">Fog</weather>
    </stationdata>
    <stationdata timetype="LST" day="3" hour="17" minute="0" month="1" year="1992">
        <temp description="Temperature" units="°C">4.5</temp>
        <dptemp description="Dew Point Temperature" units="°C">3.2</dptemp>
        <relhum description="Relative Humidity" units="%">91</relhum>
        <winddir description="Wind Direction" units="10s deg">8</winddir>
        <windspd description="Wind Speed" units="km/h">11</windspd>
        <visibility description="Visibility" units="km">4.0</visibility>
        <stnpress description="Station Pressure" units="kPa">99.71</stnpress>
        <humidex description="Humidex"></humidex>
        <windchill description="Wind Chill"></windchill>
        <weather description="Weather">Fog</weather>
    </stationdata>
    <stationdata timetype="LST" day="3" hour="18" minute="0" month="1" year="1992">
        <temp description="Temperature" units="°C">4.5</temp>
        <dptemp description="Dew Point Temperature" units="°C">3.2</dptemp>
        <relhum description="Relative Humidity" units="%">91</relhum>
        <winddir description="Wind Direction" units="10s deg">9</winddir>
        <windspd description="Wind Speed" units="km/h">19</windspd>
        <visibility description="Visibility" units="km">6.4</visibility>
        <stnpress description="Station Pressure" units="kPa">99.74</stnpress>
        <humidex description="Humidex"></humidex>
        <windchill description="Wind Chill"></windchill>
        <weather description="Weather">Fog</weather>
    </stationdata>
    <stationdata timetype="LST" day="3" hour="19" minute="0" month="1" year="1992">
        <temp description="Temperature" units="°C">4.9</temp>
        <dptemp description="Dew Point Temperature" units="°C">3.3</dptemp>
        <relhum description="Relative Humidity" units="%">89</relhum>
        <winddir description="Wind Direction" units="10s deg">9</winddir>
        <windspd description="Wind Speed" units="km/h">13</windspd>
        <visibility description="Visibility" units="km">6.4</visibility>
        <stnpress description="Station Pressure" units="kPa">99.77</stnpress>
        <humidex description="Humidex"></humidex>
        <windchill description="Wind Chill"></windchill>
        <weather description="Weather">Fog</weather>
    </stationdata>
    <stationdata timetype="LST" day="3" hour="20" minute="0" month="1" year="1992">
        <temp description="Temperature" units="°C">4.9</temp>
        <dptemp description="Dew Point Temperature" units="°C">3.7</dptemp>
        <relhum description="Relative Humidity" units="%">92</relhum>
        <winddir description="Wind Direction" units="10s deg">10</winddir>
        <windspd description="Wind Speed" units="km/h">19</windspd>
        <visibility description="Visibility" units="km">11.3</visibility>
        <stnpress description="Station Pressure" units="kPa">99.71</stnpress>
        <humidex description="Humidex"></humidex>
        <windchill description="Wind Chill"></windchill>
        <weather description="Weather">Mostly Cloudy</weather>
    </stationdata>
    <stationdata timetype="LST" day="3" hour="21" minute="0" month="1" year="1992">
        <temp description="Temperature" units="°C">4.8</temp>
        <dptemp description="Dew Point Temperature" units="°C">3.3</dptemp>
        <relhum description="Relative Humidity" units="%">90</relhum>
        <winddir description="Wind Direction" units="10s deg">8</winddir>
        <windspd description="Wind Speed" units="km/h">15</windspd>
        <visibility description="Visibility" units="km">11.3</visibility>
        <stnpress description="Station Pressure" units="kPa">99.67</stnpress>
        <humidex description="Humidex"></humidex>
        <windchill description="Wind Chill"></windchill>
        <weather description="Weather">Mostly Cloudy</weather>
    </stationdata>
    <stationdata timetype="LST" day="3" hour="22" minute="0" month="1" year="1992">
        <temp description="Temperature" units="°C">4.1</temp>
        <dptemp description="Dew Point Temperature" units="°C">2.7</dptemp>
        <relhum description="Relative Humidity" units="%">91</relhum>
        <winddir description="Wind Direction" units="10s deg">8</winddir>
        <windspd description="Wind Speed" units="km/h">15</windspd>
        <visibility description="Visibility" units="km">9.7</visibility>
        <stnpress description="Station Pressure" units="kPa">99.71</stnpress>
        <humidex description="Humidex"></humidex>
        <windchill description="Wind Chill"></windchill>
        <weather description="Weather">Fog</weather>
    </stationdata>
    <stationdata timetype="LST" day="3" hour="23" minute="0" month="1" year="1992">
        <temp description="Temperature" units="°C">4.0</temp>
        <dptemp description="Dew Point Temperature" units="°C">2.7</dptemp>
        <relhum description="Relative Humidity" units="%">91</relhum>
        <winddir description="Wind Direction" units="10s deg">7</winddir>
        <windspd description="Wind Speed" units="km/h">11</windspd>
        <visibility description="Visibility" units="km">9.7</visibility>
        <stnpress description="Station Pressure" units="kPa">99.71</stnpress>
        <humidex description="Humidex"></humidex>
        <windchill description="Wind Chill"></windchill>
        <weather description="Weather">Fog</weather>
    </stationdata>
    <stationdata timetype="LST" day="4" hour="0" minute="0" month="1" year="1992">
        <temp description="Temperature" units="°C">4.2</temp>
        <dptemp description="Dew Point Temperature" units="°C">2.2</dptemp>
        <relhum description="Relative Humidity" units="%">87</relhum>
        <winddir description="Wind Direction" units="10s deg">9</winddir>
        <windspd description="Wind Speed" units="km/h">7</windspd>
        <visibility description="Visibility" units="km">9.7</visibility>
        <stnpress description="Station Pressure" units="kPa">99.64</stnpress>
        <humidex description="Humidex"></humidex>
        <windchill description="Wind Chill"></windchill>
        <weather description="Weather">Fog</weather>
    </stationdata>
    <stationdata timetype="LST" day="4" hour="1" minute="0" month="1" year="1992">
        <temp description="Temperature" units="°C">4.3</temp>
        <dptemp description="Dew Point Temperature" units="°C">2.3</dptemp>
        <relhum description="Relative Humidity" units="%">87</relhum>
        <winddir description="Wind Direction" units="10s deg">10</winddir>
        <windspd description="Wind Speed" units="km/h">11</windspd>
        <visibility description="Visibility" units="km">9.7</visibility>
        <stnpress description="Station Pressure" units="kPa">99.61</stnpress>
        <humidex description="Humidex"></humidex>
        <windchill description="Wind Chill"></windchill>
        <weather description="Weather">Fog</weather>
    </stationdata>
    <stationdata timetype="LST" day="4" hour="2" minute="0" month="1" year="1992">
        <temp description="Temperature" units="°C">4.4</temp>
        <dptemp description="Dew Point Temperature" units="°C">1.8</dptemp>
        <relhum description="Relative Humidity" units="%">83</relhum>
        <winddir description="Wind Direction" units="10s deg">9</winddir>
        <windspd description="Wind Speed" units="km/h">9</windspd>
        <visibility description="Visibility" units="km">11.3</visibility>
        <stnpress description="Station Pressure" units="kPa">99.61</stnpress>
        <humidex description="Humidex"></humidex>
        <windchill description="Wind Chill"></windchill>
        <weather description="Weather">Mostly Cloudy</weather>
    </stationdata>
    <stationdata timetype="LST" day="4" hour="3" minute="0" month="1" year="1992">
        <temp description="Temperature" units="°C">1.9</temp>
        <dptemp description="Dew Point Temperature" units="°C">1.1</dptemp>
        <relhum description="Relative Humidity" units="%">95</relhum>
        <winddir description="Wind Direction" units="10s deg">35</winddir>
        <windspd description="Wind Speed" units="km/h">4</windspd>
        <visibility description="Visibility" units="km">9.7</visibility>
        <stnpress description="Station Pressure" units="kPa">99.61</stnpress>
        <humidex description="Humidex"></humidex>
        <windchill description="Wind Chill"></windchill>
        <weather description="Weather">Fog</weather>
    </stationdata>
    <stationdata timetype="LST" day="4" hour="4" minute="0" month="1" year="1992">
        <temp description="Temperature" units="°C">3.0</temp>
        <dptemp description="Dew Point Temperature" units="°C">1.6</dptemp>
        <relhum description="Relative Humidity" units="%">91</relhum>
        <winddir description="Wind Direction" units="10s deg">8</winddir>
        <windspd description="Wind Speed" units="km/h">4</windspd>
        <visibility description="Visibility" units="km">9.7</visibility>
        <stnpress description="Station Pressure" units="kPa">99.61</stnpress>
        <humidex description="Humidex"></humidex>
        <windchill description="Wind Chill"></windchill>
        <weather description="Weather">Fog</weather>
    </stationdata>
    <stationdata timetype="LST" day="4" hour="5" minute="0" month="1" year="1992">
        <temp description="Temperature" units="°C">3.6</temp>
        <dptemp description="Dew Point Temperature" units="°C">1.7</dptemp>
        <relhum description="Relative Humidity" units="%">87</relhum>
        <winddir description="Wind Direction" units="10s deg">10</winddir>
        <windspd description="Wind Speed" units="km/h">7</windspd>
        <visibility description="Visibility" units="km">11.3</visibility>
        <stnpress description="Station Pressure" units="kPa">99.57</stnpress>
        <humidex description="Humidex"></humidex>
        <windchill description="Wind Chill"></windchill>
        <weather description="Weather">Rain Showers</weather>
    </stationdata>
    <stationdata timetype="LST" day="4" hour="6" minute="0" month="1" year="1992">
        <temp description="Temperature" units="°C">4.1</temp>
        <dptemp description="Dew Point Temperature" units="°C">2.2</dptemp>
        <relhum description="Relative Humidity" units="%">87</relhum>
        <winddir description="Wind Direction" units="10s deg">9</winddir>
        <windspd description="Wind Speed" units="km/h">9</windspd>
        <visibility description="Visibility" units="km">11.3</visibility>
        <stnpress description="Station Pressure" units="kPa">99.61</stnpress>
        <humidex description="Humidex"></humidex>
        <windchill description="Wind Chill"></windchill>
        <weather description="Weather">Mostly Cloudy</weather>
    </stationdata>
    <stationdata timetype="LST" day="4" hour="7" minute="0" month="1" year="1992">
        <temp description="Temperature" units="°C">4.1</temp>
        <dptemp description="Dew Point Temperature" units="°C">2.2</dptemp>
        <relhum description="Relative Humidity" units="%">87</relhum>
        <winddir description="Wind Direction" units="10s deg">8</winddir>
        <windspd description="Wind Speed" units="km/h">7</windspd>
        <visibility description="Visibility" units="km">11.3</visibility>
        <stnpress description="Station Pressure" units="kPa">99.61</stnpress>
        <humidex description="Humidex"></humidex>
        <windchill description="Wind Chill"></windchill>
        <weather description="Weather">Mostly Cloudy</weather>
    </stationdata>
    <stationdata timetype="LST" day="4" hour="8" minute="0" month="1" year="1992">
        <temp description="Temperature" units="°C">4.0</temp>
        <dptemp description="Dew Point Temperature" units="°C">2.2</dptemp>
        <relhum description="Relative Humidity" units="%">88</relhum>
        <winddir description="Wind Direction" units="10s deg">9</winddir>
        <windspd description="Wind Speed" units="km/h">11</windspd>
        <visibility description="Visibility" units="km">9.7</visibility>
        <stnpress description="Station Pressure" units="kPa">99.54</stnpress>
        <humidex description="Humidex"></humidex>
        <windchill description="Wind Chill"></windchill>
        <weather description="Weather">Fog</weather>
    </stationdata>
    <stationdata timetype="LST" day="4" hour="9" minute="0" month="1" year="1992">
        <temp description="Temperature" units="°C">3.7</temp>
        <dptemp description="Dew Point Temperature" units="°C">2.2</dptemp>
        <relhum description="Relative Humidity" units="%">90</relhum>
        <winddir description="Wind Direction" units="10s deg">10</winddir>
        <windspd description="Wind Speed" units="km/h">9</windspd>
        <visibility description="Visibility" units="km">6.4</visibility>
        <stnpress description="Station Pressure" units="kPa">99.54</stnpress>
        <humidex description="Humidex"></humidex>
        <windchill description="Wind Chill"></windchill>
        <weather description="Weather">Fog</weather>
    </stationdata>
    <stationdata timetype="LST" day="4" hour="10" minute="0" month="1" year="1992">
        <temp description="Temperature" units="°C">4.1</temp>
        <dptemp description="Dew Point Temperature" units="°C">2.2</dptemp>
        <relhum description="Relative Humidity" units="%">87</relhum>
        <winddir description="Wind Direction" units="10s deg">9</winddir>
        <windspd description="Wind Speed" units="km/h">7</windspd>
        <visibility description="Visibility" units="km">6.4</visibility>
        <stnpress description="Station Pressure" units="kPa">99.61</stnpress>
        <humidex description="Humidex"></humidex>
        <windchill description="Wind Chill"></windchill>
        <weather description="Weather">Fog</weather>
    </stationdata>
    <stationdata timetype="LST" day="4" hour="11" minute="0" month="1" year="1992">
        <temp description="Temperature" units="°C">4.8</temp>
        <dptemp description="Dew Point Temperature" units="°C">3.3</dptemp>
        <relhum description="Relative Humidity" units="%">90</relhum>
        <winddir description="Wind Direction" units="10s deg">8</winddir>
        <windspd description="Wind Speed" units="km/h">9</windspd>
        <visibility description="Visibility" units="km">4.8</visibility>
        <stnpress description="Station Pressure" units="kPa">99.57</stnpress>
        <humidex description="Humidex"></humidex>
        <windchill description="Wind Chill"></windchill>
        <weather description="Weather">Fog</weather>
    </stationdata>
    <stationdata timetype="LST" day="4" hour="12" minute="0" month="1" year="1992">
        <temp description="Temperature" units="°C">6.2</temp>
        <dptemp description="Dew Point Temperature" units="°C">3.0</dptemp>
        <relhum description="Relative Humidity" units="%">80</relhum>
        <winddir description="Wind Direction" units="10s deg">9</winddir>
        <windspd description="Wind Speed" units="km/h">4</windspd>
        <visibility description="Visibility" units="km">8.0</visibility>
        <stnpress description="Station Pressure" units="kPa">99.47</stnpress>
        <humidex description="Humidex"></humidex>
        <windchill description="Wind Chill"></windchill>
        <weather description="Weather">Haze</weather>
    </stationdata>
    <stationdata timetype="LST" day="4" hour="13" minute="0" month="1" year="1992">
        <temp description="Temperature" units="°C">6.4</temp>
        <dptemp description="Dew Point Temperature" units="°C">3.1</dptemp>
        <relhum description="Relative Humidity" units="%">80</relhum>
        <winddir description="Wind Direction" units="10s deg"></winddir>
        <windspd description="Wind Speed" units="km/h">0</windspd>
        <visibility description="Visibility" units="km">9.7</visibility>
        <stnpress description="Station Pressure" units="kPa">99.41</stnpress>
        <humidex description="Humidex"></humidex>
        <windchill description="Wind Chill"></windchill>
        <weather description="Weather">Haze</weather>
    </stationdata>
    <stationdata timetype="LST" day="4" hour="14" minute="0" month="1" year="1992">
        <temp description="Temperature" units="°C">7.0</temp>
        <dptemp description="Dew Point Temperature" units="°C">3.2</dptemp>
        <relhum description="Relative Humidity" units="%">77</relhum>
        <winddir description="Wind Direction" units="10s deg">10</winddir>
        <windspd description="Wind Speed" units="km/h">4</windspd>
        <visibility description="Visibility" units="km">9.7</visibility>
        <stnpress description="Station Pressure" units="kPa">99.34</stnpress>
        <humidex description="Humidex"></humidex>
        <windchill description="Wind Chill"></windchill>
        <weather description="Weather">Haze</weather>
    </stationdata>
    <stationdata timetype="LST" day="4" hour="15" minute="0" month="1" year="1992">
        <temp description="Temperature" units="°C">6.0</temp>
        <dptemp description="Dew Point Temperature" units="°C">3.0</dptemp>
        <relhum description="Relative Humidity" units="%">81</relhum>
        <winddir description="Wind Direction" units="10s deg">4</winddir>
        <windspd description="Wind Speed" units="km/h">11</windspd>
        <visibility description="Visibility" units="km">8.0</visibility>
        <stnpress description="Station Pressure" units="kPa">99.37</stnpress>
        <humidex description="Humidex"></humidex>
        <windchill description="Wind Chill"></windchill>
        <weather description="Weather">Haze</weather>
    </stationdata>
    <stationdata timetype="LST" day="4" hour="16" minute="0" month="1" year="1992">
        <temp description="Temperature" units="°C">5.2</temp>
        <dptemp description="Dew Point Temperature" units="°C">2.4</dptemp>
        <relhum description="Relative Humidity" units="%">82</relhum>
        <winddir description="Wind Direction" units="10s deg">3</winddir>
        <windspd description="Wind Speed" units="km/h">6</windspd>
        <visibility description="Visibility" units="km">4.8</visibility>
        <stnpress description="Station Pressure" units="kPa">99.41</stnpress>
        <humidex description="Humidex"></humidex>
        <windchill description="Wind Chill"></windchill>
        <weather description="Weather">Haze</weather>
    </stationdata>
    <stationdata timetype="LST" day="4" hour="17" minute="0" month="1" year="1992">
        <temp description="Temperature" units="°C">4.2</temp>
        <dptemp description="Dew Point Temperature" units="°C">2.2</dptemp>
        <relhum description="Relative Humidity" units="%">87</relhum>
        <winddir description="Wind Direction" units="10s deg">1</winddir>
        <windspd description="Wind Speed" units="km/h">11</windspd>
        <visibility description="Visibility" units="km">4.0</visibility>
        <stnpress description="Station Pressure" units="kPa">99.37</stnpress>
        <humidex description="Humidex"></humidex>
        <windchill description="Wind Chill"></windchill>
        <weather description="Weather">Rain,Fog</weather>
    </stationdata>
    <stationdata timetype="LST" day="4" hour="18" minute="0" month="1" year="1992">
        <temp description="Temperature" units="°C">4.1</temp>
        <dptemp description="Dew Point Temperature" units="°C">2.7</dptemp>
        <relhum description="Relative Humidity" units="%">91</relhum>
        <winddir description="Wind Direction" units="10s deg">1</winddir>
        <windspd description="Wind Speed" units="km/h">9</windspd>
        <visibility description="Visibility" units="km">8.0</visibility>
        <stnpress description="Station Pressure" units="kPa">99.47</stnpress>
        <humidex description="Humidex"></humidex>
        <windchill description="Wind Chill"></windchill>
        <weather description="Weather">Drizzle,Fog</weather>
    </stationdata>
    <stationdata timetype="LST" day="4" hour="19" minute="0" month="1" year="1992">
        <temp description="Temperature" units="°C">2.9</temp>
        <dptemp description="Dew Point Temperature" units="°C">2.6</dptemp>
        <relhum description="Relative Humidity" units="%">98</relhum>
        <winddir description="Wind Direction" units="10s deg">33</winddir>
        <windspd description="Wind Speed" units="km/h">7</windspd>
        <visibility description="Visibility" units="km">4.8</visibility>
        <stnpress description="Station Pressure" units="kPa">99.44</stnpress>
        <humidex description="Humidex"></humidex>
        <windchill description="Wind Chill"></windchill>
        <weather description="Weather">Rain,Drizzle,Fog</weather>
    </stationdata>
    <stationdata timetype="LST" day="4" hour="20" minute="0" month="1" year="1992">
        <temp description="Temperature" units="°C">3.7</temp>
        <dptemp description="Dew Point Temperature" units="°C">3.1</dptemp>
        <relhum description="Relative Humidity" units="%">96</relhum>
        <winddir description="Wind Direction" units="10s deg">36</winddir>
        <windspd description="Wind Speed" units="km/h">11</windspd>
        <visibility description="Visibility" units="km">6.4</visibility>
        <stnpress description="Station Pressure" units="kPa">99.47</stnpress>
        <humidex description="Humidex"></humidex>
        <windchill description="Wind Chill"></windchill>
        <weather description="Weather">Fog</weather>
    </stationdata>
    <stationdata timetype="LST" day="4" hour="21" minute="0" month="1" year="1992">
        <temp description="Temperature" units="°C">3.4</temp>
        <dptemp description="Dew Point Temperature" units="°C">3.1</dptemp>
        <relhum description="Relative Humidity" units="%">98</relhum>
        <winddir description="Wind Direction" units="10s deg">35</winddir>
        <windspd description="Wind Speed" units="km/h">11</windspd>
        <visibility description="Visibility" units="km">2.8</visibility>
        <stnpress description="Station Pressure" units="kPa">99.51</stnpress>
        <humidex description="Humidex"></humidex>
        <windchill description="Wind Chill"></windchill>
        <weather description="Weather">Fog</weather>
    </stationdata>
    <stationdata timetype="LST" day="4" hour="22" minute="0" month="1" year="1992">
        <temp description="Temperature" units="°C">3.2</temp>
        <dptemp description="Dew Point Temperature" units="°C">2.6</dptemp>
        <relhum description="Relative Humidity" units="%">96</relhum>
        <winddir description="Wind Direction" units="10s deg">34</winddir>
        <windspd description="Wind Speed" units="km/h">11</windspd>
        <visibility description="Visibility" units="km">8.0</visibility>
        <stnpress description="Station Pressure" units="kPa">99.51</stnpress>
        <humidex description="Humidex"></humidex>
        <windchill description="Wind Chill"></windchill>
        <weather description="Weather">Fog</weather>
    </stationdata>
    <stationdata timetype="LST" day="4" hour="23" minute="0" month="1" year="1992">
        <temp description="Temperature" units="°C">3.3</temp>
        <dptemp description="Dew Point Temperature" units="°C">2.6</dptemp>
        <relhum description="Relative Humidity" units="%">95</relhum>
        <winddir description="Wind Direction" units="10s deg">35</winddir>
        <windspd description="Wind Speed" units="km/h">20</windspd>
        <visibility description="Visibility" units="km">12.9</visibility>
        <stnpress description="Station Pressure" units="kPa">99.57</stnpress>
        <humidex description="Humidex"></humidex>
        <windchill description="Wind Chill"></windchill>
        <weather description="Weather">Cloudy</weather>
    </stationdata>
    <stationdata timetype="LST" day="5" hour="0" minute="0" month="1" year="1992">
        <temp description="Temperature" units="°C">2.7</temp>
        <dptemp description="Dew Point Temperature" units="°C">1.6</dptemp>
        <relhum description="Relative Humidity" units="%">92</relhum>
        <winddir description="Wind Direction" units="10s deg">35</winddir>
        <windspd description="Wind Speed" units="km/h">20</windspd>
        <visibility description="Visibility" units="km">9.7</visibility>
        <stnpress description="Station Pressure" units="kPa">99.51</stnpress>
        <humidex description="Humidex"></humidex>
        <windchill description="Wind Chill"></windchill>
        <weather description="Weather">Fog</weather>
    </stationdata>
    <stationdata timetype="LST" day="5" hour="1" minute="0" month="1" year="1992">
        <temp description="Temperature" units="°C">2.5</temp>
        <dptemp description="Dew Point Temperature" units="°C">2.0</dptemp>
        <relhum description="Relative Humidity" units="%">96</relhum>
        <winddir description="Wind Direction" units="10s deg">36</winddir>
        <windspd description="Wind Speed" units="km/h">24</windspd>
        <visibility description="Visibility" units="km">9.7</visibility>
        <stnpress description="Station Pressure" units="kPa">99.47</stnpress>
        <humidex description="Humidex"></humidex>
        <windchill description="Wind Chill"></windchill>
        <weather description="Weather">Fog</weather>
    </stationdata>
    <stationdata timetype="LST" day="5" hour="2" minute="0" month="1" year="1992">
        <temp description="Temperature" units="°C">2.4</temp>
        <dptemp description="Dew Point Temperature" units="°C">1.6</dptemp>
        <relhum description="Relative Humidity" units="%">95</relhum>
        <winddir description="Wind Direction" units="10s deg">35</winddir>
        <windspd description="Wind Speed" units="km/h">26</windspd>
        <visibility description="Visibility" units="km">12.9</visibility>
        <stnpress description="Station Pressure" units="kPa">99.47</stnpress>
        <humidex description="Humidex"></humidex>
        <windchill description="Wind Chill"></windchill>
        <weather description="Weather">Cloudy</weather>
    </stationdata>
    <stationdata timetype="LST" day="5" hour="3" minute="0" month="1" year="1992">
        <temp description="Temperature" units="°C">2.5</temp>
        <dptemp description="Dew Point Temperature" units="°C">1.1</dptemp>
        <relhum description="Relative Humidity" units="%">91</relhum>
        <winddir description="Wind Direction" units="10s deg">34</winddir>
        <windspd description="Wind Speed" units="km/h">28</windspd>
        <visibility description="Visibility" units="km">12.9</visibility>
        <stnpress description="Station Pressure" units="kPa">99.51</stnpress>
        <humidex description="Humidex"></humidex>
        <windchill description="Wind Chill"></windchill>
        <weather description="Weather">Cloudy</weather>
    </stationdata>
    <stationdata timetype="LST" day="5" hour="4" minute="0" month="1" year="1992">
        <temp description="Temperature" units="°C">2.6</temp>
        <dptemp description="Dew Point Temperature" units="°C">1.1</dptemp>
        <relhum description="Relative Humidity" units="%">90</relhum>
        <winddir description="Wind Direction" units="10s deg">36</winddir>
        <windspd description="Wind Speed" units="km/h">22</windspd>
        <visibility description="Visibility" units="km">12.9</visibility>
        <stnpress description="Station Pressure" units="kPa">99.54</stnpress>
        <humidex description="Humidex"></humidex>
        <windchill description="Wind Chill"></windchill>
        <weather description="Weather">Cloudy</weather>
    </stationdata>
    <stationdata timetype="LST" day="5" hour="5" minute="0" month="1" year="1992">
        <temp description="Temperature" units="°C">2.4</temp>
        <dptemp description="Dew Point Temperature" units="°C">0.6</dptemp>
        <relhum description="Relative Humidity" units="%">88</relhum>
        <winddir description="Wind Direction" units="10s deg">35</winddir>
        <windspd description="Wind Speed" units="km/h">22</windspd>
        <visibility description="Visibility" units="km">16.1</visibility>
        <stnpress description="Station Pressure" units="kPa">99.57</stnpress>
        <humidex description="Humidex"></humidex>
        <windchill description="Wind Chill"></windchill>
        <weather description="Weather">Cloudy</weather>
    </stationdata>
    <stationdata timetype="LST" day="5" hour="6" minute="0" month="1" year="1992">
        <temp description="Temperature" units="°C">2.0</temp>
        <dptemp description="Dew Point Temperature" units="°C">0.1</dptemp>
        <relhum description="Relative Humidity" units="%">87</relhum>
        <winddir description="Wind Direction" units="10s deg">35</winddir>
        <windspd description="Wind Speed" units="km/h">24</windspd>
        <visibility description="Visibility" units="km">16.1</visibility>
        <stnpress description="Station Pressure" units="kPa">99.61</stnpress>
        <humidex description="Humidex"></humidex>
        <windchill description="Wind Chill"></windchill>
        <weather description="Weather">Mostly Cloudy</weather>
    </stationdata>
    <stationdata timetype="LST" day="5" hour="7" minute="0" month="1" year="1992">
        <temp description="Temperature" units="°C">1.8</temp>
        <dptemp description="Dew Point Temperature" units="°C">-0.4</dptemp>
        <relhum description="Relative Humidity" units="%">85</relhum>
        <winddir description="Wind Direction" units="10s deg">36</winddir>
        <windspd description="Wind Speed" units="km/h">24</windspd>
        <visibility description="Visibility" units="km">19.3</visibility>
        <stnpress description="Station Pressure" units="kPa">99.64</stnpress>
        <humidex description="Humidex"></humidex>
        <windchill description="Wind Chill"></windchill>
        <weather description="Weather">Mostly Cloudy</weather>
    </stationdata>
    <stationdata timetype="LST" day="5" hour="8" minute="0" month="1" year="1992">
        <temp description="Temperature" units="°C">1.5</temp>
        <dptemp description="Dew Point Temperature" units="°C">-1.0</dptemp>
        <relhum description="Relative Humidity" units="%">83</relhum>
        <winddir description="Wind Direction" units="10s deg">1</winddir>
        <windspd description="Wind Speed" units="km/h">22</windspd>
        <visibility description="Visibility" units="km">24.1</visibility>
        <stnpress description="Station Pressure" units="kPa">99.71</stnpress>
        <humidex description="Humidex"></humidex>
        <windchill description="Wind Chill"></windchill>
        <weather description="Weather">Cloudy</weather>
    </stationdata>
    <stationdata timetype="LST" day="5" hour="9" minute="0" month="1" year="1992">
        <temp description="Temperature" units="°C">1.7</temp>
        <dptemp description="Dew Point Temperature" units="°C">-1.0</dptemp>
        <relhum description="Relative Humidity" units="%">82</relhum>
        <winddir description="Wind Direction" units="10s deg">1</winddir>
        <windspd description="Wind Speed" units="km/h">24</windspd>
        <visibility description="Visibility" units="km">24.1</visibility>
        <stnpress description="Station Pressure" units="kPa">99.74</stnpress>
        <humidex description="Humidex"></humidex>
        <windchill description="Wind Chill"></windchill>
        <weather description="Weather">Cloudy</weather>
    </stationdata>
    <stationdata timetype="LST" day="5" hour="10" minute="0" month="1" year="1992">
        <temp description="Temperature" units="°C">1.9</temp>
        <dptemp description="Dew Point Temperature" units="°C">-0.4</dptemp>
        <relhum description="Relative Humidity" units="%">85</relhum>
        <winddir description="Wind Direction" units="10s deg">35</winddir>
        <windspd description="Wind Speed" units="km/h">15</windspd>
        <visibility description="Visibility" units="km">24.1</visibility>
        <stnpress description="Station Pressure" units="kPa">99.77</stnpress>
        <humidex description="Humidex"></humidex>
        <windchill description="Wind Chill"></windchill>
        <weather description="Weather">Mostly Cloudy</weather>
    </stationdata>
    <stationdata timetype="LST" day="5" hour="11" minute="0" month="1" year="1992">
        <temp description="Temperature" units="°C">3.0</temp>
        <dptemp description="Dew Point Temperature" units="°C">-0.4</dptemp>
        <relhum description="Relative Humidity" units="%">78</relhum>
        <winddir description="Wind Direction" units="10s deg">34</winddir>
        <windspd description="Wind Speed" units="km/h">19</windspd>
        <visibility description="Visibility" units="km">32.2</visibility>
        <stnpress description="Station Pressure" units="kPa">99.77</stnpress>
        <humidex description="Humidex"></humidex>
        <windchill description="Wind Chill"></windchill>
        <weather description="Weather">Mostly Cloudy</weather>
    </stationdata>
    <stationdata timetype="LST" day="5" hour="12" minute="0" month="1" year="1992">
        <temp description="Temperature" units="°C">2.9</temp>
        <dptemp description="Dew Point Temperature" units="°C">-0.9</dptemp>
        <relhum description="Relative Humidity" units="%">76</relhum>
        <winddir description="Wind Direction" units="10s deg">35</winddir>
        <windspd description="Wind Speed" units="km/h">30</windspd>
        <visibility description="Visibility" units="km">40.2</visibility>
        <stnpress description="Station Pressure" units="kPa">99.64</stnpress>
        <humidex description="Humidex"></humidex>
        <windchill description="Wind Chill"></windchill>
        <weather description="Weather">Mainly Clear</weather>
    </stationdata>
    <stationdata timetype="LST" day="5" hour="13" minute="0" month="1" year="1992">
        <temp description="Temperature" units="°C">3.4</temp>
        <dptemp description="Dew Point Temperature" units="°C">-0.9</dptemp>
        <relhum description="Relative Humidity" units="%">73</relhum>
        <winddir description="Wind Direction" units="10s deg">36</winddir>
        <windspd description="Wind Speed" units="km/h">26</windspd>
        <visibility description="Visibility" units="km">40.2</visibility>
        <stnpress description="Station Pressure" units="kPa">99.61</stnpress>
        <humidex description="Humidex"></humidex>
        <windchill description="Wind Chill"></windchill>
        <weather description="Weather">Mainly Clear</weather>
    </stationdata>
    <stationdata timetype="LST" day="5" hour="14" minute="0" month="1" year="1992">
        <temp description="Temperature" units="°C">3.0</temp>
        <dptemp description="Dew Point Temperature" units="°C">-1.5</dptemp>
        <relhum description="Relative Humidity" units="%">72</relhum>
        <winddir description="Wind Direction" units="10s deg">35</winddir>
        <windspd description="Wind Speed" units="km/h">22</windspd>
        <visibility description="Visibility" units="km">40.2</visibility>
        <stnpress description="Station Pressure" units="kPa">99.54</stnpress>
        <humidex description="Humidex"></humidex>
        <windchill description="Wind Chill"></windchill>
        <weather description="Weather">Mainly Clear</weather>
    </stationdata>
    <stationdata timetype="LST" day="5" hour="15" minute="0" month="1" year="1992">
        <temp description="Temperature" units="°C">2.9</temp>
        <dptemp description="Dew Point Temperature" units="°C">-2.0</dptemp>
        <relhum description="Relative Humidity" units="%">70</relhum>
        <winddir description="Wind Direction" units="10s deg">36</winddir>
        <windspd description="Wind Speed" units="km/h">26</windspd>
        <visibility description="Visibility" units="km">40.2</visibility>
        <stnpress description="Station Pressure" units="kPa">99.54</stnpress>
        <humidex description="Humidex"></humidex>
        <windchill description="Wind Chill"></windchill>
        <weather description="Weather">Mainly Clear</weather>
    </stationdata>
    <stationdata timetype="LST" day="5" hour="16" minute="0" month="1" year="1992">
        <temp description="Temperature" units="°C">2.4</temp>
        <dptemp description="Dew Point Temperature" units="°C">-2.6</dptemp>
        <relhum description="Relative Humidity" units="%">69</relhum>
        <winddir description="Wind Direction" units="10s deg">35</winddir>
        <windspd description="Wind Speed" units="km/h">22</windspd>
        <visibility description="Visibility" units="km">32.2</visibility>
        <stnpress description="Station Pressure" units="kPa">99.51</stnpress>
        <humidex description="Humidex"></humidex>
        <windchill description="Wind Chill"></windchill>
        <weather description="Weather">Mainly Clear</weather>
    </stationdata>
    <stationdata timetype="LST" day="5" hour="17" minute="0" month="1" year="1992">
        <temp description="Temperature" units="°C">1.0</temp>
        <dptemp description="Dew Point Temperature" units="°C">-1.5</dptemp>
        <relhum description="Relative Humidity" units="%">83</relhum>
        <winddir description="Wind Direction" units="10s deg">34</winddir>
        <windspd description="Wind Speed" units="km/h">15</windspd>
        <visibility description="Visibility" units="km">32.2</visibility>
        <stnpress description="Station Pressure" units="kPa">99.51</stnpress>
        <humidex description="Humidex"></humidex>
        <windchill description="Wind Chill"></windchill>
        <weather description="Weather">Mainly Clear</weather>
    </stationdata>
    <stationdata timetype="LST" day="5" hour="18" minute="0" month="1" year="1992">
        <temp description="Temperature" units="°C">0.7</temp>
        <dptemp description="Dew Point Temperature" units="°C">-1.4</dptemp>
        <relhum description="Relative Humidity" units="%">86</relhum>
        <winddir description="Wind Direction" units="10s deg">33</winddir>
        <windspd description="Wind Speed" units="km/h">15</windspd>
        <visibility description="Visibility" units="km">25.0</visibility>
        <stnpress description="Station Pressure" units="kPa">99.51</stnpress>
        <humidex description="Humidex"></humidex>
        <windchill description="Wind Chill"></windchill>
        <weather description="Weather">Mostly Cloudy</weather>
    </stationdata>
    <stationdata timetype="LST" day="5" hour="19" minute="0" month="1" year="1992">
        <temp description="Temperature" units="°C">1.5</temp>
        <dptemp description="Dew Point Temperature" units="°C">-2.1</dptemp>
        <relhum description="Relative Humidity" units="%">77</relhum>
        <winddir description="Wind Direction" units="10s deg">35</winddir>
        <windspd description="Wind Speed" units="km/h">19</windspd>
        <visibility description="Visibility" units="km">25.0</visibility>
        <stnpress description="Station Pressure" units="kPa">99.47</stnpress>
        <humidex description="Humidex"></humidex>
        <windchill description="Wind Chill"></windchill>
        <weather description="Weather">Mostly Cloudy</weather>
    </stationdata>
    <stationdata timetype="LST" day="5" hour="20" minute="0" month="1" year="1992">
        <temp description="Temperature" units="°C">1.1</temp>
        <dptemp description="Dew Point Temperature" units="°C">-1.9</dptemp>
        <relhum description="Relative Humidity" units="%">80</relhum>
        <winddir description="Wind Direction" units="10s deg">33</winddir>
        <windspd description="Wind Speed" units="km/h">15</windspd>
        <visibility description="Visibility" units="km">25.0</visibility>
        <stnpress description="Station Pressure" units="kPa">99.47</stnpress>
        <humidex description="Humidex"></humidex>
        <windchill description="Wind Chill"></windchill>
        <weather description="Weather">Cloudy</weather>
    </stationdata>
    <stationdata timetype="LST" day="5" hour="21" minute="0" month="1" year="1992">
        <temp description="Temperature" units="°C">1.0</temp>
        <dptemp description="Dew Point Temperature" units="°C">-1.9</dptemp>
        <relhum description="Relative Humidity" units="%">81</relhum>
        <winddir description="Wind Direction" units="10s deg">32</winddir>
        <windspd description="Wind Speed" units="km/h">15</windspd>
        <visibility description="Visibility" units="km">25.0</visibility>
        <stnpress description="Station Pressure" units="kPa">99.37</stnpress>
        <humidex description="Humidex"></humidex>
        <windchill description="Wind Chill"></windchill>
        <weather description="Weather">Mostly Cloudy</weather>
    </stationdata>
    <stationdata timetype="LST" day="5" hour="22" minute="0" month="1" year="1992">
        <temp description="Temperature" units="°C">0.9</temp>
        <dptemp description="Dew Point Temperature" units="°C">-2.4</dptemp>
        <relhum description="Relative Humidity" units="%">79</relhum>
        <winddir description="Wind Direction" units="10s deg">34</winddir>
        <windspd description="Wind Speed" units="km/h">17</windspd>
        <visibility description="Visibility" units="km">25.0</visibility>
        <stnpress description="Station Pressure" units="kPa">99.31</stnpress>
        <humidex description="Humidex"></humidex>
        <windchill description="Wind Chill"></windchill>
        <weather description="Weather">Cloudy</weather>
    </stationdata>
    <stationdata timetype="LST" day="5" hour="23" minute="0" month="1" year="1992">
        <temp description="Temperature" units="°C">0.5</temp>
        <dptemp description="Dew Point Temperature" units="°C">-2.5</dptemp>
        <relhum description="Relative Humidity" units="%">80</relhum>
        <winddir description="Wind Direction" units="10s deg">33</winddir>
        <windspd description="Wind Speed" units="km/h">22</windspd>
        <visibility description="Visibility" units="km">25.0</visibility>
        <stnpress description="Station Pressure" units="kPa">99.31</stnpress>
        <humidex description="Humidex"></humidex>
        <windchill description="Wind Chill"></windchill>
        <weather description="Weather">Cloudy</weather>
    </stationdata>
    <stationdata timetype="LST" day="6" hour="0" minute="0" month="1" year="1992">
        <temp description="Temperature" units="°C">0.0</temp>
        <dptemp description="Dew Point Temperature" units="°C">-2.3</dptemp>
        <relhum description="Relative Humidity" units="%">85</relhum>
        <winddir description="Wind Direction" units="10s deg">34</winddir>
        <windspd description="Wind Speed" units="km/h">15</windspd>
        <visibility description="Visibility" units="km">25.0</visibility>
        <stnpress description="Station Pressure" units="kPa">99.27</stnpress>
        <humidex description="Humidex"></humidex>
        <windchill description="Wind Chill">-4</windchill>
        <weather description="Weather">Cloudy</weather>
    </stationdata>
    <stationdata timetype="LST" day="6" hour="1" minute="0" month="1" year="1992">
        <temp description="Temperature" units="°C">-0.1</temp>
        <dptemp description="Dew Point Temperature" units="°C">-2.2</dptemp>
        <relhum description="Relative Humidity" units="%">86</relhum>
        <winddir description="Wind Direction" units="10s deg">34</winddir>
        <windspd description="Wind Speed" units="km/h">15</windspd>
        <visibility description="Visibility" units="km">25.0</visibility>
        <stnpress description="Station Pressure" units="kPa">99.24</stnpress>
        <humidex description="Humidex"></humidex>
        <windchill description="Wind Chill">-5</windchill>
        <weather description="Weather">Cloudy</weather>
    </stationdata>
    <stationdata timetype="LST" day="6" hour="2" minute="0" month="1" year="1992">
        <temp description="Temperature" units="°C">-0.2</temp>
        <dptemp description="Dew Point Temperature" units="°C">-2.6</dptemp>
        <relhum description="Relative Humidity" units="%">84</relhum>
        <winddir description="Wind Direction" units="10s deg">33</winddir>
        <windspd description="Wind Speed" units="km/h">19</windspd>
        <visibility description="Visibility" units="km">25.0</visibility>
        <stnpress description="Station Pressure" units="kPa">99.21</stnpress>
        <humidex description="Humidex"></humidex>
        <windchill description="Wind Chill">-5</windchill>
        <weather description="Weather">Cloudy</weather>
    </stationdata>
    <stationdata timetype="LST" day="6" hour="3" minute="0" month="1" year="1992">
        <temp description="Temperature" units="°C">-0.2</temp>
        <dptemp description="Dew Point Temperature" units="°C">-2.6</dptemp>
        <relhum description="Relative Humidity" units="%">84</relhum>
        <winddir description="Wind Direction" units="10s deg">33</winddir>
        <windspd description="Wind Speed" units="km/h">17</windspd>
        <visibility description="Visibility" units="km">25.0</visibility>
        <stnpress description="Station Pressure" units="kPa">99.21</stnpress>
        <humidex description="Humidex"></humidex>
        <windchill description="Wind Chill">-5</windchill>
        <weather description="Weather">Cloudy</weather>
    </stationdata>
    <stationdata timetype="LST" day="6" hour="4" minute="0" month="1" year="1992">
        <temp description="Temperature" units="°C">-0.2</temp>
        <dptemp description="Dew Point Temperature" units="°C">-2.3</dptemp>
        <relhum description="Relative Humidity" units="%">86</relhum>
        <winddir description="Wind Direction" units="10s deg">32</winddir>
        <windspd description="Wind Speed" units="km/h">11</windspd>
        <visibility description="Visibility" units="km">25.0</visibility>
        <stnpress description="Station Pressure" units="kPa">99.14</stnpress>
        <humidex description="Humidex"></humidex>
        <windchill description="Wind Chill">-4</windchill>
        <weather description="Weather">Cloudy</weather>
    </stationdata>
    <stationdata timetype="LST" day="6" hour="5" minute="0" month="1" year="1992">
        <temp description="Temperature" units="°C">-0.4</temp>
        <dptemp description="Dew Point Temperature" units="°C">-2.3</dptemp>
        <relhum description="Relative Humidity" units="%">87</relhum>
        <winddir description="Wind Direction" units="10s deg">31</winddir>
        <windspd description="Wind Speed" units="km/h">17</windspd>
        <visibility description="Visibility" units="km">25.0</visibility>
        <stnpress description="Station Pressure" units="kPa">99.14</stnpress>
        <humidex description="Humidex"></humidex>
        <windchill description="Wind Chill">-5</windchill>
        <weather description="Weather">Cloudy</weather>
    </stationdata>
    <stationdata timetype="LST" day="6" hour="6" minute="0" month="1" year="1992">
        <temp description="Temperature" units="°C">-0.1</temp>
        <dptemp description="Dew Point Temperature" units="°C">-2.4</dptemp>
        <relhum description="Relative Humidity" units="%">85</relhum>
        <winddir description="Wind Direction" units="10s deg">31</winddir>
        <windspd description="Wind Speed" units="km/h">11</windspd>
        <visibility description="Visibility" units="km">25.0</visibility>
        <stnpress description="Station Pressure" units="kPa">99.11</stnpress>
        <humidex description="Humidex"></humidex>
        <windchill description="Wind Chill">-4</windchill>
        <weather description="Weather">Cloudy</weather>
    </stationdata>
    <stationdata timetype="LST" day="6" hour="7" minute="0" month="1" year="1992">
        <temp description="Temperature" units="°C">-0.2</temp>
        <dptemp description="Dew Point Temperature" units="°C">-2.3</dptemp>
        <relhum description="Relative Humidity" units="%">86</relhum>
        <winddir description="Wind Direction" units="10s deg">31</winddir>
        <windspd description="Wind Speed" units="km/h">19</windspd>
        <visibility description="Visibility" units="km">25.0</visibility>
        <stnpress description="Station Pressure" units="kPa">99.14</stnpress>
        <humidex description="Humidex"></humidex>
        <windchill description="Wind Chill">-5</windchill>
        <weather description="Weather">Cloudy</weather>
    </stationdata>
    <stationdata timetype="LST" day="6" hour="8" minute="0" month="1" year="1992">
        <temp description="Temperature" units="°C">-0.1</temp>
        <dptemp description="Dew Point Temperature" units="°C">-2.2</dptemp>
        <relhum description="Relative Humidity" units="%">86</relhum>
        <winddir description="Wind Direction" units="10s deg">30</winddir>
        <windspd description="Wind Speed" units="km/h">22</windspd>
        <visibility description="Visibility" units="km">24.1</visibility>
        <stnpress description="Station Pressure" units="kPa">99.11</stnpress>
        <humidex description="Humidex"></humidex>
        <windchill description="Wind Chill">-6</windchill>
        <weather description="Weather">Cloudy</weather>
    </stationdata>
    <stationdata timetype="LST" day="6" hour="9" minute="0" month="1" year="1992">
        <temp description="Temperature" units="°C">-0.2</temp>
        <dptemp description="Dew Point Temperature" units="°C">-2.6</dptemp>
        <relhum description="Relative Humidity" units="%">84</relhum>
        <winddir description="Wind Direction" units="10s deg">30</winddir>
        <windspd description="Wind Speed" units="km/h">4</windspd>
        <visibility description="Visibility" units="km">19.3</visibility>
        <stnpress description="Station Pressure" units="kPa">99.17</stnpress>
        <humidex description="Humidex"></humidex>
        <windchill description="Wind Chill">-1</windchill>
        <weather description="Weather">Cloudy</weather>
    </stationdata>
    <stationdata timetype="LST" day="6" hour="10" minute="0" month="1" year="1992">
        <temp description="Temperature" units="°C">0.3</temp>
        <dptemp description="Dew Point Temperature" units="°C">-2.2</dptemp>
        <relhum description="Relative Humidity" units="%">83</relhum>
        <winddir description="Wind Direction" units="10s deg"></winddir>
        <windspd description="Wind Speed" units="km/h">0</windspd>
        <visibility description="Visibility" units="km">19.3</visibility>
        <stnpress description="Station Pressure" units="kPa">99.14</stnpress>
        <humidex description="Humidex"></humidex>
        <windchill description="Wind Chill"></windchill>
        <weather description="Weather">Cloudy</weather>
    </stationdata>
    <stationdata timetype="LST" day="6" hour="11" minute="0" month="1" year="1992">
        <temp description="Temperature" units="°C">1.0</temp>
        <dptemp description="Dew Point Temperature" units="°C">-1.9</dptemp>
        <relhum description="Relative Humidity" units="%">81</relhum>
        <winddir description="Wind Direction" units="10s deg">29</winddir>
        <windspd description="Wind Speed" units="km/h">17</windspd>
        <visibility description="Visibility" units="km">19.3</visibility>
        <stnpress description="Station Pressure" units="kPa">99.11</stnpress>
        <humidex description="Humidex"></humidex>
        <windchill description="Wind Chill"></windchill>
        <weather description="Weather">Cloudy</weather>
    </stationdata>
    <stationdata timetype="LST" day="6" hour="12" minute="0" month="1" year="1992">
        <temp description="Temperature" units="°C">1.3</temp>
        <dptemp description="Dew Point Temperature" units="°C">-2.1</dptemp>
        <relhum description="Relative Humidity" units="%">78</relhum>
        <winddir description="Wind Direction" units="10s deg">28</winddir>
        <windspd description="Wind Speed" units="km/h">19</windspd>
        <visibility description="Visibility" units="km">24.1</visibility>
        <stnpress description="Station Pressure" units="kPa">99.01</stnpress>
        <humidex description="Humidex"></humidex>
        <windchill description="Wind Chill"></windchill>
        <weather description="Weather">Cloudy</weather>
    </stationdata>
    <stationdata timetype="LST" day="6" hour="13" minute="0" month="1" year="1992">
        <temp description="Temperature" units="°C">1.3</temp>
        <dptemp description="Dew Point Temperature" units="°C">-2.1</dptemp>
        <relhum description="Relative Humidity" units="%">78</relhum>
        <winddir description="Wind Direction" units="10s deg">28</winddir>
        <windspd description="Wind Speed" units="km/h">30</windspd>
        <visibility description="Visibility" units="km">24.1</visibility>
        <stnpress description="Station Pressure" units="kPa">98.94</stnpress>
        <humidex description="Humidex"></humidex>
        <windchill description="Wind Chill"></windchill>
        <weather description="Weather">Cloudy</weather>
    </stationdata>
    <stationdata timetype="LST" day="6" hour="14" minute="0" month="1" year="1992">
        <temp description="Temperature" units="°C">1.3</temp>
        <dptemp description="Dew Point Temperature" units="°C">-2.4</dptemp>
        <relhum description="Relative Humidity" units="%">76</relhum>
        <winddir description="Wind Direction" units="10s deg">29</winddir>
        <windspd description="Wind Speed" units="km/h">19</windspd>
        <visibility description="Visibility" units="km">24.1</visibility>
        <stnpress description="Station Pressure" units="kPa">98.94</stnpress>
        <humidex description="Humidex"></humidex>
        <windchill description="Wind Chill"></windchill>
        <weather description="Weather">Cloudy</weather>
    </stationdata>
    <stationdata timetype="LST" day="6" hour="15" minute="0" month="1" year="1992">
        <temp description="Temperature" units="°C">1.1</temp>
        <dptemp description="Dew Point Temperature" units="°C">-2.4</dptemp>
        <relhum description="Relative Humidity" units="%">77</relhum>
        <winddir description="Wind Direction" units="10s deg">27</winddir>
        <windspd description="Wind Speed" units="km/h">24</windspd>
        <visibility description="Visibility" units="km">24.1</visibility>
        <stnpress description="Station Pressure" units="kPa">98.94</stnpress>
        <humidex description="Humidex"></humidex>
        <windchill description="Wind Chill"></windchill>
        <weather description="Weather">Cloudy</weather>
    </stationdata>
    <stationdata timetype="LST" day="6" hour="16" minute="0" month="1" year="1992">
        <temp description="Temperature" units="°C">1.1</temp>
        <dptemp description="Dew Point Temperature" units="°C">-2.4</dptemp>
        <relhum description="Relative Humidity" units="%">77</relhum>
        <winddir description="Wind Direction" units="10s deg">29</winddir>
        <windspd description="Wind Speed" units="km/h">17</windspd>
        <visibility description="Visibility" units="km">24.1</visibility>
        <stnpress description="Station Pressure" units="kPa">98.94</stnpress>
        <humidex description="Humidex"></humidex>
        <windchill description="Wind Chill"></windchill>
        <weather description="Weather">Mostly Cloudy</weather>
    </stationdata>
    <stationdata timetype="LST" day="6" hour="17" minute="0" month="1" year="1992">
        <temp description="Temperature" units="°C">0.9</temp>
        <dptemp description="Dew Point Temperature" units="°C">-1.9</dptemp>
        <relhum description="Relative Humidity" units="%">82</relhum>
        <winddir description="Wind Direction" units="10s deg">29</winddir>
        <windspd description="Wind Speed" units="km/h">19</windspd>
        <visibility description="Visibility" units="km">24.1</visibility>
        <stnpress description="Station Pressure" units="kPa">99.01</stnpress>
        <humidex description="Humidex"></humidex>
        <windchill description="Wind Chill"></windchill>
        <weather description="Weather">Cloudy</weather>
    </stationdata>
    <stationdata timetype="LST" day="6" hour="18" minute="0" month="1" year="1992">
        <temp description="Temperature" units="°C">1.0</temp>
        <dptemp description="Dew Point Temperature" units="°C">-2.4</dptemp>
        <relhum description="Relative Humidity" units="%">78</relhum>
        <winddir description="Wind Direction" units="10s deg">29</winddir>
        <windspd description="Wind Speed" units="km/h">17</windspd>
        <visibility description="Visibility" units="km">25.0</visibility>
        <stnpress description="Station Pressure" units="kPa">99.04</stnpress>
        <humidex description="Humidex"></humidex>
        <windchill description="Wind Chill"></windchill>
        <weather description="Weather">Cloudy</weather>
    </stationdata>
    <stationdata timetype="LST" day="6" hour="19" minute="0" month="1" year="1992">
        <temp description="Temperature" units="°C">0.9</temp>
        <dptemp description="Dew Point Temperature" units="°C">-1.9</dptemp>
        <relhum description="Relative Humidity" units="%">82</relhum>
        <winddir description="Wind Direction" units="10s deg">29</winddir>
        <windspd description="Wind Speed" units="km/h">19</windspd>
        <visibility description="Visibility" units="km">25.0</visibility>
        <stnpress description="Station Pressure" units="kPa">99.11</stnpress>
        <humidex description="Humidex"></humidex>
        <windchill description="Wind Chill"></windchill>
        <weather description="Weather">Cloudy</weather>
    </stationdata>
    <stationdata timetype="LST" day="6" hour="20" minute="0" month="1" year="1992">
        <temp description="Temperature" units="°C">1.0</temp>
        <dptemp description="Dew Point Temperature" units="°C">-1.9</dptemp>
        <relhum description="Relative Humidity" units="%">81</relhum>
        <winddir description="Wind Direction" units="10s deg">28</winddir>
        <windspd description="Wind Speed" units="km/h">17</windspd>
        <visibility description="Visibility" units="km">25.0</visibility>
        <stnpress description="Station Pressure" units="kPa">99.11</stnpress>
        <humidex description="Humidex"></humidex>
        <windchill description="Wind Chill"></windchill>
        <weather description="Weather">Cloudy</weather>
    </stationdata>
    <stationdata timetype="LST" day="6" hour="21" minute="0" month="1" year="1992">
        <temp description="Temperature" units="°C">1.2</temp>
        <dptemp description="Dew Point Temperature" units="°C">-1.5</dptemp>
        <relhum description="Relative Humidity" units="%">82</relhum>
        <winddir description="Wind Direction" units="10s deg">28</winddir>
        <windspd description="Wind Speed" units="km/h">19</windspd>
        <visibility description="Visibility" units="km">24.1</visibility>
        <stnpress description="Station Pressure" units="kPa">99.07</stnpress>
        <humidex description="Humidex"></humidex>
        <windchill description="Wind Chill"></windchill>
        <weather description="Weather">Rain Showers</weather>
    </stationdata>
    <stationdata timetype="LST" day="6" hour="22" minute="0" month="1" year="1992">
        <temp description="Temperature" units="°C">1.5</temp>
        <dptemp description="Dew Point Temperature" units="°C">-1.0</dptemp>
        <relhum description="Relative Humidity" units="%">83</relhum>
        <winddir description="Wind Direction" units="10s deg">29</winddir>
        <windspd description="Wind Speed" units="km/h">17</windspd>
        <visibility description="Visibility" units="km">19.3</visibility>
        <stnpress description="Station Pressure" units="kPa">99.04</stnpress>
        <humidex description="Humidex"></humidex>
        <windchill description="Wind Chill"></windchill>
        <weather description="Weather">Cloudy</weather>
    </stationdata>
    <stationdata timetype="LST" day="6" hour="23" minute="0" month="1" year="1992">
        <temp description="Temperature" units="°C">2.0</temp>
        <dptemp description="Dew Point Temperature" units="°C">-2.1</dptemp>
        <relhum description="Relative Humidity" units="%">74</relhum>
        <winddir description="Wind Direction" units="10s deg">31</winddir>
        <windspd description="Wind Speed" units="km/h">30</windspd>
        <visibility description="Visibility" units="km">25.0</visibility>
        <stnpress description="Station Pressure" units="kPa">99.07</stnpress>
        <humidex description="Humidex"></humidex>
        <windchill description="Wind Chill"></windchill>
        <weather description="Weather">Cloudy</weather>
    </stationdata>
    <stationdata timetype="LST" day="7" hour="0" minute="0" month="1" year="1992">
        <temp description="Temperature" units="°C">1.8</temp>
        <dptemp description="Dew Point Temperature" units="°C">-2.1</dptemp>
        <relhum description="Relative Humidity" units="%">75</relhum>
        <winddir description="Wind Direction" units="10s deg">31</winddir>
        <windspd description="Wind Speed" units="km/h">26</windspd>
        <visibility description="Visibility" units="km">25.0</visibility>
        <stnpress description="Station Pressure" units="kPa">99.11</stnpress>
        <humidex description="Humidex"></humidex>
        <windchill description="Wind Chill"></windchill>
        <weather description="Weather">Cloudy</weather>
    </stationdata>
    <stationdata timetype="LST" day="7" hour="1" minute="0" month="1" year="1992">
        <temp description="Temperature" units="°C">1.7</temp>
        <dptemp description="Dew Point Temperature" units="°C">-2.1</dptemp>
        <relhum description="Relative Humidity" units="%">76</relhum>
        <winddir description="Wind Direction" units="10s deg">32</winddir>
        <windspd description="Wind Speed" units="km/h">20</windspd>
        <visibility description="Visibility" units="km">25.0</visibility>
        <stnpress description="Station Pressure" units="kPa">99.14</stnpress>
        <humidex description="Humidex"></humidex>
        <windchill description="Wind Chill"></windchill>
        <weather description="Weather">Cloudy</weather>
    </stationdata>
    <stationdata timetype="LST" day="7" hour="2" minute="0" month="1" year="1992">
        <temp description="Temperature" units="°C">1.7</temp>
        <dptemp description="Dew Point Temperature" units="°C">-1.5</dptemp>
        <relhum description="Relative Humidity" units="%">79</relhum>
        <winddir description="Wind Direction" units="10s deg">29</winddir>
        <windspd description="Wind Speed" units="km/h">11</windspd>
        <visibility description="Visibility" units="km">24.1</visibility>
        <stnpress description="Station Pressure" units="kPa">99.21</stnpress>
        <humidex description="Humidex"></humidex>
        <windchill description="Wind Chill"></windchill>
        <weather description="Weather">Cloudy</weather>
    </stationdata>
    <stationdata timetype="LST" day="7" hour="3" minute="0" month="1" year="1992">
        <temp description="Temperature" units="°C">1.8</temp>
        <dptemp description="Dew Point Temperature" units="°C">-1.0</dptemp>
        <relhum description="Relative Humidity" units="%">82</relhum>
        <winddir description="Wind Direction" units="10s deg">27</winddir>
        <windspd description="Wind Speed" units="km/h">9</windspd>
        <visibility description="Visibility" units="km">24.1</visibility>
        <stnpress description="Station Pressure" units="kPa">99.24</stnpress>
        <humidex description="Humidex"></humidex>
        <windchill description="Wind Chill"></windchill>
        <weather description="Weather">Rain Showers</weather>
    </stationdata>
    <stationdata timetype="LST" day="7" hour="4" minute="0" month="1" year="1992">
        <temp description="Temperature" units="°C">1.7</temp>
        <dptemp description="Dew Point Temperature" units="°C">-1.0</dptemp>
        <relhum description="Relative Humidity" units="%">82</relhum>
        <winddir description="Wind Direction" units="10s deg">29</winddir>
        <windspd description="Wind Speed" units="km/h">22</windspd>
        <visibility description="Visibility" units="km">16.1</visibility>
        <stnpress description="Station Pressure" units="kPa">99.27</stnpress>
        <humidex description="Humidex"></humidex>
        <windchill description="Wind Chill"></windchill>
        <weather description="Weather">Rain Showers</weather>
    </stationdata>
    <stationdata timetype="LST" day="7" hour="5" minute="0" month="1" year="1992">
        <temp description="Temperature" units="°C">1.8</temp>
        <dptemp description="Dew Point Temperature" units="°C">-1.0</dptemp>
        <relhum description="Relative Humidity" units="%">82</relhum>
        <winddir description="Wind Direction" units="10s deg">27</winddir>
        <windspd description="Wind Speed" units="km/h">19</windspd>
        <visibility description="Visibility" units="km">24.1</visibility>
        <stnpress description="Station Pressure" units="kPa">99.31</stnpress>
        <humidex description="Humidex"></humidex>
        <windchill description="Wind Chill"></windchill>
        <weather description="Weather">Cloudy</weather>
    </stationdata>
    <stationdata timetype="LST" day="7" hour="6" minute="0" month="1" year="1992">
        <temp description="Temperature" units="°C">1.2</temp>
        <dptemp description="Dew Point Temperature" units="°C">-1.0</dptemp>
        <relhum description="Relative Humidity" units="%">85</relhum>
        <winddir description="Wind Direction" units="10s deg">26</winddir>
        <windspd description="Wind Speed" units="km/h">13</windspd>
        <visibility description="Visibility" units="km">24.1</visibility>
        <stnpress description="Station Pressure" units="kPa">99.37</stnpress>
        <humidex description="Humidex"></humidex>
        <windchill description="Wind Chill"></windchill>
        <weather description="Weather">Cloudy</weather>
    </stationdata>
    <stationdata timetype="LST" day="7" hour="7" minute="0" month="1" year="1992">
        <temp description="Temperature" units="°C">1.1</temp>
        <dptemp description="Dew Point Temperature" units="°C">-0.5</dptemp>
        <relhum description="Relative Humidity" units="%">89</relhum>
        <winddir description="Wind Direction" units="10s deg">26</winddir>
        <windspd description="Wind Speed" units="km/h">15</windspd>
        <visibility description="Visibility" units="km">24.1</visibility>
        <stnpress description="Station Pressure" units="kPa">99.44</stnpress>
        <humidex description="Humidex"></humidex>
        <windchill description="Wind Chill"></windchill>
        <weather description="Weather">Cloudy</weather>
    </stationdata>
    <stationdata timetype="LST" day="7" hour="8" minute="0" month="1" year="1992">
        <temp description="Temperature" units="°C">0.8</temp>
        <dptemp description="Dew Point Temperature" units="°C">0.0</dptemp>
        <relhum description="Relative Humidity" units="%">95</relhum>
        <winddir description="Wind Direction" units="10s deg">26</winddir>
        <windspd description="Wind Speed" units="km/h">9</windspd>
        <visibility description="Visibility" units="km">9.7</visibility>
        <stnpress description="Station Pressure" units="kPa">99.47</stnpress>
        <humidex description="Humidex"></humidex>
        <windchill description="Wind Chill"></windchill>
        <weather description="Weather">Snow Showers,Fog</weather>
    </stationdata>
    <stationdata timetype="LST" day="7" hour="9" minute="0" month="1" year="1992">
        <temp description="Temperature" units="°C">1.6</temp>
        <dptemp description="Dew Point Temperature" units="°C">-1.0</dptemp>
        <relhum description="Relative Humidity" units="%">83</relhum>
        <winddir description="Wind Direction" units="10s deg">25</winddir>
        <windspd description="Wind Speed" units="km/h">15</windspd>
        <visibility description="Visibility" units="km">19.3</visibility>
        <stnpress description="Station Pressure" units="kPa">99.51</stnpress>
        <humidex description="Humidex"></humidex>
        <windchill description="Wind Chill"></windchill>
        <weather description="Weather">Cloudy</weather>
    </stationdata>
    <stationdata timetype="LST" day="7" hour="10" minute="0" month="1" year="1992">
        <temp description="Temperature" units="°C">1.9</temp>
        <dptemp description="Dew Point Temperature" units="°C">-0.4</dptemp>
        <relhum description="Relative Humidity" units="%">85</relhum>
        <winddir description="Wind Direction" units="10s deg">27</winddir>
        <windspd description="Wind Speed" units="km/h">20</windspd>
        <visibility description="Visibility" units="km">6.4</visibility>
        <stnpress description="Station Pressure" units="kPa">99.61</stnpress>
        <humidex description="Humidex"></humidex>
        <windchill description="Wind Chill"></windchill>
        <weather description="Weather">Ice Pellet Showers</weather>
    </stationdata>
    <stationdata timetype="LST" day="7" hour="11" minute="0" month="1" year="1992">
        <temp description="Temperature" units="°C">2.1</temp>
        <dptemp description="Dew Point Temperature" units="°C">-1.0</dptemp>
        <relhum description="Relative Humidity" units="%">80</relhum>
        <winddir description="Wind Direction" units="10s deg">28</winddir>
        <windspd description="Wind Speed" units="km/h">15</windspd>
        <visibility description="Visibility" units="km">19.3</visibility>
        <stnpress description="Station Pressure" units="kPa">99.64</stnpress>
        <humidex description="Humidex"></humidex>
        <windchill description="Wind Chill"></windchill>
        <weather description="Weather">Cloudy</weather>
    </stationdata>
    <stationdata timetype="LST" day="7" hour="12" minute="0" month="1" year="1992">
        <temp description="Temperature" units="°C">2.0</temp>
        <dptemp description="Dew Point Temperature" units="°C">-2.1</dptemp>
        <relhum description="Relative Humidity" units="%">74</relhum>
        <winddir description="Wind Direction" units="10s deg">31</winddir>
        <windspd description="Wind Speed" units="km/h">26</windspd>
        <visibility description="Visibility" units="km">24.1</visibility>
        <stnpress description="Station Pressure" units="kPa">99.61</stnpress>
        <humidex description="Humidex"></humidex>
        <windchill description="Wind Chill"></windchill>
        <weather description="Weather">Cloudy</weather>
    </stationdata>
    <stationdata timetype="LST" day="7" hour="13" minute="0" month="1" year="1992">
        <temp description="Temperature" units="°C">2.3</temp>
        <dptemp description="Dew Point Temperature" units="°C">-2.0</dptemp>
        <relhum description="Relative Humidity" units="%">73</relhum>
        <winddir description="Wind Direction" units="10s deg">29</winddir>
        <windspd description="Wind Speed" units="km/h">33</windspd>
        <visibility description="Visibility" units="km">24.1</visibility>
        <stnpress description="Station Pressure" units="kPa">99.54</stnpress>
        <humidex description="Humidex"></humidex>
        <windchill description="Wind Chill"></windchill>
        <weather description="Weather">Cloudy</weather>
    </stationdata>
    <stationdata timetype="LST" day="7" hour="14" minute="0" month="1" year="1992">
        <temp description="Temperature" units="°C">2.3</temp>
        <dptemp description="Dew Point Temperature" units="°C">-2.6</dptemp>
        <relhum description="Relative Humidity" units="%">70</relhum>
        <winddir description="Wind Direction" units="10s deg">31</winddir>
        <windspd description="Wind Speed" units="km/h">26</windspd>
        <visibility description="Visibility" units="km">32.2</visibility>
        <stnpress description="Station Pressure" units="kPa">99.57</stnpress>
        <humidex description="Humidex"></humidex>
        <windchill description="Wind Chill"></windchill>
        <weather description="Weather">Cloudy</weather>
    </stationdata>
    <stationdata timetype="LST" day="7" hour="15" minute="0" month="1" year="1992">
        <temp description="Temperature" units="°C">2.0</temp>
        <dptemp description="Dew Point Temperature" units="°C">-2.6</dptemp>
        <relhum description="Relative Humidity" units="%">71</relhum>
        <winddir description="Wind Direction" units="10s deg">30</winddir>
        <windspd description="Wind Speed" units="km/h">28</windspd>
        <visibility description="Visibility" units="km">32.2</visibility>
        <stnpress description="Station Pressure" units="kPa">99.64</stnpress>
        <humidex description="Humidex"></humidex>
        <windchill description="Wind Chill"></windchill>
        <weather description="Weather">Cloudy</weather>
    </stationdata>
    <stationdata timetype="LST" day="7" hour="16" minute="0" month="1" year="1992">
        <temp description="Temperature" units="°C">2.1</temp>
        <dptemp description="Dew Point Temperature" units="°C">-3.4</dptemp>
        <relhum description="Relative Humidity" units="%">67</relhum>
        <winddir description="Wind Direction" units="10s deg">30</winddir>
        <windspd description="Wind Speed" units="km/h">28</windspd>
        <visibility description="Visibility" units="km">32.2</visibility>
        <stnpress description="Station Pressure" units="kPa">99.71</stnpress>
        <humidex description="Humidex"></humidex>
        <windchill description="Wind Chill"></windchill>
        <weather description="Weather">Mostly Cloudy</weather>
    </stationdata>
    <stationdata timetype="LST" day="7" hour="17" minute="0" month="1" year="1992">
        <temp description="Temperature" units="°C">0.8</temp>
        <dptemp description="Dew Point Temperature" units="°C">-3.0</dptemp>
        <relhum description="Relative Humidity" units="%">76</relhum>
        <winddir description="Wind Direction" units="10s deg">34</winddir>
        <windspd description="Wind Speed" units="km/h">19</windspd>
        <visibility description="Visibility" units="km">25.0</visibility>
        <stnpress description="Station Pressure" units="kPa">99.81</stnpress>
        <humidex description="Humidex"></humidex>
        <windchill description="Wind Chill"></windchill>
        <weather description="Weather">Mainly Clear</weather>
    </stationdata>
    <stationdata timetype="LST" day="7" hour="18" minute="0" month="1" year="1992">
        <temp description="Temperature" units="°C">-0.8</temp>
        <dptemp description="Dew Point Temperature" units="°C">-4.4</dptemp>
        <relhum description="Relative Humidity" units="%">76</relhum>
        <winddir description="Wind Direction" units="10s deg">32</winddir>
        <windspd description="Wind Speed" units="km/h">19</windspd>
        <visibility description="Visibility" units="km">25.0</visibility>
        <stnpress description="Station Pressure" units="kPa">99.91</stnpress>
        <humidex description="Humidex"></humidex>
        <windchill description="Wind Chill">-6</windchill>
        <weather description="Weather">Mainly Clear</weather>
    </stationdata>
    <stationdata timetype="LST" day="7" hour="19" minute="0" month="1" year="1992">
        <temp description="Temperature" units="°C">-0.9</temp>
        <dptemp description="Dew Point Temperature" units="°C">-5.7</dptemp>
        <relhum description="Relative Humidity" units="%">70</relhum>
        <winddir description="Wind Direction" units="10s deg">32</winddir>
        <windspd description="Wind Speed" units="km/h">20</windspd>
        <visibility description="Visibility" units="km">25.0</visibility>
        <stnpress description="Station Pressure" units="kPa">100.04</stnpress>
        <humidex description="Humidex"></humidex>
        <windchill description="Wind Chill">-6</windchill>
        <weather description="Weather">Clear</weather>
    </stationdata>
    <stationdata timetype="LST" day="7" hour="20" minute="0" month="1" year="1992">
        <temp description="Temperature" units="°C">-2.2</temp>
        <dptemp description="Dew Point Temperature" units="°C">-5.4</dptemp>
        <relhum description="Relative Humidity" units="%">79</relhum>
        <winddir description="Wind Direction" units="10s deg">32</winddir>
        <windspd description="Wind Speed" units="km/h">19</windspd>
        <visibility description="Visibility" units="km">25.0</visibility>
        <stnpress description="Station Pressure" units="kPa">100.11</stnpress>
        <humidex description="Humidex"></humidex>
        <windchill description="Wind Chill">-8</windchill>
        <weather description="Weather">Clear</weather>
    </stationdata>
    <stationdata timetype="LST" day="7" hour="21" minute="0" month="1" year="1992">
        <temp description="Temperature" units="°C">-3.0</temp>
        <dptemp description="Dew Point Temperature" units="°C">-6.0</dptemp>
        <relhum description="Relative Humidity" units="%">80</relhum>
        <winddir description="Wind Direction" units="10s deg">33</winddir>
        <windspd description="Wind Speed" units="km/h">17</windspd>
        <visibility description="Visibility" units="km">25.0</visibility>
        <stnpress description="Station Pressure" units="kPa">100.21</stnpress>
        <humidex description="Humidex"></humidex>
        <windchill description="Wind Chill">-9</windchill>
        <weather description="Weather">Mainly Clear</weather>
    </stationdata>
    <stationdata timetype="LST" day="7" hour="22" minute="0" month="1" year="1992">
        <temp description="Temperature" units="°C">-3.5</temp>
        <dptemp description="Dew Point Temperature" units="°C">-6.7</dptemp>
        <relhum description="Relative Humidity" units="%">78</relhum>
        <winddir description="Wind Direction" units="10s deg">33</winddir>
        <windspd description="Wind Speed" units="km/h">19</windspd>
        <visibility description="Visibility" units="km">25.0</visibility>
        <stnpress description="Station Pressure" units="kPa">100.27</stnpress>
        <humidex description="Humidex"></humidex>
        <windchill description="Wind Chill">-9</windchill>
        <weather description="Weather">Clear</weather>
    </stationdata>
    <stationdata timetype="LST" day="7" hour="23" minute="0" month="1" year="1992">
        <temp description="Temperature" units="°C">-4.1</temp>
        <dptemp description="Dew Point Temperature" units="°C">-7.3</dptemp>
        <relhum description="Relative Humidity" units="%">78</relhum>
        <winddir description="Wind Direction" units="10s deg">34</winddir>
        <windspd description="Wind Speed" units="km/h">22</windspd>
        <visibility description="Visibility" units="km">25.0</visibility>
        <stnpress description="Station Pressure" units="kPa">100.27</stnpress>
        <humidex description="Humidex"></humidex>
        <windchill description="Wind Chill">-11</windchill>
        <weather description="Weather">Clear</weather>
    </stationdata>
    <stationdata timetype="LST" day="8" hour="0" minute="0" month="1" year="1992">
        <temp description="Temperature" units="°C">-4.8</temp>
        <dptemp description="Dew Point Temperature" units="°C">-7.9</dptemp>
        <relhum description="Relative Humidity" units="%">79</relhum>
        <winddir description="Wind Direction" units="10s deg">35</winddir>
        <windspd description="Wind Speed" units="km/h">19</windspd>
        <visibility description="Visibility" units="km">25.0</visibility>
        <stnpress description="Station Pressure" units="kPa">100.27</stnpress>
        <humidex description="Humidex"></humidex>
        <windchill description="Wind Chill">-11</windchill>
        <weather description="Weather">Clear</weather>
    </stationdata>
    <stationdata timetype="LST" day="8" hour="1" minute="0" month="1" year="1992">
        <temp description="Temperature" units="°C">-5.3</temp>
        <dptemp description="Dew Point Temperature" units="°C">-8.2</dptemp>
        <relhum description="Relative Humidity" units="%">80</relhum>
        <winddir description="Wind Direction" units="10s deg">34</winddir>
        <windspd description="Wind Speed" units="km/h">19</windspd>
        <visibility description="Visibility" units="km">25.0</visibility>
        <stnpress description="Station Pressure" units="kPa">100.27</stnpress>
        <humidex description="Humidex"></humidex>
        <windchill description="Wind Chill">-12</windchill>
        <weather description="Weather">Clear</weather>
    </stationdata>
    <stationdata timetype="LST" day="8" hour="2" minute="0" month="1" year="1992">
        <temp description="Temperature" units="°C">-5.6</temp>
        <dptemp description="Dew Point Temperature" units="°C">-7.5</dptemp>
        <relhum description="Relative Humidity" units="%">86</relhum>
        <winddir description="Wind Direction" units="10s deg">35</winddir>
        <windspd description="Wind Speed" units="km/h">17</windspd>
        <visibility description="Visibility" units="km">24.1</visibility>
        <stnpress description="Station Pressure" units="kPa">100.34</stnpress>
        <humidex description="Humidex"></humidex>
        <windchill description="Wind Chill">-12</windchill>
        <weather description="Weather">Clear</weather>
    </stationdata>
    <stationdata timetype="LST" day="8" hour="3" minute="0" month="1" year="1992">
        <temp description="Temperature" units="°C">-6.2</temp>
        <dptemp description="Dew Point Temperature" units="°C">-8.8</dptemp>
        <relhum description="Relative Humidity" units="%">82</relhum>
        <winddir description="Wind Direction" units="10s deg">36</winddir>
        <windspd description="Wind Speed" units="km/h">13</windspd>
        <visibility description="Visibility" units="km">24.1</visibility>
        <stnpress description="Station Pressure" units="kPa">100.41</stnpress>
        <humidex description="Humidex"></humidex>
        <windchill description="Wind Chill">-12</windchill>
        <weather description="Weather">Clear</weather>
    </stationdata>
    <stationdata timetype="LST" day="8" hour="4" minute="0" month="1" year="1992">
        <temp description="Temperature" units="°C">-6.9</temp>
        <dptemp description="Dew Point Temperature" units="°C">-9.6</dptemp>
        <relhum description="Relative Humidity" units="%">81</relhum>
        <winddir description="Wind Direction" units="10s deg">34</winddir>
        <windspd description="Wind Speed" units="km/h">11</windspd>
        <visibility description="Visibility" units="km">24.1</visibility>
        <stnpress description="Station Pressure" units="kPa">100.44</stnpress>
        <humidex description="Humidex"></humidex>
        <windchill description="Wind Chill">-12</windchill>
        <weather description="Weather">Clear</weather>
    </stationdata>
    <stationdata timetype="LST" day="8" hour="5" minute="0" month="1" year="1992">
        <temp description="Temperature" units="°C">-7.4</temp>
        <dptemp description="Dew Point Temperature" units="°C">-10.6</dptemp>
        <relhum description="Relative Humidity" units="%">78</relhum>
        <winddir description="Wind Direction" units="10s deg">2</winddir>
        <windspd description="Wind Speed" units="km/h">19</windspd>
        <visibility description="Visibility" units="km">24.1</visibility>
        <stnpress description="Station Pressure" units="kPa">100.41</stnpress>
        <humidex description="Humidex"></humidex>
        <windchill description="Wind Chill">-14</windchill>
        <weather description="Weather">Clear</weather>
    </stationdata>
    <stationdata timetype="LST" day="8" hour="6" minute="0" month="1" year="1992">
        <temp description="Temperature" units="°C">-7.8</temp>
        <dptemp description="Dew Point Temperature" units="°C">-11.2</dptemp>
        <relhum description="Relative Humidity" units="%">76</relhum>
        <winddir description="Wind Direction" units="10s deg">36</winddir>
        <windspd description="Wind Speed" units="km/h">15</windspd>
        <visibility description="Visibility" units="km">24.1</visibility>
        <stnpress description="Station Pressure" units="kPa">100.47</stnpress>
        <humidex description="Humidex"></humidex>
        <windchill description="Wind Chill">-14</windchill>
        <weather description="Weather">Clear</weather>
    </stationdata>
    <stationdata timetype="LST" day="8" hour="7" minute="0" month="1" year="1992">
        <temp description="Temperature" units="°C">-8.0</temp>
        <dptemp description="Dew Point Temperature" units="°C">-11.2</dptemp>
        <relhum description="Relative Humidity" units="%">77</relhum>
        <winddir description="Wind Direction" units="10s deg">36</winddir>
        <windspd description="Wind Speed" units="km/h">13</windspd>
        <visibility description="Visibility" units="km">24.1</visibility>
        <stnpress description="Station Pressure" units="kPa">100.47</stnpress>
        <humidex description="Humidex"></humidex>
        <windchill description="Wind Chill">-14</windchill>
        <weather description="Weather">Clear</weather>
    </stationdata>
    <stationdata timetype="LST" day="8" hour="8" minute="0" month="1" year="1992">
        <temp description="Temperature" units="°C">-8.4</temp>
        <dptemp description="Dew Point Temperature" units="°C">-11.1</dptemp>
        <relhum description="Relative Humidity" units="%">81</relhum>
        <winddir description="Wind Direction" units="10s deg"></winddir>
        <windspd description="Wind Speed" units="km/h">0</windspd>
        <visibility description="Visibility" units="km">32.2</visibility>
        <stnpress description="Station Pressure" units="kPa">100.51</stnpress>
        <humidex description="Humidex"></humidex>
        <windchill description="Wind Chill"></windchill>
        <weather description="Weather">Mainly Clear</weather>
    </stationdata>
    <stationdata timetype="LST" day="8" hour="9" minute="0" month="1" year="1992">
        <temp description="Temperature" units="°C">-7.4</temp>
        <dptemp description="Dew Point Temperature" units="°C">-10.6</dptemp>
        <relhum description="Relative Humidity" units="%">78</relhum>
        <winddir description="Wind Direction" units="10s deg">36</winddir>
        <windspd description="Wind Speed" units="km/h">4</windspd>
        <visibility description="Visibility" units="km">32.2</visibility>
        <stnpress description="Station Pressure" units="kPa">100.54</stnpress>
        <humidex description="Humidex"></humidex>
        <windchill description="Wind Chill">-9</windchill>
        <weather description="Weather">Mainly Clear</weather>
    </stationdata>
    <stationdata timetype="LST" day="8" hour="10" minute="0" month="1" year="1992">
        <temp description="Temperature" units="°C">-5.8</temp>
        <dptemp description="Dew Point Temperature" units="°C">-11.1</dptemp>
        <relhum description="Relative Humidity" units="%">66</relhum>
        <winddir description="Wind Direction" units="10s deg"></winddir>
        <windspd description="Wind Speed" units="km/h">0</windspd>
        <visibility description="Visibility" units="km">32.2</visibility>
        <stnpress description="Station Pressure" units="kPa">100.61</stnpress>
        <humidex description="Humidex"></humidex>
        <windchill description="Wind Chill"></windchill>
        <weather description="Weather">Mostly Cloudy</weather>
    </stationdata>
    <stationdata timetype="LST" day="8" hour="11" minute="0" month="1" year="1992">
        <temp description="Temperature" units="°C">-5.0</temp>
        <dptemp description="Dew Point Temperature" units="°C">-9.7</dptemp>
        <relhum description="Relative Humidity" units="%">69</relhum>
        <winddir description="Wind Direction" units="10s deg"></winddir>
        <windspd description="Wind Speed" units="km/h">0</windspd>
        <visibility description="Visibility" units="km">24.1</visibility>
        <stnpress description="Station Pressure" units="kPa">100.57</stnpress>
        <humidex description="Humidex"></humidex>
        <windchill description="Wind Chill"></windchill>
        <weather description="Weather">Mostly Cloudy</weather>
    </stationdata>
    <stationdata timetype="LST" day="8" hour="12" minute="0" month="1" year="1992">
        <temp description="Temperature" units="°C">-4.7</temp>
        <dptemp description="Dew Point Temperature" units="°C">-9.0</dptemp>
        <relhum description="Relative Humidity" units="%">72</relhum>
        <winddir description="Wind Direction" units="10s deg">14</winddir>
        <windspd description="Wind Speed" units="km/h">9</windspd>
        <visibility description="Visibility" units="km">19.3</visibility>
        <stnpress description="Station Pressure" units="kPa">100.41</stnpress>
        <humidex description="Humidex"></humidex>
        <windchill description="Wind Chill">-9</windchill>
        <weather description="Weather">Mostly Cloudy</weather>
    </stationdata>
    <stationdata timetype="LST" day="8" hour="13" minute="0" month="1" year="1992">
        <temp description="Temperature" units="°C">-4.7</temp>
        <dptemp description="Dew Point Temperature" units="°C">-7.6</dptemp>
        <relhum description="Relative Humidity" units="%">80</relhum>
        <winddir description="Wind Direction" units="10s deg">12</winddir>
        <windspd description="Wind Speed" units="km/h">11</windspd>
        <visibility description="Visibility" units="km">19.3</visibility>
        <stnpress description="Station Pressure" units="kPa">100.31</stnpress>
        <humidex description="Humidex"></humidex>
        <windchill description="Wind Chill">-9</windchill>
        <weather description="Weather">Cloudy</weather>
    </stationdata>
    <stationdata timetype="LST" day="8" hour="14" minute="0" month="1" year="1992">
        <temp description="Temperature" units="°C">-4.5</temp>
        <dptemp description="Dew Point Temperature" units="°C">-6.9</dptemp>
        <relhum description="Relative Humidity" units="%">83</relhum>
        <winddir description="Wind Direction" units="10s deg">12</winddir>
        <windspd description="Wind Speed" units="km/h">15</windspd>
        <visibility description="Visibility" units="km">19.3</visibility>
        <stnpress description="Station Pressure" units="kPa">100.31</stnpress>
        <humidex description="Humidex"></humidex>
        <windchill description="Wind Chill">-10</windchill>
        <weather description="Weather">Cloudy</weather>
    </stationdata>
    <stationdata timetype="LST" day="8" hour="15" minute="0" month="1" year="1992">
        <temp description="Temperature" units="°C">-4.3</temp>
        <dptemp description="Dew Point Temperature" units="°C">-6.6</dptemp>
        <relhum description="Relative Humidity" units="%">84</relhum>
        <winddir description="Wind Direction" units="10s deg">12</winddir>
        <windspd description="Wind Speed" units="km/h">9</windspd>
        <visibility description="Visibility" units="km">19.3</visibility>
        <stnpress description="Station Pressure" units="kPa">100.21</stnpress>
        <humidex description="Humidex"></humidex>
        <windchill description="Wind Chill">-8</windchill>
        <weather description="Weather">Cloudy</weather>
    </stationdata>
    <stationdata timetype="LST" day="8" hour="16" minute="0" month="1" year="1992">
        <temp description="Temperature" units="°C">-4.0</temp>
        <dptemp description="Dew Point Temperature" units="°C">-6.3</dptemp>
        <relhum description="Relative Humidity" units="%">84</relhum>
        <winddir description="Wind Direction" units="10s deg">10</winddir>
        <windspd description="Wind Speed" units="km/h">11</windspd>
        <visibility description="Visibility" units="km">24.1</visibility>
        <stnpress description="Station Pressure" units="kPa">100.21</stnpress>
        <humidex description="Humidex"></humidex>
        <windchill description="Wind Chill">-8</windchill>
        <weather description="Weather">Cloudy</weather>
    </stationdata>
    <stationdata timetype="LST" day="8" hour="17" minute="0" month="1" year="1992">
        <temp description="Temperature" units="°C">-4.0</temp>
        <dptemp description="Dew Point Temperature" units="°C">-6.0</dptemp>
        <relhum description="Relative Humidity" units="%">86</relhum>
        <winddir description="Wind Direction" units="10s deg">9</winddir>
        <windspd description="Wind Speed" units="km/h">15</windspd>
        <visibility description="Visibility" units="km">19.3</visibility>
        <stnpress description="Station Pressure" units="kPa">100.07</stnpress>
        <humidex description="Humidex"></humidex>
        <windchill description="Wind Chill">-9</windchill>
        <weather description="Weather">Cloudy</weather>
    </stationdata>
    <stationdata timetype="LST" day="8" hour="18" minute="0" month="1" year="1992">
        <temp description="Temperature" units="°C">-3.5</temp>
        <dptemp description="Dew Point Temperature" units="°C">-6.0</dptemp>
        <relhum description="Relative Humidity" units="%">83</relhum>
        <winddir description="Wind Direction" units="10s deg">10</winddir>
        <windspd description="Wind Speed" units="km/h">13</windspd>
        <visibility description="Visibility" units="km">16.1</visibility>
        <stnpress description="Station Pressure" units="kPa">99.94</stnpress>
        <humidex description="Humidex"></humidex>
        <windchill description="Wind Chill">-8</windchill>
        <weather description="Weather">Cloudy</weather>
    </stationdata>
    <stationdata timetype="LST" day="8" hour="19" minute="0" month="1" year="1992">
        <temp description="Temperature" units="°C">-3.2</temp>
        <dptemp description="Dew Point Temperature" units="°C">-4.8</dptemp>
        <relhum description="Relative Humidity" units="%">89</relhum>
        <winddir description="Wind Direction" units="10s deg">10</winddir>
        <windspd description="Wind Speed" units="km/h">11</windspd>
        <visibility description="Visibility" units="km">19.3</visibility>
        <stnpress description="Station Pressure" units="kPa">99.91</stnpress>
        <humidex description="Humidex"></humidex>
        <windchill description="Wind Chill">-7</windchill>
        <weather description="Weather">Cloudy</weather>
    </stationdata>
    <stationdata timetype="LST" day="8" hour="20" minute="0" month="1" year="1992">
        <temp description="Temperature" units="°C">-2.5</temp>
        <dptemp description="Dew Point Temperature" units="°C">-4.8</dptemp>
        <relhum description="Relative Humidity" units="%">84</relhum>
        <winddir description="Wind Direction" units="10s deg">10</winddir>
        <windspd description="Wind Speed" units="km/h">19</windspd>
        <visibility description="Visibility" units="km">19.3</visibility>
        <stnpress description="Station Pressure" units="kPa">99.77</stnpress>
        <humidex description="Humidex"></humidex>
        <windchill description="Wind Chill">-8</windchill>
        <weather description="Weather">Cloudy</weather>
    </stationdata>
    <stationdata timetype="LST" day="8" hour="21" minute="0" month="1" year="1992">
        <temp description="Temperature" units="°C">-2.1</temp>
        <dptemp description="Dew Point Temperature" units="°C">-3.9</dptemp>
        <relhum description="Relative Humidity" units="%">88</relhum>
        <winddir description="Wind Direction" units="10s deg">10</winddir>
        <windspd description="Wind Speed" units="km/h">15</windspd>
        <visibility description="Visibility" units="km">19.3</visibility>
        <stnpress description="Station Pressure" units="kPa">99.67</stnpress>
        <humidex description="Humidex"></humidex>
        <windchill description="Wind Chill">-7</windchill>
        <weather description="Weather">Cloudy</weather>
    </stationdata>
    <stationdata timetype="LST" day="8" hour="22" minute="0" month="1" year="1992">
        <temp description="Temperature" units="°C">-2.5</temp>
        <dptemp description="Dew Point Temperature" units="°C">-4.8</dptemp>
        <relhum description="Relative Humidity" units="%">84</relhum>
        <winddir description="Wind Direction" units="10s deg">6</winddir>
        <windspd description="Wind Speed" units="km/h">15</windspd>
        <visibility description="Visibility" units="km">16.1</visibility>
        <stnpress description="Station Pressure" units="kPa">99.61</stnpress>
        <humidex description="Humidex"></humidex>
        <windchill description="Wind Chill">-7</windchill>
        <weather description="Weather">Cloudy</weather>
    </stationdata>
    <stationdata timetype="LST" day="8" hour="23" minute="0" month="1" year="1992">
        <temp description="Temperature" units="°C">-2.8</temp>
        <dptemp description="Dew Point Temperature" units="°C">-4.8</dptemp>
        <relhum description="Relative Humidity" units="%">86</relhum>
        <winddir description="Wind Direction" units="10s deg">6</winddir>
        <windspd description="Wind Speed" units="km/h">11</windspd>
        <visibility description="Visibility" units="km">16.1</visibility>
        <stnpress description="Station Pressure" units="kPa">99.51</stnpress>
        <humidex description="Humidex"></humidex>
        <windchill description="Wind Chill">-7</windchill>
        <weather description="Weather">Cloudy</weather>
    </stationdata>
    <stationdata timetype="LST" day="9" hour="0" minute="0" month="1" year="1992">
        <temp description="Temperature" units="°C">-2.8</temp>
        <dptemp description="Dew Point Temperature" units="°C">-4.5</dptemp>
        <relhum description="Relative Humidity" units="%">88</relhum>
        <winddir description="Wind Direction" units="10s deg">8</winddir>
        <windspd description="Wind Speed" units="km/h">11</windspd>
        <visibility description="Visibility" units="km">16.1</visibility>
        <stnpress description="Station Pressure" units="kPa">99.31</stnpress>
        <humidex description="Humidex"></humidex>
        <windchill description="Wind Chill">-7</windchill>
        <weather description="Weather">Cloudy</weather>
    </stationdata>
    <stationdata timetype="LST" day="9" hour="1" minute="0" month="1" year="1992">
        <temp description="Temperature" units="°C">-1.8</temp>
        <dptemp description="Dew Point Temperature" units="°C">-3.1</dptemp>
        <relhum description="Relative Humidity" units="%">91</relhum>
        <winddir description="Wind Direction" units="10s deg">10</winddir>
        <windspd description="Wind Speed" units="km/h">9</windspd>
        <visibility description="Visibility" units="km">16.1</visibility>
        <stnpress description="Station Pressure" units="kPa">99.14</stnpress>
        <humidex description="Humidex"></humidex>
        <windchill description="Wind Chill">-5</windchill>
        <weather description="Weather">Cloudy</weather>
    </stationdata>
    <stationdata timetype="LST" day="9" hour="2" minute="0" month="1" year="1992">
        <temp description="Temperature" units="°C">-0.5</temp>
        <dptemp description="Dew Point Temperature" units="°C">-1.6</dptemp>
        <relhum description="Relative Humidity" units="%">92</relhum>
        <winddir description="Wind Direction" units="10s deg">13</winddir>
        <windspd description="Wind Speed" units="km/h">11</windspd>
        <visibility description="Visibility" units="km">8.0</visibility>
        <stnpress description="Station Pressure" units="kPa">99.04</stnpress>
        <humidex description="Humidex"></humidex>
        <windchill description="Wind Chill">-4</windchill>
        <weather description="Weather">Snow</weather>
    </stationdata>
    <stationdata timetype="LST" day="9" hour="3" minute="0" month="1" year="1992">
        <temp description="Temperature" units="°C">0.0</temp>
        <dptemp description="Dew Point Temperature" units="°C">-0.5</dptemp>
        <relhum description="Relative Humidity" units="%">96</relhum>
        <winddir description="Wind Direction" units="10s deg">12</winddir>
        <windspd description="Wind Speed" units="km/h">19</windspd>
        <visibility description="Visibility" units="km">12.9</visibility>
        <stnpress description="Station Pressure" units="kPa">98.94</stnpress>
        <humidex description="Humidex"></humidex>
        <windchill description="Wind Chill">-5</windchill>
        <weather description="Weather">Rain,Snow</weather>
    </stationdata>
    <stationdata timetype="LST" day="9" hour="4" minute="0" month="1" year="1992">
        <temp description="Temperature" units="°C">0.3</temp>
        <dptemp description="Dew Point Temperature" units="°C">-0.4</dptemp>
        <relhum description="Relative Humidity" units="%">95</relhum>
        <winddir description="Wind Direction" units="10s deg">13</winddir>
        <windspd description="Wind Speed" units="km/h">11</windspd>
        <visibility description="Visibility" units="km">8.0</visibility>
        <stnpress description="Station Pressure" units="kPa">98.84</stnpress>
        <humidex description="Humidex"></humidex>
        <windchill description="Wind Chill"></windchill>
        <weather description="Weather">Rain</weather>
    </stationdata>
    <stationdata timetype="LST" day="9" hour="5" minute="0" month="1" year="1992">
        <temp description="Temperature" units="°C">0.5</temp>
        <dptemp description="Dew Point Temperature" units="°C">-0.9</dptemp>
        <relhum description="Relative Humidity" units="%">90</relhum>
        <winddir description="Wind Direction" units="10s deg">15</winddir>
        <windspd description="Wind Speed" units="km/h">15</windspd>
        <visibility description="Visibility" units="km">9.7</visibility>
        <stnpress description="Station Pressure" units="kPa">98.77</stnpress>
        <humidex description="Humidex"></humidex>
        <windchill description="Wind Chill"></windchill>
        <weather description="Weather">Fog</weather>
    </stationdata>
    <stationdata timetype="LST" day="9" hour="6" minute="0" month="1" year="1992">
        <temp description="Temperature" units="°C">0.8</temp>
        <dptemp description="Dew Point Temperature" units="°C">-1.0</dptemp>
        <relhum description="Relative Humidity" units="%">88</relhum>
        <winddir description="Wind Direction" units="10s deg">14</winddir>
        <windspd description="Wind Speed" units="km/h">11</windspd>
        <visibility description="Visibility" units="km">8.0</visibility>
        <stnpress description="Station Pressure" units="kPa">98.64</stnpress>
        <humidex description="Humidex"></humidex>
        <windchill description="Wind Chill"></windchill>
        <weather description="Weather">Fog</weather>
    </stationdata>
    <stationdata timetype="LST" day="9" hour="7" minute="0" month="1" year="1992">
        <temp description="Temperature" units="°C">1.3</temp>
        <dptemp description="Dew Point Temperature" units="°C">-0.5</dptemp>
        <relhum description="Relative Humidity" units="%">88</relhum>
        <winddir description="Wind Direction" units="10s deg">16</winddir>
        <windspd description="Wind Speed" units="km/h">11</windspd>
        <visibility description="Visibility" units="km">6.4</visibility>
        <stnpress description="Station Pressure" units="kPa">98.61</stnpress>
        <humidex description="Humidex"></humidex>
        <windchill description="Wind Chill"></windchill>
        <weather description="Weather">Fog</weather>
    </stationdata>
    <stationdata timetype="LST" day="9" hour="8" minute="0" month="1" year="1992">
        <temp description="Temperature" units="°C">1.1</temp>
        <dptemp description="Dew Point Temperature" units="°C">0.5</dptemp>
        <relhum description="Relative Humidity" units="%">96</relhum>
        <winddir description="Wind Direction" units="10s deg">17</winddir>
        <windspd description="Wind Speed" units="km/h">9</windspd>
        <visibility description="Visibility" units="km">4.8</visibility>
        <stnpress description="Station Pressure" units="kPa">98.51</stnpress>
        <humidex description="Humidex"></humidex>
        <windchill description="Wind Chill"></windchill>
        <weather description="Weather">Drizzle,Fog</weather>
    </stationdata>
    <stationdata timetype="LST" day="9" hour="9" minute="0" month="1" year="1992">
        <temp description="Temperature" units="°C">1.2</temp>
        <dptemp description="Dew Point Temperature" units="°C">0.5</dptemp>
        <relhum description="Relative Humidity" units="%">95</relhum>
        <winddir description="Wind Direction" units="10s deg">18</winddir>
        <windspd description="Wind Speed" units="km/h">7</windspd>
        <visibility description="Visibility" units="km">3.2</visibility>
        <stnpress description="Station Pressure" units="kPa">98.51</stnpress>
        <humidex description="Humidex"></humidex>
        <windchill description="Wind Chill"></windchill>
        <weather description="Weather">Fog</weather>
    </stationdata>
    <stationdata timetype="LST" day="9" hour="10" minute="0" month="1" year="1992">
        <temp description="Temperature" units="°C">1.9</temp>
        <dptemp description="Dew Point Temperature" units="°C">1.9</dptemp>
        <relhum description="Relative Humidity" units="%">100</relhum>
        <winddir description="Wind Direction" units="10s deg">19</winddir>
        <windspd description="Wind Speed" units="km/h">13</windspd>
        <visibility description="Visibility" units="km">1.0</visibility>
        <stnpress description="Station Pressure" units="kPa">98.44</stnpress>
        <humidex description="Humidex"></humidex>
        <windchill description="Wind Chill"></windchill>
        <weather description="Weather">Fog</weather>
    </stationdata>
    <stationdata timetype="LST" day="9" hour="11" minute="0" month="1" year="1992">
        <temp description="Temperature" units="°C">2.9</temp>
        <dptemp description="Dew Point Temperature" units="°C">2.6</dptemp>
        <relhum description="Relative Humidity" units="%">98</relhum>
        <winddir description="Wind Direction" units="10s deg">21</winddir>
        <windspd description="Wind Speed" units="km/h">13</windspd>
        <visibility description="Visibility" units="km">2.0</visibility>
        <stnpress description="Station Pressure" units="kPa">98.37</stnpress>
        <humidex description="Humidex"></humidex>
        <windchill description="Wind Chill"></windchill>
        <weather description="Weather">Rain Showers,Fog</weather>
    </stationdata>
    <stationdata timetype="LST" day="9" hour="12" minute="0" month="1" year="1992">
        <temp description="Temperature" units="°C">5.0</temp>
        <dptemp description="Dew Point Temperature" units="°C">4.6</dptemp>
        <relhum description="Relative Humidity" units="%">97</relhum>
        <winddir description="Wind Direction" units="10s deg">23</winddir>
        <windspd description="Wind Speed" units="km/h">15</windspd>
        <visibility description="Visibility" units="km">6.4</visibility>
        <stnpress description="Station Pressure" units="kPa">98.27</stnpress>
        <humidex description="Humidex"></humidex>
        <windchill description="Wind Chill"></windchill>
        <weather description="Weather">Fog</weather>
    </stationdata>
    <stationdata timetype="LST" day="9" hour="13" minute="0" month="1" year="1992">
        <temp description="Temperature" units="°C">4.7</temp>
        <dptemp description="Dew Point Temperature" units="°C">3.6</dptemp>
        <relhum description="Relative Humidity" units="%">92</relhum>
        <winddir description="Wind Direction" units="10s deg">22</winddir>
        <windspd description="Wind Speed" units="km/h">11</windspd>
        <visibility description="Visibility" units="km">6.4</visibility>
        <stnpress description="Station Pressure" units="kPa">98.14</stnpress>
        <humidex description="Humidex"></humidex>
        <windchill description="Wind Chill"></windchill>
        <weather description="Weather">Rain,Fog</weather>
    </stationdata>
    <stationdata timetype="LST" day="9" hour="14" minute="0" month="1" year="1992">
        <temp description="Temperature" units="°C">5.0</temp>
        <dptemp description="Dew Point Temperature" units="°C">4.2</dptemp>
        <relhum description="Relative Humidity" units="%">95</relhum>
        <winddir description="Wind Direction" units="10s deg">24</winddir>
        <windspd description="Wind Speed" units="km/h">11</windspd>
        <visibility description="Visibility" units="km">16.1</visibility>
        <stnpress description="Station Pressure" units="kPa">98.11</stnpress>
        <humidex description="Humidex"></humidex>
        <windchill description="Wind Chill"></windchill>
        <weather description="Weather">Rain</weather>
    </stationdata>
    <stationdata timetype="LST" day="9" hour="15" minute="0" month="1" year="1992">
        <temp description="Temperature" units="°C">4.8</temp>
        <dptemp description="Dew Point Temperature" units="°C">3.3</dptemp>
        <relhum description="Relative Humidity" units="%">90</relhum>
        <winddir description="Wind Direction" units="10s deg">26</winddir>
        <windspd description="Wind Speed" units="km/h">24</windspd>
        <visibility description="Visibility" units="km">16.1</visibility>
        <stnpress description="Station Pressure" units="kPa">98.17</stnpress>
        <humidex description="Humidex"></humidex>
        <windchill description="Wind Chill"></windchill>
        <weather description="Weather">Cloudy</weather>
    </stationdata>
    <stationdata timetype="LST" day="9" hour="16" minute="0" month="1" year="1992">
        <temp description="Temperature" units="°C">4.4</temp>
        <dptemp description="Dew Point Temperature" units="°C">1.8</dptemp>
        <relhum description="Relative Humidity" units="%">83</relhum>
        <winddir description="Wind Direction" units="10s deg">26</winddir>
        <windspd description="Wind Speed" units="km/h">26</windspd>
        <visibility description="Visibility" units="km">16.1</visibility>
        <stnpress description="Station Pressure" units="kPa">98.24</stnpress>
        <humidex description="Humidex"></humidex>
        <windchill description="Wind Chill"></windchill>
        <weather description="Weather">Cloudy</weather>
    </stationdata>
    <stationdata timetype="LST" day="9" hour="17" minute="0" month="1" year="1992">
        <temp description="Temperature" units="°C">3.4</temp>
        <dptemp description="Dew Point Temperature" units="°C">1.7</dptemp>
        <relhum description="Relative Humidity" units="%">89</relhum>
        <winddir description="Wind Direction" units="10s deg">26</winddir>
        <windspd description="Wind Speed" units="km/h">19</windspd>
        <visibility description="Visibility" units="km">19.3</visibility>
        <stnpress description="Station Pressure" units="kPa">98.34</stnpress>
        <humidex description="Humidex"></humidex>
        <windchill description="Wind Chill"></windchill>
        <weather description="Weather">Cloudy</weather>
    </stationdata>
    <stationdata timetype="LST" day="9" hour="18" minute="0" month="1" year="1992">
        <temp description="Temperature" units="°C">3.0</temp>
        <dptemp description="Dew Point Temperature" units="°C">1.1</dptemp>
        <relhum description="Relative Humidity" units="%">87</relhum>
        <winddir description="Wind Direction" units="10s deg">25</winddir>
        <windspd description="Wind Speed" units="km/h">20</windspd>
        <visibility description="Visibility" units="km">19.3</visibility>
        <stnpress description="Station Pressure" units="kPa">98.37</stnpress>
        <humidex description="Humidex"></humidex>
        <windchill description="Wind Chill"></windchill>
        <weather description="Weather">Mostly Cloudy</weather>
    </stationdata>
    <stationdata timetype="LST" day="9" hour="19" minute="0" month="1" year="1992">
        <temp description="Temperature" units="°C">2.8</temp>
        <dptemp description="Dew Point Temperature" units="°C">1.1</dptemp>
        <relhum description="Relative Humidity" units="%">89</relhum>
        <winddir description="Wind Direction" units="10s deg">27</winddir>
        <windspd description="Wind Speed" units="km/h">15</windspd>
        <visibility description="Visibility" units="km">25.0</visibility>
        <stnpress description="Station Pressure" units="kPa">98.44</stnpress>
        <humidex description="Humidex"></humidex>
        <windchill description="Wind Chill"></windchill>
        <weather description="Weather">Cloudy</weather>
    </stationdata>
    <stationdata timetype="LST" day="9" hour="20" minute="0" month="1" year="1992">
        <temp description="Temperature" units="°C">2.7</temp>
        <dptemp description="Dew Point Temperature" units="°C">0.1</dptemp>
        <relhum description="Relative Humidity" units="%">83</relhum>
        <winddir description="Wind Direction" units="10s deg">28</winddir>
        <windspd description="Wind Speed" units="km/h">26</windspd>
        <visibility description="Visibility" units="km">25.0</visibility>
        <stnpress description="Station Pressure" units="kPa">98.57</stnpress>
        <humidex description="Humidex"></humidex>
        <windchill description="Wind Chill"></windchill>
        <weather description="Weather">Rain</weather>
    </stationdata>
    <stationdata timetype="LST" day="9" hour="21" minute="0" month="1" year="1992">
        <temp description="Temperature" units="°C">2.4</temp>
        <dptemp description="Dew Point Temperature" units="°C">0.1</dptemp>
        <relhum description="Relative Humidity" units="%">85</relhum>
        <winddir description="Wind Direction" units="10s deg">29</winddir>
        <windspd description="Wind Speed" units="km/h">22</windspd>
        <visibility description="Visibility" units="km">25.0</visibility>
        <stnpress description="Station Pressure" units="kPa">98.61</stnpress>
        <humidex description="Humidex"></humidex>
        <windchill description="Wind Chill"></windchill>
        <weather description="Weather">Cloudy</weather>
    </stationdata>
    <stationdata timetype="LST" day="9" hour="22" minute="0" month="1" year="1992">
        <temp description="Temperature" units="°C">1.9</temp>
        <dptemp description="Dew Point Temperature" units="°C">-0.4</dptemp>
        <relhum description="Relative Humidity" units="%">85</relhum>
        <winddir description="Wind Direction" units="10s deg">30</winddir>
        <windspd description="Wind Speed" units="km/h">22</windspd>
        <visibility description="Visibility" units="km">25.0</visibility>
        <stnpress description="Station Pressure" units="kPa">98.71</stnpress>
        <humidex description="Humidex"></humidex>
        <windchill description="Wind Chill"></windchill>
        <weather description="Weather">Cloudy</weather>
    </stationdata>
    <stationdata timetype="LST" day="9" hour="23" minute="0" month="1" year="1992">
        <temp description="Temperature" units="°C">1.9</temp>
        <dptemp description="Dew Point Temperature" units="°C">-1.0</dptemp>
        <relhum description="Relative Humidity" units="%">81</relhum>
        <winddir description="Wind Direction" units="10s deg">30</winddir>
        <windspd description="Wind Speed" units="km/h">19</windspd>
        <visibility description="Visibility" units="km">25.0</visibility>
        <stnpress description="Station Pressure" units="kPa">98.71</stnpress>
        <humidex description="Humidex"></humidex>
        <windchill description="Wind Chill"></windchill>
        <weather description="Weather">Cloudy</weather>
    </stationdata>
    <stationdata timetype="LST" day="10" hour="0" minute="0" month="1" year="1992">
        <temp description="Temperature" units="°C">1.6</temp>
        <dptemp description="Dew Point Temperature" units="°C">-1.5</dptemp>
        <relhum description="Relative Humidity" units="%">80</relhum>
        <winddir description="Wind Direction" units="10s deg">31</winddir>
        <windspd description="Wind Speed" units="km/h">28</windspd>
        <visibility description="Visibility" units="km">25.0</visibility>
        <stnpress description="Station Pressure" units="kPa">98.67</stnpress>
        <humidex description="Humidex"></humidex>
        <windchill description="Wind Chill"></windchill>
        <weather description="Weather">Cloudy</weather>
    </stationdata>
    <stationdata timetype="LST" day="10" hour="1" minute="0" month="1" year="1992">
        <temp description="Temperature" units="°C">1.5</temp>
        <dptemp description="Dew Point Temperature" units="°C">-2.1</dptemp>
        <relhum description="Relative Humidity" units="%">77</relhum>
        <winddir description="Wind Direction" units="10s deg">30</winddir>
        <windspd description="Wind Speed" units="km/h">22</windspd>
        <visibility description="Visibility" units="km">25.0</visibility>
        <stnpress description="Station Pressure" units="kPa">98.64</stnpress>
        <humidex description="Humidex"></humidex>
        <windchill description="Wind Chill"></windchill>
        <weather description="Weather">Cloudy</weather>
    </stationdata>
    <stationdata timetype="LST" day="10" hour="2" minute="0" month="1" year="1992">
        <temp description="Temperature" units="°C">1.0</temp>
        <dptemp description="Dew Point Temperature" units="°C">-2.4</dptemp>
        <relhum description="Relative Humidity" units="%">78</relhum>
        <winddir description="Wind Direction" units="10s deg">31</winddir>
        <windspd description="Wind Speed" units="km/h">30</windspd>
        <visibility description="Visibility" units="km">25.0</visibility>
        <stnpress description="Station Pressure" units="kPa">98.71</stnpress>
        <humidex description="Humidex"></humidex>
        <windchill description="Wind Chill"></windchill>
        <weather description="Weather">Mostly Cloudy</weather>
    </stationdata>
    <stationdata timetype="LST" day="10" hour="3" minute="0" month="1" year="1992">
        <temp description="Temperature" units="°C">-0.1</temp>
        <dptemp description="Dew Point Temperature" units="°C">-3.6</dptemp>
        <relhum description="Relative Humidity" units="%">77</relhum>
        <winddir description="Wind Direction" units="10s deg">33</winddir>
        <windspd description="Wind Speed" units="km/h">22</windspd>
        <visibility description="Visibility" units="km">25.0</visibility>
        <stnpress description="Station Pressure" units="kPa">98.74</stnpress>
        <humidex description="Humidex"></humidex>
        <windchill description="Wind Chill">-6</windchill>
        <weather description="Weather">Mainly Clear</weather>
    </stationdata>
    <stationdata timetype="LST" day="10" hour="4" minute="0" month="1" year="1992">
        <temp description="Temperature" units="°C">-0.6</temp>
        <dptemp description="Dew Point Temperature" units="°C">-4.4</dptemp>
        <relhum description="Relative Humidity" units="%">76</relhum>
        <winddir description="Wind Direction" units="10s deg">33</winddir>
        <windspd description="Wind Speed" units="km/h">19</windspd>
        <visibility description="Visibility" units="km">25.0</visibility>
        <stnpress description="Station Pressure" units="kPa">98.74</stnpress>
        <humidex description="Humidex"></humidex>
        <windchill description="Wind Chill">-6</windchill>
        <weather description="Weather">Mainly Clear</weather>
    </stationdata>
    <stationdata timetype="LST" day="10" hour="5" minute="0" month="1" year="1992">
        <temp description="Temperature" units="°C">-0.9</temp>
        <dptemp description="Dew Point Temperature" units="°C">-4.1</dptemp>
        <relhum description="Relative Humidity" units="%">79</relhum>
        <winddir description="Wind Direction" units="10s deg">33</winddir>
        <windspd description="Wind Speed" units="km/h">6</windspd>
        <visibility description="Visibility" units="km">25.0</visibility>
        <stnpress description="Station Pressure" units="kPa">98.74</stnpress>
        <humidex description="Humidex"></humidex>
        <windchill description="Wind Chill">-3</windchill>
        <weather description="Weather">Mostly Cloudy</weather>
    </stationdata>
    <stationdata timetype="LST" day="10" hour="6" minute="0" month="1" year="1992">
        <temp description="Temperature" units="°C">-0.9</temp>
        <dptemp description="Dew Point Temperature" units="°C">-3.8</dptemp>
        <relhum description="Relative Humidity" units="%">81</relhum>
        <winddir description="Wind Direction" units="10s deg">34</winddir>
        <windspd description="Wind Speed" units="km/h">7</windspd>
        <visibility description="Visibility" units="km">25.0</visibility>
        <stnpress description="Station Pressure" units="kPa">98.74</stnpress>
        <humidex description="Humidex"></humidex>
        <windchill description="Wind Chill">-3</windchill>
        <weather description="Weather">Cloudy</weather>
    </stationdata>
    <stationdata timetype="LST" day="10" hour="7" minute="0" month="1" year="1992">
        <temp description="Temperature" units="°C">-0.3</temp>
        <dptemp description="Dew Point Temperature" units="°C">-2.4</dptemp>
        <relhum description="Relative Humidity" units="%">86</relhum>
        <winddir description="Wind Direction" units="10s deg">31</winddir>
        <windspd description="Wind Speed" units="km/h">7</windspd>
        <visibility description="Visibility" units="km">25.0</visibility>
        <stnpress description="Station Pressure" units="kPa">98.81</stnpress>
        <humidex description="Humidex"></humidex>
        <windchill description="Wind Chill">-3</windchill>
        <weather description="Weather">Cloudy</weather>
    </stationdata>
    <stationdata timetype="LST" day="10" hour="8" minute="0" month="1" year="1992">
        <temp description="Temperature" units="°C">-0.4</temp>
        <dptemp description="Dew Point Temperature" units="°C">-2.8</dptemp>
        <relhum description="Relative Humidity" units="%">84</relhum>
        <winddir description="Wind Direction" units="10s deg">31</winddir>
        <windspd description="Wind Speed" units="km/h">7</windspd>
        <visibility description="Visibility" units="km">25.0</visibility>
        <stnpress description="Station Pressure" units="kPa">98.81</stnpress>
        <humidex description="Humidex"></humidex>
        <windchill description="Wind Chill">-3</windchill>
        <weather description="Weather">Snow Showers</weather>
    </stationdata>
    <stationdata timetype="LST" day="10" hour="9" minute="0" month="1" year="1992">
        <temp description="Temperature" units="°C">-0.2</temp>
        <dptemp description="Dew Point Temperature" units="°C">-2.8</dptemp>
        <relhum description="Relative Humidity" units="%">83</relhum>
        <winddir description="Wind Direction" units="10s deg">30</winddir>
        <windspd description="Wind Speed" units="km/h">9</windspd>
        <visibility description="Visibility" units="km">24.1</visibility>
        <stnpress description="Station Pressure" units="kPa">98.81</stnpress>
        <humidex description="Humidex"></humidex>
        <windchill description="Wind Chill">-3</windchill>
        <weather description="Weather">Mostly Cloudy</weather>
    </stationdata>
    <stationdata timetype="LST" day="10" hour="10" minute="0" month="1" year="1992">
        <temp description="Temperature" units="°C">0.0</temp>
        <dptemp description="Dew Point Temperature" units="°C">-3.2</dptemp>
        <relhum description="Relative Humidity" units="%">79</relhum>
        <winddir description="Wind Direction" units="10s deg">32</winddir>
        <windspd description="Wind Speed" units="km/h">13</windspd>
        <visibility description="Visibility" units="km">24.1</visibility>
        <stnpress description="Station Pressure" units="kPa">98.81</stnpress>
        <humidex description="Humidex"></humidex>
        <windchill description="Wind Chill">-4</windchill>
        <weather description="Weather">Snow Showers</weather>
    </stationdata>
    <stationdata timetype="LST" day="10" hour="11" minute="0" month="1" year="1992">
        <temp description="Temperature" units="°C">-0.2</temp>
        <dptemp description="Dew Point Temperature" units="°C">-2.8</dptemp>
        <relhum description="Relative Humidity" units="%">83</relhum>
        <winddir description="Wind Direction" units="10s deg">32</winddir>
        <windspd description="Wind Speed" units="km/h">15</windspd>
        <visibility description="Visibility" units="km">12.9</visibility>
        <stnpress description="Station Pressure" units="kPa">98.81</stnpress>
        <humidex description="Humidex"></humidex>
        <windchill description="Wind Chill">-5</windchill>
        <weather description="Weather">Snow Showers</weather>
    </stationdata>
    <stationdata timetype="LST" day="10" hour="12" minute="0" month="1" year="1992">
        <temp description="Temperature" units="°C">-1.0</temp>
        <dptemp description="Dew Point Temperature" units="°C">-3.3</dptemp>
        <relhum description="Relative Humidity" units="%">84</relhum>
        <winddir description="Wind Direction" units="10s deg">33</winddir>
        <windspd description="Wind Speed" units="km/h">13</windspd>
        <visibility description="Visibility" units="km">6.4</visibility>
        <stnpress description="Station Pressure" units="kPa">98.74</stnpress>
        <humidex description="Humidex"></humidex>
        <windchill description="Wind Chill">-5</windchill>
        <weather description="Weather">Snow Showers</weather>
    </stationdata>
    <stationdata timetype="LST" day="10" hour="13" minute="0" month="1" year="1992">
        <temp description="Temperature" units="°C">-1.1</temp>
        <dptemp description="Dew Point Temperature" units="°C">-2.7</dptemp>
        <relhum description="Relative Humidity" units="%">89</relhum>
        <winddir description="Wind Direction" units="10s deg">35</winddir>
        <windspd description="Wind Speed" units="km/h">20</windspd>
        <visibility description="Visibility" units="km">2.0</visibility>
        <stnpress description="Station Pressure" units="kPa">98.71</stnpress>
        <humidex description="Humidex"></humidex>
        <windchill description="Wind Chill">-7</windchill>
        <weather description="Weather">Snow Showers</weather>
    </stationdata>
    <stationdata timetype="LST" day="10" hour="14" minute="0" month="1" year="1992">
        <temp description="Temperature" units="°C">-1.5</temp>
        <dptemp description="Dew Point Temperature" units="°C">-3.9</dptemp>
        <relhum description="Relative Humidity" units="%">84</relhum>
        <winddir description="Wind Direction" units="10s deg">35</winddir>
        <windspd description="Wind Speed" units="km/h">13</windspd>
        <visibility description="Visibility" units="km">16.1</visibility>
        <stnpress description="Station Pressure" units="kPa">98.67</stnpress>
        <humidex description="Humidex"></humidex>
        <windchill description="Wind Chill">-6</windchill>
        <weather description="Weather">Snow Showers</weather>
    </stationdata>
    <stationdata timetype="LST" day="10" hour="15" minute="0" month="1" year="1992">
        <temp description="Temperature" units="°C">-1.5</temp>
        <dptemp description="Dew Point Temperature" units="°C">-4.8</dptemp>
        <relhum description="Relative Humidity" units="%">78</relhum>
        <winddir description="Wind Direction" units="10s deg">1</winddir>
        <windspd description="Wind Speed" units="km/h">11</windspd>
        <visibility description="Visibility" units="km">24.1</visibility>
        <stnpress description="Station Pressure" units="kPa">98.71</stnpress>
        <humidex description="Humidex"></humidex>
        <windchill description="Wind Chill">-5</windchill>
        <weather description="Weather">Snow Showers</weather>
    </stationdata>
    <stationdata timetype="LST" day="10" hour="16" minute="0" month="1" year="1992">
        <temp description="Temperature" units="°C">-1.5</temp>
        <dptemp description="Dew Point Temperature" units="°C">-6.4</dptemp>
        <relhum description="Relative Humidity" units="%">69</relhum>
        <winddir description="Wind Direction" units="10s deg">31</winddir>
        <windspd description="Wind Speed" units="km/h">24</windspd>
        <visibility description="Visibility" units="km">19.3</visibility>
        <stnpress description="Station Pressure" units="kPa">98.81</stnpress>
        <humidex description="Humidex"></humidex>
        <windchill description="Wind Chill">-8</windchill>
        <weather description="Weather">Mostly Cloudy</weather>
    </stationdata>
    <stationdata timetype="LST" day="10" hour="17" minute="0" month="1" year="1992">
        <temp description="Temperature" units="°C">-1.7</temp>
        <dptemp description="Dew Point Temperature" units="°C">-6.7</dptemp>
        <relhum description="Relative Humidity" units="%">69</relhum>
        <winddir description="Wind Direction" units="10s deg">31</winddir>
        <windspd description="Wind Speed" units="km/h">19</windspd>
        <visibility description="Visibility" units="km">40.2</visibility>
        <stnpress description="Station Pressure" units="kPa">98.84</stnpress>
        <humidex description="Humidex"></humidex>
        <windchill description="Wind Chill">-7</windchill>
        <weather description="Weather">Mostly Cloudy</weather>
    </stationdata>
    <stationdata timetype="LST" day="10" hour="18" minute="0" month="1" year="1992">
        <temp description="Temperature" units="°C">-2.0</temp>
        <dptemp description="Dew Point Temperature" units="°C">-5.4</dptemp>
        <relhum description="Relative Humidity" units="%">78</relhum>
        <winddir description="Wind Direction" units="10s deg">32</winddir>
        <windspd description="Wind Speed" units="km/h">22</windspd>
        <visibility description="Visibility" units="km">25.0</visibility>
        <stnpress description="Station Pressure" units="kPa">98.87</stnpress>
        <humidex description="Humidex"></humidex>
        <windchill description="Wind Chill">-8</windchill>
        <weather description="Weather">Mostly Cloudy</weather>
    </stationdata>
    <stationdata timetype="LST" day="10" hour="19" minute="0" month="1" year="1992">
        <temp description="Temperature" units="°C">-2.2</temp>
        <dptemp description="Dew Point Temperature" units="°C">-6.4</dptemp>
        <relhum description="Relative Humidity" units="%">73</relhum>
        <winddir description="Wind Direction" units="10s deg">31</winddir>
        <windspd description="Wind Speed" units="km/h">19</windspd>
        <visibility description="Visibility" units="km">25.0</visibility>
        <stnpress description="Station Pressure" units="kPa">98.91</stnpress>
        <humidex description="Humidex"></humidex>
        <windchill description="Wind Chill">-8</windchill>
        <weather description="Weather">Mostly Cloudy</weather>
    </stationdata>
    <stationdata timetype="LST" day="10" hour="20" minute="0" month="1" year="1992">
        <temp description="Temperature" units="°C">-2.8</temp>
        <dptemp description="Dew Point Temperature" units="°C">-7.0</dptemp>
        <relhum description="Relative Humidity" units="%">73</relhum>
        <winddir description="Wind Direction" units="10s deg">31</winddir>
        <windspd description="Wind Speed" units="km/h">11</windspd>
        <visibility description="Visibility" units="km">25.0</visibility>
        <stnpress description="Station Pressure" units="kPa">98.94</stnpress>
        <humidex description="Humidex"></humidex>
        <windchill description="Wind Chill">-7</windchill>
        <weather description="Weather">Mostly Cloudy</weather>
    </stationdata>
    <stationdata timetype="LST" day="10" hour="21" minute="0" month="1" year="1992">
        <temp description="Temperature" units="°C">-3.0</temp>
        <dptemp description="Dew Point Temperature" units="°C">-6.4</dptemp>
        <relhum description="Relative Humidity" units="%">77</relhum>
        <winddir description="Wind Direction" units="10s deg">29</winddir>
        <windspd description="Wind Speed" units="km/h">9</windspd>
        <visibility description="Visibility" units="km">25.0</visibility>
        <stnpress description="Station Pressure" units="kPa">98.97</stnpress>
        <humidex description="Humidex"></humidex>
        <windchill description="Wind Chill">-7</windchill>
        <weather description="Weather">Mostly Cloudy</weather>
    </stationdata>
    <stationdata timetype="LST" day="10" hour="22" minute="0" month="1" year="1992">
        <temp description="Temperature" units="°C">-2.6</temp>
        <dptemp description="Dew Point Temperature" units="°C">-6.7</dptemp>
        <relhum description="Relative Humidity" units="%">73</relhum>
        <winddir description="Wind Direction" units="10s deg">28</winddir>
        <windspd description="Wind Speed" units="km/h">15</windspd>
        <visibility description="Visibility" units="km">25.0</visibility>
        <stnpress description="Station Pressure" units="kPa">98.97</stnpress>
        <humidex description="Humidex"></humidex>
        <windchill description="Wind Chill">-8</windchill>
        <weather description="Weather">Mostly Cloudy</weather>
    </stationdata>
    <stationdata timetype="LST" day="10" hour="23" minute="0" month="1" year="1992">
        <temp description="Temperature" units="°C">-2.5</temp>
        <dptemp description="Dew Point Temperature" units="°C">-5.1</dptemp>
        <relhum description="Relative Humidity" units="%">82</relhum>
        <winddir description="Wind Direction" units="10s deg">28</winddir>
        <windspd description="Wind Speed" units="km/h">17</windspd>
        <visibility description="Visibility" units="km">24.1</visibility>
        <stnpress description="Station Pressure" units="kPa">99.01</stnpress>
        <humidex description="Humidex"></humidex>
        <windchill description="Wind Chill">-8</windchill>
        <weather description="Weather">Snow Showers</weather>
    </stationdata>
    <stationdata timetype="LST" day="11" hour="0" minute="0" month="1" year="1992">
        <temp description="Temperature" units="°C">-2.6</temp>
        <dptemp description="Dew Point Temperature" units="°C">-5.1</dptemp>
        <relhum description="Relative Humidity" units="%">83</relhum>
        <winddir description="Wind Direction" units="10s deg"></winddir>
        <windspd description="Wind Speed" units="km/h">0</windspd>
        <visibility description="Visibility" units="km">19.3</visibility>
        <stnpress description="Station Pressure" units="kPa">98.94</stnpress>
        <humidex description="Humidex"></humidex>
        <windchill description="Wind Chill"></windchill>
        <weather description="Weather">Snow Showers</weather>
    </stationdata>
    <stationdata timetype="LST" day="11" hour="1" minute="0" month="1" year="1992">
        <temp description="Temperature" units="°C">-2.4</temp>
        <dptemp description="Dew Point Temperature" units="°C">-4.5</dptemp>
        <relhum description="Relative Humidity" units="%">85</relhum>
        <winddir description="Wind Direction" units="10s deg">23</winddir>
        <windspd description="Wind Speed" units="km/h">4</windspd>
        <visibility description="Visibility" units="km">12.9</visibility>
        <stnpress description="Station Pressure" units="kPa">98.91</stnpress>
        <humidex description="Humidex"></humidex>
        <windchill description="Wind Chill">-4</windchill>
        <weather description="Weather">Snow Showers</weather>
    </stationdata>
    <stationdata timetype="LST" day="11" hour="2" minute="0" month="1" year="1992">
        <temp description="Temperature" units="°C">-2.0</temp>
        <dptemp description="Dew Point Temperature" units="°C">-3.9</dptemp>
        <relhum description="Relative Humidity" units="%">87</relhum>
        <winddir description="Wind Direction" units="10s deg">24</winddir>
        <windspd description="Wind Speed" units="km/h">9</windspd>
        <visibility description="Visibility" units="km">6.4</visibility>
        <stnpress description="Station Pressure" units="kPa">98.87</stnpress>
        <humidex description="Humidex"></humidex>
        <windchill description="Wind Chill">-5</windchill>
        <weather description="Weather">Snow Showers</weather>
    </stationdata>
    <stationdata timetype="LST" day="11" hour="3" minute="0" month="1" year="1992">
        <temp description="Temperature" units="°C">-1.4</temp>
        <dptemp description="Dew Point Temperature" units="°C">-3.9</dptemp>
        <relhum description="Relative Humidity" units="%">83</relhum>
        <winddir description="Wind Direction" units="10s deg">26</winddir>
        <windspd description="Wind Speed" units="km/h">15</windspd>
        <visibility description="Visibility" units="km">19.3</visibility>
        <stnpress description="Station Pressure" units="kPa">98.87</stnpress>
        <humidex description="Humidex"></humidex>
        <windchill description="Wind Chill">-6</windchill>
        <weather description="Weather">Snow Showers</weather>
    </stationdata>
    <stationdata timetype="LST" day="11" hour="4" minute="0" month="1" year="1992">
        <temp description="Temperature" units="°C">-1.2</temp>
        <dptemp description="Dew Point Temperature" units="°C">-3.3</dptemp>
        <relhum description="Relative Humidity" units="%">86</relhum>
        <winddir description="Wind Direction" units="10s deg">26</winddir>
        <windspd description="Wind Speed" units="km/h">15</windspd>
        <visibility description="Visibility" units="km">19.3</visibility>
        <stnpress description="Station Pressure" units="kPa">98.84</stnpress>
        <humidex description="Humidex"></humidex>
        <windchill description="Wind Chill">-6</windchill>
        <weather description="Weather">Cloudy</weather>
    </stationdata>
    <stationdata timetype="LST" day="11" hour="5" minute="0" month="1" year="1992">
        <temp description="Temperature" units="°C">-1.0</temp>
        <dptemp description="Dew Point Temperature" units="°C">-3.3</dptemp>
        <relhum description="Relative Humidity" units="%">84</relhum>
        <winddir description="Wind Direction" units="10s deg">28</winddir>
        <windspd description="Wind Speed" units="km/h">19</windspd>
        <visibility description="Visibility" units="km">19.3</visibility>
        <stnpress description="Station Pressure" units="kPa">98.87</stnpress>
        <humidex description="Humidex"></humidex>
        <windchill description="Wind Chill">-6</windchill>
        <weather description="Weather">Snow Showers</weather>
    </stationdata>
    <stationdata timetype="LST" day="11" hour="6" minute="0" month="1" year="1992">
        <temp description="Temperature" units="°C">-1.0</temp>
        <dptemp description="Dew Point Temperature" units="°C">-3.3</dptemp>
        <relhum description="Relative Humidity" units="%">84</relhum>
        <winddir description="Wind Direction" units="10s deg">27</winddir>
        <windspd description="Wind Speed" units="km/h">19</windspd>
        <visibility description="Visibility" units="km">19.3</visibility>
        <stnpress description="Station Pressure" units="kPa">98.97</stnpress>
        <humidex description="Humidex"></humidex>
        <windchill description="Wind Chill">-6</windchill>
        <weather description="Weather">Cloudy</weather>
    </stationdata>
    <stationdata timetype="LST" day="11" hour="7" minute="0" month="1" year="1992">
        <temp description="Temperature" units="°C">-1.1</temp>
        <dptemp description="Dew Point Temperature" units="°C">-3.6</dptemp>
        <relhum description="Relative Humidity" units="%">83</relhum>
        <winddir description="Wind Direction" units="10s deg">28</winddir>
        <windspd description="Wind Speed" units="km/h">15</windspd>
        <visibility description="Visibility" units="km">19.3</visibility>
        <stnpress description="Station Pressure" units="kPa">99.04</stnpress>
        <humidex description="Humidex"></humidex>
        <windchill description="Wind Chill">-6</windchill>
        <weather description="Weather">Cloudy</weather>
    </stationdata>
    <stationdata timetype="LST" day="11" hour="8" minute="0" month="1" year="1992">
        <temp description="Temperature" units="°C">-1.1</temp>
        <dptemp description="Dew Point Temperature" units="°C">-3.3</dptemp>
        <relhum description="Relative Humidity" units="%">85</relhum>
        <winddir description="Wind Direction" units="10s deg">27</winddir>
        <windspd description="Wind Speed" units="km/h">6</windspd>
        <visibility description="Visibility" units="km">16.1</visibility>
        <stnpress description="Station Pressure" units="kPa">99.07</stnpress>
        <humidex description="Humidex"></humidex>
        <windchill description="Wind Chill">-3</windchill>
        <weather description="Weather">Snow Showers</weather>
    </stationdata>
    <stationdata timetype="LST" day="11" hour="9" minute="0" month="1" year="1992">
        <temp description="Temperature" units="°C">-3.2</temp>
        <dptemp description="Dew Point Temperature" units="°C">-4.5</dptemp>
        <relhum description="Relative Humidity" units="%">91</relhum>
        <winddir description="Wind Direction" units="10s deg">35</winddir>
        <windspd description="Wind Speed" units="km/h">17</windspd>
        <visibility description="Visibility" units="km">16.1</visibility>
        <stnpress description="Station Pressure" units="kPa">99.17</stnpress>
        <humidex description="Humidex"></humidex>
        <windchill description="Wind Chill">-9</windchill>
        <weather description="Weather">Snow Showers</weather>
    </stationdata>
    <stationdata timetype="LST" day="11" hour="10" minute="0" month="1" year="1992">
        <temp description="Temperature" units="°C">-3.9</temp>
        <dptemp description="Dew Point Temperature" units="°C">-6.0</dptemp>
        <relhum description="Relative Humidity" units="%">85</relhum>
        <winddir description="Wind Direction" units="10s deg">36</winddir>
        <windspd description="Wind Speed" units="km/h">13</windspd>
        <visibility description="Visibility" units="km">12.9</visibility>
        <stnpress description="Station Pressure" units="kPa">99.31</stnpress>
        <humidex description="Humidex"></humidex>
        <windchill description="Wind Chill">-9</windchill>
        <weather description="Weather">Snow</weather>
    </stationdata>
    <stationdata timetype="LST" day="11" hour="11" minute="0" month="1" year="1992">
        <temp description="Temperature" units="°C">-4.0</temp>
        <dptemp description="Dew Point Temperature" units="°C">-6.0</dptemp>
        <relhum description="Relative Humidity" units="%">86</relhum>
        <winddir description="Wind Direction" units="10s deg">34</winddir>
        <windspd description="Wind Speed" units="km/h">9</windspd>
        <visibility description="Visibility" units="km">16.1</visibility>
        <stnpress description="Station Pressure" units="kPa">99.34</stnpress>
        <humidex description="Humidex"></humidex>
        <windchill description="Wind Chill">-8</windchill>
        <weather description="Weather">Snow</weather>
    </stationdata>
    <stationdata timetype="LST" day="11" hour="12" minute="0" month="1" year="1992">
        <temp description="Temperature" units="°C">-3.6</temp>
        <dptemp description="Dew Point Temperature" units="°C">-5.4</dptemp>
        <relhum description="Relative Humidity" units="%">87</relhum>
        <winddir description="Wind Direction" units="10s deg">1</winddir>
        <windspd description="Wind Speed" units="km/h">7</windspd>
        <visibility description="Visibility" units="km">9.7</visibility>
        <stnpress description="Station Pressure" units="kPa">99.31</stnpress>
        <humidex description="Humidex"></humidex>
        <windchill description="Wind Chill">-7</windchill>
        <weather description="Weather">Snow</weather>
    </stationdata>
    <stationdata timetype="LST" day="11" hour="13" minute="0" month="1" year="1992">
        <temp description="Temperature" units="°C">-4.0</temp>
        <dptemp description="Dew Point Temperature" units="°C">-5.4</dptemp>
        <relhum description="Relative Humidity" units="%">90</relhum>
        <winddir description="Wind Direction" units="10s deg">3</winddir>
        <windspd description="Wind Speed" units="km/h">6</windspd>
        <visibility description="Visibility" units="km">9.7</visibility>
        <stnpress description="Station Pressure" units="kPa">99.31</stnpress>
        <humidex description="Humidex"></humidex>
        <windchill description="Wind Chill">-7</windchill>
        <weather description="Weather">Snow</weather>
    </stationdata>
    <stationdata timetype="LST" day="11" hour="14" minute="0" month="1" year="1992">
        <temp description="Temperature" units="°C">-3.6</temp>
        <dptemp description="Dew Point Temperature" units="°C">-5.4</dptemp>
        <relhum description="Relative Humidity" units="%">87</relhum>
        <winddir description="Wind Direction" units="10s deg">36</winddir>
        <windspd description="Wind Speed" units="km/h">4</windspd>
        <visibility description="Visibility" units="km">9.7</visibility>
        <stnpress description="Station Pressure" units="kPa">99.31</stnpress>
        <humidex description="Humidex"></humidex>
        <windchill description="Wind Chill">-5</windchill>
        <weather description="Weather">Snow</weather>
    </stationdata>
    <stationdata timetype="LST" day="11" hour="15" minute="0" month="1" year="1992">
        <temp description="Temperature" units="°C">-3.8</temp>
        <dptemp description="Dew Point Temperature" units="°C">-6.3</dptemp>
        <relhum description="Relative Humidity" units="%">83</relhum>
        <winddir description="Wind Direction" units="10s deg">3</winddir>
        <windspd description="Wind Speed" units="km/h">6</windspd>
        <visibility description="Visibility" units="km">11.3</visibility>
        <stnpress description="Station Pressure" units="kPa">99.37</stnpress>
        <humidex description="Humidex"></humidex>
        <windchill description="Wind Chill">-6</windchill>
        <weather description="Weather">Snow</weather>
    </stationdata>
    <stationdata timetype="LST" day="11" hour="16" minute="0" month="1" year="1992">
        <temp description="Temperature" units="°C">-3.8</temp>
        <dptemp description="Dew Point Temperature" units="°C">-6.3</dptemp>
        <relhum description="Relative Humidity" units="%">83</relhum>
        <winddir description="Wind Direction" units="10s deg">5</winddir>
        <windspd description="Wind Speed" units="km/h">4</windspd>
        <visibility description="Visibility" units="km">11.3</visibility>
        <stnpress description="Station Pressure" units="kPa">99.44</stnpress>
        <humidex description="Humidex"></humidex>
        <windchill description="Wind Chill">-5</windchill>
        <weather description="Weather">Snow</weather>
    </stationdata>
    <stationdata timetype="LST" day="11" hour="17" minute="0" month="1" year="1992">
        <temp description="Temperature" units="°C">-3.9</temp>
        <dptemp description="Dew Point Temperature" units="°C">-6.0</dptemp>
        <relhum description="Relative Humidity" units="%">85</relhum>
        <winddir description="Wind Direction" units="10s deg"></winddir>
        <windspd description="Wind Speed" units="km/h">0</windspd>
        <visibility description="Visibility" units="km">12.9</visibility>
        <stnpress description="Station Pressure" units="kPa">99.47</stnpress>
        <humidex description="Humidex"></humidex>
        <windchill description="Wind Chill"></windchill>
        <weather description="Weather">Snow</weather>
    </stationdata>
    <stationdata timetype="LST" day="11" hour="18" minute="0" month="1" year="1992">
        <temp description="Temperature" units="°C">-3.6</temp>
        <dptemp description="Dew Point Temperature" units="°C">-5.7</dptemp>
        <relhum description="Relative Humidity" units="%">85</relhum>
        <winddir description="Wind Direction" units="10s deg"></winddir>
        <windspd description="Wind Speed" units="km/h">0</windspd>
        <visibility description="Visibility" units="km">12.9</visibility>
        <stnpress description="Station Pressure" units="kPa">99.51</stnpress>
        <humidex description="Humidex"></humidex>
        <windchill description="Wind Chill"></windchill>
        <weather description="Weather">Snow</weather>
    </stationdata>
    <stationdata timetype="LST" day="11" hour="19" minute="0" month="1" year="1992">
        <temp description="Temperature" units="°C">-3.4</temp>
        <dptemp description="Dew Point Temperature" units="°C">-5.4</dptemp>
        <relhum description="Relative Humidity" units="%">86</relhum>
        <winddir description="Wind Direction" units="10s deg">14</winddir>
        <windspd description="Wind Speed" units="km/h">4</windspd>
        <visibility description="Visibility" units="km">16.1</visibility>
        <stnpress description="Station Pressure" units="kPa">99.54</stnpress>
        <humidex description="Humidex"></humidex>
        <windchill description="Wind Chill">-5</windchill>
        <weather description="Weather">Cloudy</weather>
    </stationdata>
    <stationdata timetype="LST" day="11" hour="20" minute="0" month="1" year="1992">
        <temp description="Temperature" units="°C">-3.2</temp>
        <dptemp description="Dew Point Temperature" units="°C">-4.5</dptemp>
        <relhum description="Relative Humidity" units="%">91</relhum>
        <winddir description="Wind Direction" units="10s deg"></winddir>
        <windspd description="Wind Speed" units="km/h">0</windspd>
        <visibility description="Visibility" units="km">24.1</visibility>
        <stnpress description="Station Pressure" units="kPa">99.57</stnpress>
        <humidex description="Humidex"></humidex>
        <windchill description="Wind Chill"></windchill>
        <weather description="Weather">Cloudy</weather>
    </stationdata>
    <stationdata timetype="LST" day="11" hour="21" minute="0" month="1" year="1992">
        <temp description="Temperature" units="°C">-2.8</temp>
        <dptemp description="Dew Point Temperature" units="°C">-4.8</dptemp>
        <relhum description="Relative Humidity" units="%">86</relhum>
        <winddir description="Wind Direction" units="10s deg">11</winddir>
        <windspd description="Wind Speed" units="km/h">7</windspd>
        <visibility description="Visibility" units="km">19.3</visibility>
        <stnpress description="Station Pressure" units="kPa">99.57</stnpress>
        <humidex description="Humidex"></humidex>
        <windchill description="Wind Chill">-6</windchill>
        <weather description="Weather">Snow</weather>
    </stationdata>
    <stationdata timetype="LST" day="11" hour="22" minute="0" month="1" year="1992">
        <temp description="Temperature" units="°C">-2.5</temp>
        <dptemp description="Dew Point Temperature" units="°C">-4.2</dptemp>
        <relhum description="Relative Humidity" units="%">88</relhum>
        <winddir description="Wind Direction" units="10s deg">10</winddir>
        <windspd description="Wind Speed" units="km/h">9</windspd>
        <visibility description="Visibility" units="km">24.1</visibility>
        <stnpress description="Station Pressure" units="kPa">99.57</stnpress>
        <humidex description="Humidex"></humidex>
        <windchill description="Wind Chill">-6</windchill>
        <weather description="Weather">Cloudy</weather>
    </stationdata>
    <stationdata timetype="LST" day="11" hour="23" minute="0" month="1" year="1992">
        <temp description="Temperature" units="°C">-2.0</temp>
        <dptemp description="Dew Point Temperature" units="°C">-3.6</dptemp>
        <relhum description="Relative Humidity" units="%">89</relhum>
        <winddir description="Wind Direction" units="10s deg">13</winddir>
        <windspd description="Wind Speed" units="km/h">15</windspd>
        <visibility description="Visibility" units="km">24.1</visibility>
        <stnpress description="Station Pressure" units="kPa">99.54</stnpress>
        <humidex description="Humidex"></humidex>
        <windchill description="Wind Chill">-7</windchill>
        <weather description="Weather">Cloudy</weather>
    </stationdata>
    <stationdata timetype="LST" day="12" hour="0" minute="0" month="1" year="1992">
        <temp description="Temperature" units="°C">-2.0</temp>
        <dptemp description="Dew Point Temperature" units="°C">-3.6</dptemp>
        <relhum description="Relative Humidity" units="%">89</relhum>
        <winddir description="Wind Direction" units="10s deg">14</winddir>
        <windspd description="Wind Speed" units="km/h">19</windspd>
        <visibility description="Visibility" units="km">24.1</visibility>
        <stnpress description="Station Pressure" units="kPa">99.51</stnpress>
        <humidex description="Humidex"></humidex>
        <windchill description="Wind Chill">-8</windchill>
        <weather description="Weather">Cloudy</weather>
    </stationdata>
    <stationdata timetype="LST" day="12" hour="1" minute="0" month="1" year="1992">
        <temp description="Temperature" units="°C">-2.0</temp>
        <dptemp description="Dew Point Temperature" units="°C">-3.6</dptemp>
        <relhum description="Relative Humidity" units="%">89</relhum>
        <winddir description="Wind Direction" units="10s deg">12</winddir>
        <windspd description="Wind Speed" units="km/h">17</windspd>
        <visibility description="Visibility" units="km">24.1</visibility>
        <stnpress description="Station Pressure" units="kPa">99.47</stnpress>
        <humidex description="Humidex"></humidex>
        <windchill description="Wind Chill">-7</windchill>
        <weather description="Weather">Cloudy</weather>
    </stationdata>
    <stationdata timetype="LST" day="12" hour="2" minute="0" month="1" year="1992">
        <temp description="Temperature" units="°C">-2.2</temp>
        <dptemp description="Dew Point Temperature" units="°C">-3.1</dptemp>
        <relhum description="Relative Humidity" units="%">94</relhum>
        <winddir description="Wind Direction" units="10s deg">12</winddir>
        <windspd description="Wind Speed" units="km/h">20</windspd>
        <visibility description="Visibility" units="km">16.1</visibility>
        <stnpress description="Station Pressure" units="kPa">99.47</stnpress>
        <humidex description="Humidex"></humidex>
        <windchill description="Wind Chill">-8</windchill>
        <weather description="Weather">Cloudy</weather>
    </stationdata>
    <stationdata timetype="LST" day="12" hour="3" minute="0" month="1" year="1992">
        <temp description="Temperature" units="°C">-2.0</temp>
        <dptemp description="Dew Point Temperature" units="°C">-3.1</dptemp>
        <relhum description="Relative Humidity" units="%">92</relhum>
        <winddir description="Wind Direction" units="10s deg">12</winddir>
        <windspd description="Wind Speed" units="km/h">19</windspd>
        <visibility description="Visibility" units="km">12.9</visibility>
        <stnpress description="Station Pressure" units="kPa">99.47</stnpress>
        <humidex description="Humidex"></humidex>
        <windchill description="Wind Chill">-8</windchill>
        <weather description="Weather">Cloudy</weather>
    </stationdata>
    <stationdata timetype="LST" day="12" hour="4" minute="0" month="1" year="1992">
        <temp description="Temperature" units="°C">-1.7</temp>
        <dptemp description="Dew Point Temperature" units="°C">-2.5</dptemp>
        <relhum description="Relative Humidity" units="%">94</relhum>
        <winddir description="Wind Direction" units="10s deg">11</winddir>
        <windspd description="Wind Speed" units="km/h">17</windspd>
        <visibility description="Visibility" units="km">8.0</visibility>
        <stnpress description="Station Pressure" units="kPa">99.41</stnpress>
        <humidex description="Humidex"></humidex>
        <windchill description="Wind Chill">-7</windchill>
        <weather description="Weather">Snow</weather>
    </stationdata>
    <stationdata timetype="LST" day="12" hour="5" minute="0" month="1" year="1992">
        <temp description="Temperature" units="°C">-1.2</temp>
        <dptemp description="Dew Point Temperature" units="°C">-1.6</dptemp>
        <relhum description="Relative Humidity" units="%">97</relhum>
        <winddir description="Wind Direction" units="10s deg">11</winddir>
        <windspd description="Wind Speed" units="km/h">13</windspd>
        <visibility description="Visibility" units="km">8.0</visibility>
        <stnpress description="Station Pressure" units="kPa">99.34</stnpress>
        <humidex description="Humidex"></humidex>
        <windchill description="Wind Chill">-5</windchill>
        <weather description="Weather">Snow</weather>
    </stationdata>
    <stationdata timetype="LST" day="12" hour="6" minute="0" month="1" year="1992">
        <temp description="Temperature" units="°C">-0.3</temp>
        <dptemp description="Dew Point Temperature" units="°C">-0.8</dptemp>
        <relhum description="Relative Humidity" units="%">96</relhum>
        <winddir description="Wind Direction" units="10s deg">13</winddir>
        <windspd description="Wind Speed" units="km/h">13</windspd>
        <visibility description="Visibility" units="km">6.4</visibility>
        <stnpress description="Station Pressure" units="kPa">99.34</stnpress>
        <humidex description="Humidex"></humidex>
        <windchill description="Wind Chill">-4</windchill>
        <weather description="Weather">Fog</weather>
    </stationdata>
    <stationdata timetype="LST" day="12" hour="7" minute="0" month="1" year="1992">
        <temp description="Temperature" units="°C">-0.1</temp>
        <dptemp description="Dew Point Temperature" units="°C">-0.6</dptemp>
        <relhum description="Relative Humidity" units="%">96</relhum>
        <winddir description="Wind Direction" units="10s deg">12</winddir>
        <windspd description="Wind Speed" units="km/h">15</windspd>
        <visibility description="Visibility" units="km">6.4</visibility>
        <stnpress description="Station Pressure" units="kPa">99.31</stnpress>
        <humidex description="Humidex"></humidex>
        <windchill description="Wind Chill">-5</windchill>
        <weather description="Weather">Fog</weather>
    </stationdata>
    <stationdata timetype="LST" day="12" hour="8" minute="0" month="1" year="1992">
        <temp description="Temperature" units="°C">0.2</temp>
        <dptemp description="Dew Point Temperature" units="°C">-0.3</dptemp>
        <relhum description="Relative Humidity" units="%">96</relhum>
        <winddir description="Wind Direction" units="10s deg">14</winddir>
        <windspd description="Wind Speed" units="km/h">7</windspd>
        <visibility description="Visibility" units="km">3.2</visibility>
        <stnpress description="Station Pressure" units="kPa">99.31</stnpress>
        <humidex description="Humidex"></humidex>
        <windchill description="Wind Chill"></windchill>
        <weather description="Weather">Fog</weather>
    </stationdata>
    <stationdata timetype="LST" day="12" hour="9" minute="0" month="1" year="1992">
        <temp description="Temperature" units="°C">0.9</temp>
        <dptemp description="Dew Point Temperature" units="°C">0.0</dptemp>
        <relhum description="Relative Humidity" units="%">94</relhum>
        <winddir description="Wind Direction" units="10s deg">21</winddir>
        <windspd description="Wind Speed" units="km/h">6</windspd>
        <visibility description="Visibility" units="km">6.4</visibility>
        <stnpress description="Station Pressure" units="kPa">99.27</stnpress>
        <humidex description="Humidex"></humidex>
        <windchill description="Wind Chill"></windchill>
        <weather description="Weather">Fog</weather>
    </stationdata>
    <stationdata timetype="LST" day="12" hour="10" minute="0" month="1" year="1992">
        <temp description="Temperature" units="°C">1.6</temp>
        <dptemp description="Dew Point Temperature" units="°C">-0.5</dptemp>
        <relhum description="Relative Humidity" units="%">86</relhum>
        <winddir description="Wind Direction" units="10s deg">20</winddir>
        <windspd description="Wind Speed" units="km/h">11</windspd>
        <visibility description="Visibility" units="km">8.0</visibility>
        <stnpress description="Station Pressure" units="kPa">99.21</stnpress>
        <humidex description="Humidex"></humidex>
        <windchill description="Wind Chill"></windchill>
        <weather description="Weather">Fog</weather>
    </stationdata>
    <stationdata timetype="LST" day="12" hour="11" minute="0" month="1" year="1992">
        <temp description="Temperature" units="°C">2.9</temp>
        <dptemp description="Dew Point Temperature" units="°C">0.2</dptemp>
        <relhum description="Relative Humidity" units="%">83</relhum>
        <winddir description="Wind Direction" units="10s deg">21</winddir>
        <windspd description="Wind Speed" units="km/h">20</windspd>
        <visibility description="Visibility" units="km">11.3</visibility>
        <stnpress description="Station Pressure" units="kPa">99.21</stnpress>
        <humidex description="Humidex"></humidex>
        <windchill description="Wind Chill"></windchill>
        <weather description="Weather">Mostly Cloudy</weather>
    </stationdata>
    <stationdata timetype="LST" day="12" hour="12" minute="0" month="1" year="1992">
        <temp description="Temperature" units="°C">4.6</temp>
        <dptemp description="Dew Point Temperature" units="°C">0.3</dptemp>
        <relhum description="Relative Humidity" units="%">73</relhum>
        <winddir description="Wind Direction" units="10s deg">22</winddir>
        <windspd description="Wind Speed" units="km/h">26</windspd>
        <visibility description="Visibility" units="km">16.1</visibility>
        <stnpress description="Station Pressure" units="kPa">99.11</stnpress>
        <humidex description="Humidex"></humidex>
        <windchill description="Wind Chill"></windchill>
        <weather description="Weather">Mostly Cloudy</weather>
    </stationdata>
    <stationdata timetype="LST" day="12" hour="13" minute="0" month="1" year="1992">
        <temp description="Temperature" units="°C">6.0</temp>
        <dptemp description="Dew Point Temperature" units="°C">0.5</dptemp>
        <relhum description="Relative Humidity" units="%">68</relhum>
        <winddir description="Wind Direction" units="10s deg">20</winddir>
        <windspd description="Wind Speed" units="km/h">22</windspd>
        <visibility description="Visibility" units="km">24.1</visibility>
        <stnpress description="Station Pressure" units="kPa">98.94</stnpress>
        <humidex description="Humidex"></humidex>
        <windchill description="Wind Chill"></windchill>
        <weather description="Weather">Mostly Cloudy</weather>
    </stationdata>
    <stationdata timetype="LST" day="12" hour="14" minute="0" month="1" year="1992">
        <temp description="Temperature" units="°C">5.7</temp>
        <dptemp description="Dew Point Temperature" units="°C">-0.6</dptemp>
        <relhum description="Relative Humidity" units="%">64</relhum>
        <winddir description="Wind Direction" units="10s deg">20</winddir>
        <windspd description="Wind Speed" units="km/h">22</windspd>
        <visibility description="Visibility" units="km">24.1</visibility>
        <stnpress description="Station Pressure" units="kPa">98.84</stnpress>
        <humidex description="Humidex"></humidex>
        <windchill description="Wind Chill"></windchill>
        <weather description="Weather">Mostly Cloudy</weather>
    </stationdata>
    <stationdata timetype="LST" day="12" hour="15" minute="0" month="1" year="1992">
        <temp description="Temperature" units="°C">6.2</temp>
        <dptemp description="Dew Point Temperature" units="°C">-1.1</dptemp>
        <relhum description="Relative Humidity" units="%">59</relhum>
        <winddir description="Wind Direction" units="10s deg">20</winddir>
        <windspd description="Wind Speed" units="km/h">26</windspd>
        <visibility description="Visibility" units="km">24.1</visibility>
        <stnpress description="Station Pressure" units="kPa">98.81</stnpress>
        <humidex description="Humidex"></humidex>
        <windchill description="Wind Chill"></windchill>
        <weather description="Weather">Mostly Cloudy</weather>
    </stationdata>
    <stationdata timetype="LST" day="12" hour="16" minute="0" month="1" year="1992">
        <temp description="Temperature" units="°C">5.0</temp>
        <dptemp description="Dew Point Temperature" units="°C">-1.3</dptemp>
        <relhum description="Relative Humidity" units="%">64</relhum>
        <winddir description="Wind Direction" units="10s deg">22</winddir>
        <windspd description="Wind Speed" units="km/h">26</windspd>
        <visibility description="Visibility" units="km">24.1</visibility>
        <stnpress description="Station Pressure" units="kPa">98.81</stnpress>
        <humidex description="Humidex"></humidex>
        <windchill description="Wind Chill"></windchill>
        <weather description="Weather">Mostly Cloudy</weather>
    </stationdata>
    <stationdata timetype="LST" day="12" hour="17" minute="0" month="1" year="1992">
        <temp description="Temperature" units="°C">4.1</temp>
        <dptemp description="Dew Point Temperature" units="°C">-2.5</dptemp>
        <relhum description="Relative Humidity" units="%">62</relhum>
        <winddir description="Wind Direction" units="10s deg">21</winddir>
        <windspd description="Wind Speed" units="km/h">20</windspd>
        <visibility description="Visibility" units="km">24.1</visibility>
        <stnpress description="Station Pressure" units="kPa">98.77</stnpress>
        <humidex description="Humidex"></humidex>
        <windchill description="Wind Chill"></windchill>
        <weather description="Weather">Cloudy</weather>
    </stationdata>
    <stationdata timetype="LST" day="12" hour="18" minute="0" month="1" year="1992">
        <temp description="Temperature" units="°C">3.5</temp>
        <dptemp description="Dew Point Temperature" units="°C">-2.6</dptemp>
        <relhum description="Relative Humidity" units="%">64</relhum>
        <winddir description="Wind Direction" units="10s deg">23</winddir>
        <windspd description="Wind Speed" units="km/h">19</windspd>
        <visibility description="Visibility" units="km">24.1</visibility>
        <stnpress description="Station Pressure" units="kPa">98.84</stnpress>
        <humidex description="Humidex"></humidex>
        <windchill description="Wind Chill"></windchill>
        <weather description="Weather">Cloudy</weather>
    </stationdata>
    <stationdata timetype="LST" day="12" hour="19" minute="0" month="1" year="1992">
        <temp description="Temperature" units="°C">4.5</temp>
        <dptemp description="Dew Point Temperature" units="°C">-3.8</dptemp>
        <relhum description="Relative Humidity" units="%">55</relhum>
        <winddir description="Wind Direction" units="10s deg">22</winddir>
        <windspd description="Wind Speed" units="km/h">22</windspd>
        <visibility description="Visibility" units="km">25.0</visibility>
        <stnpress description="Station Pressure" units="kPa">98.84</stnpress>
        <humidex description="Humidex"></humidex>
        <windchill description="Wind Chill"></windchill>
        <weather description="Weather">Cloudy</weather>
    </stationdata>
    <stationdata timetype="LST" day="12" hour="20" minute="0" month="1" year="1992">
        <temp description="Temperature" units="°C">4.5</temp>
        <dptemp description="Dew Point Temperature" units="°C">-3.8</dptemp>
        <relhum description="Relative Humidity" units="%">55</relhum>
        <winddir description="Wind Direction" units="10s deg">24</winddir>
        <windspd description="Wind Speed" units="km/h">26</windspd>
        <visibility description="Visibility" units="km">25.0</visibility>
        <stnpress description="Station Pressure" units="kPa">98.84</stnpress>
        <humidex description="Humidex"></humidex>
        <windchill description="Wind Chill"></windchill>
        <weather description="Weather">Cloudy</weather>
    </stationdata>
    <stationdata timetype="LST" day="12" hour="21" minute="0" month="1" year="1992">
        <temp description="Temperature" units="°C">3.5</temp>
        <dptemp description="Dew Point Temperature" units="°C">0.2</dptemp>
        <relhum description="Relative Humidity" units="%">79</relhum>
        <winddir description="Wind Direction" units="10s deg">24</winddir>
        <windspd description="Wind Speed" units="km/h">26</windspd>
        <visibility description="Visibility" units="km">19.3</visibility>
        <stnpress description="Station Pressure" units="kPa">98.81</stnpress>
        <humidex description="Humidex"></humidex>
        <windchill description="Wind Chill"></windchill>
        <weather description="Weather">Rain</weather>
    </stationdata>
    <stationdata timetype="LST" day="12" hour="22" minute="0" month="1" year="1992">
        <temp description="Temperature" units="°C">2.2</temp>
        <dptemp description="Dew Point Temperature" units="°C">0.6</dptemp>
        <relhum description="Relative Humidity" units="%">89</relhum>
        <winddir description="Wind Direction" units="10s deg">22</winddir>
        <windspd description="Wind Speed" units="km/h">26</windspd>
        <visibility description="Visibility" units="km">9.7</visibility>
        <stnpress description="Station Pressure" units="kPa">98.77</stnpress>
        <humidex description="Humidex"></humidex>
        <windchill description="Wind Chill"></windchill>
        <weather description="Weather">Rain,Fog</weather>
    </stationdata>
    <stationdata timetype="LST" day="12" hour="23" minute="0" month="1" year="1992">
        <temp description="Temperature" units="°C">1.9</temp>
        <dptemp description="Dew Point Temperature" units="°C">0.6</dptemp>
        <relhum description="Relative Humidity" units="%">91</relhum>
        <winddir description="Wind Direction" units="10s deg">22</winddir>
        <windspd description="Wind Speed" units="km/h">26</windspd>
        <visibility description="Visibility" units="km">16.1</visibility>
        <stnpress description="Station Pressure" units="kPa">98.71</stnpress>
        <humidex description="Humidex"></humidex>
        <windchill description="Wind Chill"></windchill>
        <weather description="Weather">Rain</weather>
    </stationdata>
    <stationdata timetype="LST" day="13" hour="0" minute="0" month="1" year="1992">
        <temp description="Temperature" units="°C">1.8</temp>
        <dptemp description="Dew Point Temperature" units="°C">0.6</dptemp>
        <relhum description="Relative Humidity" units="%">92</relhum>
        <winddir description="Wind Direction" units="10s deg">22</winddir>
        <windspd description="Wind Speed" units="km/h">24</windspd>
        <visibility description="Visibility" units="km">16.1</visibility>
        <stnpress description="Station Pressure" units="kPa">98.67</stnpress>
        <humidex description="Humidex"></humidex>
        <windchill description="Wind Chill"></windchill>
        <weather description="Weather">Cloudy</weather>
    </stationdata>
    <stationdata timetype="LST" day="13" hour="1" minute="0" month="1" year="1992">
        <temp description="Temperature" units="°C">1.5</temp>
        <dptemp description="Dew Point Temperature" units="°C">0.5</dptemp>
        <relhum description="Relative Humidity" units="%">93</relhum>
        <winddir description="Wind Direction" units="10s deg">22</winddir>
        <windspd description="Wind Speed" units="km/h">19</windspd>
        <visibility description="Visibility" units="km">9.7</visibility>
        <stnpress description="Station Pressure" units="kPa">98.61</stnpress>
        <humidex description="Humidex"></humidex>
        <windchill description="Wind Chill"></windchill>
        <weather description="Weather">Drizzle,Fog</weather>
    </stationdata>
    <stationdata timetype="LST" day="13" hour="2" minute="0" month="1" year="1992">
        <temp description="Temperature" units="°C">2.0</temp>
        <dptemp description="Dew Point Temperature" units="°C">0.6</dptemp>
        <relhum description="Relative Humidity" units="%">90</relhum>
        <winddir description="Wind Direction" units="10s deg">23</winddir>
        <windspd description="Wind Speed" units="km/h">17</windspd>
        <visibility description="Visibility" units="km">12.9</visibility>
        <stnpress description="Station Pressure" units="kPa">98.57</stnpress>
        <humidex description="Humidex"></humidex>
        <windchill description="Wind Chill"></windchill>
        <weather description="Weather">Cloudy</weather>
    </stationdata>
    <stationdata timetype="LST" day="13" hour="3" minute="0" month="1" year="1992">
        <temp description="Temperature" units="°C">2.2</temp>
        <dptemp description="Dew Point Temperature" units="°C">0.6</dptemp>
        <relhum description="Relative Humidity" units="%">89</relhum>
        <winddir description="Wind Direction" units="10s deg">24</winddir>
        <windspd description="Wind Speed" units="km/h">20</windspd>
        <visibility description="Visibility" units="km">16.1</visibility>
        <stnpress description="Station Pressure" units="kPa">98.61</stnpress>
        <humidex description="Humidex"></humidex>
        <windchill description="Wind Chill"></windchill>
        <weather description="Weather">Cloudy</weather>
    </stationdata>
    <stationdata timetype="LST" day="13" hour="4" minute="0" month="1" year="1992">
        <temp description="Temperature" units="°C">2.1</temp>
        <dptemp description="Dew Point Temperature" units="°C">0.6</dptemp>
        <relhum description="Relative Humidity" units="%">90</relhum>
        <winddir description="Wind Direction" units="10s deg">23</winddir>
        <windspd description="Wind Speed" units="km/h">15</windspd>
        <visibility description="Visibility" units="km">16.1</visibility>
        <stnpress description="Station Pressure" units="kPa">98.57</stnpress>
        <humidex description="Humidex"></humidex>
        <windchill description="Wind Chill"></windchill>
        <weather description="Weather">Cloudy</weather>
    </stationdata>
    <stationdata timetype="LST" day="13" hour="5" minute="0" month="1" year="1992">
        <temp description="Temperature" units="°C">2.0</temp>
        <dptemp description="Dew Point Temperature" units="°C">0.6</dptemp>
        <relhum description="Relative Humidity" units="%">90</relhum>
        <winddir description="Wind Direction" units="10s deg">22</winddir>
        <windspd description="Wind Speed" units="km/h">15</windspd>
        <visibility description="Visibility" units="km">12.9</visibility>
        <stnpress description="Station Pressure" units="kPa">98.54</stnpress>
        <humidex description="Humidex"></humidex>
        <windchill description="Wind Chill"></windchill>
        <weather description="Weather">Rain</weather>
    </stationdata>
    <stationdata timetype="LST" day="13" hour="6" minute="0" month="1" year="1992">
        <temp description="Temperature" units="°C">2.0</temp>
        <dptemp description="Dew Point Temperature" units="°C">0.6</dptemp>
        <relhum description="Relative Humidity" units="%">90</relhum>
        <winddir description="Wind Direction" units="10s deg">22</winddir>
        <windspd description="Wind Speed" units="km/h">13</windspd>
        <visibility description="Visibility" units="km">16.1</visibility>
        <stnpress description="Station Pressure" units="kPa">98.54</stnpress>
        <humidex description="Humidex"></humidex>
        <windchill description="Wind Chill"></windchill>
        <weather description="Weather">Cloudy</weather>
    </stationdata>
    <stationdata timetype="LST" day="13" hour="7" minute="0" month="1" year="1992">
        <temp description="Temperature" units="°C">2.4</temp>
        <dptemp description="Dew Point Temperature" units="°C">1.1</dptemp>
        <relhum description="Relative Humidity" units="%">91</relhum>
        <winddir description="Wind Direction" units="10s deg">21</winddir>
        <windspd description="Wind Speed" units="km/h">13</windspd>
        <visibility description="Visibility" units="km">12.9</visibility>
        <stnpress description="Station Pressure" units="kPa">98.54</stnpress>
        <humidex description="Humidex"></humidex>
        <windchill description="Wind Chill"></windchill>
        <weather description="Weather">Drizzle</weather>
    </stationdata>
    <stationdata timetype="LST" day="13" hour="8" minute="0" month="1" year="1992">
        <temp description="Temperature" units="°C">2.3</temp>
        <dptemp description="Dew Point Temperature" units="°C">1.1</dptemp>
        <relhum description="Relative Humidity" units="%">92</relhum>
        <winddir description="Wind Direction" units="10s deg">20</winddir>
        <windspd description="Wind Speed" units="km/h">6</windspd>
        <visibility description="Visibility" units="km">9.7</visibility>
        <stnpress description="Station Pressure" units="kPa">98.61</stnpress>
        <humidex description="Humidex"></humidex>
        <windchill description="Wind Chill"></windchill>
        <weather description="Weather">Drizzle,Fog</weather>
    </stationdata>
    <stationdata timetype="LST" day="13" hour="9" minute="0" month="1" year="1992">
        <temp description="Temperature" units="°C">2.7</temp>
        <dptemp description="Dew Point Temperature" units="°C">1.1</dptemp>
        <relhum description="Relative Humidity" units="%">89</relhum>
        <winddir description="Wind Direction" units="10s deg">22</winddir>
        <windspd description="Wind Speed" units="km/h">13</windspd>
        <visibility description="Visibility" units="km">11.3</visibility>
        <stnpress description="Station Pressure" units="kPa">98.61</stnpress>
        <humidex description="Humidex"></humidex>
        <windchill description="Wind Chill"></windchill>
        <weather description="Weather">Cloudy</weather>
    </stationdata>
    <stationdata timetype="LST" day="13" hour="10" minute="0" month="1" year="1992">
        <temp description="Temperature" units="°C">3.1</temp>
        <dptemp description="Dew Point Temperature" units="°C">1.6</dptemp>
        <relhum description="Relative Humidity" units="%">90</relhum>
        <winddir description="Wind Direction" units="10s deg">23</winddir>
        <windspd description="Wind Speed" units="km/h">15</windspd>
        <visibility description="Visibility" units="km">9.7</visibility>
        <stnpress description="Station Pressure" units="kPa">98.61</stnpress>
        <humidex description="Humidex"></humidex>
        <windchill description="Wind Chill"></windchill>
        <weather description="Weather">Fog</weather>
    </stationdata>
    <stationdata timetype="LST" day="13" hour="11" minute="0" month="1" year="1992">
        <temp description="Temperature" units="°C">3.4</temp>
        <dptemp description="Dew Point Temperature" units="°C">2.2</dptemp>
        <relhum description="Relative Humidity" units="%">92</relhum>
        <winddir description="Wind Direction" units="10s deg">21</winddir>
        <windspd description="Wind Speed" units="km/h">13</windspd>
        <visibility description="Visibility" units="km">8.0</visibility>
        <stnpress description="Station Pressure" units="kPa">98.61</stnpress>
        <humidex description="Humidex"></humidex>
        <windchill description="Wind Chill"></windchill>
        <weather description="Weather">Rain,Drizzle,Fog</weather>
    </stationdata>
    <stationdata timetype="LST" day="13" hour="12" minute="0" month="1" year="1992">
        <temp description="Temperature" units="°C">3.7</temp>
        <dptemp description="Dew Point Temperature" units="°C">1.7</dptemp>
        <relhum description="Relative Humidity" units="%">87</relhum>
        <winddir description="Wind Direction" units="10s deg">22</winddir>
        <windspd description="Wind Speed" units="km/h">15</windspd>
        <visibility description="Visibility" units="km">11.3</visibility>
        <stnpress description="Station Pressure" units="kPa">98.51</stnpress>
        <humidex description="Humidex"></humidex>
        <windchill description="Wind Chill"></windchill>
        <weather description="Weather">Cloudy</weather>
    </stationdata>
    <stationdata timetype="LST" day="13" hour="13" minute="0" month="1" year="1992">
        <temp description="Temperature" units="°C">3.8</temp>
        <dptemp description="Dew Point Temperature" units="°C">2.7</dptemp>
        <relhum description="Relative Humidity" units="%">93</relhum>
        <winddir description="Wind Direction" units="10s deg">24</winddir>
        <windspd description="Wind Speed" units="km/h">15</windspd>
        <visibility description="Visibility" units="km">8.0</visibility>
        <stnpress description="Station Pressure" units="kPa">98.44</stnpress>
        <humidex description="Humidex"></humidex>
        <windchill description="Wind Chill"></windchill>
        <weather description="Weather">Fog</weather>
    </stationdata>
    <stationdata timetype="LST" day="13" hour="14" minute="0" month="1" year="1992">
        <temp description="Temperature" units="°C">4.4</temp>
        <dptemp description="Dew Point Temperature" units="°C">2.7</dptemp>
        <relhum description="Relative Humidity" units="%">89</relhum>
        <winddir description="Wind Direction" units="10s deg">21</winddir>
        <windspd description="Wind Speed" units="km/h">11</windspd>
        <visibility description="Visibility" units="km">9.7</visibility>
        <stnpress description="Station Pressure" units="kPa">98.37</stnpress>
        <humidex description="Humidex"></humidex>
        <windchill description="Wind Chill"></windchill>
        <weather description="Weather">Fog</weather>
    </stationdata>
    <stationdata timetype="LST" day="13" hour="15" minute="0" month="1" year="1992">
        <temp description="Temperature" units="°C">4.5</temp>
        <dptemp description="Dew Point Temperature" units="°C">2.3</dptemp>
        <relhum description="Relative Humidity" units="%">85</relhum>
        <winddir description="Wind Direction" units="10s deg">21</winddir>
        <windspd description="Wind Speed" units="km/h">11</windspd>
        <visibility description="Visibility" units="km">9.7</visibility>
        <stnpress description="Station Pressure" units="kPa">98.41</stnpress>
        <humidex description="Humidex"></humidex>
        <windchill description="Wind Chill"></windchill>
        <weather description="Weather">Fog</weather>
    </stationdata>
    <stationdata timetype="LST" day="13" hour="16" minute="0" month="1" year="1992">
        <temp description="Temperature" units="°C">4.3</temp>
        <dptemp description="Dew Point Temperature" units="°C">2.7</dptemp>
        <relhum description="Relative Humidity" units="%">90</relhum>
        <winddir description="Wind Direction" units="10s deg">24</winddir>
        <windspd description="Wind Speed" units="km/h">9</windspd>
        <visibility description="Visibility" units="km">6.4</visibility>
        <stnpress description="Station Pressure" units="kPa">98.37</stnpress>
        <humidex description="Humidex"></humidex>
        <windchill description="Wind Chill"></windchill>
        <weather description="Weather">Fog</weather>
    </stationdata>
    <stationdata timetype="LST" day="13" hour="17" minute="0" month="1" year="1992">
        <temp description="Temperature" units="°C">4.0</temp>
        <dptemp description="Dew Point Temperature" units="°C">2.7</dptemp>
        <relhum description="Relative Humidity" units="%">91</relhum>
        <winddir description="Wind Direction" units="10s deg"></winddir>
        <windspd description="Wind Speed" units="km/h">0</windspd>
        <visibility description="Visibility" units="km">6.4</visibility>
        <stnpress description="Station Pressure" units="kPa">98.41</stnpress>
        <humidex description="Humidex"></humidex>
        <windchill description="Wind Chill"></windchill>
        <weather description="Weather">Drizzle,Fog</weather>
    </stationdata>
    <stationdata timetype="LST" day="13" hour="18" minute="0" month="1" year="1992">
        <temp description="Temperature" units="°C">3.5</temp>
        <dptemp description="Dew Point Temperature" units="°C">3.1</dptemp>
        <relhum description="Relative Humidity" units="%">97</relhum>
        <winddir description="Wind Direction" units="10s deg"></winddir>
        <windspd description="Wind Speed" units="km/h">0</windspd>
        <visibility description="Visibility" units="km">3.6</visibility>
        <stnpress description="Station Pressure" units="kPa">98.37</stnpress>
        <humidex description="Humidex"></humidex>
        <windchill description="Wind Chill"></windchill>
        <weather description="Weather">Drizzle,Fog</weather>
    </stationdata>
    <stationdata timetype="LST" day="13" hour="19" minute="0" month="1" year="1992">
        <temp description="Temperature" units="°C">3.8</temp>
        <dptemp description="Dew Point Temperature" units="°C">3.1</dptemp>
        <relhum description="Relative Humidity" units="%">95</relhum>
        <winddir description="Wind Direction" units="10s deg"></winddir>
        <windspd description="Wind Speed" units="km/h">0</windspd>
        <visibility description="Visibility" units="km">3.6</visibility>
        <stnpress description="Station Pressure" units="kPa">98.41</stnpress>
        <humidex description="Humidex"></humidex>
        <windchill description="Wind Chill"></windchill>
        <weather description="Weather">Drizzle,Fog</weather>
    </stationdata>
    <stationdata timetype="LST" day="13" hour="20" minute="0" month="1" year="1992">
        <temp description="Temperature" units="°C">3.8</temp>
        <dptemp description="Dew Point Temperature" units="°C">3.6</dptemp>
        <relhum description="Relative Humidity" units="%">99</relhum>
        <winddir description="Wind Direction" units="10s deg"></winddir>
        <windspd description="Wind Speed" units="km/h">0</windspd>
        <visibility description="Visibility" units="km">4.8</visibility>
        <stnpress description="Station Pressure" units="kPa">98.34</stnpress>
        <humidex description="Humidex"></humidex>
        <windchill description="Wind Chill"></windchill>
        <weather description="Weather">Fog</weather>
    </stationdata>
    <stationdata timetype="LST" day="13" hour="21" minute="0" month="1" year="1992">
        <temp description="Temperature" units="°C">3.7</temp>
        <dptemp description="Dew Point Temperature" units="°C">3.1</dptemp>
        <relhum description="Relative Humidity" units="%">96</relhum>
        <winddir description="Wind Direction" units="10s deg"></winddir>
        <windspd description="Wind Speed" units="km/h">0</windspd>
        <visibility description="Visibility" units="km">4.0</visibility>
        <stnpress description="Station Pressure" units="kPa">98.24</stnpress>
        <humidex description="Humidex"></humidex>
        <windchill description="Wind Chill"></windchill>
        <weather description="Weather">Fog</weather>
    </stationdata>
    <stationdata timetype="LST" day="13" hour="22" minute="0" month="1" year="1992">
        <temp description="Temperature" units="°C">2.7</temp>
        <dptemp description="Dew Point Temperature" units="°C">2.0</dptemp>
        <relhum description="Relative Humidity" units="%">95</relhum>
        <winddir description="Wind Direction" units="10s deg"></winddir>
        <windspd description="Wind Speed" units="km/h">0</windspd>
        <visibility description="Visibility" units="km">2.8</visibility>
        <stnpress description="Station Pressure" units="kPa">98.14</stnpress>
        <humidex description="Humidex"></humidex>
        <windchill description="Wind Chill"></windchill>
        <weather description="Weather">Fog</weather>
    </stationdata>
    <stationdata timetype="LST" day="13" hour="23" minute="0" month="1" year="1992">
        <temp description="Temperature" units="°C">3.3</temp>
        <dptemp description="Dew Point Temperature" units="°C">3.1</dptemp>
        <relhum description="Relative Humidity" units="%">99</relhum>
        <winddir description="Wind Direction" units="10s deg">5</winddir>
        <windspd description="Wind Speed" units="km/h">4</windspd>
        <visibility description="Visibility" units="km">4.8</visibility>
        <stnpress description="Station Pressure" units="kPa">98.11</stnpress>
        <humidex description="Humidex"></humidex>
        <windchill description="Wind Chill"></windchill>
        <weather description="Weather">Rain,Fog</weather>
    </stationdata>
    <stationdata timetype="LST" day="14" hour="0" minute="0" month="1" year="1992">
        <temp description="Temperature" units="°C">3.3</temp>
        <dptemp description="Dew Point Temperature" units="°C">3.1</dptemp>
        <relhum description="Relative Humidity" units="%">99</relhum>
        <winddir description="Wind Direction" units="10s deg">3</winddir>
        <windspd description="Wind Speed" units="km/h">7</windspd>
        <visibility description="Visibility" units="km">4.0</visibility>
        <stnpress description="Station Pressure" units="kPa">97.94</stnpress>
        <humidex description="Humidex"></humidex>
        <windchill description="Wind Chill"></windchill>
        <weather description="Weather">Rain,Fog</weather>
    </stationdata>
    <stationdata timetype="LST" day="14" hour="1" minute="0" month="1" year="1992">
        <temp description="Temperature" units="°C">3.2</temp>
        <dptemp description="Dew Point Temperature" units="°C">2.6</dptemp>
        <relhum description="Relative Humidity" units="%">96</relhum>
        <winddir description="Wind Direction" units="10s deg">4</winddir>
        <windspd description="Wind Speed" units="km/h">13</windspd>
        <visibility description="Visibility" units="km">4.0</visibility>
        <stnpress description="Station Pressure" units="kPa">97.71</stnpress>
        <humidex description="Humidex"></humidex>
        <windchill description="Wind Chill"></windchill>
        <weather description="Weather">Rain,Fog</weather>
    </stationdata>
    <stationdata timetype="LST" day="14" hour="2" minute="0" month="1" year="1992">
        <temp description="Temperature" units="°C">2.7</temp>
        <dptemp description="Dew Point Temperature" units="°C">2.0</dptemp>
        <relhum description="Relative Humidity" units="%">95</relhum>
        <winddir description="Wind Direction" units="10s deg">3</winddir>
        <windspd description="Wind Speed" units="km/h">15</windspd>
        <visibility description="Visibility" units="km">4.8</visibility>
        <stnpress description="Station Pressure" units="kPa">97.47</stnpress>
        <humidex description="Humidex"></humidex>
        <windchill description="Wind Chill"></windchill>
        <weather description="Weather">Rain,Fog</weather>
    </stationdata>
    <stationdata timetype="LST" day="14" hour="3" minute="0" month="1" year="1992">
        <temp description="Temperature" units="°C">2.5</temp>
        <dptemp description="Dew Point Temperature" units="°C">2.0</dptemp>
        <relhum description="Relative Humidity" units="%">96</relhum>
        <winddir description="Wind Direction" units="10s deg">4</winddir>
        <windspd description="Wind Speed" units="km/h">17</windspd>
        <visibility description="Visibility" units="km">4.0</visibility>
        <stnpress description="Station Pressure" units="kPa">97.34</stnpress>
        <humidex description="Humidex"></humidex>
        <windchill description="Wind Chill"></windchill>
        <weather description="Weather">Rain,Fog</weather>
    </stationdata>
    <stationdata timetype="LST" day="14" hour="4" minute="0" month="1" year="1992">
        <temp description="Temperature" units="°C">1.8</temp>
        <dptemp description="Dew Point Temperature" units="°C">1.5</dptemp>
        <relhum description="Relative Humidity" units="%">98</relhum>
        <winddir description="Wind Direction" units="10s deg">2</winddir>
        <windspd description="Wind Speed" units="km/h">17</windspd>
        <visibility description="Visibility" units="km">4.0</visibility>
        <stnpress description="Station Pressure" units="kPa">97.04</stnpress>
        <humidex description="Humidex"></humidex>
        <windchill description="Wind Chill"></windchill>
        <weather description="Weather">Rain,Snow,Fog</weather>
    </stationdata>
    <stationdata timetype="LST" day="14" hour="5" minute="0" month="1" year="1992">
        <temp description="Temperature" units="°C">0.6</temp>
        <dptemp description="Dew Point Temperature" units="°C">0.0</dptemp>
        <relhum description="Relative Humidity" units="%">96</relhum>
        <winddir description="Wind Direction" units="10s deg">1</winddir>
        <windspd description="Wind Speed" units="km/h">22</windspd>
        <visibility description="Visibility" units="km">2.4</visibility>
        <stnpress description="Station Pressure" units="kPa">96.68</stnpress>
        <humidex description="Humidex"></humidex>
        <windchill description="Wind Chill"></windchill>
        <weather description="Weather">Snow</weather>
    </stationdata>
    <stationdata timetype="LST" day="14" hour="6" minute="0" month="1" year="1992">
        <temp description="Temperature" units="°C">0.8</temp>
        <dptemp description="Dew Point Temperature" units="°C">0.5</dptemp>
        <relhum description="Relative Humidity" units="%">98</relhum>
        <winddir description="Wind Direction" units="10s deg">1</winddir>
        <windspd description="Wind Speed" units="km/h">24</windspd>
        <visibility description="Visibility" units="km">4.0</visibility>
        <stnpress description="Station Pressure" units="kPa">96.41</stnpress>
        <humidex description="Humidex"></humidex>
        <windchill description="Wind Chill"></windchill>
        <weather description="Weather">Snow,Ice Pellets</weather>
    </stationdata>
    <stationdata timetype="LST" day="14" hour="7" minute="0" month="1" year="1992">
        <temp description="Temperature" units="°C">0.4</temp>
        <dptemp description="Dew Point Temperature" units="°C">0.2</dptemp>
        <relhum description="Relative Humidity" units="%">99</relhum>
        <winddir description="Wind Direction" units="10s deg">36</winddir>
        <windspd description="Wind Speed" units="km/h">33</windspd>
        <visibility description="Visibility" units="km">2.0</visibility>
        <stnpress description="Station Pressure" units="kPa">96.24</stnpress>
        <humidex description="Humidex"></humidex>
        <windchill description="Wind Chill"></windchill>
        <weather description="Weather">Snow</weather>
    </stationdata>
    <stationdata timetype="LST" day="14" hour="8" minute="0" month="1" year="1992">
        <temp description="Temperature" units="°C">-0.9</temp>
        <dptemp description="Dew Point Temperature" units="°C">-1.1</dptemp>
        <relhum description="Relative Humidity" units="%">98</relhum>
        <winddir description="Wind Direction" units="10s deg">36</winddir>
        <windspd description="Wind Speed" units="km/h">37</windspd>
        <visibility description="Visibility" units="km">2.4</visibility>
        <stnpress description="Station Pressure" units="kPa">96.08</stnpress>
        <humidex description="Humidex"></humidex>
        <windchill description="Wind Chill">-8</windchill>
        <weather description="Weather">Snow,Ice Pellets</weather>
    </stationdata>
    <stationdata timetype="LST" day="14" hour="9" minute="0" month="1" year="1992">
        <temp description="Temperature" units="°C">-3.1</temp>
        <dptemp description="Dew Point Temperature" units="°C">-4.2</dptemp>
        <relhum description="Relative Humidity" units="%">92</relhum>
        <winddir description="Wind Direction" units="10s deg">36</winddir>
        <windspd description="Wind Speed" units="km/h">46</windspd>
        <visibility description="Visibility" units="km">6.4</visibility>
        <stnpress description="Station Pressure" units="kPa">95.91</stnpress>
        <humidex description="Humidex"></humidex>
        <windchill description="Wind Chill">-12</windchill>
        <weather description="Weather">Ice Pellets</weather>
    </stationdata>
    <stationdata timetype="LST" day="14" hour="10" minute="0" month="1" year="1992">
        <temp description="Temperature" units="°C">-4.8</temp>
        <dptemp description="Dew Point Temperature" units="°C">-5.9</dptemp>
        <relhum description="Relative Humidity" units="%">92</relhum>
        <winddir description="Wind Direction" units="10s deg">36</winddir>
        <windspd description="Wind Speed" units="km/h">52</windspd>
        <visibility description="Visibility" units="km">2.4</visibility>
        <stnpress description="Station Pressure" units="kPa">95.81</stnpress>
        <humidex description="Humidex"></humidex>
        <windchill description="Wind Chill">-15</windchill>
        <weather description="Weather">Freezing Rain,Ice Pellets,Fog</weather>
    </stationdata>
    <stationdata timetype="LST" day="14" hour="11" minute="0" month="1" year="1992">
        <temp description="Temperature" units="°C">-7.6</temp>
        <dptemp description="Dew Point Temperature" units="°C">-8.8</dptemp>
        <relhum description="Relative Humidity" units="%">91</relhum>
        <winddir description="Wind Direction" units="10s deg">35</winddir>
        <windspd description="Wind Speed" units="km/h">54</windspd>
        <visibility description="Visibility" units="km">3.2</visibility>
        <stnpress description="Station Pressure" units="kPa">95.71</stnpress>
        <humidex description="Humidex"></humidex>
        <windchill description="Wind Chill">-19</windchill>
        <weather description="Weather">Ice Pellets,Blowing Snow</weather>
    </stationdata>
    <stationdata timetype="LST" day="14" hour="12" minute="0" month="1" year="1992">
        <temp description="Temperature" units="°C">-8.9</temp>
        <dptemp description="Dew Point Temperature" units="°C">-10.5</dptemp>
        <relhum description="Relative Humidity" units="%">88</relhum>
        <winddir description="Wind Direction" units="10s deg">34</winddir>
        <windspd description="Wind Speed" units="km/h">59</windspd>
        <visibility description="Visibility" units="km">8.0</visibility>
        <stnpress description="Station Pressure" units="kPa">95.84</stnpress>
        <humidex description="Humidex"></humidex>
        <windchill description="Wind Chill">-21</windchill>
        <weather description="Weather">Snow,Blowing Snow</weather>
    </stationdata>
    <stationdata timetype="LST" day="14" hour="13" minute="0" month="1" year="1992">
        <temp description="Temperature" units="°C">-10.0</temp>
        <dptemp description="Dew Point Temperature" units="°C">-11.2</dptemp>
        <relhum description="Relative Humidity" units="%">91</relhum>
        <winddir description="Wind Direction" units="10s deg">35</winddir>
        <windspd description="Wind Speed" units="km/h">52</windspd>
        <visibility description="Visibility" units="km">0.0</visibility>
        <stnpress description="Station Pressure" units="kPa">95.91</stnpress>
        <humidex description="Humidex"></humidex>
        <windchill description="Wind Chill">-22</windchill>
        <weather description="Weather">Heavy Snow,Blowing Snow</weather>
    </stationdata>
    <stationdata timetype="LST" day="14" hour="14" minute="0" month="1" year="1992">
        <temp description="Temperature" units="°C">-10.5</temp>
        <dptemp description="Dew Point Temperature" units="°C">-11.8</dptemp>
        <relhum description="Relative Humidity" units="%">90</relhum>
        <winddir description="Wind Direction" units="10s deg">33</winddir>
        <windspd description="Wind Speed" units="km/h">59</windspd>
        <visibility description="Visibility" units="km">0.0</visibility>
        <stnpress description="Station Pressure" units="kPa">96.24</stnpress>
        <humidex description="Humidex"></humidex>
        <windchill description="Wind Chill">-23</windchill>
        <weather description="Weather">Heavy Snow,Blowing Snow</weather>
    </stationdata>
    <stationdata timetype="LST" day="14" hour="15" minute="0" month="1" year="1992">
        <temp description="Temperature" units="°C">-9.5</temp>
        <dptemp description="Dew Point Temperature" units="°C">-10.3</dptemp>
        <relhum description="Relative Humidity" units="%">94</relhum>
        <winddir description="Wind Direction" units="10s deg">32</winddir>
        <windspd description="Wind Speed" units="km/h">56</windspd>
        <visibility description="Visibility" units="km">0.2</visibility>
        <stnpress description="Station Pressure" units="kPa">96.61</stnpress>
        <humidex description="Humidex"></humidex>
        <windchill description="Wind Chill">-22</windchill>
        <weather description="Weather">Heavy Snow,Blowing Snow</weather>
    </stationdata>
    <stationdata timetype="LST" day="14" hour="16" minute="0" month="1" year="1992">
        <temp description="Temperature" units="°C">-9.5</temp>
        <dptemp description="Dew Point Temperature" units="°C">-10.3</dptemp>
        <relhum description="Relative Humidity" units="%">94</relhum>
        <winddir description="Wind Direction" units="10s deg">32</winddir>
        <windspd description="Wind Speed" units="km/h">56</windspd>
        <visibility description="Visibility" units="km">0.2</visibility>
        <stnpress description="Station Pressure" units="kPa">96.91</stnpress>
        <humidex description="Humidex"></humidex>
        <windchill description="Wind Chill">-22</windchill>
        <weather description="Weather">Moderate Snow,Blowing Snow</weather>
    </stationdata>
    <stationdata timetype="LST" day="14" hour="17" minute="0" month="1" year="1992">
        <temp description="Temperature" units="°C">-9.1</temp>
        <dptemp description="Dew Point Temperature" units="°C">-10.1</dptemp>
        <relhum description="Relative Humidity" units="%">92</relhum>
        <winddir description="Wind Direction" units="10s deg">32</winddir>
        <windspd description="Wind Speed" units="km/h">48</windspd>
        <visibility description="Visibility" units="km">0.6</visibility>
        <stnpress description="Station Pressure" units="kPa">97.21</stnpress>
        <humidex description="Humidex"></humidex>
        <windchill description="Wind Chill">-20</windchill>
        <weather description="Weather">Snow,Blowing Snow</weather>
    </stationdata>
    <stationdata timetype="LST" day="14" hour="18" minute="0" month="1" year="1992">
        <temp description="Temperature" units="°C">-9.1</temp>
        <dptemp description="Dew Point Temperature" units="°C">-10.9</dptemp>
        <relhum description="Relative Humidity" units="%">87</relhum>
        <winddir description="Wind Direction" units="10s deg">31</winddir>
        <windspd description="Wind Speed" units="km/h">43</windspd>
        <visibility description="Visibility" units="km">4.8</visibility>
        <stnpress description="Station Pressure" units="kPa">97.51</stnpress>
        <humidex description="Humidex"></humidex>
        <windchill description="Wind Chill">-20</windchill>
        <weather description="Weather">Blowing Snow</weather>
    </stationdata>
    <stationdata timetype="LST" day="14" hour="19" minute="0" month="1" year="1992">
        <temp description="Temperature" units="°C">-9.8</temp>
        <dptemp description="Dew Point Temperature" units="°C">-12.0</dptemp>
        <relhum description="Relative Humidity" units="%">84</relhum>
        <winddir description="Wind Direction" units="10s deg">31</winddir>
        <windspd description="Wind Speed" units="km/h">44</windspd>
        <visibility description="Visibility" units="km">16.1</visibility>
        <stnpress description="Station Pressure" units="kPa">97.81</stnpress>
        <humidex description="Humidex"></humidex>
        <windchill description="Wind Chill">-21</windchill>
        <weather description="Weather">Mostly Cloudy</weather>
    </stationdata>
    <stationdata timetype="LST" day="14" hour="20" minute="0" month="1" year="1992">
        <temp description="Temperature" units="°C">-10.4</temp>
        <dptemp description="Dew Point Temperature" units="°C">-13.9</dptemp>
        <relhum description="Relative Humidity" units="%">75</relhum>
        <winddir description="Wind Direction" units="10s deg">31</winddir>
        <windspd description="Wind Speed" units="km/h">39</windspd>
        <visibility description="Visibility" units="km">24.1</visibility>
        <stnpress description="Station Pressure" units="kPa">98.01</stnpress>
        <humidex description="Humidex"></humidex>
        <windchill description="Wind Chill">-21</windchill>
        <weather description="Weather">Mainly Clear</weather>
    </stationdata>
    <stationdata timetype="LST" day="14" hour="21" minute="0" month="1" year="1992">
        <temp description="Temperature" units="°C">-12.2</temp>
        <dptemp description="Dew Point Temperature" units="°C">-15.3</dptemp>
        <relhum description="Relative Humidity" units="%">78</relhum>
        <winddir description="Wind Direction" units="10s deg">29</winddir>
        <windspd description="Wind Speed" units="km/h">31</windspd>
        <visibility description="Visibility" units="km">24.1</visibility>
        <stnpress description="Station Pressure" units="kPa">98.21</stnpress>
        <humidex description="Humidex"></humidex>
        <windchill description="Wind Chill">-23</windchill>
        <weather description="Weather">Mainly Clear</weather>
    </stationdata>
    <stationdata timetype="LST" day="14" hour="22" minute="0" month="1" year="1992">
        <temp description="Temperature" units="°C">-12.4</temp>
        <dptemp description="Dew Point Temperature" units="°C">-16.4</dptemp>
        <relhum description="Relative Humidity" units="%">72</relhum>
        <winddir description="Wind Direction" units="10s deg">29</winddir>
        <windspd description="Wind Speed" units="km/h">26</windspd>
        <visibility description="Visibility" units="km">24.1</visibility>
        <stnpress description="Station Pressure" units="kPa">98.34</stnpress>
        <humidex description="Humidex"></humidex>
        <windchill description="Wind Chill">-22</windchill>
        <weather description="Weather">Mainly Clear</weather>
    </stationdata>
    <stationdata timetype="LST" day="14" hour="23" minute="0" month="1" year="1992">
        <temp description="Temperature" units="°C">-12.2</temp>
        <dptemp description="Dew Point Temperature" units="°C">-14.8</dptemp>
        <relhum description="Relative Humidity" units="%">81</relhum>
        <winddir description="Wind Direction" units="10s deg">29</winddir>
        <windspd description="Wind Speed" units="km/h">26</windspd>
        <visibility description="Visibility" units="km">24.1</visibility>
        <stnpress description="Station Pressure" units="kPa">98.47</stnpress>
        <humidex description="Humidex"></humidex>
        <windchill description="Wind Chill">-22</windchill>
        <weather description="Weather">Mainly Clear</weather>
    </stationdata>
    <stationdata timetype="LST" day="15" hour="0" minute="0" month="1" year="1992">
        <temp description="Temperature" units="°C">-12.8</temp>
        <dptemp description="Dew Point Temperature" units="°C">-15.5</dptemp>
        <relhum description="Relative Humidity" units="%">80</relhum>
        <winddir description="Wind Direction" units="10s deg">29</winddir>
        <windspd description="Wind Speed" units="km/h">31</windspd>
        <visibility description="Visibility" units="km">24.1</visibility>
        <stnpress description="Station Pressure" units="kPa">98.61</stnpress>
        <humidex description="Humidex"></humidex>
        <windchill description="Wind Chill">-23</windchill>
        <weather description="Weather">Mainly Clear</weather>
    </stationdata>
    <stationdata timetype="LST" day="15" hour="1" minute="0" month="1" year="1992">
        <temp description="Temperature" units="°C">-13.0</temp>
        <dptemp description="Dew Point Temperature" units="°C">-15.5</dptemp>
        <relhum description="Relative Humidity" units="%">81</relhum>
        <winddir description="Wind Direction" units="10s deg">29</winddir>
        <windspd description="Wind Speed" units="km/h">22</windspd>
        <visibility description="Visibility" units="km">25.0</visibility>
        <stnpress description="Station Pressure" units="kPa">98.74</stnpress>
        <humidex description="Humidex"></humidex>
        <windchill description="Wind Chill">-22</windchill>
        <weather description="Weather">Clear</weather>
    </stationdata>
    <stationdata timetype="LST" day="15" hour="2" minute="0" month="1" year="1992">
        <temp description="Temperature" units="°C">-13.0</temp>
        <dptemp description="Dew Point Temperature" units="°C">-16.5</dptemp>
        <relhum description="Relative Humidity" units="%">75</relhum>
        <winddir description="Wind Direction" units="10s deg">29</winddir>
        <windspd description="Wind Speed" units="km/h">24</windspd>
        <visibility description="Visibility" units="km">25.0</visibility>
        <stnpress description="Station Pressure" units="kPa">98.84</stnpress>
        <humidex description="Humidex"></humidex>
        <windchill description="Wind Chill">-22</windchill>
        <weather description="Weather">Clear</weather>
    </stationdata>
    <stationdata timetype="LST" day="15" hour="3" minute="0" month="1" year="1992">
        <temp description="Temperature" units="°C">-12.7</temp>
        <dptemp description="Dew Point Temperature" units="°C">-15.9</dptemp>
        <relhum description="Relative Humidity" units="%">77</relhum>
        <winddir description="Wind Direction" units="10s deg">32</winddir>
        <windspd description="Wind Speed" units="km/h">22</windspd>
        <visibility description="Visibility" units="km">25.0</visibility>
        <stnpress description="Station Pressure" units="kPa">98.94</stnpress>
        <humidex description="Humidex"></humidex>
        <windchill description="Wind Chill">-22</windchill>
        <weather description="Weather">Mainly Clear</weather>
    </stationdata>
    <stationdata timetype="LST" day="15" hour="4" minute="0" month="1" year="1992">
        <temp description="Temperature" units="°C">-14.1</temp>
        <dptemp description="Dew Point Temperature" units="°C">-17.8</dptemp>
        <relhum description="Relative Humidity" units="%">74</relhum>
        <winddir description="Wind Direction" units="10s deg">1</winddir>
        <windspd description="Wind Speed" units="km/h">9</windspd>
        <visibility description="Visibility" units="km">25.0</visibility>
        <stnpress description="Station Pressure" units="kPa">99.01</stnpress>
        <humidex description="Humidex"></humidex>
        <windchill description="Wind Chill">-20</windchill>
        <weather description="Weather">Mainly Clear</weather>
    </stationdata>
    <stationdata timetype="LST" day="15" hour="5" minute="0" month="1" year="1992">
        <temp description="Temperature" units="°C">-16.2</temp>
        <dptemp description="Dew Point Temperature" units="°C">-18.4</dptemp>
        <relhum description="Relative Humidity" units="%">83</relhum>
        <winddir description="Wind Direction" units="10s deg">1</winddir>
        <windspd description="Wind Speed" units="km/h">11</windspd>
        <visibility description="Visibility" units="km">25.0</visibility>
        <stnpress description="Station Pressure" units="kPa">99.07</stnpress>
        <humidex description="Humidex"></humidex>
        <windchill description="Wind Chill">-23</windchill>
        <weather description="Weather">Mainly Clear</weather>
    </stationdata>
    <stationdata timetype="LST" day="15" hour="6" minute="0" month="1" year="1992">
        <temp description="Temperature" units="°C">-16.5</temp>
        <dptemp description="Dew Point Temperature" units="°C">-18.4</dptemp>
        <relhum description="Relative Humidity" units="%">85</relhum>
        <winddir description="Wind Direction" units="10s deg">33</winddir>
        <windspd description="Wind Speed" units="km/h">11</windspd>
        <visibility description="Visibility" units="km">25.0</visibility>
        <stnpress description="Station Pressure" units="kPa">99.14</stnpress>
        <humidex description="Humidex"></humidex>
        <windchill description="Wind Chill">-23</windchill>
        <weather description="Weather">Mainly Clear</weather>
    </stationdata>
    <stationdata timetype="LST" day="15" hour="7" minute="0" month="1" year="1992">
        <temp description="Temperature" units="°C">-17.4</temp>
        <dptemp description="Dew Point Temperature" units="°C">-19.5</dptemp>
        <relhum description="Relative Humidity" units="%">84</relhum>
        <winddir description="Wind Direction" units="10s deg">36</winddir>
        <windspd description="Wind Speed" units="km/h">9</windspd>
        <visibility description="Visibility" units="km">25.0</visibility>
        <stnpress description="Station Pressure" units="kPa">99.24</stnpress>
        <humidex description="Humidex"></humidex>
        <windchill description="Wind Chill">-24</windchill>
        <weather description="Weather">Mainly Clear</weather>
    </stationdata>
    <stationdata timetype="LST" day="15" hour="8" minute="0" month="1" year="1992">
        <temp description="Temperature" units="°C">-17.4</temp>
        <dptemp description="Dew Point Temperature" units="°C">-19.5</dptemp>
        <relhum description="Relative Humidity" units="%">84</relhum>
        <winddir description="Wind Direction" units="10s deg">34</winddir>
        <windspd description="Wind Speed" units="km/h">11</windspd>
        <visibility description="Visibility" units="km">32.2</visibility>
        <stnpress description="Station Pressure" units="kPa">99.34</stnpress>
        <humidex description="Humidex"></humidex>
        <windchill description="Wind Chill">-25</windchill>
        <weather description="Weather">Mainly Clear</weather>
    </stationdata>
    <stationdata timetype="LST" day="15" hour="9" minute="0" month="1" year="1992">
        <temp description="Temperature" units="°C">-17.7</temp>
        <dptemp description="Dew Point Temperature" units="°C">-19.5</dptemp>
        <relhum description="Relative Humidity" units="%">86</relhum>
        <winddir description="Wind Direction" units="10s deg">2</winddir>
        <windspd description="Wind Speed" units="km/h">9</windspd>
        <visibility description="Visibility" units="km">32.2</visibility>
        <stnpress description="Station Pressure" units="kPa">99.37</stnpress>
        <humidex description="Humidex"></humidex>
        <windchill description="Wind Chill">-24</windchill>
        <weather description="Weather">Mostly Cloudy</weather>
    </stationdata>
    <stationdata timetype="LST" day="15" hour="10" minute="0" month="1" year="1992">
        <temp description="Temperature" units="°C">-17.3</temp>
        <dptemp description="Dew Point Temperature" units="°C">-20.1</dptemp>
        <relhum description="Relative Humidity" units="%">79</relhum>
        <winddir description="Wind Direction" units="10s deg">35</winddir>
        <windspd description="Wind Speed" units="km/h">7</windspd>
        <visibility description="Visibility" units="km">32.2</visibility>
        <stnpress description="Station Pressure" units="kPa">99.41</stnpress>
        <humidex description="Humidex"></humidex>
        <windchill description="Wind Chill">-23</windchill>
        <weather description="Weather">Mainly Clear</weather>
    </stationdata>
    <stationdata timetype="LST" day="15" hour="11" minute="0" month="1" year="1992">
        <temp description="Temperature" units="°C">-17.0</temp>
        <dptemp description="Dew Point Temperature" units="°C">-19.6</dptemp>
        <relhum description="Relative Humidity" units="%">80</relhum>
        <winddir description="Wind Direction" units="10s deg">2</winddir>
        <windspd description="Wind Speed" units="km/h">9</windspd>
        <visibility description="Visibility" units="km">24.1</visibility>
        <stnpress description="Station Pressure" units="kPa">99.41</stnpress>
        <humidex description="Humidex"></humidex>
        <windchill description="Wind Chill">-23</windchill>
        <weather description="Weather">Clear</weather>
    </stationdata>
    <stationdata timetype="LST" day="15" hour="12" minute="0" month="1" year="1992">
        <temp description="Temperature" units="°C">-16.6</temp>
        <dptemp description="Dew Point Temperature" units="°C">-19.0</dptemp>
        <relhum description="Relative Humidity" units="%">82</relhum>
        <winddir description="Wind Direction" units="10s deg">36</winddir>
        <windspd description="Wind Speed" units="km/h">9</windspd>
        <visibility description="Visibility" units="km">24.1</visibility>
        <stnpress description="Station Pressure" units="kPa">99.34</stnpress>
        <humidex description="Humidex"></humidex>
        <windchill description="Wind Chill">-23</windchill>
        <weather description="Weather">Mostly Cloudy</weather>
    </stationdata>
    <stationdata timetype="LST" day="15" hour="13" minute="0" month="1" year="1992">
        <temp description="Temperature" units="°C">-16.4</temp>
        <dptemp description="Dew Point Temperature" units="°C">-19.0</dptemp>
        <relhum description="Relative Humidity" units="%">80</relhum>
        <winddir description="Wind Direction" units="10s deg">34</winddir>
        <windspd description="Wind Speed" units="km/h">9</windspd>
        <visibility description="Visibility" units="km">24.1</visibility>
        <stnpress description="Station Pressure" units="kPa">99.24</stnpress>
        <humidex description="Humidex"></humidex>
        <windchill description="Wind Chill">-22</windchill>
        <weather description="Weather">Mostly Cloudy</weather>
    </stationdata>
    <stationdata timetype="LST" day="15" hour="14" minute="0" month="1" year="1992">
        <temp description="Temperature" units="°C">-15.5</temp>
        <dptemp description="Dew Point Temperature" units="°C">-17.9</dptemp>
        <relhum description="Relative Humidity" units="%">82</relhum>
        <winddir description="Wind Direction" units="10s deg">35</winddir>
        <windspd description="Wind Speed" units="km/h">13</windspd>
        <visibility description="Visibility" units="km">24.1</visibility>
        <stnpress description="Station Pressure" units="kPa">99.14</stnpress>
        <humidex description="Humidex"></humidex>
        <windchill description="Wind Chill">-23</windchill>
        <weather description="Weather">Mostly Cloudy</weather>
    </stationdata>
    <stationdata timetype="LST" day="15" hour="15" minute="0" month="1" year="1992">
        <temp description="Temperature" units="°C">-14.7</temp>
        <dptemp description="Dew Point Temperature" units="°C">-17.8</dptemp>
        <relhum description="Relative Humidity" units="%">77</relhum>
        <winddir description="Wind Direction" units="10s deg">34</winddir>
        <windspd description="Wind Speed" units="km/h">9</windspd>
        <visibility description="Visibility" units="km">32.2</visibility>
        <stnpress description="Station Pressure" units="kPa">99.14</stnpress>
        <humidex description="Humidex"></humidex>
        <windchill description="Wind Chill">-20</windchill>
        <weather description="Weather">Cloudy</weather>
    </stationdata>
    <stationdata timetype="LST" day="15" hour="16" minute="0" month="1" year="1992">
        <temp description="Temperature" units="°C">-14.8</temp>
        <dptemp description="Dew Point Temperature" units="°C">-17.8</dptemp>
        <relhum description="Relative Humidity" units="%">78</relhum>
        <winddir description="Wind Direction" units="10s deg">35</winddir>
        <windspd description="Wind Speed" units="km/h">11</windspd>
        <visibility description="Visibility" units="km">32.2</visibility>
        <stnpress description="Station Pressure" units="kPa">99.14</stnpress>
        <humidex description="Humidex"></humidex>
        <windchill description="Wind Chill">-21</windchill>
        <weather description="Weather">Cloudy</weather>
    </stationdata>
    <stationdata timetype="LST" day="15" hour="17" minute="0" month="1" year="1992">
        <temp description="Temperature" units="°C">-15.2</temp>
        <dptemp description="Dew Point Temperature" units="°C">-17.8</dptemp>
        <relhum description="Relative Humidity" units="%">81</relhum>
        <winddir description="Wind Direction" units="10s deg">34</winddir>
        <windspd description="Wind Speed" units="km/h">11</windspd>
        <visibility description="Visibility" units="km">32.2</visibility>
        <stnpress description="Station Pressure" units="kPa">99.14</stnpress>
        <humidex description="Humidex"></humidex>
        <windchill description="Wind Chill">-22</windchill>
        <weather description="Weather">Cloudy</weather>
    </stationdata>
    <stationdata timetype="LST" day="15" hour="18" minute="0" month="1" year="1992">
        <temp description="Temperature" units="°C">-15.4</temp>
        <dptemp description="Dew Point Temperature" units="°C">-17.3</dptemp>
        <relhum description="Relative Humidity" units="%">85</relhum>
        <winddir description="Wind Direction" units="10s deg">36</winddir>
        <windspd description="Wind Speed" units="km/h">15</windspd>
        <visibility description="Visibility" units="km">4.0</visibility>
        <stnpress description="Station Pressure" units="kPa">99.11</stnpress>
        <humidex description="Humidex"></humidex>
        <windchill description="Wind Chill">-23</windchill>
        <weather description="Weather">Snow Showers</weather>
    </stationdata>
    <stationdata timetype="LST" day="15" hour="19" minute="0" month="1" year="1992">
        <temp description="Temperature" units="°C">-16.0</temp>
        <dptemp description="Dew Point Temperature" units="°C">-18.4</dptemp>
        <relhum description="Relative Humidity" units="%">82</relhum>
        <winddir description="Wind Direction" units="10s deg">1</winddir>
        <windspd description="Wind Speed" units="km/h">17</windspd>
        <visibility description="Visibility" units="km">4.0</visibility>
        <stnpress description="Station Pressure" units="kPa">99.04</stnpress>
        <humidex description="Humidex"></humidex>
        <windchill description="Wind Chill">-25</windchill>
        <weather description="Weather">Snow</weather>
    </stationdata>
    <stationdata timetype="LST" day="15" hour="20" minute="0" month="1" year="1992">
        <temp description="Temperature" units="°C">-16.2</temp>
        <dptemp description="Dew Point Temperature" units="°C">-18.4</dptemp>
        <relhum description="Relative Humidity" units="%">83</relhum>
        <winddir description="Wind Direction" units="10s deg">35</winddir>
        <windspd description="Wind Speed" units="km/h">13</windspd>
        <visibility description="Visibility" units="km">9.7</visibility>
        <stnpress description="Station Pressure" units="kPa">99.04</stnpress>
        <humidex description="Humidex"></humidex>
        <windchill description="Wind Chill">-24</windchill>
        <weather description="Weather">Snow</weather>
    </stationdata>
    <stationdata timetype="LST" day="15" hour="21" minute="0" month="1" year="1992">
        <temp description="Temperature" units="°C">-16.3</temp>
        <dptemp description="Dew Point Temperature" units="°C">-19.6</dptemp>
        <relhum description="Relative Humidity" units="%">75</relhum>
        <winddir description="Wind Direction" units="10s deg">35</winddir>
        <windspd description="Wind Speed" units="km/h">15</windspd>
        <visibility description="Visibility" units="km">19.3</visibility>
        <stnpress description="Station Pressure" units="kPa">98.97</stnpress>
        <humidex description="Humidex"></humidex>
        <windchill description="Wind Chill">-25</windchill>
        <weather description="Weather">Cloudy</weather>
    </stationdata>
    <stationdata timetype="LST" day="15" hour="22" minute="0" month="1" year="1992">
        <temp description="Temperature" units="°C">-16.5</temp>
        <dptemp description="Dew Point Temperature" units="°C">-19.0</dptemp>
        <relhum description="Relative Humidity" units="%">81</relhum>
        <winddir description="Wind Direction" units="10s deg">35</winddir>
        <windspd description="Wind Speed" units="km/h">15</windspd>
        <visibility description="Visibility" units="km">9.7</visibility>
        <stnpress description="Station Pressure" units="kPa">98.97</stnpress>
        <humidex description="Humidex"></humidex>
        <windchill description="Wind Chill">-25</windchill>
        <weather description="Weather">Snow</weather>
    </stationdata>
    <stationdata timetype="LST" day="15" hour="23" minute="0" month="1" year="1992">
        <temp description="Temperature" units="°C">-16.6</temp>
        <dptemp description="Dew Point Temperature" units="°C">-19.0</dptemp>
        <relhum description="Relative Humidity" units="%">82</relhum>
        <winddir description="Wind Direction" units="10s deg">33</winddir>
        <windspd description="Wind Speed" units="km/h">20</windspd>
        <visibility description="Visibility" units="km">12.9</visibility>
        <stnpress description="Station Pressure" units="kPa">98.94</stnpress>
        <humidex description="Humidex"></humidex>
        <windchill description="Wind Chill">-26</windchill>
        <weather description="Weather">Snow</weather>
    </stationdata>
    <stationdata timetype="LST" day="16" hour="0" minute="0" month="1" year="1992">
        <temp description="Temperature" units="°C">-16.8</temp>
        <dptemp description="Dew Point Temperature" units="°C">-19.0</dptemp>
        <relhum description="Relative Humidity" units="%">83</relhum>
        <winddir description="Wind Direction" units="10s deg">35</winddir>
        <windspd description="Wind Speed" units="km/h">17</windspd>
        <visibility description="Visibility" units="km">25.0</visibility>
        <stnpress description="Station Pressure" units="kPa">98.94</stnpress>
        <humidex description="Humidex"></humidex>
        <windchill description="Wind Chill">-26</windchill>
        <weather description="Weather">Mostly Cloudy</weather>
    </stationdata>
    <stationdata timetype="LST" day="16" hour="1" minute="0" month="1" year="1992">
        <temp description="Temperature" units="°C">-17.3</temp>
        <dptemp description="Dew Point Temperature" units="°C">-20.8</dptemp>
        <relhum description="Relative Humidity" units="%">74</relhum>
        <winddir description="Wind Direction" units="10s deg">35</winddir>
        <windspd description="Wind Speed" units="km/h">20</windspd>
        <visibility description="Visibility" units="km">25.0</visibility>
        <stnpress description="Station Pressure" units="kPa">98.94</stnpress>
        <humidex description="Humidex"></humidex>
        <windchill description="Wind Chill">-27</windchill>
        <weather description="Weather">Cloudy</weather>
    </stationdata>
    <stationdata timetype="LST" day="16" hour="2" minute="0" month="1" year="1992">
        <temp description="Temperature" units="°C">-18.6</temp>
        <dptemp description="Dew Point Temperature" units="°C">-20.6</dptemp>
        <relhum description="Relative Humidity" units="%">84</relhum>
        <winddir description="Wind Direction" units="10s deg">34</winddir>
        <windspd description="Wind Speed" units="km/h">20</windspd>
        <visibility description="Visibility" units="km">25.0</visibility>
        <stnpress description="Station Pressure" units="kPa">98.97</stnpress>
        <humidex description="Humidex"></humidex>
        <windchill description="Wind Chill">-29</windchill>
        <weather description="Weather">Mostly Cloudy</weather>
    </stationdata>
    <stationdata timetype="LST" day="16" hour="3" minute="0" month="1" year="1992">
        <temp description="Temperature" units="°C">-20.5</temp>
        <dptemp description="Dew Point Temperature" units="°C">-22.8</dptemp>
        <relhum description="Relative Humidity" units="%">82</relhum>
        <winddir description="Wind Direction" units="10s deg">34</winddir>
        <windspd description="Wind Speed" units="km/h">19</windspd>
        <visibility description="Visibility" units="km">25.0</visibility>
        <stnpress description="Station Pressure" units="kPa">99.07</stnpress>
        <humidex description="Humidex"></humidex>
        <windchill description="Wind Chill">-31</windchill>
        <weather description="Weather">Mainly Clear</weather>
    </stationdata>
    <stationdata timetype="LST" day="16" hour="4" minute="0" month="1" year="1992">
        <temp description="Temperature" units="°C">-21.5</temp>
        <dptemp description="Dew Point Temperature" units="°C">-23.9</dptemp>
        <relhum description="Relative Humidity" units="%">81</relhum>
        <winddir description="Wind Direction" units="10s deg">35</winddir>
        <windspd description="Wind Speed" units="km/h">13</windspd>
        <visibility description="Visibility" units="km">25.0</visibility>
        <stnpress description="Station Pressure" units="kPa">99.11</stnpress>
        <humidex description="Humidex"></humidex>
        <windchill description="Wind Chill">-30</windchill>
        <weather description="Weather">Clear</weather>
    </stationdata>
    <stationdata timetype="LST" day="16" hour="5" minute="0" month="1" year="1992">
        <temp description="Temperature" units="°C">-22.0</temp>
        <dptemp description="Dew Point Temperature" units="°C">-24.4</dptemp>
        <relhum description="Relative Humidity" units="%">81</relhum>
        <winddir description="Wind Direction" units="10s deg">31</winddir>
        <windspd description="Wind Speed" units="km/h">11</windspd>
        <visibility description="Visibility" units="km">25.0</visibility>
        <stnpress description="Station Pressure" units="kPa">99.14</stnpress>
        <humidex description="Humidex"></humidex>
        <windchill description="Wind Chill">-30</windchill>
        <weather description="Weather">Clear</weather>
    </stationdata>
    <stationdata timetype="LST" day="16" hour="6" minute="0" month="1" year="1992">
        <temp description="Temperature" units="°C">-21.9</temp>
        <dptemp description="Dew Point Temperature" units="°C">-25.3</dptemp>
        <relhum description="Relative Humidity" units="%">74</relhum>
        <winddir description="Wind Direction" units="10s deg">30</winddir>
        <windspd description="Wind Speed" units="km/h">11</windspd>
        <visibility description="Visibility" units="km">25.0</visibility>
        <stnpress description="Station Pressure" units="kPa">99.21</stnpress>
        <humidex description="Humidex"></humidex>
        <windchill description="Wind Chill">-30</windchill>
        <weather description="Weather">Mostly Cloudy</weather>
    </stationdata>
    <stationdata timetype="LST" day="16" hour="7" minute="0" month="1" year="1992">
        <temp description="Temperature" units="°C">-21.4</temp>
        <dptemp description="Dew Point Temperature" units="°C">-24.7</dptemp>
        <relhum description="Relative Humidity" units="%">75</relhum>
        <winddir description="Wind Direction" units="10s deg">32</winddir>
        <windspd description="Wind Speed" units="km/h">11</windspd>
        <visibility description="Visibility" units="km">24.1</visibility>
        <stnpress description="Station Pressure" units="kPa">99.24</stnpress>
        <humidex description="Humidex"></humidex>
        <windchill description="Wind Chill">-29</windchill>
        <weather description="Weather">Cloudy</weather>
    </stationdata>
    <stationdata timetype="LST" day="16" hour="8" minute="0" month="1" year="1992">
        <temp description="Temperature" units="°C">-21.3</temp>
        <dptemp description="Dew Point Temperature" units="°C">-24.7</dptemp>
        <relhum description="Relative Humidity" units="%">74</relhum>
        <winddir description="Wind Direction" units="10s deg"></winddir>
        <windspd description="Wind Speed" units="km/h">0</windspd>
        <visibility description="Visibility" units="km">24.1</visibility>
        <stnpress description="Station Pressure" units="kPa">99.31</stnpress>
        <humidex description="Humidex"></humidex>
        <windchill description="Wind Chill"></windchill>
        <weather description="Weather">Mainly Clear</weather>
    </stationdata>
    <stationdata timetype="LST" day="16" hour="9" minute="0" month="1" year="1992">
        <temp description="Temperature" units="°C">-21.2</temp>
        <dptemp description="Dew Point Temperature" units="°C">-24.2</dptemp>
        <relhum description="Relative Humidity" units="%">77</relhum>
        <winddir description="Wind Direction" units="10s deg">34</winddir>
        <windspd description="Wind Speed" units="km/h">4</windspd>
        <visibility description="Visibility" units="km">32.2</visibility>
        <stnpress description="Station Pressure" units="kPa">99.31</stnpress>
        <humidex description="Humidex"></humidex>
        <windchill description="Wind Chill">-25</windchill>
        <weather description="Weather">Mainly Clear</weather>
    </stationdata>
    <stationdata timetype="LST" day="16" hour="10" minute="0" month="1" year="1992">
        <temp description="Temperature" units="°C">-20.5</temp>
        <dptemp description="Dew Point Temperature" units="°C">-23.6</dptemp>
        <relhum description="Relative Humidity" units="%">76</relhum>
        <winddir description="Wind Direction" units="10s deg"></winddir>
        <windspd description="Wind Speed" units="km/h">0</windspd>
        <visibility description="Visibility" units="km">32.2</visibility>
        <stnpress description="Station Pressure" units="kPa">99.27</stnpress>
        <humidex description="Humidex"></humidex>
        <windchill description="Wind Chill"></windchill>
        <weather description="Weather">Clear</weather>
    </stationdata>
    <stationdata timetype="LST" day="16" hour="11" minute="0" month="1" year="1992">
        <temp description="Temperature" units="°C">-18.4</temp>
        <dptemp description="Dew Point Temperature" units="°C">-22.0</dptemp>
        <relhum description="Relative Humidity" units="%">73</relhum>
        <winddir description="Wind Direction" units="10s deg"></winddir>
        <windspd description="Wind Speed" units="km/h">0</windspd>
        <visibility description="Visibility" units="km">32.2</visibility>
        <stnpress description="Station Pressure" units="kPa">99.24</stnpress>
        <humidex description="Humidex"></humidex>
        <windchill description="Wind Chill"></windchill>
        <weather description="Weather">Clear</weather>
    </stationdata>
    <stationdata timetype="LST" day="16" hour="12" minute="0" month="1" year="1992">
        <temp description="Temperature" units="°C">-15.0</temp>
        <dptemp description="Dew Point Temperature" units="°C">-18.4</dptemp>
        <relhum description="Relative Humidity" units="%">75</relhum>
        <winddir description="Wind Direction" units="10s deg"></winddir>
        <windspd description="Wind Speed" units="km/h">0</windspd>
        <visibility description="Visibility" units="km">40.2</visibility>
        <stnpress description="Station Pressure" units="kPa">99.17</stnpress>
        <humidex description="Humidex"></humidex>
        <windchill description="Wind Chill"></windchill>
        <weather description="Weather">Mainly Clear</weather>
    </stationdata>
    <stationdata timetype="LST" day="16" hour="13" minute="0" month="1" year="1992">
        <temp description="Temperature" units="°C">-14.0</temp>
        <dptemp description="Dew Point Temperature" units="°C">-18.4</dptemp>
        <relhum description="Relative Humidity" units="%">69</relhum>
        <winddir description="Wind Direction" units="10s deg">26</winddir>
        <windspd description="Wind Speed" units="km/h">4</windspd>
        <visibility description="Visibility" units="km">40.2</visibility>
        <stnpress description="Station Pressure" units="kPa">99.11</stnpress>
        <humidex description="Humidex"></humidex>
        <windchill description="Wind Chill">-17</windchill>
        <weather description="Weather">Mainly Clear</weather>
    </stationdata>
    <stationdata timetype="LST" day="16" hour="14" minute="0" month="1" year="1992">
        <temp description="Temperature" units="°C">-13.5</temp>
        <dptemp description="Dew Point Temperature" units="°C">-17.7</dptemp>
        <relhum description="Relative Humidity" units="%">70</relhum>
        <winddir description="Wind Direction" units="10s deg">26</winddir>
        <windspd description="Wind Speed" units="km/h">6</windspd>
        <visibility description="Visibility" units="km">40.2</visibility>
        <stnpress description="Station Pressure" units="kPa">99.07</stnpress>
        <humidex description="Humidex"></humidex>
        <windchill description="Wind Chill">-18</windchill>
        <weather description="Weather">Snow</weather>
    </stationdata>
    <stationdata timetype="LST" day="16" hour="15" minute="0" month="1" year="1992">
        <temp description="Temperature" units="°C">-13.0</temp>
        <dptemp description="Dew Point Temperature" units="°C">-15.5</dptemp>
        <relhum description="Relative Humidity" units="%">81</relhum>
        <winddir description="Wind Direction" units="10s deg"></winddir>
        <windspd description="Wind Speed" units="km/h">0</windspd>
        <visibility description="Visibility" units="km">6.4</visibility>
        <stnpress description="Station Pressure" units="kPa">99.07</stnpress>
        <humidex description="Humidex"></humidex>
        <windchill description="Wind Chill"></windchill>
        <weather description="Weather">Snow Showers</weather>
    </stationdata>
    <stationdata timetype="LST" day="16" hour="16" minute="0" month="1" year="1992">
        <temp description="Temperature" units="°C">-12.8</temp>
        <dptemp description="Dew Point Temperature" units="°C">-15.5</dptemp>
        <relhum description="Relative Humidity" units="%">80</relhum>
        <winddir description="Wind Direction" units="10s deg"></winddir>
        <windspd description="Wind Speed" units="km/h">0</windspd>
        <visibility description="Visibility" units="km">2.8</visibility>
        <stnpress description="Station Pressure" units="kPa">99.04</stnpress>
        <humidex description="Humidex"></humidex>
        <windchill description="Wind Chill"></windchill>
        <weather description="Weather">Snow</weather>
    </stationdata>
    <stationdata timetype="LST" day="16" hour="17" minute="0" month="1" year="1992">
        <temp description="Temperature" units="°C">-12.0</temp>
        <dptemp description="Dew Point Temperature" units="°C">-15.3</dptemp>
        <relhum description="Relative Humidity" units="%">76</relhum>
        <winddir description="Wind Direction" units="10s deg">25</winddir>
        <windspd description="Wind Speed" units="km/h">26</windspd>
        <visibility description="Visibility" units="km">24.1</visibility>
        <stnpress description="Station Pressure" units="kPa">99.04</stnpress>
        <humidex description="Humidex"></humidex>
        <windchill description="Wind Chill">-22</windchill>
        <weather description="Weather">Mostly Cloudy</weather>
    </stationdata>
    <stationdata timetype="LST" day="16" hour="18" minute="0" month="1" year="1992">
        <temp description="Temperature" units="°C">-13.0</temp>
        <dptemp description="Dew Point Temperature" units="°C">-17.1</dptemp>
        <relhum description="Relative Humidity" units="%">71</relhum>
        <winddir description="Wind Direction" units="10s deg">25</winddir>
        <windspd description="Wind Speed" units="km/h">22</windspd>
        <visibility description="Visibility" units="km">24.1</visibility>
        <stnpress description="Station Pressure" units="kPa">99.07</stnpress>
        <humidex description="Humidex"></humidex>
        <windchill description="Wind Chill">-22</windchill>
        <weather description="Weather">Mostly Cloudy</weather>
    </stationdata>
    <stationdata timetype="LST" day="16" hour="19" minute="0" month="1" year="1992">
        <temp description="Temperature" units="°C">-12.9</temp>
        <dptemp description="Dew Point Temperature" units="°C">-16.0</dptemp>
        <relhum description="Relative Humidity" units="%">77</relhum>
        <winddir description="Wind Direction" units="10s deg">24</winddir>
        <windspd description="Wind Speed" units="km/h">22</windspd>
        <visibility description="Visibility" units="km">25.0</visibility>
        <stnpress description="Station Pressure" units="kPa">99.04</stnpress>
        <humidex description="Humidex"></humidex>
        <windchill description="Wind Chill">-22</windchill>
        <weather description="Weather">Mostly Cloudy</weather>
    </stationdata>
    <stationdata timetype="LST" day="16" hour="20" minute="0" month="1" year="1992">
        <temp description="Temperature" units="°C">-12.5</temp>
        <dptemp description="Dew Point Temperature" units="°C">-15.9</dptemp>
        <relhum description="Relative Humidity" units="%">76</relhum>
        <winddir description="Wind Direction" units="10s deg">23</winddir>
        <windspd description="Wind Speed" units="km/h">22</windspd>
        <visibility description="Visibility" units="km">24.1</visibility>
        <stnpress description="Station Pressure" units="kPa">98.97</stnpress>
        <humidex description="Humidex"></humidex>
        <windchill description="Wind Chill">-21</windchill>
        <weather description="Weather">Cloudy</weather>
    </stationdata>
    <stationdata timetype="LST" day="16" hour="21" minute="0" month="1" year="1992">
        <temp description="Temperature" units="°C">-12.6</temp>
        <dptemp description="Dew Point Temperature" units="°C">-15.4</dptemp>
        <relhum description="Relative Humidity" units="%">80</relhum>
        <winddir description="Wind Direction" units="10s deg">22</winddir>
        <windspd description="Wind Speed" units="km/h">22</windspd>
        <visibility description="Visibility" units="km">24.1</visibility>
        <stnpress description="Station Pressure" units="kPa">98.94</stnpress>
        <humidex description="Humidex"></humidex>
        <windchill description="Wind Chill">-22</windchill>
        <weather description="Weather">Cloudy</weather>
    </stationdata>
    <stationdata timetype="LST" day="16" hour="22" minute="0" month="1" year="1992">
        <temp description="Temperature" units="°C">-12.4</temp>
        <dptemp description="Dew Point Temperature" units="°C">-14.9</dptemp>
        <relhum description="Relative Humidity" units="%">81</relhum>
        <winddir description="Wind Direction" units="10s deg">25</winddir>
        <windspd description="Wind Speed" units="km/h">19</windspd>
        <visibility description="Visibility" units="km">24.1</visibility>
        <stnpress description="Station Pressure" units="kPa">98.87</stnpress>
        <humidex description="Humidex"></humidex>
        <windchill description="Wind Chill">-21</windchill>
        <weather description="Weather">Cloudy</weather>
    </stationdata>
    <stationdata timetype="LST" day="16" hour="23" minute="0" month="1" year="1992">
        <temp description="Temperature" units="°C">-12.1</temp>
        <dptemp description="Dew Point Temperature" units="°C">-15.3</dptemp>
        <relhum description="Relative Humidity" units="%">77</relhum>
        <winddir description="Wind Direction" units="10s deg">24</winddir>
        <windspd description="Wind Speed" units="km/h">17</windspd>
        <visibility description="Visibility" units="km">24.1</visibility>
        <stnpress description="Station Pressure" units="kPa">98.81</stnpress>
        <humidex description="Humidex"></humidex>
        <windchill description="Wind Chill">-20</windchill>
        <weather description="Weather">Cloudy</weather>
    </stationdata>
    <stationdata timetype="LST" day="17" hour="0" minute="0" month="1" year="1992">
        <temp description="Temperature" units="°C">-11.6</temp>
        <dptemp description="Dew Point Temperature" units="°C">-14.7</dptemp>
        <relhum description="Relative Humidity" units="%">78</relhum>
        <winddir description="Wind Direction" units="10s deg">24</winddir>
        <windspd description="Wind Speed" units="km/h">20</windspd>
        <visibility description="Visibility" units="km">19.3</visibility>
        <stnpress description="Station Pressure" units="kPa">98.74</stnpress>
        <humidex description="Humidex"></humidex>
        <windchill description="Wind Chill">-20</windchill>
        <weather description="Weather">Snow Showers</weather>
    </stationdata>
    <stationdata timetype="LST" day="17" hour="1" minute="0" month="1" year="1992">
        <temp description="Temperature" units="°C">-11.4</temp>
        <dptemp description="Dew Point Temperature" units="°C">-13.8</dptemp>
        <relhum description="Relative Humidity" units="%">82</relhum>
        <winddir description="Wind Direction" units="10s deg">23</winddir>
        <windspd description="Wind Speed" units="km/h">20</windspd>
        <visibility description="Visibility" units="km">8.0</visibility>
        <stnpress description="Station Pressure" units="kPa">98.61</stnpress>
        <humidex description="Humidex"></humidex>
        <windchill description="Wind Chill">-20</windchill>
        <weather description="Weather">Snow Showers</weather>
    </stationdata>
    <stationdata timetype="LST" day="17" hour="2" minute="0" month="1" year="1992">
        <temp description="Temperature" units="°C">-11.1</temp>
        <dptemp description="Dew Point Temperature" units="°C">-13.2</dptemp>
        <relhum description="Relative Humidity" units="%">84</relhum>
        <winddir description="Wind Direction" units="10s deg">21</winddir>
        <windspd description="Wind Speed" units="km/h">15</windspd>
        <visibility description="Visibility" units="km">6.4</visibility>
        <stnpress description="Station Pressure" units="kPa">98.51</stnpress>
        <humidex description="Humidex"></humidex>
        <windchill description="Wind Chill">-18</windchill>
        <weather description="Weather">Snow</weather>
    </stationdata>
    <stationdata timetype="LST" day="17" hour="3" minute="0" month="1" year="1992">
        <temp description="Temperature" units="°C">-10.6</temp>
        <dptemp description="Dew Point Temperature" units="°C">-12.6</dptemp>
        <relhum description="Relative Humidity" units="%">85</relhum>
        <winddir description="Wind Direction" units="10s deg">22</winddir>
        <windspd description="Wind Speed" units="km/h">15</windspd>
        <visibility description="Visibility" units="km">2.8</visibility>
        <stnpress description="Station Pressure" units="kPa">98.37</stnpress>
        <humidex description="Humidex"></humidex>
        <windchill description="Wind Chill">-17</windchill>
        <weather description="Weather">Snow</weather>
    </stationdata>
    <stationdata timetype="LST" day="17" hour="4" minute="0" month="1" year="1992">
        <temp description="Temperature" units="°C">-10.2</temp>
        <dptemp description="Dew Point Temperature" units="°C">-11.2</dptemp>
        <relhum description="Relative Humidity" units="%">92</relhum>
        <winddir description="Wind Direction" units="10s deg">20</winddir>
        <windspd description="Wind Speed" units="km/h">11</windspd>
        <visibility description="Visibility" units="km">2.4</visibility>
        <stnpress description="Station Pressure" units="kPa">98.21</stnpress>
        <humidex description="Humidex"></humidex>
        <windchill description="Wind Chill">-16</windchill>
        <weather description="Weather">Snow</weather>
    </stationdata>
    <stationdata timetype="LST" day="17" hour="5" minute="0" month="1" year="1992">
        <temp description="Temperature" units="°C">-9.0</temp>
        <dptemp description="Dew Point Temperature" units="°C">-10.1</dptemp>
        <relhum description="Relative Humidity" units="%">92</relhum>
        <winddir description="Wind Direction" units="10s deg">19</winddir>
        <windspd description="Wind Speed" units="km/h">11</windspd>
        <visibility description="Visibility" units="km">2.8</visibility>
        <stnpress description="Station Pressure" units="kPa">98.11</stnpress>
        <humidex description="Humidex"></humidex>
        <windchill description="Wind Chill">-14</windchill>
        <weather description="Weather">Snow</weather>
    </stationdata>
    <stationdata timetype="LST" day="17" hour="6" minute="0" month="1" year="1992">
        <temp description="Temperature" units="°C">-8.3</temp>
        <dptemp description="Dew Point Temperature" units="°C">-9.6</dptemp>
        <relhum description="Relative Humidity" units="%">90</relhum>
        <winddir description="Wind Direction" units="10s deg">19</winddir>
        <windspd description="Wind Speed" units="km/h">15</windspd>
        <visibility description="Visibility" units="km">4.0</visibility>
        <stnpress description="Station Pressure" units="kPa">97.97</stnpress>
        <humidex description="Humidex"></humidex>
        <windchill description="Wind Chill">-15</windchill>
        <weather description="Weather">Snow</weather>
    </stationdata>
    <stationdata timetype="LST" day="17" hour="7" minute="0" month="1" year="1992">
        <temp description="Temperature" units="°C">-7.5</temp>
        <dptemp description="Dew Point Temperature" units="°C">-8.8</dptemp>
        <relhum description="Relative Humidity" units="%">90</relhum>
        <winddir description="Wind Direction" units="10s deg">19</winddir>
        <windspd description="Wind Speed" units="km/h">15</windspd>
        <visibility description="Visibility" units="km">4.0</visibility>
        <stnpress description="Station Pressure" units="kPa">97.87</stnpress>
        <humidex description="Humidex"></humidex>
        <windchill description="Wind Chill">-14</windchill>
        <weather description="Weather">Snow</weather>
    </stationdata>
    <stationdata timetype="LST" day="17" hour="8" minute="0" month="1" year="1992">
        <temp description="Temperature" units="°C">-7.2</temp>
        <dptemp description="Dew Point Temperature" units="°C">-7.9</dptemp>
        <relhum description="Relative Humidity" units="%">95</relhum>
        <winddir description="Wind Direction" units="10s deg">20</winddir>
        <windspd description="Wind Speed" units="km/h">11</windspd>
        <visibility description="Visibility" units="km">1.6</visibility>
        <stnpress description="Station Pressure" units="kPa">97.84</stnpress>
        <humidex description="Humidex"></humidex>
        <windchill description="Wind Chill">-12</windchill>
        <weather description="Weather">Snow</weather>
    </stationdata>
    <stationdata timetype="LST" day="17" hour="9" minute="0" month="1" year="1992">
        <temp description="Temperature" units="°C">-6.7</temp>
        <dptemp description="Dew Point Temperature" units="°C">-7.6</dptemp>
        <relhum description="Relative Humidity" units="%">93</relhum>
        <winddir description="Wind Direction" units="10s deg">22</winddir>
        <windspd description="Wind Speed" units="km/h">7</windspd>
        <visibility description="Visibility" units="km">4.0</visibility>
        <stnpress description="Station Pressure" units="kPa">97.84</stnpress>
        <humidex description="Humidex"></humidex>
        <windchill description="Wind Chill">-10</windchill>
        <weather description="Weather">Snow</weather>
    </stationdata>
    <stationdata timetype="LST" day="17" hour="10" minute="0" month="1" year="1992">
        <temp description="Temperature" units="°C">-5.0</temp>
        <dptemp description="Dew Point Temperature" units="°C">-7.5</dptemp>
        <relhum description="Relative Humidity" units="%">83</relhum>
        <winddir description="Wind Direction" units="10s deg">24</winddir>
        <windspd description="Wind Speed" units="km/h">22</windspd>
        <visibility description="Visibility" units="km">6.4</visibility>
        <stnpress description="Station Pressure" units="kPa">97.84</stnpress>
        <humidex description="Humidex"></humidex>
        <windchill description="Wind Chill">-12</windchill>
        <weather description="Weather">Snow</weather>
    </stationdata>
    <stationdata timetype="LST" day="17" hour="11" minute="0" month="1" year="1992">
        <temp description="Temperature" units="°C">-4.2</temp>
        <dptemp description="Dew Point Temperature" units="°C">-7.0</dptemp>
        <relhum description="Relative Humidity" units="%">81</relhum>
        <winddir description="Wind Direction" units="10s deg">26</winddir>
        <windspd description="Wind Speed" units="km/h">26</windspd>
        <visibility description="Visibility" units="km">9.7</visibility>
        <stnpress description="Station Pressure" units="kPa">97.84</stnpress>
        <humidex description="Humidex"></humidex>
        <windchill description="Wind Chill">-11</windchill>
        <weather description="Weather">Snow</weather>
    </stationdata>
    <stationdata timetype="LST" day="17" hour="12" minute="0" month="1" year="1992">
        <temp description="Temperature" units="°C">-4.3</temp>
        <dptemp description="Dew Point Temperature" units="°C">-7.9</dptemp>
        <relhum description="Relative Humidity" units="%">76</relhum>
        <winddir description="Wind Direction" units="10s deg">27</winddir>
        <windspd description="Wind Speed" units="km/h">31</windspd>
        <visibility description="Visibility" units="km">19.3</visibility>
        <stnpress description="Station Pressure" units="kPa">97.84</stnpress>
        <humidex description="Humidex"></humidex>
        <windchill description="Wind Chill">-12</windchill>
        <weather description="Weather">Mostly Cloudy</weather>
    </stationdata>
    <stationdata timetype="LST" day="17" hour="13" minute="0" month="1" year="1992">
        <temp description="Temperature" units="°C">-4.4</temp>
        <dptemp description="Dew Point Temperature" units="°C">-7.9</dptemp>
        <relhum description="Relative Humidity" units="%">76</relhum>
        <winddir description="Wind Direction" units="10s deg">26</winddir>
        <windspd description="Wind Speed" units="km/h">31</windspd>
        <visibility description="Visibility" units="km">24.1</visibility>
        <stnpress description="Station Pressure" units="kPa">97.84</stnpress>
        <humidex description="Humidex"></humidex>
        <windchill description="Wind Chill">-12</windchill>
        <weather description="Weather">Mostly Cloudy</weather>
    </stationdata>
    <stationdata timetype="LST" day="17" hour="14" minute="0" month="1" year="1992">
        <temp description="Temperature" units="°C">-4.8</temp>
        <dptemp description="Dew Point Temperature" units="°C">-8.2</dptemp>
        <relhum description="Relative Humidity" units="%">77</relhum>
        <winddir description="Wind Direction" units="10s deg">28</winddir>
        <windspd description="Wind Speed" units="km/h">33</windspd>
        <visibility description="Visibility" units="km">24.1</visibility>
        <stnpress description="Station Pressure" units="kPa">97.91</stnpress>
        <humidex description="Humidex"></humidex>
        <windchill description="Wind Chill">-13</windchill>
        <weather description="Weather">Mostly Cloudy</weather>
    </stationdata>
    <stationdata timetype="LST" day="17" hour="15" minute="0" month="1" year="1992">
        <temp description="Temperature" units="°C">-5.0</temp>
        <dptemp description="Dew Point Temperature" units="°C">-8.2</dptemp>
        <relhum description="Relative Humidity" units="%">78</relhum>
        <winddir description="Wind Direction" units="10s deg">26</winddir>
        <windspd description="Wind Speed" units="km/h">37</windspd>
        <visibility description="Visibility" units="km">12.9</visibility>
        <stnpress description="Station Pressure" units="kPa">98.04</stnpress>
        <humidex description="Humidex"></humidex>
        <windchill description="Wind Chill">-14</windchill>
        <weather description="Weather">Mostly Cloudy</weather>
    </stationdata>
    <stationdata timetype="LST" day="17" hour="16" minute="0" month="1" year="1992">
        <temp description="Temperature" units="°C">-5.8</temp>
        <dptemp description="Dew Point Temperature" units="°C">-8.8</dptemp>
        <relhum description="Relative Humidity" units="%">79</relhum>
        <winddir description="Wind Direction" units="10s deg">27</winddir>
        <windspd description="Wind Speed" units="km/h">33</windspd>
        <visibility description="Visibility" units="km">16.1</visibility>
        <stnpress description="Station Pressure" units="kPa">98.14</stnpress>
        <humidex description="Humidex"></humidex>
        <windchill description="Wind Chill">-14</windchill>
        <weather description="Weather">Mostly Cloudy</weather>
    </stationdata>
    <stationdata timetype="LST" day="17" hour="17" minute="0" month="1" year="1992">
        <temp description="Temperature" units="°C">-6.6</temp>
        <dptemp description="Dew Point Temperature" units="°C">-9.4</dptemp>
        <relhum description="Relative Humidity" units="%">81</relhum>
        <winddir description="Wind Direction" units="10s deg">26</winddir>
        <windspd description="Wind Speed" units="km/h">30</windspd>
        <visibility description="Visibility" units="km">24.1</visibility>
        <stnpress description="Station Pressure" units="kPa">98.31</stnpress>
        <humidex description="Humidex"></humidex>
        <windchill description="Wind Chill">-15</windchill>
        <weather description="Weather">Mostly Cloudy</weather>
    </stationdata>
    <stationdata timetype="LST" day="17" hour="18" minute="0" month="1" year="1992">
        <temp description="Temperature" units="°C">-6.6</temp>
        <dptemp description="Dew Point Temperature" units="°C">-9.7</dptemp>
        <relhum description="Relative Humidity" units="%">78</relhum>
        <winddir description="Wind Direction" units="10s deg">27</winddir>
        <windspd description="Wind Speed" units="km/h">31</windspd>
        <visibility description="Visibility" units="km">24.1</visibility>
        <stnpress description="Station Pressure" units="kPa">98.44</stnpress>
        <humidex description="Humidex"></humidex>
        <windchill description="Wind Chill">-15</windchill>
        <weather description="Weather">Mostly Cloudy</weather>
    </stationdata>
    <stationdata timetype="LST" day="17" hour="19" minute="0" month="1" year="1992">
        <temp description="Temperature" units="°C">-6.8</temp>
        <dptemp description="Dew Point Temperature" units="°C">-9.3</dptemp>
        <relhum description="Relative Humidity" units="%">82</relhum>
        <winddir description="Wind Direction" units="10s deg">26</winddir>
        <windspd description="Wind Speed" units="km/h">20</windspd>
        <visibility description="Visibility" units="km">4.8</visibility>
        <stnpress description="Station Pressure" units="kPa">98.61</stnpress>
        <humidex description="Humidex"></humidex>
        <windchill description="Wind Chill">-14</windchill>
        <weather description="Weather">Snow Showers</weather>
    </stationdata>
    <stationdata timetype="LST" day="17" hour="20" minute="0" month="1" year="1992">
        <temp description="Temperature" units="°C">-7.5</temp>
        <dptemp description="Dew Point Temperature" units="°C">-10.2</dptemp>
        <relhum description="Relative Humidity" units="%">81</relhum>
        <winddir description="Wind Direction" units="10s deg">28</winddir>
        <windspd description="Wind Speed" units="km/h">35</windspd>
        <visibility description="Visibility" units="km">19.3</visibility>
        <stnpress description="Station Pressure" units="kPa">98.71</stnpress>
        <humidex description="Humidex"></humidex>
        <windchill description="Wind Chill">-17</windchill>
        <weather description="Weather">Mostly Cloudy</weather>
    </stationdata>
    <stationdata timetype="LST" day="17" hour="21" minute="0" month="1" year="1992">
        <temp description="Temperature" units="°C">-8.4</temp>
        <dptemp description="Dew Point Temperature" units="°C">-11.5</dptemp>
        <relhum description="Relative Humidity" units="%">78</relhum>
        <winddir description="Wind Direction" units="10s deg">27</winddir>
        <windspd description="Wind Speed" units="km/h">22</windspd>
        <visibility description="Visibility" units="km">16.1</visibility>
        <stnpress description="Station Pressure" units="kPa">98.71</stnpress>
        <humidex description="Humidex"></humidex>
        <windchill description="Wind Chill">-16</windchill>
        <weather description="Weather">Mainly Clear</weather>
    </stationdata>
    <stationdata timetype="LST" day="17" hour="22" minute="0" month="1" year="1992">
        <temp description="Temperature" units="°C">-8.3</temp>
        <dptemp description="Dew Point Temperature" units="°C">-10.7</dptemp>
        <relhum description="Relative Humidity" units="%">82</relhum>
        <winddir description="Wind Direction" units="10s deg">25</winddir>
        <windspd description="Wind Speed" units="km/h">19</windspd>
        <visibility description="Visibility" units="km">2.0</visibility>
        <stnpress description="Station Pressure" units="kPa">98.77</stnpress>
        <humidex description="Humidex"></humidex>
        <windchill description="Wind Chill">-16</windchill>
        <weather description="Weather">Snow Showers</weather>
    </stationdata>
    <stationdata timetype="LST" day="17" hour="23" minute="0" month="1" year="1992">
        <temp description="Temperature" units="°C">-9.0</temp>
        <dptemp description="Dew Point Temperature" units="°C">-10.1</dptemp>
        <relhum description="Relative Humidity" units="%">92</relhum>
        <winddir description="Wind Direction" units="10s deg">27</winddir>
        <windspd description="Wind Speed" units="km/h">26</windspd>
        <visibility description="Visibility" units="km">1.2</visibility>
        <stnpress description="Station Pressure" units="kPa">98.81</stnpress>
        <humidex description="Humidex"></humidex>
        <windchill description="Wind Chill">-18</windchill>
        <weather description="Weather">Snow Showers</weather>
    </stationdata>
    <stationdata timetype="LST" day="18" hour="0" minute="0" month="1" year="1992">
        <temp description="Temperature" units="°C">-9.6</temp>
        <dptemp description="Dew Point Temperature" units="°C">-11.4</dptemp>
        <relhum description="Relative Humidity" units="%">87</relhum>
        <winddir description="Wind Direction" units="10s deg">26</winddir>
        <windspd description="Wind Speed" units="km/h">19</windspd>
        <visibility description="Visibility" units="km">6.4</visibility>
        <stnpress description="Station Pressure" units="kPa">98.87</stnpress>
        <humidex description="Humidex"></humidex>
        <windchill description="Wind Chill">-17</windchill>
        <weather description="Weather">Snow Showers</weather>
    </stationdata>
    <stationdata timetype="LST" day="18" hour="1" minute="0" month="1" year="1992">
        <temp description="Temperature" units="°C">-10.3</temp>
        <dptemp description="Dew Point Temperature" units="°C">-12.6</dptemp>
        <relhum description="Relative Humidity" units="%">83</relhum>
        <winddir description="Wind Direction" units="10s deg">25</winddir>
        <windspd description="Wind Speed" units="km/h">28</windspd>
        <visibility description="Visibility" units="km">16.1</visibility>
        <stnpress description="Station Pressure" units="kPa">98.91</stnpress>
        <humidex description="Humidex"></humidex>
        <windchill description="Wind Chill">-20</windchill>
        <weather description="Weather">Mainly Clear</weather>
    </stationdata>
    <stationdata timetype="LST" day="18" hour="2" minute="0" month="1" year="1992">
        <temp description="Temperature" units="°C">-10.9</temp>
        <dptemp description="Dew Point Temperature" units="°C">-13.6</dptemp>
        <relhum description="Relative Humidity" units="%">80</relhum>
        <winddir description="Wind Direction" units="10s deg">26</winddir>
        <windspd description="Wind Speed" units="km/h">35</windspd>
        <visibility description="Visibility" units="km">9.7</visibility>
        <stnpress description="Station Pressure" units="kPa">99.01</stnpress>
        <humidex description="Humidex"></humidex>
        <windchill description="Wind Chill">-21</windchill>
        <weather description="Weather">Blowing Snow</weather>
    </stationdata>
    <stationdata timetype="LST" day="18" hour="3" minute="0" month="1" year="1992">
        <temp description="Temperature" units="°C">-11.2</temp>
        <dptemp description="Dew Point Temperature" units="°C">-13.2</dptemp>
        <relhum description="Relative Humidity" units="%">85</relhum>
        <winddir description="Wind Direction" units="10s deg">26</winddir>
        <windspd description="Wind Speed" units="km/h">30</windspd>
        <visibility description="Visibility" units="km">8.0</visibility>
        <stnpress description="Station Pressure" units="kPa">99.04</stnpress>
        <humidex description="Humidex"></humidex>
        <windchill description="Wind Chill">-21</windchill>
        <weather description="Weather">Blowing Snow</weather>
    </stationdata>
    <stationdata timetype="LST" day="18" hour="4" minute="0" month="1" year="1992">
        <temp description="Temperature" units="°C">-11.5</temp>
        <dptemp description="Dew Point Temperature" units="°C">-14.2</dptemp>
        <relhum description="Relative Humidity" units="%">80</relhum>
        <winddir description="Wind Direction" units="10s deg">25</winddir>
        <windspd description="Wind Speed" units="km/h">31</windspd>
        <visibility description="Visibility" units="km">19.3</visibility>
        <stnpress description="Station Pressure" units="kPa">99.04</stnpress>
        <humidex description="Humidex"></humidex>
        <windchill description="Wind Chill">-22</windchill>
        <weather description="Weather">Mainly Clear</weather>
    </stationdata>
    <stationdata timetype="LST" day="18" hour="5" minute="0" month="1" year="1992">
        <temp description="Temperature" units="°C">-11.5</temp>
        <dptemp description="Dew Point Temperature" units="°C">-14.2</dptemp>
        <relhum description="Relative Humidity" units="%">80</relhum>
        <winddir description="Wind Direction" units="10s deg">26</winddir>
        <windspd description="Wind Speed" units="km/h">26</windspd>
        <visibility description="Visibility" units="km">16.1</visibility>
        <stnpress description="Station Pressure" units="kPa">99.04</stnpress>
        <humidex description="Humidex"></humidex>
        <windchill description="Wind Chill">-21</windchill>
        <weather description="Weather">Mostly Cloudy</weather>
    </stationdata>
    <stationdata timetype="LST" day="18" hour="6" minute="0" month="1" year="1992">
        <temp description="Temperature" units="°C">-11.8</temp>
        <dptemp description="Dew Point Temperature" units="°C">-15.8</dptemp>
        <relhum description="Relative Humidity" units="%">72</relhum>
        <winddir description="Wind Direction" units="10s deg">27</winddir>
        <windspd description="Wind Speed" units="km/h">26</windspd>
        <visibility description="Visibility" units="km">12.9</visibility>
        <stnpress description="Station Pressure" units="kPa">99.11</stnpress>
        <humidex description="Humidex"></humidex>
        <windchill description="Wind Chill">-21</windchill>
        <weather description="Weather">Snow Showers</weather>
    </stationdata>
    <stationdata timetype="LST" day="18" hour="7" minute="0" month="1" year="1992">
        <temp description="Temperature" units="°C">-12.3</temp>
        <dptemp description="Dew Point Temperature" units="°C">-15.9</dptemp>
        <relhum description="Relative Humidity" units="%">74</relhum>
        <winddir description="Wind Direction" units="10s deg">27</winddir>
        <windspd description="Wind Speed" units="km/h">26</windspd>
        <visibility description="Visibility" units="km">19.3</visibility>
        <stnpress description="Station Pressure" units="kPa">99.21</stnpress>
        <humidex description="Humidex"></humidex>
        <windchill description="Wind Chill">-22</windchill>
        <weather description="Weather">Mainly Clear</weather>
    </stationdata>
    <stationdata timetype="LST" day="18" hour="8" minute="0" month="1" year="1992">
        <temp description="Temperature" units="°C">-13.0</temp>
        <dptemp description="Dew Point Temperature" units="°C">-15.5</dptemp>
        <relhum description="Relative Humidity" units="%">81</relhum>
        <winddir description="Wind Direction" units="10s deg">26</winddir>
        <windspd description="Wind Speed" units="km/h">28</windspd>
        <visibility description="Visibility" units="km">2.8</visibility>
        <stnpress description="Station Pressure" units="kPa">99.31</stnpress>
        <humidex description="Humidex"></humidex>
        <windchill description="Wind Chill">-23</windchill>
        <weather description="Weather">Blowing Snow</weather>
    </stationdata>
    <stationdata timetype="LST" day="18" hour="9" minute="0" month="1" year="1992">
        <temp description="Temperature" units="°C">-12.9</temp>
        <dptemp description="Dew Point Temperature" units="°C">-15.5</dptemp>
        <relhum description="Relative Humidity" units="%">81</relhum>
        <winddir description="Wind Direction" units="10s deg">26</winddir>
        <windspd description="Wind Speed" units="km/h">24</windspd>
        <visibility description="Visibility" units="km">1.2</visibility>
        <stnpress description="Station Pressure" units="kPa">99.37</stnpress>
        <humidex description="Humidex"></humidex>
        <windchill description="Wind Chill">-22</windchill>
        <weather description="Weather">Snow Showers</weather>
    </stationdata>
    <stationdata timetype="LST" day="18" hour="10" minute="0" month="1" year="1992">
        <temp description="Temperature" units="°C">-13.7</temp>
        <dptemp description="Dew Point Temperature" units="°C">-16.6</dptemp>
        <relhum description="Relative Humidity" units="%">79</relhum>
        <winddir description="Wind Direction" units="10s deg">28</winddir>
        <windspd description="Wind Speed" units="km/h">31</windspd>
        <visibility description="Visibility" units="km">19.3</visibility>
        <stnpress description="Station Pressure" units="kPa">99.51</stnpress>
        <humidex description="Humidex"></humidex>
        <windchill description="Wind Chill">-25</windchill>
        <weather description="Weather">Mainly Clear</weather>
    </stationdata>
    <stationdata timetype="LST" day="18" hour="11" minute="0" month="1" year="1992">
        <temp description="Temperature" units="°C">-13.3</temp>
        <dptemp description="Dew Point Temperature" units="°C">-17.7</dptemp>
        <relhum description="Relative Humidity" units="%">69</relhum>
        <winddir description="Wind Direction" units="10s deg">27</winddir>
        <windspd description="Wind Speed" units="km/h">35</windspd>
        <visibility description="Visibility" units="km">19.3</visibility>
        <stnpress description="Station Pressure" units="kPa">99.61</stnpress>
        <humidex description="Humidex"></humidex>
        <windchill description="Wind Chill">-25</windchill>
        <weather description="Weather">Mainly Clear</weather>
    </stationdata>
    <stationdata timetype="LST" day="18" hour="12" minute="0" month="1" year="1992">
        <temp description="Temperature" units="°C">-13.0</temp>
        <dptemp description="Dew Point Temperature" units="°C">-17.1</dptemp>
        <relhum description="Relative Humidity" units="%">71</relhum>
        <winddir description="Wind Direction" units="10s deg">27</winddir>
        <windspd description="Wind Speed" units="km/h">33</windspd>
        <visibility description="Visibility" units="km">24.1</visibility>
        <stnpress description="Station Pressure" units="kPa">99.61</stnpress>
        <humidex description="Humidex"></humidex>
        <windchill description="Wind Chill">-24</windchill>
        <weather description="Weather">Mainly Clear</weather>
    </stationdata>
    <stationdata timetype="LST" day="18" hour="13" minute="0" month="1" year="1992">
        <temp description="Temperature" units="°C">-12.7</temp>
        <dptemp description="Dew Point Temperature" units="°C">-15.9</dptemp>
        <relhum description="Relative Humidity" units="%">77</relhum>
        <winddir description="Wind Direction" units="10s deg">28</winddir>
        <windspd description="Wind Speed" units="km/h">30</windspd>
        <visibility description="Visibility" units="km">16.1</visibility>
        <stnpress description="Station Pressure" units="kPa">99.64</stnpress>
        <humidex description="Humidex"></humidex>
        <windchill description="Wind Chill">-23</windchill>
        <weather description="Weather">Mostly Cloudy</weather>
    </stationdata>
    <stationdata timetype="LST" day="18" hour="14" minute="0" month="1" year="1992">
        <temp description="Temperature" units="°C">-12.9</temp>
        <dptemp description="Dew Point Temperature" units="°C">-17.1</dptemp>
        <relhum description="Relative Humidity" units="%">71</relhum>
        <winddir description="Wind Direction" units="10s deg">29</winddir>
        <windspd description="Wind Speed" units="km/h">26</windspd>
        <visibility description="Visibility" units="km">12.9</visibility>
        <stnpress description="Station Pressure" units="kPa">99.71</stnpress>
        <humidex description="Humidex"></humidex>
        <windchill description="Wind Chill">-23</windchill>
        <weather description="Weather">Snow Showers</weather>
    </stationdata>
    <stationdata timetype="LST" day="18" hour="15" minute="0" month="1" year="1992">
        <temp description="Temperature" units="°C">-13.3</temp>
        <dptemp description="Dew Point Temperature" units="°C">-17.7</dptemp>
        <relhum description="Relative Humidity" units="%">69</relhum>
        <winddir description="Wind Direction" units="10s deg">29</winddir>
        <windspd description="Wind Speed" units="km/h">22</windspd>
        <visibility description="Visibility" units="km">24.1</visibility>
        <stnpress description="Station Pressure" units="kPa">99.84</stnpress>
        <humidex description="Humidex"></humidex>
        <windchill description="Wind Chill">-22</windchill>
        <weather description="Weather">Mostly Cloudy</weather>
    </stationdata>
    <stationdata timetype="LST" day="18" hour="16" minute="0" month="1" year="1992">
        <temp description="Temperature" units="°C">-13.8</temp>
        <dptemp description="Dew Point Temperature" units="°C">-17.8</dptemp>
        <relhum description="Relative Humidity" units="%">72</relhum>
        <winddir description="Wind Direction" units="10s deg">29</winddir>
        <windspd description="Wind Speed" units="km/h">19</windspd>
        <visibility description="Visibility" units="km">24.1</visibility>
        <stnpress description="Station Pressure" units="kPa">99.91</stnpress>
        <humidex description="Humidex"></humidex>
        <windchill description="Wind Chill">-22</windchill>
        <weather description="Weather">Mostly Cloudy</weather>
    </stationdata>
    <stationdata timetype="LST" day="18" hour="17" minute="0" month="1" year="1992">
        <temp description="Temperature" units="°C">-14.0</temp>
        <dptemp description="Dew Point Temperature" units="°C">-17.2</dptemp>
        <relhum description="Relative Humidity" units="%">76</relhum>
        <winddir description="Wind Direction" units="10s deg">29</winddir>
        <windspd description="Wind Speed" units="km/h">19</windspd>
        <visibility description="Visibility" units="km">24.1</visibility>
        <stnpress description="Station Pressure" units="kPa">100.01</stnpress>
        <humidex description="Humidex"></humidex>
        <windchill description="Wind Chill">-23</windchill>
        <weather description="Weather">Mostly Cloudy</weather>
    </stationdata>
    <stationdata timetype="LST" day="18" hour="18" minute="0" month="1" year="1992">
        <temp description="Temperature" units="°C">-14.4</temp>
        <dptemp description="Dew Point Temperature" units="°C">-17.3</dptemp>
        <relhum description="Relative Humidity" units="%">79</relhum>
        <winddir description="Wind Direction" units="10s deg">25</winddir>
        <windspd description="Wind Speed" units="km/h">13</windspd>
        <visibility description="Visibility" units="km">12.9</visibility>
        <stnpress description="Station Pressure" units="kPa">100.07</stnpress>
        <humidex description="Humidex"></humidex>
        <windchill description="Wind Chill">-22</windchill>
        <weather description="Weather">Snow Showers</weather>
    </stationdata>
    <stationdata timetype="LST" day="18" hour="19" minute="0" month="1" year="1992">
        <temp description="Temperature" units="°C">-14.7</temp>
        <dptemp description="Dew Point Temperature" units="°C">-17.3</dptemp>
        <relhum description="Relative Humidity" units="%">81</relhum>
        <winddir description="Wind Direction" units="10s deg">25</winddir>
        <windspd description="Wind Speed" units="km/h">11</windspd>
        <visibility description="Visibility" units="km">16.1</visibility>
        <stnpress description="Station Pressure" units="kPa">100.11</stnpress>
        <humidex description="Humidex"></humidex>
        <windchill description="Wind Chill">-21</windchill>
        <weather description="Weather">Mostly Cloudy</weather>
    </stationdata>
    <stationdata timetype="LST" day="18" hour="20" minute="0" month="1" year="1992">
        <temp description="Temperature" units="°C">-15.0</temp>
        <dptemp description="Dew Point Temperature" units="°C">-16.8</dptemp>
        <relhum description="Relative Humidity" units="%">86</relhum>
        <winddir description="Wind Direction" units="10s deg">25</winddir>
        <windspd description="Wind Speed" units="km/h">11</windspd>
        <visibility description="Visibility" units="km">19.3</visibility>
        <stnpress description="Station Pressure" units="kPa">100.11</stnpress>
        <humidex description="Humidex"></humidex>
        <windchill description="Wind Chill">-22</windchill>
        <weather description="Weather">Mainly Clear</weather>
    </stationdata>
    <stationdata timetype="LST" day="18" hour="21" minute="0" month="1" year="1992">
        <temp description="Temperature" units="°C">-14.9</temp>
        <dptemp description="Dew Point Temperature" units="°C">-17.3</dptemp>
        <relhum description="Relative Humidity" units="%">82</relhum>
        <winddir description="Wind Direction" units="10s deg">25</winddir>
        <windspd description="Wind Speed" units="km/h">26</windspd>
        <visibility description="Visibility" units="km">24.1</visibility>
        <stnpress description="Station Pressure" units="kPa">100.07</stnpress>
        <humidex description="Humidex"></humidex>
        <windchill description="Wind Chill">-25</windchill>
        <weather description="Weather">Clear</weather>
    </stationdata>
    <stationdata timetype="LST" day="18" hour="22" minute="0" month="1" year="1992">
        <temp description="Temperature" units="°C">-15.5</temp>
        <dptemp description="Dew Point Temperature" units="°C">-18.4</dptemp>
        <relhum description="Relative Humidity" units="%">78</relhum>
        <winddir description="Wind Direction" units="10s deg">25</winddir>
        <windspd description="Wind Speed" units="km/h">30</windspd>
        <visibility description="Visibility" units="km">25.0</visibility>
        <stnpress description="Station Pressure" units="kPa">100.11</stnpress>
        <humidex description="Humidex"></humidex>
        <windchill description="Wind Chill">-27</windchill>
        <weather description="Weather">Clear</weather>
    </stationdata>
    <stationdata timetype="LST" day="18" hour="23" minute="0" month="1" year="1992">
        <temp description="Temperature" units="°C">-15.5</temp>
        <dptemp description="Dew Point Temperature" units="°C">-18.4</dptemp>
        <relhum description="Relative Humidity" units="%">78</relhum>
        <winddir description="Wind Direction" units="10s deg">25</winddir>
        <windspd description="Wind Speed" units="km/h">30</windspd>
        <visibility description="Visibility" units="km">25.0</visibility>
        <stnpress description="Station Pressure" units="kPa">100.07</stnpress>
        <humidex description="Humidex"></humidex>
        <windchill description="Wind Chill">-27</windchill>
        <weather description="Weather">Clear</weather>
    </stationdata>
    <stationdata timetype="LST" day="19" hour="0" minute="0" month="1" year="1992">
        <temp description="Temperature" units="°C">-15.2</temp>
        <dptemp description="Dew Point Temperature" units="°C">-17.8</dptemp>
        <relhum description="Relative Humidity" units="%">81</relhum>
        <winddir description="Wind Direction" units="10s deg">26</winddir>
        <windspd description="Wind Speed" units="km/h">30</windspd>
        <visibility description="Visibility" units="km">25.0</visibility>
        <stnpress description="Station Pressure" units="kPa">100.04</stnpress>
        <humidex description="Humidex"></humidex>
        <windchill description="Wind Chill">-26</windchill>
        <weather description="Weather">Clear</weather>
    </stationdata>
    <stationdata timetype="LST" day="19" hour="1" minute="0" month="1" year="1992">
        <temp description="Temperature" units="°C">-15.3</temp>
        <dptemp description="Dew Point Temperature" units="°C">-18.4</dptemp>
        <relhum description="Relative Humidity" units="%">77</relhum>
        <winddir description="Wind Direction" units="10s deg">26</winddir>
        <windspd description="Wind Speed" units="km/h">30</windspd>
        <visibility description="Visibility" units="km">25.0</visibility>
        <stnpress description="Station Pressure" units="kPa">99.97</stnpress>
        <humidex description="Humidex"></humidex>
        <windchill description="Wind Chill">-26</windchill>
        <weather description="Weather">Clear</weather>
    </stationdata>
    <stationdata timetype="LST" day="19" hour="2" minute="0" month="1" year="1992">
        <temp description="Temperature" units="°C">-15.1</temp>
        <dptemp description="Dew Point Temperature" units="°C">-17.8</dptemp>
        <relhum description="Relative Humidity" units="%">80</relhum>
        <winddir description="Wind Direction" units="10s deg">25</winddir>
        <windspd description="Wind Speed" units="km/h">26</windspd>
        <visibility description="Visibility" units="km">25.0</visibility>
        <stnpress description="Station Pressure" units="kPa">100.01</stnpress>
        <humidex description="Humidex"></humidex>
        <windchill description="Wind Chill">-25</windchill>
        <weather description="Weather">Clear</weather>
    </stationdata>
    <stationdata timetype="LST" day="19" hour="3" minute="0" month="1" year="1992">
        <temp description="Temperature" units="°C">-15.7</temp>
        <dptemp description="Dew Point Temperature" units="°C">-17.9</dptemp>
        <relhum description="Relative Humidity" units="%">83</relhum>
        <winddir description="Wind Direction" units="10s deg">25</winddir>
        <windspd description="Wind Speed" units="km/h">26</windspd>
        <visibility description="Visibility" units="km">25.0</visibility>
        <stnpress description="Station Pressure" units="kPa">100.01</stnpress>
        <humidex description="Humidex"></humidex>
        <windchill description="Wind Chill">-26</windchill>
        <weather description="Weather">Clear</weather>
    </stationdata>
    <stationdata timetype="LST" day="19" hour="4" minute="0" month="1" year="1992">
        <temp description="Temperature" units="°C">-15.8</temp>
        <dptemp description="Dew Point Temperature" units="°C">-19.0</dptemp>
        <relhum description="Relative Humidity" units="%">76</relhum>
        <winddir description="Wind Direction" units="10s deg">25</winddir>
        <windspd description="Wind Speed" units="km/h">26</windspd>
        <visibility description="Visibility" units="km">25.0</visibility>
        <stnpress description="Station Pressure" units="kPa">100.01</stnpress>
        <humidex description="Humidex"></humidex>
        <windchill description="Wind Chill">-26</windchill>
        <weather description="Weather">Clear</weather>
    </stationdata>
    <stationdata timetype="LST" day="19" hour="5" minute="0" month="1" year="1992">
        <temp description="Temperature" units="°C">-16.2</temp>
        <dptemp description="Dew Point Temperature" units="°C">-18.4</dptemp>
        <relhum description="Relative Humidity" units="%">83</relhum>
        <winddir description="Wind Direction" units="10s deg">25</winddir>
        <windspd description="Wind Speed" units="km/h">22</windspd>
        <visibility description="Visibility" units="km">25.0</visibility>
        <stnpress description="Station Pressure" units="kPa">100.01</stnpress>
        <humidex description="Humidex"></humidex>
        <windchill description="Wind Chill">-26</windchill>
        <weather description="Weather">Clear</weather>
    </stationdata>
    <stationdata timetype="LST" day="19" hour="6" minute="0" month="1" year="1992">
        <temp description="Temperature" units="°C">-17.1</temp>
        <dptemp description="Dew Point Temperature" units="°C">-20.2</dptemp>
        <relhum description="Relative Humidity" units="%">77</relhum>
        <winddir description="Wind Direction" units="10s deg">25</winddir>
        <windspd description="Wind Speed" units="km/h">20</windspd>
        <visibility description="Visibility" units="km">25.0</visibility>
        <stnpress description="Station Pressure" units="kPa">100.01</stnpress>
        <humidex description="Humidex"></humidex>
        <windchill description="Wind Chill">-27</windchill>
        <weather description="Weather">Clear</weather>
    </stationdata>
    <stationdata timetype="LST" day="19" hour="7" minute="0" month="1" year="1992">
        <temp description="Temperature" units="°C">-17.4</temp>
        <dptemp description="Dew Point Temperature" units="°C">-20.1</dptemp>
        <relhum description="Relative Humidity" units="%">79</relhum>
        <winddir description="Wind Direction" units="10s deg">25</winddir>
        <windspd description="Wind Speed" units="km/h">20</windspd>
        <visibility description="Visibility" units="km">25.0</visibility>
        <stnpress description="Station Pressure" units="kPa">100.01</stnpress>
        <humidex description="Humidex"></humidex>
        <windchill description="Wind Chill">-27</windchill>
        <weather description="Weather">Clear</weather>
    </stationdata>
    <stationdata timetype="LST" day="19" hour="8" minute="0" month="1" year="1992">
        <temp description="Temperature" units="°C">-17.2</temp>
        <dptemp description="Dew Point Temperature" units="°C">-20.1</dptemp>
        <relhum description="Relative Humidity" units="%">78</relhum>
        <winddir description="Wind Direction" units="10s deg">23</winddir>
        <windspd description="Wind Speed" units="km/h">19</windspd>
        <visibility description="Visibility" units="km">32.2</visibility>
        <stnpress description="Station Pressure" units="kPa">100.04</stnpress>
        <humidex description="Humidex"></humidex>
        <windchill description="Wind Chill">-27</windchill>
        <weather description="Weather">Clear</weather>
    </stationdata>
    <stationdata timetype="LST" day="19" hour="9" minute="0" month="1" year="1992">
        <temp description="Temperature" units="°C">-16.2</temp>
        <dptemp description="Dew Point Temperature" units="°C">-19.0</dptemp>
        <relhum description="Relative Humidity" units="%">79</relhum>
        <winddir description="Wind Direction" units="10s deg">24</winddir>
        <windspd description="Wind Speed" units="km/h">20</windspd>
        <visibility description="Visibility" units="km">32.2</visibility>
        <stnpress description="Station Pressure" units="kPa">100.07</stnpress>
        <humidex description="Humidex"></humidex>
        <windchill description="Wind Chill">-26</windchill>
        <weather description="Weather">Clear</weather>
    </stationdata>
    <stationdata timetype="LST" day="19" hour="10" minute="0" month="1" year="1992">
        <temp description="Temperature" units="°C">-14.7</temp>
        <dptemp description="Dew Point Temperature" units="°C">-17.8</dptemp>
        <relhum description="Relative Humidity" units="%">77</relhum>
        <winddir description="Wind Direction" units="10s deg">23</winddir>
        <windspd description="Wind Speed" units="km/h">24</windspd>
        <visibility description="Visibility" units="km">32.2</visibility>
        <stnpress description="Station Pressure" units="kPa">100.11</stnpress>
        <humidex description="Humidex"></humidex>
        <windchill description="Wind Chill">-25</windchill>
        <weather description="Weather">Clear</weather>
    </stationdata>
    <stationdata timetype="LST" day="19" hour="11" minute="0" month="1" year="1992">
        <temp description="Temperature" units="°C">-13.6</temp>
        <dptemp description="Dew Point Temperature" units="°C">-17.2</dptemp>
        <relhum description="Relative Humidity" units="%">74</relhum>
        <winddir description="Wind Direction" units="10s deg">22</winddir>
        <windspd description="Wind Speed" units="km/h">19</windspd>
        <visibility description="Visibility" units="km">32.2</visibility>
        <stnpress description="Station Pressure" units="kPa">100.11</stnpress>
        <humidex description="Humidex"></humidex>
        <windchill description="Wind Chill">-22</windchill>
        <weather description="Weather">Clear</weather>
    </stationdata>
    <stationdata timetype="LST" day="19" hour="12" minute="0" month="1" year="1992">
        <temp description="Temperature" units="°C">-12.0</temp>
        <dptemp description="Dew Point Temperature" units="°C">-16.3</dptemp>
        <relhum description="Relative Humidity" units="%">70</relhum>
        <winddir description="Wind Direction" units="10s deg">24</winddir>
        <windspd description="Wind Speed" units="km/h">24</windspd>
        <visibility description="Visibility" units="km">32.2</visibility>
        <stnpress description="Station Pressure" units="kPa">100.07</stnpress>
        <humidex description="Humidex"></humidex>
        <windchill description="Wind Chill">-21</windchill>
        <weather description="Weather">Mainly Clear</weather>
    </stationdata>
    <stationdata timetype="LST" day="19" hour="13" minute="0" month="1" year="1992">
        <temp description="Temperature" units="°C">-11.7</temp>
        <dptemp description="Dew Point Temperature" units="°C">-15.7</dptemp>
        <relhum description="Relative Humidity" units="%">72</relhum>
        <winddir description="Wind Direction" units="10s deg">24</winddir>
        <windspd description="Wind Speed" units="km/h">28</windspd>
        <visibility description="Visibility" units="km">32.2</visibility>
        <stnpress description="Station Pressure" units="kPa">99.97</stnpress>
        <humidex description="Humidex"></humidex>
        <windchill description="Wind Chill">-21</windchill>
        <weather description="Weather">Clear</weather>
    </stationdata>
    <stationdata timetype="LST" day="19" hour="14" minute="0" month="1" year="1992">
        <temp description="Temperature" units="°C">-11.6</temp>
        <dptemp description="Dew Point Temperature" units="°C">-15.7</dptemp>
        <relhum description="Relative Humidity" units="%">71</relhum>
        <winddir description="Wind Direction" units="10s deg">25</winddir>
        <windspd description="Wind Speed" units="km/h">30</windspd>
        <visibility description="Visibility" units="km">32.2</visibility>
        <stnpress description="Station Pressure" units="kPa">99.87</stnpress>
        <humidex description="Humidex"></humidex>
        <windchill description="Wind Chill">-22</windchill>
        <weather description="Weather">Mostly Cloudy</weather>
    </stationdata>
    <stationdata timetype="LST" day="19" hour="15" minute="0" month="1" year="1992">
        <temp description="Temperature" units="°C">-12.0</temp>
        <dptemp description="Dew Point Temperature" units="°C">-15.3</dptemp>
        <relhum description="Relative Humidity" units="%">76</relhum>
        <winddir description="Wind Direction" units="10s deg">25</winddir>
        <windspd description="Wind Speed" units="km/h">31</windspd>
        <visibility description="Visibility" units="km">24.1</visibility>
        <stnpress description="Station Pressure" units="kPa">99.87</stnpress>
        <humidex description="Humidex"></humidex>
        <windchill description="Wind Chill">-22</windchill>
        <weather description="Weather">Mostly Cloudy</weather>
    </stationdata>
    <stationdata timetype="LST" day="19" hour="16" minute="0" month="1" year="1992">
        <temp description="Temperature" units="°C">-12.2</temp>
        <dptemp description="Dew Point Temperature" units="°C">-15.8</dptemp>
        <relhum description="Relative Humidity" units="%">75</relhum>
        <winddir description="Wind Direction" units="10s deg">24</winddir>
        <windspd description="Wind Speed" units="km/h">30</windspd>
        <visibility description="Visibility" units="km">24.1</visibility>
        <stnpress description="Station Pressure" units="kPa">99.87</stnpress>
        <humidex description="Humidex"></humidex>
        <windchill description="Wind Chill">-22</windchill>
        <weather description="Weather">Mostly Cloudy</weather>
    </stationdata>
    <stationdata timetype="LST" day="19" hour="17" minute="0" month="1" year="1992">
        <temp description="Temperature" units="°C">-12.7</temp>
        <dptemp description="Dew Point Temperature" units="°C">-15.9</dptemp>
        <relhum description="Relative Humidity" units="%">77</relhum>
        <winddir description="Wind Direction" units="10s deg">23</winddir>
        <windspd description="Wind Speed" units="km/h">33</windspd>
        <visibility description="Visibility" units="km">24.1</visibility>
        <stnpress description="Station Pressure" units="kPa">99.81</stnpress>
        <humidex description="Humidex"></humidex>
        <windchill description="Wind Chill">-23</windchill>
        <weather description="Weather">Cloudy</weather>
    </stationdata>
    <stationdata timetype="LST" day="19" hour="18" minute="0" month="1" year="1992">
        <temp description="Temperature" units="°C">-12.4</temp>
        <dptemp description="Dew Point Temperature" units="°C">-15.9</dptemp>
        <relhum description="Relative Humidity" units="%">75</relhum>
        <winddir description="Wind Direction" units="10s deg">23</winddir>
        <windspd description="Wind Speed" units="km/h">24</windspd>
        <visibility description="Visibility" units="km">25.0</visibility>
        <stnpress description="Station Pressure" units="kPa">99.74</stnpress>
        <humidex description="Humidex"></humidex>
        <windchill description="Wind Chill">-22</windchill>
        <weather description="Weather">Cloudy</weather>
    </stationdata>
    <stationdata timetype="LST" day="19" hour="19" minute="0" month="1" year="1992">
        <temp description="Temperature" units="°C">-12.0</temp>
        <dptemp description="Dew Point Temperature" units="°C">-15.8</dptemp>
        <relhum description="Relative Humidity" units="%">73</relhum>
        <winddir description="Wind Direction" units="10s deg">23</winddir>
        <windspd description="Wind Speed" units="km/h">17</windspd>
        <visibility description="Visibility" units="km">25.0</visibility>
        <stnpress description="Station Pressure" units="kPa">99.67</stnpress>
        <humidex description="Humidex"></humidex>
        <windchill description="Wind Chill">-20</windchill>
        <weather description="Weather">Cloudy</weather>
    </stationdata>
    <stationdata timetype="LST" day="19" hour="20" minute="0" month="1" year="1992">
        <temp description="Temperature" units="°C">-12.0</temp>
        <dptemp description="Dew Point Temperature" units="°C">-14.8</dptemp>
        <relhum description="Relative Humidity" units="%">80</relhum>
        <winddir description="Wind Direction" units="10s deg">21</winddir>
        <windspd description="Wind Speed" units="km/h">9</windspd>
        <visibility description="Visibility" units="km">6.4</visibility>
        <stnpress description="Station Pressure" units="kPa">99.61</stnpress>
        <humidex description="Humidex"></humidex>
        <windchill description="Wind Chill">-17</windchill>
        <weather description="Weather">Snow</weather>
    </stationdata>
    <stationdata timetype="LST" day="19" hour="21" minute="0" month="1" year="1992">
        <temp description="Temperature" units="°C">-11.6</temp>
        <dptemp description="Dew Point Temperature" units="°C">-14.2</dptemp>
        <relhum description="Relative Humidity" units="%">81</relhum>
        <winddir description="Wind Direction" units="10s deg"></winddir>
        <windspd description="Wind Speed" units="km/h">0</windspd>
        <visibility description="Visibility" units="km">9.7</visibility>
        <stnpress description="Station Pressure" units="kPa">99.51</stnpress>
        <humidex description="Humidex"></humidex>
        <windchill description="Wind Chill"></windchill>
        <weather description="Weather">Snow Showers</weather>
    </stationdata>
    <stationdata timetype="LST" day="19" hour="22" minute="0" month="1" year="1992">
        <temp description="Temperature" units="°C">-11.7</temp>
        <dptemp description="Dew Point Temperature" units="°C">-12.9</dptemp>
        <relhum description="Relative Humidity" units="%">91</relhum>
        <winddir description="Wind Direction" units="10s deg"></winddir>
        <windspd description="Wind Speed" units="km/h">0</windspd>
        <visibility description="Visibility" units="km">3.2</visibility>
        <stnpress description="Station Pressure" units="kPa">99.51</stnpress>
        <humidex description="Humidex"></humidex>
        <windchill description="Wind Chill"></windchill>
        <weather description="Weather">Snow Showers</weather>
    </stationdata>
    <stationdata timetype="LST" day="19" hour="23" minute="0" month="1" year="1992">
        <temp description="Temperature" units="°C">-11.6</temp>
        <dptemp description="Dew Point Temperature" units="°C">-12.5</dptemp>
        <relhum description="Relative Humidity" units="%">93</relhum>
        <winddir description="Wind Direction" units="10s deg"></winddir>
        <windspd description="Wind Speed" units="km/h">0</windspd>
        <visibility description="Visibility" units="km">2.4</visibility>
        <stnpress description="Station Pressure" units="kPa">99.34</stnpress>
        <humidex description="Humidex"></humidex>
        <windchill description="Wind Chill"></windchill>
        <weather description="Weather">Snow</weather>
    </stationdata>
    <stationdata timetype="LST" day="20" hour="0" minute="0" month="1" year="1992">
        <temp description="Temperature" units="°C">-11.5</temp>
        <dptemp description="Dew Point Temperature" units="°C">-12.9</dptemp>
        <relhum description="Relative Humidity" units="%">89</relhum>
        <winddir description="Wind Direction" units="10s deg"></winddir>
        <windspd description="Wind Speed" units="km/h">0</windspd>
        <visibility description="Visibility" units="km">4.0</visibility>
        <stnpress description="Station Pressure" units="kPa">99.21</stnpress>
        <humidex description="Humidex"></humidex>
        <windchill description="Wind Chill"></windchill>
        <weather description="Weather">Snow</weather>
    </stationdata>
    <stationdata timetype="LST" day="20" hour="1" minute="0" month="1" year="1992">
        <temp description="Temperature" units="°C">-11.0</temp>
        <dptemp description="Dew Point Temperature" units="°C">-12.3</dptemp>
        <relhum description="Relative Humidity" units="%">90</relhum>
        <winddir description="Wind Direction" units="10s deg"></winddir>
        <windspd description="Wind Speed" units="km/h">0</windspd>
        <visibility description="Visibility" units="km">4.8</visibility>
        <stnpress description="Station Pressure" units="kPa">99.11</stnpress>
        <humidex description="Humidex"></humidex>
        <windchill description="Wind Chill"></windchill>
        <weather description="Weather">Snow</weather>
    </stationdata>
    <stationdata timetype="LST" day="20" hour="2" minute="0" month="1" year="1992">
        <temp description="Temperature" units="°C">-10.5</temp>
        <dptemp description="Dew Point Temperature" units="°C">-12.2</dptemp>
        <relhum description="Relative Humidity" units="%">87</relhum>
        <winddir description="Wind Direction" units="10s deg"></winddir>
        <windspd description="Wind Speed" units="km/h">0</windspd>
        <visibility description="Visibility" units="km">4.0</visibility>
        <stnpress description="Station Pressure" units="kPa">99.04</stnpress>
        <humidex description="Humidex"></humidex>
        <windchill description="Wind Chill"></windchill>
        <weather description="Weather">Snow</weather>
    </stationdata>
    <stationdata timetype="LST" day="20" hour="3" minute="0" month="1" year="1992">
        <temp description="Temperature" units="°C">-10.5</temp>
        <dptemp description="Dew Point Temperature" units="°C">-11.8</dptemp>
        <relhum description="Relative Humidity" units="%">90</relhum>
        <winddir description="Wind Direction" units="10s deg">35</winddir>
        <windspd description="Wind Speed" units="km/h">6</windspd>
        <visibility description="Visibility" units="km">4.0</visibility>
        <stnpress description="Station Pressure" units="kPa">98.97</stnpress>
        <humidex description="Humidex"></humidex>
        <windchill description="Wind Chill">-14</windchill>
        <weather description="Weather">Snow</weather>
    </stationdata>
    <stationdata timetype="LST" day="20" hour="4" minute="0" month="1" year="1992">
        <temp description="Temperature" units="°C">-11.1</temp>
        <dptemp description="Dew Point Temperature" units="°C">-12.3</dptemp>
        <relhum description="Relative Humidity" units="%">91</relhum>
        <winddir description="Wind Direction" units="10s deg">35</winddir>
        <windspd description="Wind Speed" units="km/h">11</windspd>
        <visibility description="Visibility" units="km">4.0</visibility>
        <stnpress description="Station Pressure" units="kPa">98.97</stnpress>
        <humidex description="Humidex"></humidex>
        <windchill description="Wind Chill">-17</windchill>
        <weather description="Weather">Snow</weather>
    </stationdata>
    <stationdata timetype="LST" day="20" hour="5" minute="0" month="1" year="1992">
        <temp description="Temperature" units="°C">-11.0</temp>
        <dptemp description="Dew Point Temperature" units="°C">-12.3</dptemp>
        <relhum description="Relative Humidity" units="%">90</relhum>
        <winddir description="Wind Direction" units="10s deg">36</winddir>
        <windspd description="Wind Speed" units="km/h">7</windspd>
        <visibility description="Visibility" units="km">6.4</visibility>
        <stnpress description="Station Pressure" units="kPa">98.91</stnpress>
        <humidex description="Humidex"></humidex>
        <windchill description="Wind Chill">-15</windchill>
        <weather description="Weather">Snow</weather>
    </stationdata>
    <stationdata timetype="LST" day="20" hour="6" minute="0" month="1" year="1992">
        <temp description="Temperature" units="°C">-12.6</temp>
        <dptemp description="Dew Point Temperature" units="°C">-14.0</dptemp>
        <relhum description="Relative Humidity" units="%">89</relhum>
        <winddir description="Wind Direction" units="10s deg">34</winddir>
        <windspd description="Wind Speed" units="km/h">11</windspd>
        <visibility description="Visibility" units="km">19.3</visibility>
        <stnpress description="Station Pressure" units="kPa">98.94</stnpress>
        <humidex description="Humidex"></humidex>
        <windchill description="Wind Chill">-19</windchill>
        <weather description="Weather">Mostly Cloudy</weather>
    </stationdata>
    <stationdata timetype="LST" day="20" hour="7" minute="0" month="1" year="1992">
        <temp description="Temperature" units="°C">-13.2</temp>
        <dptemp description="Dew Point Temperature" units="°C">-14.6</dptemp>
        <relhum description="Relative Humidity" units="%">89</relhum>
        <winddir description="Wind Direction" units="10s deg">35</winddir>
        <windspd description="Wind Speed" units="km/h">13</windspd>
        <visibility description="Visibility" units="km">19.3</visibility>
        <stnpress description="Station Pressure" units="kPa">99.04</stnpress>
        <humidex description="Humidex"></humidex>
        <windchill description="Wind Chill">-20</windchill>
        <weather description="Weather">Mostly Cloudy</weather>
    </stationdata>
    <stationdata timetype="LST" day="20" hour="8" minute="0" month="1" year="1992">
        <temp description="Temperature" units="°C">-14.4</temp>
        <dptemp description="Dew Point Temperature" units="°C">-16.2</dptemp>
        <relhum description="Relative Humidity" units="%">86</relhum>
        <winddir description="Wind Direction" units="10s deg">34</winddir>
        <windspd description="Wind Speed" units="km/h">15</windspd>
        <visibility description="Visibility" units="km">19.3</visibility>
        <stnpress description="Station Pressure" units="kPa">99.11</stnpress>
        <humidex description="Humidex"></humidex>
        <windchill description="Wind Chill">-22</windchill>
        <weather description="Weather">Mainly Clear</weather>
    </stationdata>
    <stationdata timetype="LST" day="20" hour="9" minute="0" month="1" year="1992">
        <temp description="Temperature" units="°C">-14.5</temp>
        <dptemp description="Dew Point Temperature" units="°C">-16.2</dptemp>
        <relhum description="Relative Humidity" units="%">87</relhum>
        <winddir description="Wind Direction" units="10s deg">34</winddir>
        <windspd description="Wind Speed" units="km/h">15</windspd>
        <visibility description="Visibility" units="km">19.3</visibility>
        <stnpress description="Station Pressure" units="kPa">99.17</stnpress>
        <humidex description="Humidex"></humidex>
        <windchill description="Wind Chill">-22</windchill>
        <weather description="Weather">Mainly Clear</weather>
    </stationdata>
    <stationdata timetype="LST" day="20" hour="10" minute="0" month="1" year="1992">
        <temp description="Temperature" units="°C">-13.0</temp>
        <dptemp description="Dew Point Temperature" units="°C">-15.0</dptemp>
        <relhum description="Relative Humidity" units="%">85</relhum>
        <winddir description="Wind Direction" units="10s deg">35</winddir>
        <windspd description="Wind Speed" units="km/h">17</windspd>
        <visibility description="Visibility" units="km">19.3</visibility>
        <stnpress description="Station Pressure" units="kPa">99.24</stnpress>
        <humidex description="Humidex"></humidex>
        <windchill description="Wind Chill">-21</windchill>
        <weather description="Weather">Mainly Clear</weather>
    </stationdata>
    <stationdata timetype="LST" day="20" hour="11" minute="0" month="1" year="1992">
        <temp description="Temperature" units="°C">-11.8</temp>
        <dptemp description="Dew Point Temperature" units="°C">-14.3</dptemp>
        <relhum description="Relative Humidity" units="%">82</relhum>
        <winddir description="Wind Direction" units="10s deg">35</winddir>
        <windspd description="Wind Speed" units="km/h">15</windspd>
        <visibility description="Visibility" units="km">19.3</visibility>
        <stnpress description="Station Pressure" units="kPa">99.37</stnpress>
        <humidex description="Humidex"></humidex>
        <windchill description="Wind Chill">-19</windchill>
        <weather description="Weather">Mainly Clear</weather>
    </stationdata>
    <stationdata timetype="LST" day="20" hour="12" minute="0" month="1" year="1992">
        <temp description="Temperature" units="°C">-8.7</temp>
        <dptemp description="Dew Point Temperature" units="°C">-11.5</dptemp>
        <relhum description="Relative Humidity" units="%">80</relhum>
        <winddir description="Wind Direction" units="10s deg">35</winddir>
        <windspd description="Wind Speed" units="km/h">19</windspd>
        <visibility description="Visibility" units="km">19.3</visibility>
        <stnpress description="Station Pressure" units="kPa">99.34</stnpress>
        <humidex description="Humidex"></humidex>
        <windchill description="Wind Chill">-16</windchill>
        <weather description="Weather">Mainly Clear</weather>
    </stationdata>
    <stationdata timetype="LST" day="20" hour="13" minute="0" month="1" year="1992">
        <temp description="Temperature" units="°C">-8.7</temp>
        <dptemp description="Dew Point Temperature" units="°C">-11.1</dptemp>
        <relhum description="Relative Humidity" units="%">83</relhum>
        <winddir description="Wind Direction" units="10s deg">34</winddir>
        <windspd description="Wind Speed" units="km/h">30</windspd>
        <visibility description="Visibility" units="km">24.1</visibility>
        <stnpress description="Station Pressure" units="kPa">99.41</stnpress>
        <humidex description="Humidex"></humidex>
        <windchill description="Wind Chill">-18</windchill>
        <weather description="Weather">Mainly Clear</weather>
    </stationdata>
    <stationdata timetype="LST" day="20" hour="14" minute="0" month="1" year="1992">
        <temp description="Temperature" units="°C">-8.9</temp>
        <dptemp description="Dew Point Temperature" units="°C">-12.5</dptemp>
        <relhum description="Relative Humidity" units="%">75</relhum>
        <winddir description="Wind Direction" units="10s deg">35</winddir>
        <windspd description="Wind Speed" units="km/h">22</windspd>
        <visibility description="Visibility" units="km">32.2</visibility>
        <stnpress description="Station Pressure" units="kPa">99.37</stnpress>
        <humidex description="Humidex"></humidex>
        <windchill description="Wind Chill">-17</windchill>
        <weather description="Weather">Mainly Clear</weather>
    </stationdata>
    <stationdata timetype="LST" day="20" hour="15" minute="0" month="1" year="1992">
        <temp description="Temperature" units="°C">-8.4</temp>
        <dptemp description="Dew Point Temperature" units="°C">-14.1</dptemp>
        <relhum description="Relative Humidity" units="%">63</relhum>
        <winddir description="Wind Direction" units="10s deg">34</winddir>
        <windspd description="Wind Speed" units="km/h">13</windspd>
        <visibility description="Visibility" units="km">32.2</visibility>
        <stnpress description="Station Pressure" units="kPa">99.44</stnpress>
        <humidex description="Humidex"></humidex>
        <windchill description="Wind Chill">-14</windchill>
        <weather description="Weather">Mainly Clear</weather>
    </stationdata>
    <stationdata timetype="LST" day="20" hour="16" minute="0" month="1" year="1992">
        <temp description="Temperature" units="°C">-8.4</temp>
        <dptemp description="Dew Point Temperature" units="°C">-13.6</dptemp>
        <relhum description="Relative Humidity" units="%">66</relhum>
        <winddir description="Wind Direction" units="10s deg"></winddir>
        <windspd description="Wind Speed" units="km/h">0</windspd>
        <visibility description="Visibility" units="km">32.2</visibility>
        <stnpress description="Station Pressure" units="kPa">99.44</stnpress>
        <humidex description="Humidex"></humidex>
        <windchill description="Wind Chill"></windchill>
        <weather description="Weather">Mostly Cloudy</weather>
    </stationdata>
    <stationdata timetype="LST" day="20" hour="17" minute="0" month="1" year="1992">
        <temp description="Temperature" units="°C">-8.3</temp>
        <dptemp description="Dew Point Temperature" units="°C">-15.1</dptemp>
        <relhum description="Relative Humidity" units="%">58</relhum>
        <winddir description="Wind Direction" units="10s deg">26</winddir>
        <windspd description="Wind Speed" units="km/h">11</windspd>
        <visibility description="Visibility" units="km">32.2</visibility>
        <stnpress description="Station Pressure" units="kPa">99.41</stnpress>
        <humidex description="Humidex"></humidex>
        <windchill description="Wind Chill">-14</windchill>
        <weather description="Weather">Mostly Cloudy</weather>
    </stationdata>
    <stationdata timetype="LST" day="20" hour="18" minute="0" month="1" year="1992">
        <temp description="Temperature" units="°C">-9.4</temp>
        <dptemp description="Dew Point Temperature" units="°C">-14.0</dptemp>
        <relhum description="Relative Humidity" units="%">69</relhum>
        <winddir description="Wind Direction" units="10s deg">24</winddir>
        <windspd description="Wind Speed" units="km/h">4</windspd>
        <visibility description="Visibility" units="km">25.0</visibility>
        <stnpress description="Station Pressure" units="kPa">99.44</stnpress>
        <humidex description="Humidex"></humidex>
        <windchill description="Wind Chill">-12</windchill>
        <weather description="Weather">Mostly Cloudy</weather>
    </stationdata>
    <stationdata timetype="LST" day="20" hour="19" minute="0" month="1" year="1992">
        <temp description="Temperature" units="°C">-9.6</temp>
        <dptemp description="Dew Point Temperature" units="°C">-11.4</dptemp>
        <relhum description="Relative Humidity" units="%">87</relhum>
        <winddir description="Wind Direction" units="10s deg">24</winddir>
        <windspd description="Wind Speed" units="km/h">13</windspd>
        <visibility description="Visibility" units="km">25.0</visibility>
        <stnpress description="Station Pressure" units="kPa">99.41</stnpress>
        <humidex description="Humidex"></humidex>
        <windchill description="Wind Chill">-16</windchill>
        <weather description="Weather">Mostly Cloudy</weather>
    </stationdata>
    <stationdata timetype="LST" day="20" hour="20" minute="0" month="1" year="1992">
        <temp description="Temperature" units="°C">-8.6</temp>
        <dptemp description="Dew Point Temperature" units="°C">-11.9</dptemp>
        <relhum description="Relative Humidity" units="%">77</relhum>
        <winddir description="Wind Direction" units="10s deg">21</winddir>
        <windspd description="Wind Speed" units="km/h">11</windspd>
        <visibility description="Visibility" units="km">25.0</visibility>
        <stnpress description="Station Pressure" units="kPa">99.31</stnpress>
        <humidex description="Humidex"></humidex>
        <windchill description="Wind Chill">-14</windchill>
        <weather description="Weather">Mostly Cloudy</weather>
    </stationdata>
    <stationdata timetype="LST" day="20" hour="21" minute="0" month="1" year="1992">
        <temp description="Temperature" units="°C">-8.2</temp>
        <dptemp description="Dew Point Temperature" units="°C">-12.9</dptemp>
        <relhum description="Relative Humidity" units="%">69</relhum>
        <winddir description="Wind Direction" units="10s deg">19</winddir>
        <windspd description="Wind Speed" units="km/h">11</windspd>
        <visibility description="Visibility" units="km">25.0</visibility>
        <stnpress description="Station Pressure" units="kPa">99.24</stnpress>
        <humidex description="Humidex"></humidex>
        <windchill description="Wind Chill">-13</windchill>
        <weather description="Weather">Mostly Cloudy</weather>
    </stationdata>
    <stationdata timetype="LST" day="20" hour="22" minute="0" month="1" year="1992">
        <temp description="Temperature" units="°C">-8.0</temp>
        <dptemp description="Dew Point Temperature" units="°C">-12.5</dptemp>
        <relhum description="Relative Humidity" units="%">70</relhum>
        <winddir description="Wind Direction" units="10s deg">22</winddir>
        <windspd description="Wind Speed" units="km/h">15</windspd>
        <visibility description="Visibility" units="km">24.1</visibility>
        <stnpress description="Station Pressure" units="kPa">99.11</stnpress>
        <humidex description="Humidex"></humidex>
        <windchill description="Wind Chill">-14</windchill>
        <weather description="Weather">Snow</weather>
    </stationdata>
    <stationdata timetype="LST" day="20" hour="23" minute="0" month="1" year="1992">
        <temp description="Temperature" units="°C">-7.7</temp>
        <dptemp description="Dew Point Temperature" units="°C">-10.2</dptemp>
        <relhum description="Relative Humidity" units="%">82</relhum>
        <winddir description="Wind Direction" units="10s deg">21</winddir>
        <windspd description="Wind Speed" units="km/h">15</windspd>
        <visibility description="Visibility" units="km">19.3</visibility>
        <stnpress description="Station Pressure" units="kPa">99.01</stnpress>
        <humidex description="Humidex"></humidex>
        <windchill description="Wind Chill">-14</windchill>
        <weather description="Weather">Snow</weather>
    </stationdata>
    <stationdata timetype="LST" day="21" hour="0" minute="0" month="1" year="1992">
        <temp description="Temperature" units="°C">-7.2</temp>
        <dptemp description="Dew Point Temperature" units="°C">-10.0</dptemp>
        <relhum description="Relative Humidity" units="%">80</relhum>
        <winddir description="Wind Direction" units="10s deg">22</winddir>
        <windspd description="Wind Speed" units="km/h">9</windspd>
        <visibility description="Visibility" units="km">25.0</visibility>
        <stnpress description="Station Pressure" units="kPa">98.94</stnpress>
        <humidex description="Humidex"></humidex>
        <windchill description="Wind Chill">-12</windchill>
        <weather description="Weather">Cloudy</weather>
    </stationdata>
    <stationdata timetype="LST" day="21" hour="1" minute="0" month="1" year="1992">
        <temp description="Temperature" units="°C">-7.0</temp>
        <dptemp description="Dew Point Temperature" units="°C">-10.4</dptemp>
        <relhum description="Relative Humidity" units="%">77</relhum>
        <winddir description="Wind Direction" units="10s deg">22</winddir>
        <windspd description="Wind Speed" units="km/h">17</windspd>
        <visibility description="Visibility" units="km">25.0</visibility>
        <stnpress description="Station Pressure" units="kPa">98.81</stnpress>
        <humidex description="Humidex"></humidex>
        <windchill description="Wind Chill">-13</windchill>
        <weather description="Weather">Cloudy</weather>
    </stationdata>
    <stationdata timetype="LST" day="21" hour="2" minute="0" month="1" year="1992">
        <temp description="Temperature" units="°C">-6.5</temp>
        <dptemp description="Dew Point Temperature" units="°C">-10.1</dptemp>
        <relhum description="Relative Humidity" units="%">75</relhum>
        <winddir description="Wind Direction" units="10s deg">24</winddir>
        <windspd description="Wind Speed" units="km/h">15</windspd>
        <visibility description="Visibility" units="km">25.0</visibility>
        <stnpress description="Station Pressure" units="kPa">98.77</stnpress>
        <humidex description="Humidex"></humidex>
        <windchill description="Wind Chill">-12</windchill>
        <weather description="Weather">Cloudy</weather>
    </stationdata>
    <stationdata timetype="LST" day="21" hour="3" minute="0" month="1" year="1992">
        <temp description="Temperature" units="°C">-6.2</temp>
        <dptemp description="Dew Point Temperature" units="°C">-9.5</dptemp>
        <relhum description="Relative Humidity" units="%">77</relhum>
        <winddir description="Wind Direction" units="10s deg">24</winddir>
        <windspd description="Wind Speed" units="km/h">19</windspd>
        <visibility description="Visibility" units="km">25.0</visibility>
        <stnpress description="Station Pressure" units="kPa">98.74</stnpress>
        <humidex description="Humidex"></humidex>
        <windchill description="Wind Chill">-13</windchill>
        <weather description="Weather">Cloudy</weather>
    </stationdata>
    <stationdata timetype="LST" day="21" hour="4" minute="0" month="1" year="1992">
        <temp description="Temperature" units="°C">-6.2</temp>
        <dptemp description="Dew Point Temperature" units="°C">-8.8</dptemp>
        <relhum description="Relative Humidity" units="%">82</relhum>
        <winddir description="Wind Direction" units="10s deg">23</winddir>
        <windspd description="Wind Speed" units="km/h">15</windspd>
        <visibility description="Visibility" units="km">24.1</visibility>
        <stnpress description="Station Pressure" units="kPa">98.71</stnpress>
        <humidex description="Humidex"></humidex>
        <windchill description="Wind Chill">-12</windchill>
        <weather description="Weather">Cloudy</weather>
    </stationdata>
    <stationdata timetype="LST" day="21" hour="5" minute="0" month="1" year="1992">
        <temp description="Temperature" units="°C">-5.8</temp>
        <dptemp description="Dew Point Temperature" units="°C">-8.4</dptemp>
        <relhum description="Relative Humidity" units="%">82</relhum>
        <winddir description="Wind Direction" units="10s deg">26</winddir>
        <windspd description="Wind Speed" units="km/h">6</windspd>
        <visibility description="Visibility" units="km">16.1</visibility>
        <stnpress description="Station Pressure" units="kPa">98.74</stnpress>
        <humidex description="Humidex"></humidex>
        <windchill description="Wind Chill">-9</windchill>
        <weather description="Weather">Cloudy</weather>
    </stationdata>
    <stationdata timetype="LST" day="21" hour="6" minute="0" month="1" year="1992">
        <temp description="Temperature" units="°C">-5.5</temp>
        <dptemp description="Dew Point Temperature" units="°C">-7.8</dptemp>
        <relhum description="Relative Humidity" units="%">84</relhum>
        <winddir description="Wind Direction" units="10s deg">25</winddir>
        <windspd description="Wind Speed" units="km/h">11</windspd>
        <visibility description="Visibility" units="km">16.1</visibility>
        <stnpress description="Station Pressure" units="kPa">98.74</stnpress>
        <humidex description="Humidex"></humidex>
        <windchill description="Wind Chill">-10</windchill>
        <weather description="Weather">Mostly Cloudy</weather>
    </stationdata>
    <stationdata timetype="LST" day="21" hour="7" minute="0" month="1" year="1992">
        <temp description="Temperature" units="°C">-5.0</temp>
        <dptemp description="Dew Point Temperature" units="°C">-7.2</dptemp>
        <relhum description="Relative Humidity" units="%">84</relhum>
        <winddir description="Wind Direction" units="10s deg">25</winddir>
        <windspd description="Wind Speed" units="km/h">26</windspd>
        <visibility description="Visibility" units="km">16.1</visibility>
        <stnpress description="Station Pressure" units="kPa">98.81</stnpress>
        <humidex description="Humidex"></humidex>
        <windchill description="Wind Chill">-12</windchill>
        <weather description="Weather">Cloudy</weather>
    </stationdata>
    <stationdata timetype="LST" day="21" hour="8" minute="0" month="1" year="1992">
        <temp description="Temperature" units="°C">-4.1</temp>
        <dptemp description="Dew Point Temperature" units="°C">-6.3</dptemp>
        <relhum description="Relative Humidity" units="%">85</relhum>
        <winddir description="Wind Direction" units="10s deg">24</winddir>
        <windspd description="Wind Speed" units="km/h">24</windspd>
        <visibility description="Visibility" units="km">11.3</visibility>
        <stnpress description="Station Pressure" units="kPa">98.84</stnpress>
        <humidex description="Humidex"></humidex>
        <windchill description="Wind Chill">-11</windchill>
        <weather description="Weather">Snow</weather>
    </stationdata>
    <stationdata timetype="LST" day="21" hour="9" minute="0" month="1" year="1992">
        <temp description="Temperature" units="°C">-3.8</temp>
        <dptemp description="Dew Point Temperature" units="°C">-6.0</dptemp>
        <relhum description="Relative Humidity" units="%">84</relhum>
        <winddir description="Wind Direction" units="10s deg">23</winddir>
        <windspd description="Wind Speed" units="km/h">26</windspd>
        <visibility description="Visibility" units="km">9.7</visibility>
        <stnpress description="Station Pressure" units="kPa">98.94</stnpress>
        <humidex description="Humidex"></humidex>
        <windchill description="Wind Chill">-11</windchill>
        <weather description="Weather">Snow Pellets</weather>
    </stationdata>
    <stationdata timetype="LST" day="21" hour="10" minute="0" month="1" year="1992">
        <temp description="Temperature" units="°C">-3.5</temp>
        <dptemp description="Dew Point Temperature" units="°C">-4.8</dptemp>
        <relhum description="Relative Humidity" units="%">91</relhum>
        <winddir description="Wind Direction" units="10s deg">24</winddir>
        <windspd description="Wind Speed" units="km/h">22</windspd>
        <visibility description="Visibility" units="km">4.0</visibility>
        <stnpress description="Station Pressure" units="kPa">99.07</stnpress>
        <humidex description="Humidex"></humidex>
        <windchill description="Wind Chill">-10</windchill>
        <weather description="Weather">Snow</weather>
    </stationdata>
    <stationdata timetype="LST" day="21" hour="11" minute="0" month="1" year="1992">
        <temp description="Temperature" units="°C">-3.0</temp>
        <dptemp description="Dew Point Temperature" units="°C">-4.8</dptemp>
        <relhum description="Relative Humidity" units="%">87</relhum>
        <winddir description="Wind Direction" units="10s deg">24</winddir>
        <windspd description="Wind Speed" units="km/h">20</windspd>
        <visibility description="Visibility" units="km">4.8</visibility>
        <stnpress description="Station Pressure" units="kPa">99.14</stnpress>
        <humidex description="Humidex"></humidex>
        <windchill description="Wind Chill">-9</windchill>
        <weather description="Weather">Snow</weather>
    </stationdata>
    <stationdata timetype="LST" day="21" hour="12" minute="0" month="1" year="1992">
        <temp description="Temperature" units="°C">-2.5</temp>
        <dptemp description="Dew Point Temperature" units="°C">-4.2</dptemp>
        <relhum description="Relative Humidity" units="%">88</relhum>
        <winddir description="Wind Direction" units="10s deg">25</winddir>
        <windspd description="Wind Speed" units="km/h">19</windspd>
        <visibility description="Visibility" units="km">8.0</visibility>
        <stnpress description="Station Pressure" units="kPa">99.17</stnpress>
        <humidex description="Humidex"></humidex>
        <windchill description="Wind Chill">-8</windchill>
        <weather description="Weather">Snow</weather>
    </stationdata>
    <stationdata timetype="LST" day="21" hour="13" minute="0" month="1" year="1992">
        <temp description="Temperature" units="°C">-1.8</temp>
        <dptemp description="Dew Point Temperature" units="°C">-4.2</dptemp>
        <relhum description="Relative Humidity" units="%">83</relhum>
        <winddir description="Wind Direction" units="10s deg">30</winddir>
        <windspd description="Wind Speed" units="km/h">22</windspd>
        <visibility description="Visibility" units="km">16.1</visibility>
        <stnpress description="Station Pressure" units="kPa">99.24</stnpress>
        <humidex description="Humidex"></humidex>
        <windchill description="Wind Chill">-8</windchill>
        <weather description="Weather">Snow</weather>
    </stationdata>
    <stationdata timetype="LST" day="21" hour="14" minute="0" month="1" year="1992">
        <temp description="Temperature" units="°C">-1.5</temp>
        <dptemp description="Dew Point Temperature" units="°C">-5.4</dptemp>
        <relhum description="Relative Humidity" units="%">75</relhum>
        <winddir description="Wind Direction" units="10s deg">29</winddir>
        <windspd description="Wind Speed" units="km/h">20</windspd>
        <visibility description="Visibility" units="km">19.3</visibility>
        <stnpress description="Station Pressure" units="kPa">99.27</stnpress>
        <humidex description="Humidex"></humidex>
        <windchill description="Wind Chill">-7</windchill>
        <weather description="Weather">Cloudy</weather>
    </stationdata>
    <stationdata timetype="LST" day="21" hour="15" minute="0" month="1" year="1992">
        <temp description="Temperature" units="°C">-1.8</temp>
        <dptemp description="Dew Point Temperature" units="°C">-5.7</dptemp>
        <relhum description="Relative Humidity" units="%">74</relhum>
        <winddir description="Wind Direction" units="10s deg">33</winddir>
        <windspd description="Wind Speed" units="km/h">11</windspd>
        <visibility description="Visibility" units="km">19.3</visibility>
        <stnpress description="Station Pressure" units="kPa">99.41</stnpress>
        <humidex description="Humidex"></humidex>
        <windchill description="Wind Chill">-6</windchill>
        <weather description="Weather">Cloudy</weather>
    </stationdata>
    <stationdata timetype="LST" day="21" hour="16" minute="0" month="1" year="1992">
        <temp description="Temperature" units="°C">-2.1</temp>
        <dptemp description="Dew Point Temperature" units="°C">-5.7</dptemp>
        <relhum description="Relative Humidity" units="%">76</relhum>
        <winddir description="Wind Direction" units="10s deg">29</winddir>
        <windspd description="Wind Speed" units="km/h">17</windspd>
        <visibility description="Visibility" units="km">19.3</visibility>
        <stnpress description="Station Pressure" units="kPa">99.47</stnpress>
        <humidex description="Humidex"></humidex>
        <windchill description="Wind Chill">-7</windchill>
        <weather description="Weather">Cloudy</weather>
    </stationdata>
    <stationdata timetype="LST" day="21" hour="17" minute="0" month="1" year="1992">
        <temp description="Temperature" units="°C">-2.8</temp>
        <dptemp description="Dew Point Temperature" units="°C">-7.0</dptemp>
        <relhum description="Relative Humidity" units="%">73</relhum>
        <winddir description="Wind Direction" units="10s deg">29</winddir>
        <windspd description="Wind Speed" units="km/h">19</windspd>
        <visibility description="Visibility" units="km">19.3</visibility>
        <stnpress description="Station Pressure" units="kPa">99.57</stnpress>
        <humidex description="Humidex"></humidex>
        <windchill description="Wind Chill">-9</windchill>
        <weather description="Weather">Mostly Cloudy</weather>
    </stationdata>
    <stationdata timetype="LST" day="21" hour="18" minute="0" month="1" year="1992">
        <temp description="Temperature" units="°C">-3.4</temp>
        <dptemp description="Dew Point Temperature" units="°C">-6.3</dptemp>
        <relhum description="Relative Humidity" units="%">80</relhum>
        <winddir description="Wind Direction" units="10s deg">33</winddir>
        <windspd description="Wind Speed" units="km/h">11</windspd>
        <visibility description="Visibility" units="km">19.3</visibility>
        <stnpress description="Station Pressure" units="kPa">99.67</stnpress>
        <humidex description="Humidex"></humidex>
        <windchill description="Wind Chill">-8</windchill>
        <weather description="Weather">Mostly Cloudy</weather>
    </stationdata>
    <stationdata timetype="LST" day="21" hour="19" minute="0" month="1" year="1992">
        <temp description="Temperature" units="°C">-4.2</temp>
        <dptemp description="Dew Point Temperature" units="°C">-6.0</dptemp>
        <relhum description="Relative Humidity" units="%">87</relhum>
        <winddir description="Wind Direction" units="10s deg">35</winddir>
        <windspd description="Wind Speed" units="km/h">11</windspd>
        <visibility description="Visibility" units="km">25.0</visibility>
        <stnpress description="Station Pressure" units="kPa">99.77</stnpress>
        <humidex description="Humidex"></humidex>
        <windchill description="Wind Chill">-9</windchill>
        <weather description="Weather">Mostly Cloudy</weather>
    </stationdata>
    <stationdata timetype="LST" day="21" hour="20" minute="0" month="1" year="1992">
        <temp description="Temperature" units="°C">-5.0</temp>
        <dptemp description="Dew Point Temperature" units="°C">-6.9</dptemp>
        <relhum description="Relative Humidity" units="%">87</relhum>
        <winddir description="Wind Direction" units="10s deg">33</winddir>
        <windspd description="Wind Speed" units="km/h">11</windspd>
        <visibility description="Visibility" units="km">25.0</visibility>
        <stnpress description="Station Pressure" units="kPa">99.87</stnpress>
        <humidex description="Humidex"></humidex>
        <windchill description="Wind Chill">-10</windchill>
        <weather description="Weather">Mostly Cloudy</weather>
    </stationdata>
    <stationdata timetype="LST" day="21" hour="21" minute="0" month="1" year="1992">
        <temp description="Temperature" units="°C">-5.2</temp>
        <dptemp description="Dew Point Temperature" units="°C">-7.9</dptemp>
        <relhum description="Relative Humidity" units="%">81</relhum>
        <winddir description="Wind Direction" units="10s deg">34</winddir>
        <windspd description="Wind Speed" units="km/h">15</windspd>
        <visibility description="Visibility" units="km">25.0</visibility>
        <stnpress description="Station Pressure" units="kPa">99.94</stnpress>
        <humidex description="Humidex"></humidex>
        <windchill description="Wind Chill">-11</windchill>
        <weather description="Weather">Mostly Cloudy</weather>
    </stationdata>
    <stationdata timetype="LST" day="21" hour="22" minute="0" month="1" year="1992">
        <temp description="Temperature" units="°C">-5.8</temp>
        <dptemp description="Dew Point Temperature" units="°C">-8.8</dptemp>
        <relhum description="Relative Humidity" units="%">79</relhum>
        <winddir description="Wind Direction" units="10s deg">36</winddir>
        <windspd description="Wind Speed" units="km/h">13</windspd>
        <visibility description="Visibility" units="km">25.0</visibility>
        <stnpress description="Station Pressure" units="kPa">100.01</stnpress>
        <humidex description="Humidex"></humidex>
        <windchill description="Wind Chill">-11</windchill>
        <weather description="Weather">Cloudy</weather>
    </stationdata>
    <stationdata timetype="LST" day="21" hour="23" minute="0" month="1" year="1992">
        <temp description="Temperature" units="°C">-6.0</temp>
        <dptemp description="Dew Point Temperature" units="°C">-8.8</dptemp>
        <relhum description="Relative Humidity" units="%">81</relhum>
        <winddir description="Wind Direction" units="10s deg">32</winddir>
        <windspd description="Wind Speed" units="km/h">7</windspd>
        <visibility description="Visibility" units="km">24.1</visibility>
        <stnpress description="Station Pressure" units="kPa">100.04</stnpress>
        <humidex description="Humidex"></humidex>
        <windchill description="Wind Chill">-9</windchill>
        <weather description="Weather">Mostly Cloudy</weather>
    </stationdata>
    <stationdata timetype="LST" day="22" hour="0" minute="0" month="1" year="1992">
        <temp description="Temperature" units="°C">-6.0</temp>
        <dptemp description="Dew Point Temperature" units="°C">-9.1</dptemp>
        <relhum description="Relative Humidity" units="%">79</relhum>
        <winddir description="Wind Direction" units="10s deg">34</winddir>
        <windspd description="Wind Speed" units="km/h">9</windspd>
        <visibility description="Visibility" units="km">25.0</visibility>
        <stnpress description="Station Pressure" units="kPa">100.07</stnpress>
        <humidex description="Humidex"></humidex>
        <windchill description="Wind Chill">-10</windchill>
        <weather description="Weather">Mostly Cloudy</weather>
    </stationdata>
    <stationdata timetype="LST" day="22" hour="1" minute="0" month="1" year="1992">
        <temp description="Temperature" units="°C">-6.3</temp>
        <dptemp description="Dew Point Temperature" units="°C">-9.4</dptemp>
        <relhum description="Relative Humidity" units="%">78</relhum>
        <winddir description="Wind Direction" units="10s deg">36</winddir>
        <windspd description="Wind Speed" units="km/h">6</windspd>
        <visibility description="Visibility" units="km">25.0</visibility>
        <stnpress description="Station Pressure" units="kPa">100.11</stnpress>
        <humidex description="Humidex"></humidex>
        <windchill description="Wind Chill">-9</windchill>
        <weather description="Weather">Mostly Cloudy</weather>
    </stationdata>
    <stationdata timetype="LST" day="22" hour="2" minute="0" month="1" year="1992">
        <temp description="Temperature" units="°C">-7.5</temp>
        <dptemp description="Dew Point Temperature" units="°C">-9.9</dptemp>
        <relhum description="Relative Humidity" units="%">83</relhum>
        <winddir description="Wind Direction" units="10s deg">2</winddir>
        <windspd description="Wind Speed" units="km/h">7</windspd>
        <visibility description="Visibility" units="km">25.0</visibility>
        <stnpress description="Station Pressure" units="kPa">100.11</stnpress>
        <humidex description="Humidex"></humidex>
        <windchill description="Wind Chill">-11</windchill>
        <weather description="Weather">Mainly Clear</weather>
    </stationdata>
    <stationdata timetype="LST" day="22" hour="3" minute="0" month="1" year="1992">
        <temp description="Temperature" units="°C">-9.3</temp>
        <dptemp description="Dew Point Temperature" units="°C">-12.3</dptemp>
        <relhum description="Relative Humidity" units="%">79</relhum>
        <winddir description="Wind Direction" units="10s deg">3</winddir>
        <windspd description="Wind Speed" units="km/h">9</windspd>
        <visibility description="Visibility" units="km">25.0</visibility>
        <stnpress description="Station Pressure" units="kPa">100.21</stnpress>
        <humidex description="Humidex"></humidex>
        <windchill description="Wind Chill">-14</windchill>
        <weather description="Weather">Mainly Clear</weather>
    </stationdata>
    <stationdata timetype="LST" day="22" hour="4" minute="0" month="1" year="1992">
        <temp description="Temperature" units="°C">-10.5</temp>
        <dptemp description="Dew Point Temperature" units="°C">-12.6</dptemp>
        <relhum description="Relative Humidity" units="%">84</relhum>
        <winddir description="Wind Direction" units="10s deg"></winddir>
        <windspd description="Wind Speed" units="km/h">0</windspd>
        <visibility description="Visibility" units="km">25.0</visibility>
        <stnpress description="Station Pressure" units="kPa">100.21</stnpress>
        <humidex description="Humidex"></humidex>
        <windchill description="Wind Chill"></windchill>
        <weather description="Weather">Clear</weather>
    </stationdata>
    <stationdata timetype="LST" day="22" hour="5" minute="0" month="1" year="1992">
        <temp description="Temperature" units="°C">-12.0</temp>
        <dptemp description="Dew Point Temperature" units="°C">-14.3</dptemp>
        <relhum description="Relative Humidity" units="%">83</relhum>
        <winddir description="Wind Direction" units="10s deg">2</winddir>
        <windspd description="Wind Speed" units="km/h">7</windspd>
        <visibility description="Visibility" units="km">25.0</visibility>
        <stnpress description="Station Pressure" units="kPa">100.21</stnpress>
        <humidex description="Humidex"></humidex>
        <windchill description="Wind Chill">-16</windchill>
        <weather description="Weather">Clear</weather>
    </stationdata>
    <stationdata timetype="LST" day="22" hour="6" minute="0" month="1" year="1992">
        <temp description="Temperature" units="°C">-13.7</temp>
        <dptemp description="Dew Point Temperature" units="°C">-15.1</dptemp>
        <relhum description="Relative Humidity" units="%">89</relhum>
        <winddir description="Wind Direction" units="10s deg">35</winddir>
        <windspd description="Wind Speed" units="km/h">4</windspd>
        <visibility description="Visibility" units="km">25.0</visibility>
        <stnpress description="Station Pressure" units="kPa">100.24</stnpress>
        <humidex description="Humidex"></humidex>
        <windchill description="Wind Chill">-16</windchill>
        <weather description="Weather">Mainly Clear</weather>
    </stationdata>
    <stationdata timetype="LST" day="22" hour="7" minute="0" month="1" year="1992">
        <temp description="Temperature" units="°C">-12.3</temp>
        <dptemp description="Dew Point Temperature" units="°C">-14.5</dptemp>
        <relhum description="Relative Humidity" units="%">83</relhum>
        <winddir description="Wind Direction" units="10s deg">33</winddir>
        <windspd description="Wind Speed" units="km/h">7</windspd>
        <visibility description="Visibility" units="km">19.3</visibility>
        <stnpress description="Station Pressure" units="kPa">100.27</stnpress>
        <humidex description="Humidex"></humidex>
        <windchill description="Wind Chill">-17</windchill>
        <weather description="Weather">Cloudy</weather>
    </stationdata>
    <stationdata timetype="LST" day="22" hour="8" minute="0" month="1" year="1992">
        <temp description="Temperature" units="°C">-10.3</temp>
        <dptemp description="Dew Point Temperature" units="°C">-12.6</dptemp>
        <relhum description="Relative Humidity" units="%">83</relhum>
        <winddir description="Wind Direction" units="10s deg">3</winddir>
        <windspd description="Wind Speed" units="km/h">9</windspd>
        <visibility description="Visibility" units="km">19.3</visibility>
        <stnpress description="Station Pressure" units="kPa">100.27</stnpress>
        <humidex description="Humidex"></humidex>
        <windchill description="Wind Chill">-15</windchill>
        <weather description="Weather">Cloudy</weather>
    </stationdata>
    <stationdata timetype="LST" day="22" hour="9" minute="0" month="1" year="1992">
        <temp description="Temperature" units="°C">-8.0</temp>
        <dptemp description="Dew Point Temperature" units="°C">-10.1</dptemp>
        <relhum description="Relative Humidity" units="%">85</relhum>
        <winddir description="Wind Direction" units="10s deg">7</winddir>
        <windspd description="Wind Speed" units="km/h">15</windspd>
        <visibility description="Visibility" units="km">19.3</visibility>
        <stnpress description="Station Pressure" units="kPa">100.27</stnpress>
        <humidex description="Humidex"></humidex>
        <windchill description="Wind Chill">-14</windchill>
        <weather description="Weather">Cloudy</weather>
    </stationdata>
    <stationdata timetype="LST" day="22" hour="10" minute="0" month="1" year="1992">
        <temp description="Temperature" units="°C">-6.7</temp>
        <dptemp description="Dew Point Temperature" units="°C">-8.3</dptemp>
        <relhum description="Relative Humidity" units="%">89</relhum>
        <winddir description="Wind Direction" units="10s deg">6</winddir>
        <windspd description="Wind Speed" units="km/h">9</windspd>
        <visibility description="Visibility" units="km">24.1</visibility>
        <stnpress description="Station Pressure" units="kPa">100.24</stnpress>
        <humidex description="Humidex"></humidex>
        <windchill description="Wind Chill">-11</windchill>
        <weather description="Weather">Mostly Cloudy</weather>
    </stationdata>
    <stationdata timetype="LST" day="22" hour="11" minute="0" month="1" year="1992">
        <temp description="Temperature" units="°C">-3.4</temp>
        <dptemp description="Dew Point Temperature" units="°C">-6.3</dptemp>
        <relhum description="Relative Humidity" units="%">80</relhum>
        <winddir description="Wind Direction" units="10s deg">12</winddir>
        <windspd description="Wind Speed" units="km/h">30</windspd>
        <visibility description="Visibility" units="km">24.1</visibility>
        <stnpress description="Station Pressure" units="kPa">100.24</stnpress>
        <humidex description="Humidex"></humidex>
        <windchill description="Wind Chill">-11</windchill>
        <weather description="Weather">Mostly Cloudy</weather>
    </stationdata>
    <stationdata timetype="LST" day="22" hour="12" minute="0" month="1" year="1992">
        <temp description="Temperature" units="°C">-3.5</temp>
        <dptemp description="Dew Point Temperature" units="°C">-6.7</dptemp>
        <relhum description="Relative Humidity" units="%">78</relhum>
        <winddir description="Wind Direction" units="10s deg">11</winddir>
        <windspd description="Wind Speed" units="km/h">30</windspd>
        <visibility description="Visibility" units="km">24.1</visibility>
        <stnpress description="Station Pressure" units="kPa">100.11</stnpress>
        <humidex description="Humidex"></humidex>
        <windchill description="Wind Chill">-11</windchill>
        <weather description="Weather">Mostly Cloudy</weather>
    </stationdata>
    <stationdata timetype="LST" day="22" hour="13" minute="0" month="1" year="1992">
        <temp description="Temperature" units="°C">-3.4</temp>
        <dptemp description="Dew Point Temperature" units="°C">-6.3</dptemp>
        <relhum description="Relative Humidity" units="%">80</relhum>
        <winddir description="Wind Direction" units="10s deg">11</winddir>
        <windspd description="Wind Speed" units="km/h">28</windspd>
        <visibility description="Visibility" units="km">24.1</visibility>
        <stnpress description="Station Pressure" units="kPa">99.97</stnpress>
        <humidex description="Humidex"></humidex>
        <windchill description="Wind Chill">-11</windchill>
        <weather description="Weather">Mostly Cloudy</weather>
    </stationdata>
    <stationdata timetype="LST" day="22" hour="14" minute="0" month="1" year="1992">
        <temp description="Temperature" units="°C">-2.6</temp>
        <dptemp description="Dew Point Temperature" units="°C">-5.4</dptemp>
        <relhum description="Relative Humidity" units="%">81</relhum>
        <winddir description="Wind Direction" units="10s deg">10</winddir>
        <windspd description="Wind Speed" units="km/h">30</windspd>
        <visibility description="Visibility" units="km">24.1</visibility>
        <stnpress description="Station Pressure" units="kPa">99.81</stnpress>
        <humidex description="Humidex"></humidex>
        <windchill description="Wind Chill">-10</windchill>
        <weather description="Weather">Cloudy</weather>
    </stationdata>
    <stationdata timetype="LST" day="22" hour="15" minute="0" month="1" year="1992">
        <temp description="Temperature" units="°C">-2.0</temp>
        <dptemp description="Dew Point Temperature" units="°C">-5.1</dptemp>
        <relhum description="Relative Humidity" units="%">79</relhum>
        <winddir description="Wind Direction" units="10s deg">10</winddir>
        <windspd description="Wind Speed" units="km/h">30</windspd>
        <visibility description="Visibility" units="km">24.1</visibility>
        <stnpress description="Station Pressure" units="kPa">99.74</stnpress>
        <humidex description="Humidex"></humidex>
        <windchill description="Wind Chill">-9</windchill>
        <weather description="Weather">Mostly Cloudy</weather>
    </stationdata>
    <stationdata timetype="LST" day="22" hour="16" minute="0" month="1" year="1992">
        <temp description="Temperature" units="°C">-1.7</temp>
        <dptemp description="Dew Point Temperature" units="°C">-4.5</dptemp>
        <relhum description="Relative Humidity" units="%">81</relhum>
        <winddir description="Wind Direction" units="10s deg">11</winddir>
        <windspd description="Wind Speed" units="km/h">30</windspd>
        <visibility description="Visibility" units="km">24.1</visibility>
        <stnpress description="Station Pressure" units="kPa">99.71</stnpress>
        <humidex description="Humidex"></humidex>
        <windchill description="Wind Chill">-9</windchill>
        <weather description="Weather">Mostly Cloudy</weather>
    </stationdata>
    <stationdata timetype="LST" day="22" hour="17" minute="0" month="1" year="1992">
        <temp description="Temperature" units="°C">-1.4</temp>
        <dptemp description="Dew Point Temperature" units="°C">-4.5</dptemp>
        <relhum description="Relative Humidity" units="%">79</relhum>
        <winddir description="Wind Direction" units="10s deg">11</winddir>
        <windspd description="Wind Speed" units="km/h">26</windspd>
        <visibility description="Visibility" units="km">24.1</visibility>
        <stnpress description="Station Pressure" units="kPa">99.64</stnpress>
        <humidex description="Humidex"></humidex>
        <windchill description="Wind Chill">-8</windchill>
        <weather description="Weather">Cloudy</weather>
    </stationdata>
    <stationdata timetype="LST" day="22" hour="18" minute="0" month="1" year="1992">
        <temp description="Temperature" units="°C">-0.9</temp>
        <dptemp description="Dew Point Temperature" units="°C">-4.4</dptemp>
        <relhum description="Relative Humidity" units="%">77</relhum>
        <winddir description="Wind Direction" units="10s deg">10</winddir>
        <windspd description="Wind Speed" units="km/h">22</windspd>
        <visibility description="Visibility" units="km">24.1</visibility>
        <stnpress description="Station Pressure" units="kPa">99.57</stnpress>
        <humidex description="Humidex"></humidex>
        <windchill description="Wind Chill">-7</windchill>
        <weather description="Weather">Cloudy</weather>
    </stationdata>
    <stationdata timetype="LST" day="22" hour="19" minute="0" month="1" year="1992">
        <temp description="Temperature" units="°C">-0.5</temp>
        <dptemp description="Dew Point Temperature" units="°C">-3.8</dptemp>
        <relhum description="Relative Humidity" units="%">78</relhum>
        <winddir description="Wind Direction" units="10s deg">11</winddir>
        <windspd description="Wind Speed" units="km/h">22</windspd>
        <visibility description="Visibility" units="km">19.3</visibility>
        <stnpress description="Station Pressure" units="kPa">99.51</stnpress>
        <humidex description="Humidex"></humidex>
        <windchill description="Wind Chill">-6</windchill>
        <weather description="Weather">Cloudy</weather>
    </stationdata>
    <stationdata timetype="LST" day="22" hour="20" minute="0" month="1" year="1992">
        <temp description="Temperature" units="°C">0.2</temp>
        <dptemp description="Dew Point Temperature" units="°C">-2.9</dptemp>
        <relhum description="Relative Humidity" units="%">80</relhum>
        <winddir description="Wind Direction" units="10s deg">9</winddir>
        <windspd description="Wind Speed" units="km/h">20</windspd>
        <visibility description="Visibility" units="km">24.1</visibility>
        <stnpress description="Station Pressure" units="kPa">99.34</stnpress>
        <humidex description="Humidex"></humidex>
        <windchill description="Wind Chill"></windchill>
        <weather description="Weather">Cloudy</weather>
    </stationdata>
    <stationdata timetype="LST" day="22" hour="21" minute="0" month="1" year="1992">
        <temp description="Temperature" units="°C">0.0</temp>
        <dptemp description="Dew Point Temperature" units="°C">-2.0</dptemp>
        <relhum description="Relative Humidity" units="%">86</relhum>
        <winddir description="Wind Direction" units="10s deg">10</winddir>
        <windspd description="Wind Speed" units="km/h">15</windspd>
        <visibility description="Visibility" units="km">24.1</visibility>
        <stnpress description="Station Pressure" units="kPa">99.24</stnpress>
        <humidex description="Humidex"></humidex>
        <windchill description="Wind Chill">-4</windchill>
        <weather description="Weather">Cloudy</weather>
    </stationdata>
    <stationdata timetype="LST" day="22" hour="22" minute="0" month="1" year="1992">
        <temp description="Temperature" units="°C">0.9</temp>
        <dptemp description="Dew Point Temperature" units="°C">-2.4</dptemp>
        <relhum description="Relative Humidity" units="%">79</relhum>
        <winddir description="Wind Direction" units="10s deg">9</winddir>
        <windspd description="Wind Speed" units="km/h">19</windspd>
        <visibility description="Visibility" units="km">24.1</visibility>
        <stnpress description="Station Pressure" units="kPa">99.11</stnpress>
        <humidex description="Humidex"></humidex>
        <windchill description="Wind Chill"></windchill>
        <weather description="Weather">Cloudy</weather>
    </stationdata>
    <stationdata timetype="LST" day="22" hour="23" minute="0" month="1" year="1992">
        <temp description="Temperature" units="°C">0.7</temp>
        <dptemp description="Dew Point Temperature" units="°C">-2.0</dptemp>
        <relhum description="Relative Humidity" units="%">82</relhum>
        <winddir description="Wind Direction" units="10s deg">10</winddir>
        <windspd description="Wind Speed" units="km/h">11</windspd>
        <visibility description="Visibility" units="km">24.1</visibility>
        <stnpress description="Station Pressure" units="kPa">99.04</stnpress>
        <humidex description="Humidex"></humidex>
        <windchill description="Wind Chill"></windchill>
        <weather description="Weather">Cloudy</weather>
    </stationdata>
    <stationdata timetype="LST" day="23" hour="0" minute="0" month="1" year="1992">
        <temp description="Temperature" units="°C">0.9</temp>
        <dptemp description="Dew Point Temperature" units="°C">-1.5</dptemp>
        <relhum description="Relative Humidity" units="%">84</relhum>
        <winddir description="Wind Direction" units="10s deg">11</winddir>
        <windspd description="Wind Speed" units="km/h">11</windspd>
        <visibility description="Visibility" units="km">24.1</visibility>
        <stnpress description="Station Pressure" units="kPa">98.94</stnpress>
        <humidex description="Humidex"></humidex>
        <windchill description="Wind Chill"></windchill>
        <weather description="Weather">Cloudy</weather>
    </stationdata>
    <stationdata timetype="LST" day="23" hour="1" minute="0" month="1" year="1992">
        <temp description="Temperature" units="°C">1.6</temp>
        <dptemp description="Dew Point Temperature" units="°C">-2.1</dptemp>
        <relhum description="Relative Humidity" units="%">76</relhum>
        <winddir description="Wind Direction" units="10s deg">13</winddir>
        <windspd description="Wind Speed" units="km/h">15</windspd>
        <visibility description="Visibility" units="km">24.1</visibility>
        <stnpress description="Station Pressure" units="kPa">98.81</stnpress>
        <humidex description="Humidex"></humidex>
        <windchill description="Wind Chill"></windchill>
        <weather description="Weather">Mostly Cloudy</weather>
    </stationdata>
    <stationdata timetype="LST" day="23" hour="2" minute="0" month="1" year="1992">
        <temp description="Temperature" units="°C">2.0</temp>
        <dptemp description="Dew Point Temperature" units="°C">-1.5</dptemp>
        <relhum description="Relative Humidity" units="%">78</relhum>
        <winddir description="Wind Direction" units="10s deg">14</winddir>
        <windspd description="Wind Speed" units="km/h">17</windspd>
        <visibility description="Visibility" units="km">19.3</visibility>
        <stnpress description="Station Pressure" units="kPa">98.71</stnpress>
        <humidex description="Humidex"></humidex>
        <windchill description="Wind Chill"></windchill>
        <weather description="Weather">Mostly Cloudy</weather>
    </stationdata>
    <stationdata timetype="LST" day="23" hour="3" minute="0" month="1" year="1992">
        <temp description="Temperature" units="°C">2.1</temp>
        <dptemp description="Dew Point Temperature" units="°C">-1.5</dptemp>
        <relhum description="Relative Humidity" units="%">77</relhum>
        <winddir description="Wind Direction" units="10s deg">15</winddir>
        <windspd description="Wind Speed" units="km/h">15</windspd>
        <visibility description="Visibility" units="km">19.3</visibility>
        <stnpress description="Station Pressure" units="kPa">98.61</stnpress>
        <humidex description="Humidex"></humidex>
        <windchill description="Wind Chill"></windchill>
        <weather description="Weather">Cloudy</weather>
    </stationdata>
    <stationdata timetype="LST" day="23" hour="4" minute="0" month="1" year="1992">
        <temp description="Temperature" units="°C">2.4</temp>
        <dptemp description="Dew Point Temperature" units="°C">-0.9</dptemp>
        <relhum description="Relative Humidity" units="%">79</relhum>
        <winddir description="Wind Direction" units="10s deg">16</winddir>
        <windspd description="Wind Speed" units="km/h">15</windspd>
        <visibility description="Visibility" units="km">12.9</visibility>
        <stnpress description="Station Pressure" units="kPa">98.51</stnpress>
        <humidex description="Humidex"></humidex>
        <windchill description="Wind Chill"></windchill>
        <weather description="Weather">Rain</weather>
    </stationdata>
    <stationdata timetype="LST" day="23" hour="5" minute="0" month="1" year="1992">
        <temp description="Temperature" units="°C">2.2</temp>
        <dptemp description="Dew Point Temperature" units="°C">-0.4</dptemp>
        <relhum description="Relative Humidity" units="%">83</relhum>
        <winddir description="Wind Direction" units="10s deg">16</winddir>
        <windspd description="Wind Speed" units="km/h">11</windspd>
        <visibility description="Visibility" units="km">16.1</visibility>
        <stnpress description="Station Pressure" units="kPa">98.41</stnpress>
        <humidex description="Humidex"></humidex>
        <windchill description="Wind Chill"></windchill>
        <weather description="Weather">Rain</weather>
    </stationdata>
    <stationdata timetype="LST" day="23" hour="6" minute="0" month="1" year="1992">
        <temp description="Temperature" units="°C">2.0</temp>
        <dptemp description="Dew Point Temperature" units="°C">-0.4</dptemp>
        <relhum description="Relative Humidity" units="%">84</relhum>
        <winddir description="Wind Direction" units="10s deg">15</winddir>
        <windspd description="Wind Speed" units="km/h">15</windspd>
        <visibility description="Visibility" units="km">16.1</visibility>
        <stnpress description="Station Pressure" units="kPa">98.34</stnpress>
        <humidex description="Humidex"></humidex>
        <windchill description="Wind Chill"></windchill>
        <weather description="Weather">Rain</weather>
    </stationdata>
    <stationdata timetype="LST" day="23" hour="7" minute="0" month="1" year="1992">
        <temp description="Temperature" units="°C">2.1</temp>
        <dptemp description="Dew Point Temperature" units="°C">-0.4</dptemp>
        <relhum description="Relative Humidity" units="%">83</relhum>
        <winddir description="Wind Direction" units="10s deg">14</winddir>
        <windspd description="Wind Speed" units="km/h">15</windspd>
        <visibility description="Visibility" units="km">19.3</visibility>
        <stnpress description="Station Pressure" units="kPa">98.24</stnpress>
        <humidex description="Humidex"></humidex>
        <windchill description="Wind Chill"></windchill>
        <weather description="Weather">Rain,Snow</weather>
    </stationdata>
    <stationdata timetype="LST" day="23" hour="8" minute="0" month="1" year="1992">
        <temp description="Temperature" units="°C">3.0</temp>
        <dptemp description="Dew Point Temperature" units="°C">0.2</dptemp>
        <relhum description="Relative Humidity" units="%">82</relhum>
        <winddir description="Wind Direction" units="10s deg">15</winddir>
        <windspd description="Wind Speed" units="km/h">17</windspd>
        <visibility description="Visibility" units="km">8.0</visibility>
        <stnpress description="Station Pressure" units="kPa">98.14</stnpress>
        <humidex description="Humidex"></humidex>
        <windchill description="Wind Chill"></windchill>
        <weather description="Weather">Haze</weather>
    </stationdata>
    <stationdata timetype="LST" day="23" hour="9" minute="0" month="1" year="1992">
        <temp description="Temperature" units="°C">3.5</temp>
        <dptemp description="Dew Point Temperature" units="°C">1.2</dptemp>
        <relhum description="Relative Humidity" units="%">85</relhum>
        <winddir description="Wind Direction" units="10s deg">17</winddir>
        <windspd description="Wind Speed" units="km/h">19</windspd>
        <visibility description="Visibility" units="km">4.0</visibility>
        <stnpress description="Station Pressure" units="kPa">98.07</stnpress>
        <humidex description="Humidex"></humidex>
        <windchill description="Wind Chill"></windchill>
        <weather description="Weather">Rain,Drizzle,Fog</weather>
    </stationdata>
    <stationdata timetype="LST" day="23" hour="10" minute="0" month="1" year="1992">
        <temp description="Temperature" units="°C">3.2</temp>
        <dptemp description="Dew Point Temperature" units="°C">1.6</dptemp>
        <relhum description="Relative Humidity" units="%">89</relhum>
        <winddir description="Wind Direction" units="10s deg">17</winddir>
        <windspd description="Wind Speed" units="km/h">17</windspd>
        <visibility description="Visibility" units="km">4.8</visibility>
        <stnpress description="Station Pressure" units="kPa">97.97</stnpress>
        <humidex description="Humidex"></humidex>
        <windchill description="Wind Chill"></windchill>
        <weather description="Weather">Rain,Drizzle,Fog</weather>
    </stationdata>
    <stationdata timetype="LST" day="23" hour="11" minute="0" month="1" year="1992">
        <temp description="Temperature" units="°C">3.4</temp>
        <dptemp description="Dew Point Temperature" units="°C">1.7</dptemp>
        <relhum description="Relative Humidity" units="%">89</relhum>
        <winddir description="Wind Direction" units="10s deg">17</winddir>
        <windspd description="Wind Speed" units="km/h">15</windspd>
        <visibility description="Visibility" units="km">4.8</visibility>
        <stnpress description="Station Pressure" units="kPa">97.81</stnpress>
        <humidex description="Humidex"></humidex>
        <windchill description="Wind Chill"></windchill>
        <weather description="Weather">Fog</weather>
    </stationdata>
    <stationdata timetype="LST" day="23" hour="12" minute="0" month="1" year="1992">
        <temp description="Temperature" units="°C">3.1</temp>
        <dptemp description="Dew Point Temperature" units="°C">1.1</dptemp>
        <relhum description="Relative Humidity" units="%">87</relhum>
        <winddir description="Wind Direction" units="10s deg">16</winddir>
        <windspd description="Wind Speed" units="km/h">15</windspd>
        <visibility description="Visibility" units="km">6.4</visibility>
        <stnpress description="Station Pressure" units="kPa">97.61</stnpress>
        <humidex description="Humidex"></humidex>
        <windchill description="Wind Chill"></windchill>
        <weather description="Weather">Fog</weather>
    </stationdata>
    <stationdata timetype="LST" day="23" hour="13" minute="0" month="1" year="1992">
        <temp description="Temperature" units="°C">2.8</temp>
        <dptemp description="Dew Point Temperature" units="°C">2.6</dptemp>
        <relhum description="Relative Humidity" units="%">99</relhum>
        <winddir description="Wind Direction" units="10s deg">16</winddir>
        <windspd description="Wind Speed" units="km/h">15</windspd>
        <visibility description="Visibility" units="km">2.4</visibility>
        <stnpress description="Station Pressure" units="kPa">97.34</stnpress>
        <humidex description="Humidex"></humidex>
        <windchill description="Wind Chill"></windchill>
        <weather description="Weather">Rain,Fog</weather>
    </stationdata>
    <stationdata timetype="LST" day="23" hour="14" minute="0" month="1" year="1992">
        <temp description="Temperature" units="°C">3.1</temp>
        <dptemp description="Dew Point Temperature" units="°C">2.6</dptemp>
        <relhum description="Relative Humidity" units="%">97</relhum>
        <winddir description="Wind Direction" units="10s deg">17</winddir>
        <windspd description="Wind Speed" units="km/h">11</windspd>
        <visibility description="Visibility" units="km">2.0</visibility>
        <stnpress description="Station Pressure" units="kPa">97.14</stnpress>
        <humidex description="Humidex"></humidex>
        <windchill description="Wind Chill"></windchill>
        <weather description="Weather">Rain,Fog</weather>
    </stationdata>
    <stationdata timetype="LST" day="23" hour="15" minute="0" month="1" year="1992">
        <temp description="Temperature" units="°C">3.1</temp>
        <dptemp description="Dew Point Temperature" units="°C">3.1</dptemp>
        <relhum description="Relative Humidity" units="%">100</relhum>
        <winddir description="Wind Direction" units="10s deg">16</winddir>
        <windspd description="Wind Speed" units="km/h">4</windspd>
        <visibility description="Visibility" units="km">2.0</visibility>
        <stnpress description="Station Pressure" units="kPa">97.01</stnpress>
        <humidex description="Humidex"></humidex>
        <windchill description="Wind Chill"></windchill>
        <weather description="Weather">Rain,Fog</weather>
    </stationdata>
    <stationdata timetype="LST" day="23" hour="16" minute="0" month="1" year="1992">
        <temp description="Temperature" units="°C">3.2</temp>
        <dptemp description="Dew Point Temperature" units="°C">2.6</dptemp>
        <relhum description="Relative Humidity" units="%">96</relhum>
        <winddir description="Wind Direction" units="10s deg">17</winddir>
        <windspd description="Wind Speed" units="km/h">4</windspd>
        <visibility description="Visibility" units="km">2.0</visibility>
        <stnpress description="Station Pressure" units="kPa">96.84</stnpress>
        <humidex description="Humidex"></humidex>
        <windchill description="Wind Chill"></windchill>
        <weather description="Weather">Rain,Fog</weather>
    </stationdata>
    <stationdata timetype="LST" day="23" hour="17" minute="0" month="1" year="1992">
        <temp description="Temperature" units="°C">3.3</temp>
        <dptemp description="Dew Point Temperature" units="°C">3.3</dptemp>
        <relhum description="Relative Humidity" units="%">100</relhum>
        <winddir description="Wind Direction" units="10s deg">17</winddir>
        <windspd description="Wind Speed" units="km/h">4</windspd>
        <visibility description="Visibility" units="km">0.4</visibility>
        <stnpress description="Station Pressure" units="kPa">96.74</stnpress>
        <humidex description="Humidex"></humidex>
        <windchill description="Wind Chill"></windchill>
        <weather description="Weather">Rain,Fog</weather>
    </stationdata>
    <stationdata timetype="LST" day="23" hour="18" minute="0" month="1" year="1992">
        <temp description="Temperature" units="°C">3.3</temp>
        <dptemp description="Dew Point Temperature" units="°C">3.1</dptemp>
        <relhum description="Relative Humidity" units="%">99</relhum>
        <winddir description="Wind Direction" units="10s deg">18</winddir>
        <windspd description="Wind Speed" units="km/h">6</windspd>
        <visibility description="Visibility" units="km">1.6</visibility>
        <stnpress description="Station Pressure" units="kPa">96.64</stnpress>
        <humidex description="Humidex"></humidex>
        <windchill description="Wind Chill"></windchill>
        <weather description="Weather">Rain,Fog</weather>
    </stationdata>
    <stationdata timetype="LST" day="23" hour="19" minute="0" month="1" year="1992">
        <temp description="Temperature" units="°C">3.0</temp>
        <dptemp description="Dew Point Temperature" units="°C">3.0</dptemp>
        <relhum description="Relative Humidity" units="%">100</relhum>
        <winddir description="Wind Direction" units="10s deg">20</winddir>
        <windspd description="Wind Speed" units="km/h">6</windspd>
        <visibility description="Visibility" units="km">3.6</visibility>
        <stnpress description="Station Pressure" units="kPa">96.64</stnpress>
        <humidex description="Humidex"></humidex>
        <windchill description="Wind Chill"></windchill>
        <weather description="Weather">Fog</weather>
    </stationdata>
    <stationdata timetype="LST" day="23" hour="20" minute="0" month="1" year="1992">
        <temp description="Temperature" units="°C">2.7</temp>
        <dptemp description="Dew Point Temperature" units="°C">1.6</dptemp>
        <relhum description="Relative Humidity" units="%">92</relhum>
        <winddir description="Wind Direction" units="10s deg">26</winddir>
        <windspd description="Wind Speed" units="km/h">9</windspd>
        <visibility description="Visibility" units="km">12.9</visibility>
        <stnpress description="Station Pressure" units="kPa">96.64</stnpress>
        <humidex description="Humidex"></humidex>
        <windchill description="Wind Chill"></windchill>
        <weather description="Weather">Rain</weather>
    </stationdata>
    <stationdata timetype="LST" day="23" hour="21" minute="0" month="1" year="1992">
        <temp description="Temperature" units="°C">2.7</temp>
        <dptemp description="Dew Point Temperature" units="°C">0.6</dptemp>
        <relhum description="Relative Humidity" units="%">86</relhum>
        <winddir description="Wind Direction" units="10s deg">26</winddir>
        <windspd description="Wind Speed" units="km/h">26</windspd>
        <visibility description="Visibility" units="km">19.3</visibility>
        <stnpress description="Station Pressure" units="kPa">96.64</stnpress>
        <humidex description="Humidex"></humidex>
        <windchill description="Wind Chill"></windchill>
        <weather description="Weather">Rain</weather>
    </stationdata>
    <stationdata timetype="LST" day="23" hour="22" minute="0" month="1" year="1992">
        <temp description="Temperature" units="°C">2.0</temp>
        <dptemp description="Dew Point Temperature" units="°C">-0.4</dptemp>
        <relhum description="Relative Humidity" units="%">84</relhum>
        <winddir description="Wind Direction" units="10s deg">25</winddir>
        <windspd description="Wind Speed" units="km/h">20</windspd>
        <visibility description="Visibility" units="km">24.1</visibility>
        <stnpress description="Station Pressure" units="kPa">96.71</stnpress>
        <humidex description="Humidex"></humidex>
        <windchill description="Wind Chill"></windchill>
        <weather description="Weather">Cloudy</weather>
    </stationdata>
    <stationdata timetype="LST" day="23" hour="23" minute="0" month="1" year="1992">
        <temp description="Temperature" units="°C">1.8</temp>
        <dptemp description="Dew Point Temperature" units="°C">-1.0</dptemp>
        <relhum description="Relative Humidity" units="%">82</relhum>
        <winddir description="Wind Direction" units="10s deg">26</winddir>
        <windspd description="Wind Speed" units="km/h">20</windspd>
        <visibility description="Visibility" units="km">24.1</visibility>
        <stnpress description="Station Pressure" units="kPa">96.74</stnpress>
        <humidex description="Humidex"></humidex>
        <windchill description="Wind Chill"></windchill>
        <weather description="Weather">Cloudy</weather>
    </stationdata>
    <stationdata timetype="LST" day="24" hour="0" minute="0" month="1" year="1992">
        <temp description="Temperature" units="°C">1.6</temp>
        <dptemp description="Dew Point Temperature" units="°C">-1.0</dptemp>
        <relhum description="Relative Humidity" units="%">83</relhum>
        <winddir description="Wind Direction" units="10s deg">24</winddir>
        <windspd description="Wind Speed" units="km/h">19</windspd>
        <visibility description="Visibility" units="km">8.0</visibility>
        <stnpress description="Station Pressure" units="kPa">96.74</stnpress>
        <humidex description="Humidex"></humidex>
        <windchill description="Wind Chill"></windchill>
        <weather description="Weather">Snow</weather>
    </stationdata>
    <stationdata timetype="LST" day="24" hour="1" minute="0" month="1" year="1992">
        <temp description="Temperature" units="°C">0.7</temp>
        <dptemp description="Dew Point Temperature" units="°C">0.0</dptemp>
        <relhum description="Relative Humidity" units="%">95</relhum>
        <winddir description="Wind Direction" units="10s deg">23</winddir>
        <windspd description="Wind Speed" units="km/h">19</windspd>
        <visibility description="Visibility" units="km">2.4</visibility>
        <stnpress description="Station Pressure" units="kPa">96.74</stnpress>
        <humidex description="Humidex"></humidex>
        <windchill description="Wind Chill"></windchill>
        <weather description="Weather">Snow</weather>
    </stationdata>
    <stationdata timetype="LST" day="24" hour="2" minute="0" month="1" year="1992">
        <temp description="Temperature" units="°C">0.4</temp>
        <dptemp description="Dew Point Temperature" units="°C">-0.5</dptemp>
        <relhum description="Relative Humidity" units="%">94</relhum>
        <winddir description="Wind Direction" units="10s deg">25</winddir>
        <windspd description="Wind Speed" units="km/h">30</windspd>
        <visibility description="Visibility" units="km">19.3</visibility>
        <stnpress description="Station Pressure" units="kPa">96.74</stnpress>
        <humidex description="Humidex"></humidex>
        <windchill description="Wind Chill"></windchill>
        <weather description="Weather">Snow</weather>
    </stationdata>
    <stationdata timetype="LST" day="24" hour="3" minute="0" month="1" year="1992">
        <temp description="Temperature" units="°C">-0.7</temp>
        <dptemp description="Dew Point Temperature" units="°C">-1.8</dptemp>
        <relhum description="Relative Humidity" units="%">93</relhum>
        <winddir description="Wind Direction" units="10s deg">24</winddir>
        <windspd description="Wind Speed" units="km/h">33</windspd>
        <visibility description="Visibility" units="km">6.4</visibility>
        <stnpress description="Station Pressure" units="kPa">96.81</stnpress>
        <humidex description="Humidex"></humidex>
        <windchill description="Wind Chill">-8</windchill>
        <weather description="Weather">Snow</weather>
    </stationdata>
    <stationdata timetype="LST" day="24" hour="4" minute="0" month="1" year="1992">
        <temp description="Temperature" units="°C">-2.0</temp>
        <dptemp description="Dew Point Temperature" units="°C">-4.5</dptemp>
        <relhum description="Relative Humidity" units="%">83</relhum>
        <winddir description="Wind Direction" units="10s deg">26</winddir>
        <windspd description="Wind Speed" units="km/h">31</windspd>
        <visibility description="Visibility" units="km">8.0</visibility>
        <stnpress description="Station Pressure" units="kPa">96.81</stnpress>
        <humidex description="Humidex"></humidex>
        <windchill description="Wind Chill">-9</windchill>
        <weather description="Weather">Snow</weather>
    </stationdata>
    <stationdata timetype="LST" day="24" hour="5" minute="0" month="1" year="1992">
        <temp description="Temperature" units="°C">-2.9</temp>
        <dptemp description="Dew Point Temperature" units="°C">-5.7</dptemp>
        <relhum description="Relative Humidity" units="%">81</relhum>
        <winddir description="Wind Direction" units="10s deg">24</winddir>
        <windspd description="Wind Speed" units="km/h">26</windspd>
        <visibility description="Visibility" units="km">6.4</visibility>
        <stnpress description="Station Pressure" units="kPa">96.81</stnpress>
        <humidex description="Humidex"></humidex>
        <windchill description="Wind Chill">-10</windchill>
        <weather description="Weather">Snow</weather>
    </stationdata>
    <stationdata timetype="LST" day="24" hour="6" minute="0" month="1" year="1992">
        <temp description="Temperature" units="°C">-3.2</temp>
        <dptemp description="Dew Point Temperature" units="°C">-4.2</dptemp>
        <relhum description="Relative Humidity" units="%">93</relhum>
        <winddir description="Wind Direction" units="10s deg">25</winddir>
        <windspd description="Wind Speed" units="km/h">31</windspd>
        <visibility description="Visibility" units="km">9.7</visibility>
        <stnpress description="Station Pressure" units="kPa">96.81</stnpress>
        <humidex description="Humidex"></humidex>
        <windchill description="Wind Chill">-11</windchill>
        <weather description="Weather">Snow</weather>
    </stationdata>
    <stationdata timetype="LST" day="24" hour="7" minute="0" month="1" year="1992">
        <temp description="Temperature" units="°C">-2.5</temp>
        <dptemp description="Dew Point Temperature" units="°C">-4.8</dptemp>
        <relhum description="Relative Humidity" units="%">84</relhum>
        <winddir description="Wind Direction" units="10s deg">27</winddir>
        <windspd description="Wind Speed" units="km/h">35</windspd>
        <visibility description="Visibility" units="km">24.1</visibility>
        <stnpress description="Station Pressure" units="kPa">96.88</stnpress>
        <humidex description="Humidex"></humidex>
        <windchill description="Wind Chill">-10</windchill>
        <weather description="Weather">Snow</weather>
    </stationdata>
    <stationdata timetype="LST" day="24" hour="8" minute="0" month="1" year="1992">
        <temp description="Temperature" units="°C">-3.2</temp>
        <dptemp description="Dew Point Temperature" units="°C">-6.0</dptemp>
        <relhum description="Relative Humidity" units="%">81</relhum>
        <winddir description="Wind Direction" units="10s deg">27</winddir>
        <windspd description="Wind Speed" units="km/h">33</windspd>
        <visibility description="Visibility" units="km">32.2</visibility>
        <stnpress description="Station Pressure" units="kPa">97.01</stnpress>
        <humidex description="Humidex"></humidex>
        <windchill description="Wind Chill">-11</windchill>
        <weather description="Weather">Cloudy</weather>
    </stationdata>
    <stationdata timetype="LST" day="24" hour="9" minute="0" month="1" year="1992">
        <temp description="Temperature" units="°C">-4.2</temp>
        <dptemp description="Dew Point Temperature" units="°C">-6.3</dptemp>
        <relhum description="Relative Humidity" units="%">86</relhum>
        <winddir description="Wind Direction" units="10s deg">32</winddir>
        <windspd description="Wind Speed" units="km/h">33</windspd>
        <visibility description="Visibility" units="km">2.8</visibility>
        <stnpress description="Station Pressure" units="kPa">97.21</stnpress>
        <humidex description="Humidex"></humidex>
        <windchill description="Wind Chill">-12</windchill>
        <weather description="Weather">Snow Showers</weather>
    </stationdata>
    <stationdata timetype="LST" day="24" hour="10" minute="0" month="1" year="1992">
        <temp description="Temperature" units="°C">-6.5</temp>
        <dptemp description="Dew Point Temperature" units="°C">-10.9</dptemp>
        <relhum description="Relative Humidity" units="%">71</relhum>
        <winddir description="Wind Direction" units="10s deg">34</winddir>
        <windspd description="Wind Speed" units="km/h">37</windspd>
        <visibility description="Visibility" units="km">19.3</visibility>
        <stnpress description="Station Pressure" units="kPa">97.44</stnpress>
        <humidex description="Humidex"></humidex>
        <windchill description="Wind Chill">-16</windchill>
        <weather description="Weather">Cloudy</weather>
    </stationdata>
    <stationdata timetype="LST" day="24" hour="11" minute="0" month="1" year="1992">
        <temp description="Temperature" units="°C">-7.6</temp>
        <dptemp description="Dew Point Temperature" units="°C">-11.8</dptemp>
        <relhum description="Relative Humidity" units="%">72</relhum>
        <winddir description="Wind Direction" units="10s deg">31</winddir>
        <windspd description="Wind Speed" units="km/h">33</windspd>
        <visibility description="Visibility" units="km">24.1</visibility>
        <stnpress description="Station Pressure" units="kPa">97.71</stnpress>
        <humidex description="Humidex"></humidex>
        <windchill description="Wind Chill">-17</windchill>
        <weather description="Weather">Cloudy</weather>
    </stationdata>
    <stationdata timetype="LST" day="24" hour="12" minute="0" month="1" year="1992">
        <temp description="Temperature" units="°C">-8.2</temp>
        <dptemp description="Dew Point Temperature" units="°C">-13.9</dptemp>
        <relhum description="Relative Humidity" units="%">64</relhum>
        <winddir description="Wind Direction" units="10s deg">32</winddir>
        <windspd description="Wind Speed" units="km/h">41</windspd>
        <visibility description="Visibility" units="km">32.2</visibility>
        <stnpress description="Station Pressure" units="kPa">97.84</stnpress>
        <humidex description="Humidex"></humidex>
        <windchill description="Wind Chill">-18</windchill>
        <weather description="Weather">Cloudy</weather>
    </stationdata>
    <stationdata timetype="LST" day="24" hour="13" minute="0" month="1" year="1992">
        <temp description="Temperature" units="°C">-8.5</temp>
        <dptemp description="Dew Point Temperature" units="°C">-13.6</dptemp>
        <relhum description="Relative Humidity" units="%">66</relhum>
        <winddir description="Wind Direction" units="10s deg">31</winddir>
        <windspd description="Wind Speed" units="km/h">44</windspd>
        <visibility description="Visibility" units="km">24.1</visibility>
        <stnpress description="Station Pressure" units="kPa">97.97</stnpress>
        <humidex description="Humidex"></humidex>
        <windchill description="Wind Chill">-19</windchill>
        <weather description="Weather">Mostly Cloudy</weather>
    </stationdata>
    <stationdata timetype="LST" day="24" hour="14" minute="0" month="1" year="1992">
        <temp description="Temperature" units="°C">-8.5</temp>
        <dptemp description="Dew Point Temperature" units="°C">-13.2</dptemp>
        <relhum description="Relative Humidity" units="%">69</relhum>
        <winddir description="Wind Direction" units="10s deg">32</winddir>
        <windspd description="Wind Speed" units="km/h">37</windspd>
        <visibility description="Visibility" units="km">24.1</visibility>
        <stnpress description="Station Pressure" units="kPa">98.14</stnpress>
        <humidex description="Humidex"></humidex>
        <windchill description="Wind Chill">-18</windchill>
        <weather description="Weather">Snow Showers</weather>
    </stationdata>
    <stationdata timetype="LST" day="24" hour="15" minute="0" month="1" year="1992">
        <temp description="Temperature" units="°C">-8.9</temp>
        <dptemp description="Dew Point Temperature" units="°C">-14.8</dptemp>
        <relhum description="Relative Humidity" units="%">62</relhum>
        <winddir description="Wind Direction" units="10s deg">30</winddir>
        <windspd description="Wind Speed" units="km/h">41</windspd>
        <visibility description="Visibility" units="km">32.2</visibility>
        <stnpress description="Station Pressure" units="kPa">98.37</stnpress>
        <humidex description="Humidex"></humidex>
        <windchill description="Wind Chill">-19</windchill>
        <weather description="Weather">Mainly Clear</weather>
    </stationdata>
    <stationdata timetype="LST" day="24" hour="16" minute="0" month="1" year="1992">
        <temp description="Temperature" units="°C">-9.1</temp>
        <dptemp description="Dew Point Temperature" units="°C">-13.8</dptemp>
        <relhum description="Relative Humidity" units="%">69</relhum>
        <winddir description="Wind Direction" units="10s deg">31</winddir>
        <windspd description="Wind Speed" units="km/h">44</windspd>
        <visibility description="Visibility" units="km">32.2</visibility>
        <stnpress description="Station Pressure" units="kPa">98.54</stnpress>
        <humidex description="Humidex"></humidex>
        <windchill description="Wind Chill">-20</windchill>
        <weather description="Weather">Mainly Clear</weather>
    </stationdata>
    <stationdata timetype="LST" day="24" hour="17" minute="0" month="1" year="1992">
        <temp description="Temperature" units="°C">-9.7</temp>
        <dptemp description="Dew Point Temperature" units="°C">-13.6</dptemp>
        <relhum description="Relative Humidity" units="%">73</relhum>
        <winddir description="Wind Direction" units="10s deg">31</winddir>
        <windspd description="Wind Speed" units="km/h">37</windspd>
        <visibility description="Visibility" units="km">24.1</visibility>
        <stnpress description="Station Pressure" units="kPa">98.74</stnpress>
        <humidex description="Humidex"></humidex>
        <windchill description="Wind Chill">-20</windchill>
        <weather description="Weather">Mainly Clear</weather>
    </stationdata>
    <stationdata timetype="LST" day="24" hour="18" minute="0" month="1" year="1992">
        <temp description="Temperature" units="°C">-11.0</temp>
        <dptemp description="Dew Point Temperature" units="°C">-16.1</dptemp>
        <relhum description="Relative Humidity" units="%">66</relhum>
        <winddir description="Wind Direction" units="10s deg">31</winddir>
        <windspd description="Wind Speed" units="km/h">37</windspd>
        <visibility description="Visibility" units="km">25.0</visibility>
        <stnpress description="Station Pressure" units="kPa">98.97</stnpress>
        <humidex description="Humidex"></humidex>
        <windchill description="Wind Chill">-22</windchill>
        <weather description="Weather">Clear</weather>
    </stationdata>
    <stationdata timetype="LST" day="24" hour="19" minute="0" month="1" year="1992">
        <temp description="Temperature" units="°C">-12.0</temp>
        <dptemp description="Dew Point Temperature" units="°C">-15.8</dptemp>
        <relhum description="Relative Humidity" units="%">73</relhum>
        <winddir description="Wind Direction" units="10s deg">31</winddir>
        <windspd description="Wind Speed" units="km/h">28</windspd>
        <visibility description="Visibility" units="km">25.0</visibility>
        <stnpress description="Station Pressure" units="kPa">99.14</stnpress>
        <humidex description="Humidex"></humidex>
        <windchill description="Wind Chill">-22</windchill>
        <weather description="Weather">Clear</weather>
    </stationdata>
    <stationdata timetype="LST" day="24" hour="20" minute="0" month="1" year="1992">
        <temp description="Temperature" units="°C">-12.3</temp>
        <dptemp description="Dew Point Temperature" units="°C">-16.4</dptemp>
        <relhum description="Relative Humidity" units="%">71</relhum>
        <winddir description="Wind Direction" units="10s deg">31</winddir>
        <windspd description="Wind Speed" units="km/h">26</windspd>
        <visibility description="Visibility" units="km">25.0</visibility>
        <stnpress description="Station Pressure" units="kPa">99.24</stnpress>
        <humidex description="Humidex"></humidex>
        <windchill description="Wind Chill">-22</windchill>
        <weather description="Weather">Clear</weather>
    </stationdata>
    <stationdata timetype="LST" day="24" hour="21" minute="0" month="1" year="1992">
        <temp description="Temperature" units="°C">-12.4</temp>
        <dptemp description="Dew Point Temperature" units="°C">-15.9</dptemp>
        <relhum description="Relative Humidity" units="%">75</relhum>
        <winddir description="Wind Direction" units="10s deg">30</winddir>
        <windspd description="Wind Speed" units="km/h">20</windspd>
        <visibility description="Visibility" units="km">25.0</visibility>
        <stnpress description="Station Pressure" units="kPa">99.34</stnpress>
        <humidex description="Humidex"></humidex>
        <windchill description="Wind Chill">-21</windchill>
        <weather description="Weather">Clear</weather>
    </stationdata>
    <stationdata timetype="LST" day="24" hour="22" minute="0" month="1" year="1992">
        <temp description="Temperature" units="°C">-12.8</temp>
        <dptemp description="Dew Point Temperature" units="°C">-16.5</dptemp>
        <relhum description="Relative Humidity" units="%">74</relhum>
        <winddir description="Wind Direction" units="10s deg">29</winddir>
        <windspd description="Wind Speed" units="km/h">22</windspd>
        <visibility description="Visibility" units="km">25.0</visibility>
        <stnpress description="Station Pressure" units="kPa">99.47</stnpress>
        <humidex description="Humidex"></humidex>
        <windchill description="Wind Chill">-22</windchill>
        <weather description="Weather">Clear</weather>
    </stationdata>
    <stationdata timetype="LST" day="24" hour="23" minute="0" month="1" year="1992">
        <temp description="Temperature" units="°C">-12.9</temp>
        <dptemp description="Dew Point Temperature" units="°C">-16.5</dptemp>
        <relhum description="Relative Humidity" units="%">74</relhum>
        <winddir description="Wind Direction" units="10s deg">29</winddir>
        <windspd description="Wind Speed" units="km/h">19</windspd>
        <visibility description="Visibility" units="km">25.0</visibility>
        <stnpress description="Station Pressure" units="kPa">99.51</stnpress>
        <humidex description="Humidex"></humidex>
        <windchill description="Wind Chill">-21</windchill>
        <weather description="Weather">Clear</weather>
    </stationdata>
    <stationdata timetype="LST" day="25" hour="0" minute="0" month="1" year="1992">
        <temp description="Temperature" units="°C">-12.7</temp>
        <dptemp description="Dew Point Temperature" units="°C">-15.9</dptemp>
        <relhum description="Relative Humidity" units="%">77</relhum>
        <winddir description="Wind Direction" units="10s deg">30</winddir>
        <windspd description="Wind Speed" units="km/h">19</windspd>
        <visibility description="Visibility" units="km">25.0</visibility>
        <stnpress description="Station Pressure" units="kPa">99.64</stnpress>
        <humidex description="Humidex"></humidex>
        <windchill description="Wind Chill">-21</windchill>
        <weather description="Weather">Mostly Cloudy</weather>
    </stationdata>
    <stationdata timetype="LST" day="25" hour="1" minute="0" month="1" year="1992">
        <temp description="Temperature" units="°C">-13.8</temp>
        <dptemp description="Dew Point Temperature" units="°C">-17.2</dptemp>
        <relhum description="Relative Humidity" units="%">75</relhum>
        <winddir description="Wind Direction" units="10s deg">1</winddir>
        <windspd description="Wind Speed" units="km/h">15</windspd>
        <visibility description="Visibility" units="km">25.0</visibility>
        <stnpress description="Station Pressure" units="kPa">99.77</stnpress>
        <humidex description="Humidex"></humidex>
        <windchill description="Wind Chill">-21</windchill>
        <weather description="Weather">Mostly Cloudy</weather>
    </stationdata>
    <stationdata timetype="LST" day="25" hour="2" minute="0" month="1" year="1992">
        <temp description="Temperature" units="°C">-16.7</temp>
        <dptemp description="Dew Point Temperature" units="°C">-19.0</dptemp>
        <relhum description="Relative Humidity" units="%">82</relhum>
        <winddir description="Wind Direction" units="10s deg">1</winddir>
        <windspd description="Wind Speed" units="km/h">17</windspd>
        <visibility description="Visibility" units="km">25.0</visibility>
        <stnpress description="Station Pressure" units="kPa">99.87</stnpress>
        <humidex description="Humidex"></humidex>
        <windchill description="Wind Chill">-26</windchill>
        <weather description="Weather">Mainly Clear</weather>
    </stationdata>
    <stationdata timetype="LST" day="25" hour="3" minute="0" month="1" year="1992">
        <temp description="Temperature" units="°C">-17.7</temp>
        <dptemp description="Dew Point Temperature" units="°C">-20.1</dptemp>
        <relhum description="Relative Humidity" units="%">82</relhum>
        <winddir description="Wind Direction" units="10s deg">1</winddir>
        <windspd description="Wind Speed" units="km/h">15</windspd>
        <visibility description="Visibility" units="km">25.0</visibility>
        <stnpress description="Station Pressure" units="kPa">99.97</stnpress>
        <humidex description="Humidex"></humidex>
        <windchill description="Wind Chill">-26</windchill>
        <weather description="Weather">Clear</weather>
    </stationdata>
    <stationdata timetype="LST" day="25" hour="4" minute="0" month="1" year="1992">
        <temp description="Temperature" units="°C">-18.8</temp>
        <dptemp description="Dew Point Temperature" units="°C">-21.9</dptemp>
        <relhum description="Relative Humidity" units="%">76</relhum>
        <winddir description="Wind Direction" units="10s deg">1</winddir>
        <windspd description="Wind Speed" units="km/h">19</windspd>
        <visibility description="Visibility" units="km">25.0</visibility>
        <stnpress description="Station Pressure" units="kPa">100.04</stnpress>
        <humidex description="Humidex"></humidex>
        <windchill description="Wind Chill">-29</windchill>
        <weather description="Weather">Clear</weather>
    </stationdata>
    <stationdata timetype="LST" day="25" hour="5" minute="0" month="1" year="1992">
        <temp description="Temperature" units="°C">-19.2</temp>
        <dptemp description="Dew Point Temperature" units="°C">-21.1</dptemp>
        <relhum description="Relative Humidity" units="%">85</relhum>
        <winddir description="Wind Direction" units="10s deg">1</winddir>
        <windspd description="Wind Speed" units="km/h">17</windspd>
        <visibility description="Visibility" units="km">25.0</visibility>
        <stnpress description="Station Pressure" units="kPa">100.07</stnpress>
        <humidex description="Humidex"></humidex>
        <windchill description="Wind Chill">-29</windchill>
        <weather description="Weather">Clear</weather>
    </stationdata>
    <stationdata timetype="LST" day="25" hour="6" minute="0" month="1" year="1992">
        <temp description="Temperature" units="°C">-20.2</temp>
        <dptemp description="Dew Point Temperature" units="°C">-22.2</dptemp>
        <relhum description="Relative Humidity" units="%">84</relhum>
        <winddir description="Wind Direction" units="10s deg">36</winddir>
        <windspd description="Wind Speed" units="km/h">13</windspd>
        <visibility description="Visibility" units="km">25.0</visibility>
        <stnpress description="Station Pressure" units="kPa">100.11</stnpress>
        <humidex description="Humidex"></humidex>
        <windchill description="Wind Chill">-29</windchill>
        <weather description="Weather">Mainly Clear</weather>
    </stationdata>
    <stationdata timetype="LST" day="25" hour="7" minute="0" month="1" year="1992">
        <temp description="Temperature" units="°C">-20.5</temp>
        <dptemp description="Dew Point Temperature" units="°C">-22.8</dptemp>
        <relhum description="Relative Humidity" units="%">82</relhum>
        <winddir description="Wind Direction" units="10s deg">36</winddir>
        <windspd description="Wind Speed" units="km/h">7</windspd>
        <visibility description="Visibility" units="km">25.0</visibility>
        <stnpress description="Station Pressure" units="kPa">100.17</stnpress>
        <humidex description="Humidex"></humidex>
        <windchill description="Wind Chill">-26</windchill>
        <weather description="Weather">Mainly Clear</weather>
    </stationdata>
    <stationdata timetype="LST" day="25" hour="8" minute="0" month="1" year="1992">
        <temp description="Temperature" units="°C">-20.8</temp>
        <dptemp description="Dew Point Temperature" units="°C">-23.3</dptemp>
        <relhum description="Relative Humidity" units="%">80</relhum>
        <winddir description="Wind Direction" units="10s deg">35</winddir>
        <windspd description="Wind Speed" units="km/h">7</windspd>
        <visibility description="Visibility" units="km">24.1</visibility>
        <stnpress description="Station Pressure" units="kPa">100.21</stnpress>
        <humidex description="Humidex"></humidex>
        <windchill description="Wind Chill">-27</windchill>
        <weather description="Weather">Mostly Cloudy</weather>
    </stationdata>
    <stationdata timetype="LST" day="25" hour="9" minute="0" month="1" year="1992">
        <temp description="Temperature" units="°C">-20.5</temp>
        <dptemp description="Dew Point Temperature" units="°C">-22.8</dptemp>
        <relhum description="Relative Humidity" units="%">82</relhum>
        <winddir description="Wind Direction" units="10s deg">1</winddir>
        <windspd description="Wind Speed" units="km/h">4</windspd>
        <visibility description="Visibility" units="km">24.1</visibility>
        <stnpress description="Station Pressure" units="kPa">100.24</stnpress>
        <humidex description="Humidex"></humidex>
        <windchill description="Wind Chill">-24</windchill>
        <weather description="Weather">Mostly Cloudy</weather>
    </stationdata>
    <stationdata timetype="LST" day="25" hour="10" minute="0" month="1" year="1992">
        <temp description="Temperature" units="°C">-19.8</temp>
        <dptemp description="Dew Point Temperature" units="°C">-22.2</dptemp>
        <relhum description="Relative Humidity" units="%">81</relhum>
        <winddir description="Wind Direction" units="10s deg"></winddir>
        <windspd description="Wind Speed" units="km/h">0</windspd>
        <visibility description="Visibility" units="km">24.1</visibility>
        <stnpress description="Station Pressure" units="kPa">100.27</stnpress>
        <humidex description="Humidex"></humidex>
        <windchill description="Wind Chill"></windchill>
        <weather description="Weather">Cloudy</weather>
    </stationdata>
    <stationdata timetype="LST" day="25" hour="11" minute="0" month="1" year="1992">
        <temp description="Temperature" units="°C">-17.5</temp>
        <dptemp description="Dew Point Temperature" units="°C">-20.8</dptemp>
        <relhum description="Relative Humidity" units="%">76</relhum>
        <winddir description="Wind Direction" units="10s deg"></winddir>
        <windspd description="Wind Speed" units="km/h">0</windspd>
        <visibility description="Visibility" units="km">19.3</visibility>
        <stnpress description="Station Pressure" units="kPa">100.27</stnpress>
        <humidex description="Humidex"></humidex>
        <windchill description="Wind Chill"></windchill>
        <weather description="Weather">Cloudy</weather>
    </stationdata>
    <stationdata timetype="LST" day="25" hour="12" minute="0" month="1" year="1992">
        <temp description="Temperature" units="°C">-15.2</temp>
        <dptemp description="Dew Point Temperature" units="°C">-19.0</dptemp>
        <relhum description="Relative Humidity" units="%">73</relhum>
        <winddir description="Wind Direction" units="10s deg"></winddir>
        <windspd description="Wind Speed" units="km/h">0</windspd>
        <visibility description="Visibility" units="km">16.1</visibility>
        <stnpress description="Station Pressure" units="kPa">100.17</stnpress>
        <humidex description="Humidex"></humidex>
        <windchill description="Wind Chill"></windchill>
        <weather description="Weather">Cloudy</weather>
    </stationdata>
    <stationdata timetype="LST" day="25" hour="13" minute="0" month="1" year="1992">
        <temp description="Temperature" units="°C">-13.8</temp>
        <dptemp description="Dew Point Temperature" units="°C">-17.8</dptemp>
        <relhum description="Relative Humidity" units="%">72</relhum>
        <winddir description="Wind Direction" units="10s deg"></winddir>
        <windspd description="Wind Speed" units="km/h">0</windspd>
        <visibility description="Visibility" units="km">16.1</visibility>
        <stnpress description="Station Pressure" units="kPa">100.07</stnpress>
        <humidex description="Humidex"></humidex>
        <windchill description="Wind Chill"></windchill>
        <weather description="Weather">Cloudy</weather>
    </stationdata>
    <stationdata timetype="LST" day="25" hour="14" minute="0" month="1" year="1992">
        <temp description="Temperature" units="°C">-12.9</temp>
        <dptemp description="Dew Point Temperature" units="°C">-17.6</dptemp>
        <relhum description="Relative Humidity" units="%">68</relhum>
        <winddir description="Wind Direction" units="10s deg"></winddir>
        <windspd description="Wind Speed" units="km/h">0</windspd>
        <visibility description="Visibility" units="km">12.9</visibility>
        <stnpress description="Station Pressure" units="kPa">99.97</stnpress>
        <humidex description="Humidex"></humidex>
        <windchill description="Wind Chill"></windchill>
        <weather description="Weather">Cloudy</weather>
    </stationdata>
    <stationdata timetype="LST" day="25" hour="15" minute="0" month="1" year="1992">
        <temp description="Temperature" units="°C">-11.6</temp>
        <dptemp description="Dew Point Temperature" units="°C">-16.2</dptemp>
        <relhum description="Relative Humidity" units="%">69</relhum>
        <winddir description="Wind Direction" units="10s deg">3</winddir>
        <windspd description="Wind Speed" units="km/h">7</windspd>
        <visibility description="Visibility" units="km">12.9</visibility>
        <stnpress description="Station Pressure" units="kPa">99.94</stnpress>
        <humidex description="Humidex"></humidex>
        <windchill description="Wind Chill">-16</windchill>
        <weather description="Weather">Cloudy</weather>
    </stationdata>
    <stationdata timetype="LST" day="25" hour="16" minute="0" month="1" year="1992">
        <temp description="Temperature" units="°C">-11.5</temp>
        <dptemp description="Dew Point Temperature" units="°C">-15.2</dptemp>
        <relhum description="Relative Humidity" units="%">74</relhum>
        <winddir description="Wind Direction" units="10s deg">7</winddir>
        <windspd description="Wind Speed" units="km/h">7</windspd>
        <visibility description="Visibility" units="km">19.3</visibility>
        <stnpress description="Station Pressure" units="kPa">99.91</stnpress>
        <humidex description="Humidex"></humidex>
        <windchill description="Wind Chill">-16</windchill>
        <weather description="Weather">Cloudy</weather>
    </stationdata>
    <stationdata timetype="LST" day="25" hour="17" minute="0" month="1" year="1992">
        <temp description="Temperature" units="°C">-11.8</temp>
        <dptemp description="Dew Point Temperature" units="°C">-16.9</dptemp>
        <relhum description="Relative Humidity" units="%">66</relhum>
        <winddir description="Wind Direction" units="10s deg">11</winddir>
        <windspd description="Wind Speed" units="km/h">4</windspd>
        <visibility description="Visibility" units="km">19.3</visibility>
        <stnpress description="Station Pressure" units="kPa">99.91</stnpress>
        <humidex description="Humidex"></humidex>
        <windchill description="Wind Chill">-14</windchill>
        <weather description="Weather">Cloudy</weather>
    </stationdata>
    <stationdata timetype="LST" day="25" hour="18" minute="0" month="1" year="1992">
        <temp description="Temperature" units="°C">-11.9</temp>
        <dptemp description="Dew Point Temperature" units="°C">-16.3</dptemp>
        <relhum description="Relative Humidity" units="%">70</relhum>
        <winddir description="Wind Direction" units="10s deg"></winddir>
        <windspd description="Wind Speed" units="km/h">0</windspd>
        <visibility description="Visibility" units="km">19.3</visibility>
        <stnpress description="Station Pressure" units="kPa">99.94</stnpress>
        <humidex description="Humidex"></humidex>
        <windchill description="Wind Chill"></windchill>
        <weather description="Weather">Cloudy</weather>
    </stationdata>
    <stationdata timetype="LST" day="25" hour="19" minute="0" month="1" year="1992">
        <temp description="Temperature" units="°C">-11.8</temp>
        <dptemp description="Dew Point Temperature" units="°C">-17.4</dptemp>
        <relhum description="Relative Humidity" units="%">63</relhum>
        <winddir description="Wind Direction" units="10s deg">3</winddir>
        <windspd description="Wind Speed" units="km/h">7</windspd>
        <visibility description="Visibility" units="km">19.3</visibility>
        <stnpress description="Station Pressure" units="kPa">100.01</stnpress>
        <humidex description="Humidex"></humidex>
        <windchill description="Wind Chill">-16</windchill>
        <weather description="Weather">Cloudy</weather>
    </stationdata>
    <stationdata timetype="LST" day="25" hour="20" minute="0" month="1" year="1992">
        <temp description="Temperature" units="°C">-11.7</temp>
        <dptemp description="Dew Point Temperature" units="°C">-15.7</dptemp>
        <relhum description="Relative Humidity" units="%">72</relhum>
        <winddir description="Wind Direction" units="10s deg">2</winddir>
        <windspd description="Wind Speed" units="km/h">7</windspd>
        <visibility description="Visibility" units="km">19.3</visibility>
        <stnpress description="Station Pressure" units="kPa">100.07</stnpress>
        <humidex description="Humidex"></humidex>
        <windchill description="Wind Chill">-16</windchill>
        <weather description="Weather">Cloudy</weather>
    </stationdata>
    <stationdata timetype="LST" day="25" hour="21" minute="0" month="1" year="1992">
        <temp description="Temperature" units="°C">-11.9</temp>
        <dptemp description="Dew Point Temperature" units="°C">-16.3</dptemp>
        <relhum description="Relative Humidity" units="%">70</relhum>
        <winddir description="Wind Direction" units="10s deg"></winddir>
        <windspd description="Wind Speed" units="km/h">0</windspd>
        <visibility description="Visibility" units="km">19.3</visibility>
        <stnpress description="Station Pressure" units="kPa">100.07</stnpress>
        <humidex description="Humidex"></humidex>
        <windchill description="Wind Chill"></windchill>
        <weather description="Weather">Cloudy</weather>
    </stationdata>
    <stationdata timetype="LST" day="25" hour="22" minute="0" month="1" year="1992">
        <temp description="Temperature" units="°C">-11.7</temp>
        <dptemp description="Dew Point Temperature" units="°C">-16.7</dptemp>
        <relhum description="Relative Humidity" units="%">66</relhum>
        <winddir description="Wind Direction" units="10s deg"></winddir>
        <windspd description="Wind Speed" units="km/h">0</windspd>
        <visibility description="Visibility" units="km">19.3</visibility>
        <stnpress description="Station Pressure" units="kPa">100.07</stnpress>
        <humidex description="Humidex"></humidex>
        <windchill description="Wind Chill"></windchill>
        <weather description="Weather">Cloudy</weather>
    </stationdata>
    <stationdata timetype="LST" day="25" hour="23" minute="0" month="1" year="1992">
        <temp description="Temperature" units="°C">-11.8</temp>
        <dptemp description="Dew Point Temperature" units="°C">-15.8</dptemp>
        <relhum description="Relative Humidity" units="%">72</relhum>
        <winddir description="Wind Direction" units="10s deg"></winddir>
        <windspd description="Wind Speed" units="km/h">0</windspd>
        <visibility description="Visibility" units="km">19.3</visibility>
        <stnpress description="Station Pressure" units="kPa">100.07</stnpress>
        <humidex description="Humidex"></humidex>
        <windchill description="Wind Chill"></windchill>
        <weather description="Weather">Snow Showers</weather>
    </stationdata>
    <stationdata timetype="LST" day="26" hour="0" minute="0" month="1" year="1992">
        <temp description="Temperature" units="°C">-12.2</temp>
        <dptemp description="Dew Point Temperature" units="°C">-14.8</dptemp>
        <relhum description="Relative Humidity" units="%">81</relhum>
        <winddir description="Wind Direction" units="10s deg"></winddir>
        <windspd description="Wind Speed" units="km/h">0</windspd>
        <visibility description="Visibility" units="km">19.3</visibility>
        <stnpress description="Station Pressure" units="kPa">100.07</stnpress>
        <humidex description="Humidex"></humidex>
        <windchill description="Wind Chill"></windchill>
        <weather description="Weather">Snow</weather>
    </stationdata>
    <stationdata timetype="LST" day="26" hour="1" minute="0" month="1" year="1992">
        <temp description="Temperature" units="°C">-12.6</temp>
        <dptemp description="Dew Point Temperature" units="°C">-14.0</dptemp>
        <relhum description="Relative Humidity" units="%">89</relhum>
        <winddir description="Wind Direction" units="10s deg"></winddir>
        <windspd description="Wind Speed" units="km/h">0</windspd>
        <visibility description="Visibility" units="km">16.1</visibility>
        <stnpress description="Station Pressure" units="kPa">100.07</stnpress>
        <humidex description="Humidex"></humidex>
        <windchill description="Wind Chill"></windchill>
        <weather description="Weather">Snow</weather>
    </stationdata>
    <stationdata timetype="LST" day="26" hour="2" minute="0" month="1" year="1992">
        <temp description="Temperature" units="°C">-12.8</temp>
        <dptemp description="Dew Point Temperature" units="°C">-15.5</dptemp>
        <relhum description="Relative Humidity" units="%">80</relhum>
        <winddir description="Wind Direction" units="10s deg"></winddir>
        <windspd description="Wind Speed" units="km/h">0</windspd>
        <visibility description="Visibility" units="km">19.3</visibility>
        <stnpress description="Station Pressure" units="kPa">100.11</stnpress>
        <humidex description="Humidex"></humidex>
        <windchill description="Wind Chill"></windchill>
        <weather description="Weather">Mostly Cloudy</weather>
    </stationdata>
    <stationdata timetype="LST" day="26" hour="3" minute="0" month="1" year="1992">
        <temp description="Temperature" units="°C">-12.6</temp>
        <dptemp description="Dew Point Temperature" units="°C">-14.9</dptemp>
        <relhum description="Relative Humidity" units="%">83</relhum>
        <winddir description="Wind Direction" units="10s deg">26</winddir>
        <windspd description="Wind Speed" units="km/h">7</windspd>
        <visibility description="Visibility" units="km">19.3</visibility>
        <stnpress description="Station Pressure" units="kPa">100.17</stnpress>
        <humidex description="Humidex"></humidex>
        <windchill description="Wind Chill">-17</windchill>
        <weather description="Weather">Mostly Cloudy</weather>
    </stationdata>
    <stationdata timetype="LST" day="26" hour="4" minute="0" month="1" year="1992">
        <temp description="Temperature" units="°C">-12.1</temp>
        <dptemp description="Dew Point Temperature" units="°C">-14.3</dptemp>
        <relhum description="Relative Humidity" units="%">84</relhum>
        <winddir description="Wind Direction" units="10s deg"></winddir>
        <windspd description="Wind Speed" units="km/h">0</windspd>
        <visibility description="Visibility" units="km">19.3</visibility>
        <stnpress description="Station Pressure" units="kPa">100.17</stnpress>
        <humidex description="Humidex"></humidex>
        <windchill description="Wind Chill"></windchill>
        <weather description="Weather">Mostly Cloudy</weather>
    </stationdata>
    <stationdata timetype="LST" day="26" hour="5" minute="0" month="1" year="1992">
        <temp description="Temperature" units="°C">-12.7</temp>
        <dptemp description="Dew Point Temperature" units="°C">-14.5</dptemp>
        <relhum description="Relative Humidity" units="%">86</relhum>
        <winddir description="Wind Direction" units="10s deg"></winddir>
        <windspd description="Wind Speed" units="km/h">0</windspd>
        <visibility description="Visibility" units="km">19.3</visibility>
        <stnpress description="Station Pressure" units="kPa">100.21</stnpress>
        <humidex description="Humidex"></humidex>
        <windchill description="Wind Chill"></windchill>
        <weather description="Weather">Mainly Clear</weather>
    </stationdata>
    <stationdata timetype="LST" day="26" hour="6" minute="0" month="1" year="1992">
        <temp description="Temperature" units="°C">-12.7</temp>
        <dptemp description="Dew Point Temperature" units="°C">-14.5</dptemp>
        <relhum description="Relative Humidity" units="%">86</relhum>
        <winddir description="Wind Direction" units="10s deg">30</winddir>
        <windspd description="Wind Speed" units="km/h">7</windspd>
        <visibility description="Visibility" units="km">24.1</visibility>
        <stnpress description="Station Pressure" units="kPa">100.27</stnpress>
        <humidex description="Humidex"></humidex>
        <windchill description="Wind Chill">-17</windchill>
        <weather description="Weather">Clear</weather>
    </stationdata>
    <stationdata timetype="LST" day="26" hour="7" minute="0" month="1" year="1992">
        <temp description="Temperature" units="°C">-12.1</temp>
        <dptemp description="Dew Point Temperature" units="°C">-14.3</dptemp>
        <relhum description="Relative Humidity" units="%">84</relhum>
        <winddir description="Wind Direction" units="10s deg">27</winddir>
        <windspd description="Wind Speed" units="km/h">11</windspd>
        <visibility description="Visibility" units="km">24.1</visibility>
        <stnpress description="Station Pressure" units="kPa">100.37</stnpress>
        <humidex description="Humidex"></humidex>
        <windchill description="Wind Chill">-18</windchill>
        <weather description="Weather">Clear</weather>
    </stationdata>
    <stationdata timetype="LST" day="26" hour="8" minute="0" month="1" year="1992">
        <temp description="Temperature" units="°C">-11.7</temp>
        <dptemp description="Dew Point Temperature" units="°C">-13.8</dptemp>
        <relhum description="Relative Humidity" units="%">85</relhum>
        <winddir description="Wind Direction" units="10s deg">26</winddir>
        <windspd description="Wind Speed" units="km/h">17</windspd>
        <visibility description="Visibility" units="km">24.1</visibility>
        <stnpress description="Station Pressure" units="kPa">100.47</stnpress>
        <humidex description="Humidex"></humidex>
        <windchill description="Wind Chill">-19</windchill>
        <weather description="Weather">Clear</weather>
    </stationdata>
    <stationdata timetype="LST" day="26" hour="9" minute="0" month="1" year="1992">
        <temp description="Temperature" units="°C">-10.7</temp>
        <dptemp description="Dew Point Temperature" units="°C">-12.6</dptemp>
        <relhum description="Relative Humidity" units="%">86</relhum>
        <winddir description="Wind Direction" units="10s deg">28</winddir>
        <windspd description="Wind Speed" units="km/h">11</windspd>
        <visibility description="Visibility" units="km">19.3</visibility>
        <stnpress description="Station Pressure" units="kPa">100.61</stnpress>
        <humidex description="Humidex"></humidex>
        <windchill description="Wind Chill">-16</windchill>
        <weather description="Weather">Clear</weather>
    </stationdata>
    <stationdata timetype="LST" day="26" hour="10" minute="0" month="1" year="1992">
        <temp description="Temperature" units="°C">-8.7</temp>
        <dptemp description="Dew Point Temperature" units="°C">-11.1</dptemp>
        <relhum description="Relative Humidity" units="%">83</relhum>
        <winddir description="Wind Direction" units="10s deg">34</winddir>
        <windspd description="Wind Speed" units="km/h">15</windspd>
        <visibility description="Visibility" units="km">19.3</visibility>
        <stnpress description="Station Pressure" units="kPa">100.71</stnpress>
        <humidex description="Humidex"></humidex>
        <windchill description="Wind Chill">-15</windchill>
        <weather description="Weather">Clear</weather>
    </stationdata>
    <stationdata timetype="LST" day="26" hour="11" minute="0" month="1" year="1992">
        <temp description="Temperature" units="°C">-8.1</temp>
        <dptemp description="Dew Point Temperature" units="°C">-11.2</dptemp>
        <relhum description="Relative Humidity" units="%">78</relhum>
        <winddir description="Wind Direction" units="10s deg">33</winddir>
        <windspd description="Wind Speed" units="km/h">11</windspd>
        <visibility description="Visibility" units="km">24.1</visibility>
        <stnpress description="Station Pressure" units="kPa">100.77</stnpress>
        <humidex description="Humidex"></humidex>
        <windchill description="Wind Chill">-13</windchill>
        <weather description="Weather">Mainly Clear</weather>
    </stationdata>
    <stationdata timetype="LST" day="26" hour="12" minute="0" month="1" year="1992">
        <temp description="Temperature" units="°C">-7.5</temp>
        <dptemp description="Dew Point Temperature" units="°C">-11.0</dptemp>
        <relhum description="Relative Humidity" units="%">76</relhum>
        <winddir description="Wind Direction" units="10s deg">36</winddir>
        <windspd description="Wind Speed" units="km/h">11</windspd>
        <visibility description="Visibility" units="km">24.1</visibility>
        <stnpress description="Station Pressure" units="kPa">100.77</stnpress>
        <humidex description="Humidex"></humidex>
        <windchill description="Wind Chill">-13</windchill>
        <weather description="Weather">Mainly Clear</weather>
    </stationdata>
    <stationdata timetype="LST" day="26" hour="13" minute="0" month="1" year="1992">
        <temp description="Temperature" units="°C">-7.0</temp>
        <dptemp description="Dew Point Temperature" units="°C">-12.0</dptemp>
        <relhum description="Relative Humidity" units="%">67</relhum>
        <winddir description="Wind Direction" units="10s deg">36</winddir>
        <windspd description="Wind Speed" units="km/h">17</windspd>
        <visibility description="Visibility" units="km">24.1</visibility>
        <stnpress description="Station Pressure" units="kPa">100.74</stnpress>
        <humidex description="Humidex"></humidex>
        <windchill description="Wind Chill">-13</windchill>
        <weather description="Weather">Mainly Clear</weather>
    </stationdata>
    <stationdata timetype="LST" day="26" hour="14" minute="0" month="1" year="1992">
        <temp description="Temperature" units="°C">-7.1</temp>
        <dptemp description="Dew Point Temperature" units="°C">-11.2</dptemp>
        <relhum description="Relative Humidity" units="%">72</relhum>
        <winddir description="Wind Direction" units="10s deg">36</winddir>
        <windspd description="Wind Speed" units="km/h">9</windspd>
        <visibility description="Visibility" units="km">24.1</visibility>
        <stnpress description="Station Pressure" units="kPa">100.71</stnpress>
        <humidex description="Humidex"></humidex>
        <windchill description="Wind Chill">-11</windchill>
        <weather description="Weather">Mainly Clear</weather>
    </stationdata>
    <stationdata timetype="LST" day="26" hour="15" minute="0" month="1" year="1992">
        <temp description="Temperature" units="°C">-7.1</temp>
        <dptemp description="Dew Point Temperature" units="°C">-11.6</dptemp>
        <relhum description="Relative Humidity" units="%">70</relhum>
        <winddir description="Wind Direction" units="10s deg">34</winddir>
        <windspd description="Wind Speed" units="km/h">4</windspd>
        <visibility description="Visibility" units="km">24.1</visibility>
        <stnpress description="Station Pressure" units="kPa">100.81</stnpress>
        <humidex description="Humidex"></humidex>
        <windchill description="Wind Chill">-9</windchill>
        <weather description="Weather">Mainly Clear</weather>
    </stationdata>
    <stationdata timetype="LST" day="26" hour="16" minute="0" month="1" year="1992">
        <temp description="Temperature" units="°C">-7.4</temp>
        <dptemp description="Dew Point Temperature" units="°C">-10.6</dptemp>
        <relhum description="Relative Humidity" units="%">78</relhum>
        <winddir description="Wind Direction" units="10s deg">36</winddir>
        <windspd description="Wind Speed" units="km/h">4</windspd>
        <visibility description="Visibility" units="km">24.1</visibility>
        <stnpress description="Station Pressure" units="kPa">100.81</stnpress>
        <humidex description="Humidex"></humidex>
        <windchill description="Wind Chill">-9</windchill>
        <weather description="Weather">Mainly Clear</weather>
    </stationdata>
    <stationdata timetype="LST" day="26" hour="17" minute="0" month="1" year="1992">
        <temp description="Temperature" units="°C">-8.0</temp>
        <dptemp description="Dew Point Temperature" units="°C">-12.1</dptemp>
        <relhum description="Relative Humidity" units="%">72</relhum>
        <winddir description="Wind Direction" units="10s deg">34</winddir>
        <windspd description="Wind Speed" units="km/h">4</windspd>
        <visibility description="Visibility" units="km">24.1</visibility>
        <stnpress description="Station Pressure" units="kPa">100.87</stnpress>
        <humidex description="Humidex"></humidex>
        <windchill description="Wind Chill">-10</windchill>
        <weather description="Weather">Mostly Cloudy</weather>
    </stationdata>
    <stationdata timetype="LST" day="26" hour="18" minute="0" month="1" year="1992">
        <temp description="Temperature" units="°C">-8.2</temp>
        <dptemp description="Dew Point Temperature" units="°C">-11.6</dptemp>
        <relhum description="Relative Humidity" units="%">76</relhum>
        <winddir description="Wind Direction" units="10s deg"></winddir>
        <windspd description="Wind Speed" units="km/h">0</windspd>
        <visibility description="Visibility" units="km">24.1</visibility>
        <stnpress description="Station Pressure" units="kPa">100.97</stnpress>
        <humidex description="Humidex"></humidex>
        <windchill description="Wind Chill"></windchill>
        <weather description="Weather">Mostly Cloudy</weather>
    </stationdata>
    <stationdata timetype="LST" day="26" hour="19" minute="0" month="1" year="1992">
        <temp description="Temperature" units="°C">-8.7</temp>
        <dptemp description="Dew Point Temperature" units="°C">-11.5</dptemp>
        <relhum description="Relative Humidity" units="%">80</relhum>
        <winddir description="Wind Direction" units="10s deg"></winddir>
        <windspd description="Wind Speed" units="km/h">0</windspd>
        <visibility description="Visibility" units="km">19.3</visibility>
        <stnpress description="Station Pressure" units="kPa">100.97</stnpress>
        <humidex description="Humidex"></humidex>
        <windchill description="Wind Chill"></windchill>
        <weather description="Weather">Mostly Cloudy</weather>
    </stationdata>
    <stationdata timetype="LST" day="26" hour="20" minute="0" month="1" year="1992">
        <temp description="Temperature" units="°C">-8.7</temp>
        <dptemp description="Dew Point Temperature" units="°C">-12.3</dptemp>
        <relhum description="Relative Humidity" units="%">75</relhum>
        <winddir description="Wind Direction" units="10s deg"></winddir>
        <windspd description="Wind Speed" units="km/h">0</windspd>
        <visibility description="Visibility" units="km">19.3</visibility>
        <stnpress description="Station Pressure" units="kPa">100.97</stnpress>
        <humidex description="Humidex"></humidex>
        <windchill description="Wind Chill"></windchill>
        <weather description="Weather">Mostly Cloudy</weather>
    </stationdata>
    <stationdata timetype="LST" day="26" hour="21" minute="0" month="1" year="1992">
        <temp description="Temperature" units="°C">-9.0</temp>
        <dptemp description="Dew Point Temperature" units="°C">-12.1</dptemp>
        <relhum description="Relative Humidity" units="%">78</relhum>
        <winddir description="Wind Direction" units="10s deg"></winddir>
        <windspd description="Wind Speed" units="km/h">0</windspd>
        <visibility description="Visibility" units="km">9.7</visibility>
        <stnpress description="Station Pressure" units="kPa">100.97</stnpress>
        <humidex description="Humidex"></humidex>
        <windchill description="Wind Chill"></windchill>
        <weather description="Weather">Snow Showers</weather>
    </stationdata>
    <stationdata timetype="LST" day="26" hour="22" minute="0" month="1" year="1992">
        <temp description="Temperature" units="°C">-9.5</temp>
        <dptemp description="Dew Point Temperature" units="°C">-11.8</dptemp>
        <relhum description="Relative Humidity" units="%">83</relhum>
        <winddir description="Wind Direction" units="10s deg"></winddir>
        <windspd description="Wind Speed" units="km/h">0</windspd>
        <visibility description="Visibility" units="km">19.3</visibility>
        <stnpress description="Station Pressure" units="kPa">100.97</stnpress>
        <humidex description="Humidex"></humidex>
        <windchill description="Wind Chill"></windchill>
        <weather description="Weather">Mainly Clear</weather>
    </stationdata>
    <stationdata timetype="LST" day="26" hour="23" minute="0" month="1" year="1992">
        <temp description="Temperature" units="°C">-9.1</temp>
        <dptemp description="Dew Point Temperature" units="°C">-11.3</dptemp>
        <relhum description="Relative Humidity" units="%">84</relhum>
        <winddir description="Wind Direction" units="10s deg"></winddir>
        <windspd description="Wind Speed" units="km/h">0</windspd>
        <visibility description="Visibility" units="km">12.9</visibility>
        <stnpress description="Station Pressure" units="kPa">100.97</stnpress>
        <humidex description="Humidex"></humidex>
        <windchill description="Wind Chill"></windchill>
        <weather description="Weather">Mostly Cloudy</weather>
    </stationdata>
    <stationdata timetype="LST" day="27" hour="0" minute="0" month="1" year="1992">
        <temp description="Temperature" units="°C">-9.0</temp>
        <dptemp description="Dew Point Temperature" units="°C">-11.3</dptemp>
        <relhum description="Relative Humidity" units="%">83</relhum>
        <winddir description="Wind Direction" units="10s deg"></winddir>
        <windspd description="Wind Speed" units="km/h">0</windspd>
        <visibility description="Visibility" units="km">16.1</visibility>
        <stnpress description="Station Pressure" units="kPa">100.97</stnpress>
        <humidex description="Humidex"></humidex>
        <windchill description="Wind Chill"></windchill>
        <weather description="Weather">Snow Showers</weather>
    </stationdata>
    <stationdata timetype="LST" day="27" hour="1" minute="0" month="1" year="1992">
        <temp description="Temperature" units="°C">-10.0</temp>
        <dptemp description="Dew Point Temperature" units="°C">-11.6</dptemp>
        <relhum description="Relative Humidity" units="%">88</relhum>
        <winddir description="Wind Direction" units="10s deg"></winddir>
        <windspd description="Wind Speed" units="km/h">0</windspd>
        <visibility description="Visibility" units="km">12.9</visibility>
        <stnpress description="Station Pressure" units="kPa">100.91</stnpress>
        <humidex description="Humidex"></humidex>
        <windchill description="Wind Chill"></windchill>
        <weather description="Weather">Mainly Clear</weather>
    </stationdata>
    <stationdata timetype="LST" day="27" hour="2" minute="0" month="1" year="1992">
        <temp description="Temperature" units="°C">-9.4</temp>
        <dptemp description="Dew Point Temperature" units="°C">-11.1</dptemp>
        <relhum description="Relative Humidity" units="%">87</relhum>
        <winddir description="Wind Direction" units="10s deg"></winddir>
        <windspd description="Wind Speed" units="km/h">0</windspd>
        <visibility description="Visibility" units="km">12.9</visibility>
        <stnpress description="Station Pressure" units="kPa">100.84</stnpress>
        <humidex description="Humidex"></humidex>
        <windchill description="Wind Chill"></windchill>
        <weather description="Weather">Snow Showers</weather>
    </stationdata>
    <stationdata timetype="LST" day="27" hour="3" minute="0" month="1" year="1992">
        <temp description="Temperature" units="°C">-7.4</temp>
        <dptemp description="Dew Point Temperature" units="°C">-9.1</dptemp>
        <relhum description="Relative Humidity" units="%">87</relhum>
        <winddir description="Wind Direction" units="10s deg"></winddir>
        <windspd description="Wind Speed" units="km/h">0</windspd>
        <visibility description="Visibility" units="km">4.0</visibility>
        <stnpress description="Station Pressure" units="kPa">100.77</stnpress>
        <humidex description="Humidex"></humidex>
        <windchill description="Wind Chill"></windchill>
        <weather description="Weather">Snow Showers</weather>
    </stationdata>
    <stationdata timetype="LST" day="27" hour="4" minute="0" month="1" year="1992">
        <temp description="Temperature" units="°C">-7.0</temp>
        <dptemp description="Dew Point Temperature" units="°C">-8.2</dptemp>
        <relhum description="Relative Humidity" units="%">91</relhum>
        <winddir description="Wind Direction" units="10s deg"></winddir>
        <windspd description="Wind Speed" units="km/h">0</windspd>
        <visibility description="Visibility" units="km">8.0</visibility>
        <stnpress description="Station Pressure" units="kPa">100.77</stnpress>
        <humidex description="Humidex"></humidex>
        <windchill description="Wind Chill"></windchill>
        <weather description="Weather">Snow</weather>
    </stationdata>
    <stationdata timetype="LST" day="27" hour="5" minute="0" month="1" year="1992">
        <temp description="Temperature" units="°C">-6.3</temp>
        <dptemp description="Dew Point Temperature" units="°C">-8.0</dptemp>
        <relhum description="Relative Humidity" units="%">88</relhum>
        <winddir description="Wind Direction" units="10s deg">9</winddir>
        <windspd description="Wind Speed" units="km/h">6</windspd>
        <visibility description="Visibility" units="km">12.9</visibility>
        <stnpress description="Station Pressure" units="kPa">100.67</stnpress>
        <humidex description="Humidex"></humidex>
        <windchill description="Wind Chill">-9</windchill>
        <weather description="Weather">Snow</weather>
    </stationdata>
    <stationdata timetype="LST" day="27" hour="6" minute="0" month="1" year="1992">
        <temp description="Temperature" units="°C">-6.2</temp>
        <dptemp description="Dew Point Temperature" units="°C">-7.1</dptemp>
        <relhum description="Relative Humidity" units="%">93</relhum>
        <winddir description="Wind Direction" units="10s deg">8</winddir>
        <windspd description="Wind Speed" units="km/h">4</windspd>
        <visibility description="Visibility" units="km">16.1</visibility>
        <stnpress description="Station Pressure" units="kPa">100.61</stnpress>
        <humidex description="Humidex"></humidex>
        <windchill description="Wind Chill">-8</windchill>
        <weather description="Weather">Cloudy</weather>
    </stationdata>
    <stationdata timetype="LST" day="27" hour="7" minute="0" month="1" year="1992">
        <temp description="Temperature" units="°C">-6.1</temp>
        <dptemp description="Dew Point Temperature" units="°C">-7.4</dptemp>
        <relhum description="Relative Humidity" units="%">91</relhum>
        <winddir description="Wind Direction" units="10s deg">11</winddir>
        <windspd description="Wind Speed" units="km/h">6</windspd>
        <visibility description="Visibility" units="km">16.1</visibility>
        <stnpress description="Station Pressure" units="kPa">100.57</stnpress>
        <humidex description="Humidex"></humidex>
        <windchill description="Wind Chill">-9</windchill>
        <weather description="Weather">Mostly Cloudy</weather>
    </stationdata>
    <stationdata timetype="LST" day="27" hour="8" minute="0" month="1" year="1992">
        <temp description="Temperature" units="°C">-5.0</temp>
        <dptemp description="Dew Point Temperature" units="°C">-6.9</dptemp>
        <relhum description="Relative Humidity" units="%">87</relhum>
        <winddir description="Wind Direction" units="10s deg">10</winddir>
        <windspd description="Wind Speed" units="km/h">7</windspd>
        <visibility description="Visibility" units="km">12.9</visibility>
        <stnpress description="Station Pressure" units="kPa">100.57</stnpress>
        <humidex description="Humidex"></humidex>
        <windchill description="Wind Chill">-8</windchill>
        <weather description="Weather">Cloudy</weather>
    </stationdata>
    <stationdata timetype="LST" day="27" hour="9" minute="0" month="1" year="1992">
        <temp description="Temperature" units="°C">-3.7</temp>
        <dptemp description="Dew Point Temperature" units="°C">-5.7</dptemp>
        <relhum description="Relative Humidity" units="%">86</relhum>
        <winddir description="Wind Direction" units="10s deg"></winddir>
        <windspd description="Wind Speed" units="km/h">0</windspd>
        <visibility description="Visibility" units="km">12.9</visibility>
        <stnpress description="Station Pressure" units="kPa">100.54</stnpress>
        <humidex description="Humidex"></humidex>
        <windchill description="Wind Chill"></windchill>
        <weather description="Weather">Cloudy</weather>
    </stationdata>
    <stationdata timetype="LST" day="27" hour="10" minute="0" month="1" year="1992">
        <temp description="Temperature" units="°C">-2.5</temp>
        <dptemp description="Dew Point Temperature" units="°C">-5.1</dptemp>
        <relhum description="Relative Humidity" units="%">82</relhum>
        <winddir description="Wind Direction" units="10s deg">17</winddir>
        <windspd description="Wind Speed" units="km/h">11</windspd>
        <visibility description="Visibility" units="km">16.1</visibility>
        <stnpress description="Station Pressure" units="kPa">100.51</stnpress>
        <humidex description="Humidex"></humidex>
        <windchill description="Wind Chill">-7</windchill>
        <weather description="Weather">Mostly Cloudy</weather>
    </stationdata>
    <stationdata timetype="LST" day="27" hour="11" minute="0" month="1" year="1992">
        <temp description="Temperature" units="°C">-2.2</temp>
        <dptemp description="Dew Point Temperature" units="°C">-4.8</dptemp>
        <relhum description="Relative Humidity" units="%">83</relhum>
        <winddir description="Wind Direction" units="10s deg">16</winddir>
        <windspd description="Wind Speed" units="km/h">19</windspd>
        <visibility description="Visibility" units="km">16.1</visibility>
        <stnpress description="Station Pressure" units="kPa">100.47</stnpress>
        <humidex description="Humidex"></humidex>
        <windchill description="Wind Chill">-8</windchill>
        <weather description="Weather">Cloudy</weather>
    </stationdata>
    <stationdata timetype="LST" day="27" hour="12" minute="0" month="1" year="1992">
        <temp description="Temperature" units="°C">-1.8</temp>
        <dptemp description="Dew Point Temperature" units="°C">-5.7</dptemp>
        <relhum description="Relative Humidity" units="%">74</relhum>
        <winddir description="Wind Direction" units="10s deg">17</winddir>
        <windspd description="Wind Speed" units="km/h">13</windspd>
        <visibility description="Visibility" units="km">24.1</visibility>
        <stnpress description="Station Pressure" units="kPa">100.37</stnpress>
        <humidex description="Humidex"></humidex>
        <windchill description="Wind Chill">-6</windchill>
        <weather description="Weather">Mostly Cloudy</weather>
    </stationdata>
    <stationdata timetype="LST" day="27" hour="13" minute="0" month="1" year="1992">
        <temp description="Temperature" units="°C">-1.5</temp>
        <dptemp description="Dew Point Temperature" units="°C">-6.0</dptemp>
        <relhum description="Relative Humidity" units="%">71</relhum>
        <winddir description="Wind Direction" units="10s deg">16</winddir>
        <windspd description="Wind Speed" units="km/h">11</windspd>
        <visibility description="Visibility" units="km">24.1</visibility>
        <stnpress description="Station Pressure" units="kPa">100.31</stnpress>
        <humidex description="Humidex"></humidex>
        <windchill description="Wind Chill">-5</windchill>
        <weather description="Weather">Cloudy</weather>
    </stationdata>
    <stationdata timetype="LST" day="27" hour="14" minute="0" month="1" year="1992">
        <temp description="Temperature" units="°C">-1.4</temp>
        <dptemp description="Dew Point Temperature" units="°C">-5.7</dptemp>
        <relhum description="Relative Humidity" units="%">72</relhum>
        <winddir description="Wind Direction" units="10s deg">15</winddir>
        <windspd description="Wind Speed" units="km/h">11</windspd>
        <visibility description="Visibility" units="km">24.1</visibility>
        <stnpress description="Station Pressure" units="kPa">100.21</stnpress>
        <humidex description="Humidex"></humidex>
        <windchill description="Wind Chill">-5</windchill>
        <weather description="Weather">Cloudy</weather>
    </stationdata>
    <stationdata timetype="LST" day="27" hour="15" minute="0" month="1" year="1992">
        <temp description="Temperature" units="°C">-1.2</temp>
        <dptemp description="Dew Point Temperature" units="°C">-5.7</dptemp>
        <relhum description="Relative Humidity" units="%">71</relhum>
        <winddir description="Wind Direction" units="10s deg">15</winddir>
        <windspd description="Wind Speed" units="km/h">11</windspd>
        <visibility description="Visibility" units="km">24.1</visibility>
        <stnpress description="Station Pressure" units="kPa">100.21</stnpress>
        <humidex description="Humidex"></humidex>
        <windchill description="Wind Chill">-5</windchill>
        <weather description="Weather">Cloudy</weather>
    </stationdata>
    <stationdata timetype="LST" day="27" hour="16" minute="0" month="1" year="1992">
        <temp description="Temperature" units="°C">-1.4</temp>
        <dptemp description="Dew Point Temperature" units="°C">-5.7</dptemp>
        <relhum description="Relative Humidity" units="%">72</relhum>
        <winddir description="Wind Direction" units="10s deg">14</winddir>
        <windspd description="Wind Speed" units="km/h">15</windspd>
        <visibility description="Visibility" units="km">24.1</visibility>
        <stnpress description="Station Pressure" units="kPa">100.21</stnpress>
        <humidex description="Humidex"></humidex>
        <windchill description="Wind Chill">-6</windchill>
        <weather description="Weather">Cloudy</weather>
    </stationdata>
    <stationdata timetype="LST" day="27" hour="17" minute="0" month="1" year="1992">
        <temp description="Temperature" units="°C">-1.5</temp>
        <dptemp description="Dew Point Temperature" units="°C">-5.1</dptemp>
        <relhum description="Relative Humidity" units="%">76</relhum>
        <winddir description="Wind Direction" units="10s deg">11</winddir>
        <windspd description="Wind Speed" units="km/h">13</windspd>
        <visibility description="Visibility" units="km">24.1</visibility>
        <stnpress description="Station Pressure" units="kPa">100.21</stnpress>
        <humidex description="Humidex"></humidex>
        <windchill description="Wind Chill">-6</windchill>
        <weather description="Weather">Cloudy</weather>
    </stationdata>
    <stationdata timetype="LST" day="27" hour="18" minute="0" month="1" year="1992">
        <temp description="Temperature" units="°C">-1.4</temp>
        <dptemp description="Dew Point Temperature" units="°C">-5.4</dptemp>
        <relhum description="Relative Humidity" units="%">74</relhum>
        <winddir description="Wind Direction" units="10s deg">12</winddir>
        <windspd description="Wind Speed" units="km/h">11</windspd>
        <visibility description="Visibility" units="km">19.3</visibility>
        <stnpress description="Station Pressure" units="kPa">100.27</stnpress>
        <humidex description="Humidex"></humidex>
        <windchill description="Wind Chill">-5</windchill>
        <weather description="Weather">Cloudy</weather>
    </stationdata>
    <stationdata timetype="LST" day="27" hour="19" minute="0" month="1" year="1992">
        <temp description="Temperature" units="°C">-1.3</temp>
        <dptemp description="Dew Point Temperature" units="°C">-5.4</dptemp>
        <relhum description="Relative Humidity" units="%">73</relhum>
        <winddir description="Wind Direction" units="10s deg">12</winddir>
        <windspd description="Wind Speed" units="km/h">11</windspd>
        <visibility description="Visibility" units="km">19.3</visibility>
        <stnpress description="Station Pressure" units="kPa">100.31</stnpress>
        <humidex description="Humidex"></humidex>
        <windchill description="Wind Chill">-5</windchill>
        <weather description="Weather">Cloudy</weather>
    </stationdata>
    <stationdata timetype="LST" day="27" hour="20" minute="0" month="1" year="1992">
        <temp description="Temperature" units="°C">-1.1</temp>
        <dptemp description="Dew Point Temperature" units="°C">-5.4</dptemp>
        <relhum description="Relative Humidity" units="%">73</relhum>
        <winddir description="Wind Direction" units="10s deg">11</winddir>
        <windspd description="Wind Speed" units="km/h">11</windspd>
        <visibility description="Visibility" units="km">19.3</visibility>
        <stnpress description="Station Pressure" units="kPa">100.41</stnpress>
        <humidex description="Humidex"></humidex>
        <windchill description="Wind Chill">-5</windchill>
        <weather description="Weather">Cloudy</weather>
    </stationdata>
    <stationdata timetype="LST" day="27" hour="21" minute="0" month="1" year="1992">
        <temp description="Temperature" units="°C">-1.2</temp>
        <dptemp description="Dew Point Temperature" units="°C">-4.4</dptemp>
        <relhum description="Relative Humidity" units="%">79</relhum>
        <winddir description="Wind Direction" units="10s deg">11</winddir>
        <windspd description="Wind Speed" units="km/h">7</windspd>
        <visibility description="Visibility" units="km">19.3</visibility>
        <stnpress description="Station Pressure" units="kPa">100.44</stnpress>
        <humidex description="Humidex"></humidex>
        <windchill description="Wind Chill">-4</windchill>
        <weather description="Weather">Cloudy</weather>
    </stationdata>
    <stationdata timetype="LST" day="27" hour="22" minute="0" month="1" year="1992">
        <temp description="Temperature" units="°C">-2.0</temp>
        <dptemp description="Dew Point Temperature" units="°C">-3.6</dptemp>
        <relhum description="Relative Humidity" units="%">89</relhum>
        <winddir description="Wind Direction" units="10s deg">6</winddir>
        <windspd description="Wind Speed" units="km/h">11</windspd>
        <visibility description="Visibility" units="km">9.7</visibility>
        <stnpress description="Station Pressure" units="kPa">100.41</stnpress>
        <humidex description="Humidex"></humidex>
        <windchill description="Wind Chill">-6</windchill>
        <weather description="Weather">Snow</weather>
    </stationdata>
    <stationdata timetype="LST" day="27" hour="23" minute="0" month="1" year="1992">
        <temp description="Temperature" units="°C">-2.3</temp>
        <dptemp description="Dew Point Temperature" units="°C">-3.7</dptemp>
        <relhum description="Relative Humidity" units="%">90</relhum>
        <winddir description="Wind Direction" units="10s deg">5</winddir>
        <windspd description="Wind Speed" units="km/h">15</windspd>
        <visibility description="Visibility" units="km">9.7</visibility>
        <stnpress description="Station Pressure" units="kPa">100.51</stnpress>
        <humidex description="Humidex"></humidex>
        <windchill description="Wind Chill">-7</windchill>
        <weather description="Weather">Snow,Fog</weather>
    </stationdata>
    <stationdata timetype="LST" day="28" hour="0" minute="0" month="1" year="1992">
        <temp description="Temperature" units="°C">-2.6</temp>
        <dptemp description="Dew Point Temperature" units="°C">-3.9</dptemp>
        <relhum description="Relative Humidity" units="%">91</relhum>
        <winddir description="Wind Direction" units="10s deg">4</winddir>
        <windspd description="Wind Speed" units="km/h">15</windspd>
        <visibility description="Visibility" units="km">11.3</visibility>
        <stnpress description="Station Pressure" units="kPa">100.54</stnpress>
        <humidex description="Humidex"></humidex>
        <windchill description="Wind Chill">-8</windchill>
        <weather description="Weather">Snow</weather>
    </stationdata>
    <stationdata timetype="LST" day="28" hour="1" minute="0" month="1" year="1992">
        <temp description="Temperature" units="°C">-2.9</temp>
        <dptemp description="Dew Point Temperature" units="°C">-4.5</dptemp>
        <relhum description="Relative Humidity" units="%">89</relhum>
        <winddir description="Wind Direction" units="10s deg">4</winddir>
        <windspd description="Wind Speed" units="km/h">11</windspd>
        <visibility description="Visibility" units="km">11.3</visibility>
        <stnpress description="Station Pressure" units="kPa">100.57</stnpress>
        <humidex description="Humidex"></humidex>
        <windchill description="Wind Chill">-7</windchill>
        <weather description="Weather">Cloudy</weather>
    </stationdata>
    <stationdata timetype="LST" day="28" hour="2" minute="0" month="1" year="1992">
        <temp description="Temperature" units="°C">-3.0</temp>
        <dptemp description="Dew Point Temperature" units="°C">-4.8</dptemp>
        <relhum description="Relative Humidity" units="%">87</relhum>
        <winddir description="Wind Direction" units="10s deg">8</winddir>
        <windspd description="Wind Speed" units="km/h">9</windspd>
        <visibility description="Visibility" units="km">12.9</visibility>
        <stnpress description="Station Pressure" units="kPa">100.61</stnpress>
        <humidex description="Humidex"></humidex>
        <windchill description="Wind Chill">-7</windchill>
        <weather description="Weather">Cloudy</weather>
    </stationdata>
    <stationdata timetype="LST" day="28" hour="3" minute="0" month="1" year="1992">
        <temp description="Temperature" units="°C">-2.9</temp>
        <dptemp description="Dew Point Temperature" units="°C">-4.8</dptemp>
        <relhum description="Relative Humidity" units="%">87</relhum>
        <winddir description="Wind Direction" units="10s deg">5</winddir>
        <windspd description="Wind Speed" units="km/h">9</windspd>
        <visibility description="Visibility" units="km">12.9</visibility>
        <stnpress description="Station Pressure" units="kPa">100.67</stnpress>
        <humidex description="Humidex"></humidex>
        <windchill description="Wind Chill">-6</windchill>
        <weather description="Weather">Snow</weather>
    </stationdata>
    <stationdata timetype="LST" day="28" hour="4" minute="0" month="1" year="1992">
        <temp description="Temperature" units="°C">-3.2</temp>
        <dptemp description="Dew Point Temperature" units="°C">-4.8</dptemp>
        <relhum description="Relative Humidity" units="%">89</relhum>
        <winddir description="Wind Direction" units="10s deg">10</winddir>
        <windspd description="Wind Speed" units="km/h">9</windspd>
        <visibility description="Visibility" units="km">12.9</visibility>
        <stnpress description="Station Pressure" units="kPa">100.67</stnpress>
        <humidex description="Humidex"></humidex>
        <windchill description="Wind Chill">-7</windchill>
        <weather description="Weather">Snow</weather>
    </stationdata>
    <stationdata timetype="LST" day="28" hour="5" minute="0" month="1" year="1992">
        <temp description="Temperature" units="°C">-3.4</temp>
        <dptemp description="Dew Point Temperature" units="°C">-5.1</dptemp>
        <relhum description="Relative Humidity" units="%">88</relhum>
        <winddir description="Wind Direction" units="10s deg">4</winddir>
        <windspd description="Wind Speed" units="km/h">7</windspd>
        <visibility description="Visibility" units="km">12.9</visibility>
        <stnpress description="Station Pressure" units="kPa">100.71</stnpress>
        <humidex description="Humidex"></humidex>
        <windchill description="Wind Chill">-6</windchill>
        <weather description="Weather">Cloudy</weather>
    </stationdata>
    <stationdata timetype="LST" day="28" hour="6" minute="0" month="1" year="1992">
        <temp description="Temperature" units="°C">-3.7</temp>
        <dptemp description="Dew Point Temperature" units="°C">-5.1</dptemp>
        <relhum description="Relative Humidity" units="%">90</relhum>
        <winddir description="Wind Direction" units="10s deg">4</winddir>
        <windspd description="Wind Speed" units="km/h">7</windspd>
        <visibility description="Visibility" units="km">12.9</visibility>
        <stnpress description="Station Pressure" units="kPa">100.74</stnpress>
        <humidex description="Humidex"></humidex>
        <windchill description="Wind Chill">-7</windchill>
        <weather description="Weather">Cloudy</weather>
    </stationdata>
    <stationdata timetype="LST" day="28" hour="7" minute="0" month="1" year="1992">
        <temp description="Temperature" units="°C">-4.0</temp>
        <dptemp description="Dew Point Temperature" units="°C">-6.0</dptemp>
        <relhum description="Relative Humidity" units="%">86</relhum>
        <winddir description="Wind Direction" units="10s deg">4</winddir>
        <windspd description="Wind Speed" units="km/h">7</windspd>
        <visibility description="Visibility" units="km">12.9</visibility>
        <stnpress description="Station Pressure" units="kPa">100.77</stnpress>
        <humidex description="Humidex"></humidex>
        <windchill description="Wind Chill">-7</windchill>
        <weather description="Weather">Cloudy</weather>
    </stationdata>
    <stationdata timetype="LST" day="28" hour="8" minute="0" month="1" year="1992">
        <temp description="Temperature" units="°C">-4.3</temp>
        <dptemp description="Dew Point Temperature" units="°C">-6.9</dptemp>
        <relhum description="Relative Humidity" units="%">82</relhum>
        <winddir description="Wind Direction" units="10s deg">3</winddir>
        <windspd description="Wind Speed" units="km/h">7</windspd>
        <visibility description="Visibility" units="km">12.9</visibility>
        <stnpress description="Station Pressure" units="kPa">100.81</stnpress>
        <humidex description="Humidex"></humidex>
        <windchill description="Wind Chill">-7</windchill>
        <weather description="Weather">Mostly Cloudy</weather>
    </stationdata>
    <stationdata timetype="LST" day="28" hour="9" minute="0" month="1" year="1992">
        <temp description="Temperature" units="°C">-3.4</temp>
        <dptemp description="Dew Point Temperature" units="°C">-5.7</dptemp>
        <relhum description="Relative Humidity" units="%">84</relhum>
        <winddir description="Wind Direction" units="10s deg"></winddir>
        <windspd description="Wind Speed" units="km/h">0</windspd>
        <visibility description="Visibility" units="km">12.9</visibility>
        <stnpress description="Station Pressure" units="kPa">100.81</stnpress>
        <humidex description="Humidex"></humidex>
        <windchill description="Wind Chill"></windchill>
        <weather description="Weather">Mostly Cloudy</weather>
    </stationdata>
    <stationdata timetype="LST" day="28" hour="10" minute="0" month="1" year="1992">
        <temp description="Temperature" units="°C">-3.1</temp>
        <dptemp description="Dew Point Temperature" units="°C">-5.7</dptemp>
        <relhum description="Relative Humidity" units="%">82</relhum>
        <winddir description="Wind Direction" units="10s deg"></winddir>
        <windspd description="Wind Speed" units="km/h">0</windspd>
        <visibility description="Visibility" units="km">24.1</visibility>
        <stnpress description="Station Pressure" units="kPa">100.84</stnpress>
        <humidex description="Humidex"></humidex>
        <windchill description="Wind Chill"></windchill>
        <weather description="Weather">Mainly Clear</weather>
    </stationdata>
    <stationdata timetype="LST" day="28" hour="11" minute="0" month="1" year="1992">
        <temp description="Temperature" units="°C">-2.4</temp>
        <dptemp description="Dew Point Temperature" units="°C">-5.7</dptemp>
        <relhum description="Relative Humidity" units="%">78</relhum>
        <winddir description="Wind Direction" units="10s deg"></winddir>
        <windspd description="Wind Speed" units="km/h">0</windspd>
        <visibility description="Visibility" units="km">24.1</visibility>
        <stnpress description="Station Pressure" units="kPa">100.87</stnpress>
        <humidex description="Humidex"></humidex>
        <windchill description="Wind Chill"></windchill>
        <weather description="Weather">Mainly Clear</weather>
    </stationdata>
    <stationdata timetype="LST" day="28" hour="12" minute="0" month="1" year="1992">
        <temp description="Temperature" units="°C">-1.4</temp>
        <dptemp description="Dew Point Temperature" units="°C">-6.4</dptemp>
        <relhum description="Relative Humidity" units="%">69</relhum>
        <winddir description="Wind Direction" units="10s deg"></winddir>
        <windspd description="Wind Speed" units="km/h">0</windspd>
        <visibility description="Visibility" units="km">24.1</visibility>
        <stnpress description="Station Pressure" units="kPa">100.77</stnpress>
        <humidex description="Humidex"></humidex>
        <windchill description="Wind Chill"></windchill>
        <weather description="Weather">Mainly Clear</weather>
    </stationdata>
    <stationdata timetype="LST" day="28" hour="13" minute="0" month="1" year="1992">
        <temp description="Temperature" units="°C">-0.5</temp>
        <dptemp description="Dew Point Temperature" units="°C">-4.7</dptemp>
        <relhum description="Relative Humidity" units="%">73</relhum>
        <winddir description="Wind Direction" units="10s deg"></winddir>
        <windspd description="Wind Speed" units="km/h">0</windspd>
        <visibility description="Visibility" units="km">19.3</visibility>
        <stnpress description="Station Pressure" units="kPa">100.71</stnpress>
        <humidex description="Humidex"></humidex>
        <windchill description="Wind Chill"></windchill>
        <weather description="Weather">Mainly Clear</weather>
    </stationdata>
    <stationdata timetype="LST" day="28" hour="14" minute="0" month="1" year="1992">
        <temp description="Temperature" units="°C">-0.4</temp>
        <dptemp description="Dew Point Temperature" units="°C">-4.9</dptemp>
        <relhum description="Relative Humidity" units="%">72</relhum>
        <winddir description="Wind Direction" units="10s deg"></winddir>
        <windspd description="Wind Speed" units="km/h">0</windspd>
        <visibility description="Visibility" units="km">19.3</visibility>
        <stnpress description="Station Pressure" units="kPa">100.61</stnpress>
        <humidex description="Humidex"></humidex>
        <windchill description="Wind Chill"></windchill>
        <weather description="Weather">Mainly Clear</weather>
    </stationdata>
    <stationdata timetype="LST" day="28" hour="15" minute="0" month="1" year="1992">
        <temp description="Temperature" units="°C">-0.5</temp>
        <dptemp description="Dew Point Temperature" units="°C">-5.0</dptemp>
        <relhum description="Relative Humidity" units="%">71</relhum>
        <winddir description="Wind Direction" units="10s deg"></winddir>
        <windspd description="Wind Speed" units="km/h">0</windspd>
        <visibility description="Visibility" units="km">16.1</visibility>
        <stnpress description="Station Pressure" units="kPa">100.61</stnpress>
        <humidex description="Humidex"></humidex>
        <windchill description="Wind Chill"></windchill>
        <weather description="Weather">Mainly Clear</weather>
    </stationdata>
    <stationdata timetype="LST" day="28" hour="16" minute="0" month="1" year="1992">
        <temp description="Temperature" units="°C">0.1</temp>
        <dptemp description="Dew Point Temperature" units="°C">-5.1</dptemp>
        <relhum description="Relative Humidity" units="%">68</relhum>
        <winddir description="Wind Direction" units="10s deg"></winddir>
        <windspd description="Wind Speed" units="km/h">0</windspd>
        <visibility description="Visibility" units="km">12.9</visibility>
        <stnpress description="Station Pressure" units="kPa">100.61</stnpress>
        <humidex description="Humidex"></humidex>
        <windchill description="Wind Chill"></windchill>
        <weather description="Weather">Mainly Clear</weather>
    </stationdata>
    <stationdata timetype="LST" day="28" hour="17" minute="0" month="1" year="1992">
        <temp description="Temperature" units="°C">-1.0</temp>
        <dptemp description="Dew Point Temperature" units="°C">-4.1</dptemp>
        <relhum description="Relative Humidity" units="%">79</relhum>
        <winddir description="Wind Direction" units="10s deg">16</winddir>
        <windspd description="Wind Speed" units="km/h">7</windspd>
        <visibility description="Visibility" units="km">12.9</visibility>
        <stnpress description="Station Pressure" units="kPa">100.61</stnpress>
        <humidex description="Humidex"></humidex>
        <windchill description="Wind Chill">-4</windchill>
        <weather description="Weather">Mostly Cloudy</weather>
    </stationdata>
    <stationdata timetype="LST" day="28" hour="18" minute="0" month="1" year="1992">
        <temp description="Temperature" units="°C">-1.7</temp>
        <dptemp description="Dew Point Temperature" units="°C">-3.9</dptemp>
        <relhum description="Relative Humidity" units="%">85</relhum>
        <winddir description="Wind Direction" units="10s deg">17</winddir>
        <windspd description="Wind Speed" units="km/h">7</windspd>
        <visibility description="Visibility" units="km">11.3</visibility>
        <stnpress description="Station Pressure" units="kPa">100.61</stnpress>
        <humidex description="Humidex"></humidex>
        <windchill description="Wind Chill">-4</windchill>
        <weather description="Weather">Mostly Cloudy</weather>
    </stationdata>
    <stationdata timetype="LST" day="28" hour="19" minute="0" month="1" year="1992">
        <temp description="Temperature" units="°C">-2.0</temp>
        <dptemp description="Dew Point Temperature" units="°C">-3.9</dptemp>
        <relhum description="Relative Humidity" units="%">87</relhum>
        <winddir description="Wind Direction" units="10s deg">16</winddir>
        <windspd description="Wind Speed" units="km/h">7</windspd>
        <visibility description="Visibility" units="km">11.3</visibility>
        <stnpress description="Station Pressure" units="kPa">100.61</stnpress>
        <humidex description="Humidex"></humidex>
        <windchill description="Wind Chill">-5</windchill>
        <weather description="Weather">Mainly Clear</weather>
    </stationdata>
    <stationdata timetype="LST" day="28" hour="20" minute="0" month="1" year="1992">
        <temp description="Temperature" units="°C">-2.0</temp>
        <dptemp description="Dew Point Temperature" units="°C">-3.6</dptemp>
        <relhum description="Relative Humidity" units="%">89</relhum>
        <winddir description="Wind Direction" units="10s deg">17</winddir>
        <windspd description="Wind Speed" units="km/h">7</windspd>
        <visibility description="Visibility" units="km">11.3</visibility>
        <stnpress description="Station Pressure" units="kPa">100.61</stnpress>
        <humidex description="Humidex"></humidex>
        <windchill description="Wind Chill">-5</windchill>
        <weather description="Weather">Mostly Cloudy</weather>
    </stationdata>
    <stationdata timetype="LST" day="28" hour="21" minute="0" month="1" year="1992">
        <temp description="Temperature" units="°C">-1.4</temp>
        <dptemp description="Dew Point Temperature" units="°C">-3.3</dptemp>
        <relhum description="Relative Humidity" units="%">87</relhum>
        <winddir description="Wind Direction" units="10s deg">19</winddir>
        <windspd description="Wind Speed" units="km/h">9</windspd>
        <visibility description="Visibility" units="km">11.3</visibility>
        <stnpress description="Station Pressure" units="kPa">100.51</stnpress>
        <humidex description="Humidex"></humidex>
        <windchill description="Wind Chill">-5</windchill>
        <weather description="Weather">Cloudy</weather>
    </stationdata>
    <stationdata timetype="LST" day="28" hour="22" minute="0" month="1" year="1992">
        <temp description="Temperature" units="°C">-1.4</temp>
        <dptemp description="Dew Point Temperature" units="°C">-3.3</dptemp>
        <relhum description="Relative Humidity" units="%">87</relhum>
        <winddir description="Wind Direction" units="10s deg">22</winddir>
        <windspd description="Wind Speed" units="km/h">15</windspd>
        <visibility description="Visibility" units="km">12.9</visibility>
        <stnpress description="Station Pressure" units="kPa">100.47</stnpress>
        <humidex description="Humidex"></humidex>
        <windchill description="Wind Chill">-6</windchill>
        <weather description="Weather">Cloudy</weather>
    </stationdata>
    <stationdata timetype="LST" day="28" hour="23" minute="0" month="1" year="1992">
        <temp description="Temperature" units="°C">-1.3</temp>
        <dptemp description="Dew Point Temperature" units="°C">-3.6</dptemp>
        <relhum description="Relative Humidity" units="%">84</relhum>
        <winddir description="Wind Direction" units="10s deg">23</winddir>
        <windspd description="Wind Speed" units="km/h">15</windspd>
        <visibility description="Visibility" units="km">12.9</visibility>
        <stnpress description="Station Pressure" units="kPa">100.37</stnpress>
        <humidex description="Humidex"></humidex>
        <windchill description="Wind Chill">-6</windchill>
        <weather description="Weather">Cloudy</weather>
    </stationdata>
    <stationdata timetype="LST" day="29" hour="0" minute="0" month="1" year="1992">
        <temp description="Temperature" units="°C">-1.1</temp>
        <dptemp description="Dew Point Temperature" units="°C">-3.3</dptemp>
        <relhum description="Relative Humidity" units="%">85</relhum>
        <winddir description="Wind Direction" units="10s deg">24</winddir>
        <windspd description="Wind Speed" units="km/h">13</windspd>
        <visibility description="Visibility" units="km">11.3</visibility>
        <stnpress description="Station Pressure" units="kPa">100.41</stnpress>
        <humidex description="Humidex"></humidex>
        <windchill description="Wind Chill">-5</windchill>
        <weather description="Weather">Cloudy</weather>
    </stationdata>
    <stationdata timetype="LST" day="29" hour="1" minute="0" month="1" year="1992">
        <temp description="Temperature" units="°C">-1.0</temp>
        <dptemp description="Dew Point Temperature" units="°C">-3.3</dptemp>
        <relhum description="Relative Humidity" units="%">84</relhum>
        <winddir description="Wind Direction" units="10s deg">24</winddir>
        <windspd description="Wind Speed" units="km/h">13</windspd>
        <visibility description="Visibility" units="km">11.3</visibility>
        <stnpress description="Station Pressure" units="kPa">100.34</stnpress>
        <humidex description="Humidex"></humidex>
        <windchill description="Wind Chill">-5</windchill>
        <weather description="Weather">Cloudy</weather>
    </stationdata>
    <stationdata timetype="LST" day="29" hour="2" minute="0" month="1" year="1992">
        <temp description="Temperature" units="°C">-0.8</temp>
        <dptemp description="Dew Point Temperature" units="°C">-3.3</dptemp>
        <relhum description="Relative Humidity" units="%">83</relhum>
        <winddir description="Wind Direction" units="10s deg">24</winddir>
        <windspd description="Wind Speed" units="km/h">15</windspd>
        <visibility description="Visibility" units="km">12.9</visibility>
        <stnpress description="Station Pressure" units="kPa">100.27</stnpress>
        <humidex description="Humidex"></humidex>
        <windchill description="Wind Chill">-5</windchill>
        <weather description="Weather">Cloudy</weather>
    </stationdata>
    <stationdata timetype="LST" day="29" hour="3" minute="0" month="1" year="1992">
        <temp description="Temperature" units="°C">-1.0</temp>
        <dptemp description="Dew Point Temperature" units="°C">-3.6</dptemp>
        <relhum description="Relative Humidity" units="%">82</relhum>
        <winddir description="Wind Direction" units="10s deg">25</winddir>
        <windspd description="Wind Speed" units="km/h">22</windspd>
        <visibility description="Visibility" units="km">12.9</visibility>
        <stnpress description="Station Pressure" units="kPa">100.27</stnpress>
        <humidex description="Humidex"></humidex>
        <windchill description="Wind Chill">-7</windchill>
        <weather description="Weather">Cloudy</weather>
    </stationdata>
    <stationdata timetype="LST" day="29" hour="4" minute="0" month="1" year="1992">
        <temp description="Temperature" units="°C">-1.1</temp>
        <dptemp description="Dew Point Temperature" units="°C">-3.6</dptemp>
        <relhum description="Relative Humidity" units="%">83</relhum>
        <winddir description="Wind Direction" units="10s deg">25</winddir>
        <windspd description="Wind Speed" units="km/h">19</windspd>
        <visibility description="Visibility" units="km">12.9</visibility>
        <stnpress description="Station Pressure" units="kPa">100.24</stnpress>
        <humidex description="Humidex"></humidex>
        <windchill description="Wind Chill">-6</windchill>
        <weather description="Weather">Cloudy</weather>
    </stationdata>
    <stationdata timetype="LST" day="29" hour="5" minute="0" month="1" year="1992">
        <temp description="Temperature" units="°C">-1.5</temp>
        <dptemp description="Dew Point Temperature" units="°C">-3.6</dptemp>
        <relhum description="Relative Humidity" units="%">85</relhum>
        <winddir description="Wind Direction" units="10s deg">25</winddir>
        <windspd description="Wind Speed" units="km/h">17</windspd>
        <visibility description="Visibility" units="km">12.9</visibility>
        <stnpress description="Station Pressure" units="kPa">100.21</stnpress>
        <humidex description="Humidex"></humidex>
        <windchill description="Wind Chill">-7</windchill>
        <weather description="Weather">Cloudy</weather>
    </stationdata>
    <stationdata timetype="LST" day="29" hour="6" minute="0" month="1" year="1992">
        <temp description="Temperature" units="°C">-1.2</temp>
        <dptemp description="Dew Point Temperature" units="°C">-3.3</dptemp>
        <relhum description="Relative Humidity" units="%">86</relhum>
        <winddir description="Wind Direction" units="10s deg">25</winddir>
        <windspd description="Wind Speed" units="km/h">17</windspd>
        <visibility description="Visibility" units="km">12.9</visibility>
        <stnpress description="Station Pressure" units="kPa">100.21</stnpress>
        <humidex description="Humidex"></humidex>
        <windchill description="Wind Chill">-6</windchill>
        <weather description="Weather">Cloudy</weather>
    </stationdata>
    <stationdata timetype="LST" day="29" hour="7" minute="0" month="1" year="1992">
        <temp description="Temperature" units="°C">-1.1</temp>
        <dptemp description="Dew Point Temperature" units="°C">-3.3</dptemp>
        <relhum description="Relative Humidity" units="%">85</relhum>
        <winddir description="Wind Direction" units="10s deg">25</winddir>
        <windspd description="Wind Speed" units="km/h">17</windspd>
        <visibility description="Visibility" units="km">12.9</visibility>
        <stnpress description="Station Pressure" units="kPa">100.21</stnpress>
        <humidex description="Humidex"></humidex>
        <windchill description="Wind Chill">-6</windchill>
        <weather description="Weather">Cloudy</weather>
    </stationdata>
    <stationdata timetype="LST" day="29" hour="8" minute="0" month="1" year="1992">
        <temp description="Temperature" units="°C">-1.0</temp>
        <dptemp description="Dew Point Temperature" units="°C">-3.3</dptemp>
        <relhum description="Relative Humidity" units="%">84</relhum>
        <winddir description="Wind Direction" units="10s deg">25</winddir>
        <windspd description="Wind Speed" units="km/h">15</windspd>
        <visibility description="Visibility" units="km">12.9</visibility>
        <stnpress description="Station Pressure" units="kPa">100.21</stnpress>
        <humidex description="Humidex"></humidex>
        <windchill description="Wind Chill">-6</windchill>
        <weather description="Weather">Cloudy</weather>
    </stationdata>
    <stationdata timetype="LST" day="29" hour="9" minute="0" month="1" year="1992">
        <temp description="Temperature" units="°C">-1.0</temp>
        <dptemp description="Dew Point Temperature" units="°C">-3.3</dptemp>
        <relhum description="Relative Humidity" units="%">84</relhum>
        <winddir description="Wind Direction" units="10s deg">26</winddir>
        <windspd description="Wind Speed" units="km/h">19</windspd>
        <visibility description="Visibility" units="km">12.9</visibility>
        <stnpress description="Station Pressure" units="kPa">100.21</stnpress>
        <humidex description="Humidex"></humidex>
        <windchill description="Wind Chill">-6</windchill>
        <weather description="Weather">Cloudy</weather>
    </stationdata>
    <stationdata timetype="LST" day="29" hour="10" minute="0" month="1" year="1992">
        <temp description="Temperature" units="°C">-0.9</temp>
        <dptemp description="Dew Point Temperature" units="°C">-3.0</dptemp>
        <relhum description="Relative Humidity" units="%">86</relhum>
        <winddir description="Wind Direction" units="10s deg">25</winddir>
        <windspd description="Wind Speed" units="km/h">26</windspd>
        <visibility description="Visibility" units="km">9.7</visibility>
        <stnpress description="Station Pressure" units="kPa">100.17</stnpress>
        <humidex description="Humidex"></humidex>
        <windchill description="Wind Chill">-7</windchill>
        <weather description="Weather">Haze</weather>
    </stationdata>
    <stationdata timetype="LST" day="29" hour="11" minute="0" month="1" year="1992">
        <temp description="Temperature" units="°C">-0.8</temp>
        <dptemp description="Dew Point Temperature" units="°C">-3.0</dptemp>
        <relhum description="Relative Humidity" units="%">85</relhum>
        <winddir description="Wind Direction" units="10s deg">26</winddir>
        <windspd description="Wind Speed" units="km/h">19</windspd>
        <visibility description="Visibility" units="km">9.7</visibility>
        <stnpress description="Station Pressure" units="kPa">100.21</stnpress>
        <humidex description="Humidex"></humidex>
        <windchill description="Wind Chill">-6</windchill>
        <weather description="Weather">Haze</weather>
    </stationdata>
    <stationdata timetype="LST" day="29" hour="12" minute="0" month="1" year="1992">
        <temp description="Temperature" units="°C">-0.3</temp>
        <dptemp description="Dew Point Temperature" units="°C">-3.2</dptemp>
        <relhum description="Relative Humidity" units="%">80</relhum>
        <winddir description="Wind Direction" units="10s deg">25</winddir>
        <windspd description="Wind Speed" units="km/h">15</windspd>
        <visibility description="Visibility" units="km">8.0</visibility>
        <stnpress description="Station Pressure" units="kPa">100.14</stnpress>
        <humidex description="Humidex"></humidex>
        <windchill description="Wind Chill">-5</windchill>
        <weather description="Weather">Haze</weather>
    </stationdata>
    <stationdata timetype="LST" day="29" hour="13" minute="0" month="1" year="1992">
        <temp description="Temperature" units="°C">0.0</temp>
        <dptemp description="Dew Point Temperature" units="°C">-3.2</dptemp>
        <relhum description="Relative Humidity" units="%">79</relhum>
        <winddir description="Wind Direction" units="10s deg">25</winddir>
        <windspd description="Wind Speed" units="km/h">15</windspd>
        <visibility description="Visibility" units="km">9.7</visibility>
        <stnpress description="Station Pressure" units="kPa">100.07</stnpress>
        <humidex description="Humidex"></humidex>
        <windchill description="Wind Chill">-4</windchill>
        <weather description="Weather">Haze</weather>
    </stationdata>
    <stationdata timetype="LST" day="29" hour="14" minute="0" month="1" year="1992">
        <temp description="Temperature" units="°C">0.5</temp>
        <dptemp description="Dew Point Temperature" units="°C">-2.5</dptemp>
        <relhum description="Relative Humidity" units="%">80</relhum>
        <winddir description="Wind Direction" units="10s deg">26</winddir>
        <windspd description="Wind Speed" units="km/h">15</windspd>
        <visibility description="Visibility" units="km">9.7</visibility>
        <stnpress description="Station Pressure" units="kPa">100.04</stnpress>
        <humidex description="Humidex"></humidex>
        <windchill description="Wind Chill"></windchill>
        <weather description="Weather">Haze</weather>
    </stationdata>
    <stationdata timetype="LST" day="29" hour="15" minute="0" month="1" year="1992">
        <temp description="Temperature" units="°C">0.6</temp>
        <dptemp description="Dew Point Temperature" units="°C">-2.5</dptemp>
        <relhum description="Relative Humidity" units="%">80</relhum>
        <winddir description="Wind Direction" units="10s deg">27</winddir>
        <windspd description="Wind Speed" units="km/h">15</windspd>
        <visibility description="Visibility" units="km">9.7</visibility>
        <stnpress description="Station Pressure" units="kPa">100.01</stnpress>
        <humidex description="Humidex"></humidex>
        <windchill description="Wind Chill"></windchill>
        <weather description="Weather">Haze</weather>
    </stationdata>
    <stationdata timetype="LST" day="29" hour="16" minute="0" month="1" year="1992">
        <temp description="Temperature" units="°C">0.2</temp>
        <dptemp description="Dew Point Temperature" units="°C">-2.9</dptemp>
        <relhum description="Relative Humidity" units="%">80</relhum>
        <winddir description="Wind Direction" units="10s deg">26</winddir>
        <windspd description="Wind Speed" units="km/h">11</windspd>
        <visibility description="Visibility" units="km">9.7</visibility>
        <stnpress description="Station Pressure" units="kPa">99.97</stnpress>
        <humidex description="Humidex"></humidex>
        <windchill description="Wind Chill"></windchill>
        <weather description="Weather">Haze</weather>
    </stationdata>
    <stationdata timetype="LST" day="29" hour="17" minute="0" month="1" year="1992">
        <temp description="Temperature" units="°C">-0.3</temp>
        <dptemp description="Dew Point Temperature" units="°C">-2.7</dptemp>
        <relhum description="Relative Humidity" units="%">83</relhum>
        <winddir description="Wind Direction" units="10s deg">26</winddir>
        <windspd description="Wind Speed" units="km/h">19</windspd>
        <visibility description="Visibility" units="km">8.0</visibility>
        <stnpress description="Station Pressure" units="kPa">100.01</stnpress>
        <humidex description="Humidex"></humidex>
        <windchill description="Wind Chill">-5</windchill>
        <weather description="Weather">Haze</weather>
    </stationdata>
    <stationdata timetype="LST" day="29" hour="18" minute="0" month="1" year="1992">
        <temp description="Temperature" units="°C">-0.6</temp>
        <dptemp description="Dew Point Temperature" units="°C">-2.9</dptemp>
        <relhum description="Relative Humidity" units="%">85</relhum>
        <winddir description="Wind Direction" units="10s deg">24</winddir>
        <windspd description="Wind Speed" units="km/h">15</windspd>
        <visibility description="Visibility" units="km">6.4</visibility>
        <stnpress description="Station Pressure" units="kPa">100.01</stnpress>
        <humidex description="Humidex"></humidex>
        <windchill description="Wind Chill">-5</windchill>
        <weather description="Weather">Haze</weather>
    </stationdata>
    <stationdata timetype="LST" day="29" hour="19" minute="0" month="1" year="1992">
        <temp description="Temperature" units="°C">-0.8</temp>
        <dptemp description="Dew Point Temperature" units="°C">-3.6</dptemp>
        <relhum description="Relative Humidity" units="%">81</relhum>
        <winddir description="Wind Direction" units="10s deg">24</winddir>
        <windspd description="Wind Speed" units="km/h">19</windspd>
        <visibility description="Visibility" units="km">6.4</visibility>
        <stnpress description="Station Pressure" units="kPa">99.97</stnpress>
        <humidex description="Humidex"></humidex>
        <windchill description="Wind Chill">-6</windchill>
        <weather description="Weather">Haze</weather>
    </stationdata>
    <stationdata timetype="LST" day="29" hour="20" minute="0" month="1" year="1992">
        <temp description="Temperature" units="°C">-1.1</temp>
        <dptemp description="Dew Point Temperature" units="°C">-3.3</dptemp>
        <relhum description="Relative Humidity" units="%">85</relhum>
        <winddir description="Wind Direction" units="10s deg">23</winddir>
        <windspd description="Wind Speed" units="km/h">19</windspd>
        <visibility description="Visibility" units="km">6.4</visibility>
        <stnpress description="Station Pressure" units="kPa">99.94</stnpress>
        <humidex description="Humidex"></humidex>
        <windchill description="Wind Chill">-6</windchill>
        <weather description="Weather">Fog</weather>
    </stationdata>
    <stationdata timetype="LST" day="29" hour="21" minute="0" month="1" year="1992">
        <temp description="Temperature" units="°C">-1.5</temp>
        <dptemp description="Dew Point Temperature" units="°C">-3.3</dptemp>
        <relhum description="Relative Humidity" units="%">88</relhum>
        <winddir description="Wind Direction" units="10s deg">24</winddir>
        <windspd description="Wind Speed" units="km/h">15</windspd>
        <visibility description="Visibility" units="km">6.4</visibility>
        <stnpress description="Station Pressure" units="kPa">99.87</stnpress>
        <humidex description="Humidex"></humidex>
        <windchill description="Wind Chill">-6</windchill>
        <weather description="Weather">Fog</weather>
    </stationdata>
    <stationdata timetype="LST" day="29" hour="22" minute="0" month="1" year="1992">
        <temp description="Temperature" units="°C">-1.5</temp>
        <dptemp description="Dew Point Temperature" units="°C">-3.3</dptemp>
        <relhum description="Relative Humidity" units="%">88</relhum>
        <winddir description="Wind Direction" units="10s deg">22</winddir>
        <windspd description="Wind Speed" units="km/h">17</windspd>
        <visibility description="Visibility" units="km">6.4</visibility>
        <stnpress description="Station Pressure" units="kPa">99.77</stnpress>
        <humidex description="Humidex"></humidex>
        <windchill description="Wind Chill">-7</windchill>
        <weather description="Weather">Fog</weather>
    </stationdata>
    <stationdata timetype="LST" day="29" hour="23" minute="0" month="1" year="1992">
        <temp description="Temperature" units="°C">-1.5</temp>
        <dptemp description="Dew Point Temperature" units="°C">-3.6</dptemp>
        <relhum description="Relative Humidity" units="%">85</relhum>
        <winddir description="Wind Direction" units="10s deg">23</winddir>
        <windspd description="Wind Speed" units="km/h">17</windspd>
        <visibility description="Visibility" units="km">6.4</visibility>
        <stnpress description="Station Pressure" units="kPa">99.67</stnpress>
        <humidex description="Humidex"></humidex>
        <windchill description="Wind Chill">-7</windchill>
        <weather description="Weather">Fog</weather>
    </stationdata>
    <stationdata timetype="LST" day="30" hour="0" minute="0" month="1" year="1992">
        <temp description="Temperature" units="°C">-1.5</temp>
        <dptemp description="Dew Point Temperature" units="°C">-3.0</dptemp>
        <relhum description="Relative Humidity" units="%">89</relhum>
        <winddir description="Wind Direction" units="10s deg">23</winddir>
        <windspd description="Wind Speed" units="km/h">15</windspd>
        <visibility description="Visibility" units="km">6.4</visibility>
        <stnpress description="Station Pressure" units="kPa">99.61</stnpress>
        <humidex description="Humidex"></humidex>
        <windchill description="Wind Chill">-6</windchill>
        <weather description="Weather">Fog</weather>
    </stationdata>
    <stationdata timetype="LST" day="30" hour="1" minute="0" month="1" year="1992">
        <temp description="Temperature" units="°C">-1.5</temp>
        <dptemp description="Dew Point Temperature" units="°C">-3.0</dptemp>
        <relhum description="Relative Humidity" units="%">89</relhum>
        <winddir description="Wind Direction" units="10s deg">22</winddir>
        <windspd description="Wind Speed" units="km/h">20</windspd>
        <visibility description="Visibility" units="km">6.4</visibility>
        <stnpress description="Station Pressure" units="kPa">99.51</stnpress>
        <humidex description="Humidex"></humidex>
        <windchill description="Wind Chill">-7</windchill>
        <weather description="Weather">Fog</weather>
    </stationdata>
    <stationdata timetype="LST" day="30" hour="2" minute="0" month="1" year="1992">
        <temp description="Temperature" units="°C">-1.5</temp>
        <dptemp description="Dew Point Temperature" units="°C">-3.0</dptemp>
        <relhum description="Relative Humidity" units="%">89</relhum>
        <winddir description="Wind Direction" units="10s deg">22</winddir>
        <windspd description="Wind Speed" units="km/h">20</windspd>
        <visibility description="Visibility" units="km">6.4</visibility>
        <stnpress description="Station Pressure" units="kPa">99.44</stnpress>
        <humidex description="Humidex"></humidex>
        <windchill description="Wind Chill">-7</windchill>
        <weather description="Weather">Fog</weather>
    </stationdata>
    <stationdata timetype="LST" day="30" hour="3" minute="0" month="1" year="1992">
        <temp description="Temperature" units="°C">-1.4</temp>
        <dptemp description="Dew Point Temperature" units="°C">-3.0</dptemp>
        <relhum description="Relative Humidity" units="%">89</relhum>
        <winddir description="Wind Direction" units="10s deg">22</winddir>
        <windspd description="Wind Speed" units="km/h">28</windspd>
        <visibility description="Visibility" units="km">6.4</visibility>
        <stnpress description="Station Pressure" units="kPa">99.34</stnpress>
        <humidex description="Humidex"></humidex>
        <windchill description="Wind Chill">-8</windchill>
        <weather description="Weather">Fog</weather>
    </stationdata>
    <stationdata timetype="LST" day="30" hour="4" minute="0" month="1" year="1992">
        <temp description="Temperature" units="°C">-1.2</temp>
        <dptemp description="Dew Point Temperature" units="°C">-2.7</dptemp>
        <relhum description="Relative Humidity" units="%">89</relhum>
        <winddir description="Wind Direction" units="10s deg">22</winddir>
        <windspd description="Wind Speed" units="km/h">22</windspd>
        <visibility description="Visibility" units="km">6.4</visibility>
        <stnpress description="Station Pressure" units="kPa">99.24</stnpress>
        <humidex description="Humidex"></humidex>
        <windchill description="Wind Chill">-7</windchill>
        <weather description="Weather">Fog</weather>
    </stationdata>
    <stationdata timetype="LST" day="30" hour="5" minute="0" month="1" year="1992">
        <temp description="Temperature" units="°C">-1.0</temp>
        <dptemp description="Dew Point Temperature" units="°C">-2.4</dptemp>
        <relhum description="Relative Humidity" units="%">90</relhum>
        <winddir description="Wind Direction" units="10s deg">23</winddir>
        <windspd description="Wind Speed" units="km/h">22</windspd>
        <visibility description="Visibility" units="km">6.4</visibility>
        <stnpress description="Station Pressure" units="kPa">99.17</stnpress>
        <humidex description="Humidex"></humidex>
        <windchill description="Wind Chill">-7</windchill>
        <weather description="Weather">Fog</weather>
    </stationdata>
    <stationdata timetype="LST" day="30" hour="6" minute="0" month="1" year="1992">
        <temp description="Temperature" units="°C">-1.0</temp>
        <dptemp description="Dew Point Temperature" units="°C">-3.0</dptemp>
        <relhum description="Relative Humidity" units="%">86</relhum>
        <winddir description="Wind Direction" units="10s deg">24</winddir>
        <windspd description="Wind Speed" units="km/h">26</windspd>
        <visibility description="Visibility" units="km">6.4</visibility>
        <stnpress description="Station Pressure" units="kPa">99.11</stnpress>
        <humidex description="Humidex"></humidex>
        <windchill description="Wind Chill">-7</windchill>
        <weather description="Weather">Fog</weather>
    </stationdata>
    <stationdata timetype="LST" day="30" hour="7" minute="0" month="1" year="1992">
        <temp description="Temperature" units="°C">-1.1</temp>
        <dptemp description="Dew Point Temperature" units="°C">-2.7</dptemp>
        <relhum description="Relative Humidity" units="%">89</relhum>
        <winddir description="Wind Direction" units="10s deg">23</winddir>
        <windspd description="Wind Speed" units="km/h">22</windspd>
        <visibility description="Visibility" units="km">6.4</visibility>
        <stnpress description="Station Pressure" units="kPa">99.01</stnpress>
        <humidex description="Humidex"></humidex>
        <windchill description="Wind Chill">-7</windchill>
        <weather description="Weather">Fog</weather>
    </stationdata>
    <stationdata timetype="LST" day="30" hour="8" minute="0" month="1" year="1992">
        <temp description="Temperature" units="°C">-0.9</temp>
        <dptemp description="Dew Point Temperature" units="°C">-2.7</dptemp>
        <relhum description="Relative Humidity" units="%">87</relhum>
        <winddir description="Wind Direction" units="10s deg">24</winddir>
        <windspd description="Wind Speed" units="km/h">19</windspd>
        <visibility description="Visibility" units="km">4.8</visibility>
        <stnpress description="Station Pressure" units="kPa">99.01</stnpress>
        <humidex description="Humidex"></humidex>
        <windchill description="Wind Chill">-6</windchill>
        <weather description="Weather">Fog</weather>
    </stationdata>
    <stationdata timetype="LST" day="30" hour="9" minute="0" month="1" year="1992">
        <temp description="Temperature" units="°C">-0.7</temp>
        <dptemp description="Dew Point Temperature" units="°C">-2.1</dptemp>
        <relhum description="Relative Humidity" units="%">90</relhum>
        <winddir description="Wind Direction" units="10s deg">24</winddir>
        <windspd description="Wind Speed" units="km/h">17</windspd>
        <visibility description="Visibility" units="km">4.0</visibility>
        <stnpress description="Station Pressure" units="kPa">99.01</stnpress>
        <humidex description="Humidex"></humidex>
        <windchill description="Wind Chill">-6</windchill>
        <weather description="Weather">Fog</weather>
    </stationdata>
    <stationdata timetype="LST" day="30" hour="10" minute="0" month="1" year="1992">
        <temp description="Temperature" units="°C">-0.5</temp>
        <dptemp description="Dew Point Temperature" units="°C">-1.8</dptemp>
        <relhum description="Relative Humidity" units="%">91</relhum>
        <winddir description="Wind Direction" units="10s deg">23</winddir>
        <windspd description="Wind Speed" units="km/h">15</windspd>
        <visibility description="Visibility" units="km">3.6</visibility>
        <stnpress description="Station Pressure" units="kPa">98.94</stnpress>
        <humidex description="Humidex"></humidex>
        <windchill description="Wind Chill">-5</windchill>
        <weather description="Weather">Fog</weather>
    </stationdata>
    <stationdata timetype="LST" day="30" hour="11" minute="0" month="1" year="1992">
        <temp description="Temperature" units="°C">-0.3</temp>
        <dptemp description="Dew Point Temperature" units="°C">-1.6</dptemp>
        <relhum description="Relative Humidity" units="%">91</relhum>
        <winddir description="Wind Direction" units="10s deg">23</winddir>
        <windspd description="Wind Speed" units="km/h">13</windspd>
        <visibility description="Visibility" units="km">4.0</visibility>
        <stnpress description="Station Pressure" units="kPa">98.87</stnpress>
        <humidex description="Humidex"></humidex>
        <windchill description="Wind Chill">-4</windchill>
        <weather description="Weather">Fog</weather>
    </stationdata>
    <stationdata timetype="LST" day="30" hour="12" minute="0" month="1" year="1992">
        <temp description="Temperature" units="°C">0.0</temp>
        <dptemp description="Dew Point Temperature" units="°C">-1.5</dptemp>
        <relhum description="Relative Humidity" units="%">90</relhum>
        <winddir description="Wind Direction" units="10s deg">24</winddir>
        <windspd description="Wind Speed" units="km/h">15</windspd>
        <visibility description="Visibility" units="km">4.8</visibility>
        <stnpress description="Station Pressure" units="kPa">98.81</stnpress>
        <humidex description="Humidex"></humidex>
        <windchill description="Wind Chill">-4</windchill>
        <weather description="Weather">Fog</weather>
    </stationdata>
    <stationdata timetype="LST" day="30" hour="13" minute="0" month="1" year="1992">
        <temp description="Temperature" units="°C">0.2</temp>
        <dptemp description="Dew Point Temperature" units="°C">-1.5</dptemp>
        <relhum description="Relative Humidity" units="%">88</relhum>
        <winddir description="Wind Direction" units="10s deg">24</winddir>
        <windspd description="Wind Speed" units="km/h">17</windspd>
        <visibility description="Visibility" units="km">6.4</visibility>
        <stnpress description="Station Pressure" units="kPa">98.71</stnpress>
        <humidex description="Humidex"></humidex>
        <windchill description="Wind Chill"></windchill>
        <weather description="Weather">Fog</weather>
    </stationdata>
    <stationdata timetype="LST" day="30" hour="14" minute="0" month="1" year="1992">
        <temp description="Temperature" units="°C">0.7</temp>
        <dptemp description="Dew Point Temperature" units="°C">-2.0</dptemp>
        <relhum description="Relative Humidity" units="%">82</relhum>
        <winddir description="Wind Direction" units="10s deg">23</winddir>
        <windspd description="Wind Speed" units="km/h">15</windspd>
        <visibility description="Visibility" units="km">6.4</visibility>
        <stnpress description="Station Pressure" units="kPa">98.61</stnpress>
        <humidex description="Humidex"></humidex>
        <windchill description="Wind Chill"></windchill>
        <weather description="Weather">Haze</weather>
    </stationdata>
    <stationdata timetype="LST" day="30" hour="15" minute="0" month="1" year="1992">
        <temp description="Temperature" units="°C">0.7</temp>
        <dptemp description="Dew Point Temperature" units="°C">-1.4</dptemp>
        <relhum description="Relative Humidity" units="%">86</relhum>
        <winddir description="Wind Direction" units="10s deg">25</winddir>
        <windspd description="Wind Speed" units="km/h">11</windspd>
        <visibility description="Visibility" units="km">4.8</visibility>
        <stnpress description="Station Pressure" units="kPa">98.61</stnpress>
        <humidex description="Humidex"></humidex>
        <windchill description="Wind Chill"></windchill>
        <weather description="Weather">Drizzle,Fog</weather>
    </stationdata>
    <stationdata timetype="LST" day="30" hour="16" minute="0" month="1" year="1992">
        <temp description="Temperature" units="°C">0.7</temp>
        <dptemp description="Dew Point Temperature" units="°C">-0.9</dptemp>
        <relhum description="Relative Humidity" units="%">89</relhum>
        <winddir description="Wind Direction" units="10s deg">23</winddir>
        <windspd description="Wind Speed" units="km/h">15</windspd>
        <visibility description="Visibility" units="km">3.6</visibility>
        <stnpress description="Station Pressure" units="kPa">98.57</stnpress>
        <humidex description="Humidex"></humidex>
        <windchill description="Wind Chill"></windchill>
        <weather description="Weather">Drizzle,Fog</weather>
    </stationdata>
    <stationdata timetype="LST" day="30" hour="17" minute="0" month="1" year="1992">
        <temp description="Temperature" units="°C">0.8</temp>
        <dptemp description="Dew Point Temperature" units="°C">-0.5</dptemp>
        <relhum description="Relative Humidity" units="%">91</relhum>
        <winddir description="Wind Direction" units="10s deg">22</winddir>
        <windspd description="Wind Speed" units="km/h">7</windspd>
        <visibility description="Visibility" units="km">3.6</visibility>
        <stnpress description="Station Pressure" units="kPa">98.57</stnpress>
        <humidex description="Humidex"></humidex>
        <windchill description="Wind Chill"></windchill>
        <weather description="Weather">Fog</weather>
    </stationdata>
    <stationdata timetype="LST" day="30" hour="18" minute="0" month="1" year="1992">
        <temp description="Temperature" units="°C">1.1</temp>
        <dptemp description="Dew Point Temperature" units="°C">-0.5</dptemp>
        <relhum description="Relative Humidity" units="%">89</relhum>
        <winddir description="Wind Direction" units="10s deg">23</winddir>
        <windspd description="Wind Speed" units="km/h">7</windspd>
        <visibility description="Visibility" units="km">4.0</visibility>
        <stnpress description="Station Pressure" units="kPa">98.61</stnpress>
        <humidex description="Humidex"></humidex>
        <windchill description="Wind Chill"></windchill>
        <weather description="Weather">Fog</weather>
    </stationdata>
    <stationdata timetype="LST" day="30" hour="19" minute="0" month="1" year="1992">
        <temp description="Temperature" units="°C">1.2</temp>
        <dptemp description="Dew Point Temperature" units="°C">-0.5</dptemp>
        <relhum description="Relative Humidity" units="%">88</relhum>
        <winddir description="Wind Direction" units="10s deg">22</winddir>
        <windspd description="Wind Speed" units="km/h">11</windspd>
        <visibility description="Visibility" units="km">4.0</visibility>
        <stnpress description="Station Pressure" units="kPa">98.64</stnpress>
        <humidex description="Humidex"></humidex>
        <windchill description="Wind Chill"></windchill>
        <weather description="Weather">Fog</weather>
    </stationdata>
    <stationdata timetype="LST" day="30" hour="20" minute="0" month="1" year="1992">
        <temp description="Temperature" units="°C">0.9</temp>
        <dptemp description="Dew Point Temperature" units="°C">0.0</dptemp>
        <relhum description="Relative Humidity" units="%">94</relhum>
        <winddir description="Wind Direction" units="10s deg">20</winddir>
        <windspd description="Wind Speed" units="km/h">7</windspd>
        <visibility description="Visibility" units="km">2.8</visibility>
        <stnpress description="Station Pressure" units="kPa">98.64</stnpress>
        <humidex description="Humidex"></humidex>
        <windchill description="Wind Chill"></windchill>
        <weather description="Weather">Drizzle,Fog</weather>
    </stationdata>
    <stationdata timetype="LST" day="30" hour="21" minute="0" month="1" year="1992">
        <temp description="Temperature" units="°C">0.8</temp>
        <dptemp description="Dew Point Temperature" units="°C">0.5</dptemp>
        <relhum description="Relative Humidity" units="%">98</relhum>
        <winddir description="Wind Direction" units="10s deg">22</winddir>
        <windspd description="Wind Speed" units="km/h">11</windspd>
        <visibility description="Visibility" units="km">2.4</visibility>
        <stnpress description="Station Pressure" units="kPa">98.61</stnpress>
        <humidex description="Humidex"></humidex>
        <windchill description="Wind Chill"></windchill>
        <weather description="Weather">Drizzle,Fog</weather>
    </stationdata>
    <stationdata timetype="LST" day="30" hour="22" minute="0" month="1" year="1992">
        <temp description="Temperature" units="°C">0.9</temp>
        <dptemp description="Dew Point Temperature" units="°C">0.0</dptemp>
        <relhum description="Relative Humidity" units="%">94</relhum>
        <winddir description="Wind Direction" units="10s deg">23</winddir>
        <windspd description="Wind Speed" units="km/h">17</windspd>
        <visibility description="Visibility" units="km">4.0</visibility>
        <stnpress description="Station Pressure" units="kPa">98.57</stnpress>
        <humidex description="Humidex"></humidex>
        <windchill description="Wind Chill"></windchill>
        <weather description="Weather">Fog</weather>
    </stationdata>
    <stationdata timetype="LST" day="30" hour="23" minute="0" month="1" year="1992">
        <temp description="Temperature" units="°C">0.9</temp>
        <dptemp description="Dew Point Temperature" units="°C">0.0</dptemp>
        <relhum description="Relative Humidity" units="%">94</relhum>
        <winddir description="Wind Direction" units="10s deg">24</winddir>
        <windspd description="Wind Speed" units="km/h">17</windspd>
        <visibility description="Visibility" units="km">4.0</visibility>
        <stnpress description="Station Pressure" units="kPa">98.54</stnpress>
        <humidex description="Humidex"></humidex>
        <windchill description="Wind Chill"></windchill>
        <weather description="Weather">Fog</weather>
    </stationdata>
    <stationdata timetype="LST" day="31" hour="0" minute="0" month="1" year="1992">
        <temp description="Temperature" units="°C">1.0</temp>
        <dptemp description="Dew Point Temperature" units="°C">0.0</dptemp>
        <relhum description="Relative Humidity" units="%">93</relhum>
        <winddir description="Wind Direction" units="10s deg">25</winddir>
        <windspd description="Wind Speed" units="km/h">19</windspd>
        <visibility description="Visibility" units="km">4.0</visibility>
        <stnpress description="Station Pressure" units="kPa">98.51</stnpress>
        <humidex description="Humidex"></humidex>
        <windchill description="Wind Chill"></windchill>
        <weather description="Weather">Fog</weather>
    </stationdata>
    <stationdata timetype="LST" day="31" hour="1" minute="0" month="1" year="1992">
        <temp description="Temperature" units="°C">1.0</temp>
        <dptemp description="Dew Point Temperature" units="°C">0.5</dptemp>
        <relhum description="Relative Humidity" units="%">96</relhum>
        <winddir description="Wind Direction" units="10s deg">26</winddir>
        <windspd description="Wind Speed" units="km/h">7</windspd>
        <visibility description="Visibility" units="km">4.0</visibility>
        <stnpress description="Station Pressure" units="kPa">98.47</stnpress>
        <humidex description="Humidex"></humidex>
        <windchill description="Wind Chill"></windchill>
        <weather description="Weather">Fog</weather>
    </stationdata>
    <stationdata timetype="LST" day="31" hour="2" minute="0" month="1" year="1992">
        <temp description="Temperature" units="°C">1.4</temp>
        <dptemp description="Dew Point Temperature" units="°C">0.0</dptemp>
        <relhum description="Relative Humidity" units="%">90</relhum>
        <winddir description="Wind Direction" units="10s deg">29</winddir>
        <windspd description="Wind Speed" units="km/h">11</windspd>
        <visibility description="Visibility" units="km">8.0</visibility>
        <stnpress description="Station Pressure" units="kPa">98.47</stnpress>
        <humidex description="Humidex"></humidex>
        <windchill description="Wind Chill"></windchill>
        <weather description="Weather">Fog</weather>
    </stationdata>
    <stationdata timetype="LST" day="31" hour="3" minute="0" month="1" year="1992">
        <temp description="Temperature" units="°C">1.1</temp>
        <dptemp description="Dew Point Temperature" units="°C">-0.5</dptemp>
        <relhum description="Relative Humidity" units="%">89</relhum>
        <winddir description="Wind Direction" units="10s deg">34</winddir>
        <windspd description="Wind Speed" units="km/h">4</windspd>
        <visibility description="Visibility" units="km">19.3</visibility>
        <stnpress description="Station Pressure" units="kPa">98.44</stnpress>
        <humidex description="Humidex"></humidex>
        <windchill description="Wind Chill"></windchill>
        <weather description="Weather">Cloudy</weather>
    </stationdata>
    <stationdata timetype="LST" day="31" hour="4" minute="0" month="1" year="1992">
        <temp description="Temperature" units="°C">0.8</temp>
        <dptemp description="Dew Point Temperature" units="°C">0.0</dptemp>
        <relhum description="Relative Humidity" units="%">95</relhum>
        <winddir description="Wind Direction" units="10s deg">33</winddir>
        <windspd description="Wind Speed" units="km/h">7</windspd>
        <visibility description="Visibility" units="km">9.7</visibility>
        <stnpress description="Station Pressure" units="kPa">98.44</stnpress>
        <humidex description="Humidex"></humidex>
        <windchill description="Wind Chill"></windchill>
        <weather description="Weather">Drizzle,Fog</weather>
    </stationdata>
    <stationdata timetype="LST" day="31" hour="5" minute="0" month="1" year="1992">
        <temp description="Temperature" units="°C">0.8</temp>
        <dptemp description="Dew Point Temperature" units="°C">0.0</dptemp>
        <relhum description="Relative Humidity" units="%">95</relhum>
        <winddir description="Wind Direction" units="10s deg">34</winddir>
        <windspd description="Wind Speed" units="km/h">22</windspd>
        <visibility description="Visibility" units="km">19.3</visibility>
        <stnpress description="Station Pressure" units="kPa">98.47</stnpress>
        <humidex description="Humidex"></humidex>
        <windchill description="Wind Chill"></windchill>
        <weather description="Weather">Cloudy</weather>
    </stationdata>
    <stationdata timetype="LST" day="31" hour="6" minute="0" month="1" year="1992">
        <temp description="Temperature" units="°C">-0.2</temp>
        <dptemp description="Dew Point Temperature" units="°C">-2.0</dptemp>
        <relhum description="Relative Humidity" units="%">88</relhum>
        <winddir description="Wind Direction" units="10s deg">34</winddir>
        <windspd description="Wind Speed" units="km/h">17</windspd>
        <visibility description="Visibility" units="km">19.3</visibility>
        <stnpress description="Station Pressure" units="kPa">98.51</stnpress>
        <humidex description="Humidex"></humidex>
        <windchill description="Wind Chill">-5</windchill>
        <weather description="Weather">Cloudy</weather>
    </stationdata>
    <stationdata timetype="LST" day="31" hour="7" minute="0" month="1" year="1992">
        <temp description="Temperature" units="°C">-0.6</temp>
        <dptemp description="Dew Point Temperature" units="°C">-2.7</dptemp>
        <relhum description="Relative Humidity" units="%">86</relhum>
        <winddir description="Wind Direction" units="10s deg">35</winddir>
        <windspd description="Wind Speed" units="km/h">19</windspd>
        <visibility description="Visibility" units="km">19.3</visibility>
        <stnpress description="Station Pressure" units="kPa">98.57</stnpress>
        <humidex description="Humidex"></humidex>
        <windchill description="Wind Chill">-6</windchill>
        <weather description="Weather">Mostly Cloudy</weather>
    </stationdata>
    <stationdata timetype="LST" day="31" hour="8" minute="0" month="1" year="1992">
        <temp description="Temperature" units="°C">-1.2</temp>
        <dptemp description="Dew Point Temperature" units="°C">-3.8</dptemp>
        <relhum description="Relative Humidity" units="%">83</relhum>
        <winddir description="Wind Direction" units="10s deg">34</winddir>
        <windspd description="Wind Speed" units="km/h">22</windspd>
        <visibility description="Visibility" units="km">24.1</visibility>
        <stnpress description="Station Pressure" units="kPa">98.64</stnpress>
        <humidex description="Humidex"></humidex>
        <windchill description="Wind Chill">-7</windchill>
        <weather description="Weather">Mostly Cloudy</weather>
    </stationdata>
    <stationdata timetype="LST" day="31" hour="9" minute="0" month="1" year="1992">
        <temp description="Temperature" units="°C">-2.4</temp>
        <dptemp description="Dew Point Temperature" units="°C">-4.5</dptemp>
        <relhum description="Relative Humidity" units="%">85</relhum>
        <winddir description="Wind Direction" units="10s deg">34</winddir>
        <windspd description="Wind Speed" units="km/h">30</windspd>
        <visibility description="Visibility" units="km">24.1</visibility>
        <stnpress description="Station Pressure" units="kPa">98.71</stnpress>
        <humidex description="Humidex"></humidex>
        <windchill description="Wind Chill">-10</windchill>
        <weather description="Weather">Mostly Cloudy</weather>
    </stationdata>
    <stationdata timetype="LST" day="31" hour="10" minute="0" month="1" year="1992">
        <temp description="Temperature" units="°C">-2.8</temp>
        <dptemp description="Dew Point Temperature" units="°C">-5.1</dptemp>
        <relhum description="Relative Humidity" units="%">84</relhum>
        <winddir description="Wind Direction" units="10s deg">34</winddir>
        <windspd description="Wind Speed" units="km/h">28</windspd>
        <visibility description="Visibility" units="km">19.3</visibility>
        <stnpress description="Station Pressure" units="kPa">98.71</stnpress>
        <humidex description="Humidex"></humidex>
        <windchill description="Wind Chill">-10</windchill>
        <weather description="Weather">Cloudy</weather>
    </stationdata>
    <stationdata timetype="LST" day="31" hour="11" minute="0" month="1" year="1992">
        <temp description="Temperature" units="°C">-2.7</temp>
        <dptemp description="Dew Point Temperature" units="°C">-4.8</dptemp>
        <relhum description="Relative Humidity" units="%">86</relhum>
        <winddir description="Wind Direction" units="10s deg">32</winddir>
        <windspd description="Wind Speed" units="km/h">28</windspd>
        <visibility description="Visibility" units="km">19.3</visibility>
        <stnpress description="Station Pressure" units="kPa">98.74</stnpress>
        <humidex description="Humidex"></humidex>
        <windchill description="Wind Chill">-10</windchill>
        <weather description="Weather">Cloudy</weather>
    </stationdata>
    <stationdata timetype="LST" day="31" hour="12" minute="0" month="1" year="1992">
        <temp description="Temperature" units="°C">-2.9</temp>
        <dptemp description="Dew Point Temperature" units="°C">-5.1</dptemp>
        <relhum description="Relative Humidity" units="%">85</relhum>
        <winddir description="Wind Direction" units="10s deg">35</winddir>
        <windspd description="Wind Speed" units="km/h">19</windspd>
        <visibility description="Visibility" units="km">19.3</visibility>
        <stnpress description="Station Pressure" units="kPa">98.74</stnpress>
        <humidex description="Humidex"></humidex>
        <windchill description="Wind Chill">-9</windchill>
        <weather description="Weather">Mostly Cloudy</weather>
    </stationdata>
    <stationdata timetype="LST" day="31" hour="13" minute="0" month="1" year="1992">
        <temp description="Temperature" units="°C">-2.6</temp>
        <dptemp description="Dew Point Temperature" units="°C">-5.1</dptemp>
        <relhum description="Relative Humidity" units="%">83</relhum>
        <winddir description="Wind Direction" units="10s deg">34</winddir>
        <windspd description="Wind Speed" units="km/h">24</windspd>
        <visibility description="Visibility" units="km">24.1</visibility>
        <stnpress description="Station Pressure" units="kPa">98.71</stnpress>
        <humidex description="Humidex"></humidex>
        <windchill description="Wind Chill">-9</windchill>
        <weather description="Weather">Cloudy</weather>
    </stationdata>
    <stationdata timetype="LST" day="31" hour="14" minute="0" month="1" year="1992">
        <temp description="Temperature" units="°C">-2.1</temp>
        <dptemp description="Dew Point Temperature" units="°C">-4.8</dptemp>
        <relhum description="Relative Humidity" units="%">82</relhum>
        <winddir description="Wind Direction" units="10s deg">33</winddir>
        <windspd description="Wind Speed" units="km/h">26</windspd>
        <visibility description="Visibility" units="km">24.1</visibility>
        <stnpress description="Station Pressure" units="kPa">98.67</stnpress>
        <humidex description="Humidex"></humidex>
        <windchill description="Wind Chill">-9</windchill>
        <weather description="Weather">Mostly Cloudy</weather>
    </stationdata>
    <stationdata timetype="LST" day="31" hour="15" minute="0" month="1" year="1992">
        <temp description="Temperature" units="°C">-1.9</temp>
        <dptemp description="Dew Point Temperature" units="°C">-5.1</dptemp>
        <relhum description="Relative Humidity" units="%">79</relhum>
        <winddir description="Wind Direction" units="10s deg">35</winddir>
        <windspd description="Wind Speed" units="km/h">24</windspd>
        <visibility description="Visibility" units="km">24.1</visibility>
        <stnpress description="Station Pressure" units="kPa">98.74</stnpress>
        <humidex description="Humidex"></humidex>
        <windchill description="Wind Chill">-8</windchill>
        <weather description="Weather">Mostly Cloudy</weather>
    </stationdata>
    <stationdata timetype="LST" day="31" hour="16" minute="0" month="1" year="1992">
        <temp description="Temperature" units="°C">-3.0</temp>
        <dptemp description="Dew Point Temperature" units="°C">-6.0</dptemp>
        <relhum description="Relative Humidity" units="%">80</relhum>
        <winddir description="Wind Direction" units="10s deg">36</winddir>
        <windspd description="Wind Speed" units="km/h">26</windspd>
        <visibility description="Visibility" units="km">24.1</visibility>
        <stnpress description="Station Pressure" units="kPa">98.81</stnpress>
        <humidex description="Humidex"></humidex>
        <windchill description="Wind Chill">-10</windchill>
        <weather description="Weather">Cloudy</weather>
    </stationdata>
    <stationdata timetype="LST" day="31" hour="17" minute="0" month="1" year="1992">
        <temp description="Temperature" units="°C">-3.5</temp>
        <dptemp description="Dew Point Temperature" units="°C">-6.7</dptemp>
        <relhum description="Relative Humidity" units="%">78</relhum>
        <winddir description="Wind Direction" units="10s deg">34</winddir>
        <windspd description="Wind Speed" units="km/h">30</windspd>
        <visibility description="Visibility" units="km">24.1</visibility>
        <stnpress description="Station Pressure" units="kPa">98.87</stnpress>
        <humidex description="Humidex"></humidex>
        <windchill description="Wind Chill">-11</windchill>
        <weather description="Weather">Cloudy</weather>
    </stationdata>
    <stationdata timetype="LST" day="31" hour="18" minute="0" month="1" year="1992">
        <temp description="Temperature" units="°C">-3.7</temp>
        <dptemp description="Dew Point Temperature" units="°C">-6.3</dptemp>
        <relhum description="Relative Humidity" units="%">82</relhum>
        <winddir description="Wind Direction" units="10s deg">36</winddir>
        <windspd description="Wind Speed" units="km/h">26</windspd>
        <visibility description="Visibility" units="km">24.1</visibility>
        <stnpress description="Station Pressure" units="kPa">98.94</stnpress>
        <humidex description="Humidex"></humidex>
        <windchill description="Wind Chill">-11</windchill>
        <weather description="Weather">Cloudy</weather>
    </stationdata>
    <stationdata timetype="LST" day="31" hour="19" minute="0" month="1" year="1992">
        <temp description="Temperature" units="°C">-4.0</temp>
        <dptemp description="Dew Point Temperature" units="°C">-6.6</dptemp>
        <relhum description="Relative Humidity" units="%">82</relhum>
        <winddir description="Wind Direction" units="10s deg">34</winddir>
        <windspd description="Wind Speed" units="km/h">31</windspd>
        <visibility description="Visibility" units="km">24.1</visibility>
        <stnpress description="Station Pressure" units="kPa">99.01</stnpress>
        <humidex description="Humidex"></humidex>
        <windchill description="Wind Chill">-12</windchill>
        <weather description="Weather">Cloudy</weather>
    </stationdata>
    <stationdata timetype="LST" day="31" hour="20" minute="0" month="1" year="1992">
        <temp description="Temperature" units="°C">-4.9</temp>
        <dptemp description="Dew Point Temperature" units="°C">-7.2</dptemp>
        <relhum description="Relative Humidity" units="%">84</relhum>
        <winddir description="Wind Direction" units="10s deg">36</winddir>
        <windspd description="Wind Speed" units="km/h">33</windspd>
        <visibility description="Visibility" units="km">24.1</visibility>
        <stnpress description="Station Pressure" units="kPa">99.11</stnpress>
        <humidex description="Humidex"></humidex>
        <windchill description="Wind Chill">-13</windchill>
        <weather description="Weather">Mostly Cloudy</weather>
    </stationdata>
    <stationdata timetype="LST" day="31" hour="21" minute="0" month="1" year="1992">
        <temp description="Temperature" units="°C">-6.0</temp>
        <dptemp description="Dew Point Temperature" units="°C">-8.4</dptemp>
        <relhum description="Relative Humidity" units="%">83</relhum>
        <winddir description="Wind Direction" units="10s deg">35</winddir>
        <windspd description="Wind Speed" units="km/h">33</windspd>
        <visibility description="Visibility" units="km">24.1</visibility>
        <stnpress description="Station Pressure" units="kPa">99.14</stnpress>
        <humidex description="Humidex"></humidex>
        <windchill description="Wind Chill">-15</windchill>
        <weather description="Weather">Mostly Cloudy</weather>
    </stationdata>
    <stationdata timetype="LST" day="31" hour="22" minute="0" month="1" year="1992">
        <temp description="Temperature" units="°C">-6.1</temp>
        <dptemp description="Dew Point Temperature" units="°C">-9.1</dptemp>
        <relhum description="Relative Humidity" units="%">79</relhum>
        <winddir description="Wind Direction" units="10s deg">35</winddir>
        <windspd description="Wind Speed" units="km/h">30</windspd>
        <visibility description="Visibility" units="km">24.1</visibility>
        <stnpress description="Station Pressure" units="kPa">99.21</stnpress>
        <humidex description="Humidex"></humidex>
        <windchill description="Wind Chill">-14</windchill>
        <weather description="Weather">Mostly Cloudy</weather>
    </stationdata>
    <stationdata timetype="LST" day="31" hour="23" minute="0" month="1" year="1992">
        <temp description="Temperature" units="°C">-6.7</temp>
        <dptemp description="Dew Point Temperature" units="°C">-9.4</dptemp>
        <relhum description="Relative Humidity" units="%">81</relhum>
        <winddir description="Wind Direction" units="10s deg">1</winddir>
        <windspd description="Wind Speed" units="km/h">26</windspd>
        <visibility description="Visibility" units="km">24.1</visibility>
        <stnpress description="Station Pressure" units="kPa">99.24</stnpress>
        <humidex description="Humidex"></humidex>
        <windchill description="Wind Chill">-15</windchill>
        <weather description="Weather">Cloudy</weather>
    </stationdata>
</climatedata>