<?xml version="1.0" encoding="utf-8"?>
<climatedata xmlns:xsd="http://www.w3.org/TR/xmlschema-1/" xsd:schemaLocation="http://climate.weather.gc.ca/climate_data/bulkxml/bulkschema.xsd">
      <lang>ENG</lang>
      <stationinformation>
            <name>TORONTO LESTER B. PEARSON INT'L A</name>
            <province>ONTARIO</province>
            <latitude>43.68</latitude>
            <longitude>-79.63</longitude>
            <elevation>173.40</elevation>
            <climate_identifier>6158733</climate_identifier>
            <wmo_identifier>71624</wmo_identifier>
            <tc_identifier>YYZ</tc_identifier>
      </stationinformation>
      <legend>
            <flag>
                  <symbol>A</symbol>
                  <description>Accumulated</description>
            </flag>
            <flag>
                  <symbol>B</symbol>
                  <description>More than one occurrence and estimated</description>
            </flag>
            <flag>
                  <symbol>C</symbol>
                  <description>Precipitation occurred, amount uncertain</description>
            </flag>
            <flag>
                  <symbol>E</symbol>
                  <description>Estimated</description>
            </flag>
            <flag>
                  <symbol>F</symbol>
                  <description>Accumulated and estimated</description>
            </flag>
            <flag>
                  <symbol>L</symbol>
                  <description>Precipitation may or may not have occurred</description>
            </flag>
            <flag>
                  <symbol>M</symbol>
                  <description>Missing</description>
            </flag>
            <flag>
                  <symbol>N</symbol>
                  <description>Temperature missing but known to be &gt; 0</description>
            </flag>
            <flag>
                  <symbol>S</symbol>
                  <description>More than one occurrence</description>
            </flag>
            <flag>
                  <symbol>T</symbol>
                  <description>Trace</description>
            </flag>
            <flag>
                  <symbol>Y</symbol>
                  <description>Temperature missing but known to be &lt; 0</description>
            </flag>
            <flag>
                  <symbol>[empty]</symbol>
                  <description>No data available</description>
            </flag>
            <flag>
                  <symbol>^</symbol>
                  <description>The value displayed is based on incomplete data</description>
            </flag>
            <flag>
                  <symbol>&#8224;</symbol>
                  <description>Data that is not subject to review by the National Climate Archives</description>
            </flag>
      </legend>
      <month index="1">

            <day index="1">
                  <temperature class="extremeMax" units="°C" unitType="metric" year="2011" period="1939-2013">12.0</temperature>
                  <temperature class="extremeMin" units="°C" unitType="metric" year="1968" period="1939-2013">-21.1</temperature>
                  <temperature class="normalMax" units="°C" unitType="metric">-1.3</temperature>
                  <temperature class="normalMin" units="°C" unitType="metric">-9.3</temperature>
                  <temperature class="normalMean" units="°C" unitType="metric">-5.3</temperature>
                  <precipitation class="extremeRainfall" units="mm" unitType="metric" year="1955" period="1938-2013">12.2</precipitation>
                  <precipitation class="extremeSnowfall" units="cm" unitType="metric" year="1948" period="1938-2013">17.8</precipitation>
                  <precipitation class="extremePrecipitation" units="mm" unitType="metric" year="1985" period="1938-2013">30.7</precipitation>
                  <precipitation class="extremeSnowOnGround" units="cm" unitType="metric" year="1969" period="1955-2013">18</precipitation>
                  <pop units="%">49.0</pop>
            </day>
            <day index="2">
                  <temperature class="extremeMax" units="°C" unitType="metric" year="2000" period="1938-2013">12.2</temperature>
                  <temperature class="extremeMin" units="°C" unitType="metric" year="1981" period="1939-2013">-21.2</temperature>
                  <temperature class="normalMax" units="°C" unitType="metric">-1.4</temperature>
                  <temperature class="normalMin" units="°C" unitType="metric">-9.4</temperature>
                  <temperature class="normalMean" units="°C" unitType="metric">-5.4</temperature>
                  <precipitation class="extremeRainfall" units="mm" unitType="metric" year="2005" period="1938-2013">16.4</precipitation>
                  <precipitation class="extremeSnowfall" units="cm" unitType="metric" year="1965" period="1938-2013">16.3</precipitation>
                  <precipitation class="extremePrecipitation" units="mm" unitType="metric" year="2005" period="1938-2013">16.4</precipitation>
                  <precipitation class="extremeSnowOnGround" units="cm" unitType="metric" year="1964" period="1955-2013">25</precipitation>
                  <pop units="%">49.0</pop>
            </day>
            <day index="3">
                  <temperature class="extremeMax" units="°C" unitType="metric" year="1950" period="1938-2013">13.9</temperature>
                  <temperature class="extremeMin" units="°C" unitType="metric" year="1981" period="1938-2013">-26.0</temperature>
                  <temperature class="normalMax" units="°C" unitType="metric">-1.5</temperature>
                  <temperature class="normalMin" units="°C" unitType="metric">-9.5</temperature>
                  <temperature class="normalMean" units="°C" unitType="metric">-5.5</temperature>
                  <precipitation class="extremeRainfall" units="mm" unitType="metric" year="1951" period="1938-2013">15.0</precipitation>
                  <precipitation class="extremeSnowfall" units="cm" unitType="metric" year="1943" period="1938-2013">27.9</precipitation>
                  <precipitation class="extremePrecipitation" units="mm" unitType="metric" year="1943" period="1938-2013">27.9</precipitation>
                  <precipitation class="extremeSnowOnGround" units="cm" unitType="metric" year="1999" period="1955-2013">21</precipitation>
                  <pop units="%">49.0</pop>
            </day>
            <day index="4">
                  <temperature class="extremeMax" units="°C" unitType="metric" year="1993" period="1938-2013">12.0</temperature>
                  <temperature class="extremeMin" units="°C" unitType="metric" year="1981" period="1938-2013">-31.3</temperature>
                  <temperature class="normalMax" units="°C" unitType="metric">-1.6</temperature>
                  <temperature class="normalMin" units="°C" unitType="metric">-9.7</temperature>
                  <temperature class="normalMean" units="°C" unitType="metric">-5.7</temperature>
                  <precipitation class="extremeRainfall" units="mm" unitType="metric" year="1993" period="1938-2013">17.7</precipitation>
                  <precipitation class="extremeSnowfall" units="cm" unitType="metric" year="1941" period="1938-2013">8.9</precipitation>
                  <precipitation class="extremePrecipitation" units="mm" unitType="metric" year="1993" period="1938-2013">17.7</precipitation>
                  <precipitation class="extremeSnowOnGround" units="cm" unitType="metric" year="1999" period="1955-2013">20</precipitation>
                  <pop units="%">49.0</pop>
            </day>
            <day index="5">
                  <temperature class="extremeMax" units="°C" unitType="metric" year="2007" period="1938-2013">11.1</temperature>
                  <temperature class="extremeMin" units="°C" unitType="metric" year="1959" period="1938-2013">-20.6</temperature>
                  <temperature class="normalMax" units="°C" unitType="metric">-1.6</temperature>
                  <temperature class="normalMin" units="°C" unitType="metric">-9.8</temperature>
                  <temperature class="normalMean" units="°C" unitType="metric">-5.7</temperature>
                  <precipitation class="extremeRainfall" units="mm" unitType="metric" year="1998" period="1938-2013">12.2</precipitation>
                  <precipitation class="extremeSnowfall" units="cm" unitType="metric" year="1940" period="1938-2013">16.5</precipitation>
                  <precipitation class="extremePrecipitation" units="mm" unitType="metric" year="1940" period="1938-2013">16.5</precipitation>
                  <precipitation class="extremeSnowOnGround" units="cm" unitType="metric" year="1999" period="1955-2013">20</precipitation>
                  <pop units="%">49.0</pop>
            </day>
            <day index="6">
                  <temperature class="extremeMax" units="°C" unitType="metric" year="1946" period="1938-2013">13.9</temperature>
                  <temperature class="extremeMin" units="°C" unitType="metric" year="1945" period="1938-2013">-26.1</temperature>
                  <temperature class="normalMax" units="°C" unitType="metric">-1.7</temperature>
                  <temperature class="normalMin" units="°C" unitType="metric">-9.9</temperature>
                  <temperature class="normalMean" units="°C" unitType="metric">-5.8</temperature>
                  <precipitation class="extremeRainfall" units="mm" unitType="metric" year="1962" period="1938-2013">7.1</precipitation>
                  <precipitation class="extremeSnowfall" units="cm" unitType="metric" year="1950" period="1938-2013">17.8</precipitation>
                  <precipitation class="extremePrecipitation" units="mm" unitType="metric" year="1950" period="1938-2013">17.8</precipitation>
                  <precipitation class="extremeSnowOnGround" units="cm" unitType="metric" year="1999" period="1955-2013">20</precipitation>
                  <pop units="%">49.0</pop>
            </day>
            <day index="7">
                  <temperature class="extremeMax" units="°C" unitType="metric" year="2008" period="1938-2013">14.9</temperature>
                  <temperature class="extremeMin" units="°C" unitType="metric" year="1940" period="1938-2013">-26.1</temperature>
                  <temperature class="normalMax" units="°C" unitType="metric">-1.8</temperature>
                  <temperature class="normalMin" units="°C" unitType="metric">-10.0</temperature>
                  <temperature class="normalMean" units="°C" unitType="metric">-5.9</temperature>
                  <precipitation class="extremeRainfall" units="mm" unitType="metric" year="1998" period="1938-2013">21.6</precipitation>
                  <precipitation class="extremeSnowfall" units="cm" unitType="metric" year="1966" period="1938-2013">10.4</precipitation>
                  <precipitation class="extremePrecipitation" units="mm" unitType="metric" year="1998" period="1938-2013">21.6</precipitation>
                  <precipitation class="extremeSnowOnGround" units="cm" unitType="metric" year="1969" period="1955-2013">23</precipitation>
                  <pop units="%">49.0</pop>
            </day>
            <day index="8">
                  <temperature class="extremeMax" units="°C" unitType="metric" year="2008" period="1938-2013">15.5</temperature>
                  <temperature class="extremeMin" units="°C" unitType="metric" year="1968" period="1938-2013">-26.1</temperature>
                  <temperature class="normalMax" units="°C" unitType="metric">-1.9</temperature>
                  <temperature class="normalMin" units="°C" unitType="metric">-10.1</temperature>
                  <temperature class="normalMean" units="°C" unitType="metric">-6.0</temperature>
                  <precipitation class="extremeRainfall" units="mm" unitType="metric" year="1978" period="1938-2013">15.8</precipitation>
                  <precipitation class="extremeSnowfall" units="cm" unitType="metric" year="2011" period="1938-2013">11.2</precipitation>
                  <precipitation class="extremePrecipitation" units="mm" unitType="metric" year="1978" period="1938-2013">19.2</precipitation>
                  <precipitation class="extremeSnowOnGround" units="cm" unitType="metric" year="1999" period="1955-2013">21</precipitation>
                  <pop units="%">49.0</pop>
            </day>
            <day index="9">
                  <temperature class="extremeMax" units="°C" unitType="metric" year="2008" period="1938-2013">11.6</temperature>
                  <temperature class="extremeMin" units="°C" unitType="metric" year="1943" period="1938-2013">-27.2</temperature>
                  <temperature class="normalMax" units="°C" unitType="metric">-1.9</temperature>
                  <temperature class="normalMin" units="°C" unitType="metric">-10.2</temperature>
                  <temperature class="normalMean" units="°C" unitType="metric">-6.1</temperature>
                  <precipitation class="extremeRainfall" units="mm" unitType="metric" year="1946" period="1938-2013">58.7</precipitation>
                  <precipitation class="extremeSnowfall" units="cm" unitType="metric" year="1997" period="1938-2013">12.6</precipitation>
                  <precipitation class="extremePrecipitation" units="mm" unitType="metric" year="1946" period="1938-2013">58.7</precipitation>
                  <precipitation class="extremeSnowOnGround" units="cm" unitType="metric" year="1999" period="1955-2013">30</precipitation>
                  <pop units="%">49.0</pop>
            </day>
            <day index="10">
                  <temperature class="extremeMax" units="°C" unitType="metric" year="1950" period="1938-2013">9.4</temperature>
                  <temperature class="extremeMin" units="°C" unitType="metric" year="1945" period="1938-2013">-26.7</temperature>
                  <temperature class="normalMax" units="°C" unitType="metric">-2.0</temperature>
                  <temperature class="normalMin" units="°C" unitType="metric">-10.3</temperature>
                  <temperature class="normalMean" units="°C" unitType="metric">-6.2</temperature>
                  <precipitation class="extremeRainfall" units="mm" unitType="metric" year="1983" period="1938-2013">15.5</precipitation>
                  <precipitation class="extremeSnowfall" units="cm" unitType="metric" year="1977" period="1938-2013">18.7</precipitation>
                  <precipitation class="extremePrecipitation" units="mm" unitType="metric" year="1977" period="1938-2013">18.2</precipitation>
                  <precipitation class="extremeSnowOnGround" units="cm" unitType="metric" year="1999" period="1955-2013">31</precipitation>
                  <pop units="%">49.0</pop>
            </day>
            <day index="11">
                  <temperature class="extremeMax" units="°C" unitType="metric" year="1975" period="1938-2013">11.7</temperature>
                  <temperature class="extremeMin" units="°C" unitType="metric" year="1968" period="1938-2013">-26.7</temperature>
                  <temperature class="normalMax" units="°C" unitType="metric">-2.0</temperature>
                  <temperature class="normalMin" units="°C" unitType="metric">-10.3</temperature>
                  <temperature class="normalMean" units="°C" unitType="metric">-6.2</temperature>
                  <precipitation class="extremeRainfall" units="mm" unitType="metric" year="1980" period="1938-2013">25.0</precipitation>
                  <precipitation class="extremeSnowfall" units="cm" unitType="metric" year="1991" period="1938-2013">9.8</precipitation>
                  <precipitation class="extremePrecipitation" units="mm" unitType="metric" year="1980" period="1938-2013">25.0</precipitation>
                  <precipitation class="extremeSnowOnGround" units="cm" unitType="metric" year="1999" period="1955-2013">31</precipitation>
                  <pop units="%">49.0</pop>
            </day>
            <day index="12">
                  <temperature class="extremeMax" units="°C" unitType="metric" year="2013" period="1938-2013">14.8</temperature>
                  <temperature class="extremeMin" units="°C" unitType="metric" year="1982" period="1938-2013">-26.4</temperature>
                  <temperature class="normalMax" units="°C" unitType="metric">-2.1</temperature>
                  <temperature class="normalMin" units="°C" unitType="metric">-10.4</temperature>
                  <temperature class="normalMean" units="°C" unitType="metric">-6.3</temperature>
                  <precipitation class="extremeRainfall" units="mm" unitType="metric" year="1960" period="1938-2013">22.6</precipitation>
                  <precipitation class="extremeSnowfall" units="cm" unitType="metric" year="1938" period="1938-2013">12.2</precipitation>
                  <precipitation class="extremePrecipitation" units="mm" unitType="metric" year="1960" period="1938-2013">22.6</precipitation>
                  <precipitation class="extremeSnowOnGround" units="cm" unitType="metric" year="1999" period="1955-2013">36</precipitation>
                  <pop units="%">49.0</pop>
            </day>
            <day index="13">
                  <temperature class="extremeMax" units="°C" unitType="metric" year="2005" period="1938-2013">17.6</temperature>
                  <temperature class="extremeMin" units="°C" unitType="metric" year="1999" period="1938-2013">-22.5</temperature>
                  <temperature class="normalMax" units="°C" unitType="metric">-2.1</temperature>
                  <temperature class="normalMin" units="°C" unitType="metric">-10.5</temperature>
                  <temperature class="normalMean" units="°C" unitType="metric">-6.3</temperature>
                  <precipitation class="extremeRainfall" units="mm" unitType="metric" year="2013" period="1938-2013">29.8</precipitation>
                  <precipitation class="extremeSnowfall" units="cm" unitType="metric" year="1976" period="1938-2013">15.0</precipitation>
                  <precipitation class="extremePrecipitation" units="mm" unitType="metric" year="2013" period="1938-2013">29.8</precipitation>
                  <precipitation class="extremeSnowOnGround" units="cm" unitType="metric" year="1999" period="1955-2013">48</precipitation>
                  <pop units="%">49.0</pop>
            </day>
            <day index="14">
                  <temperature class="extremeMax" units="°C" unitType="metric" year="1995" period="1938-2013">12.9</temperature>
                  <temperature class="extremeMin" units="°C" unitType="metric" year="1941" period="1938-2013">-25.6</temperature>
                  <temperature class="normalMax" units="°C" unitType="metric">-2.2</temperature>
                  <temperature class="normalMin" units="°C" unitType="metric">-10.5</temperature>
                  <temperature class="normalMean" units="°C" unitType="metric">-6.4</temperature>
                  <precipitation class="extremeRainfall" units="mm" unitType="metric" year="1968" period="1938-2013">29.0</precipitation>
                  <precipitation class="extremeSnowfall" units="cm" unitType="metric" year="1968" period="1938-2013">20.8</precipitation>
                  <precipitation class="extremePrecipitation" units="mm" unitType="metric" year="1968" period="1938-2013">49.8</precipitation>
                  <precipitation class="extremeSnowOnGround" units="cm" unitType="metric" year="1999" period="1955-2013">48</precipitation>
                  <pop units="%">49.0</pop>
            </day>
            <day index="15">
                  <temperature class="extremeMax" units="°C" unitType="metric" year="1953" period="1938-2013">10.6</temperature>
                  <temperature class="extremeMin" units="°C" unitType="metric" year="1994" period="1938-2013">-28.4</temperature>
                  <temperature class="normalMax" units="°C" unitType="metric">-2.2</temperature>
                  <temperature class="normalMin" units="°C" unitType="metric">-10.6</temperature>
                  <temperature class="normalMean" units="°C" unitType="metric">-6.4</temperature>
                  <precipitation class="extremeRainfall" units="mm" unitType="metric" year="1995" period="1938-2013">43.4</precipitation>
                  <precipitation class="extremeSnowfall" units="cm" unitType="metric" year="1999" period="1938-2013">11.2</precipitation>
                  <precipitation class="extremePrecipitation" units="mm" unitType="metric" year="1995" period="1938-2013">43.4</precipitation>
                  <precipitation class="extremeSnowOnGround" units="cm" unitType="metric" year="1999" period="1955-2013">67</precipitation>
                  <pop units="%">49.0</pop>
            </day>
            <day index="16">
                  <temperature class="extremeMax" units="°C" unitType="metric" year="1949" period="1938-2013">11.1</temperature>
                  <temperature class="extremeMin" units="°C" unitType="metric" year="1994" period="1938-2013">-31.0</temperature>
                  <temperature class="normalMax" units="°C" unitType="metric">-2.3</temperature>
                  <temperature class="normalMin" units="°C" unitType="metric">-10.7</temperature>
                  <temperature class="normalMean" units="°C" unitType="metric">-6.5</temperature>
                  <precipitation class="extremeRainfall" units="mm" unitType="metric" year="1995" period="1938-2013">13.4</precipitation>
                  <precipitation class="extremeSnowfall" units="cm" unitType="metric" year="1938" period="1938-2013">10.9</precipitation>
                  <precipitation class="extremePrecipitation" units="mm" unitType="metric" year="1995" period="1938-2013">13.4</precipitation>
                  <precipitation class="extremeSnowOnGround" units="cm" unitType="metric" year="1999" period="1955-2013">67</precipitation>
                  <pop units="%">49.0</pop>
            </day>
            <day index="17">
                  <temperature class="extremeMax" units="°C" unitType="metric" year="2012" period="1938-2013">10.0</temperature>
                  <temperature class="extremeMin" units="°C" unitType="metric" year="1976" period="1938-2013">-25.6</temperature>
                  <temperature class="normalMax" units="°C" unitType="metric">-2.3</temperature>
                  <temperature class="normalMin" units="°C" unitType="metric">-10.7</temperature>
                  <temperature class="normalMean" units="°C" unitType="metric">-6.5</temperature>
                  <precipitation class="extremeRainfall" units="mm" unitType="metric" year="2006" period="1938-2013">18.6</precipitation>
                  <precipitation class="extremeSnowfall" units="cm" unitType="metric" year="1994" period="1938-2013">7.6</precipitation>
                  <precipitation class="extremePrecipitation" units="mm" unitType="metric" year="2006" period="1938-2013">18.6</precipitation>
                  <precipitation class="extremeSnowOnGround" units="cm" unitType="metric" year="1999" period="1955-2013">55</precipitation>
                  <pop units="%">49.0</pop>
            </day>
            <day index="18">
                  <temperature class="extremeMax" units="°C" unitType="metric" year="1996" period="1938-2013">12.0</temperature>
                  <temperature class="extremeMin" units="°C" unitType="metric" year="1976" period="1938-2013">-30.0</temperature>
                  <temperature class="normalMax" units="°C" unitType="metric">-2.3</temperature>
                  <temperature class="normalMin" units="°C" unitType="metric">-10.7</temperature>
                  <temperature class="normalMean" units="°C" unitType="metric">-6.5</temperature>
                  <precipitation class="extremeRainfall" units="mm" unitType="metric" year="1949" period="1938-2013">17.3</precipitation>
                  <precipitation class="extremeSnowfall" units="cm" unitType="metric" year="1987" period="1938-2013">9.4</precipitation>
                  <precipitation class="extremePrecipitation" units="mm" unitType="metric" year="1949" period="1938-2013">17.3</precipitation>
                  <precipitation class="extremeSnowOnGround" units="cm" unitType="metric" year="1999" period="1955-2013">40</precipitation>
                  <pop units="%">49.0</pop>
            </day>
            <day index="19">
                  <temperature class="extremeMax" units="°C" unitType="metric" year="1996" period="1938-2013">10.3</temperature>
                  <temperature class="extremeMin" units="°C" unitType="metric" year="1994" period="1938-2013">-25.0</temperature>
                  <temperature class="normalMax" units="°C" unitType="metric">-2.3</temperature>
                  <temperature class="normalMin" units="°C" unitType="metric">-10.8</temperature>
                  <temperature class="normalMean" units="°C" unitType="metric">-6.6</temperature>
                  <precipitation class="extremeRainfall" units="mm" unitType="metric" year="1952" period="1938-2013">14.0</precipitation>
                  <precipitation class="extremeSnowfall" units="cm" unitType="metric" year="1987" period="1938-2013">13.0</precipitation>
                  <precipitation class="extremePrecipitation" units="mm" unitType="metric" year="1952" period="1938-2013">19.8</precipitation>
                  <precipitation class="extremeSnowOnGround" units="cm" unitType="metric" year="1976" period="1955-2013">38</precipitation>
                  <pop units="%">49.0</pop>
            </day>
            <day index="20">
                  <temperature class="extremeMax" units="°C" unitType="metric" year="2006" period="1938-2013">11.4</temperature>
                  <temperature class="extremeMin" units="°C" unitType="metric" year="1939" period="1938-2013">-23.3</temperature>
                  <temperature class="normalMax" units="°C" unitType="metric">-2.4</temperature>
                  <temperature class="normalMin" units="°C" unitType="metric">-10.8</temperature>
                  <temperature class="normalMean" units="°C" unitType="metric">-6.6</temperature>
                  <precipitation class="extremeRainfall" units="mm" unitType="metric" year="1995" period="1938-2013">33.6</precipitation>
                  <precipitation class="extremeSnowfall" units="cm" unitType="metric" year="1972" period="1938-2013">12.2</precipitation>
                  <precipitation class="extremePrecipitation" units="mm" unitType="metric" year="1995" period="1938-2013">33.6</precipitation>
                  <precipitation class="extremeSnowOnGround" units="cm" unitType="metric" year="1976" period="1955-2013">38</precipitation>
                  <pop units="%">49.0</pop>
            </day>
            <day index="21">
                  <temperature class="extremeMax" units="°C" unitType="metric" year="1959" period="1938-2013">9.4</temperature>
                  <temperature class="extremeMin" units="°C" unitType="metric" year="1970" period="1938-2013">-25.6</temperature>
                  <temperature class="normalMax" units="°C" unitType="metric">-2.4</temperature>
                  <temperature class="normalMin" units="°C" unitType="metric">-10.9</temperature>
                  <temperature class="normalMean" units="°C" unitType="metric">-6.7</temperature>
                  <precipitation class="extremeRainfall" units="mm" unitType="metric" year="2006" period="1938-2013">9.6</precipitation>
                  <precipitation class="extremeSnowfall" units="cm" unitType="metric" year="1979" period="1938-2013">8.9</precipitation>
                  <precipitation class="extremePrecipitation" units="mm" unitType="metric" year="2006" period="1938-2013">12.2</precipitation>
                  <precipitation class="extremeSnowOnGround" units="cm" unitType="metric" year="1976" period="1955-2013">38</precipitation>
                  <pop units="%">49.0</pop>
            </day>
            <day index="22">
                  <temperature class="extremeMax" units="°C" unitType="metric" year="1957" period="1938-2013">12.2</temperature>
                  <temperature class="extremeMin" units="°C" unitType="metric" year="1976" period="1938-2013">-28.3</temperature>
                  <temperature class="normalMax" units="°C" unitType="metric">-2.4</temperature>
                  <temperature class="normalMin" units="°C" unitType="metric">-10.9</temperature>
                  <temperature class="normalMean" units="°C" unitType="metric">-6.7</temperature>
                  <precipitation class="extremeRainfall" units="mm" unitType="metric" year="1957" period="1938-2013">18.0</precipitation>
                  <precipitation class="extremeSnowfall" units="cm" unitType="metric" year="2005" period="1938-2013">9.6</precipitation>
                  <precipitation class="extremePrecipitation" units="mm" unitType="metric" year="1957" period="1938-2013">24.4</precipitation>
                  <precipitation class="extremeSnowOnGround" units="cm" unitType="metric" year="1976" period="1955-2013">38</precipitation>
                  <pop units="%">49.0</pop>
            </day>
            <day index="23">
                  <temperature class="extremeMax" units="°C" unitType="metric" year="1967" period="1938-2013">11.7</temperature>
                  <temperature class="extremeMin" units="°C" unitType="metric" year="1976" period="1938-2013">-31.1</temperature>
                  <temperature class="normalMax" units="°C" unitType="metric">-2.4</temperature>
                  <temperature class="normalMin" units="°C" unitType="metric">-10.9</temperature>
                  <temperature class="normalMean" units="°C" unitType="metric">-6.7</temperature>
                  <precipitation class="extremeRainfall" units="mm" unitType="metric" year="1999" period="1938-2013">14.4</precipitation>
                  <precipitation class="extremeSnowfall" units="cm" unitType="metric" year="1966" period="1938-2013">36.8</precipitation>
                  <precipitation class="extremePrecipitation" units="mm" unitType="metric" year="1966" period="1938-2013">32.5</precipitation>
                  <precipitation class="extremeSnowOnGround" units="cm" unitType="metric" year="1966" period="1955-2013">36</precipitation>
                  <pop units="%">49.0</pop>
            </day>
            <day index="24">
                  <temperature class="extremeMax" units="°C" unitType="metric" year="1999" period="1938-2013">7.7</temperature>
                  <temperature class="extremeMin" units="°C" unitType="metric" year="1970" period="1938-2013">-27.8</temperature>
                  <temperature class="normalMax" units="°C" unitType="metric">-2.4</temperature>
                  <temperature class="normalMin" units="°C" unitType="metric">-10.9</temperature>
                  <temperature class="normalMean" units="°C" unitType="metric">-6.7</temperature>
                  <precipitation class="extremeRainfall" units="mm" unitType="metric" year="1979" period="1938-2013">18.2</precipitation>
                  <precipitation class="extremeSnowfall" units="cm" unitType="metric" year="1997" period="1938-2013">9.4</precipitation>
                  <precipitation class="extremePrecipitation" units="mm" unitType="metric" year="1979" period="1938-2013">22.4</precipitation>
                  <precipitation class="extremeSnowOnGround" units="cm" unitType="metric" year="1966" period="1955-2013">43</precipitation>
                  <pop units="%">49.0</pop>
            </day>
            <day index="25">
                  <temperature class="extremeMax" units="°C" unitType="metric" year="1950" period="1938-2013">16.7</temperature>
                  <temperature class="extremeMin" units="°C" unitType="metric" year="1945" period="1938-2013">-28.3</temperature>
                  <temperature class="normalMax" units="°C" unitType="metric">-2.4</temperature>
                  <temperature class="normalMin" units="°C" unitType="metric">-10.9</temperature>
                  <temperature class="normalMean" units="°C" unitType="metric">-6.7</temperature>
                  <precipitation class="extremeRainfall" units="mm" unitType="metric" year="1975" period="1938-2013">13.7</precipitation>
                  <precipitation class="extremeSnowfall" units="cm" unitType="metric" year="2005" period="1938-2013">7.8</precipitation>
                  <precipitation class="extremePrecipitation" units="mm" unitType="metric" year="1964" period="1938-2013">15.5</precipitation>
                  <precipitation class="extremeSnowOnGround" units="cm" unitType="metric" year="1966" period="1955-2013">43</precipitation>
                  <pop units="%">49.0</pop>
            </day>
            <day index="26">
                  <temperature class="extremeMax" units="°C" unitType="metric" year="1944" period="1938-2013">12.8</temperature>
                  <temperature class="extremeMin" units="°C" unitType="metric" year="1939" period="1938-2013">-29.4</temperature>
                  <temperature class="normalMax" units="°C" unitType="metric">-2.4</temperature>
                  <temperature class="normalMin" units="°C" unitType="metric">-10.9</temperature>
                  <temperature class="normalMean" units="°C" unitType="metric">-6.7</temperature>
                  <precipitation class="extremeRainfall" units="mm" unitType="metric" year="1974" period="1938-2013">16.3</precipitation>
                  <precipitation class="extremeSnowfall" units="cm" unitType="metric" year="2004" period="1938-2013">17.6</precipitation>
                  <precipitation class="extremePrecipitation" units="mm" unitType="metric" year="1978" period="1938-2013">18.4</precipitation>
                  <precipitation class="extremeSnowOnGround" units="cm" unitType="metric" year="1966" period="1955-2013">41</precipitation>
                  <pop units="%">49.0</pop>
            </day>
            <day index="27">
                  <temperature class="extremeMax" units="°C" unitType="metric" year="2002" period="1938-2013">11.2</temperature>
                  <temperature class="extremeMin" units="°C" unitType="metric" year="2003" period="1938-2013">-22.9</temperature>
                  <temperature class="normalMax" units="°C" unitType="metric">-2.4</temperature>
                  <temperature class="normalMin" units="°C" unitType="metric">-10.9</temperature>
                  <temperature class="normalMean" units="°C" unitType="metric">-6.7</temperature>
                  <precipitation class="extremeRainfall" units="mm" unitType="metric" year="1996" period="1938-2013">17.2</precipitation>
                  <precipitation class="extremeSnowfall" units="cm" unitType="metric" year="2004" period="1938-2013">14.0</precipitation>
                  <precipitation class="extremePrecipitation" units="mm" unitType="metric" year="1996" period="1938-2013">19.0</precipitation>
                  <precipitation class="extremeSnowOnGround" units="cm" unitType="metric" year="1966" period="1955-2013">43</precipitation>
                  <pop units="%">49.0</pop>
            </day>
            <day index="28">
                  <temperature class="extremeMax" units="°C" unitType="metric" year="2002" period="1938-2013">11.2</temperature>
                  <temperature class="extremeMin" units="°C" unitType="metric" year="1984" period="1938-2013">-22.8</temperature>
                  <temperature class="normalMax" units="°C" unitType="metric">-2.4</temperature>
                  <temperature class="normalMin" units="°C" unitType="metric">-10.9</temperature>
                  <temperature class="normalMean" units="°C" unitType="metric">-6.7</temperature>
                  <precipitation class="extremeRainfall" units="mm" unitType="metric" year="1994" period="1938-2013">14.8</precipitation>
                  <precipitation class="extremeSnowfall" units="cm" unitType="metric" year="2009" period="1938-2013">13.4</precipitation>
                  <precipitation class="extremePrecipitation" units="mm" unitType="metric" year="1994" period="1938-2013">15.2</precipitation>
                  <precipitation class="extremeSnowOnGround" units="cm" unitType="metric" year="2004" period="1955-2013">46</precipitation>
                  <pop units="%">49.0</pop>
            </day>
            <day index="29">
                  <temperature class="extremeMax" units="°C" unitType="metric" year="1950" period="1938-2013">8.9</temperature>
                  <temperature class="extremeMin" units="°C" unitType="metric" year="1952" period="1938-2013">-23.3</temperature>
                  <temperature class="normalMax" units="°C" unitType="metric">-2.4</temperature>
                  <temperature class="normalMin" units="°C" unitType="metric">-10.9</temperature>
                  <temperature class="normalMean" units="°C" unitType="metric">-6.7</temperature>
                  <precipitation class="extremeRainfall" units="mm" unitType="metric" year="2006" period="1938-2013">15.8</precipitation>
                  <precipitation class="extremeSnowfall" units="cm" unitType="metric" year="1947" period="1938-2013">16.0</precipitation>
                  <precipitation class="extremePrecipitation" units="mm" unitType="metric" year="1947" period="1938-2013">16.0</precipitation>
                  <precipitation class="extremeSnowOnGround" units="cm" unitType="metric" year="2004" period="1955-2013">46</precipitation>
                  <pop units="%">49.0</pop>
            </day>
            <day index="30">
                  <temperature class="extremeMax" units="°C" unitType="metric" year="2013" period="1938-2013">14.0</temperature>
                  <temperature class="extremeMin" units="°C" unitType="metric" year="1948" period="1938-2013">-26.1</temperature>
                  <temperature class="normalMax" units="°C" unitType="metric">-2.3</temperature>
                  <temperature class="normalMin" units="°C" unitType="metric">-10.9</temperature>
                  <temperature class="normalMean" units="°C" unitType="metric">-6.6</temperature>
                  <precipitation class="extremeRainfall" units="mm" unitType="metric" year="2001" period="1938-2013">12.6</precipitation>
                  <precipitation class="extremeSnowfall" units="cm" unitType="metric" year="1956" period="1938-2013">18.8</precipitation>
                  <precipitation class="extremePrecipitation" units="mm" unitType="metric" year="1956" period="1938-2013">18.8</precipitation>
                  <precipitation class="extremeSnowOnGround" units="cm" unitType="metric" year="2004" period="1955-2013">46</precipitation>
                  <pop units="%">49.0</pop>
            </day>
            <day index="31">
                  <temperature class="extremeMax" units="°C" unitType="metric" year="1988" period="1938-2013">14.0</temperature>
                  <temperature class="extremeMin" units="°C" unitType="metric" year="1948" period="1938-2013">-25.6</temperature>
                  <temperature class="normalMax" units="°C" unitType="metric">-2.3</temperature>
                  <temperature class="normalMin" units="°C" unitType="metric">-10.8</temperature>
                  <temperature class="normalMean" units="°C" unitType="metric">-6.6</temperature>
                  <precipitation class="extremeRainfall" units="mm" unitType="metric" year="1942" period="1938-2013">5.8</precipitation>
                  <precipitation class="extremeSnowfall" units="cm" unitType="metric" year="2002" period="1938-2013">16.4</precipitation>
                  <precipitation class="extremePrecipitation" units="mm" unitType="metric" year="2002" period="1938-2013">17.6</precipitation>
                  <precipitation class="extremeSnowOnGround" units="cm" unitType="metric" year="2004" period="1955-2013">46</precipitation>
                  <pop units="%">49.0</pop>
            </day>
      </month>

      <month index="2">

            <day index="1">
                  <temperature class="extremeMax" units="°C" unitType="metric" year="1989" period="1938-2013">10.0</temperature>
                  <temperature class="extremeMin" units="°C" unitType="metric" year="1962" period="1938-2013">-23.3</temperature>
                  <temperature class="normalMax" units="°C" unitType="metric">-2.3</temperature>
                  <temperature class="normalMin" units="°C" unitType="metric">-10.8</temperature>
                  <temperature class="normalMean" units="°C" unitType="metric">-6.6</temperature>
                  <precipitation class="extremeRainfall" units="mm" unitType="metric" year="1968" period="1938-2013">26.9</precipitation>
                  <precipitation class="extremeSnowfall" units="cm" unitType="metric" year="2008" period="1938-2013">16.4</precipitation>
                  <precipitation class="extremePrecipitation" units="mm" unitType="metric" year="1968" period="1938-2013">26.9</precipitation>
                  <precipitation class="extremeSnowOnGround" units="cm" unitType="metric" year="2004" period="1955-2013">44</precipitation>
                  <pop units="%">41.0</pop>
            </day>
            <day index="2">
                  <temperature class="extremeMax" units="°C" unitType="metric" year="1968" period="1938-2013">7.2</temperature>
                  <temperature class="extremeMin" units="°C" unitType="metric" year="1961" period="1938-2013">-25.0</temperature>
                  <temperature class="normalMax" units="°C" unitType="metric">-2.2</temperature>
                  <temperature class="normalMin" units="°C" unitType="metric">-10.8</temperature>
                  <temperature class="normalMean" units="°C" unitType="metric">-6.5</temperature>
                  <precipitation class="extremeRainfall" units="mm" unitType="metric" year="1973" period="1938-2013">17.3</precipitation>
                  <precipitation class="extremeSnowfall" units="cm" unitType="metric" year="2011" period="1938-2013">12.8</precipitation>
                  <precipitation class="extremePrecipitation" units="mm" unitType="metric" year="1973" period="1938-2013">17.3</precipitation>
                  <precipitation class="extremeSnowOnGround" units="cm" unitType="metric" year="1966" period="1955-2013">41</precipitation>
                  <pop units="%">41.0</pop>
            </day>
            <day index="3">
                  <temperature class="extremeMax" units="°C" unitType="metric" year="1991" period="1938-2013">9.3</temperature>
                  <temperature class="extremeMin" units="°C" unitType="metric" year="1955" period="1938-2013">-25.0</temperature>
                  <temperature class="normalMax" units="°C" unitType="metric">-2.2</temperature>
                  <temperature class="normalMin" units="°C" unitType="metric">-10.7</temperature>
                  <temperature class="normalMean" units="°C" unitType="metric">-6.5</temperature>
                  <precipitation class="extremeRainfall" units="mm" unitType="metric" year="1952" period="1938-2013">18.0</precipitation>
                  <precipitation class="extremeSnowfall" units="cm" unitType="metric" year="1972" period="1938-2013">17.5</precipitation>
                  <precipitation class="extremePrecipitation" units="mm" unitType="metric" year="1972" period="1938-2013">21.3</precipitation>
                  <precipitation class="extremeSnowOnGround" units="cm" unitType="metric" year="1966" period="1955-2013">38</precipitation>
                  <pop units="%">41.0</pop>
            </day>
            <day index="4">
                  <temperature class="extremeMax" units="°C" unitType="metric" year="1991" period="1938-2013">11.0</temperature>
                  <temperature class="extremeMin" units="°C" unitType="metric" year="1946" period="1938-2013">-24.4</temperature>
                  <temperature class="normalMax" units="°C" unitType="metric">-2.2</temperature>
                  <temperature class="normalMin" units="°C" unitType="metric">-10.7</temperature>
                  <temperature class="normalMean" units="°C" unitType="metric">-6.5</temperature>
                  <precipitation class="extremeRainfall" units="mm" unitType="metric" year="2006" period="1938-2013">19.4</precipitation>
                  <precipitation class="extremeSnowfall" units="cm" unitType="metric" year="1945" period="1938-2013">11.4</precipitation>
                  <precipitation class="extremePrecipitation" units="mm" unitType="metric" year="2006" period="1938-2013">22.4</precipitation>
                  <precipitation class="extremeSnowOnGround" units="cm" unitType="metric" year="1982" period="1955-2013">37</precipitation>
                  <pop units="%">41.0</pop>
            </day>
            <day index="5">
                  <temperature class="extremeMax" units="°C" unitType="metric" year="1962" period="1938-2013">8.9</temperature>
                  <temperature class="extremeMin" units="°C" unitType="metric" year="1948" period="1938-2013">-25.6</temperature>
                  <temperature class="normalMax" units="°C" unitType="metric">-2.1</temperature>
                  <temperature class="normalMin" units="°C" unitType="metric">-10.7</temperature>
                  <temperature class="normalMean" units="°C" unitType="metric">-6.4</temperature>
                  <precipitation class="extremeRainfall" units="mm" unitType="metric" year="1938" period="1938-2013">25.1</precipitation>
                  <precipitation class="extremeSnowfall" units="cm" unitType="metric" year="2011" period="1938-2013">11.6</precipitation>
                  <precipitation class="extremePrecipitation" units="mm" unitType="metric" year="1938" period="1938-2013">25.1</precipitation>
                  <precipitation class="extremeSnowOnGround" units="cm" unitType="metric" year="1982" period="1955-2013">37</precipitation>
                  <pop units="%">41.0</pop>
            </day>
            <day index="6">
                  <temperature class="extremeMax" units="°C" unitType="metric" year="1938" period="1938-2013">9.4</temperature>
                  <temperature class="extremeMin" units="°C" unitType="metric" year="1967" period="1938-2013">-25.0</temperature>
                  <temperature class="normalMax" units="°C" unitType="metric">-2.0</temperature>
                  <temperature class="normalMin" units="°C" unitType="metric">-10.6</temperature>
                  <temperature class="normalMean" units="°C" unitType="metric">-6.3</temperature>
                  <precipitation class="extremeRainfall" units="mm" unitType="metric" year="1943" period="1938-2013">5.1</precipitation>
                  <precipitation class="extremeSnowfall" units="cm" unitType="metric" year="2008" period="1938-2013">30.4</precipitation>
                  <precipitation class="extremePrecipitation" units="mm" unitType="metric" year="2008" period="1938-2013">31.4</precipitation>
                  <precipitation class="extremeSnowOnGround" units="cm" unitType="metric" year="1982" period="1955-2013">43</precipitation>
                  <pop units="%">41.0</pop>
            </day>
            <day index="7">
                  <temperature class="extremeMax" units="°C" unitType="metric" year="2009" period="1938-2013">7.9</temperature>
                  <temperature class="extremeMin" units="°C" unitType="metric" year="1963" period="1938-2013">-23.3</temperature>
                  <temperature class="normalMax" units="°C" unitType="metric">-2.0</temperature>
                  <temperature class="normalMin" units="°C" unitType="metric">-10.5</temperature>
                  <temperature class="normalMean" units="°C" unitType="metric">-6.3</temperature>
                  <precipitation class="extremeRainfall" units="mm" unitType="metric" year="1965" period="1938-2013">4.1</precipitation>
                  <precipitation class="extremeSnowfall" units="cm" unitType="metric" year="1942" period="1938-2013">18.5</precipitation>
                  <precipitation class="extremePrecipitation" units="mm" unitType="metric" year="1942" period="1938-2013">18.5</precipitation>
                  <precipitation class="extremeSnowOnGround" units="cm" unitType="metric" year="1982" period="1955-2013">43</precipitation>
                  <pop units="%">41.0</pop>
            </day>
            <day index="8">
                  <temperature class="extremeMax" units="°C" unitType="metric" year="1990" period="1938-2013">9.0</temperature>
                  <temperature class="extremeMin" units="°C" unitType="metric" year="1963" period="1938-2013">-23.3</temperature>
                  <temperature class="normalMax" units="°C" unitType="metric">-1.9</temperature>
                  <temperature class="normalMin" units="°C" unitType="metric">-10.5</temperature>
                  <temperature class="normalMean" units="°C" unitType="metric">-6.2</temperature>
                  <precipitation class="extremeRainfall" units="mm" unitType="metric" year="2001" period="1939-2013">12.6</precipitation>
                  <precipitation class="extremeSnowfall" units="cm" unitType="metric" year="2001" period="1938-2013">27.2</precipitation>
                  <precipitation class="extremePrecipitation" units="mm" unitType="metric" year="2001" period="1939-2013">40.4</precipitation>
                  <precipitation class="extremeSnowOnGround" units="cm" unitType="metric" year="1982" period="1955-2013">41</precipitation>
                  <pop units="%">41.0</pop>
            </day>
            <day index="9">
                  <temperature class="extremeMax" units="°C" unitType="metric" year="1938" period="1938-2013">10.6</temperature>
                  <temperature class="extremeMin" units="°C" unitType="metric" year="1951" period="1938-2013">-26.1</temperature>
                  <temperature class="normalMax" units="°C" unitType="metric">-1.8</temperature>
                  <temperature class="normalMin" units="°C" unitType="metric">-10.4</temperature>
                  <temperature class="normalMean" units="°C" unitType="metric">-6.1</temperature>
                  <precipitation class="extremeRainfall" units="mm" unitType="metric" year="2001" period="1939-2013">20.2</precipitation>
                  <precipitation class="extremeSnowfall" units="cm" unitType="metric" year="2005" period="1938-2013">6.2</precipitation>
                  <precipitation class="extremePrecipitation" units="mm" unitType="metric" year="2001" period="1939-2013">20.2</precipitation>
                  <precipitation class="extremeSnowOnGround" units="cm" unitType="metric" year="1982" period="1955-2013">42</precipitation>
                  <pop units="%">41.0</pop>
            </day>
            <day index="10">
                  <temperature class="extremeMax" units="°C" unitType="metric" year="1965" period="1938-2013">10.6</temperature>
                  <temperature class="extremeMin" units="°C" unitType="metric" year="1948" period="1938-2013">-27.8</temperature>
                  <temperature class="normalMax" units="°C" unitType="metric">-1.7</temperature>
                  <temperature class="normalMin" units="°C" unitType="metric">-10.3</temperature>
                  <temperature class="normalMean" units="°C" unitType="metric">-6.0</temperature>
                  <precipitation class="extremeRainfall" units="mm" unitType="metric" year="1943" period="1938-2013">26.4</precipitation>
                  <precipitation class="extremeSnowfall" units="cm" unitType="metric" year="1959" period="1938-2013">10.2</precipitation>
                  <precipitation class="extremePrecipitation" units="mm" unitType="metric" year="1943" period="1938-2013">26.4</precipitation>
                  <precipitation class="extremeSnowOnGround" units="cm" unitType="metric" year="1982" period="1955-2013">40</precipitation>
                  <pop units="%">41.0</pop>
            </day>
            <day index="11">
                  <temperature class="extremeMax" units="°C" unitType="metric" year="2009" period="1938-2013">8.9</temperature>
                  <temperature class="extremeMin" units="°C" unitType="metric" year="1979" period="1938-2013">-27.2</temperature>
                  <temperature class="normalMax" units="°C" unitType="metric">-1.7</temperature>
                  <temperature class="normalMin" units="°C" unitType="metric">-10.2</temperature>
                  <temperature class="normalMean" units="°C" unitType="metric">-6.0</temperature>
                  <precipitation class="extremeRainfall" units="mm" unitType="metric" year="2009" period="1938-2013">25.8</precipitation>
                  <precipitation class="extremeSnowfall" units="cm" unitType="metric" year="1944" period="1938-2013">17.3</precipitation>
                  <precipitation class="extremePrecipitation" units="mm" unitType="metric" year="2009" period="1938-2013">25.8</precipitation>
                  <precipitation class="extremeSnowOnGround" units="cm" unitType="metric" year="1982" period="1955-2013">39</precipitation>
                  <pop units="%">41.0</pop>
            </day>
            <day index="12">
                  <temperature class="extremeMax" units="°C" unitType="metric" year="1999" period="1938-2013">13.2</temperature>
                  <temperature class="extremeMin" units="°C" unitType="metric" year="1967" period="1938-2013">-26.7</temperature>
                  <temperature class="normalMax" units="°C" unitType="metric">-1.6</temperature>
                  <temperature class="normalMin" units="°C" unitType="metric">-10.1</temperature>
                  <temperature class="normalMean" units="°C" unitType="metric">-5.9</temperature>
                  <precipitation class="extremeRainfall" units="mm" unitType="metric" year="1949" period="1938-2013">16.0</precipitation>
                  <precipitation class="extremeSnowfall" units="cm" unitType="metric" year="1985" period="1938-2013">18.2</precipitation>
                  <precipitation class="extremePrecipitation" units="mm" unitType="metric" year="1985" period="1938-2013">25.4</precipitation>
                  <precipitation class="extremeSnowOnGround" units="cm" unitType="metric" year="1982" period="1955-2013">38</precipitation>
                  <pop units="%">41.0</pop>
            </day>
            <day index="13">
                  <temperature class="extremeMax" units="°C" unitType="metric" year="1990" period="1938-2013">11.6</temperature>
                  <temperature class="extremeMin" units="°C" unitType="metric" year="1979" period="1938-2013">-23.2</temperature>
                  <temperature class="normalMax" units="°C" unitType="metric">-1.5</temperature>
                  <temperature class="normalMin" units="°C" unitType="metric">-10.1</temperature>
                  <temperature class="normalMean" units="°C" unitType="metric">-5.8</temperature>
                  <precipitation class="extremeRainfall" units="mm" unitType="metric" year="1948" period="1938-2013">23.4</precipitation>
                  <precipitation class="extremeSnowfall" units="cm" unitType="metric" year="1950" period="1938-2013">12.7</precipitation>
                  <precipitation class="extremePrecipitation" units="mm" unitType="metric" year="1948" period="1938-2013">25.1</precipitation>
                  <precipitation class="extremeSnowOnGround" units="cm" unitType="metric" year="2008" period="1955-2013">48</precipitation>
                  <pop units="%">41.0</pop>
            </day>
            <day index="14">
                  <temperature class="extremeMax" units="°C" unitType="metric" year="1984" period="1938-2013">8.0</temperature>
                  <temperature class="extremeMin" units="°C" unitType="metric" year="1943" period="1938-2013">-23.3</temperature>
                  <temperature class="normalMax" units="°C" unitType="metric">-1.4</temperature>
                  <temperature class="normalMin" units="°C" unitType="metric">-10.0</temperature>
                  <temperature class="normalMean" units="°C" unitType="metric">-5.7</temperature>
                  <precipitation class="extremeRainfall" units="mm" unitType="metric" year="1949" period="1938-2013">21.3</precipitation>
                  <precipitation class="extremeSnowfall" units="cm" unitType="metric" year="1957" period="1938-2013">21.1</precipitation>
                  <precipitation class="extremePrecipitation" units="mm" unitType="metric" year="1949" period="1938-2013">21.3</precipitation>
                  <precipitation class="extremeSnowOnGround" units="cm" unitType="metric" year="2008" period="1955-2013">48</precipitation>
                  <pop units="%">41.0</pop>
            </day>
            <day index="15">
                  <temperature class="extremeMax" units="°C" unitType="metric" year="1954" period="1938-2013">12.2</temperature>
                  <temperature class="extremeMin" units="°C" unitType="metric" year="1943" period="1938-2013">-31.1</temperature>
                  <temperature class="normalMax" units="°C" unitType="metric">-1.2</temperature>
                  <temperature class="normalMin" units="°C" unitType="metric">-9.8</temperature>
                  <temperature class="normalMean" units="°C" unitType="metric">-5.5</temperature>
                  <precipitation class="extremeRainfall" units="mm" unitType="metric" year="2005" period="1938-2013">16.0</precipitation>
                  <precipitation class="extremeSnowfall" units="cm" unitType="metric" year="1990" period="1938-2013">14.0</precipitation>
                  <precipitation class="extremePrecipitation" units="mm" unitType="metric" year="1990" period="1938-2013">21.2</precipitation>
                  <precipitation class="extremeSnowOnGround" units="cm" unitType="metric" year="2008" period="1955-2013">48</precipitation>
                  <pop units="%">41.0</pop>
            </day>
            <day index="16">
                  <temperature class="extremeMax" units="°C" unitType="metric" year="1999" period="1938-2013">7.9</temperature>
                  <temperature class="extremeMin" units="°C" unitType="metric" year="1939" period="1938-2013">-23.9</temperature>
                  <temperature class="normalMax" units="°C" unitType="metric">-1.1</temperature>
                  <temperature class="normalMin" units="°C" unitType="metric">-9.7</temperature>
                  <temperature class="normalMean" units="°C" unitType="metric">-5.4</temperature>
                  <precipitation class="extremeRainfall" units="mm" unitType="metric" year="1942" period="1938-2013">13.0</precipitation>
                  <precipitation class="extremeSnowfall" units="cm" unitType="metric" year="1954" period="1938-2013">19.8</precipitation>
                  <precipitation class="extremePrecipitation" units="mm" unitType="metric" year="1954" period="1938-2013">19.8</precipitation>
                  <precipitation class="extremeSnowOnGround" units="cm" unitType="metric" year="2008" period="1955-2013">48</precipitation>
                  <pop units="%">41.0</pop>
            </day>
            <day index="17">
                  <temperature class="extremeMax" units="°C" unitType="metric" year="2011" period="1938-2013">11.3</temperature>
                  <temperature class="extremeMin" units="°C" unitType="metric" year="1979" period="1938-2013">-26.8</temperature>
                  <temperature class="normalMax" units="°C" unitType="metric">-1.0</temperature>
                  <temperature class="normalMin" units="°C" unitType="metric">-9.6</temperature>
                  <temperature class="normalMean" units="°C" unitType="metric">-5.3</temperature>
                  <precipitation class="extremeRainfall" units="mm" unitType="metric" year="1998" period="1938-2013">25.4</precipitation>
                  <precipitation class="extremeSnowfall" units="cm" unitType="metric" year="1941" period="1938-2013">11.2</precipitation>
                  <precipitation class="extremePrecipitation" units="mm" unitType="metric" year="1998" period="1938-2013">27.2</precipitation>
                  <precipitation class="extremeSnowOnGround" units="cm" unitType="metric" year="2008" period="1955-2013">45</precipitation>
                  <pop units="%">41.0</pop>
            </day>
            <day index="18">
                  <temperature class="extremeMax" units="°C" unitType="metric" year="2011" period="1938-2013">10.8</temperature>
                  <temperature class="extremeMin" units="°C" unitType="metric" year="1979" period="1938-2013">-27.7</temperature>
                  <temperature class="normalMax" units="°C" unitType="metric">-0.9</temperature>
                  <temperature class="normalMin" units="°C" unitType="metric">-9.5</temperature>
                  <temperature class="normalMean" units="°C" unitType="metric">-5.2</temperature>
                  <precipitation class="extremeRainfall" units="mm" unitType="metric" year="1976" period="1938-2013">14.2</precipitation>
                  <precipitation class="extremeSnowfall" units="cm" unitType="metric" year="2009" period="1938-2013">8.2</precipitation>
                  <precipitation class="extremePrecipitation" units="mm" unitType="metric" year="1976" period="1938-2013">14.2</precipitation>
                  <precipitation class="extremeSnowOnGround" units="cm" unitType="metric" year="1985" period="1955-2013">23</precipitation>
                  <pop units="%">41.0</pop>
            </day>
            <day index="19">
                  <temperature class="extremeMax" units="°C" unitType="metric" year="1994" period="1938-2013">12.5</temperature>
                  <temperature class="extremeMin" units="°C" unitType="metric" year="1944" period="1938-2013">-28.3</temperature>
                  <temperature class="normalMax" units="°C" unitType="metric">-0.7</temperature>
                  <temperature class="normalMin" units="°C" unitType="metric">-9.4</temperature>
                  <temperature class="normalMean" units="°C" unitType="metric">-5.1</temperature>
                  <precipitation class="extremeRainfall" units="mm" unitType="metric" year="1939" period="1938-2013">23.9</precipitation>
                  <precipitation class="extremeSnowfall" units="cm" unitType="metric" year="1939" period="1938-2013">13.2</precipitation>
                  <precipitation class="extremePrecipitation" units="mm" unitType="metric" year="1939" period="1938-2013">37.1</precipitation>
                  <precipitation class="extremeSnowOnGround" units="cm" unitType="metric" year="1962" period="1955-2013">23</precipitation>
                  <pop units="%">41.0</pop>
            </day>
            <day index="20">
                  <temperature class="extremeMax" units="°C" unitType="metric" year="1994" period="1938-2013">12.4</temperature>
                  <temperature class="extremeMin" units="°C" unitType="metric" year="1950" period="1938-2013">-25.6</temperature>
                  <temperature class="normalMax" units="°C" unitType="metric">-0.6</temperature>
                  <temperature class="normalMin" units="°C" unitType="metric">-9.2</temperature>
                  <temperature class="normalMean" units="°C" unitType="metric">-4.9</temperature>
                  <precipitation class="extremeRainfall" units="mm" unitType="metric" year="2002" period="1938-2013">12.2</precipitation>
                  <precipitation class="extremeSnowfall" units="cm" unitType="metric" year="1952" period="1938-2013">8.9</precipitation>
                  <precipitation class="extremePrecipitation" units="mm" unitType="metric" year="2002" period="1938-2013">12.2</precipitation>
                  <precipitation class="extremeSnowOnGround" units="cm" unitType="metric" year="1962" period="1955-2013">23</precipitation>
                  <pop units="%">41.0</pop>
            </day>
            <day index="21">
                  <temperature class="extremeMax" units="°C" unitType="metric" year="1997" period="1938-2013">12.9</temperature>
                  <temperature class="extremeMin" units="°C" unitType="metric" year="1950" period="1938-2013">-20.0</temperature>
                  <temperature class="normalMax" units="°C" unitType="metric">-0.5</temperature>
                  <temperature class="normalMin" units="°C" unitType="metric">-9.1</temperature>
                  <temperature class="normalMean" units="°C" unitType="metric">-4.8</temperature>
                  <precipitation class="extremeRainfall" units="mm" unitType="metric" year="1976" period="1938-2013">24.9</precipitation>
                  <precipitation class="extremeSnowfall" units="cm" unitType="metric" year="1950" period="1938-2013">24.9</precipitation>
                  <precipitation class="extremePrecipitation" units="mm" unitType="metric" year="1976" period="1938-2013">28.4</precipitation>
                  <precipitation class="extremeSnowOnGround" units="cm" unitType="metric" year="1962" period="1955-2013">20</precipitation>
                  <pop units="%">41.0</pop>
            </day>
            <day index="22">
                  <temperature class="extremeMax" units="°C" unitType="metric" year="1981" period="1938-2013">11.8</temperature>
                  <temperature class="extremeMin" units="°C" unitType="metric" year="1963" period="1938-2013">-20.0</temperature>
                  <temperature class="normalMax" units="°C" unitType="metric">-0.3</temperature>
                  <temperature class="normalMin" units="°C" unitType="metric">-9.0</temperature>
                  <temperature class="normalMean" units="°C" unitType="metric">-4.7</temperature>
                  <precipitation class="extremeRainfall" units="mm" unitType="metric" year="1990" period="1938-2013">31.0</precipitation>
                  <precipitation class="extremeSnowfall" units="cm" unitType="metric" year="1947" period="1938-2013">11.4</precipitation>
                  <precipitation class="extremePrecipitation" units="mm" unitType="metric" year="1990" period="1938-2013">31.0</precipitation>
                  <precipitation class="extremeSnowOnGround" units="cm" unitType="metric" year="1962" period="1955-2013">25</precipitation>
                  <pop units="%">41.0</pop>
            </day>
            <day index="23">
                  <temperature class="extremeMax" units="°C" unitType="metric" year="1984" period="1938-2013">14.9</temperature>
                  <temperature class="extremeMin" units="°C" unitType="metric" year="1972" period="1938-2013">-19.4</temperature>
                  <temperature class="normalMax" units="°C" unitType="metric">-0.1</temperature>
                  <temperature class="normalMin" units="°C" unitType="metric">-8.8</temperature>
                  <temperature class="normalMean" units="°C" unitType="metric">-4.5</temperature>
                  <precipitation class="extremeRainfall" units="mm" unitType="metric" year="1985" period="1938-2013">22.3</precipitation>
                  <precipitation class="extremeSnowfall" units="cm" unitType="metric" year="1959" period="1938-2013">15.7</precipitation>
                  <precipitation class="extremePrecipitation" units="mm" unitType="metric" year="1985" period="1938-2013">22.3</precipitation>
                  <precipitation class="extremeSnowOnGround" units="cm" unitType="metric" year="1993" period="1955-2013">24</precipitation>
                  <pop units="%">41.0</pop>
            </day>
            <day index="24">
                  <temperature class="extremeMax" units="°C" unitType="metric" year="1961" period="1938-2013">11.7</temperature>
                  <temperature class="extremeMin" units="°C" unitType="metric" year="1993" period="1938-2013">-19.4</temperature>
                  <temperature class="normalMax" units="°C" unitType="metric">0.0</temperature>
                  <temperature class="normalMin" units="°C" unitType="metric">-8.7</temperature>
                  <temperature class="normalMean" units="°C" unitType="metric">-4.4</temperature>
                  <precipitation class="extremeRainfall" units="mm" unitType="metric" year="1975" period="1938-2013">31.8</precipitation>
                  <precipitation class="extremeSnowfall" units="cm" unitType="metric" year="1962" period="1938-2013">15.5</precipitation>
                  <precipitation class="extremePrecipitation" units="mm" unitType="metric" year="1975" period="1938-2013">31.8</precipitation>
                  <precipitation class="extremeSnowOnGround" units="cm" unitType="metric" year="1962" period="1955-2013">30</precipitation>
                  <pop units="%">41.0</pop>
            </day>
            <day index="25">
                  <temperature class="extremeMax" units="°C" unitType="metric" year="2002" period="1938-2013">14.5</temperature>
                  <temperature class="extremeMin" units="°C" unitType="metric" year="1950" period="1938-2013">-23.9</temperature>
                  <temperature class="normalMax" units="°C" unitType="metric">0.2</temperature>
                  <temperature class="normalMin" units="°C" unitType="metric">-8.5</temperature>
                  <temperature class="normalMean" units="°C" unitType="metric">-4.2</temperature>
                  <precipitation class="extremeRainfall" units="mm" unitType="metric" year="2001" period="1938-2013">14.0</precipitation>
                  <precipitation class="extremeSnowfall" units="cm" unitType="metric" year="1965" period="1938-2013">39.9</precipitation>
                  <precipitation class="extremePrecipitation" units="mm" unitType="metric" year="1965" period="1938-2013">55.9</precipitation>
                  <precipitation class="extremeSnowOnGround" units="cm" unitType="metric" year="1962" period="1955-2013">30</precipitation>
                  <pop units="%">41.0</pop>
            </day>
            <day index="26">
                  <temperature class="extremeMax" units="°C" unitType="metric" year="2000" period="1938-2013">11.1</temperature>
                  <temperature class="extremeMin" units="°C" unitType="metric" year="1940" period="1938-2013">-22.8</temperature>
                  <temperature class="normalMax" units="°C" unitType="metric">0.4</temperature>
                  <temperature class="normalMin" units="°C" unitType="metric">-8.3</temperature>
                  <temperature class="normalMean" units="°C" unitType="metric">-4.0</temperature>
                  <precipitation class="extremeRainfall" units="mm" unitType="metric" year="1962" period="1938-2013">10.4</precipitation>
                  <precipitation class="extremeSnowfall" units="cm" unitType="metric" year="1979" period="1938-2013">10.6</precipitation>
                  <precipitation class="extremePrecipitation" units="mm" unitType="metric" year="2013" period="1938-2013">16.6</precipitation>
                  <precipitation class="extremeSnowOnGround" units="cm" unitType="metric" year="1965" period="1955-2013">36</precipitation>
                  <pop units="%">41.0</pop>
            </day>
            <day index="27">
                  <temperature class="extremeMax" units="°C" unitType="metric" year="2000" period="1938-2013">14.8</temperature>
                  <temperature class="extremeMin" units="°C" unitType="metric" year="1950" period="1938-2013">-25.6</temperature>
                  <temperature class="normalMax" units="°C" unitType="metric">0.6</temperature>
                  <temperature class="normalMin" units="°C" unitType="metric">-8.2</temperature>
                  <temperature class="normalMean" units="°C" unitType="metric">-3.8</temperature>
                  <precipitation class="extremeRainfall" units="mm" unitType="metric" year="1997" period="1938-2013">11.2</precipitation>
                  <precipitation class="extremeSnowfall" units="cm" unitType="metric" year="2013" period="1938-2013">12.4</precipitation>
                  <precipitation class="extremePrecipitation" units="mm" unitType="metric" year="2013" period="1938-2013">21.0</precipitation>
                  <precipitation class="extremeSnowOnGround" units="cm" unitType="metric" year="1965" period="1955-2013">30</precipitation>
                  <pop units="%">41.0</pop>
            </day>
            <day index="28">
                  <temperature class="extremeMax" units="°C" unitType="metric" year="1954" period="1938-2013">11.1</temperature>
                  <temperature class="extremeMin" units="°C" unitType="metric" year="1938" period="1938-2013">-22.8</temperature>
                  <temperature class="normalMax" units="°C" unitType="metric">0.7</temperature>
                  <temperature class="normalMin" units="°C" unitType="metric">-8.0</temperature>
                  <temperature class="normalMean" units="°C" unitType="metric">-3.7</temperature>
                  <precipitation class="extremeRainfall" units="mm" unitType="metric" year="2011" period="1938-2013">12.7</precipitation>
                  <precipitation class="extremeSnowfall" units="cm" unitType="metric" year="1948" period="1938-2013">15.2</precipitation>
                  <precipitation class="extremePrecipitation" units="mm" unitType="metric" year="1948" period="1938-2013">25.4</precipitation>
                  <precipitation class="extremeSnowOnGround" units="cm" unitType="metric" year="1965" period="1955-2013">30</precipitation>
                  <pop units="%">41.0</pop>
            </day>
            <day index="29">
                  <temperature class="extremeMax" units="°C" unitType="metric" year="2004" period="1940-2012">10.7</temperature>
                  <temperature class="extremeMin" units="°C" unitType="metric" year="1980" period="1940-2012">-23.9</temperature>
                  <temperature class="normalMax" units="°C" unitType="metric">0.7</temperature>
                  <temperature class="normalMin" units="°C" unitType="metric">-8.0</temperature>
                  <temperature class="normalMean" units="°C" unitType="metric">-3.7</temperature>
                  <precipitation class="extremeRainfall" units="mm" unitType="metric" year="2012" period="1940-2012">1.2</precipitation>
                  <precipitation class="extremeSnowfall" units="cm" unitType="metric" year="2008" period="1940-2012">4.8</precipitation>
                  <precipitation class="extremePrecipitation" units="mm" unitType="metric" year="2008" period="1940-2012">5.2</precipitation>
                  <precipitation class="extremeSnowOnGround" units="cm" unitType="metric" year="1960" period="1956-2012">23</precipitation>
                  <pop units="%">41.0</pop>
            </day>
      </month>

      <month index="3">

            <day index="1">
                  <temperature class="extremeMax" units="°C" unitType="metric" year="2000" period="1938-2013">13.2</temperature>
                  <temperature class="extremeMin" units="°C" unitType="metric" year="1980" period="1938-2013">-20.5</temperature>
                  <temperature class="normalMax" units="°C" unitType="metric">0.9</temperature>
                  <temperature class="normalMin" units="°C" unitType="metric">-7.8</temperature>
                  <temperature class="normalMean" units="°C" unitType="metric">-3.5</temperature>
                  <precipitation class="extremeRainfall" units="mm" unitType="metric" year="1954" period="1939-2013">20.6</precipitation>
                  <precipitation class="extremeSnowfall" units="cm" unitType="metric" year="1947" period="1938-2013">9.1</precipitation>
                  <precipitation class="extremePrecipitation" units="mm" unitType="metric" year="1972" period="1939-2013">26.9</precipitation>
                  <precipitation class="extremeSnowOnGround" units="cm" unitType="metric" year="1965" period="1955-2013">25</precipitation>
                  <pop units="%">40.0</pop>
            </day>
            <day index="2">
                  <temperature class="extremeMax" units="°C" unitType="metric" year="1991" period="1938-2013">15.5</temperature>
                  <temperature class="extremeMin" units="°C" unitType="metric" year="1980" period="1938-2013">-23.0</temperature>
                  <temperature class="normalMax" units="°C" unitType="metric">1.1</temperature>
                  <temperature class="normalMin" units="°C" unitType="metric">-7.6</temperature>
                  <temperature class="normalMean" units="°C" unitType="metric">-3.3</temperature>
                  <precipitation class="extremeRainfall" units="mm" unitType="metric" year="1991" period="1939-2013">8.4</precipitation>
                  <precipitation class="extremeSnowfall" units="cm" unitType="metric" year="1976" period="1939-2013">11.9</precipitation>
                  <precipitation class="extremePrecipitation" units="mm" unitType="metric" year="1976" period="1939-2013">31.5</precipitation>
                  <precipitation class="extremeSnowOnGround" units="cm" unitType="metric" year="2005" period="1955-2013">26</precipitation>
                  <pop units="%">40.0</pop>
            </day>
            <day index="3">
                  <temperature class="extremeMax" units="°C" unitType="metric" year="1974" period="1938-2013">16.1</temperature>
                  <temperature class="extremeMin" units="°C" unitType="metric" year="2003" period="1938-2013">-24.7</temperature>
                  <temperature class="normalMax" units="°C" unitType="metric">1.3</temperature>
                  <temperature class="normalMin" units="°C" unitType="metric">-7.4</temperature>
                  <temperature class="normalMean" units="°C" unitType="metric">-3.1</temperature>
                  <precipitation class="extremeRainfall" units="mm" unitType="metric" year="1953" period="1938-2013">27.2</precipitation>
                  <precipitation class="extremeSnowfall" units="cm" unitType="metric" year="1944" period="1938-2013">13.7</precipitation>
                  <precipitation class="extremePrecipitation" units="mm" unitType="metric" year="1953" period="1938-2013">27.2</precipitation>
                  <precipitation class="extremeSnowOnGround" units="cm" unitType="metric" year="2005" period="1955-2013">27</precipitation>
                  <pop units="%">40.0</pop>
            </day>
            <day index="4">
                  <temperature class="extremeMax" units="°C" unitType="metric" year="1974" period="1939-2013">13.3</temperature>
                  <temperature class="extremeMin" units="°C" unitType="metric" year="1950" period="1938-2013">-28.9</temperature>
                  <temperature class="normalMax" units="°C" unitType="metric">1.5</temperature>
                  <temperature class="normalMin" units="°C" unitType="metric">-7.2</temperature>
                  <temperature class="normalMean" units="°C" unitType="metric">-2.9</temperature>
                  <precipitation class="extremeRainfall" units="mm" unitType="metric" year="1974" period="1938-2013">29.5</precipitation>
                  <precipitation class="extremeSnowfall" units="cm" unitType="metric" year="1985" period="1938-2013">24.4</precipitation>
                  <precipitation class="extremePrecipitation" units="mm" unitType="metric" year="1985" period="1938-2013">31.4</precipitation>
                  <precipitation class="extremeSnowOnGround" units="cm" unitType="metric" year="2005" period="1955-2013">27</precipitation>
                  <pop units="%">40.0</pop>
            </day>
            <day index="5">
                  <temperature class="extremeMax" units="°C" unitType="metric" year="2004" period="1938-2013">18.5</temperature>
                  <temperature class="extremeMin" units="°C" unitType="metric" year="1948" period="1938-2013">-25.0</temperature>
                  <temperature class="normalMax" units="°C" unitType="metric">1.7</temperature>
                  <temperature class="normalMin" units="°C" unitType="metric">-7.1</temperature>
                  <temperature class="normalMean" units="°C" unitType="metric">-2.7</temperature>
                  <precipitation class="extremeRainfall" units="mm" unitType="metric" year="2011" period="1938-2013">18.4</precipitation>
                  <precipitation class="extremeSnowfall" units="cm" unitType="metric" year="2001" period="1938-2013">14.4</precipitation>
                  <precipitation class="extremePrecipitation" units="mm" unitType="metric" year="2011" period="1938-2013">21.6</precipitation>
                  <precipitation class="extremeSnowOnGround" units="cm" unitType="metric" year="2005" period="1955-2013">26</precipitation>
                  <pop units="%">40.0</pop>
            </day>
            <day index="6">
                  <temperature class="extremeMax" units="°C" unitType="metric" year="2009" period="1938-2013">18.9</temperature>
                  <temperature class="extremeMin" units="°C" unitType="metric" year="1948" period="1938-2013">-27.8</temperature>
                  <temperature class="normalMax" units="°C" unitType="metric">1.9</temperature>
                  <temperature class="normalMin" units="°C" unitType="metric">-6.9</temperature>
                  <temperature class="normalMean" units="°C" unitType="metric">-2.5</temperature>
                  <precipitation class="extremeRainfall" units="mm" unitType="metric" year="1956" period="1938-2013">29.5</precipitation>
                  <precipitation class="extremeSnowfall" units="cm" unitType="metric" year="1943" period="1938-2013">16.5</precipitation>
                  <precipitation class="extremePrecipitation" units="mm" unitType="metric" year="1956" period="1938-2013">29.5</precipitation>
                  <precipitation class="extremeSnowOnGround" units="cm" unitType="metric" year="2005" period="1955-2013">23</precipitation>
                  <pop units="%">40.0</pop>
            </day>
            <day index="7">
                  <temperature class="extremeMax" units="°C" unitType="metric" year="1987" period="1938-2013">16.7</temperature>
                  <temperature class="extremeMin" units="°C" unitType="metric" year="1984" period="1938-2013">-20.8</temperature>
                  <temperature class="normalMax" units="°C" unitType="metric">2.1</temperature>
                  <temperature class="normalMin" units="°C" unitType="metric">-6.7</temperature>
                  <temperature class="normalMean" units="°C" unitType="metric">-2.3</temperature>
                  <precipitation class="extremeRainfall" units="mm" unitType="metric" year="1995" period="1938-2013">23.6</precipitation>
                  <precipitation class="extremeSnowfall" units="cm" unitType="metric" year="1956" period="1938-2013">16.0</precipitation>
                  <precipitation class="extremePrecipitation" units="mm" unitType="metric" year="1995" period="1938-2013">23.6</precipitation>
                  <precipitation class="extremeSnowOnGround" units="cm" unitType="metric" year="1972" period="1955-2013">28</precipitation>
                  <pop units="%">40.0</pop>
            </day>
            <day index="8">
                  <temperature class="extremeMax" units="°C" unitType="metric" year="2000" period="1938-2013">21.8</temperature>
                  <temperature class="extremeMin" units="°C" unitType="metric" year="1984" period="1938-2013">-23.2</temperature>
                  <temperature class="normalMax" units="°C" unitType="metric">2.3</temperature>
                  <temperature class="normalMin" units="°C" unitType="metric">-6.5</temperature>
                  <temperature class="normalMean" units="°C" unitType="metric">-2.1</temperature>
                  <precipitation class="extremeRainfall" units="mm" unitType="metric" year="1942" period="1938-2013">21.1</precipitation>
                  <precipitation class="extremeSnowfall" units="cm" unitType="metric" year="1980" period="1938-2013">17.8</precipitation>
                  <precipitation class="extremePrecipitation" units="mm" unitType="metric" year="1961" period="1938-2013">28.7</precipitation>
                  <precipitation class="extremeSnowOnGround" units="cm" unitType="metric" year="1999" period="1955-2013">20</precipitation>
                  <pop units="%">40.0</pop>
            </day>
            <day index="9">
                  <temperature class="extremeMax" units="°C" unitType="metric" year="2000" period="1938-2013">21.4</temperature>
                  <temperature class="extremeMin" units="°C" unitType="metric" year="1943" period="1938-2013">-25.6</temperature>
                  <temperature class="normalMax" units="°C" unitType="metric">2.5</temperature>
                  <temperature class="normalMin" units="°C" unitType="metric">-6.3</temperature>
                  <temperature class="normalMean" units="°C" unitType="metric">-1.9</temperature>
                  <precipitation class="extremeRainfall" units="mm" unitType="metric" year="2006" period="1938-2013">16.8</precipitation>
                  <precipitation class="extremeSnowfall" units="cm" unitType="metric" year="1942" period="1938-2013">10.4</precipitation>
                  <precipitation class="extremePrecipitation" units="mm" unitType="metric" year="2006" period="1938-2013">16.8</precipitation>
                  <precipitation class="extremeSnowOnGround" units="cm" unitType="metric" year="2008" period="1955-2013">30</precipitation>
                  <pop units="%">40.0</pop>
            </day>
            <day index="10">
                  <temperature class="extremeMax" units="°C" unitType="metric" year="1977" period="1938-2013">15.5</temperature>
                  <temperature class="extremeMin" units="°C" unitType="metric" year="2003" period="1938-2013">-16.7</temperature>
                  <temperature class="normalMax" units="°C" unitType="metric">2.8</temperature>
                  <temperature class="normalMin" units="°C" unitType="metric">-6.1</temperature>
                  <temperature class="normalMean" units="°C" unitType="metric">-1.7</temperature>
                  <precipitation class="extremeRainfall" units="mm" unitType="metric" year="1952" period="1938-2013">24.6</precipitation>
                  <precipitation class="extremeSnowfall" units="cm" unitType="metric" year="1964" period="1938-2013">32.3</precipitation>
                  <precipitation class="extremePrecipitation" units="mm" unitType="metric" year="1964" period="1938-2013">30.5</precipitation>
                  <precipitation class="extremeSnowOnGround" units="cm" unitType="metric" year="2008" period="1955-2013">28</precipitation>
                  <pop units="%">40.0</pop>
            </day>
            <day index="11">
                  <temperature class="extremeMax" units="°C" unitType="metric" year="2012" period="1938-2013">17.7</temperature>
                  <temperature class="extremeMin" units="°C" unitType="metric" year="1984" period="1938-2013">-18.6</temperature>
                  <temperature class="normalMax" units="°C" unitType="metric">3.0</temperature>
                  <temperature class="normalMin" units="°C" unitType="metric">-6.0</temperature>
                  <temperature class="normalMean" units="°C" unitType="metric">-1.5</temperature>
                  <precipitation class="extremeRainfall" units="mm" unitType="metric" year="1973" period="1938-2013">21.3</precipitation>
                  <precipitation class="extremeSnowfall" units="cm" unitType="metric" year="1941" period="1938-2013">8.1</precipitation>
                  <precipitation class="extremePrecipitation" units="mm" unitType="metric" year="1973" period="1938-2013">21.3</precipitation>
                  <precipitation class="extremeSnowOnGround" units="cm" unitType="metric" year="2008" period="1955-2013">26</precipitation>
                  <pop units="%">40.0</pop>
            </day>
            <day index="12">
                  <temperature class="extremeMax" units="°C" unitType="metric" year="2006" period="1938-2013">16.3</temperature>
                  <temperature class="extremeMin" units="°C" unitType="metric" year="1948" period="1938-2013">-21.7</temperature>
                  <temperature class="normalMax" units="°C" unitType="metric">3.2</temperature>
                  <temperature class="normalMin" units="°C" unitType="metric">-5.8</temperature>
                  <temperature class="normalMean" units="°C" unitType="metric">-1.3</temperature>
                  <precipitation class="extremeRainfall" units="mm" unitType="metric" year="2010" period="1938-2013">21.6</precipitation>
                  <precipitation class="extremeSnowfall" units="cm" unitType="metric" year="1968" period="1938-2013">26.4</precipitation>
                  <precipitation class="extremePrecipitation" units="mm" unitType="metric" year="2010" period="1938-2013">21.6</precipitation>
                  <precipitation class="extremeSnowOnGround" units="cm" unitType="metric" year="2008" period="1955-2013">25</precipitation>
                  <pop units="%">40.0</pop>
            </day>
            <day index="13">
                  <temperature class="extremeMax" units="°C" unitType="metric" year="1990" period="1938-2013">21.4</temperature>
                  <temperature class="extremeMin" units="°C" unitType="metric" year="1948" period="1938-2013">-18.3</temperature>
                  <temperature class="normalMax" units="°C" unitType="metric">3.4</temperature>
                  <temperature class="normalMin" units="°C" unitType="metric">-5.6</temperature>
                  <temperature class="normalMean" units="°C" unitType="metric">-1.1</temperature>
                  <precipitation class="extremeRainfall" units="mm" unitType="metric" year="2006" period="1938-2013">21.4</precipitation>
                  <precipitation class="extremeSnowfall" units="cm" unitType="metric" year="1963" period="1938-2013">8.6</precipitation>
                  <precipitation class="extremePrecipitation" units="mm" unitType="metric" year="1961" period="1938-2013">21.6</precipitation>
                  <precipitation class="extremeSnowOnGround" units="cm" unitType="metric" year="1968" period="1955-2013">28</precipitation>
                  <pop units="%">40.0</pop>
            </day>
            <day index="14">
                  <temperature class="extremeMax" units="°C" unitType="metric" year="1995" period="1938-2013">20.1</temperature>
                  <temperature class="extremeMin" units="°C" unitType="metric" year="1993" period="1938-2013">-17.4</temperature>
                  <temperature class="normalMax" units="°C" unitType="metric">3.6</temperature>
                  <temperature class="normalMin" units="°C" unitType="metric">-5.4</temperature>
                  <temperature class="normalMean" units="°C" unitType="metric">-0.9</temperature>
                  <precipitation class="extremeRainfall" units="mm" unitType="metric" year="1973" period="1938-2013">20.6</precipitation>
                  <precipitation class="extremeSnowfall" units="cm" unitType="metric" year="1951" period="1938-2013">16.5</precipitation>
                  <precipitation class="extremePrecipitation" units="mm" unitType="metric" year="1997" period="1938-2013">23.6</precipitation>
                  <precipitation class="extremeSnowOnGround" units="cm" unitType="metric" year="1968" period="1955-2013">25</precipitation>
                  <pop units="%">40.0</pop>
            </day>
            <day index="15">
                  <temperature class="extremeMax" units="°C" unitType="metric" year="1995" period="1938-2013">20.9</temperature>
                  <temperature class="extremeMin" units="°C" unitType="metric" year="1993" period="1938-2013">-16.5</temperature>
                  <temperature class="normalMax" units="°C" unitType="metric">3.8</temperature>
                  <temperature class="normalMin" units="°C" unitType="metric">-5.2</temperature>
                  <temperature class="normalMean" units="°C" unitType="metric">-0.7</temperature>
                  <precipitation class="extremeRainfall" units="mm" unitType="metric" year="1953" period="1938-2013">18.5</precipitation>
                  <precipitation class="extremeSnowfall" units="cm" unitType="metric" year="1967" period="1938-2013">3.0</precipitation>
                  <precipitation class="extremePrecipitation" units="mm" unitType="metric" year="1953" period="1938-2013">18.5</precipitation>
                  <precipitation class="extremeSnowOnGround" units="cm" unitType="metric" year="1972" period="1955-2013">23</precipitation>
                  <pop units="%">40.0</pop>
            </day>
            <day index="16">
                  <temperature class="extremeMax" units="°C" unitType="metric" year="2012" period="1938-2013">19.3</temperature>
                  <temperature class="extremeMin" units="°C" unitType="metric" year="1950" period="1938-2013">-17.2</temperature>
                  <temperature class="normalMax" units="°C" unitType="metric">4.1</temperature>
                  <temperature class="normalMin" units="°C" unitType="metric">-5.0</temperature>
                  <temperature class="normalMean" units="°C" unitType="metric">-0.5</temperature>
                  <precipitation class="extremeRainfall" units="mm" unitType="metric" year="1942" period="1938-2013">41.7</precipitation>
                  <precipitation class="extremeSnowfall" units="cm" unitType="metric" year="1960" period="1938-2013">14.2</precipitation>
                  <precipitation class="extremePrecipitation" units="mm" unitType="metric" year="1942" period="1938-2013">41.7</precipitation>
                  <precipitation class="extremeSnowOnGround" units="cm" unitType="metric" year="1972" period="1955-2013">18</precipitation>
                  <pop units="%">40.0</pop>
            </day>
            <day index="17">
                  <temperature class="extremeMax" units="°C" unitType="metric" year="1945" period="1938-2013">19.4</temperature>
                  <temperature class="extremeMin" units="°C" unitType="metric" year="1950" period="1938-2013">-19.4</temperature>
                  <temperature class="normalMax" units="°C" unitType="metric">4.3</temperature>
                  <temperature class="normalMin" units="°C" unitType="metric">-4.8</temperature>
                  <temperature class="normalMean" units="°C" unitType="metric">-0.3</temperature>
                  <precipitation class="extremeRainfall" units="mm" unitType="metric" year="1973" period="1938-2013">31.8</precipitation>
                  <precipitation class="extremeSnowfall" units="cm" unitType="metric" year="1950" period="1938-2013">16.3</precipitation>
                  <precipitation class="extremePrecipitation" units="mm" unitType="metric" year="1973" period="1938-2013">39.6</precipitation>
                  <precipitation class="extremeSnowOnGround" units="cm" unitType="metric" year="1960" period="1955-2013">18</precipitation>
                  <pop units="%">40.0</pop>
            </day>
            <day index="18">
                  <temperature class="extremeMax" units="°C" unitType="metric" year="2012" period="1938-2013">19.9</temperature>
                  <temperature class="extremeMin" units="°C" unitType="metric" year="1967" period="1938-2013">-22.8</temperature>
                  <temperature class="normalMax" units="°C" unitType="metric">4.5</temperature>
                  <temperature class="normalMin" units="°C" unitType="metric">-4.6</temperature>
                  <temperature class="normalMean" units="°C" unitType="metric">-0.1</temperature>
                  <precipitation class="extremeRainfall" units="mm" unitType="metric" year="1983" period="1938-2013">18.8</precipitation>
                  <precipitation class="extremeSnowfall" units="cm" unitType="metric" year="1977" period="1938-2013">6.4</precipitation>
                  <precipitation class="extremePrecipitation" units="mm" unitType="metric" year="1983" period="1938-2013">18.8</precipitation>
                  <precipitation class="extremeSnowOnGround" units="cm" unitType="metric" year="1960" period="1955-2013">18</precipitation>
                  <pop units="%">40.0</pop>
            </day>
            <day index="19">
                  <temperature class="extremeMax" units="°C" unitType="metric" year="2012" period="1938-2013">22.8</temperature>
                  <temperature class="extremeMin" units="°C" unitType="metric" year="1939" period="1938-2013">-20.0</temperature>
                  <temperature class="normalMax" units="°C" unitType="metric">4.7</temperature>
                  <temperature class="normalMin" units="°C" unitType="metric">-4.4</temperature>
                  <temperature class="normalMean" units="°C" unitType="metric">0.2</temperature>
                  <precipitation class="extremeRainfall" units="mm" unitType="metric" year="1948" period="1939-2013">19.3</precipitation>
                  <precipitation class="extremeSnowfall" units="cm" unitType="metric" year="1971" period="1938-2013">10.4</precipitation>
                  <precipitation class="extremePrecipitation" units="mm" unitType="metric" year="1948" period="1939-2013">19.3</precipitation>
                  <precipitation class="extremeSnowOnGround" units="cm" unitType="metric" year="1960" period="1955-2013">15</precipitation>
                  <pop units="%">40.0</pop>
            </day>
            <day index="20">
                  <temperature class="extremeMax" units="°C" unitType="metric" year="2012" period="1938-2013">21.9</temperature>
                  <temperature class="extremeMin" units="°C" unitType="metric" year="1949" period="1938-2013">-20.0</temperature>
                  <temperature class="normalMax" units="°C" unitType="metric">5.0</temperature>
                  <temperature class="normalMin" units="°C" unitType="metric">-4.2</temperature>
                  <temperature class="normalMean" units="°C" unitType="metric">0.4</temperature>
                  <precipitation class="extremeRainfall" units="mm" unitType="metric" year="1945" period="1939-2013">12.2</precipitation>
                  <precipitation class="extremeSnowfall" units="cm" unitType="metric" year="1996" period="1938-2013">11.4</precipitation>
                  <precipitation class="extremePrecipitation" units="mm" unitType="metric" year="1996" period="1939-2013">14.2</precipitation>
                  <precipitation class="extremeSnowOnGround" units="cm" unitType="metric" year="1972" period="1955-2013">10</precipitation>
                  <pop units="%">40.0</pop>
            </day>
            <day index="21">
                  <temperature class="extremeMax" units="°C" unitType="metric" year="2012" period="1938-2013">23.3</temperature>
                  <temperature class="extremeMin" units="°C" unitType="metric" year="1939" period="1938-2013">-16.1</temperature>
                  <temperature class="normalMax" units="°C" unitType="metric">5.2</temperature>
                  <temperature class="normalMin" units="°C" unitType="metric">-4.1</temperature>
                  <temperature class="normalMean" units="°C" unitType="metric">0.6</temperature>
                  <precipitation class="extremeRainfall" units="mm" unitType="metric" year="1980" period="1938-2013">29.8</precipitation>
                  <precipitation class="extremeSnowfall" units="cm" unitType="metric" year="1998" period="1938-2013">15.2</precipitation>
                  <precipitation class="extremePrecipitation" units="mm" unitType="metric" year="1980" period="1938-2013">30.8</precipitation>
                  <precipitation class="extremeSnowOnGround" units="cm" unitType="metric" year="1989" period="1955-2013">11</precipitation>
                  <pop units="%">40.0</pop>
            </day>
            <day index="22">
                  <temperature class="extremeMax" units="°C" unitType="metric" year="2012" period="1938-2013">26.0</temperature>
                  <temperature class="extremeMin" units="°C" unitType="metric" year="1939" period="1938-2013">-16.7</temperature>
                  <temperature class="normalMax" units="°C" unitType="metric">5.4</temperature>
                  <temperature class="normalMin" units="°C" unitType="metric">-3.9</temperature>
                  <temperature class="normalMean" units="°C" unitType="metric">0.8</temperature>
                  <precipitation class="extremeRainfall" units="mm" unitType="metric" year="1949" period="1938-2013">14.5</precipitation>
                  <precipitation class="extremeSnowfall" units="cm" unitType="metric" year="1984" period="1938-2013">4.8</precipitation>
                  <precipitation class="extremePrecipitation" units="mm" unitType="metric" year="1949" period="1938-2013">14.5</precipitation>
                  <precipitation class="extremeSnowOnGround" units="cm" unitType="metric" year="1998" period="1955-2013">17</precipitation>
                  <pop units="%">40.0</pop>
            </day>
            <day index="23">
                  <temperature class="extremeMax" units="°C" unitType="metric" year="1988" period="1938-2013">19.0</temperature>
                  <temperature class="extremeMin" units="°C" unitType="metric" year="1940" period="1938-2013">-18.9</temperature>
                  <temperature class="normalMax" units="°C" unitType="metric">5.6</temperature>
                  <temperature class="normalMin" units="°C" unitType="metric">-3.7</temperature>
                  <temperature class="normalMean" units="°C" unitType="metric">1.0</temperature>
                  <precipitation class="extremeRainfall" units="mm" unitType="metric" year="1951" period="1938-2013">13.2</precipitation>
                  <precipitation class="extremeSnowfall" units="cm" unitType="metric" year="2011" period="1938-2013">12.6</precipitation>
                  <precipitation class="extremePrecipitation" units="mm" unitType="metric" year="1951" period="1938-2013">13.2</precipitation>
                  <precipitation class="extremeSnowOnGround" units="cm" unitType="metric" year="1998" period="1955-2013">15</precipitation>
                  <pop units="%">40.0</pop>
            </day>
            <day index="24">
                  <temperature class="extremeMax" units="°C" unitType="metric" year="1963" period="1938-2013">18.3</temperature>
                  <temperature class="extremeMin" units="°C" unitType="metric" year="1940" period="1938-2013">-17.8</temperature>
                  <temperature class="normalMax" units="°C" unitType="metric">5.9</temperature>
                  <temperature class="normalMin" units="°C" unitType="metric">-3.5</temperature>
                  <temperature class="normalMean" units="°C" unitType="metric">1.2</temperature>
                  <precipitation class="extremeRainfall" units="mm" unitType="metric" year="1947" period="1938-2013">14.7</precipitation>
                  <precipitation class="extremeSnowfall" units="cm" unitType="metric" year="1985" period="1938-2013">2.4</precipitation>
                  <precipitation class="extremePrecipitation" units="mm" unitType="metric" year="1947" period="1938-2013">14.7</precipitation>
                  <precipitation class="extremeSnowOnGround" units="cm" unitType="metric" year="1998" period="1955-2013">12</precipitation>
                  <pop units="%">40.0</pop>
            </day>
            <day index="25">
                  <temperature class="extremeMax" units="°C" unitType="metric" year="2000" period="1938-2013">20.9</temperature>
                  <temperature class="extremeMin" units="°C" unitType="metric" year="1983" period="1938-2013">-15.8</temperature>
                  <temperature class="normalMax" units="°C" unitType="metric">6.1</temperature>
                  <temperature class="normalMin" units="°C" unitType="metric">-3.3</temperature>
                  <temperature class="normalMean" units="°C" unitType="metric">1.4</temperature>
                  <precipitation class="extremeRainfall" units="mm" unitType="metric" year="1954" period="1938-2013">21.6</precipitation>
                  <precipitation class="extremeSnowfall" units="cm" unitType="metric" year="1955" period="1938-2013">10.7</precipitation>
                  <precipitation class="extremePrecipitation" units="mm" unitType="metric" year="1954" period="1938-2013">21.6</precipitation>
                  <precipitation class="extremeSnowOnGround" units="cm" unitType="metric" year="1972" period="1955-2013">10</precipitation>
                  <pop units="%">40.0</pop>
            </day>
            <day index="26">
                  <temperature class="extremeMax" units="°C" unitType="metric" year="2007" period="1938-2013">20.3</temperature>
                  <temperature class="extremeMin" units="°C" unitType="metric" year="1960" period="1938-2013">-15.6</temperature>
                  <temperature class="normalMax" units="°C" unitType="metric">6.4</temperature>
                  <temperature class="normalMin" units="°C" unitType="metric">-3.1</temperature>
                  <temperature class="normalMean" units="°C" unitType="metric">1.7</temperature>
                  <precipitation class="extremeRainfall" units="mm" unitType="metric" year="1950" period="1938-2013">12.4</precipitation>
                  <precipitation class="extremeSnowfall" units="cm" unitType="metric" year="1955" period="1938-2013">13.5</precipitation>
                  <precipitation class="extremePrecipitation" units="mm" unitType="metric" year="1955" period="1938-2013">13.5</precipitation>
                  <precipitation class="extremeSnowOnGround" units="cm" unitType="metric" year="1955" period="1955-2013">10</precipitation>
                  <pop units="%">40.0</pop>
            </day>
            <day index="27">
                  <temperature class="extremeMax" units="°C" unitType="metric" year="1998" period="1938-2013">22.6</temperature>
                  <temperature class="extremeMin" units="°C" unitType="metric" year="1982" period="1938-2013">-11.4</temperature>
                  <temperature class="normalMax" units="°C" unitType="metric">6.6</temperature>
                  <temperature class="normalMin" units="°C" unitType="metric">-2.9</temperature>
                  <temperature class="normalMean" units="°C" unitType="metric">1.9</temperature>
                  <precipitation class="extremeRainfall" units="mm" unitType="metric" year="1991" period="1938-2013">40.8</precipitation>
                  <precipitation class="extremeSnowfall" units="cm" unitType="metric" year="1940" period="1938-2013">4.3</precipitation>
                  <precipitation class="extremePrecipitation" units="mm" unitType="metric" year="1991" period="1938-2013">40.8</precipitation>
                  <precipitation class="extremeSnowOnGround" units="cm" unitType="metric" year="1955" period="1955-2013">23</precipitation>
                  <pop units="%">40.0</pop>
            </day>
            <day index="28">
                  <temperature class="extremeMax" units="°C" unitType="metric" year="1945" period="1938-2013">25.6</temperature>
                  <temperature class="extremeMin" units="°C" unitType="metric" year="1982" period="1938-2013">-11.0</temperature>
                  <temperature class="normalMax" units="°C" unitType="metric">6.8</temperature>
                  <temperature class="normalMin" units="°C" unitType="metric">-2.7</temperature>
                  <temperature class="normalMean" units="°C" unitType="metric">2.1</temperature>
                  <precipitation class="extremeRainfall" units="mm" unitType="metric" year="1985" period="1938-2013">12.1</precipitation>
                  <precipitation class="extremeSnowfall" units="cm" unitType="metric" year="1956" period="1938-2013">3.3</precipitation>
                  <precipitation class="extremePrecipitation" units="mm" unitType="metric" year="1985" period="1938-2013">12.1</precipitation>
                  <precipitation class="extremeSnowOnGround" units="cm" unitType="metric" year="1955" period="1955-2013">23</precipitation>
                  <pop units="%">40.0</pop>
            </day>
            <day index="29">
                  <temperature class="extremeMax" units="°C" unitType="metric" year="1946" period="1938-2013">24.4</temperature>
                  <temperature class="extremeMin" units="°C" unitType="metric" year="1959" period="1938-2013">-13.3</temperature>
                  <temperature class="normalMax" units="°C" unitType="metric">7.1</temperature>
                  <temperature class="normalMin" units="°C" unitType="metric">-2.5</temperature>
                  <temperature class="normalMean" units="°C" unitType="metric">2.3</temperature>
                  <precipitation class="extremeRainfall" units="mm" unitType="metric" year="2009" period="1938-2013">22.6</precipitation>
                  <precipitation class="extremeSnowfall" units="cm" unitType="metric" year="1939" period="1938-2013">7.6</precipitation>
                  <precipitation class="extremePrecipitation" units="mm" unitType="metric" year="2009" period="1938-2013">22.6</precipitation>
                  <precipitation class="extremeSnowOnGround" units="cm" unitType="metric" year="1955" period="1955-2013">15</precipitation>
                  <pop units="%">40.0</pop>
            </day>
            <day index="30">
                  <temperature class="extremeMax" units="°C" unitType="metric" year="1998" period="1938-2013">25.3</temperature>
                  <temperature class="extremeMin" units="°C" unitType="metric" year="1954" period="1938-2013">-12.2</temperature>
                  <temperature class="normalMax" units="°C" unitType="metric">7.3</temperature>
                  <temperature class="normalMin" units="°C" unitType="metric">-2.3</temperature>
                  <temperature class="normalMean" units="°C" unitType="metric">2.5</temperature>
                  <precipitation class="extremeRainfall" units="mm" unitType="metric" year="1951" period="1938-2013">17.3</precipitation>
                  <precipitation class="extremeSnowfall" units="cm" unitType="metric" year="1939" period="1938-2013">8.4</precipitation>
                  <precipitation class="extremePrecipitation" units="mm" unitType="metric" year="1939" period="1938-2013">20.8</precipitation>
                  <precipitation class="extremeSnowOnGround" units="cm" unitType="metric" year="1959" period="1955-2013">3</precipitation>
                  <pop units="%">40.0</pop>
            </day>
            <day index="31">
                  <temperature class="extremeMax" units="°C" unitType="metric" year="1998" period="1938-2013">25.4</temperature>
                  <temperature class="extremeMin" units="°C" unitType="metric" year="1965" period="1938-2013">-10.6</temperature>
                  <temperature class="normalMax" units="°C" unitType="metric">7.6</temperature>
                  <temperature class="normalMin" units="°C" unitType="metric">-2.1</temperature>
                  <temperature class="normalMean" units="°C" unitType="metric">2.8</temperature>
                  <precipitation class="extremeRainfall" units="mm" unitType="metric" year="1945" period="1938-2013">25.7</precipitation>
                  <precipitation class="extremeSnowfall" units="cm" unitType="metric" year="1987" period="1938-2013">12.4</precipitation>
                  <precipitation class="extremePrecipitation" units="mm" unitType="metric" year="1945" period="1938-2013">25.7</precipitation>
                  <precipitation class="extremeSnowOnGround" units="cm" unitType="metric" year="1987" period="1955-2013">6</precipitation>
                  <pop units="%">40.0</pop>
            </day>
      </month>

      <month index="4">

            <day index="1">
                  <temperature class="extremeMax" units="°C" unitType="metric" year="1986" period="1938-2013">25.8</temperature>
                  <temperature class="extremeMin" units="°C" unitType="metric" year="1964" period="1938-2013">-8.3</temperature>
                  <temperature class="normalMax" units="°C" unitType="metric">7.8</temperature>
                  <temperature class="normalMin" units="°C" unitType="metric">-1.9</temperature>
                  <temperature class="normalMean" units="°C" unitType="metric">3.0</temperature>
                  <precipitation class="extremeRainfall" units="mm" unitType="metric" year="1993" period="1938-2013">18.8</precipitation>
                  <precipitation class="extremeSnowfall" units="cm" unitType="metric" year="1961" period="1938-2013">13.0</precipitation>
                  <precipitation class="extremePrecipitation" units="mm" unitType="metric" year="1993" period="1938-2013">18.8</precipitation>
                  <precipitation class="extremeSnowOnGround" units="cm" unitType="metric" year="1987" period="1955-2013">12</precipitation>
                  <pop units="%">42.0</pop>
            </day>
            <day index="2">
                  <temperature class="extremeMax" units="°C" unitType="metric" year="2010" period="1938-2013">24.3</temperature>
                  <temperature class="extremeMin" units="°C" unitType="metric" year="1962" period="1938-2013">-6.1</temperature>
                  <temperature class="normalMax" units="°C" unitType="metric">8.1</temperature>
                  <temperature class="normalMin" units="°C" unitType="metric">-1.7</temperature>
                  <temperature class="normalMean" units="°C" unitType="metric">3.2</temperature>
                  <precipitation class="extremeRainfall" units="mm" unitType="metric" year="1967" period="1938-2013">29.5</precipitation>
                  <precipitation class="extremeSnowfall" units="cm" unitType="metric" year="2002" period="1938-2013">9.6</precipitation>
                  <precipitation class="extremePrecipitation" units="mm" unitType="metric" year="1967" period="1938-2013">29.5</precipitation>
                  <precipitation class="extremeSnowOnGround" units="cm" unitType="metric" year="1987" period="1955-2013">11</precipitation>
                  <pop units="%">42.0</pop>
            </day>
            <day index="3">
                  <temperature class="extremeMax" units="°C" unitType="metric" year="1981" period="1938-2013">22.2</temperature>
                  <temperature class="extremeMin" units="°C" unitType="metric" year="1954" period="1938-2013">-12.2</temperature>
                  <temperature class="normalMax" units="°C" unitType="metric">8.3</temperature>
                  <temperature class="normalMin" units="°C" unitType="metric">-1.5</temperature>
                  <temperature class="normalMean" units="°C" unitType="metric">3.4</temperature>
                  <precipitation class="extremeRainfall" units="mm" unitType="metric" year="2009" period="1938-2013">40.2</precipitation>
                  <precipitation class="extremeSnowfall" units="cm" unitType="metric" year="1975" period="1938-2013">17.5</precipitation>
                  <precipitation class="extremePrecipitation" units="mm" unitType="metric" year="2009" period="1938-2013">40.2</precipitation>
                  <precipitation class="extremeSnowOnGround" units="cm" unitType="metric" year="1975" period="1955-2013">10</precipitation>
                  <pop units="%">42.0</pop>
            </day>
            <day index="4">
                  <temperature class="extremeMax" units="°C" unitType="metric" year="1981" period="1938-2013">23.1</temperature>
                  <temperature class="extremeMin" units="°C" unitType="metric" year="1954" period="1938-2013">-11.7</temperature>
                  <temperature class="normalMax" units="°C" unitType="metric">8.6</temperature>
                  <temperature class="normalMin" units="°C" unitType="metric">-1.3</temperature>
                  <temperature class="normalMean" units="°C" unitType="metric">3.7</temperature>
                  <precipitation class="extremeRainfall" units="mm" unitType="metric" year="1968" period="1938-2013">18.0</precipitation>
                  <precipitation class="extremeSnowfall" units="cm" unitType="metric" year="1979" period="1938-2013">7.5</precipitation>
                  <precipitation class="extremePrecipitation" units="mm" unitType="metric" year="1968" period="1938-2013">18.0</precipitation>
                  <precipitation class="extremeSnowOnGround" units="cm" unitType="metric" year="1975" period="1955-2013">13</precipitation>
                  <pop units="%">42.0</pop>
            </day>
            <day index="5">
                  <temperature class="extremeMax" units="°C" unitType="metric" year="2010" period="1938-2013">23.1</temperature>
                  <temperature class="extremeMin" units="°C" unitType="metric" year="1975" period="1938-2013">-9.4</temperature>
                  <temperature class="normalMax" units="°C" unitType="metric">8.8</temperature>
                  <temperature class="normalMin" units="°C" unitType="metric">-1.2</temperature>
                  <temperature class="normalMean" units="°C" unitType="metric">3.8</temperature>
                  <precipitation class="extremeRainfall" units="mm" unitType="metric" year="1941" period="1938-2013">22.1</precipitation>
                  <precipitation class="extremeSnowfall" units="cm" unitType="metric" year="2003" period="1938-2013">2.0</precipitation>
                  <precipitation class="extremePrecipitation" units="mm" unitType="metric" year="1941" period="1938-2013">22.1</precipitation>
                  <precipitation class="extremeSnowOnGround" units="cm" unitType="metric" year="1975" period="1955-2013">13</precipitation>
                  <pop units="%">42.0</pop>
            </day>
            <day index="6">
                  <temperature class="extremeMax" units="°C" unitType="metric" year="1997" period="1938-2013">22.5</temperature>
                  <temperature class="extremeMin" units="°C" unitType="metric" year="1972" period="1938-2013">-11.7</temperature>
                  <temperature class="normalMax" units="°C" unitType="metric">9.1</temperature>
                  <temperature class="normalMin" units="°C" unitType="metric">-1.0</temperature>
                  <temperature class="normalMean" units="°C" unitType="metric">4.1</temperature>
                  <precipitation class="extremeRainfall" units="mm" unitType="metric" year="1942" period="1938-2013">17.5</precipitation>
                  <precipitation class="extremeSnowfall" units="cm" unitType="metric" year="1994" period="1938-2013">10.4</precipitation>
                  <precipitation class="extremePrecipitation" units="mm" unitType="metric" year="1958" period="1938-2013">18.3</precipitation>
                  <precipitation class="extremeSnowOnGround" units="cm" unitType="metric" year="1975" period="1955-2013">13</precipitation>
                  <pop units="%">42.0</pop>
            </day>
            <day index="7">
                  <temperature class="extremeMax" units="°C" unitType="metric" year="1991" period="1938-2013">27.6</temperature>
                  <temperature class="extremeMin" units="°C" unitType="metric" year="1972" period="1938-2013">-17.2</temperature>
                  <temperature class="normalMax" units="°C" unitType="metric">9.3</temperature>
                  <temperature class="normalMin" units="°C" unitType="metric">-0.8</temperature>
                  <temperature class="normalMean" units="°C" unitType="metric">4.3</temperature>
                  <precipitation class="extremeRainfall" units="mm" unitType="metric" year="2010" period="1938-2013">14.4</precipitation>
                  <precipitation class="extremeSnowfall" units="cm" unitType="metric" year="1967" period="1938-2013">14.0</precipitation>
                  <precipitation class="extremePrecipitation" units="mm" unitType="metric" year="1956" period="1938-2013">15.2</precipitation>
                  <precipitation class="extremeSnowOnGround" units="cm" unitType="metric" year="1994" period="1955-2013">12</precipitation>
                  <pop units="%">42.0</pop>
            </day>
            <day index="8">
                  <temperature class="extremeMax" units="°C" unitType="metric" year="2001" period="1938-2013">25.2</temperature>
                  <temperature class="extremeMin" units="°C" unitType="metric" year="1972" period="1938-2013">-13.3</temperature>
                  <temperature class="normalMax" units="°C" unitType="metric">9.6</temperature>
                  <temperature class="normalMin" units="°C" unitType="metric">-0.6</temperature>
                  <temperature class="normalMean" units="°C" unitType="metric">4.5</temperature>
                  <precipitation class="extremeRainfall" units="mm" unitType="metric" year="1991" period="1938-2013">34.6</precipitation>
                  <precipitation class="extremeSnowfall" units="cm" unitType="metric" year="1979" period="1938-2013">12.9</precipitation>
                  <precipitation class="extremePrecipitation" units="mm" unitType="metric" year="1991" period="1938-2013">34.6</precipitation>
                  <precipitation class="extremeSnowOnGround" units="cm" unitType="metric" year="2003" period="1955-2013">10</precipitation>
                  <pop units="%">42.0</pop>
            </day>
            <day index="9">
                  <temperature class="extremeMax" units="°C" unitType="metric" year="1955" period="1938-2013">21.1</temperature>
                  <temperature class="extremeMin" units="°C" unitType="metric" year="1972" period="1938-2013">-9.4</temperature>
                  <temperature class="normalMax" units="°C" unitType="metric">9.8</temperature>
                  <temperature class="normalMin" units="°C" unitType="metric">-0.4</temperature>
                  <temperature class="normalMean" units="°C" unitType="metric">4.7</temperature>
                  <precipitation class="extremeRainfall" units="mm" unitType="metric" year="1944" period="1938-2013">20.3</precipitation>
                  <precipitation class="extremeSnowfall" units="cm" unitType="metric" year="1942" period="1938-2013">4.1</precipitation>
                  <precipitation class="extremePrecipitation" units="mm" unitType="metric" year="1944" period="1938-2013">20.3</precipitation>
                  <precipitation class="extremeSnowOnGround" units="cm" unitType="metric" year="1979" period="1955-2013">12</precipitation>
                  <pop units="%">42.0</pop>
            </day>
            <day index="10">
                  <temperature class="extremeMax" units="°C" unitType="metric" year="1955" period="1938-2013">23.3</temperature>
                  <temperature class="extremeMin" units="°C" unitType="metric" year="1938" period="1938-2013">-7.2</temperature>
                  <temperature class="normalMax" units="°C" unitType="metric">10.1</temperature>
                  <temperature class="normalMin" units="°C" unitType="metric">-0.2</temperature>
                  <temperature class="normalMean" units="°C" unitType="metric">5.0</temperature>
                  <precipitation class="extremeRainfall" units="mm" unitType="metric" year="1990" period="1938-2013">19.0</precipitation>
                  <precipitation class="extremeSnowfall" units="cm" unitType="metric" year="1939" period="1938-2013">26.7</precipitation>
                  <precipitation class="extremePrecipitation" units="mm" unitType="metric" year="1939" period="1938-2013">26.7</precipitation>
                  <precipitation class="extremeSnowOnGround" units="cm" unitType="metric" year="1979" period="1955-2013">12</precipitation>
                  <pop units="%">42.0</pop>
            </day>
            <day index="11">
                  <temperature class="extremeMax" units="°C" unitType="metric" year="1977" period="1938-2013">26.8</temperature>
                  <temperature class="extremeMin" units="°C" unitType="metric" year="1970" period="1938-2013">-7.2</temperature>
                  <temperature class="normalMax" units="°C" unitType="metric">10.3</temperature>
                  <temperature class="normalMin" units="°C" unitType="metric">0.1</temperature>
                  <temperature class="normalMean" units="°C" unitType="metric">5.2</temperature>
                  <precipitation class="extremeRainfall" units="mm" unitType="metric" year="1992" period="1938-2013">55.8</precipitation>
                  <precipitation class="extremeSnowfall" units="cm" unitType="metric" year="1944" period="1938-2013">6.6</precipitation>
                  <precipitation class="extremePrecipitation" units="mm" unitType="metric" year="1992" period="1938-2013">55.8</precipitation>
                  <precipitation class="extremeSnowOnGround" units="cm" unitType="metric" year="1979" period="1955-2013">4</precipitation>
                  <pop units="%">42.0</pop>
            </day>
            <day index="12">
                  <temperature class="extremeMax" units="°C" unitType="metric" year="2001" period="1938-2013">25.8</temperature>
                  <temperature class="extremeMin" units="°C" unitType="metric" year="1990" period="1938-2013">-14.3</temperature>
                  <temperature class="normalMax" units="°C" unitType="metric">10.6</temperature>
                  <temperature class="normalMin" units="°C" unitType="metric">0.3</temperature>
                  <temperature class="normalMean" units="°C" unitType="metric">5.5</temperature>
                  <precipitation class="extremeRainfall" units="mm" unitType="metric" year="1951" period="1938-2013">41.7</precipitation>
                  <precipitation class="extremeSnowfall" units="cm" unitType="metric" year="1997" period="1938-2013">2.2</precipitation>
                  <precipitation class="extremePrecipitation" units="mm" unitType="metric" year="1951" period="1938-2013">41.7</precipitation>
                  <precipitation class="extremeSnowOnGround" units="cm" unitType="metric" year="2000" period="1955-2013">4</precipitation>
                  <pop units="%">42.0</pop>
            </day>
            <day index="13">
                  <temperature class="extremeMax" units="°C" unitType="metric" year="1977" period="1938-2013">27.1</temperature>
                  <temperature class="extremeMin" units="°C" unitType="metric" year="1950" period="1938-2013">-8.9</temperature>
                  <temperature class="normalMax" units="°C" unitType="metric">10.9</temperature>
                  <temperature class="normalMin" units="°C" unitType="metric">0.5</temperature>
                  <temperature class="normalMean" units="°C" unitType="metric">5.7</temperature>
                  <precipitation class="extremeRainfall" units="mm" unitType="metric" year="1996" period="1938-2013">18.6</precipitation>
                  <precipitation class="extremeSnowfall" units="cm" unitType="metric" year="1962" period="1938-2013">9.1</precipitation>
                  <precipitation class="extremePrecipitation" units="mm" unitType="metric" year="1996" period="1938-2013">18.6</precipitation>
                  <precipitation class="extremeSnowOnGround" units="cm" unitType="metric" year="1962" period="1955-2013">3</precipitation>
                  <pop units="%">42.0</pop>
            </day>
            <day index="14">
                  <temperature class="extremeMax" units="°C" unitType="metric" year="1938" period="1938-2013">23.9</temperature>
                  <temperature class="extremeMin" units="°C" unitType="metric" year="1940" period="1938-2013">-7.8</temperature>
                  <temperature class="normalMax" units="°C" unitType="metric">11.1</temperature>
                  <temperature class="normalMin" units="°C" unitType="metric">0.7</temperature>
                  <temperature class="normalMean" units="°C" unitType="metric">5.9</temperature>
                  <precipitation class="extremeRainfall" units="mm" unitType="metric" year="1980" period="1938-2013">32.5</precipitation>
                  <precipitation class="extremeSnowfall" units="cm" unitType="metric" year="1939" period="1938-2013">3.6</precipitation>
                  <precipitation class="extremePrecipitation" units="mm" unitType="metric" year="1980" period="1938-2013">32.8</precipitation>
                  <precipitation class="extremeSnowOnGround" units="cm" unitType="metric" year="1955" period="1955-2013">0</precipitation>
                  <pop units="%">42.0</pop>
            </day>
            <day index="15">
                  <temperature class="extremeMax" units="°C" unitType="metric" year="2003" period="1938-2013">27.5</temperature>
                  <temperature class="extremeMin" units="°C" unitType="metric" year="1943" period="1938-2013">-7.8</temperature>
                  <temperature class="normalMax" units="°C" unitType="metric">11.4</temperature>
                  <temperature class="normalMin" units="°C" unitType="metric">0.9</temperature>
                  <temperature class="normalMean" units="°C" unitType="metric">6.2</temperature>
                  <precipitation class="extremeRainfall" units="mm" unitType="metric" year="1954" period="1938-2013">30.0</precipitation>
                  <precipitation class="extremeSnowfall" units="cm" unitType="metric" year="1947" period="1938-2013">10.2</precipitation>
                  <precipitation class="extremePrecipitation" units="mm" unitType="metric" year="1954" period="1938-2013">30.0</precipitation>
                  <precipitation class="extremeSnowOnGround" units="cm" unitType="metric" year="1955" period="1955-2013">0</precipitation>
                  <pop units="%">42.0</pop>
            </day>
            <day index="16">
                  <temperature class="extremeMax" units="°C" unitType="metric" year="2002" period="1938-2013">29.6</temperature>
                  <temperature class="extremeMin" units="°C" unitType="metric" year="1980" period="1938-2013">-5.6</temperature>
                  <temperature class="normalMax" units="°C" unitType="metric">11.6</temperature>
                  <temperature class="normalMin" units="°C" unitType="metric">1.1</temperature>
                  <temperature class="normalMean" units="°C" unitType="metric">6.4</temperature>
                  <precipitation class="extremeRainfall" units="mm" unitType="metric" year="1992" period="1938-2013">38.8</precipitation>
                  <precipitation class="extremeSnowfall" units="cm" unitType="metric" year="1961" period="1938-2013">5.1</precipitation>
                  <precipitation class="extremePrecipitation" units="mm" unitType="metric" year="1992" period="1938-2013">38.8</precipitation>
                  <precipitation class="extremeSnowOnGround" units="cm" unitType="metric" year="1955" period="1955-2013">0</precipitation>
                  <pop units="%">42.0</pop>
            </day>
            <day index="17">
                  <temperature class="extremeMax" units="°C" unitType="metric" year="2002" period="1938-2013">28.5</temperature>
                  <temperature class="extremeMin" units="°C" unitType="metric" year="1965" period="1938-2013">-11.1</temperature>
                  <temperature class="normalMax" units="°C" unitType="metric">11.9</temperature>
                  <temperature class="normalMin" units="°C" unitType="metric">1.3</temperature>
                  <temperature class="normalMean" units="°C" unitType="metric">6.6</temperature>
                  <precipitation class="extremeRainfall" units="mm" unitType="metric" year="1939" period="1938-2013">29.7</precipitation>
                  <precipitation class="extremeSnowfall" units="cm" unitType="metric" year="1965" period="1938-2013">9.4</precipitation>
                  <precipitation class="extremePrecipitation" units="mm" unitType="metric" year="1939" period="1938-2013">29.7</precipitation>
                  <precipitation class="extremeSnowOnGround" units="cm" unitType="metric" year="1961" period="1955-2013">3</precipitation>
                  <pop units="%">42.0</pop>
            </day>
            <day index="18">
                  <temperature class="extremeMax" units="°C" unitType="metric" year="1976" period="1938-2013">28.3</temperature>
                  <temperature class="extremeMin" units="°C" unitType="metric" year="1965" period="1938-2013">-11.1</temperature>
                  <temperature class="normalMax" units="°C" unitType="metric">12.1</temperature>
                  <temperature class="normalMin" units="°C" unitType="metric">1.5</temperature>
                  <temperature class="normalMean" units="°C" unitType="metric">6.8</temperature>
                  <precipitation class="extremeRainfall" units="mm" unitType="metric" year="1969" period="1938-2013">35.8</precipitation>
                  <precipitation class="extremeSnowfall" units="cm" unitType="metric" year="1947" period="1938-2013">4.8</precipitation>
                  <precipitation class="extremePrecipitation" units="mm" unitType="metric" year="1969" period="1938-2013">35.8</precipitation>
                  <precipitation class="extremeSnowOnGround" units="cm" unitType="metric" year="1965" period="1955-2013">5</precipitation>
                  <pop units="%">42.0</pop>
            </day>
            <day index="19">
                  <temperature class="extremeMax" units="°C" unitType="metric" year="2005" period="1938-2013">27.5</temperature>
                  <temperature class="extremeMin" units="°C" unitType="metric" year="1946" period="1938-2013">-3.9</temperature>
                  <temperature class="normalMax" units="°C" unitType="metric">12.4</temperature>
                  <temperature class="normalMin" units="°C" unitType="metric">1.7</temperature>
                  <temperature class="normalMean" units="°C" unitType="metric">7.1</temperature>
                  <precipitation class="extremeRainfall" units="mm" unitType="metric" year="1943" period="1938-2013">22.6</precipitation>
                  <precipitation class="extremeSnowfall" units="cm" unitType="metric" year="1997" period="1938-2013">0.2</precipitation>
                  <precipitation class="extremePrecipitation" units="mm" unitType="metric" year="1943" period="1938-2013">22.6</precipitation>
                  <precipitation class="extremeSnowOnGround" units="cm" unitType="metric" year="1955" period="1955-2013">0</precipitation>
                  <pop units="%">42.0</pop>
            </day>
            <day index="20">
                  <temperature class="extremeMax" units="°C" unitType="metric" year="1957" period="1938-2013">26.7</temperature>
                  <temperature class="extremeMin" units="°C" unitType="metric" year="1981" period="1938-2013">-5.4</temperature>
                  <temperature class="normalMax" units="°C" unitType="metric">12.6</temperature>
                  <temperature class="normalMin" units="°C" unitType="metric">1.9</temperature>
                  <temperature class="normalMean" units="°C" unitType="metric">7.3</temperature>
                  <precipitation class="extremeRainfall" units="mm" unitType="metric" year="2000" period="1938-2013">38.8</precipitation>
                  <precipitation class="extremeSnowfall" units="cm" unitType="metric" year="1978" period="1938-2013">2.2</precipitation>
                  <precipitation class="extremePrecipitation" units="mm" unitType="metric" year="2000" period="1938-2013">38.8</precipitation>
                  <precipitation class="extremeSnowOnGround" units="cm" unitType="metric" year="1983" period="1955-2013">1</precipitation>
                  <pop units="%">42.0</pop>
            </day>
            <day index="21">
                  <temperature class="extremeMax" units="°C" unitType="metric" year="1985" period="1938-2013">29.2</temperature>
                  <temperature class="extremeMin" units="°C" unitType="metric" year="1981" period="1938-2013">-6.9</temperature>
                  <temperature class="normalMax" units="°C" unitType="metric">12.9</temperature>
                  <temperature class="normalMin" units="°C" unitType="metric">2.1</temperature>
                  <temperature class="normalMean" units="°C" unitType="metric">7.5</temperature>
                  <precipitation class="extremeRainfall" units="mm" unitType="metric" year="1995" period="1938-2013">34.2</precipitation>
                  <precipitation class="extremeSnowfall" units="cm" unitType="metric" year="1945" period="1938-2013">6.9</precipitation>
                  <precipitation class="extremePrecipitation" units="mm" unitType="metric" year="1995" period="1938-2013">34.2</precipitation>
                  <precipitation class="extremeSnowOnGround" units="cm" unitType="metric" year="1955" period="1955-2013">0</precipitation>
                  <pop units="%">42.0</pop>
            </day>
            <day index="22">
                  <temperature class="extremeMax" units="°C" unitType="metric" year="1985" period="1938-2013">30.3</temperature>
                  <temperature class="extremeMin" units="°C" unitType="metric" year="1986" period="1938-2013">-4.7</temperature>
                  <temperature class="normalMax" units="°C" unitType="metric">13.2</temperature>
                  <temperature class="normalMin" units="°C" unitType="metric">2.3</temperature>
                  <temperature class="normalMean" units="°C" unitType="metric">7.8</temperature>
                  <precipitation class="extremeRainfall" units="mm" unitType="metric" year="1999" period="1938-2013">20.2</precipitation>
                  <precipitation class="extremeSnowfall" units="cm" unitType="metric" year="2002" period="1938-2013">2.4</precipitation>
                  <precipitation class="extremePrecipitation" units="mm" unitType="metric" year="1999" period="1938-2013">20.2</precipitation>
                  <precipitation class="extremeSnowOnGround" units="cm" unitType="metric" year="2002" period="1955-2013">1</precipitation>
                  <pop units="%">42.0</pop>
            </day>
            <day index="23">
                  <temperature class="extremeMax" units="°C" unitType="metric" year="2001" period="1938-2013">27.2</temperature>
                  <temperature class="extremeMin" units="°C" unitType="metric" year="1938" period="1938-2013">-5.0</temperature>
                  <temperature class="normalMax" units="°C" unitType="metric">13.4</temperature>
                  <temperature class="normalMin" units="°C" unitType="metric">2.5</temperature>
                  <temperature class="normalMean" units="°C" unitType="metric">8.0</temperature>
                  <precipitation class="extremeRainfall" units="mm" unitType="metric" year="1977" period="1938-2013">22.8</precipitation>
                  <precipitation class="extremeSnowfall" units="cm" unitType="metric" year="1963" period="1938-2013">6.9</precipitation>
                  <precipitation class="extremePrecipitation" units="mm" unitType="metric" year="1977" period="1938-2013">22.8</precipitation>
                  <precipitation class="extremeSnowOnGround" units="cm" unitType="metric" year="1955" period="1955-2013">0</precipitation>
                  <pop units="%">42.0</pop>
            </day>
            <day index="24">
                  <temperature class="extremeMax" units="°C" unitType="metric" year="1942" period="1938-2013">28.3</temperature>
                  <temperature class="extremeMin" units="°C" unitType="metric" year="1956" period="1938-2013">-3.9</temperature>
                  <temperature class="normalMax" units="°C" unitType="metric">13.7</temperature>
                  <temperature class="normalMin" units="°C" unitType="metric">2.7</temperature>
                  <temperature class="normalMean" units="°C" unitType="metric">8.2</temperature>
                  <precipitation class="extremeRainfall" units="mm" unitType="metric" year="1957" period="1938-2013">19.1</precipitation>
                  <precipitation class="extremeSnowfall" units="cm" unitType="metric" year="1971" period="1938-2013">0.3</precipitation>
                  <precipitation class="extremePrecipitation" units="mm" unitType="metric" year="1957" period="1938-2013">19.1</precipitation>
                  <precipitation class="extremeSnowOnGround" units="cm" unitType="metric" year="1955" period="1955-2013">0</precipitation>
                  <pop units="%">42.0</pop>
            </day>
            <day index="25">
                  <temperature class="extremeMax" units="°C" unitType="metric" year="1990" period="1938-2013">31.1</temperature>
                  <temperature class="extremeMin" units="°C" unitType="metric" year="1956" period="1938-2013">-5.6</temperature>
                  <temperature class="normalMax" units="°C" unitType="metric">13.9</temperature>
                  <temperature class="normalMin" units="°C" unitType="metric">2.9</temperature>
                  <temperature class="normalMean" units="°C" unitType="metric">8.4</temperature>
                  <precipitation class="extremeRainfall" units="mm" unitType="metric" year="1953" period="1938-2013">22.9</precipitation>
                  <precipitation class="extremeSnowfall" units="cm" unitType="metric" year="1976" period="1938-2013">7.9</precipitation>
                  <precipitation class="extremePrecipitation" units="mm" unitType="metric" year="1976" period="1938-2013">26.7</precipitation>
                  <precipitation class="extremeSnowOnGround" units="cm" unitType="metric" year="1955" period="1955-2013">0</precipitation>
                  <pop units="%">42.0</pop>
            </day>
            <day index="26">
                  <temperature class="extremeMax" units="°C" unitType="metric" year="1990" period="1938-2013">30.4</temperature>
                  <temperature class="extremeMin" units="°C" unitType="metric" year="1967" period="1938-2013">-3.9</temperature>
                  <temperature class="normalMax" units="°C" unitType="metric">14.2</temperature>
                  <temperature class="normalMin" units="°C" unitType="metric">3.1</temperature>
                  <temperature class="normalMean" units="°C" unitType="metric">8.7</temperature>
                  <precipitation class="extremeRainfall" units="mm" unitType="metric" year="1945" period="1938-2013">20.1</precipitation>
                  <precipitation class="extremeSnowfall" units="cm" unitType="metric" year="1976" period="1938-2013">7.4</precipitation>
                  <precipitation class="extremePrecipitation" units="mm" unitType="metric" year="1945" period="1938-2013">20.6</precipitation>
                  <precipitation class="extremeSnowOnGround" units="cm" unitType="metric" year="1976" period="1955-2013">10</precipitation>
                  <pop units="%">42.0</pop>
            </day>
            <day index="27">
                  <temperature class="extremeMax" units="°C" unitType="metric" year="1990" period="1938-2013">30.3</temperature>
                  <temperature class="extremeMin" units="°C" unitType="metric" year="1966" period="1938-2013">-3.3</temperature>
                  <temperature class="normalMax" units="°C" unitType="metric">14.4</temperature>
                  <temperature class="normalMin" units="°C" unitType="metric">3.3</temperature>
                  <temperature class="normalMean" units="°C" unitType="metric">8.9</temperature>
                  <precipitation class="extremeRainfall" units="mm" unitType="metric" year="1973" period="1938-2013">21.3</precipitation>
                  <precipitation class="extremeSnowfall" units="cm" unitType="metric" year="1966" period="1938-2013">1.3</precipitation>
                  <precipitation class="extremePrecipitation" units="mm" unitType="metric" year="1973" period="1938-2013">21.3</precipitation>
                  <precipitation class="extremeSnowOnGround" units="cm" unitType="metric" year="1955" period="1955-2013">0</precipitation>
                  <pop units="%">42.0</pop>
            </day>
            <day index="28">
                  <temperature class="extremeMax" units="°C" unitType="metric" year="1938" period="1938-2013">28.3</temperature>
                  <temperature class="extremeMin" units="°C" unitType="metric" year="1947" period="1938-2013">-4.4</temperature>
                  <temperature class="normalMax" units="°C" unitType="metric">14.7</temperature>
                  <temperature class="normalMin" units="°C" unitType="metric">3.5</temperature>
                  <temperature class="normalMean" units="°C" unitType="metric">9.1</temperature>
                  <precipitation class="extremeRainfall" units="mm" unitType="metric" year="1959" period="1938-2013">28.7</precipitation>
                  <precipitation class="extremeSnowfall" units="cm" unitType="metric" year="1994" period="1938-2013">0.6</precipitation>
                  <precipitation class="extremePrecipitation" units="mm" unitType="metric" year="1959" period="1938-2013">28.7</precipitation>
                  <precipitation class="extremeSnowOnGround" units="cm" unitType="metric" year="1955" period="1955-2013">0</precipitation>
                  <pop units="%">42.0</pop>
            </day>
            <day index="29">
                  <temperature class="extremeMax" units="°C" unitType="metric" year="1942" period="1938-2013">26.1</temperature>
                  <temperature class="extremeMin" units="°C" unitType="metric" year="1968" period="1938-2013">-3.3</temperature>
                  <temperature class="normalMax" units="°C" unitType="metric">15.0</temperature>
                  <temperature class="normalMin" units="°C" unitType="metric">3.7</temperature>
                  <temperature class="normalMean" units="°C" unitType="metric">9.4</temperature>
                  <precipitation class="extremeRainfall" units="mm" unitType="metric" year="1964" period="1938-2013">17.5</precipitation>
                  <precipitation class="extremeSnowfall" units="cm" unitType="metric" year="1938" period="1938-2013">0.0</precipitation>
                  <precipitation class="extremePrecipitation" units="mm" unitType="metric" year="1964" period="1938-2013">17.5</precipitation>
                  <precipitation class="extremeSnowOnGround" units="cm" unitType="metric" year="1955" period="1955-2013">0</precipitation>
                  <pop units="%">42.0</pop>
            </day>
            <day index="30">
                  <temperature class="extremeMax" units="°C" unitType="metric" year="1941" period="1938-2013">26.7</temperature>
                  <temperature class="extremeMin" units="°C" unitType="metric" year="1978" period="1938-2013">-5.3</temperature>
                  <temperature class="normalMax" units="°C" unitType="metric">15.2</temperature>
                  <temperature class="normalMin" units="°C" unitType="metric">3.9</temperature>
                  <temperature class="normalMean" units="°C" unitType="metric">9.6</temperature>
                  <precipitation class="extremeRainfall" units="mm" unitType="metric" year="2009" period="1938-2013">23.4</precipitation>
                  <precipitation class="extremeSnowfall" units="cm" unitType="metric" year="1963" period="1938-2013">1.8</precipitation>
                  <precipitation class="extremePrecipitation" units="mm" unitType="metric" year="2009" period="1938-2013">23.4</precipitation>
                  <precipitation class="extremeSnowOnGround" units="cm" unitType="metric" year="1955" period="1955-2013">0</precipitation>
                  <pop units="%">42.0</pop>
            </day>
      </month>

      <month index="5">

            <day index="1">
                  <temperature class="extremeMax" units="°C" unitType="metric" year="1970" period="1938-2013">27.8</temperature>
                  <temperature class="extremeMin" units="°C" unitType="metric" year="1978" period="1938-2013">-2.6</temperature>
                  <temperature class="normalMax" units="°C" unitType="metric">15.5</temperature>
                  <temperature class="normalMin" units="°C" unitType="metric">4.1</temperature>
                  <temperature class="normalMean" units="°C" unitType="metric">9.8</temperature>
                  <precipitation class="extremeRainfall" units="mm" unitType="metric" year="1953" period="1938-2013">19.6</precipitation>
                  <precipitation class="extremeSnowfall" units="cm" unitType="metric" year="1938" period="1938-2013">0.0</precipitation>
                  <precipitation class="extremePrecipitation" units="mm" unitType="metric" year="1953" period="1938-2013">19.6</precipitation>
                  <precipitation class="extremeSnowOnGround" units="cm" unitType="metric" year="1955" period="1955-2013">0</precipitation>
                  <pop units="%">40.0</pop>
            </day>
            <day index="2">
                  <temperature class="extremeMax" units="°C" unitType="metric" year="2001" period="1938-2013">29.8</temperature>
                  <temperature class="extremeMin" units="°C" unitType="metric" year="1974" period="1938-2013">-2.8</temperature>
                  <temperature class="normalMax" units="°C" unitType="metric">15.7</temperature>
                  <temperature class="normalMin" units="°C" unitType="metric">4.3</temperature>
                  <temperature class="normalMean" units="°C" unitType="metric">10.0</temperature>
                  <precipitation class="extremeRainfall" units="mm" unitType="metric" year="1992" period="1938-2013">42.6</precipitation>
                  <precipitation class="extremeSnowfall" units="cm" unitType="metric" year="1938" period="1938-2013">0.0</precipitation>
                  <precipitation class="extremePrecipitation" units="mm" unitType="metric" year="1992" period="1938-2013">42.6</precipitation>
                  <precipitation class="extremeSnowOnGround" units="cm" unitType="metric" year="1955" period="1955-2013">0</precipitation>
                  <pop units="%">40.0</pop>
            </day>
            <day index="3">
                  <temperature class="extremeMax" units="°C" unitType="metric" year="2001" period="1938-2013">30.6</temperature>
                  <temperature class="extremeMin" units="°C" unitType="metric" year="1986" period="1938-2013">-3.0</temperature>
                  <temperature class="normalMax" units="°C" unitType="metric">16.0</temperature>
                  <temperature class="normalMin" units="°C" unitType="metric">4.5</temperature>
                  <temperature class="normalMean" units="°C" unitType="metric">10.3</temperature>
                  <precipitation class="extremeRainfall" units="mm" unitType="metric" year="1997" period="1938-2013">23.0</precipitation>
                  <precipitation class="extremeSnowfall" units="cm" unitType="metric" year="1938" period="1938-2013">0.0</precipitation>
                  <precipitation class="extremePrecipitation" units="mm" unitType="metric" year="1997" period="1938-2013">23.0</precipitation>
                  <precipitation class="extremeSnowOnGround" units="cm" unitType="metric" year="1955" period="1955-2013">0</precipitation>
                  <pop units="%">40.0</pop>
            </day>
            <day index="4">
                  <temperature class="extremeMax" units="°C" unitType="metric" year="1949" period="1938-2013">32.2</temperature>
                  <temperature class="extremeMin" units="°C" unitType="metric" year="1978" period="1938-2013">-2.8</temperature>
                  <temperature class="normalMax" units="°C" unitType="metric">16.2</temperature>
                  <temperature class="normalMin" units="°C" unitType="metric">4.6</temperature>
                  <temperature class="normalMean" units="°C" unitType="metric">10.4</temperature>
                  <precipitation class="extremeRainfall" units="mm" unitType="metric" year="1984" period="1938-2013">18.8</precipitation>
                  <precipitation class="extremeSnowfall" units="cm" unitType="metric" year="1938" period="1938-2013">0.0</precipitation>
                  <precipitation class="extremePrecipitation" units="mm" unitType="metric" year="1984" period="1938-2013">18.8</precipitation>
                  <precipitation class="extremeSnowOnGround" units="cm" unitType="metric" year="1955" period="1955-2013">0</precipitation>
                  <pop units="%">40.0</pop>
            </day>
            <day index="5">
                  <temperature class="extremeMax" units="°C" unitType="metric" year="1949" period="1938-2013">30.6</temperature>
                  <temperature class="extremeMin" units="°C" unitType="metric" year="1968" period="1938-2013">-3.9</temperature>
                  <temperature class="normalMax" units="°C" unitType="metric">16.5</temperature>
                  <temperature class="normalMin" units="°C" unitType="metric">4.8</temperature>
                  <temperature class="normalMean" units="°C" unitType="metric">10.7</temperature>
                  <precipitation class="extremeRainfall" units="mm" unitType="metric" year="2003" period="1938-2013">21.4</precipitation>
                  <precipitation class="extremeSnowfall" units="cm" unitType="metric" year="1938" period="1938-2013">0.0</precipitation>
                  <precipitation class="extremePrecipitation" units="mm" unitType="metric" year="2003" period="1938-2013">21.4</precipitation>
                  <precipitation class="extremeSnowOnGround" units="cm" unitType="metric" year="1955" period="1955-2013">0</precipitation>
                  <pop units="%">40.0</pop>
            </day>
            <day index="6">
                  <temperature class="extremeMax" units="°C" unitType="metric" year="1949" period="1938-2013">32.8</temperature>
                  <temperature class="extremeMin" units="°C" unitType="metric" year="1968" period="1938-2013">-3.9</temperature>
                  <temperature class="normalMax" units="°C" unitType="metric">16.7</temperature>
                  <temperature class="normalMin" units="°C" unitType="metric">5.0</temperature>
                  <temperature class="normalMean" units="°C" unitType="metric">10.9</temperature>
                  <precipitation class="extremeRainfall" units="mm" unitType="metric" year="1976" period="1938-2013">36.6</precipitation>
                  <precipitation class="extremeSnowfall" units="cm" unitType="metric" year="1938" period="1938-2013">0.0</precipitation>
                  <precipitation class="extremePrecipitation" units="mm" unitType="metric" year="1976" period="1938-2013">36.6</precipitation>
                  <precipitation class="extremeSnowOnGround" units="cm" unitType="metric" year="1955" period="1955-2013">0</precipitation>
                  <pop units="%">40.0</pop>
            </day>
            <day index="7">
                  <temperature class="extremeMax" units="°C" unitType="metric" year="1939" period="1938-2013">29.4</temperature>
                  <temperature class="extremeMin" units="°C" unitType="metric" year="1966" period="1938-2013">-5.6</temperature>
                  <temperature class="normalMax" units="°C" unitType="metric">16.9</temperature>
                  <temperature class="normalMin" units="°C" unitType="metric">5.2</temperature>
                  <temperature class="normalMean" units="°C" unitType="metric">11.1</temperature>
                  <precipitation class="extremeRainfall" units="mm" unitType="metric" year="2010" period="1938-2013">26.0</precipitation>
                  <precipitation class="extremeSnowfall" units="cm" unitType="metric" year="1976" period="1938-2013">2.3</precipitation>
                  <precipitation class="extremePrecipitation" units="mm" unitType="metric" year="2010" period="1938-2013">26.0</precipitation>
                  <precipitation class="extremeSnowOnGround" units="cm" unitType="metric" year="1955" period="1955-2013">0</precipitation>
                  <pop units="%">40.0</pop>
            </day>
            <day index="8">
                  <temperature class="extremeMax" units="°C" unitType="metric" year="2007" period="1938-2013">27.7</temperature>
                  <temperature class="extremeMin" units="°C" unitType="metric" year="1966" period="1938-2013">-3.3</temperature>
                  <temperature class="normalMax" units="°C" unitType="metric">17.2</temperature>
                  <temperature class="normalMin" units="°C" unitType="metric">5.4</temperature>
                  <temperature class="normalMean" units="°C" unitType="metric">11.3</temperature>
                  <precipitation class="extremeRainfall" units="mm" unitType="metric" year="1960" period="1938-2013">22.4</precipitation>
                  <precipitation class="extremeSnowfall" units="cm" unitType="metric" year="1938" period="1938-2013">0.0</precipitation>
                  <precipitation class="extremePrecipitation" units="mm" unitType="metric" year="1960" period="1938-2013">22.4</precipitation>
                  <precipitation class="extremeSnowOnGround" units="cm" unitType="metric" year="1955" period="1955-2013">0</precipitation>
                  <pop units="%">40.0</pop>
            </day>
            <day index="9">
                  <temperature class="extremeMax" units="°C" unitType="metric" year="1979" period="1938-2013">30.1</temperature>
                  <temperature class="extremeMin" units="°C" unitType="metric" year="1966" period="1938-2013">-2.2</temperature>
                  <temperature class="normalMax" units="°C" unitType="metric">17.4</temperature>
                  <temperature class="normalMin" units="°C" unitType="metric">5.6</temperature>
                  <temperature class="normalMean" units="°C" unitType="metric">11.5</temperature>
                  <precipitation class="extremeRainfall" units="mm" unitType="metric" year="1956" period="1938-2013">20.1</precipitation>
                  <precipitation class="extremeSnowfall" units="cm" unitType="metric" year="1938" period="1938-2013">0.0</precipitation>
                  <precipitation class="extremePrecipitation" units="mm" unitType="metric" year="1956" period="1938-2013">20.1</precipitation>
                  <precipitation class="extremeSnowOnGround" units="cm" unitType="metric" year="1955" period="1955-2013">0</precipitation>
                  <pop units="%">40.0</pop>
            </day>
            <day index="10">
                  <temperature class="extremeMax" units="°C" unitType="metric" year="1953" period="1938-2013">29.4</temperature>
                  <temperature class="extremeMin" units="°C" unitType="metric" year="1947" period="1938-2013">-3.9</temperature>
                  <temperature class="normalMax" units="°C" unitType="metric">17.6</temperature>
                  <temperature class="normalMin" units="°C" unitType="metric">5.8</temperature>
                  <temperature class="normalMean" units="°C" unitType="metric">11.7</temperature>
                  <precipitation class="extremeRainfall" units="mm" unitType="metric" year="1963" period="1938-2013">20.6</precipitation>
                  <precipitation class="extremeSnowfall" units="cm" unitType="metric" year="1938" period="1938-2013">0.0</precipitation>
                  <precipitation class="extremePrecipitation" units="mm" unitType="metric" year="1963" period="1938-2013">20.6</precipitation>
                  <precipitation class="extremeSnowOnGround" units="cm" unitType="metric" year="1955" period="1955-2013">0</precipitation>
                  <pop units="%">40.0</pop>
            </day>
            <day index="11">
                  <temperature class="extremeMax" units="°C" unitType="metric" year="1987" period="1938-2013">29.6</temperature>
                  <temperature class="extremeMin" units="°C" unitType="metric" year="1966" period="1938-2013">-4.4</temperature>
                  <temperature class="normalMax" units="°C" unitType="metric">17.9</temperature>
                  <temperature class="normalMin" units="°C" unitType="metric">6.0</temperature>
                  <temperature class="normalMean" units="°C" unitType="metric">12.0</temperature>
                  <precipitation class="extremeRainfall" units="mm" unitType="metric" year="1943" period="1938-2013">42.7</precipitation>
                  <precipitation class="extremeSnowfall" units="cm" unitType="metric" year="1938" period="1938-2013">0.0</precipitation>
                  <precipitation class="extremePrecipitation" units="mm" unitType="metric" year="1943" period="1938-2013">42.7</precipitation>
                  <precipitation class="extremeSnowOnGround" units="cm" unitType="metric" year="1955" period="1955-2013">0</precipitation>
                  <pop units="%">40.0</pop>
            </day>
            <day index="12">
                  <temperature class="extremeMax" units="°C" unitType="metric" year="1991" period="1938-2013">29.2</temperature>
                  <temperature class="extremeMin" units="°C" unitType="metric" year="1939" period="1938-2013">-2.2</temperature>
                  <temperature class="normalMax" units="°C" unitType="metric">18.1</temperature>
                  <temperature class="normalMin" units="°C" unitType="metric">6.2</temperature>
                  <temperature class="normalMean" units="°C" unitType="metric">12.2</temperature>
                  <precipitation class="extremeRainfall" units="mm" unitType="metric" year="2000" period="1938-2013">59.4</precipitation>
                  <precipitation class="extremeSnowfall" units="cm" unitType="metric" year="1966" period="1938-2013">0.5</precipitation>
                  <precipitation class="extremePrecipitation" units="mm" unitType="metric" year="2000" period="1938-2013">59.4</precipitation>
                  <precipitation class="extremeSnowOnGround" units="cm" unitType="metric" year="1955" period="1955-2013">0</precipitation>
                  <pop units="%">40.0</pop>
            </day>
            <day index="13">
                  <temperature class="extremeMax" units="°C" unitType="metric" year="1991" period="1938-2013">29.2</temperature>
                  <temperature class="extremeMin" units="°C" unitType="metric" year="1967" period="1938-2013">-1.7</temperature>
                  <temperature class="normalMax" units="°C" unitType="metric">18.3</temperature>
                  <temperature class="normalMin" units="°C" unitType="metric">6.4</temperature>
                  <temperature class="normalMean" units="°C" unitType="metric">12.4</temperature>
                  <precipitation class="extremeRainfall" units="mm" unitType="metric" year="1964" period="1938-2013">19.8</precipitation>
                  <precipitation class="extremeSnowfall" units="cm" unitType="metric" year="1938" period="1938-2013">0.0</precipitation>
                  <precipitation class="extremePrecipitation" units="mm" unitType="metric" year="1964" period="1938-2013">19.8</precipitation>
                  <precipitation class="extremeSnowOnGround" units="cm" unitType="metric" year="1955" period="1955-2013">0</precipitation>
                  <pop units="%">40.0</pop>
            </day>
            <day index="14">
                  <temperature class="extremeMax" units="°C" unitType="metric" year="1962" period="1938-2013">30.0</temperature>
                  <temperature class="extremeMin" units="°C" unitType="metric" year="1938" period="1938-2013">-1.1</temperature>
                  <temperature class="normalMax" units="°C" unitType="metric">18.5</temperature>
                  <temperature class="normalMin" units="°C" unitType="metric">6.5</temperature>
                  <temperature class="normalMean" units="°C" unitType="metric">12.5</temperature>
                  <precipitation class="extremeRainfall" units="mm" unitType="metric" year="2011" period="1938-2013">27.2</precipitation>
                  <precipitation class="extremeSnowfall" units="cm" unitType="metric" year="1938" period="1938-2013">0.0</precipitation>
                  <precipitation class="extremePrecipitation" units="mm" unitType="metric" year="2011" period="1938-2013">27.2</precipitation>
                  <precipitation class="extremeSnowOnGround" units="cm" unitType="metric" year="1955" period="1955-2013">0</precipitation>
                  <pop units="%">40.0</pop>
            </day>
            <day index="15">
                  <temperature class="extremeMax" units="°C" unitType="metric" year="1962" period="1938-2013">33.3</temperature>
                  <temperature class="extremeMin" units="°C" unitType="metric" year="1984" period="1938-2013">0.4</temperature>
                  <temperature class="normalMax" units="°C" unitType="metric">18.7</temperature>
                  <temperature class="normalMin" units="°C" unitType="metric">6.7</temperature>
                  <temperature class="normalMean" units="°C" unitType="metric">12.7</temperature>
                  <precipitation class="extremeRainfall" units="mm" unitType="metric" year="1942" period="1938-2013">50.3</precipitation>
                  <precipitation class="extremeSnowfall" units="cm" unitType="metric" year="1959" period="1938-2013">0.3</precipitation>
                  <precipitation class="extremePrecipitation" units="mm" unitType="metric" year="1942" period="1938-2013">50.3</precipitation>
                  <precipitation class="extremeSnowOnGround" units="cm" unitType="metric" year="1955" period="1955-2013">0</precipitation>
                  <pop units="%">40.0</pop>
            </day>
            <day index="16">
                  <temperature class="extremeMax" units="°C" unitType="metric" year="1962" period="1938-2013">34.4</temperature>
                  <temperature class="extremeMin" units="°C" unitType="metric" year="1957" period="1938-2013">-0.6</temperature>
                  <temperature class="normalMax" units="°C" unitType="metric">18.9</temperature>
                  <temperature class="normalMin" units="°C" unitType="metric">6.9</temperature>
                  <temperature class="normalMean" units="°C" unitType="metric">12.9</temperature>
                  <precipitation class="extremeRainfall" units="mm" unitType="metric" year="1974" period="1938-2013">53.1</precipitation>
                  <precipitation class="extremeSnowfall" units="cm" unitType="metric" year="1938" period="1938-2013">0.0</precipitation>
                  <precipitation class="extremePrecipitation" units="mm" unitType="metric" year="1974" period="1938-2013">53.1</precipitation>
                  <precipitation class="extremeSnowOnGround" units="cm" unitType="metric" year="1955" period="1955-2013">0</precipitation>
                  <pop units="%">40.0</pop>
            </day>
            <day index="17">
                  <temperature class="extremeMax" units="°C" unitType="metric" year="1962" period="1938-2013">34.4</temperature>
                  <temperature class="extremeMin" units="°C" unitType="metric" year="1983" period="1938-2013">-1.6</temperature>
                  <temperature class="normalMax" units="°C" unitType="metric">19.1</temperature>
                  <temperature class="normalMin" units="°C" unitType="metric">7.1</temperature>
                  <temperature class="normalMean" units="°C" unitType="metric">13.1</temperature>
                  <precipitation class="extremeRainfall" units="mm" unitType="metric" year="1945" period="1938-2013">22.4</precipitation>
                  <precipitation class="extremeSnowfall" units="cm" unitType="metric" year="1938" period="1938-2013">0.0</precipitation>
                  <precipitation class="extremePrecipitation" units="mm" unitType="metric" year="1945" period="1938-2013">22.4</precipitation>
                  <precipitation class="extremeSnowOnGround" units="cm" unitType="metric" year="1955" period="1955-2013">0</precipitation>
                  <pop units="%">40.0</pop>
            </day>
            <day index="18">
                  <temperature class="extremeMax" units="°C" unitType="metric" year="1962" period="1938-2013">33.9</temperature>
                  <temperature class="extremeMin" units="°C" unitType="metric" year="1981" period="1938-2013">-1.0</temperature>
                  <temperature class="normalMax" units="°C" unitType="metric">19.3</temperature>
                  <temperature class="normalMin" units="°C" unitType="metric">7.3</temperature>
                  <temperature class="normalMean" units="°C" unitType="metric">13.3</temperature>
                  <precipitation class="extremeRainfall" units="mm" unitType="metric" year="1969" period="1938-2013">37.1</precipitation>
                  <precipitation class="extremeSnowfall" units="cm" unitType="metric" year="1938" period="1938-2013">0.0</precipitation>
                  <precipitation class="extremePrecipitation" units="mm" unitType="metric" year="1969" period="1938-2013">37.1</precipitation>
                  <precipitation class="extremeSnowOnGround" units="cm" unitType="metric" year="1955" period="1955-2013">0</precipitation>
                  <pop units="%">40.0</pop>
            </day>
            <day index="19">
                  <temperature class="extremeMax" units="°C" unitType="metric" year="1962" period="1938-2013">32.2</temperature>
                  <temperature class="extremeMin" units="°C" unitType="metric" year="1973" period="1938-2013">-1.1</temperature>
                  <temperature class="normalMax" units="°C" unitType="metric">19.5</temperature>
                  <temperature class="normalMin" units="°C" unitType="metric">7.5</temperature>
                  <temperature class="normalMean" units="°C" unitType="metric">13.5</temperature>
                  <precipitation class="extremeRainfall" units="mm" unitType="metric" year="1957" period="1938-2013">22.6</precipitation>
                  <precipitation class="extremeSnowfall" units="cm" unitType="metric" year="1938" period="1938-2013">0.0</precipitation>
                  <precipitation class="extremePrecipitation" units="mm" unitType="metric" year="1957" period="1938-2013">22.6</precipitation>
                  <precipitation class="extremeSnowOnGround" units="cm" unitType="metric" year="1955" period="1955-2013">0</precipitation>
                  <pop units="%">40.0</pop>
            </day>
            <day index="20">
                  <temperature class="extremeMax" units="°C" unitType="metric" year="1962" period="1938-2013">32.2</temperature>
                  <temperature class="extremeMin" units="°C" unitType="metric" year="2002" period="1938-2013">-0.1</temperature>
                  <temperature class="normalMax" units="°C" unitType="metric">19.7</temperature>
                  <temperature class="normalMin" units="°C" unitType="metric">7.6</temperature>
                  <temperature class="normalMean" units="°C" unitType="metric">13.7</temperature>
                  <precipitation class="extremeRainfall" units="mm" unitType="metric" year="1996" period="1938-2013">32.4</precipitation>
                  <precipitation class="extremeSnowfall" units="cm" unitType="metric" year="1938" period="1938-2013">0.0</precipitation>
                  <precipitation class="extremePrecipitation" units="mm" unitType="metric" year="1996" period="1938-2013">32.4</precipitation>
                  <precipitation class="extremeSnowOnGround" units="cm" unitType="metric" year="1955" period="1955-2013">0</precipitation>
                  <pop units="%">40.0</pop>
            </day>
            <day index="21">
                  <temperature class="extremeMax" units="°C" unitType="metric" year="1941" period="1938-2013">32.2</temperature>
                  <temperature class="extremeMin" units="°C" unitType="metric" year="1967" period="1938-2013">-0.6</temperature>
                  <temperature class="normalMax" units="°C" unitType="metric">19.9</temperature>
                  <temperature class="normalMin" units="°C" unitType="metric">7.8</temperature>
                  <temperature class="normalMean" units="°C" unitType="metric">13.9</temperature>
                  <precipitation class="extremeRainfall" units="mm" unitType="metric" year="1953" period="1938-2013">23.4</precipitation>
                  <precipitation class="extremeSnowfall" units="cm" unitType="metric" year="1938" period="1938-2013">0.0</precipitation>
                  <precipitation class="extremePrecipitation" units="mm" unitType="metric" year="1953" period="1938-2013">23.4</precipitation>
                  <precipitation class="extremeSnowOnGround" units="cm" unitType="metric" year="1955" period="1955-2013">0</precipitation>
                  <pop units="%">40.0</pop>
            </day>
            <day index="22">
                  <temperature class="extremeMax" units="°C" unitType="metric" year="1964" period="1938-2013">31.1</temperature>
                  <temperature class="extremeMin" units="°C" unitType="metric" year="1967" period="1938-2013">0.6</temperature>
                  <temperature class="normalMax" units="°C" unitType="metric">20.1</temperature>
                  <temperature class="normalMin" units="°C" unitType="metric">8.0</temperature>
                  <temperature class="normalMean" units="°C" unitType="metric">14.1</temperature>
                  <precipitation class="extremeRainfall" units="mm" unitType="metric" year="1942" period="1938-2013">36.3</precipitation>
                  <precipitation class="extremeSnowfall" units="cm" unitType="metric" year="1938" period="1938-2013">0.0</precipitation>
                  <precipitation class="extremePrecipitation" units="mm" unitType="metric" year="1942" period="1938-2013">36.3</precipitation>
                  <precipitation class="extremeSnowOnGround" units="cm" unitType="metric" year="1955" period="1955-2013">0</precipitation>
                  <pop units="%">40.0</pop>
            </day>
            <day index="23">
                  <temperature class="extremeMax" units="°C" unitType="metric" year="1964" period="1938-2013">31.7</temperature>
                  <temperature class="extremeMin" units="°C" unitType="metric" year="1967" period="1938-2013">-0.6</temperature>
                  <temperature class="normalMax" units="°C" unitType="metric">20.2</temperature>
                  <temperature class="normalMin" units="°C" unitType="metric">8.2</temperature>
                  <temperature class="normalMean" units="°C" unitType="metric">14.2</temperature>
                  <precipitation class="extremeRainfall" units="mm" unitType="metric" year="1938" period="1938-2013">25.7</precipitation>
                  <precipitation class="extremeSnowfall" units="cm" unitType="metric" year="1938" period="1938-2013">0.0</precipitation>
                  <precipitation class="extremePrecipitation" units="mm" unitType="metric" year="1938" period="1938-2013">25.7</precipitation>
                  <precipitation class="extremeSnowOnGround" units="cm" unitType="metric" year="1955" period="1955-2013">0</precipitation>
                  <pop units="%">40.0</pop>
            </day>
            <day index="24">
                  <temperature class="extremeMax" units="°C" unitType="metric" year="2007" period="1938-2013">31.0</temperature>
                  <temperature class="extremeMin" units="°C" unitType="metric" year="1963" period="1938-2013">-1.7</temperature>
                  <temperature class="normalMax" units="°C" unitType="metric">20.4</temperature>
                  <temperature class="normalMin" units="°C" unitType="metric">8.3</temperature>
                  <temperature class="normalMean" units="°C" unitType="metric">14.4</temperature>
                  <precipitation class="extremeRainfall" units="mm" unitType="metric" year="1952" period="1938-2013">30.7</precipitation>
                  <precipitation class="extremeSnowfall" units="cm" unitType="metric" year="1938" period="1938-2013">0.0</precipitation>
                  <precipitation class="extremePrecipitation" units="mm" unitType="metric" year="1952" period="1938-2013">30.7</precipitation>
                  <precipitation class="extremeSnowOnGround" units="cm" unitType="metric" year="1955" period="1955-2013">0</precipitation>
                  <pop units="%">40.0</pop>
            </day>
            <day index="25">
                  <temperature class="extremeMax" units="°C" unitType="metric" year="2012" period="1938-2013">31.3</temperature>
                  <temperature class="extremeMin" units="°C" unitType="metric" year="1956" period="1938-2013">-1.7</temperature>
                  <temperature class="normalMax" units="°C" unitType="metric">20.6</temperature>
                  <temperature class="normalMin" units="°C" unitType="metric">8.5</temperature>
                  <temperature class="normalMean" units="°C" unitType="metric">14.6</temperature>
                  <precipitation class="extremeRainfall" units="mm" unitType="metric" year="1953" period="1938-2013">34.3</precipitation>
                  <precipitation class="extremeSnowfall" units="cm" unitType="metric" year="1961" period="1938-2013">0.5</precipitation>
                  <precipitation class="extremePrecipitation" units="mm" unitType="metric" year="1953" period="1938-2013">34.3</precipitation>
                  <precipitation class="extremeSnowOnGround" units="cm" unitType="metric" year="1955" period="1955-2013">0</precipitation>
                  <pop units="%">40.0</pop>
            </day>
            <day index="26">
                  <temperature class="extremeMax" units="°C" unitType="metric" year="2010" period="1938-2013">31.7</temperature>
                  <temperature class="extremeMin" units="°C" unitType="metric" year="1969" period="1938-2013">-0.6</temperature>
                  <temperature class="normalMax" units="°C" unitType="metric">20.8</temperature>
                  <temperature class="normalMin" units="°C" unitType="metric">8.7</temperature>
                  <temperature class="normalMean" units="°C" unitType="metric">14.8</temperature>
                  <precipitation class="extremeRainfall" units="mm" unitType="metric" year="1991" period="1938-2013">24.2</precipitation>
                  <precipitation class="extremeSnowfall" units="cm" unitType="metric" year="1938" period="1938-2013">0.0</precipitation>
                  <precipitation class="extremePrecipitation" units="mm" unitType="metric" year="1991" period="1938-2013">24.2</precipitation>
                  <precipitation class="extremeSnowOnGround" units="cm" unitType="metric" year="1955" period="1955-2013">0</precipitation>
                  <pop units="%">40.0</pop>
            </day>
            <day index="27">
                  <temperature class="extremeMax" units="°C" unitType="metric" year="1939" period="1938-2013">31.7</temperature>
                  <temperature class="extremeMin" units="°C" unitType="metric" year="1969" period="1938-2013">0.6</temperature>
                  <temperature class="normalMax" units="°C" unitType="metric">20.9</temperature>
                  <temperature class="normalMin" units="°C" unitType="metric">8.9</temperature>
                  <temperature class="normalMean" units="°C" unitType="metric">14.9</temperature>
                  <precipitation class="extremeRainfall" units="mm" unitType="metric" year="1941" period="1938-2013">17.0</precipitation>
                  <precipitation class="extremeSnowfall" units="cm" unitType="metric" year="1938" period="1938-2013">0.0</precipitation>
                  <precipitation class="extremePrecipitation" units="mm" unitType="metric" year="1941" period="1938-2013">17.0</precipitation>
                  <precipitation class="extremeSnowOnGround" units="cm" unitType="metric" year="1955" period="1955-2013">0</precipitation>
                  <pop units="%">40.0</pop>
            </day>
            <day index="28">
                  <temperature class="extremeMax" units="°C" unitType="metric" year="1987" period="1938-2013">32.5</temperature>
                  <temperature class="extremeMin" units="°C" unitType="metric" year="1949" period="1938-2013">-0.6</temperature>
                  <temperature class="normalMax" units="°C" unitType="metric">21.1</temperature>
                  <temperature class="normalMin" units="°C" unitType="metric">9.0</temperature>
                  <temperature class="normalMean" units="°C" unitType="metric">15.1</temperature>
                  <precipitation class="extremeRainfall" units="mm" unitType="metric" year="1995" period="1938-2013">35.6</precipitation>
                  <precipitation class="extremeSnowfall" units="cm" unitType="metric" year="1938" period="1938-2013">0.0</precipitation>
                  <precipitation class="extremePrecipitation" units="mm" unitType="metric" year="1995" period="1938-2013">35.6</precipitation>
                  <precipitation class="extremeSnowOnGround" units="cm" unitType="metric" year="1955" period="1955-2013">0</precipitation>
                  <pop units="%">40.0</pop>
            </day>
            <day index="29">
                  <temperature class="extremeMax" units="°C" unitType="metric" year="2006" period="1938-2013">34.1</temperature>
                  <temperature class="extremeMin" units="°C" unitType="metric" year="1966" period="1938-2013">1.7</temperature>
                  <temperature class="normalMax" units="°C" unitType="metric">21.2</temperature>
                  <temperature class="normalMin" units="°C" unitType="metric">9.2</temperature>
                  <temperature class="normalMean" units="°C" unitType="metric">15.2</temperature>
                  <precipitation class="extremeRainfall" units="mm" unitType="metric" year="1991" period="1938-2013">21.2</precipitation>
                  <precipitation class="extremeSnowfall" units="cm" unitType="metric" year="1938" period="1938-2013">0.0</precipitation>
                  <precipitation class="extremePrecipitation" units="mm" unitType="metric" year="1991" period="1938-2013">21.2</precipitation>
                  <precipitation class="extremeSnowOnGround" units="cm" unitType="metric" year="1955" period="1955-2013">0</precipitation>
                  <pop units="%">40.0</pop>
            </day>
            <day index="30">
                  <temperature class="extremeMax" units="°C" unitType="metric" year="1987" period="1938-2013">33.0</temperature>
                  <temperature class="extremeMin" units="°C" unitType="metric" year="1965" period="1938-2013">0.6</temperature>
                  <temperature class="normalMax" units="°C" unitType="metric">21.4</temperature>
                  <temperature class="normalMin" units="°C" unitType="metric">9.4</temperature>
                  <temperature class="normalMean" units="°C" unitType="metric">15.4</temperature>
                  <precipitation class="extremeRainfall" units="mm" unitType="metric" year="1942" period="1938-2013">43.2</precipitation>
                  <precipitation class="extremeSnowfall" units="cm" unitType="metric" year="1938" period="1938-2013">0.0</precipitation>
                  <precipitation class="extremePrecipitation" units="mm" unitType="metric" year="1942" period="1938-2013">43.2</precipitation>
                  <precipitation class="extremeSnowOnGround" units="cm" unitType="metric" year="1955" period="1955-2013">0</precipitation>
                  <pop units="%">40.0</pop>
            </day>
            <day index="31">
                  <temperature class="extremeMax" units="°C" unitType="metric" year="1944" period="1938-2013">31.1</temperature>
                  <temperature class="extremeMin" units="°C" unitType="metric" year="1997" period="1938-2013">1.6</temperature>
                  <temperature class="normalMax" units="°C" unitType="metric">21.6</temperature>
                  <temperature class="normalMin" units="°C" unitType="metric">9.5</temperature>
                  <temperature class="normalMean" units="°C" unitType="metric">15.6</temperature>
                  <precipitation class="extremeRainfall" units="mm" unitType="metric" year="1944" period="1938-2013">92.7</precipitation>
                  <precipitation class="extremeSnowfall" units="cm" unitType="metric" year="1938" period="1938-2013">0.0</precipitation>
                  <precipitation class="extremePrecipitation" units="mm" unitType="metric" year="1944" period="1938-2013">92.7</precipitation>
                  <precipitation class="extremeSnowOnGround" units="cm" unitType="metric" year="1955" period="1955-2013">0</precipitation>
                  <pop units="%">40.0</pop>
            </day>
      </month>

      <month index="6">

            <day index="1">
                  <temperature class="extremeMax" units="°C" unitType="metric" year="1948" period="1938-2013">28.3</temperature>
                  <temperature class="extremeMin" units="°C" unitType="metric" year="1945" period="1938-2013">1.1</temperature>
                  <temperature class="normalMax" units="°C" unitType="metric">21.7</temperature>
                  <temperature class="normalMin" units="°C" unitType="metric">9.7</temperature>
                  <temperature class="normalMean" units="°C" unitType="metric">15.7</temperature>
                  <precipitation class="extremeRainfall" units="mm" unitType="metric" year="1947" period="1938-2013">40.6</precipitation>
                  <precipitation class="extremeSnowfall" units="cm" unitType="metric" year="1938" period="1938-2013">0.0</precipitation>
                  <precipitation class="extremePrecipitation" units="mm" unitType="metric" year="1947" period="1938-2013">40.6</precipitation>
                  <precipitation class="extremeSnowOnGround" units="cm" unitType="metric" year="1955" period="1955-2013">0</precipitation>
                  <pop units="%">36.0</pop>
            </day>
            <day index="2">
                  <temperature class="extremeMax" units="°C" unitType="metric" year="1943" period="1938-2013">29.4</temperature>
                  <temperature class="extremeMin" units="°C" unitType="metric" year="1964" period="1938-2013">1.7</temperature>
                  <temperature class="normalMax" units="°C" unitType="metric">21.9</temperature>
                  <temperature class="normalMin" units="°C" unitType="metric">9.9</temperature>
                  <temperature class="normalMean" units="°C" unitType="metric">15.9</temperature>
                  <precipitation class="extremeRainfall" units="mm" unitType="metric" year="2010" period="1938-2013">33.2</precipitation>
                  <precipitation class="extremeSnowfall" units="cm" unitType="metric" year="1938" period="1938-2013">0.0</precipitation>
                  <precipitation class="extremePrecipitation" units="mm" unitType="metric" year="2010" period="1938-2013">33.2</precipitation>
                  <precipitation class="extremeSnowOnGround" units="cm" unitType="metric" year="1955" period="1955-2013">0</precipitation>
                  <pop units="%">36.0</pop>
            </day>
            <day index="3">
                  <temperature class="extremeMax" units="°C" unitType="metric" year="1949" period="1938-2013">31.7</temperature>
                  <temperature class="extremeMin" units="°C" unitType="metric" year="1977" period="1938-2013">1.4</temperature>
                  <temperature class="normalMax" units="°C" unitType="metric">22.0</temperature>
                  <temperature class="normalMin" units="°C" unitType="metric">10.0</temperature>
                  <temperature class="normalMean" units="°C" unitType="metric">16.0</temperature>
                  <precipitation class="extremeRainfall" units="mm" unitType="metric" year="2006" period="1938-2013">11.4</precipitation>
                  <precipitation class="extremeSnowfall" units="cm" unitType="metric" year="1938" period="1938-2013">0.0</precipitation>
                  <precipitation class="extremePrecipitation" units="mm" unitType="metric" year="2006" period="1938-2013">11.4</precipitation>
                  <precipitation class="extremeSnowOnGround" units="cm" unitType="metric" year="1955" period="1955-2013">0</precipitation>
                  <pop units="%">36.0</pop>
            </day>
            <day index="4">
                  <temperature class="extremeMax" units="°C" unitType="metric" year="1943" period="1938-2013">31.7</temperature>
                  <temperature class="extremeMin" units="°C" unitType="metric" year="1938" period="1938-2013">1.1</temperature>
                  <temperature class="normalMax" units="°C" unitType="metric">22.1</temperature>
                  <temperature class="normalMin" units="°C" unitType="metric">10.2</temperature>
                  <temperature class="normalMean" units="°C" unitType="metric">16.2</temperature>
                  <precipitation class="extremeRainfall" units="mm" unitType="metric" year="2003" period="1938-2013">18.0</precipitation>
                  <precipitation class="extremeSnowfall" units="cm" unitType="metric" year="1938" period="1938-2013">0.0</precipitation>
                  <precipitation class="extremePrecipitation" units="mm" unitType="metric" year="2003" period="1938-2013">18.0</precipitation>
                  <precipitation class="extremeSnowOnGround" units="cm" unitType="metric" year="1955" period="1955-2013">0</precipitation>
                  <pop units="%">36.0</pop>
            </day>
            <day index="5">
                  <temperature class="extremeMax" units="°C" unitType="metric" year="1940" period="1938-2013">30.0</temperature>
                  <temperature class="extremeMin" units="°C" unitType="metric" year="1964" period="1938-2013">0.6</temperature>
                  <temperature class="normalMax" units="°C" unitType="metric">22.3</temperature>
                  <temperature class="normalMin" units="°C" unitType="metric">10.4</temperature>
                  <temperature class="normalMean" units="°C" unitType="metric">16.4</temperature>
                  <precipitation class="extremeRainfall" units="mm" unitType="metric" year="1982" period="1938-2013">23.4</precipitation>
                  <precipitation class="extremeSnowfall" units="cm" unitType="metric" year="1938" period="1938-2013">0.0</precipitation>
                  <precipitation class="extremePrecipitation" units="mm" unitType="metric" year="1982" period="1938-2013">23.4</precipitation>
                  <precipitation class="extremeSnowOnGround" units="cm" unitType="metric" year="1955" period="1955-2013">0</precipitation>
                  <pop units="%">36.0</pop>
            </day>
            <day index="6">
                  <temperature class="extremeMax" units="°C" unitType="metric" year="2008" period="1938-2013">33.0</temperature>
                  <temperature class="extremeMin" units="°C" unitType="metric" year="1964" period="1938-2013">3.3</temperature>
                  <temperature class="normalMax" units="°C" unitType="metric">22.4</temperature>
                  <temperature class="normalMin" units="°C" unitType="metric">10.5</temperature>
                  <temperature class="normalMean" units="°C" unitType="metric">16.5</temperature>
                  <precipitation class="extremeRainfall" units="mm" unitType="metric" year="1963" period="1938-2013">33.8</precipitation>
                  <precipitation class="extremeSnowfall" units="cm" unitType="metric" year="1938" period="1938-2013">0.0</precipitation>
                  <precipitation class="extremePrecipitation" units="mm" unitType="metric" year="1963" period="1938-2013">33.8</precipitation>
                  <precipitation class="extremeSnowOnGround" units="cm" unitType="metric" year="1955" period="1955-2013">0</precipitation>
                  <pop units="%">36.0</pop>
            </day>
            <day index="7">
                  <temperature class="extremeMax" units="°C" unitType="metric" year="1999" period="1938-2013">33.6</temperature>
                  <temperature class="extremeMin" units="°C" unitType="metric" year="1958" period="1938-2013">2.2</temperature>
                  <temperature class="normalMax" units="°C" unitType="metric">22.6</temperature>
                  <temperature class="normalMin" units="°C" unitType="metric">10.7</temperature>
                  <temperature class="normalMean" units="°C" unitType="metric">16.7</temperature>
                  <precipitation class="extremeRainfall" units="mm" unitType="metric" year="1967" period="1938-2013">37.8</precipitation>
                  <precipitation class="extremeSnowfall" units="cm" unitType="metric" year="1938" period="1938-2013">0.0</precipitation>
                  <precipitation class="extremePrecipitation" units="mm" unitType="metric" year="1967" period="1938-2013">37.8</precipitation>
                  <precipitation class="extremeSnowOnGround" units="cm" unitType="metric" year="1955" period="1955-2013">0</precipitation>
                  <pop units="%">36.0</pop>
            </day>
            <day index="8">
                  <temperature class="extremeMax" units="°C" unitType="metric" year="2011" period="1938-2013">33.4</temperature>
                  <temperature class="extremeMin" units="°C" unitType="metric" year="1949" period="1938-2013">0.6</temperature>
                  <temperature class="normalMax" units="°C" unitType="metric">22.7</temperature>
                  <temperature class="normalMin" units="°C" unitType="metric">10.8</temperature>
                  <temperature class="normalMean" units="°C" unitType="metric">16.8</temperature>
                  <precipitation class="extremeRainfall" units="mm" unitType="metric" year="2003" period="1938-2013">17.6</precipitation>
                  <precipitation class="extremeSnowfall" units="cm" unitType="metric" year="1938" period="1938-2013">0.0</precipitation>
                  <precipitation class="extremePrecipitation" units="mm" unitType="metric" year="2003" period="1938-2013">17.6</precipitation>
                  <precipitation class="extremeSnowOnGround" units="cm" unitType="metric" year="1955" period="1955-2013">0</precipitation>
                  <pop units="%">36.0</pop>
            </day>
            <day index="9">
                  <temperature class="extremeMax" units="°C" unitType="metric" year="2008" period="1938-2013">34.1</temperature>
                  <temperature class="extremeMin" units="°C" unitType="metric" year="1980" period="1938-2013">2.0</temperature>
                  <temperature class="normalMax" units="°C" unitType="metric">22.9</temperature>
                  <temperature class="normalMin" units="°C" unitType="metric">11.0</temperature>
                  <temperature class="normalMean" units="°C" unitType="metric">17.0</temperature>
                  <precipitation class="extremeRainfall" units="mm" unitType="metric" year="1966" period="1938-2013">31.5</precipitation>
                  <precipitation class="extremeSnowfall" units="cm" unitType="metric" year="1938" period="1938-2013">0.0</precipitation>
                  <precipitation class="extremePrecipitation" units="mm" unitType="metric" year="1966" period="1938-2013">31.5</precipitation>
                  <precipitation class="extremeSnowOnGround" units="cm" unitType="metric" year="1955" period="1955-2013">0</precipitation>
                  <pop units="%">36.0</pop>
            </day>
            <day index="10">
                  <temperature class="extremeMax" units="°C" unitType="metric" year="1959" period="1938-2013">32.8</temperature>
                  <temperature class="extremeMin" units="°C" unitType="metric" year="1972" period="1938-2013">1.7</temperature>
                  <temperature class="normalMax" units="°C" unitType="metric">23.0</temperature>
                  <temperature class="normalMin" units="°C" unitType="metric">11.1</temperature>
                  <temperature class="normalMean" units="°C" unitType="metric">17.1</temperature>
                  <precipitation class="extremeRainfall" units="mm" unitType="metric" year="1962" period="1938-2013">29.7</precipitation>
                  <precipitation class="extremeSnowfall" units="cm" unitType="metric" year="1938" period="1938-2013">0.0</precipitation>
                  <precipitation class="extremePrecipitation" units="mm" unitType="metric" year="1962" period="1938-2013">29.7</precipitation>
                  <precipitation class="extremeSnowOnGround" units="cm" unitType="metric" year="1955" period="1955-2013">0</precipitation>
                  <pop units="%">36.0</pop>
            </day>
            <day index="11">
                  <temperature class="extremeMax" units="°C" unitType="metric" year="1949" period="1938-2013">33.3</temperature>
                  <temperature class="extremeMin" units="°C" unitType="metric" year="1972" period="1938-2013">0.6</temperature>
                  <temperature class="normalMax" units="°C" unitType="metric">23.1</temperature>
                  <temperature class="normalMin" units="°C" unitType="metric">11.3</temperature>
                  <temperature class="normalMean" units="°C" unitType="metric">17.2</temperature>
                  <precipitation class="extremeRainfall" units="mm" unitType="metric" year="1955" period="1938-2013">21.8</precipitation>
                  <precipitation class="extremeSnowfall" units="cm" unitType="metric" year="1938" period="1938-2013">0.0</precipitation>
                  <precipitation class="extremePrecipitation" units="mm" unitType="metric" year="1955" period="1938-2013">21.8</precipitation>
                  <precipitation class="extremeSnowOnGround" units="cm" unitType="metric" year="1955" period="1955-2013">0</precipitation>
                  <pop units="%">36.0</pop>
            </day>
            <day index="12">
                  <temperature class="extremeMax" units="°C" unitType="metric" year="2007" period="1938-2013">32.4</temperature>
                  <temperature class="extremeMin" units="°C" unitType="metric" year="1980" period="1938-2013">2.7</temperature>
                  <temperature class="normalMax" units="°C" unitType="metric">23.3</temperature>
                  <temperature class="normalMin" units="°C" unitType="metric">11.4</temperature>
                  <temperature class="normalMean" units="°C" unitType="metric">17.4</temperature>
                  <precipitation class="extremeRainfall" units="mm" unitType="metric" year="1954" period="1938-2013">21.1</precipitation>
                  <precipitation class="extremeSnowfall" units="cm" unitType="metric" year="1938" period="1938-2013">0.0</precipitation>
                  <precipitation class="extremePrecipitation" units="mm" unitType="metric" year="1954" period="1938-2013">21.1</precipitation>
                  <precipitation class="extremeSnowOnGround" units="cm" unitType="metric" year="1955" period="1955-2013">0</precipitation>
                  <pop units="%">36.0</pop>
            </day>
            <day index="13">
                  <temperature class="extremeMax" units="°C" unitType="metric" year="1956" period="1938-2013">33.9</temperature>
                  <temperature class="extremeMin" units="°C" unitType="metric" year="1965" period="1938-2013">4.4</temperature>
                  <temperature class="normalMax" units="°C" unitType="metric">23.4</temperature>
                  <temperature class="normalMin" units="°C" unitType="metric">11.6</temperature>
                  <temperature class="normalMean" units="°C" unitType="metric">17.5</temperature>
                  <precipitation class="extremeRainfall" units="mm" unitType="metric" year="2000" period="1938-2013">53.8</precipitation>
                  <precipitation class="extremeSnowfall" units="cm" unitType="metric" year="1938" period="1938-2013">0.0</precipitation>
                  <precipitation class="extremePrecipitation" units="mm" unitType="metric" year="2000" period="1938-2013">53.8</precipitation>
                  <precipitation class="extremeSnowOnGround" units="cm" unitType="metric" year="1955" period="1955-2013">0</precipitation>
                  <pop units="%">36.0</pop>
            </day>
            <day index="14">
                  <temperature class="extremeMax" units="°C" unitType="metric" year="1987" period="1938-2012">34.9</temperature>
                  <temperature class="extremeMin" units="°C" unitType="metric" year="1959" period="1938-2012">4.4</temperature>
                  <temperature class="normalMax" units="°C" unitType="metric">23.6</temperature>
                  <temperature class="normalMin" units="°C" unitType="metric">11.7</temperature>
                  <temperature class="normalMean" units="°C" unitType="metric">17.7</temperature>
                  <precipitation class="extremeRainfall" units="mm" unitType="metric" year="2005" period="1938-2012">18.0</precipitation>
                  <precipitation class="extremeSnowfall" units="cm" unitType="metric" year="1938" period="1938-2012">0.0</precipitation>
                  <precipitation class="extremePrecipitation" units="mm" unitType="metric" year="2005" period="1938-2012">18.0</precipitation>
                  <precipitation class="extremeSnowOnGround" units="cm" unitType="metric" year="1955" period="1955-2012">0</precipitation>
                  <pop units="%">36.0</pop>
            </day>
            <day index="15">
                  <temperature class="extremeMax" units="°C" unitType="metric" year="1991" period="1938-2012">33.6</temperature>
                  <temperature class="extremeMin" units="°C" unitType="metric" year="1985" period="1938-2012">5.4</temperature>
                  <temperature class="normalMax" units="°C" unitType="metric">23.7</temperature>
                  <temperature class="normalMin" units="°C" unitType="metric">11.9</temperature>
                  <temperature class="normalMean" units="°C" unitType="metric">17.8</temperature>
                  <precipitation class="extremeRainfall" units="mm" unitType="metric" year="1974" period="1938-2012">22.9</precipitation>
                  <precipitation class="extremeSnowfall" units="cm" unitType="metric" year="1938" period="1938-2012">0.0</precipitation>
                  <precipitation class="extremePrecipitation" units="mm" unitType="metric" year="1974" period="1938-2012">22.9</precipitation>
                  <precipitation class="extremeSnowOnGround" units="cm" unitType="metric" year="1955" period="1955-2012">0</precipitation>
                  <pop units="%">36.0</pop>
            </day>
            <day index="16">
                  <temperature class="extremeMax" units="°C" unitType="metric" year="1994" period="1938-2012">32.7</temperature>
                  <temperature class="extremeMin" units="°C" unitType="metric" year="1964" period="1938-2012">2.8</temperature>
                  <temperature class="normalMax" units="°C" unitType="metric">23.8</temperature>
                  <temperature class="normalMin" units="°C" unitType="metric">12.0</temperature>
                  <temperature class="normalMean" units="°C" unitType="metric">17.9</temperature>
                  <precipitation class="extremeRainfall" units="mm" unitType="metric" year="2010" period="1938-2012">16.2</precipitation>
                  <precipitation class="extremeSnowfall" units="cm" unitType="metric" year="1938" period="1938-2012">0.0</precipitation>
                  <precipitation class="extremePrecipitation" units="mm" unitType="metric" year="2010" period="1938-2012">16.2</precipitation>
                  <precipitation class="extremeSnowOnGround" units="cm" unitType="metric" year="1955" period="1955-2012">0</precipitation>
                  <pop units="%">36.0</pop>
            </day>
            <day index="17">
                  <temperature class="extremeMax" units="°C" unitType="metric" year="1957" period="1938-2012">33.9</temperature>
                  <temperature class="extremeMin" units="°C" unitType="metric" year="1980" period="1938-2012">2.3</temperature>
                  <temperature class="normalMax" units="°C" unitType="metric">24.0</temperature>
                  <temperature class="normalMin" units="°C" unitType="metric">12.1</temperature>
                  <temperature class="normalMean" units="°C" unitType="metric">18.1</temperature>
                  <precipitation class="extremeRainfall" units="mm" unitType="metric" year="1954" period="1938-2012">27.4</precipitation>
                  <precipitation class="extremeSnowfall" units="cm" unitType="metric" year="1938" period="1938-2012">0.0</precipitation>
                  <precipitation class="extremePrecipitation" units="mm" unitType="metric" year="1954" period="1938-2012">27.4</precipitation>
                  <precipitation class="extremeSnowOnGround" units="cm" unitType="metric" year="1955" period="1955-2012">0</precipitation>
                  <pop units="%">36.0</pop>
            </day>
            <day index="18">
                  <temperature class="extremeMax" units="°C" unitType="metric" year="1994" period="1938-2012">36.2</temperature>
                  <temperature class="extremeMin" units="°C" unitType="metric" year="1950" period="1938-2012">2.8</temperature>
                  <temperature class="normalMax" units="°C" unitType="metric">24.1</temperature>
                  <temperature class="normalMin" units="°C" unitType="metric">12.3</temperature>
                  <temperature class="normalMean" units="°C" unitType="metric">18.2</temperature>
                  <precipitation class="extremeRainfall" units="mm" unitType="metric" year="1944" period="1938-2012">25.4</precipitation>
                  <precipitation class="extremeSnowfall" units="cm" unitType="metric" year="1938" period="1938-2012">0.0</precipitation>
                  <precipitation class="extremePrecipitation" units="mm" unitType="metric" year="1944" period="1938-2012">25.4</precipitation>
                  <precipitation class="extremeSnowOnGround" units="cm" unitType="metric" year="1955" period="1955-2012">0</precipitation>
                  <pop units="%">36.0</pop>
            </day>
            <day index="19">
                  <temperature class="extremeMax" units="°C" unitType="metric" year="1995" period="1938-2012">35.5</temperature>
                  <temperature class="extremeMin" units="°C" unitType="metric" year="1970" period="1938-2012">4.4</temperature>
                  <temperature class="normalMax" units="°C" unitType="metric">24.2</temperature>
                  <temperature class="normalMin" units="°C" unitType="metric">12.4</temperature>
                  <temperature class="normalMean" units="°C" unitType="metric">18.3</temperature>
                  <precipitation class="extremeRainfall" units="mm" unitType="metric" year="1961" period="1938-2012">33.5</precipitation>
                  <precipitation class="extremeSnowfall" units="cm" unitType="metric" year="1938" period="1938-2012">0.0</precipitation>
                  <precipitation class="extremePrecipitation" units="mm" unitType="metric" year="1961" period="1938-2012">33.5</precipitation>
                  <precipitation class="extremeSnowOnGround" units="cm" unitType="metric" year="1955" period="1955-2012">0</precipitation>
                  <pop units="%">36.0</pop>
            </day>
            <day index="20">
                  <temperature class="extremeMax" units="°C" unitType="metric" year="2012" period="1938-2012">34.6</temperature>
                  <temperature class="extremeMin" units="°C" unitType="metric" year="1940" period="1938-2012">3.3</temperature>
                  <temperature class="normalMax" units="°C" unitType="metric">24.4</temperature>
                  <temperature class="normalMin" units="°C" unitType="metric">12.5</temperature>
                  <temperature class="normalMean" units="°C" unitType="metric">18.5</temperature>
                  <precipitation class="extremeRainfall" units="mm" unitType="metric" year="2009" period="1938-2012">14.4</precipitation>
                  <precipitation class="extremeSnowfall" units="cm" unitType="metric" year="1938" period="1938-2012">0.0</precipitation>
                  <precipitation class="extremePrecipitation" units="mm" unitType="metric" year="2009" period="1938-2012">14.4</precipitation>
                  <precipitation class="extremeSnowOnGround" units="cm" unitType="metric" year="1955" period="1955-2012">0</precipitation>
                  <pop units="%">36.0</pop>
            </day>
            <day index="21">
                  <temperature class="extremeMax" units="°C" unitType="metric" year="2012" period="1938-2012">34.4</temperature>
                  <temperature class="extremeMin" units="°C" unitType="metric" year="1969" period="1938-2012">3.3</temperature>
                  <temperature class="normalMax" units="°C" unitType="metric">24.5</temperature>
                  <temperature class="normalMin" units="°C" unitType="metric">12.7</temperature>
                  <temperature class="normalMean" units="°C" unitType="metric">18.6</temperature>
                  <precipitation class="extremeRainfall" units="mm" unitType="metric" year="1993" period="1938-2012">39.3</precipitation>
                  <precipitation class="extremeSnowfall" units="cm" unitType="metric" year="1938" period="1938-2012">0.0</precipitation>
                  <precipitation class="extremePrecipitation" units="mm" unitType="metric" year="1993" period="1938-2012">39.3</precipitation>
                  <precipitation class="extremeSnowOnGround" units="cm" unitType="metric" year="1955" period="1955-2012">0</precipitation>
                  <pop units="%">36.0</pop>
            </day>
            <day index="22">
                  <temperature class="extremeMax" units="°C" unitType="metric" year="1998" period="1938-2012">33.0</temperature>
                  <temperature class="extremeMin" units="°C" unitType="metric" year="1940" period="1938-2012">4.4</temperature>
                  <temperature class="normalMax" units="°C" unitType="metric">24.6</temperature>
                  <temperature class="normalMin" units="°C" unitType="metric">12.8</temperature>
                  <temperature class="normalMean" units="°C" unitType="metric">18.7</temperature>
                  <precipitation class="extremeRainfall" units="mm" unitType="metric" year="1941" period="1938-2012">40.4</precipitation>
                  <precipitation class="extremeSnowfall" units="cm" unitType="metric" year="1938" period="1938-2012">0.0</precipitation>
                  <precipitation class="extremePrecipitation" units="mm" unitType="metric" year="1941" period="1938-2012">40.4</precipitation>
                  <precipitation class="extremeSnowOnGround" units="cm" unitType="metric" year="1955" period="1955-2012">0</precipitation>
                  <pop units="%">36.0</pop>
            </day>
            <day index="23">
                  <temperature class="extremeMax" units="°C" unitType="metric" year="1983" period="1938-2012">32.8</temperature>
                  <temperature class="extremeMin" units="°C" unitType="metric" year="1992" period="1938-2012">4.6</temperature>
                  <temperature class="normalMax" units="°C" unitType="metric">24.8</temperature>
                  <temperature class="normalMin" units="°C" unitType="metric">12.9</temperature>
                  <temperature class="normalMean" units="°C" unitType="metric">18.9</temperature>
                  <precipitation class="extremeRainfall" units="mm" unitType="metric" year="2011" period="1938-2012">21.2</precipitation>
                  <precipitation class="extremeSnowfall" units="cm" unitType="metric" year="1938" period="1938-2012">0.0</precipitation>
                  <precipitation class="extremePrecipitation" units="mm" unitType="metric" year="2011" period="1938-2012">21.2</precipitation>
                  <precipitation class="extremeSnowOnGround" units="cm" unitType="metric" year="1955" period="1955-2012">0</precipitation>
                  <pop units="%">36.0</pop>
            </day>
            <day index="24">
                  <temperature class="extremeMax" units="°C" unitType="metric" year="1952" period="1938-2012">35.6</temperature>
                  <temperature class="extremeMin" units="°C" unitType="metric" year="1979" period="1938-2012">7.1</temperature>
                  <temperature class="normalMax" units="°C" unitType="metric">24.9</temperature>
                  <temperature class="normalMin" units="°C" unitType="metric">13.1</temperature>
                  <temperature class="normalMean" units="°C" unitType="metric">19.0</temperature>
                  <precipitation class="extremeRainfall" units="mm" unitType="metric" year="1994" period="1938-2012">27.2</precipitation>
                  <precipitation class="extremeSnowfall" units="cm" unitType="metric" year="1938" period="1938-2012">0.0</precipitation>
                  <precipitation class="extremePrecipitation" units="mm" unitType="metric" year="1994" period="1938-2012">27.2</precipitation>
                  <precipitation class="extremeSnowOnGround" units="cm" unitType="metric" year="1955" period="1955-2012">0</precipitation>
                  <pop units="%">36.0</pop>
            </day>
            <day index="25">
                  <temperature class="extremeMax" units="°C" unitType="metric" year="1952" period="1938-2012">36.7</temperature>
                  <temperature class="extremeMin" units="°C" unitType="metric" year="1965" period="1938-2012">6.1</temperature>
                  <temperature class="normalMax" units="°C" unitType="metric">25.0</temperature>
                  <temperature class="normalMin" units="°C" unitType="metric">13.2</temperature>
                  <temperature class="normalMean" units="°C" unitType="metric">19.1</temperature>
                  <precipitation class="extremeRainfall" units="mm" unitType="metric" year="1977" period="1938-2012">33.5</precipitation>
                  <precipitation class="extremeSnowfall" units="cm" unitType="metric" year="1938" period="1938-2012">0.0</precipitation>
                  <precipitation class="extremePrecipitation" units="mm" unitType="metric" year="1977" period="1938-2012">33.5</precipitation>
                  <precipitation class="extremeSnowOnGround" units="cm" unitType="metric" year="1955" period="1955-2012">0</precipitation>
                  <pop units="%">36.0</pop>
            </day>
            <day index="26">
                  <temperature class="extremeMax" units="°C" unitType="metric" year="1949" period="1938-2012">36.1</temperature>
                  <temperature class="extremeMin" units="°C" unitType="metric" year="1965" period="1938-2012">5.6</temperature>
                  <temperature class="normalMax" units="°C" unitType="metric">25.2</temperature>
                  <temperature class="normalMin" units="°C" unitType="metric">13.3</temperature>
                  <temperature class="normalMean" units="°C" unitType="metric">19.3</temperature>
                  <precipitation class="extremeRainfall" units="mm" unitType="metric" year="1956" period="1938-2012">17.8</precipitation>
                  <precipitation class="extremeSnowfall" units="cm" unitType="metric" year="1938" period="1938-2012">0.0</precipitation>
                  <precipitation class="extremePrecipitation" units="mm" unitType="metric" year="1956" period="1938-2012">17.8</precipitation>
                  <precipitation class="extremeSnowOnGround" units="cm" unitType="metric" year="1955" period="1955-2012">0</precipitation>
                  <pop units="%">36.0</pop>
            </day>
            <day index="27">
                  <temperature class="extremeMax" units="°C" unitType="metric" year="1941" period="1938-2012">35.0</temperature>
                  <temperature class="extremeMin" units="°C" unitType="metric" year="1938" period="1938-2012">7.8</temperature>
                  <temperature class="normalMax" units="°C" unitType="metric">25.3</temperature>
                  <temperature class="normalMin" units="°C" unitType="metric">13.4</temperature>
                  <temperature class="normalMean" units="°C" unitType="metric">19.4</temperature>
                  <precipitation class="extremeRainfall" units="mm" unitType="metric" year="2010" period="1938-2012">53.2</precipitation>
                  <precipitation class="extremeSnowfall" units="cm" unitType="metric" year="1938" period="1938-2012">0.0</precipitation>
                  <precipitation class="extremePrecipitation" units="mm" unitType="metric" year="2010" period="1938-2012">53.2</precipitation>
                  <precipitation class="extremeSnowOnGround" units="cm" unitType="metric" year="1955" period="1955-2012">0</precipitation>
                  <pop units="%">36.0</pop>
            </day>
            <day index="28">
                  <temperature class="extremeMax" units="°C" unitType="metric" year="1944" period="1938-2012">34.4</temperature>
                  <temperature class="extremeMin" units="°C" unitType="metric" year="1940" period="1938-2012">7.2</temperature>
                  <temperature class="normalMax" units="°C" unitType="metric">25.4</temperature>
                  <temperature class="normalMin" units="°C" unitType="metric">13.5</temperature>
                  <temperature class="normalMean" units="°C" unitType="metric">19.5</temperature>
                  <precipitation class="extremeRainfall" units="mm" unitType="metric" year="1957" period="1938-2012">43.9</precipitation>
                  <precipitation class="extremeSnowfall" units="cm" unitType="metric" year="1938" period="1938-2012">0.0</precipitation>
                  <precipitation class="extremePrecipitation" units="mm" unitType="metric" year="1957" period="1938-2012">43.9</precipitation>
                  <precipitation class="extremeSnowOnGround" units="cm" unitType="metric" year="1955" period="1955-2012">0</precipitation>
                  <pop units="%">36.0</pop>
            </day>
            <day index="29">
                  <temperature class="extremeMax" units="°C" unitType="metric" year="1945" period="1938-2012">33.3</temperature>
                  <temperature class="extremeMin" units="°C" unitType="metric" year="1988" period="1938-2012">5.0</temperature>
                  <temperature class="normalMax" units="°C" unitType="metric">25.6</temperature>
                  <temperature class="normalMin" units="°C" unitType="metric">13.6</temperature>
                  <temperature class="normalMean" units="°C" unitType="metric">19.6</temperature>
                  <precipitation class="extremeRainfall" units="mm" unitType="metric" year="2000" period="1938-2012">26.0</precipitation>
                  <precipitation class="extremeSnowfall" units="cm" unitType="metric" year="1938" period="1938-2012">0.0</precipitation>
                  <precipitation class="extremePrecipitation" units="mm" unitType="metric" year="2000" period="1938-2012">26.0</precipitation>
                  <precipitation class="extremeSnowOnGround" units="cm" unitType="metric" year="1955" period="1955-2012">0</precipitation>
                  <pop units="%">36.0</pop>
            </day>
            <day index="30">
                  <temperature class="extremeMax" units="°C" unitType="metric" year="1964" period="1938-2012">35.0</temperature>
                  <temperature class="extremeMin" units="°C" unitType="metric" year="1943" period="1938-2012">7.8</temperature>
                  <temperature class="normalMax" units="°C" unitType="metric">25.7</temperature>
                  <temperature class="normalMin" units="°C" unitType="metric">13.8</temperature>
                  <temperature class="normalMean" units="°C" unitType="metric">19.8</temperature>
                  <precipitation class="extremeRainfall" units="mm" unitType="metric" year="1998" period="1938-2012">26.0</precipitation>
                  <precipitation class="extremeSnowfall" units="cm" unitType="metric" year="1938" period="1938-2012">0.0</precipitation>
                  <precipitation class="extremePrecipitation" units="mm" unitType="metric" year="1998" period="1938-2012">26.0</precipitation>
                  <precipitation class="extremeSnowOnGround" units="cm" unitType="metric" year="1955" period="1955-2012">0</precipitation>
                  <pop units="%">36.0</pop>
            </day>
      </month>

      <month index="7">

            <day index="1">
                  <temperature class="extremeMax" units="°C" unitType="metric" year="1963" period="1938-2012">35.6</temperature>
                  <temperature class="extremeMin" units="°C" unitType="metric" year="1943" period="1938-2012">6.7</temperature>
                  <temperature class="normalMax" units="°C" unitType="metric">25.8</temperature>
                  <temperature class="normalMin" units="°C" unitType="metric">13.9</temperature>
                  <temperature class="normalMean" units="°C" unitType="metric">19.9</temperature>
                  <precipitation class="extremeRainfall" units="mm" unitType="metric" year="1956" period="1938-2012">33.0</precipitation>
                  <precipitation class="extremeSnowfall" units="cm" unitType="metric" year="1938" period="1938-2012">0.0</precipitation>
                  <precipitation class="extremePrecipitation" units="mm" unitType="metric" year="1956" period="1938-2012">33.0</precipitation>
                  <precipitation class="extremeSnowOnGround" units="cm" unitType="metric" year="1955" period="1955-2012">0</precipitation>
                  <pop units="%">34.0</pop>
            </day>
            <day index="2">
                  <temperature class="extremeMax" units="°C" unitType="metric" year="2002" period="1938-2012">35.3</temperature>
                  <temperature class="extremeMin" units="°C" unitType="metric" year="1945" period="1938-2012">5.6</temperature>
                  <temperature class="normalMax" units="°C" unitType="metric">25.9</temperature>
                  <temperature class="normalMin" units="°C" unitType="metric">14.0</temperature>
                  <temperature class="normalMean" units="°C" unitType="metric">20.0</temperature>
                  <precipitation class="extremeRainfall" units="mm" unitType="metric" year="1985" period="1938-2012">31.3</precipitation>
                  <precipitation class="extremeSnowfall" units="cm" unitType="metric" year="1938" period="1938-2012">0.0</precipitation>
                  <precipitation class="extremePrecipitation" units="mm" unitType="metric" year="1985" period="1938-2012">31.3</precipitation>
                  <precipitation class="extremeSnowOnGround" units="cm" unitType="metric" year="1955" period="1955-2012">0</precipitation>
                  <pop units="%">34.0</pop>
            </day>
            <day index="3">
                  <temperature class="extremeMax" units="°C" unitType="metric" year="1949" period="1938-2012">35.6</temperature>
                  <temperature class="extremeMin" units="°C" unitType="metric" year="1942" period="1938-2012">6.7</temperature>
                  <temperature class="normalMax" units="°C" unitType="metric">26.0</temperature>
                  <temperature class="normalMin" units="°C" unitType="metric">14.1</temperature>
                  <temperature class="normalMean" units="°C" unitType="metric">20.1</temperature>
                  <precipitation class="extremeRainfall" units="mm" unitType="metric" year="1974" period="1938-2012">33.0</precipitation>
                  <precipitation class="extremeSnowfall" units="cm" unitType="metric" year="1938" period="1938-2012">0.0</precipitation>
                  <precipitation class="extremePrecipitation" units="mm" unitType="metric" year="1974" period="1938-2012">33.0</precipitation>
                  <precipitation class="extremeSnowOnGround" units="cm" unitType="metric" year="1955" period="1955-2012">0</precipitation>
                  <pop units="%">34.0</pop>
            </day>
            <day index="4">
                  <temperature class="extremeMax" units="°C" unitType="metric" year="2012" period="1938-2012">36.3</temperature>
                  <temperature class="extremeMin" units="°C" unitType="metric" year="1968" period="1938-2012">5.0</temperature>
                  <temperature class="normalMax" units="°C" unitType="metric">26.2</temperature>
                  <temperature class="normalMin" units="°C" unitType="metric">14.2</temperature>
                  <temperature class="normalMean" units="°C" unitType="metric">20.2</temperature>
                  <precipitation class="extremeRainfall" units="mm" unitType="metric" year="1951" period="1938-2012">32.8</precipitation>
                  <precipitation class="extremeSnowfall" units="cm" unitType="metric" year="1938" period="1938-2012">0.0</precipitation>
                  <precipitation class="extremePrecipitation" units="mm" unitType="metric" year="1951" period="1938-2012">32.8</precipitation>
                  <precipitation class="extremeSnowOnGround" units="cm" unitType="metric" year="1955" period="1955-2012">0</precipitation>
                  <pop units="%">34.0</pop>
            </day>
            <day index="5">
                  <temperature class="extremeMax" units="°C" unitType="metric" year="1999" period="1938-2012">35.0</temperature>
                  <temperature class="extremeMin" units="°C" unitType="metric" year="1972" period="1938-2012">5.6</temperature>
                  <temperature class="normalMax" units="°C" unitType="metric">26.3</temperature>
                  <temperature class="normalMin" units="°C" unitType="metric">14.3</temperature>
                  <temperature class="normalMean" units="°C" unitType="metric">20.3</temperature>
                  <precipitation class="extremeRainfall" units="mm" unitType="metric" year="1971" period="1938-2012">32.8</precipitation>
                  <precipitation class="extremeSnowfall" units="cm" unitType="metric" year="1938" period="1938-2012">0.0</precipitation>
                  <precipitation class="extremePrecipitation" units="mm" unitType="metric" year="1971" period="1938-2012">32.8</precipitation>
                  <precipitation class="extremeSnowOnGround" units="cm" unitType="metric" year="1955" period="1955-2012">0</precipitation>
                  <pop units="%">34.0</pop>
            </day>
            <day index="6">
                  <temperature class="extremeMax" units="°C" unitType="metric" year="2012" period="1938-2012">36.3</temperature>
                  <temperature class="extremeMin" units="°C" unitType="metric" year="1965" period="1938-2012">5.6</temperature>
                  <temperature class="normalMax" units="°C" unitType="metric">26.4</temperature>
                  <temperature class="normalMin" units="°C" unitType="metric">14.4</temperature>
                  <temperature class="normalMean" units="°C" unitType="metric">20.4</temperature>
                  <precipitation class="extremeRainfall" units="mm" unitType="metric" year="1977" period="1938-2012">25.4</precipitation>
                  <precipitation class="extremeSnowfall" units="cm" unitType="metric" year="1938" period="1938-2012">0.0</precipitation>
                  <precipitation class="extremePrecipitation" units="mm" unitType="metric" year="1977" period="1938-2012">25.4</precipitation>
                  <precipitation class="extremeSnowOnGround" units="cm" unitType="metric" year="1955" period="1955-2012">0</precipitation>
                  <pop units="%">34.0</pop>
            </day>
            <day index="7">
                  <temperature class="extremeMax" units="°C" unitType="metric" year="1988" period="1938-2012">37.6</temperature>
                  <temperature class="extremeMin" units="°C" unitType="metric" year="1942" period="1938-2012">7.8</temperature>
                  <temperature class="normalMax" units="°C" unitType="metric">26.4</temperature>
                  <temperature class="normalMin" units="°C" unitType="metric">14.4</temperature>
                  <temperature class="normalMean" units="°C" unitType="metric">20.4</temperature>
                  <precipitation class="extremeRainfall" units="mm" unitType="metric" year="2004" period="1938-2012">28.0</precipitation>
                  <precipitation class="extremeSnowfall" units="cm" unitType="metric" year="1938" period="1938-2012">0.0</precipitation>
                  <precipitation class="extremePrecipitation" units="mm" unitType="metric" year="2004" period="1938-2012">28.0</precipitation>
                  <precipitation class="extremeSnowOnGround" units="cm" unitType="metric" year="1955" period="1955-2012">0</precipitation>
                  <pop units="%">34.0</pop>
            </day>
            <day index="8">
                  <temperature class="extremeMax" units="°C" unitType="metric" year="1988" period="1938-2012">36.9</temperature>
                  <temperature class="extremeMin" units="°C" unitType="metric" year="1984" period="1938-2012">7.1</temperature>
                  <temperature class="normalMax" units="°C" unitType="metric">26.5</temperature>
                  <temperature class="normalMin" units="°C" unitType="metric">14.5</temperature>
                  <temperature class="normalMean" units="°C" unitType="metric">20.5</temperature>
                  <precipitation class="extremeRainfall" units="mm" unitType="metric" year="2008" period="1938-2012">29.2</precipitation>
                  <precipitation class="extremeSnowfall" units="cm" unitType="metric" year="1938" period="1938-2012">0.0</precipitation>
                  <precipitation class="extremePrecipitation" units="mm" unitType="metric" year="2008" period="1938-2012">29.2</precipitation>
                  <precipitation class="extremeSnowOnGround" units="cm" unitType="metric" year="1955" period="1955-2012">0</precipitation>
                  <pop units="%">34.0</pop>
            </day>
            <day index="9">
                  <temperature class="extremeMax" units="°C" unitType="metric" year="1988" period="1938-2012">36.4</temperature>
                  <temperature class="extremeMin" units="°C" unitType="metric" year="1942" period="1938-2012">7.8</temperature>
                  <temperature class="normalMax" units="°C" unitType="metric">26.6</temperature>
                  <temperature class="normalMin" units="°C" unitType="metric">14.6</temperature>
                  <temperature class="normalMean" units="°C" unitType="metric">20.6</temperature>
                  <precipitation class="extremeRainfall" units="mm" unitType="metric" year="1949" period="1938-2012">31.5</precipitation>
                  <precipitation class="extremeSnowfall" units="cm" unitType="metric" year="1938" period="1938-2012">0.0</precipitation>
                  <precipitation class="extremePrecipitation" units="mm" unitType="metric" year="1949" period="1938-2012">31.5</precipitation>
                  <precipitation class="extremeSnowOnGround" units="cm" unitType="metric" year="1955" period="1955-2012">0</precipitation>
                  <pop units="%">34.0</pop>
            </day>
            <day index="10">
                  <temperature class="extremeMax" units="°C" unitType="metric" year="1988" period="1938-2012">36.0</temperature>
                  <temperature class="extremeMin" units="°C" unitType="metric" year="1942" period="1938-2012">8.9</temperature>
                  <temperature class="normalMax" units="°C" unitType="metric">26.7</temperature>
                  <temperature class="normalMin" units="°C" unitType="metric">14.7</temperature>
                  <temperature class="normalMean" units="°C" unitType="metric">20.7</temperature>
                  <precipitation class="extremeRainfall" units="mm" unitType="metric" year="2006" period="1938-2012">33.4</precipitation>
                  <precipitation class="extremeSnowfall" units="cm" unitType="metric" year="1938" period="1938-2012">0.0</precipitation>
                  <precipitation class="extremePrecipitation" units="mm" unitType="metric" year="2006" period="1938-2012">33.4</precipitation>
                  <precipitation class="extremeSnowOnGround" units="cm" unitType="metric" year="1955" period="1955-2012">0</precipitation>
                  <pop units="%">34.0</pop>
            </day>
            <day index="11">
                  <temperature class="extremeMax" units="°C" unitType="metric" year="2005" period="1938-2012">35.5</temperature>
                  <temperature class="extremeMin" units="°C" unitType="metric" year="1945" period="1938-2012">5.0</temperature>
                  <temperature class="normalMax" units="°C" unitType="metric">26.8</temperature>
                  <temperature class="normalMin" units="°C" unitType="metric">14.7</temperature>
                  <temperature class="normalMean" units="°C" unitType="metric">20.8</temperature>
                  <precipitation class="extremeRainfall" units="mm" unitType="metric" year="1940" period="1938-2012">22.4</precipitation>
                  <precipitation class="extremeSnowfall" units="cm" unitType="metric" year="1938" period="1938-2012">0.0</precipitation>
                  <precipitation class="extremePrecipitation" units="mm" unitType="metric" year="1940" period="1938-2012">22.4</precipitation>
                  <precipitation class="extremeSnowOnGround" units="cm" unitType="metric" year="1955" period="1955-2012">0</precipitation>
                  <pop units="%">34.0</pop>
            </day>
            <day index="12">
                  <temperature class="extremeMax" units="°C" unitType="metric" year="2005" period="1938-2012">34.7</temperature>
                  <temperature class="extremeMin" units="°C" unitType="metric" year="1973" period="1938-2012">7.8</temperature>
                  <temperature class="normalMax" units="°C" unitType="metric">26.8</temperature>
                  <temperature class="normalMin" units="°C" unitType="metric">14.8</temperature>
                  <temperature class="normalMean" units="°C" unitType="metric">20.8</temperature>
                  <precipitation class="extremeRainfall" units="mm" unitType="metric" year="1964" period="1938-2012">54.9</precipitation>
                  <precipitation class="extremeSnowfall" units="cm" unitType="metric" year="1938" period="1938-2012">0.0</precipitation>
                  <precipitation class="extremePrecipitation" units="mm" unitType="metric" year="1964" period="1938-2012">54.9</precipitation>
                  <precipitation class="extremeSnowOnGround" units="cm" unitType="metric" year="1955" period="1955-2012">0</precipitation>
                  <pop units="%">34.0</pop>
            </day>
            <day index="13">
                  <temperature class="extremeMax" units="°C" unitType="metric" year="2005" period="1938-2012">34.9</temperature>
                  <temperature class="extremeMin" units="°C" unitType="metric" year="1940" period="1938-2012">8.9</temperature>
                  <temperature class="normalMax" units="°C" unitType="metric">26.9</temperature>
                  <temperature class="normalMin" units="°C" unitType="metric">14.8</temperature>
                  <temperature class="normalMean" units="°C" unitType="metric">20.9</temperature>
                  <precipitation class="extremeRainfall" units="mm" unitType="metric" year="1960" period="1938-2012">43.9</precipitation>
                  <precipitation class="extremeSnowfall" units="cm" unitType="metric" year="1938" period="1938-2012">0.0</precipitation>
                  <precipitation class="extremePrecipitation" units="mm" unitType="metric" year="1960" period="1938-2012">43.9</precipitation>
                  <precipitation class="extremeSnowOnGround" units="cm" unitType="metric" year="1955" period="1955-2012">0</precipitation>
                  <pop units="%">34.0</pop>
            </day>
            <day index="14">
                  <temperature class="extremeMax" units="°C" unitType="metric" year="1995" period="1938-2012">36.8</temperature>
                  <temperature class="extremeMin" units="°C" unitType="metric" year="1950" period="1938-2012">7.8</temperature>
                  <temperature class="normalMax" units="°C" unitType="metric">26.9</temperature>
                  <temperature class="normalMin" units="°C" unitType="metric">14.9</temperature>
                  <temperature class="normalMean" units="°C" unitType="metric">20.9</temperature>
                  <precipitation class="extremeRainfall" units="mm" unitType="metric" year="1943" period="1938-2012">32.5</precipitation>
                  <precipitation class="extremeSnowfall" units="cm" unitType="metric" year="1938" period="1938-2012">0.0</precipitation>
                  <precipitation class="extremePrecipitation" units="mm" unitType="metric" year="1943" period="1938-2012">32.5</precipitation>
                  <precipitation class="extremeSnowOnGround" units="cm" unitType="metric" year="1955" period="1955-2012">0</precipitation>
                  <pop units="%">34.0</pop>
            </day>
            <day index="15">
                  <temperature class="extremeMax" units="°C" unitType="metric" year="1983" period="1938-2012">35.7</temperature>
                  <temperature class="extremeMin" units="°C" unitType="metric" year="1967" period="1938-2012">6.7</temperature>
                  <temperature class="normalMax" units="°C" unitType="metric">27.0</temperature>
                  <temperature class="normalMin" units="°C" unitType="metric">14.9</temperature>
                  <temperature class="normalMean" units="°C" unitType="metric">21.0</temperature>
                  <precipitation class="extremeRainfall" units="mm" unitType="metric" year="1980" period="1938-2012">40.5</precipitation>
                  <precipitation class="extremeSnowfall" units="cm" unitType="metric" year="1938" period="1938-2012">0.0</precipitation>
                  <precipitation class="extremePrecipitation" units="mm" unitType="metric" year="1980" period="1938-2012">40.5</precipitation>
                  <precipitation class="extremeSnowOnGround" units="cm" unitType="metric" year="1955" period="1955-2012">0</precipitation>
                  <pop units="%">34.0</pop>
            </day>
            <day index="16">
                  <temperature class="extremeMax" units="°C" unitType="metric" year="1988" period="1938-2012">34.7</temperature>
                  <temperature class="extremeMin" units="°C" unitType="metric" year="1967" period="1938-2012">7.2</temperature>
                  <temperature class="normalMax" units="°C" unitType="metric">27.0</temperature>
                  <temperature class="normalMin" units="°C" unitType="metric">15.0</temperature>
                  <temperature class="normalMean" units="°C" unitType="metric">21.0</temperature>
                  <precipitation class="extremeRainfall" units="mm" unitType="metric" year="1941" period="1938-2012">25.9</precipitation>
                  <precipitation class="extremeSnowfall" units="cm" unitType="metric" year="1938" period="1938-2012">0.0</precipitation>
                  <precipitation class="extremePrecipitation" units="mm" unitType="metric" year="1941" period="1938-2012">25.9</precipitation>
                  <precipitation class="extremeSnowOnGround" units="cm" unitType="metric" year="1955" period="1955-2012">0</precipitation>
                  <pop units="%">34.0</pop>
            </day>
            <day index="17">
                  <temperature class="extremeMax" units="°C" unitType="metric" year="2012" period="1938-2012">36.8</temperature>
                  <temperature class="extremeMin" units="°C" unitType="metric" year="1939" period="1938-2012">6.1</temperature>
                  <temperature class="normalMax" units="°C" unitType="metric">27.1</temperature>
                  <temperature class="normalMin" units="°C" unitType="metric">15.0</temperature>
                  <temperature class="normalMean" units="°C" unitType="metric">21.1</temperature>
                  <precipitation class="extremeRainfall" units="mm" unitType="metric" year="1942" period="1938-2012">31.8</precipitation>
                  <precipitation class="extremeSnowfall" units="cm" unitType="metric" year="1938" period="1938-2012">0.0</precipitation>
                  <precipitation class="extremePrecipitation" units="mm" unitType="metric" year="1942" period="1938-2012">31.8</precipitation>
                  <precipitation class="extremeSnowOnGround" units="cm" unitType="metric" year="1955" period="1955-2012">0</precipitation>
                  <pop units="%">34.0</pop>
            </day>
            <day index="18">
                  <temperature class="extremeMax" units="°C" unitType="metric" year="1942" period="1938-2012">34.4</temperature>
                  <temperature class="extremeMin" units="°C" unitType="metric" year="1971" period="1938-2012">7.8</temperature>
                  <temperature class="normalMax" units="°C" unitType="metric">27.1</temperature>
                  <temperature class="normalMin" units="°C" unitType="metric">15.1</temperature>
                  <temperature class="normalMean" units="°C" unitType="metric">21.1</temperature>
                  <precipitation class="extremeRainfall" units="mm" unitType="metric" year="1986" period="1938-2012">54.5</precipitation>
                  <precipitation class="extremeSnowfall" units="cm" unitType="metric" year="1938" period="1938-2012">0.0</precipitation>
                  <precipitation class="extremePrecipitation" units="mm" unitType="metric" year="1986" period="1938-2012">54.5</precipitation>
                  <precipitation class="extremeSnowOnGround" units="cm" unitType="metric" year="1955" period="1955-2012">0</precipitation>
                  <pop units="%">34.0</pop>
            </day>
            <day index="19">
                  <temperature class="extremeMax" units="°C" unitType="metric" year="1946" period="1938-2012">35.6</temperature>
                  <temperature class="extremeMin" units="°C" unitType="metric" year="1965" period="1938-2012">7.8</temperature>
                  <temperature class="normalMax" units="°C" unitType="metric">27.1</temperature>
                  <temperature class="normalMin" units="°C" unitType="metric">15.1</temperature>
                  <temperature class="normalMean" units="°C" unitType="metric">21.1</temperature>
                  <precipitation class="extremeRainfall" units="mm" unitType="metric" year="1993" period="1938-2012">37.2</precipitation>
                  <precipitation class="extremeSnowfall" units="cm" unitType="metric" year="1938" period="1938-2012">0.0</precipitation>
                  <precipitation class="extremePrecipitation" units="mm" unitType="metric" year="1993" period="1938-2012">37.2</precipitation>
                  <precipitation class="extremeSnowOnGround" units="cm" unitType="metric" year="1955" period="1955-2012">0</precipitation>
                  <pop units="%">34.0</pop>
            </day>
            <day index="20">
                  <temperature class="extremeMax" units="°C" unitType="metric" year="1978" period="1938-2012">35.8</temperature>
                  <temperature class="extremeMin" units="°C" unitType="metric" year="1965" period="1938-2012">6.1</temperature>
                  <temperature class="normalMax" units="°C" unitType="metric">27.1</temperature>
                  <temperature class="normalMin" units="°C" unitType="metric">15.1</temperature>
                  <temperature class="normalMean" units="°C" unitType="metric">21.1</temperature>
                  <precipitation class="extremeRainfall" units="mm" unitType="metric" year="2008" period="1938-2012">51.2</precipitation>
                  <precipitation class="extremeSnowfall" units="cm" unitType="metric" year="1938" period="1938-2012">0.0</precipitation>
                  <precipitation class="extremePrecipitation" units="mm" unitType="metric" year="2008" period="1938-2012">51.2</precipitation>
                  <precipitation class="extremeSnowOnGround" units="cm" unitType="metric" year="1955" period="1955-2012">0</precipitation>
                  <pop units="%">34.0</pop>
            </day>
            <day index="21">
                  <temperature class="extremeMax" units="°C" unitType="metric" year="2011" period="1938-2012">37.9</temperature>
                  <temperature class="extremeMin" units="°C" unitType="metric" year="1965" period="1938-2012">5.6</temperature>
                  <temperature class="normalMax" units="°C" unitType="metric">27.1</temperature>
                  <temperature class="normalMin" units="°C" unitType="metric">15.1</temperature>
                  <temperature class="normalMean" units="°C" unitType="metric">21.1</temperature>
                  <precipitation class="extremeRainfall" units="mm" unitType="metric" year="1978" period="1938-2012">24.5</precipitation>
                  <precipitation class="extremeSnowfall" units="cm" unitType="metric" year="1938" period="1938-2012">0.0</precipitation>
                  <precipitation class="extremePrecipitation" units="mm" unitType="metric" year="1978" period="1938-2012">24.5</precipitation>
                  <precipitation class="extremeSnowOnGround" units="cm" unitType="metric" year="1955" period="1955-2012">0</precipitation>
                  <pop units="%">34.0</pop>
            </day>
            <day index="22">
                  <temperature class="extremeMax" units="°C" unitType="metric" year="1955" period="1938-2012">35.6</temperature>
                  <temperature class="extremeMin" units="°C" unitType="metric" year="1992" period="1938-2012">7.9</temperature>
                  <temperature class="normalMax" units="°C" unitType="metric">27.1</temperature>
                  <temperature class="normalMin" units="°C" unitType="metric">15.2</temperature>
                  <temperature class="normalMean" units="°C" unitType="metric">21.2</temperature>
                  <precipitation class="extremeRainfall" units="mm" unitType="metric" year="1994" period="1938-2012">33.6</precipitation>
                  <precipitation class="extremeSnowfall" units="cm" unitType="metric" year="1938" period="1938-2012">0.0</precipitation>
                  <precipitation class="extremePrecipitation" units="mm" unitType="metric" year="1994" period="1938-2012">33.6</precipitation>
                  <precipitation class="extremeSnowOnGround" units="cm" unitType="metric" year="1955" period="1955-2012">0</precipitation>
                  <pop units="%">34.0</pop>
            </day>
            <day index="23">
                  <temperature class="extremeMax" units="°C" unitType="metric" year="2012" period="1938-2012">35.0</temperature>
                  <temperature class="extremeMin" units="°C" unitType="metric" year="1981" period="1938-2012">8.6</temperature>
                  <temperature class="normalMax" units="°C" unitType="metric">27.2</temperature>
                  <temperature class="normalMin" units="°C" unitType="metric">15.2</temperature>
                  <temperature class="normalMean" units="°C" unitType="metric">21.2</temperature>
                  <precipitation class="extremeRainfall" units="mm" unitType="metric" year="2010" period="1938-2012">39.0</precipitation>
                  <precipitation class="extremeSnowfall" units="cm" unitType="metric" year="1938" period="1938-2012">0.0</precipitation>
                  <precipitation class="extremePrecipitation" units="mm" unitType="metric" year="2010" period="1938-2012">39.0</precipitation>
                  <precipitation class="extremeSnowOnGround" units="cm" unitType="metric" year="1955" period="1955-2012">0</precipitation>
                  <pop units="%">34.0</pop>
            </day>
            <day index="24">
                  <temperature class="extremeMax" units="°C" unitType="metric" year="1999" period="1938-2012">34.7</temperature>
                  <temperature class="extremeMin" units="°C" unitType="metric" year="1985" period="1938-2012">8.5</temperature>
                  <temperature class="normalMax" units="°C" unitType="metric">27.1</temperature>
                  <temperature class="normalMin" units="°C" unitType="metric">15.2</temperature>
                  <temperature class="normalMean" units="°C" unitType="metric">21.2</temperature>
                  <precipitation class="extremeRainfall" units="mm" unitType="metric" year="1969" period="1938-2012">49.3</precipitation>
                  <precipitation class="extremeSnowfall" units="cm" unitType="metric" year="1938" period="1938-2012">0.0</precipitation>
                  <precipitation class="extremePrecipitation" units="mm" unitType="metric" year="1969" period="1938-2012">49.3</precipitation>
                  <precipitation class="extremeSnowOnGround" units="cm" unitType="metric" year="1955" period="1955-2012">0</precipitation>
                  <pop units="%">34.0</pop>
            </day>
            <day index="25">
                  <temperature class="extremeMax" units="°C" unitType="metric" year="1941" period="1938-2012">35.0</temperature>
                  <temperature class="extremeMin" units="°C" unitType="metric" year="1976" period="1938-2012">7.2</temperature>
                  <temperature class="normalMax" units="°C" unitType="metric">27.1</temperature>
                  <temperature class="normalMin" units="°C" unitType="metric">15.2</temperature>
                  <temperature class="normalMean" units="°C" unitType="metric">21.2</temperature>
                  <precipitation class="extremeRainfall" units="mm" unitType="metric" year="1973" period="1938-2012">39.6</precipitation>
                  <precipitation class="extremeSnowfall" units="cm" unitType="metric" year="1938" period="1938-2012">0.0</precipitation>
                  <precipitation class="extremePrecipitation" units="mm" unitType="metric" year="1973" period="1938-2012">39.6</precipitation>
                  <precipitation class="extremeSnowOnGround" units="cm" unitType="metric" year="1955" period="1955-2012">0</precipitation>
                  <pop units="%">34.0</pop>
            </day>
            <day index="26">
                  <temperature class="extremeMax" units="°C" unitType="metric" year="1955" period="1938-2012">34.4</temperature>
                  <temperature class="extremeMin" units="°C" unitType="metric" year="1975" period="1938-2012">8.9</temperature>
                  <temperature class="normalMax" units="°C" unitType="metric">27.1</temperature>
                  <temperature class="normalMin" units="°C" unitType="metric">15.2</temperature>
                  <temperature class="normalMean" units="°C" unitType="metric">21.2</temperature>
                  <precipitation class="extremeRainfall" units="mm" unitType="metric" year="1993" period="1938-2012">29.6</precipitation>
                  <precipitation class="extremeSnowfall" units="cm" unitType="metric" year="1938" period="1938-2012">0.0</precipitation>
                  <precipitation class="extremePrecipitation" units="mm" unitType="metric" year="1993" period="1938-2012">29.6</precipitation>
                  <precipitation class="extremeSnowOnGround" units="cm" unitType="metric" year="1955" period="1955-2012">0</precipitation>
                  <pop units="%">34.0</pop>
            </day>
            <day index="27">
                  <temperature class="extremeMax" units="°C" unitType="metric" year="1941" period="1938-2012">36.1</temperature>
                  <temperature class="extremeMin" units="°C" unitType="metric" year="1977" period="1938-2012">7.2</temperature>
                  <temperature class="normalMax" units="°C" unitType="metric">27.1</temperature>
                  <temperature class="normalMin" units="°C" unitType="metric">15.2</temperature>
                  <temperature class="normalMean" units="°C" unitType="metric">21.2</temperature>
                  <precipitation class="extremeRainfall" units="mm" unitType="metric" year="1969" period="1938-2012">31.0</precipitation>
                  <precipitation class="extremeSnowfall" units="cm" unitType="metric" year="1938" period="1938-2012">0.0</precipitation>
                  <precipitation class="extremePrecipitation" units="mm" unitType="metric" year="1969" period="1938-2012">31.0</precipitation>
                  <precipitation class="extremeSnowOnGround" units="cm" unitType="metric" year="1955" period="1955-2012">0</precipitation>
                  <pop units="%">34.0</pop>
            </day>
            <day index="28">
                  <temperature class="extremeMax" units="°C" unitType="metric" year="1941" period="1938-2012">34.4</temperature>
                  <temperature class="extremeMin" units="°C" unitType="metric" year="1985" period="1938-2012">8.5</temperature>
                  <temperature class="normalMax" units="°C" unitType="metric">27.1</temperature>
                  <temperature class="normalMin" units="°C" unitType="metric">15.2</temperature>
                  <temperature class="normalMean" units="°C" unitType="metric">21.2</temperature>
                  <precipitation class="extremeRainfall" units="mm" unitType="metric" year="1980" period="1938-2012">118.5</precipitation>
                  <precipitation class="extremeSnowfall" units="cm" unitType="metric" year="1938" period="1938-2012">0.0</precipitation>
                  <precipitation class="extremePrecipitation" units="mm" unitType="metric" year="1980" period="1938-2012">118.5</precipitation>
                  <precipitation class="extremeSnowOnGround" units="cm" unitType="metric" year="1955" period="1955-2012">0</precipitation>
                  <pop units="%">34.0</pop>
            </day>
            <day index="29">
                  <temperature class="extremeMax" units="°C" unitType="metric" year="1949" period="1938-2012">35.6</temperature>
                  <temperature class="extremeMin" units="°C" unitType="metric" year="1968" period="1938-2012">6.7</temperature>
                  <temperature class="normalMax" units="°C" unitType="metric">27.0</temperature>
                  <temperature class="normalMin" units="°C" unitType="metric">15.2</temperature>
                  <temperature class="normalMean" units="°C" unitType="metric">21.1</temperature>
                  <precipitation class="extremeRainfall" units="mm" unitType="metric" year="1946" period="1938-2012">25.9</precipitation>
                  <precipitation class="extremeSnowfall" units="cm" unitType="metric" year="1938" period="1938-2012">0.0</precipitation>
                  <precipitation class="extremePrecipitation" units="mm" unitType="metric" year="1946" period="1938-2012">25.9</precipitation>
                  <precipitation class="extremeSnowOnGround" units="cm" unitType="metric" year="1955" period="1955-2012">0</precipitation>
                  <pop units="%">34.0</pop>
            </day>
            <day index="30">
                  <temperature class="extremeMax" units="°C" unitType="metric" year="1999" period="1938-2012">34.6</temperature>
                  <temperature class="extremeMin" units="°C" unitType="metric" year="1968" period="1938-2012">3.9</temperature>
                  <temperature class="normalMax" units="°C" unitType="metric">27.0</temperature>
                  <temperature class="normalMin" units="°C" unitType="metric">15.1</temperature>
                  <temperature class="normalMean" units="°C" unitType="metric">21.1</temperature>
                  <precipitation class="extremeRainfall" units="mm" unitType="metric" year="1988" period="1938-2012">25.5</precipitation>
                  <precipitation class="extremeSnowfall" units="cm" unitType="metric" year="1938" period="1938-2012">0.0</precipitation>
                  <precipitation class="extremePrecipitation" units="mm" unitType="metric" year="1988" period="1938-2012">25.5</precipitation>
                  <precipitation class="extremeSnowOnGround" units="cm" unitType="metric" year="1955" period="1955-2012">0</precipitation>
                  <pop units="%">34.0</pop>
            </day>
            <day index="31">
                  <temperature class="extremeMax" units="°C" unitType="metric" year="1975" period="1938-2012">36.1</temperature>
                  <temperature class="extremeMin" units="°C" unitType="metric" year="1965" period="1938-2012">6.7</temperature>
                  <temperature class="normalMax" units="°C" unitType="metric">27.0</temperature>
                  <temperature class="normalMin" units="°C" unitType="metric">15.1</temperature>
                  <temperature class="normalMean" units="°C" unitType="metric">21.1</temperature>
                  <precipitation class="extremeRainfall" units="mm" unitType="metric" year="1970" period="1938-2012">59.2</precipitation>
                  <precipitation class="extremeSnowfall" units="cm" unitType="metric" year="1938" period="1938-2012">0.0</precipitation>
                  <precipitation class="extremePrecipitation" units="mm" unitType="metric" year="1970" period="1938-2012">59.2</precipitation>
                  <precipitation class="extremeSnowOnGround" units="cm" unitType="metric" year="1955" period="1955-2012">0</precipitation>
                  <pop units="%">34.0</pop>
            </day>
      </month>

      <month index="8">

            <day index="1">
                  <temperature class="extremeMax" units="°C" unitType="metric" year="1955" period="1938-2012">36.7</temperature>
                  <temperature class="extremeMin" units="°C" unitType="metric" year="1947" period="1938-2012">6.7</temperature>
                  <temperature class="normalMax" units="°C" unitType="metric">26.9</temperature>
                  <temperature class="normalMin" units="°C" unitType="metric">15.1</temperature>
                  <temperature class="normalMean" units="°C" unitType="metric">21.0</temperature>
                  <precipitation class="extremeRainfall" units="mm" unitType="metric" year="1969" period="1938-2012">19.3</precipitation>
                  <precipitation class="extremeSnowfall" units="cm" unitType="metric" year="1938" period="1938-2012">0.0</precipitation>
                  <precipitation class="extremePrecipitation" units="mm" unitType="metric" year="1969" period="1938-2012">19.3</precipitation>
                  <precipitation class="extremeSnowOnGround" units="cm" unitType="metric" year="1955" period="1955-2012">0</precipitation>
                  <pop units="%">33.0</pop>
            </day>
            <day index="2">
                  <temperature class="extremeMax" units="°C" unitType="metric" year="2007" period="1938-2012">34.8</temperature>
                  <temperature class="extremeMin" units="°C" unitType="metric" year="1947" period="1938-2012">7.8</temperature>
                  <temperature class="normalMax" units="°C" unitType="metric">26.9</temperature>
                  <temperature class="normalMin" units="°C" unitType="metric">15.1</temperature>
                  <temperature class="normalMean" units="°C" unitType="metric">21.0</temperature>
                  <precipitation class="extremeRainfall" units="mm" unitType="metric" year="1965" period="1938-2012">36.8</precipitation>
                  <precipitation class="extremeSnowfall" units="cm" unitType="metric" year="1938" period="1938-2012">0.0</precipitation>
                  <precipitation class="extremePrecipitation" units="mm" unitType="metric" year="1965" period="1938-2012">36.8</precipitation>
                  <precipitation class="extremeSnowOnGround" units="cm" unitType="metric" year="1955" period="1955-2012">0</precipitation>
                  <pop units="%">33.0</pop>
            </day>
            <day index="3">
                  <temperature class="extremeMax" units="°C" unitType="metric" year="1955" period="1938-2012">35.6</temperature>
                  <temperature class="extremeMin" units="°C" unitType="metric" year="1976" period="1938-2012">7.2</temperature>
                  <temperature class="normalMax" units="°C" unitType="metric">26.8</temperature>
                  <temperature class="normalMin" units="°C" unitType="metric">15.0</temperature>
                  <temperature class="normalMean" units="°C" unitType="metric">20.9</temperature>
                  <precipitation class="extremeRainfall" units="mm" unitType="metric" year="1991" period="1938-2012">41.4</precipitation>
                  <precipitation class="extremeSnowfall" units="cm" unitType="metric" year="1938" period="1938-2012">0.0</precipitation>
                  <precipitation class="extremePrecipitation" units="mm" unitType="metric" year="1991" period="1938-2012">41.4</precipitation>
                  <precipitation class="extremeSnowOnGround" units="cm" unitType="metric" year="1955" period="1955-2012">0</precipitation>
                  <pop units="%">33.0</pop>
            </day>
            <day index="4">
                  <temperature class="extremeMax" units="°C" unitType="metric" year="1944" period="1938-2012">35.0</temperature>
                  <temperature class="extremeMin" units="°C" unitType="metric" year="1951" period="1938-2012">7.2</temperature>
                  <temperature class="normalMax" units="°C" unitType="metric">26.7</temperature>
                  <temperature class="normalMin" units="°C" unitType="metric">15.0</temperature>
                  <temperature class="normalMean" units="°C" unitType="metric">20.9</temperature>
                  <precipitation class="extremeRainfall" units="mm" unitType="metric" year="1981" period="1938-2012">36.4</precipitation>
                  <precipitation class="extremeSnowfall" units="cm" unitType="metric" year="1938" period="1938-2012">0.0</precipitation>
                  <precipitation class="extremePrecipitation" units="mm" unitType="metric" year="1981" period="1938-2012">36.4</precipitation>
                  <precipitation class="extremeSnowOnGround" units="cm" unitType="metric" year="1955" period="1955-2012">0</precipitation>
                  <pop units="%">33.0</pop>
            </day>
            <day index="5">
                  <temperature class="extremeMax" units="°C" unitType="metric" year="1955" period="1938-2012">35.0</temperature>
                  <temperature class="extremeMin" units="°C" unitType="metric" year="1972" period="1938-2012">4.4</temperature>
                  <temperature class="normalMax" units="°C" unitType="metric">26.7</temperature>
                  <temperature class="normalMin" units="°C" unitType="metric">15.0</temperature>
                  <temperature class="normalMean" units="°C" unitType="metric">20.9</temperature>
                  <precipitation class="extremeRainfall" units="mm" unitType="metric" year="1995" period="1938-2012">38.0</precipitation>
                  <precipitation class="extremeSnowfall" units="cm" unitType="metric" year="1938" period="1938-2012">0.0</precipitation>
                  <precipitation class="extremePrecipitation" units="mm" unitType="metric" year="1995" period="1938-2012">38.0</precipitation>
                  <precipitation class="extremeSnowOnGround" units="cm" unitType="metric" year="1955" period="1955-2012">0</precipitation>
                  <pop units="%">33.0</pop>
            </day>
            <day index="6">
                  <temperature class="extremeMax" units="°C" unitType="metric" year="2001" period="1938-2012">35.9</temperature>
                  <temperature class="extremeMin" units="°C" unitType="metric" year="1964" period="1938-2012">6.7</temperature>
                  <temperature class="normalMax" units="°C" unitType="metric">26.6</temperature>
                  <temperature class="normalMin" units="°C" unitType="metric">14.9</temperature>
                  <temperature class="normalMean" units="°C" unitType="metric">20.8</temperature>
                  <precipitation class="extremeRainfall" units="mm" unitType="metric" year="1968" period="1938-2012">46.5</precipitation>
                  <precipitation class="extremeSnowfall" units="cm" unitType="metric" year="1938" period="1938-2012">0.0</precipitation>
                  <precipitation class="extremePrecipitation" units="mm" unitType="metric" year="1968" period="1938-2012">46.5</precipitation>
                  <precipitation class="extremeSnowOnGround" units="cm" unitType="metric" year="1955" period="1955-2012">0</precipitation>
                  <pop units="%">33.0</pop>
            </day>
            <day index="7">
                  <temperature class="extremeMax" units="°C" unitType="metric" year="2001" period="1938-2012">35.6</temperature>
                  <temperature class="extremeMin" units="°C" unitType="metric" year="1948" period="1938-2012">6.7</temperature>
                  <temperature class="normalMax" units="°C" unitType="metric">26.5</temperature>
                  <temperature class="normalMin" units="°C" unitType="metric">14.9</temperature>
                  <temperature class="normalMean" units="°C" unitType="metric">20.7</temperature>
                  <precipitation class="extremeRainfall" units="mm" unitType="metric" year="1972" period="1938-2012">34.8</precipitation>
                  <precipitation class="extremeSnowfall" units="cm" unitType="metric" year="1938" period="1938-2012">0.0</precipitation>
                  <precipitation class="extremePrecipitation" units="mm" unitType="metric" year="1972" period="1938-2012">34.8</precipitation>
                  <precipitation class="extremeSnowOnGround" units="cm" unitType="metric" year="1955" period="1955-2012">0</precipitation>
                  <pop units="%">33.0</pop>
            </day>
            <day index="8">
                  <temperature class="extremeMax" units="°C" unitType="metric" year="2001" period="1938-2012">37.9</temperature>
                  <temperature class="extremeMin" units="°C" unitType="metric" year="1989" period="1938-2012">6.9</temperature>
                  <temperature class="normalMax" units="°C" unitType="metric">26.5</temperature>
                  <temperature class="normalMin" units="°C" unitType="metric">14.8</temperature>
                  <temperature class="normalMean" units="°C" unitType="metric">20.7</temperature>
                  <precipitation class="extremeRainfall" units="mm" unitType="metric" year="1939" period="1938-2012">44.5</precipitation>
                  <precipitation class="extremeSnowfall" units="cm" unitType="metric" year="1938" period="1938-2012">0.0</precipitation>
                  <precipitation class="extremePrecipitation" units="mm" unitType="metric" year="1939" period="1938-2012">44.5</precipitation>
                  <precipitation class="extremeSnowOnGround" units="cm" unitType="metric" year="1955" period="1955-2012">0</precipitation>
                  <pop units="%">33.0</pop>
            </day>
            <day index="9">
                  <temperature class="extremeMax" units="°C" unitType="metric" year="1949" period="1938-2012">37.2</temperature>
                  <temperature class="extremeMin" units="°C" unitType="metric" year="1964" period="1938-2012">7.2</temperature>
                  <temperature class="normalMax" units="°C" unitType="metric">26.4</temperature>
                  <temperature class="normalMin" units="°C" unitType="metric">14.7</temperature>
                  <temperature class="normalMean" units="°C" unitType="metric">20.6</temperature>
                  <precipitation class="extremeRainfall" units="mm" unitType="metric" year="1953" period="1938-2012">48.5</precipitation>
                  <precipitation class="extremeSnowfall" units="cm" unitType="metric" year="1938" period="1938-2012">0.0</precipitation>
                  <precipitation class="extremePrecipitation" units="mm" unitType="metric" year="1953" period="1938-2012">48.5</precipitation>
                  <precipitation class="extremeSnowOnGround" units="cm" unitType="metric" year="1955" period="1955-2012">0</precipitation>
                  <pop units="%">33.0</pop>
            </day>
            <day index="10">
                  <temperature class="extremeMax" units="°C" unitType="metric" year="1944" period="1938-2012">35.6</temperature>
                  <temperature class="extremeMin" units="°C" unitType="metric" year="1972" period="1938-2012">8.3</temperature>
                  <temperature class="normalMax" units="°C" unitType="metric">26.3</temperature>
                  <temperature class="normalMin" units="°C" unitType="metric">14.7</temperature>
                  <temperature class="normalMean" units="°C" unitType="metric">20.5</temperature>
                  <precipitation class="extremeRainfall" units="mm" unitType="metric" year="2012" period="1938-2012">21.6</precipitation>
                  <precipitation class="extremeSnowfall" units="cm" unitType="metric" year="1938" period="1938-2012">0.0</precipitation>
                  <precipitation class="extremePrecipitation" units="mm" unitType="metric" year="2012" period="1938-2012">21.6</precipitation>
                  <precipitation class="extremeSnowOnGround" units="cm" unitType="metric" year="1955" period="1955-2012">0</precipitation>
                  <pop units="%">33.0</pop>
            </day>
            <day index="11">
                  <temperature class="extremeMax" units="°C" unitType="metric" year="1944" period="1938-2012">36.1</temperature>
                  <temperature class="extremeMin" units="°C" unitType="metric" year="1965" period="1938-2012">7.2</temperature>
                  <temperature class="normalMax" units="°C" unitType="metric">26.2</temperature>
                  <temperature class="normalMin" units="°C" unitType="metric">14.6</temperature>
                  <temperature class="normalMean" units="°C" unitType="metric">20.4</temperature>
                  <precipitation class="extremeRainfall" units="mm" unitType="metric" year="1964" period="1938-2012">38.1</precipitation>
                  <precipitation class="extremeSnowfall" units="cm" unitType="metric" year="1938" period="1938-2012">0.0</precipitation>
                  <precipitation class="extremePrecipitation" units="mm" unitType="metric" year="1964" period="1938-2012">38.1</precipitation>
                  <precipitation class="extremeSnowOnGround" units="cm" unitType="metric" year="1955" period="1955-2012">0</precipitation>
                  <pop units="%">33.0</pop>
            </day>
            <day index="12">
                  <temperature class="extremeMax" units="°C" unitType="metric" year="1947" period="1938-2012">35.0</temperature>
                  <temperature class="extremeMin" units="°C" unitType="metric" year="1971" period="1938-2012">7.8</temperature>
                  <temperature class="normalMax" units="°C" unitType="metric">26.1</temperature>
                  <temperature class="normalMin" units="°C" unitType="metric">14.5</temperature>
                  <temperature class="normalMean" units="°C" unitType="metric">20.3</temperature>
                  <precipitation class="extremeRainfall" units="mm" unitType="metric" year="1990" period="1938-2012">28.4</precipitation>
                  <precipitation class="extremeSnowfall" units="cm" unitType="metric" year="1938" period="1938-2012">0.0</precipitation>
                  <precipitation class="extremePrecipitation" units="mm" unitType="metric" year="1990" period="1938-2012">28.4</precipitation>
                  <precipitation class="extremeSnowOnGround" units="cm" unitType="metric" year="1955" period="1955-2012">0</precipitation>
                  <pop units="%">33.0</pop>
            </day>
            <day index="13">
                  <temperature class="extremeMax" units="°C" unitType="metric" year="1947" period="1938-2012">35.6</temperature>
                  <temperature class="extremeMin" units="°C" unitType="metric" year="1941" period="1938-2012">6.7</temperature>
                  <temperature class="normalMax" units="°C" unitType="metric">26.0</temperature>
                  <temperature class="normalMin" units="°C" unitType="metric">14.5</temperature>
                  <temperature class="normalMean" units="°C" unitType="metric">20.3</temperature>
                  <precipitation class="extremeRainfall" units="mm" unitType="metric" year="1955" period="1938-2012">58.7</precipitation>
                  <precipitation class="extremeSnowfall" units="cm" unitType="metric" year="1938" period="1938-2012">0.0</precipitation>
                  <precipitation class="extremePrecipitation" units="mm" unitType="metric" year="1955" period="1938-2012">58.7</precipitation>
                  <precipitation class="extremeSnowOnGround" units="cm" unitType="metric" year="1955" period="1955-2012">0</precipitation>
                  <pop units="%">33.0</pop>
            </day>
            <day index="14">
                  <temperature class="extremeMax" units="°C" unitType="metric" year="1944" period="1938-2012">35.0</temperature>
                  <temperature class="extremeMin" units="°C" unitType="metric" year="1964" period="1938-2012">7.8</temperature>
                  <temperature class="normalMax" units="°C" unitType="metric">26.0</temperature>
                  <temperature class="normalMin" units="°C" unitType="metric">14.4</temperature>
                  <temperature class="normalMean" units="°C" unitType="metric">20.2</temperature>
                  <precipitation class="extremeRainfall" units="mm" unitType="metric" year="1995" period="1938-2012">39.2</precipitation>
                  <precipitation class="extremeSnowfall" units="cm" unitType="metric" year="1938" period="1938-2012">0.0</precipitation>
                  <precipitation class="extremePrecipitation" units="mm" unitType="metric" year="1995" period="1938-2012">39.2</precipitation>
                  <precipitation class="extremeSnowOnGround" units="cm" unitType="metric" year="1955" period="1955-2012">0</precipitation>
                  <pop units="%">33.0</pop>
            </day>
            <day index="15">
                  <temperature class="extremeMax" units="°C" unitType="metric" year="1938" period="1938-2012">34.4</temperature>
                  <temperature class="extremeMin" units="°C" unitType="metric" year="1968" period="1938-2012">6.7</temperature>
                  <temperature class="normalMax" units="°C" unitType="metric">25.9</temperature>
                  <temperature class="normalMin" units="°C" unitType="metric">14.3</temperature>
                  <temperature class="normalMean" units="°C" unitType="metric">20.1</temperature>
                  <precipitation class="extremeRainfall" units="mm" unitType="metric" year="1986" period="1938-2012">52.4</precipitation>
                  <precipitation class="extremeSnowfall" units="cm" unitType="metric" year="1938" period="1938-2012">0.0</precipitation>
                  <precipitation class="extremePrecipitation" units="mm" unitType="metric" year="1986" period="1938-2012">52.4</precipitation>
                  <precipitation class="extremeSnowOnGround" units="cm" unitType="metric" year="1955" period="1955-2012">0</precipitation>
                  <pop units="%">33.0</pop>
            </day>
            <day index="16">
                  <temperature class="extremeMax" units="°C" unitType="metric" year="1987" period="1938-2012">33.0</temperature>
                  <temperature class="extremeMin" units="°C" unitType="metric" year="1979" period="1938-2012">4.7</temperature>
                  <temperature class="normalMax" units="°C" unitType="metric">25.8</temperature>
                  <temperature class="normalMin" units="°C" unitType="metric">14.2</temperature>
                  <temperature class="normalMean" units="°C" unitType="metric">20.0</temperature>
                  <precipitation class="extremeRainfall" units="mm" unitType="metric" year="1969" period="1938-2012">29.7</precipitation>
                  <precipitation class="extremeSnowfall" units="cm" unitType="metric" year="1938" period="1938-2012">0.0</precipitation>
                  <precipitation class="extremePrecipitation" units="mm" unitType="metric" year="1969" period="1938-2012">29.7</precipitation>
                  <precipitation class="extremeSnowOnGround" units="cm" unitType="metric" year="1955" period="1955-2012">0</precipitation>
                  <pop units="%">33.0</pop>
            </day>
            <day index="17">
                  <temperature class="extremeMax" units="°C" unitType="metric" year="1998" period="1938-2012">31.6</temperature>
                  <temperature class="extremeMin" units="°C" unitType="metric" year="1954" period="1938-2012">7.8</temperature>
                  <temperature class="normalMax" units="°C" unitType="metric">25.7</temperature>
                  <temperature class="normalMin" units="°C" unitType="metric">14.1</temperature>
                  <temperature class="normalMean" units="°C" unitType="metric">19.9</temperature>
                  <precipitation class="extremeRainfall" units="mm" unitType="metric" year="1991" period="1938-2012">10.6</precipitation>
                  <precipitation class="extremeSnowfall" units="cm" unitType="metric" year="1938" period="1938-2012">0.0</precipitation>
                  <precipitation class="extremePrecipitation" units="mm" unitType="metric" year="1991" period="1938-2012">10.6</precipitation>
                  <precipitation class="extremeSnowOnGround" units="cm" unitType="metric" year="1955" period="1955-2012">0</precipitation>
                  <pop units="%">33.0</pop>
            </day>
            <day index="18">
                  <temperature class="extremeMax" units="°C" unitType="metric" year="1947" period="1938-2012">34.4</temperature>
                  <temperature class="extremeMin" units="°C" unitType="metric" year="1954" period="1938-2012">5.6</temperature>
                  <temperature class="normalMax" units="°C" unitType="metric">25.5</temperature>
                  <temperature class="normalMin" units="°C" unitType="metric">14.0</temperature>
                  <temperature class="normalMean" units="°C" unitType="metric">19.8</temperature>
                  <precipitation class="extremeRainfall" units="mm" unitType="metric" year="1985" period="1938-2012">40.5</precipitation>
                  <precipitation class="extremeSnowfall" units="cm" unitType="metric" year="1938" period="1938-2012">0.0</precipitation>
                  <precipitation class="extremePrecipitation" units="mm" unitType="metric" year="1985" period="1938-2012">40.5</precipitation>
                  <precipitation class="extremeSnowOnGround" units="cm" unitType="metric" year="1955" period="1955-2012">0</precipitation>
                  <pop units="%">33.0</pop>
            </day>
            <day index="19">
                  <temperature class="extremeMax" units="°C" unitType="metric" year="1955" period="1938-2012">35.0</temperature>
                  <temperature class="extremeMin" units="°C" unitType="metric" year="1977" period="1938-2012">6.3</temperature>
                  <temperature class="normalMax" units="°C" unitType="metric">25.4</temperature>
                  <temperature class="normalMin" units="°C" unitType="metric">13.9</temperature>
                  <temperature class="normalMean" units="°C" unitType="metric">19.7</temperature>
                  <precipitation class="extremeRainfall" units="mm" unitType="metric" year="2005" period="1938-2012">41.4</precipitation>
                  <precipitation class="extremeSnowfall" units="cm" unitType="metric" year="1938" period="1938-2012">0.0</precipitation>
                  <precipitation class="extremePrecipitation" units="mm" unitType="metric" year="2005" period="1938-2012">41.4</precipitation>
                  <precipitation class="extremeSnowOnGround" units="cm" unitType="metric" year="1955" period="1955-2012">0</precipitation>
                  <pop units="%">33.0</pop>
            </day>
            <day index="20">
                  <temperature class="extremeMax" units="°C" unitType="metric" year="1955" period="1938-2012">35.0</temperature>
                  <temperature class="extremeMin" units="°C" unitType="metric" year="1977" period="1938-2012">6.3</temperature>
                  <temperature class="normalMax" units="°C" unitType="metric">25.3</temperature>
                  <temperature class="normalMin" units="°C" unitType="metric">13.8</temperature>
                  <temperature class="normalMean" units="°C" unitType="metric">19.6</temperature>
                  <precipitation class="extremeRainfall" units="mm" unitType="metric" year="1999" period="1938-2012">33.8</precipitation>
                  <precipitation class="extremeSnowfall" units="cm" unitType="metric" year="1938" period="1938-2012">0.0</precipitation>
                  <precipitation class="extremePrecipitation" units="mm" unitType="metric" year="1999" period="1938-2012">33.8</precipitation>
                  <precipitation class="extremeSnowOnGround" units="cm" unitType="metric" year="1955" period="1955-2012">0</precipitation>
                  <pop units="%">33.0</pop>
            </day>
            <day index="21">
                  <temperature class="extremeMax" units="°C" unitType="metric" year="1955" period="1938-2012">35.0</temperature>
                  <temperature class="extremeMin" units="°C" unitType="metric" year="1940" period="1938-2012">4.4</temperature>
                  <temperature class="normalMax" units="°C" unitType="metric">25.2</temperature>
                  <temperature class="normalMin" units="°C" unitType="metric">13.7</temperature>
                  <temperature class="normalMean" units="°C" unitType="metric">19.5</temperature>
                  <precipitation class="extremeRainfall" units="mm" unitType="metric" year="1964" period="1938-2012">24.4</precipitation>
                  <precipitation class="extremeSnowfall" units="cm" unitType="metric" year="1938" period="1938-2012">0.0</precipitation>
                  <precipitation class="extremePrecipitation" units="mm" unitType="metric" year="1964" period="1938-2012">24.4</precipitation>
                  <precipitation class="extremeSnowOnGround" units="cm" unitType="metric" year="1955" period="1955-2012">0</precipitation>
                  <pop units="%">33.0</pop>
            </day>
            <day index="22">
                  <temperature class="extremeMax" units="°C" unitType="metric" year="1942" period="1938-2012">32.2</temperature>
                  <temperature class="extremeMin" units="°C" unitType="metric" year="1982" period="1938-2012">5.7</temperature>
                  <temperature class="normalMax" units="°C" unitType="metric">25.1</temperature>
                  <temperature class="normalMin" units="°C" unitType="metric">13.6</temperature>
                  <temperature class="normalMean" units="°C" unitType="metric">19.4</temperature>
                  <precipitation class="extremeRainfall" units="mm" unitType="metric" year="1968" period="1938-2012">66.8</precipitation>
                  <precipitation class="extremeSnowfall" units="cm" unitType="metric" year="1938" period="1938-2012">0.0</precipitation>
                  <precipitation class="extremePrecipitation" units="mm" unitType="metric" year="1968" period="1938-2012">66.8</precipitation>
                  <precipitation class="extremeSnowOnGround" units="cm" unitType="metric" year="1955" period="1955-2012">0</precipitation>
                  <pop units="%">33.0</pop>
            </day>
            <day index="23">
                  <temperature class="extremeMax" units="°C" unitType="metric" year="1949" period="1938-2012">31.7</temperature>
                  <temperature class="extremeMin" units="°C" unitType="metric" year="1971" period="1938-2012">4.4</temperature>
                  <temperature class="normalMax" units="°C" unitType="metric">25.0</temperature>
                  <temperature class="normalMin" units="°C" unitType="metric">13.4</temperature>
                  <temperature class="normalMean" units="°C" unitType="metric">19.2</temperature>
                  <precipitation class="extremeRainfall" units="mm" unitType="metric" year="1956" period="1938-2012">30.5</precipitation>
                  <precipitation class="extremeSnowfall" units="cm" unitType="metric" year="1938" period="1938-2012">0.0</precipitation>
                  <precipitation class="extremePrecipitation" units="mm" unitType="metric" year="1956" period="1938-2012">30.5</precipitation>
                  <precipitation class="extremeSnowOnGround" units="cm" unitType="metric" year="1955" period="1955-2012">0</precipitation>
                  <pop units="%">33.0</pop>
            </day>
            <day index="24">
                  <temperature class="extremeMax" units="°C" unitType="metric" year="1948" period="1938-2012">35.0</temperature>
                  <temperature class="extremeMin" units="°C" unitType="metric" year="1971" period="1938-2012">3.3</temperature>
                  <temperature class="normalMax" units="°C" unitType="metric">24.8</temperature>
                  <temperature class="normalMin" units="°C" unitType="metric">13.3</temperature>
                  <temperature class="normalMean" units="°C" unitType="metric">19.1</temperature>
                  <precipitation class="extremeRainfall" units="mm" unitType="metric" year="1957" period="1938-2012">45.2</precipitation>
                  <precipitation class="extremeSnowfall" units="cm" unitType="metric" year="1938" period="1938-2012">0.0</precipitation>
                  <precipitation class="extremePrecipitation" units="mm" unitType="metric" year="1957" period="1938-2012">45.2</precipitation>
                  <precipitation class="extremeSnowOnGround" units="cm" unitType="metric" year="1955" period="1955-2012">0</precipitation>
                  <pop units="%">33.0</pop>
            </day>
            <day index="25">
                  <temperature class="extremeMax" units="°C" unitType="metric" year="1948" period="1938-2012">38.3</temperature>
                  <temperature class="extremeMin" units="°C" unitType="metric" year="1942" period="1938-2012">2.8</temperature>
                  <temperature class="normalMax" units="°C" unitType="metric">24.7</temperature>
                  <temperature class="normalMin" units="°C" unitType="metric">13.2</temperature>
                  <temperature class="normalMean" units="°C" unitType="metric">19.0</temperature>
                  <precipitation class="extremeRainfall" units="mm" unitType="metric" year="1982" period="1938-2012">42.0</precipitation>
                  <precipitation class="extremeSnowfall" units="cm" unitType="metric" year="1938" period="1938-2012">0.0</precipitation>
                  <precipitation class="extremePrecipitation" units="mm" unitType="metric" year="1982" period="1938-2012">42.0</precipitation>
                  <precipitation class="extremeSnowOnGround" units="cm" unitType="metric" year="1955" period="1955-2012">0</precipitation>
                  <pop units="%">33.0</pop>
            </day>
            <day index="26">
                  <temperature class="extremeMax" units="°C" unitType="metric" year="1948" period="1938-2012">36.7</temperature>
                  <temperature class="extremeMin" units="°C" unitType="metric" year="1977" period="1938-2012">6.9</temperature>
                  <temperature class="normalMax" units="°C" unitType="metric">24.6</temperature>
                  <temperature class="normalMin" units="°C" unitType="metric">13.1</temperature>
                  <temperature class="normalMean" units="°C" unitType="metric">18.9</temperature>
                  <precipitation class="extremeRainfall" units="mm" unitType="metric" year="1986" period="1938-2012">71.6</precipitation>
                  <precipitation class="extremeSnowfall" units="cm" unitType="metric" year="1938" period="1938-2012">0.0</precipitation>
                  <precipitation class="extremePrecipitation" units="mm" unitType="metric" year="1986" period="1938-2012">71.6</precipitation>
                  <precipitation class="extremeSnowOnGround" units="cm" unitType="metric" year="1955" period="1955-2012">0</precipitation>
                  <pop units="%">33.0</pop>
            </day>
            <day index="27">
                  <temperature class="extremeMax" units="°C" unitType="metric" year="1948" period="1938-2012">35.6</temperature>
                  <temperature class="extremeMin" units="°C" unitType="metric" year="1945" period="1938-2012">6.1</temperature>
                  <temperature class="normalMax" units="°C" unitType="metric">24.4</temperature>
                  <temperature class="normalMin" units="°C" unitType="metric">12.9</temperature>
                  <temperature class="normalMean" units="°C" unitType="metric">18.7</temperature>
                  <precipitation class="extremeRainfall" units="mm" unitType="metric" year="1971" period="1938-2012">36.6</precipitation>
                  <precipitation class="extremeSnowfall" units="cm" unitType="metric" year="1938" period="1938-2012">0.0</precipitation>
                  <precipitation class="extremePrecipitation" units="mm" unitType="metric" year="1971" period="1938-2012">36.6</precipitation>
                  <precipitation class="extremeSnowOnGround" units="cm" unitType="metric" year="1955" period="1955-2012">0</precipitation>
                  <pop units="%">33.0</pop>
            </day>
            <day index="28">
                  <temperature class="extremeMax" units="°C" unitType="metric" year="1948" period="1938-2012">37.2</temperature>
                  <temperature class="extremeMin" units="°C" unitType="metric" year="1986" period="1938-2012">4.1</temperature>
                  <temperature class="normalMax" units="°C" unitType="metric">24.3</temperature>
                  <temperature class="normalMin" units="°C" unitType="metric">12.8</temperature>
                  <temperature class="normalMean" units="°C" unitType="metric">18.6</temperature>
                  <precipitation class="extremeRainfall" units="mm" unitType="metric" year="1949" period="1938-2012">39.4</precipitation>
                  <precipitation class="extremeSnowfall" units="cm" unitType="metric" year="1938" period="1938-2012">0.0</precipitation>
                  <precipitation class="extremePrecipitation" units="mm" unitType="metric" year="1949" period="1938-2012">39.4</precipitation>
                  <precipitation class="extremeSnowOnGround" units="cm" unitType="metric" year="1955" period="1955-2012">0</precipitation>
                  <pop units="%">33.0</pop>
            </day>
            <day index="29">
                  <temperature class="extremeMax" units="°C" unitType="metric" year="2007" period="1938-2012">34.7</temperature>
                  <temperature class="extremeMin" units="°C" unitType="metric" year="1982" period="1938-2012">2.0</temperature>
                  <temperature class="normalMax" units="°C" unitType="metric">24.1</temperature>
                  <temperature class="normalMin" units="°C" unitType="metric">12.6</temperature>
                  <temperature class="normalMean" units="°C" unitType="metric">18.4</temperature>
                  <precipitation class="extremeRainfall" units="mm" unitType="metric" year="1956" period="1938-2012">39.1</precipitation>
                  <precipitation class="extremeSnowfall" units="cm" unitType="metric" year="1938" period="1938-2012">0.0</precipitation>
                  <precipitation class="extremePrecipitation" units="mm" unitType="metric" year="1956" period="1938-2012">39.1</precipitation>
                  <precipitation class="extremeSnowOnGround" units="cm" unitType="metric" year="1955" period="1955-2012">0</precipitation>
                  <pop units="%">33.0</pop>
            </day>
            <day index="30">
                  <temperature class="extremeMax" units="°C" unitType="metric" year="1953" period="1938-2012">35.0</temperature>
                  <temperature class="extremeMin" units="°C" unitType="metric" year="1965" period="1938-2012">1.1</temperature>
                  <temperature class="normalMax" units="°C" unitType="metric">24.0</temperature>
                  <temperature class="normalMin" units="°C" unitType="metric">12.5</temperature>
                  <temperature class="normalMean" units="°C" unitType="metric">18.3</temperature>
                  <precipitation class="extremeRainfall" units="mm" unitType="metric" year="1970" period="1938-2012">80.8</precipitation>
                  <precipitation class="extremeSnowfall" units="cm" unitType="metric" year="1938" period="1938-2012">0.0</precipitation>
                  <precipitation class="extremePrecipitation" units="mm" unitType="metric" year="1970" period="1938-2012">80.8</precipitation>
                  <precipitation class="extremeSnowOnGround" units="cm" unitType="metric" year="1955" period="1955-2012">0</precipitation>
                  <pop units="%">33.0</pop>
            </day>
            <day index="31">
                  <temperature class="extremeMax" units="°C" unitType="metric" year="2010" period="1938-2012">33.7</temperature>
                  <temperature class="extremeMin" units="°C" unitType="metric" year="1976" period="1938-2012">3.3</temperature>
                  <temperature class="normalMax" units="°C" unitType="metric">23.8</temperature>
                  <temperature class="normalMin" units="°C" unitType="metric">12.3</temperature>
                  <temperature class="normalMean" units="°C" unitType="metric">18.1</temperature>
                  <precipitation class="extremeRainfall" units="mm" unitType="metric" year="1949" period="1938-2012">43.7</precipitation>
                  <precipitation class="extremeSnowfall" units="cm" unitType="metric" year="1938" period="1938-2012">0.0</precipitation>
                  <precipitation class="extremePrecipitation" units="mm" unitType="metric" year="1949" period="1938-2012">43.7</precipitation>
                  <precipitation class="extremeSnowOnGround" units="cm" unitType="metric" year="1955" period="1955-2012">0</precipitation>
                  <pop units="%">33.0</pop>
            </day>
      </month>

      <month index="9">

            <day index="1">
                  <temperature class="extremeMax" units="°C" unitType="metric" year="1953" period="1938-2012">35.6</temperature>
                  <temperature class="extremeMin" units="°C" unitType="metric" year="1948" period="1938-2012">6.1</temperature>
                  <temperature class="normalMax" units="°C" unitType="metric">23.7</temperature>
                  <temperature class="normalMin" units="°C" unitType="metric">12.2</temperature>
                  <temperature class="normalMean" units="°C" unitType="metric">18.0</temperature>
                  <precipitation class="extremeRainfall" units="mm" unitType="metric" year="1977" period="1938-2012">17.5</precipitation>
                  <precipitation class="extremeSnowfall" units="cm" unitType="metric" year="1938" period="1938-2012">0.0</precipitation>
                  <precipitation class="extremePrecipitation" units="mm" unitType="metric" year="1977" period="1938-2012">17.5</precipitation>
                  <precipitation class="extremeSnowOnGround" units="cm" unitType="metric" year="1955" period="1955-2012">0</precipitation>
                  <pop units="%">35.0</pop>
            </day>
            <day index="2">
                  <temperature class="extremeMax" units="°C" unitType="metric" year="1953" period="1938-2012">36.7</temperature>
                  <temperature class="extremeMin" units="°C" unitType="metric" year="1946" period="1938-2012">4.4</temperature>
                  <temperature class="normalMax" units="°C" unitType="metric">23.5</temperature>
                  <temperature class="normalMin" units="°C" unitType="metric">12.0</temperature>
                  <temperature class="normalMean" units="°C" unitType="metric">17.8</temperature>
                  <precipitation class="extremeRainfall" units="mm" unitType="metric" year="1968" period="1938-2012">22.1</precipitation>
                  <precipitation class="extremeSnowfall" units="cm" unitType="metric" year="1938" period="1938-2012">0.0</precipitation>
                  <precipitation class="extremePrecipitation" units="mm" unitType="metric" year="1968" period="1938-2012">22.1</precipitation>
                  <precipitation class="extremeSnowOnGround" units="cm" unitType="metric" year="1955" period="1955-2012">0</precipitation>
                  <pop units="%">35.0</pop>
            </day>
            <day index="3">
                  <temperature class="extremeMax" units="°C" unitType="metric" year="1953" period="1938-2012">34.4</temperature>
                  <temperature class="extremeMin" units="°C" unitType="metric" year="1946" period="1938-2012">2.8</temperature>
                  <temperature class="normalMax" units="°C" unitType="metric">23.4</temperature>
                  <temperature class="normalMin" units="°C" unitType="metric">11.9</temperature>
                  <temperature class="normalMean" units="°C" unitType="metric">17.7</temperature>
                  <precipitation class="extremeRainfall" units="mm" unitType="metric" year="1988" period="1938-2012">28.0</precipitation>
                  <precipitation class="extremeSnowfall" units="cm" unitType="metric" year="1938" period="1938-2012">0.0</precipitation>
                  <precipitation class="extremePrecipitation" units="mm" unitType="metric" year="1988" period="1938-2012">28.0</precipitation>
                  <precipitation class="extremeSnowOnGround" units="cm" unitType="metric" year="1955" period="1955-2012">0</precipitation>
                  <pop units="%">35.0</pop>
            </day>
            <day index="4">
                  <temperature class="extremeMax" units="°C" unitType="metric" year="1953" period="1938-2012">35.6</temperature>
                  <temperature class="extremeMin" units="°C" unitType="metric" year="1946" period="1938-2012">2.2</temperature>
                  <temperature class="normalMax" units="°C" unitType="metric">23.2</temperature>
                  <temperature class="normalMin" units="°C" unitType="metric">11.7</temperature>
                  <temperature class="normalMean" units="°C" unitType="metric">17.5</temperature>
                  <precipitation class="extremeRainfall" units="mm" unitType="metric" year="2012" period="1938-2012">44.0</precipitation>
                  <precipitation class="extremeSnowfall" units="cm" unitType="metric" year="1938" period="1938-2012">0.0</precipitation>
                  <precipitation class="extremePrecipitation" units="mm" unitType="metric" year="2012" period="1938-2012">44.0</precipitation>
                  <precipitation class="extremeSnowOnGround" units="cm" unitType="metric" year="1955" period="1955-2012">0</precipitation>
                  <pop units="%">35.0</pop>
            </day>
            <day index="5">
                  <temperature class="extremeMax" units="°C" unitType="metric" year="1945" period="1938-2012">31.7</temperature>
                  <temperature class="extremeMin" units="°C" unitType="metric" year="1938" period="1938-2012">3.3</temperature>
                  <temperature class="normalMax" units="°C" unitType="metric">23.0</temperature>
                  <temperature class="normalMin" units="°C" unitType="metric">11.6</temperature>
                  <temperature class="normalMean" units="°C" unitType="metric">17.3</temperature>
                  <precipitation class="extremeRainfall" units="mm" unitType="metric" year="1968" period="1938-2012">19.3</precipitation>
                  <precipitation class="extremeSnowfall" units="cm" unitType="metric" year="1938" period="1938-2012">0.0</precipitation>
                  <precipitation class="extremePrecipitation" units="mm" unitType="metric" year="1968" period="1938-2012">19.3</precipitation>
                  <precipitation class="extremeSnowOnGround" units="cm" unitType="metric" year="1955" period="1955-2012">0</precipitation>
                  <pop units="%">35.0</pop>
            </day>
            <day index="6">
                  <temperature class="extremeMax" units="°C" unitType="metric" year="2007" period="1938-2012">34.4</temperature>
                  <temperature class="extremeMin" units="°C" unitType="metric" year="1938" period="1938-2012">2.2</temperature>
                  <temperature class="normalMax" units="°C" unitType="metric">22.9</temperature>
                  <temperature class="normalMin" units="°C" unitType="metric">11.4</temperature>
                  <temperature class="normalMean" units="°C" unitType="metric">17.2</temperature>
                  <precipitation class="extremeRainfall" units="mm" unitType="metric" year="1998" period="1938-2012">21.2</precipitation>
                  <precipitation class="extremeSnowfall" units="cm" unitType="metric" year="1938" period="1938-2012">0.0</precipitation>
                  <precipitation class="extremePrecipitation" units="mm" unitType="metric" year="1998" period="1938-2012">21.2</precipitation>
                  <precipitation class="extremeSnowOnGround" units="cm" unitType="metric" year="1955" period="1955-2012">0</precipitation>
                  <pop units="%">35.0</pop>
            </day>
            <day index="7">
                  <temperature class="extremeMax" units="°C" unitType="metric" year="1960" period="1938-2012">33.9</temperature>
                  <temperature class="extremeMin" units="°C" unitType="metric" year="1986" period="1938-2012">4.1</temperature>
                  <temperature class="normalMax" units="°C" unitType="metric">22.7</temperature>
                  <temperature class="normalMin" units="°C" unitType="metric">11.2</temperature>
                  <temperature class="normalMean" units="°C" unitType="metric">17.0</temperature>
                  <precipitation class="extremeRainfall" units="mm" unitType="metric" year="1996" period="1938-2012">66.4</precipitation>
                  <precipitation class="extremeSnowfall" units="cm" unitType="metric" year="1938" period="1938-2012">0.0</precipitation>
                  <precipitation class="extremePrecipitation" units="mm" unitType="metric" year="1996" period="1938-2012">66.4</precipitation>
                  <precipitation class="extremeSnowOnGround" units="cm" unitType="metric" year="1955" period="1955-2012">0</precipitation>
                  <pop units="%">35.0</pop>
            </day>
            <day index="8">
                  <temperature class="extremeMax" units="°C" unitType="metric" year="1959" period="1938-2012">35.0</temperature>
                  <temperature class="extremeMin" units="°C" unitType="metric" year="1986" period="1938-2012">2.6</temperature>
                  <temperature class="normalMax" units="°C" unitType="metric">22.5</temperature>
                  <temperature class="normalMin" units="°C" unitType="metric">11.0</temperature>
                  <temperature class="normalMean" units="°C" unitType="metric">16.8</temperature>
                  <precipitation class="extremeRainfall" units="mm" unitType="metric" year="2012" period="1938-2012">30.2</precipitation>
                  <precipitation class="extremeSnowfall" units="cm" unitType="metric" year="1938" period="1938-2012">0.0</precipitation>
                  <precipitation class="extremePrecipitation" units="mm" unitType="metric" year="2012" period="1938-2012">30.2</precipitation>
                  <precipitation class="extremeSnowOnGround" units="cm" unitType="metric" year="1955" period="1955-2012">0</precipitation>
                  <pop units="%">35.0</pop>
            </day>
            <day index="9">
                  <temperature class="extremeMax" units="°C" unitType="metric" year="1959" period="1938-2012">33.9</temperature>
                  <temperature class="extremeMin" units="°C" unitType="metric" year="1979" period="1938-2012">2.9</temperature>
                  <temperature class="normalMax" units="°C" unitType="metric">22.3</temperature>
                  <temperature class="normalMin" units="°C" unitType="metric">10.9</temperature>
                  <temperature class="normalMean" units="°C" unitType="metric">16.6</temperature>
                  <precipitation class="extremeRainfall" units="mm" unitType="metric" year="2004" period="1938-2012">16.8</precipitation>
                  <precipitation class="extremeSnowfall" units="cm" unitType="metric" year="1938" period="1938-2012">0.0</precipitation>
                  <precipitation class="extremePrecipitation" units="mm" unitType="metric" year="2004" period="1938-2012">16.8</precipitation>
                  <precipitation class="extremeSnowOnGround" units="cm" unitType="metric" year="1955" period="1955-2012">0</precipitation>
                  <pop units="%">35.0</pop>
            </day>
            <day index="10">
                  <temperature class="extremeMax" units="°C" unitType="metric" year="2002" period="1938-2012">34.8</temperature>
                  <temperature class="extremeMin" units="°C" unitType="metric" year="1975" period="1938-2012">1.7</temperature>
                  <temperature class="normalMax" units="°C" unitType="metric">22.2</temperature>
                  <temperature class="normalMin" units="°C" unitType="metric">10.7</temperature>
                  <temperature class="normalMean" units="°C" unitType="metric">16.5</temperature>
                  <precipitation class="extremeRainfall" units="mm" unitType="metric" year="1986" period="1938-2012">63.1</precipitation>
                  <precipitation class="extremeSnowfall" units="cm" unitType="metric" year="1938" period="1938-2012">0.0</precipitation>
                  <precipitation class="extremePrecipitation" units="mm" unitType="metric" year="1986" period="1938-2012">63.1</precipitation>
                  <precipitation class="extremeSnowOnGround" units="cm" unitType="metric" year="1955" period="1955-2012">0</precipitation>
                  <pop units="%">35.0</pop>
            </day>
            <day index="11">
                  <temperature class="extremeMax" units="°C" unitType="metric" year="1952" period="1938-2012">33.9</temperature>
                  <temperature class="extremeMin" units="°C" unitType="metric" year="1979" period="1938-2012">2.5</temperature>
                  <temperature class="normalMax" units="°C" unitType="metric">22.0</temperature>
                  <temperature class="normalMin" units="°C" unitType="metric">10.5</temperature>
                  <temperature class="normalMean" units="°C" unitType="metric">16.3</temperature>
                  <precipitation class="extremeRainfall" units="mm" unitType="metric" year="1975" period="1938-2012">25.1</precipitation>
                  <precipitation class="extremeSnowfall" units="cm" unitType="metric" year="1938" period="1938-2012">0.0</precipitation>
                  <precipitation class="extremePrecipitation" units="mm" unitType="metric" year="1975" period="1938-2012">25.1</precipitation>
                  <precipitation class="extremeSnowOnGround" units="cm" unitType="metric" year="1955" period="1955-2012">0</precipitation>
                  <pop units="%">35.0</pop>
            </day>
            <day index="12">
                  <temperature class="extremeMax" units="°C" unitType="metric" year="1952" period="1938-2012">34.4</temperature>
                  <temperature class="extremeMin" units="°C" unitType="metric" year="1943" period="1938-2012">1.7</temperature>
                  <temperature class="normalMax" units="°C" unitType="metric">21.8</temperature>
                  <temperature class="normalMin" units="°C" unitType="metric">10.3</temperature>
                  <temperature class="normalMean" units="°C" unitType="metric">16.1</temperature>
                  <precipitation class="extremeRainfall" units="mm" unitType="metric" year="1963" period="1938-2012">23.1</precipitation>
                  <precipitation class="extremeSnowfall" units="cm" unitType="metric" year="1938" period="1938-2012">0.0</precipitation>
                  <precipitation class="extremePrecipitation" units="mm" unitType="metric" year="1963" period="1938-2012">23.1</precipitation>
                  <precipitation class="extremeSnowOnGround" units="cm" unitType="metric" year="1955" period="1955-2012">0</precipitation>
                  <pop units="%">35.0</pop>
            </day>
            <day index="13">
                  <temperature class="extremeMax" units="°C" unitType="metric" year="1952" period="1938-2012">35.0</temperature>
                  <temperature class="extremeMin" units="°C" unitType="metric" year="1964" period="1938-2012">1.7</temperature>
                  <temperature class="normalMax" units="°C" unitType="metric">21.6</temperature>
                  <temperature class="normalMin" units="°C" unitType="metric">10.2</temperature>
                  <temperature class="normalMean" units="°C" unitType="metric">15.9</temperature>
                  <precipitation class="extremeRainfall" units="mm" unitType="metric" year="1987" period="1938-2012">36.0</precipitation>
                  <precipitation class="extremeSnowfall" units="cm" unitType="metric" year="1938" period="1938-2012">0.0</precipitation>
                  <precipitation class="extremePrecipitation" units="mm" unitType="metric" year="1987" period="1938-2012">36.0</precipitation>
                  <precipitation class="extremeSnowOnGround" units="cm" unitType="metric" year="1955" period="1955-2012">0</precipitation>
                  <pop units="%">35.0</pop>
            </day>
            <day index="14">
                  <temperature class="extremeMax" units="°C" unitType="metric" year="2005" period="1938-2012">30.3</temperature>
                  <temperature class="extremeMin" units="°C" unitType="metric" year="1975" period="1938-2012">1.1</temperature>
                  <temperature class="normalMax" units="°C" unitType="metric">21.4</temperature>
                  <temperature class="normalMin" units="°C" unitType="metric">10.0</temperature>
                  <temperature class="normalMean" units="°C" unitType="metric">15.7</temperature>
                  <precipitation class="extremeRainfall" units="mm" unitType="metric" year="1982" period="1938-2012">57.1</precipitation>
                  <precipitation class="extremeSnowfall" units="cm" unitType="metric" year="1938" period="1938-2012">0.0</precipitation>
                  <precipitation class="extremePrecipitation" units="mm" unitType="metric" year="1982" period="1938-2012">57.1</precipitation>
                  <precipitation class="extremeSnowOnGround" units="cm" unitType="metric" year="1955" period="1955-2012">0</precipitation>
                  <pop units="%">35.0</pop>
            </day>
            <day index="15">
                  <temperature class="extremeMax" units="°C" unitType="metric" year="1991" period="1938-2012">32.5</temperature>
                  <temperature class="extremeMin" units="°C" unitType="metric" year="1964" period="1938-2012">0.0</temperature>
                  <temperature class="normalMax" units="°C" unitType="metric">21.2</temperature>
                  <temperature class="normalMin" units="°C" unitType="metric">9.8</temperature>
                  <temperature class="normalMean" units="°C" unitType="metric">15.5</temperature>
                  <precipitation class="extremeRainfall" units="mm" unitType="metric" year="1957" period="1938-2012">54.1</precipitation>
                  <precipitation class="extremeSnowfall" units="cm" unitType="metric" year="1938" period="1938-2012">0.0</precipitation>
                  <precipitation class="extremePrecipitation" units="mm" unitType="metric" year="1957" period="1938-2012">54.1</precipitation>
                  <precipitation class="extremeSnowOnGround" units="cm" unitType="metric" year="1955" period="1955-2012">0</precipitation>
                  <pop units="%">35.0</pop>
            </day>
            <day index="16">
                  <temperature class="extremeMax" units="°C" unitType="metric" year="1941" period="1938-2012">31.7</temperature>
                  <temperature class="extremeMin" units="°C" unitType="metric" year="1964" period="1938-2012">-0.6</temperature>
                  <temperature class="normalMax" units="°C" unitType="metric">21.0</temperature>
                  <temperature class="normalMin" units="°C" unitType="metric">9.6</temperature>
                  <temperature class="normalMean" units="°C" unitType="metric">15.3</temperature>
                  <precipitation class="extremeRainfall" units="mm" unitType="metric" year="1983" period="1938-2012">28.9</precipitation>
                  <precipitation class="extremeSnowfall" units="cm" unitType="metric" year="1938" period="1938-2012">0.0</precipitation>
                  <precipitation class="extremePrecipitation" units="mm" unitType="metric" year="1983" period="1938-2012">28.9</precipitation>
                  <precipitation class="extremeSnowOnGround" units="cm" unitType="metric" year="1955" period="1955-2012">0</precipitation>
                  <pop units="%">35.0</pop>
            </day>
            <day index="17">
                  <temperature class="extremeMax" units="°C" unitType="metric" year="1948" period="1938-2012">31.7</temperature>
                  <temperature class="extremeMin" units="°C" unitType="metric" year="1973" period="1938-2012">-1.1</temperature>
                  <temperature class="normalMax" units="°C" unitType="metric">20.8</temperature>
                  <temperature class="normalMin" units="°C" unitType="metric">9.4</temperature>
                  <temperature class="normalMean" units="°C" unitType="metric">15.1</temperature>
                  <precipitation class="extremeRainfall" units="mm" unitType="metric" year="1976" period="1938-2012">35.3</precipitation>
                  <precipitation class="extremeSnowfall" units="cm" unitType="metric" year="1938" period="1938-2012">0.0</precipitation>
                  <precipitation class="extremePrecipitation" units="mm" unitType="metric" year="1976" period="1938-2012">35.3</precipitation>
                  <precipitation class="extremeSnowOnGround" units="cm" unitType="metric" year="1955" period="1955-2012">0</precipitation>
                  <pop units="%">35.0</pop>
            </day>
            <day index="18">
                  <temperature class="extremeMax" units="°C" unitType="metric" year="1955" period="1938-2012">32.2</temperature>
                  <temperature class="extremeMin" units="°C" unitType="metric" year="1943" period="1938-2012">0.0</temperature>
                  <temperature class="normalMax" units="°C" unitType="metric">20.6</temperature>
                  <temperature class="normalMin" units="°C" unitType="metric">9.2</temperature>
                  <temperature class="normalMean" units="°C" unitType="metric">14.9</temperature>
                  <precipitation class="extremeRainfall" units="mm" unitType="metric" year="1948" period="1938-2012">108.0</precipitation>
                  <precipitation class="extremeSnowfall" units="cm" unitType="metric" year="1938" period="1938-2012">0.0</precipitation>
                  <precipitation class="extremePrecipitation" units="mm" unitType="metric" year="1948" period="1938-2012">108.0</precipitation>
                  <precipitation class="extremeSnowOnGround" units="cm" unitType="metric" year="1955" period="1955-2012">0</precipitation>
                  <pop units="%">35.0</pop>
            </day>
            <day index="19">
                  <temperature class="extremeMax" units="°C" unitType="metric" year="1955" period="1938-2012">32.2</temperature>
                  <temperature class="extremeMin" units="°C" unitType="metric" year="1943" period="1938-2012">2.2</temperature>
                  <temperature class="normalMax" units="°C" unitType="metric">20.4</temperature>
                  <temperature class="normalMin" units="°C" unitType="metric">9.0</temperature>
                  <temperature class="normalMean" units="°C" unitType="metric">14.7</temperature>
                  <precipitation class="extremeRainfall" units="mm" unitType="metric" year="2003" period="1938-2012">32.4</precipitation>
                  <precipitation class="extremeSnowfall" units="cm" unitType="metric" year="1938" period="1938-2012">0.0</precipitation>
                  <precipitation class="extremePrecipitation" units="mm" unitType="metric" year="2003" period="1938-2012">32.4</precipitation>
                  <precipitation class="extremeSnowOnGround" units="cm" unitType="metric" year="1955" period="1955-2012">0</precipitation>
                  <pop units="%">35.0</pop>
            </day>
            <day index="20">
                  <temperature class="extremeMax" units="°C" unitType="metric" year="1940" period="1938-2012">30.0</temperature>
                  <temperature class="extremeMin" units="°C" unitType="metric" year="1979" period="1938-2012">-0.6</temperature>
                  <temperature class="normalMax" units="°C" unitType="metric">20.1</temperature>
                  <temperature class="normalMin" units="°C" unitType="metric">8.8</temperature>
                  <temperature class="normalMean" units="°C" unitType="metric">14.5</temperature>
                  <precipitation class="extremeRainfall" units="mm" unitType="metric" year="1986" period="1938-2012">12.7</precipitation>
                  <precipitation class="extremeSnowfall" units="cm" unitType="metric" year="1938" period="1938-2012">0.0</precipitation>
                  <precipitation class="extremePrecipitation" units="mm" unitType="metric" year="1986" period="1938-2012">12.7</precipitation>
                  <precipitation class="extremeSnowOnGround" units="cm" unitType="metric" year="1955" period="1955-2012">0</precipitation>
                  <pop units="%">35.0</pop>
            </day>
            <day index="21">
                  <temperature class="extremeMax" units="°C" unitType="metric" year="1965" period="1938-2012">31.1</temperature>
                  <temperature class="extremeMin" units="°C" unitType="metric" year="1973" period="1938-2012">-1.7</temperature>
                  <temperature class="normalMax" units="°C" unitType="metric">19.9</temperature>
                  <temperature class="normalMin" units="°C" unitType="metric">8.6</temperature>
                  <temperature class="normalMean" units="°C" unitType="metric">14.3</temperature>
                  <precipitation class="extremeRainfall" units="mm" unitType="metric" year="1967" period="1938-2012">31.8</precipitation>
                  <precipitation class="extremeSnowfall" units="cm" unitType="metric" year="1938" period="1938-2012">0.0</precipitation>
                  <precipitation class="extremePrecipitation" units="mm" unitType="metric" year="1967" period="1938-2012">31.8</precipitation>
                  <precipitation class="extremeSnowOnGround" units="cm" unitType="metric" year="1955" period="1955-2012">0</precipitation>
                  <pop units="%">35.0</pop>
            </day>
            <day index="22">
                  <temperature class="extremeMax" units="°C" unitType="metric" year="1941" period="1938-2012">31.7</temperature>
                  <temperature class="extremeMin" units="°C" unitType="metric" year="1974" period="1938-2012">-0.6</temperature>
                  <temperature class="normalMax" units="°C" unitType="metric">19.7</temperature>
                  <temperature class="normalMin" units="°C" unitType="metric">8.5</temperature>
                  <temperature class="normalMean" units="°C" unitType="metric">14.1</temperature>
                  <precipitation class="extremeRainfall" units="mm" unitType="metric" year="1938" period="1938-2012">41.9</precipitation>
                  <precipitation class="extremeSnowfall" units="cm" unitType="metric" year="1938" period="1938-2012">0.0</precipitation>
                  <precipitation class="extremePrecipitation" units="mm" unitType="metric" year="1938" period="1938-2012">41.9</precipitation>
                  <precipitation class="extremeSnowOnGround" units="cm" unitType="metric" year="1955" period="1955-2012">0</precipitation>
                  <pop units="%">35.0</pop>
            </day>
            <day index="23">
                  <temperature class="extremeMax" units="°C" unitType="metric" year="1959" period="1938-2012">30.6</temperature>
                  <temperature class="extremeMin" units="°C" unitType="metric" year="1974" period="1938-2012">-1.1</temperature>
                  <temperature class="normalMax" units="°C" unitType="metric">19.5</temperature>
                  <temperature class="normalMin" units="°C" unitType="metric">8.3</temperature>
                  <temperature class="normalMean" units="°C" unitType="metric">13.9</temperature>
                  <precipitation class="extremeRainfall" units="mm" unitType="metric" year="2011" period="1938-2012">22.2</precipitation>
                  <precipitation class="extremeSnowfall" units="cm" unitType="metric" year="1938" period="1938-2012">0.0</precipitation>
                  <precipitation class="extremePrecipitation" units="mm" unitType="metric" year="2011" period="1938-2012">22.2</precipitation>
                  <precipitation class="extremeSnowOnGround" units="cm" unitType="metric" year="1955" period="1955-2012">0</precipitation>
                  <pop units="%">35.0</pop>
            </day>
            <day index="24">
                  <temperature class="extremeMax" units="°C" unitType="metric" year="2010" period="1938-2012">30.8</temperature>
                  <temperature class="extremeMin" units="°C" unitType="metric" year="1974" period="1940-2012">-2.2</temperature>
                  <temperature class="normalMax" units="°C" unitType="metric">19.2</temperature>
                  <temperature class="normalMin" units="°C" unitType="metric">8.0</temperature>
                  <temperature class="normalMean" units="°C" unitType="metric">13.6</temperature>
                  <precipitation class="extremeRainfall" units="mm" unitType="metric" year="1977" period="1938-2012">49.4</precipitation>
                  <precipitation class="extremeSnowfall" units="cm" unitType="metric" year="1938" period="1938-2012">0.0</precipitation>
                  <precipitation class="extremePrecipitation" units="mm" unitType="metric" year="1977" period="1938-2012">49.4</precipitation>
                  <precipitation class="extremeSnowOnGround" units="cm" unitType="metric" year="1955" period="1955-2012">0</precipitation>
                  <pop units="%">35.0</pop>
            </day>
            <day index="25">
                  <temperature class="extremeMax" units="°C" unitType="metric" year="2007" period="1938-2012">33.8</temperature>
                  <temperature class="extremeMin" units="°C" unitType="metric" year="1949" period="1938-2012">0.0</temperature>
                  <temperature class="normalMax" units="°C" unitType="metric">19.0</temperature>
                  <temperature class="normalMin" units="°C" unitType="metric">7.8</temperature>
                  <temperature class="normalMean" units="°C" unitType="metric">13.4</temperature>
                  <precipitation class="extremeRainfall" units="mm" unitType="metric" year="1945" period="1938-2012">26.9</precipitation>
                  <precipitation class="extremeSnowfall" units="cm" unitType="metric" year="1938" period="1938-2012">0.0</precipitation>
                  <precipitation class="extremePrecipitation" units="mm" unitType="metric" year="1945" period="1938-2012">26.9</precipitation>
                  <precipitation class="extremeSnowOnGround" units="cm" unitType="metric" year="1955" period="1955-2012">0</precipitation>
                  <pop units="%">35.0</pop>
            </day>
            <day index="26">
                  <temperature class="extremeMax" units="°C" unitType="metric" year="1998" period="1938-2012">29.6</temperature>
                  <temperature class="extremeMin" units="°C" unitType="metric" year="1965" period="1938-2012">-3.3</temperature>
                  <temperature class="normalMax" units="°C" unitType="metric">18.8</temperature>
                  <temperature class="normalMin" units="°C" unitType="metric">7.6</temperature>
                  <temperature class="normalMean" units="°C" unitType="metric">13.2</temperature>
                  <precipitation class="extremeRainfall" units="mm" unitType="metric" year="2005" period="1938-2012">28.8</precipitation>
                  <precipitation class="extremeSnowfall" units="cm" unitType="metric" year="1938" period="1938-2012">0.0</precipitation>
                  <precipitation class="extremePrecipitation" units="mm" unitType="metric" year="2005" period="1938-2012">28.8</precipitation>
                  <precipitation class="extremeSnowOnGround" units="cm" unitType="metric" year="1955" period="1955-2012">0</precipitation>
                  <pop units="%">35.0</pop>
            </day>
            <day index="27">
                  <temperature class="extremeMax" units="°C" unitType="metric" year="1973" period="1938-2012">27.2</temperature>
                  <temperature class="extremeMin" units="°C" unitType="metric" year="1965" period="1938-2012">-3.9</temperature>
                  <temperature class="normalMax" units="°C" unitType="metric">18.5</temperature>
                  <temperature class="normalMin" units="°C" unitType="metric">7.4</temperature>
                  <temperature class="normalMean" units="°C" unitType="metric">13.0</temperature>
                  <precipitation class="extremeRainfall" units="mm" unitType="metric" year="1949" period="1938-2012">36.8</precipitation>
                  <precipitation class="extremeSnowfall" units="cm" unitType="metric" year="1938" period="1938-2012">0.0</precipitation>
                  <precipitation class="extremePrecipitation" units="mm" unitType="metric" year="1949" period="1938-2012">36.8</precipitation>
                  <precipitation class="extremeSnowOnGround" units="cm" unitType="metric" year="1955" period="1955-2012">0</precipitation>
                  <pop units="%">35.0</pop>
            </day>
            <day index="28">
                  <temperature class="extremeMax" units="°C" unitType="metric" year="1959" period="1938-2012">29.4</temperature>
                  <temperature class="extremeMin" units="°C" unitType="metric" year="1947" period="1938-2012">-2.2</temperature>
                  <temperature class="normalMax" units="°C" unitType="metric">18.3</temperature>
                  <temperature class="normalMin" units="°C" unitType="metric">7.2</temperature>
                  <temperature class="normalMean" units="°C" unitType="metric">12.8</temperature>
                  <precipitation class="extremeRainfall" units="mm" unitType="metric" year="1962" period="1938-2012">44.2</precipitation>
                  <precipitation class="extremeSnowfall" units="cm" unitType="metric" year="1938" period="1938-2012">0.0</precipitation>
                  <precipitation class="extremePrecipitation" units="mm" unitType="metric" year="1962" period="1938-2012">44.2</precipitation>
                  <precipitation class="extremeSnowOnGround" units="cm" unitType="metric" year="1955" period="1955-2012">0</precipitation>
                  <pop units="%">35.0</pop>
            </day>
            <day index="29">
                  <temperature class="extremeMax" units="°C" unitType="metric" year="1952" period="1938-2012">26.7</temperature>
                  <temperature class="extremeMin" units="°C" unitType="metric" year="1942" period="1938-2012">-1.1</temperature>
                  <temperature class="normalMax" units="°C" unitType="metric">18.1</temperature>
                  <temperature class="normalMin" units="°C" unitType="metric">7.0</temperature>
                  <temperature class="normalMean" units="°C" unitType="metric">12.6</temperature>
                  <precipitation class="extremeRainfall" units="mm" unitType="metric" year="1986" period="1938-2012">54.6</precipitation>
                  <precipitation class="extremeSnowfall" units="cm" unitType="metric" year="1938" period="1938-2012">0.0</precipitation>
                  <precipitation class="extremePrecipitation" units="mm" unitType="metric" year="1986" period="1938-2012">54.6</precipitation>
                  <precipitation class="extremeSnowOnGround" units="cm" unitType="metric" year="1955" period="1955-2012">0</precipitation>
                  <pop units="%">35.0</pop>
            </day>
            <day index="30">
                  <temperature class="extremeMax" units="°C" unitType="metric" year="1954" period="1938-2012">27.2</temperature>
                  <temperature class="extremeMin" units="°C" unitType="metric" year="1993" period="1938-2012">-1.2</temperature>
                  <temperature class="normalMax" units="°C" unitType="metric">17.8</temperature>
                  <temperature class="normalMin" units="°C" unitType="metric">6.8</temperature>
                  <temperature class="normalMean" units="°C" unitType="metric">12.3</temperature>
                  <precipitation class="extremeRainfall" units="mm" unitType="metric" year="1959" period="1938-2012">18.5</precipitation>
                  <precipitation class="extremeSnowfall" units="cm" unitType="metric" year="1938" period="1938-2012">0.0</precipitation>
                  <precipitation class="extremePrecipitation" units="mm" unitType="metric" year="1959" period="1938-2012">18.5</precipitation>
                  <precipitation class="extremeSnowOnGround" units="cm" unitType="metric" year="1955" period="1955-2012">0</precipitation>
                  <pop units="%">35.0</pop>
            </day>
      </month>

      <month index="10">

            <day index="1">
                  <temperature class="extremeMax" units="°C" unitType="metric" year="2002" period="1938-2012">29.5</temperature>
                  <temperature class="extremeMin" units="°C" unitType="metric" year="1947" period="1938-2012">-1.7</temperature>
                  <temperature class="normalMax" units="°C" unitType="metric">17.6</temperature>
                  <temperature class="normalMin" units="°C" unitType="metric">6.6</temperature>
                  <temperature class="normalMean" units="°C" unitType="metric">12.1</temperature>
                  <precipitation class="extremeRainfall" units="mm" unitType="metric" year="1977" period="1938-2012">30.3</precipitation>
                  <precipitation class="extremeSnowfall" units="cm" unitType="metric" year="1938" period="1938-2012">0.0</precipitation>
                  <precipitation class="extremePrecipitation" units="mm" unitType="metric" year="1977" period="1938-2012">30.3</precipitation>
                  <precipitation class="extremeSnowOnGround" units="cm" unitType="metric" year="1955" period="1955-2012">0</precipitation>
                  <pop units="%">39.0</pop>
            </day>
            <day index="2">
                  <temperature class="extremeMax" units="°C" unitType="metric" year="1971" period="1938-2012">28.3</temperature>
                  <temperature class="extremeMin" units="°C" unitType="metric" year="1974" period="1938-2012">-3.3</temperature>
                  <temperature class="normalMax" units="°C" unitType="metric">17.3</temperature>
                  <temperature class="normalMin" units="°C" unitType="metric">6.4</temperature>
                  <temperature class="normalMean" units="°C" unitType="metric">11.9</temperature>
                  <precipitation class="extremeRainfall" units="mm" unitType="metric" year="1973" period="1938-2012">27.9</precipitation>
                  <precipitation class="extremeSnowfall" units="cm" unitType="metric" year="1938" period="1938-2012">0.0</precipitation>
                  <precipitation class="extremePrecipitation" units="mm" unitType="metric" year="1973" period="1938-2012">27.9</precipitation>
                  <precipitation class="extremeSnowOnGround" units="cm" unitType="metric" year="1955" period="1955-2012">0</precipitation>
                  <pop units="%">39.0</pop>
            </day>
            <day index="3">
                  <temperature class="extremeMax" units="°C" unitType="metric" year="2001" period="1938-2012">27.1</temperature>
                  <temperature class="extremeMin" units="°C" unitType="metric" year="1974" period="1938-2012">-5.0</temperature>
                  <temperature class="normalMax" units="°C" unitType="metric">17.0</temperature>
                  <temperature class="normalMin" units="°C" unitType="metric">6.2</temperature>
                  <temperature class="normalMean" units="°C" unitType="metric">11.6</temperature>
                  <precipitation class="extremeRainfall" units="mm" unitType="metric" year="1980" period="1938-2012">18.4</precipitation>
                  <precipitation class="extremeSnowfall" units="cm" unitType="metric" year="1938" period="1938-2012">0.0</precipitation>
                  <precipitation class="extremePrecipitation" units="mm" unitType="metric" year="1980" period="1938-2012">18.4</precipitation>
                  <precipitation class="extremeSnowOnGround" units="cm" unitType="metric" year="1955" period="1955-2012">0</precipitation>
                  <pop units="%">39.0</pop>
            </day>
            <day index="4">
                  <temperature class="extremeMax" units="°C" unitType="metric" year="1951" period="1938-2012">27.2</temperature>
                  <temperature class="extremeMin" units="°C" unitType="metric" year="1974" period="1938-2012">-3.3</temperature>
                  <temperature class="normalMax" units="°C" unitType="metric">16.8</temperature>
                  <temperature class="normalMin" units="°C" unitType="metric">5.9</temperature>
                  <temperature class="normalMean" units="°C" unitType="metric">11.4</temperature>
                  <precipitation class="extremeRainfall" units="mm" unitType="metric" year="1979" period="1938-2012">20.1</precipitation>
                  <precipitation class="extremeSnowfall" units="cm" unitType="metric" year="1938" period="1938-2012">0.0</precipitation>
                  <precipitation class="extremePrecipitation" units="mm" unitType="metric" year="1979" period="1938-2012">20.1</precipitation>
                  <precipitation class="extremeSnowOnGround" units="cm" unitType="metric" year="1955" period="1955-2012">0</precipitation>
                  <pop units="%">39.0</pop>
            </day>
            <day index="5">
                  <temperature class="extremeMax" units="°C" unitType="metric" year="1951" period="1938-2012">30.6</temperature>
                  <temperature class="extremeMin" units="°C" unitType="metric" year="1965" period="1938-2012">-4.4</temperature>
                  <temperature class="normalMax" units="°C" unitType="metric">16.5</temperature>
                  <temperature class="normalMin" units="°C" unitType="metric">5.7</temperature>
                  <temperature class="normalMean" units="°C" unitType="metric">11.1</temperature>
                  <precipitation class="extremeRainfall" units="mm" unitType="metric" year="1995" period="1938-2012">64.8</precipitation>
                  <precipitation class="extremeSnowfall" units="cm" unitType="metric" year="1938" period="1938-2012">0.0</precipitation>
                  <precipitation class="extremePrecipitation" units="mm" unitType="metric" year="1995" period="1938-2012">64.8</precipitation>
                  <precipitation class="extremeSnowOnGround" units="cm" unitType="metric" year="1955" period="1955-2012">0</precipitation>
                  <pop units="%">39.0</pop>
            </day>
            <day index="6">
                  <temperature class="extremeMax" units="°C" unitType="metric" year="1963" period="1938-2012">29.4</temperature>
                  <temperature class="extremeMin" units="°C" unitType="metric" year="1964" period="1938-2012">-6.7</temperature>
                  <temperature class="normalMax" units="°C" unitType="metric">16.3</temperature>
                  <temperature class="normalMin" units="°C" unitType="metric">5.5</temperature>
                  <temperature class="normalMean" units="°C" unitType="metric">10.9</temperature>
                  <precipitation class="extremeRainfall" units="mm" unitType="metric" year="1972" period="1938-2012">20.3</precipitation>
                  <precipitation class="extremeSnowfall" units="cm" unitType="metric" year="1938" period="1938-2012">0.0</precipitation>
                  <precipitation class="extremePrecipitation" units="mm" unitType="metric" year="1972" period="1938-2012">20.3</precipitation>
                  <precipitation class="extremeSnowOnGround" units="cm" unitType="metric" year="1955" period="1955-2012">0</precipitation>
                  <pop units="%">39.0</pop>
            </day>
            <day index="7">
                  <temperature class="extremeMax" units="°C" unitType="metric" year="1946" period="1938-2012">29.4</temperature>
                  <temperature class="extremeMin" units="°C" unitType="metric" year="1964" period="1938-2012">-7.2</temperature>
                  <temperature class="normalMax" units="°C" unitType="metric">16.1</temperature>
                  <temperature class="normalMin" units="°C" unitType="metric">5.3</temperature>
                  <temperature class="normalMean" units="°C" unitType="metric">10.7</temperature>
                  <precipitation class="extremeRainfall" units="mm" unitType="metric" year="1965" period="1938-2012">22.6</precipitation>
                  <precipitation class="extremeSnowfall" units="cm" unitType="metric" year="1938" period="1938-2012">0.0</precipitation>
                  <precipitation class="extremePrecipitation" units="mm" unitType="metric" year="1965" period="1938-2012">22.6</precipitation>
                  <precipitation class="extremeSnowOnGround" units="cm" unitType="metric" year="1955" period="1955-2012">0</precipitation>
                  <pop units="%">39.0</pop>
            </day>
            <day index="8">
                  <temperature class="extremeMax" units="°C" unitType="metric" year="2007" period="1938-2012">31.6</temperature>
                  <temperature class="extremeMin" units="°C" unitType="metric" year="1953" period="1938-2012">-2.2</temperature>
                  <temperature class="normalMax" units="°C" unitType="metric">15.8</temperature>
                  <temperature class="normalMin" units="°C" unitType="metric">5.2</temperature>
                  <temperature class="normalMean" units="°C" unitType="metric">10.5</temperature>
                  <precipitation class="extremeRainfall" units="mm" unitType="metric" year="1977" period="1938-2012">20.5</precipitation>
                  <precipitation class="extremeSnowfall" units="cm" unitType="metric" year="1938" period="1938-2012">0.0</precipitation>
                  <precipitation class="extremePrecipitation" units="mm" unitType="metric" year="1977" period="1938-2012">20.5</precipitation>
                  <precipitation class="extremeSnowOnGround" units="cm" unitType="metric" year="1955" period="1955-2012">0</precipitation>
                  <pop units="%">39.0</pop>
            </day>
            <day index="9">
                  <temperature class="extremeMax" units="°C" unitType="metric" year="1949" period="1938-2012">28.3</temperature>
                  <temperature class="extremeMin" units="°C" unitType="metric" year="1972" period="1938-2012">-1.7</temperature>
                  <temperature class="normalMax" units="°C" unitType="metric">15.6</temperature>
                  <temperature class="normalMin" units="°C" unitType="metric">5.0</temperature>
                  <temperature class="normalMean" units="°C" unitType="metric">10.3</temperature>
                  <precipitation class="extremeRainfall" units="mm" unitType="metric" year="1950" period="1938-2012">39.4</precipitation>
                  <precipitation class="extremeSnowfall" units="cm" unitType="metric" year="1976" period="1938-2012">0.8</precipitation>
                  <precipitation class="extremePrecipitation" units="mm" unitType="metric" year="1950" period="1938-2012">39.4</precipitation>
                  <precipitation class="extremeSnowOnGround" units="cm" unitType="metric" year="1955" period="1955-2012">0</precipitation>
                  <pop units="%">39.0</pop>
            </day>
            <day index="10">
                  <temperature class="extremeMax" units="°C" unitType="metric" year="1949" period="1938-2012">26.1</temperature>
                  <temperature class="extremeMin" units="°C" unitType="metric" year="1972" period="1938-2012">-5.0</temperature>
                  <temperature class="normalMax" units="°C" unitType="metric">15.3</temperature>
                  <temperature class="normalMin" units="°C" unitType="metric">4.8</temperature>
                  <temperature class="normalMean" units="°C" unitType="metric">10.1</temperature>
                  <precipitation class="extremeRainfall" units="mm" unitType="metric" year="1989" period="1938-2012">13.6</precipitation>
                  <precipitation class="extremeSnowfall" units="cm" unitType="metric" year="1964" period="1938-2012">0.8</precipitation>
                  <precipitation class="extremePrecipitation" units="mm" unitType="metric" year="1989" period="1938-2012">13.6</precipitation>
                  <precipitation class="extremeSnowOnGround" units="cm" unitType="metric" year="1955" period="1955-2012">0</precipitation>
                  <pop units="%">39.0</pop>
            </day>
            <day index="11">
                  <temperature class="extremeMax" units="°C" unitType="metric" year="1938" period="1938-2012">28.9</temperature>
                  <temperature class="extremeMin" units="°C" unitType="metric" year="1964" period="1938-2012">-5.6</temperature>
                  <temperature class="normalMax" units="°C" unitType="metric">15.1</temperature>
                  <temperature class="normalMin" units="°C" unitType="metric">4.6</temperature>
                  <temperature class="normalMean" units="°C" unitType="metric">9.9</temperature>
                  <precipitation class="extremeRainfall" units="mm" unitType="metric" year="1949" period="1938-2012">26.7</precipitation>
                  <precipitation class="extremeSnowfall" units="cm" unitType="metric" year="1938" period="1938-2012">0.0</precipitation>
                  <precipitation class="extremePrecipitation" units="mm" unitType="metric" year="1949" period="1938-2012">26.7</precipitation>
                  <precipitation class="extremeSnowOnGround" units="cm" unitType="metric" year="1955" period="1955-2012">0</precipitation>
                  <pop units="%">39.0</pop>
            </day>
            <day index="12">
                  <temperature class="extremeMax" units="°C" unitType="metric" year="1995" period="1938-2012">27.0</temperature>
                  <temperature class="extremeMin" units="°C" unitType="metric" year="1952" period="1938-2012">-1.1</temperature>
                  <temperature class="normalMax" units="°C" unitType="metric">14.8</temperature>
                  <temperature class="normalMin" units="°C" unitType="metric">4.4</temperature>
                  <temperature class="normalMean" units="°C" unitType="metric">9.6</temperature>
                  <precipitation class="extremeRainfall" units="mm" unitType="metric" year="2011" period="1938-2012">23.6</precipitation>
                  <precipitation class="extremeSnowfall" units="cm" unitType="metric" year="1938" period="1938-2012">0.0</precipitation>
                  <precipitation class="extremePrecipitation" units="mm" unitType="metric" year="2011" period="1938-2012">23.6</precipitation>
                  <precipitation class="extremeSnowOnGround" units="cm" unitType="metric" year="1955" period="1955-2012">0</precipitation>
                  <pop units="%">39.0</pop>
            </day>
            <day index="13">
                  <temperature class="extremeMax" units="°C" unitType="metric" year="1995" period="1938-2012">25.5</temperature>
                  <temperature class="extremeMin" units="°C" unitType="metric" year="1974" period="1938-2012">-3.3</temperature>
                  <temperature class="normalMax" units="°C" unitType="metric">14.6</temperature>
                  <temperature class="normalMin" units="°C" unitType="metric">4.2</temperature>
                  <temperature class="normalMean" units="°C" unitType="metric">9.4</temperature>
                  <precipitation class="extremeRainfall" units="mm" unitType="metric" year="1999" period="1938-2012">36.4</precipitation>
                  <precipitation class="extremeSnowfall" units="cm" unitType="metric" year="1938" period="1938-2012">0.0</precipitation>
                  <precipitation class="extremePrecipitation" units="mm" unitType="metric" year="1999" period="1938-2012">36.4</precipitation>
                  <precipitation class="extremeSnowOnGround" units="cm" unitType="metric" year="1955" period="1955-2012">0</precipitation>
                  <pop units="%">39.0</pop>
            </day>
            <day index="14">
                  <temperature class="extremeMax" units="°C" unitType="metric" year="1960" period="1938-2012">25.6</temperature>
                  <temperature class="extremeMin" units="°C" unitType="metric" year="1993" period="1938-2012">-4.4</temperature>
                  <temperature class="normalMax" units="°C" unitType="metric">14.4</temperature>
                  <temperature class="normalMin" units="°C" unitType="metric">4.1</temperature>
                  <temperature class="normalMean" units="°C" unitType="metric">9.3</temperature>
                  <precipitation class="extremeRainfall" units="mm" unitType="metric" year="1954" period="1938-2012">31.8</precipitation>
                  <precipitation class="extremeSnowfall" units="cm" unitType="metric" year="1938" period="1938-2012">0.0</precipitation>
                  <precipitation class="extremePrecipitation" units="mm" unitType="metric" year="1954" period="1938-2012">31.8</precipitation>
                  <precipitation class="extremeSnowOnGround" units="cm" unitType="metric" year="1955" period="1955-2012">0</precipitation>
                  <pop units="%">39.0</pop>
            </day>
            <day index="15">
                  <temperature class="extremeMax" units="°C" unitType="metric" year="1956" period="1938-2012">25.6</temperature>
                  <temperature class="extremeMin" units="°C" unitType="metric" year="1944" period="1938-2012">-3.3</temperature>
                  <temperature class="normalMax" units="°C" unitType="metric">14.1</temperature>
                  <temperature class="normalMin" units="°C" unitType="metric">3.9</temperature>
                  <temperature class="normalMean" units="°C" unitType="metric">9.0</temperature>
                  <precipitation class="extremeRainfall" units="mm" unitType="metric" year="1954" period="1938-2012">121.4</precipitation>
                  <precipitation class="extremeSnowfall" units="cm" unitType="metric" year="1938" period="1938-2012">0.0</precipitation>
                  <precipitation class="extremePrecipitation" units="mm" unitType="metric" year="1954" period="1938-2012">121.4</precipitation>
                  <precipitation class="extremeSnowOnGround" units="cm" unitType="metric" year="1955" period="1955-2012">0</precipitation>
                  <pop units="%">39.0</pop>
            </day>
            <day index="16">
                  <temperature class="extremeMax" units="°C" unitType="metric" year="1962" period="1938-2012">27.2</temperature>
                  <temperature class="extremeMin" units="°C" unitType="metric" year="1940" period="1938-2012">-4.4</temperature>
                  <temperature class="normalMax" units="°C" unitType="metric">13.9</temperature>
                  <temperature class="normalMin" units="°C" unitType="metric">3.7</temperature>
                  <temperature class="normalMean" units="°C" unitType="metric">8.8</temperature>
                  <precipitation class="extremeRainfall" units="mm" unitType="metric" year="1942" period="1938-2012">14.7</precipitation>
                  <precipitation class="extremeSnowfall" units="cm" unitType="metric" year="1938" period="1938-2012">0.0</precipitation>
                  <precipitation class="extremePrecipitation" units="mm" unitType="metric" year="1942" period="1938-2012">14.7</precipitation>
                  <precipitation class="extremeSnowOnGround" units="cm" unitType="metric" year="1955" period="1955-2012">0</precipitation>
                  <pop units="%">39.0</pop>
            </day>
            <day index="17">
                  <temperature class="extremeMax" units="°C" unitType="metric" year="1938" period="1938-2012">27.8</temperature>
                  <temperature class="extremeMin" units="°C" unitType="metric" year="1972" period="1938-2012">-5.0</temperature>
                  <temperature class="normalMax" units="°C" unitType="metric">13.6</temperature>
                  <temperature class="normalMin" units="°C" unitType="metric">3.6</temperature>
                  <temperature class="normalMean" units="°C" unitType="metric">8.6</temperature>
                  <precipitation class="extremeRainfall" units="mm" unitType="metric" year="2006" period="1938-2012">36.2</precipitation>
                  <precipitation class="extremeSnowfall" units="cm" unitType="metric" year="1938" period="1938-2012">0.0</precipitation>
                  <precipitation class="extremePrecipitation" units="mm" unitType="metric" year="2006" period="1938-2012">36.2</precipitation>
                  <precipitation class="extremeSnowOnGround" units="cm" unitType="metric" year="1955" period="1955-2012">0</precipitation>
                  <pop units="%">39.0</pop>
            </day>
            <day index="18">
                  <temperature class="extremeMax" units="°C" unitType="metric" year="1963" period="1938-2012">26.7</temperature>
                  <temperature class="extremeMin" units="°C" unitType="metric" year="1974" period="1938-2012">-6.7</temperature>
                  <temperature class="normalMax" units="°C" unitType="metric">13.4</temperature>
                  <temperature class="normalMin" units="°C" unitType="metric">3.4</temperature>
                  <temperature class="normalMean" units="°C" unitType="metric">8.4</temperature>
                  <precipitation class="extremeRainfall" units="mm" unitType="metric" year="1996" period="1938-2012">26.8</precipitation>
                  <precipitation class="extremeSnowfall" units="cm" unitType="metric" year="1972" period="1938-2012">0.3</precipitation>
                  <precipitation class="extremePrecipitation" units="mm" unitType="metric" year="1996" period="1938-2012">26.8</precipitation>
                  <precipitation class="extremeSnowOnGround" units="cm" unitType="metric" year="1955" period="1955-2012">0</precipitation>
                  <pop units="%">39.0</pop>
            </day>
            <day index="19">
                  <temperature class="extremeMax" units="°C" unitType="metric" year="1950" period="1938-2012">25.0</temperature>
                  <temperature class="extremeMin" units="°C" unitType="metric" year="1972" period="1938-2012">-7.2</temperature>
                  <temperature class="normalMax" units="°C" unitType="metric">13.2</temperature>
                  <temperature class="normalMin" units="°C" unitType="metric">3.3</temperature>
                  <temperature class="normalMean" units="°C" unitType="metric">8.3</temperature>
                  <precipitation class="extremeRainfall" units="mm" unitType="metric" year="2011" period="1938-2012">34.2</precipitation>
                  <precipitation class="extremeSnowfall" units="cm" unitType="metric" year="1952" period="1938-2012">0.8</precipitation>
                  <precipitation class="extremePrecipitation" units="mm" unitType="metric" year="2011" period="1938-2012">34.2</precipitation>
                  <precipitation class="extremeSnowOnGround" units="cm" unitType="metric" year="1955" period="1955-2012">0</precipitation>
                  <pop units="%">39.0</pop>
            </day>
            <day index="20">
                  <temperature class="extremeMax" units="°C" unitType="metric" year="1947" period="1938-2012">23.9</temperature>
                  <temperature class="extremeMin" units="°C" unitType="metric" year="1974" period="1938-2012">-7.2</temperature>
                  <temperature class="normalMax" units="°C" unitType="metric">12.9</temperature>
                  <temperature class="normalMin" units="°C" unitType="metric">3.1</temperature>
                  <temperature class="normalMean" units="°C" unitType="metric">8.0</temperature>
                  <precipitation class="extremeRainfall" units="mm" unitType="metric" year="2011" period="1938-2012">16.6</precipitation>
                  <precipitation class="extremeSnowfall" units="cm" unitType="metric" year="1992" period="1938-2012">0.4</precipitation>
                  <precipitation class="extremePrecipitation" units="mm" unitType="metric" year="2011" period="1938-2012">16.6</precipitation>
                  <precipitation class="extremeSnowOnGround" units="cm" unitType="metric" year="1955" period="1955-2012">0</precipitation>
                  <pop units="%">39.0</pop>
            </day>
            <day index="21">
                  <temperature class="extremeMax" units="°C" unitType="metric" year="2007" period="1938-2012">26.3</temperature>
                  <temperature class="extremeMin" units="°C" unitType="metric" year="1952" period="1938-2012">-5.0</temperature>
                  <temperature class="normalMax" units="°C" unitType="metric">12.7</temperature>
                  <temperature class="normalMin" units="°C" unitType="metric">2.9</temperature>
                  <temperature class="normalMean" units="°C" unitType="metric">7.8</temperature>
                  <precipitation class="extremeRainfall" units="mm" unitType="metric" year="1965" period="1938-2012">46.0</precipitation>
                  <precipitation class="extremeSnowfall" units="cm" unitType="metric" year="1969" period="1938-2012">7.1</precipitation>
                  <precipitation class="extremePrecipitation" units="mm" unitType="metric" year="1965" period="1938-2012">46.0</precipitation>
                  <precipitation class="extremeSnowOnGround" units="cm" unitType="metric" year="1955" period="1955-2012">0</precipitation>
                  <pop units="%">39.0</pop>
            </day>
            <day index="22">
                  <temperature class="extremeMax" units="°C" unitType="metric" year="2007" period="1938-2012">25.1</temperature>
                  <temperature class="extremeMin" units="°C" unitType="metric" year="1969" period="1938-2012">-7.2</temperature>
                  <temperature class="normalMax" units="°C" unitType="metric">12.5</temperature>
                  <temperature class="normalMin" units="°C" unitType="metric">2.8</temperature>
                  <temperature class="normalMean" units="°C" unitType="metric">7.7</temperature>
                  <precipitation class="extremeRainfall" units="mm" unitType="metric" year="1962" period="1938-2012">25.7</precipitation>
                  <precipitation class="extremeSnowfall" units="cm" unitType="metric" year="1969" period="1938-2012">5.3</precipitation>
                  <precipitation class="extremePrecipitation" units="mm" unitType="metric" year="1962" period="1938-2012">25.7</precipitation>
                  <precipitation class="extremeSnowOnGround" units="cm" unitType="metric" year="1969" period="1955-2012">13</precipitation>
                  <pop units="%">39.0</pop>
            </day>
            <day index="23">
                  <temperature class="extremeMax" units="°C" unitType="metric" year="1963" period="1938-2012">26.1</temperature>
                  <temperature class="extremeMin" units="°C" unitType="metric" year="1969" period="1938-2012">-8.3</temperature>
                  <temperature class="normalMax" units="°C" unitType="metric">12.2</temperature>
                  <temperature class="normalMin" units="°C" unitType="metric">2.7</temperature>
                  <temperature class="normalMean" units="°C" unitType="metric">7.5</temperature>
                  <precipitation class="extremeRainfall" units="mm" unitType="metric" year="1957" period="1938-2012">32.0</precipitation>
                  <precipitation class="extremeSnowfall" units="cm" unitType="metric" year="1938" period="1938-2012">0.0</precipitation>
                  <precipitation class="extremePrecipitation" units="mm" unitType="metric" year="1957" period="1938-2012">32.0</precipitation>
                  <precipitation class="extremeSnowOnGround" units="cm" unitType="metric" year="1969" period="1955-2012">8</precipitation>
                  <pop units="%">39.0</pop>
            </day>
            <day index="24">
                  <temperature class="extremeMax" units="°C" unitType="metric" year="1963" period="1938-2012">23.3</temperature>
                  <temperature class="extremeMin" units="°C" unitType="metric" year="1978" period="1938-2012">-5.1</temperature>
                  <temperature class="normalMax" units="°C" unitType="metric">12.0</temperature>
                  <temperature class="normalMin" units="°C" unitType="metric">2.5</temperature>
                  <temperature class="normalMean" units="°C" unitType="metric">7.3</temperature>
                  <precipitation class="extremeRainfall" units="mm" unitType="metric" year="1951" period="1938-2012">11.7</precipitation>
                  <precipitation class="extremeSnowfall" units="cm" unitType="metric" year="1945" period="1938-2012">0.8</precipitation>
                  <precipitation class="extremePrecipitation" units="mm" unitType="metric" year="1951" period="1938-2012">11.7</precipitation>
                  <precipitation class="extremeSnowOnGround" units="cm" unitType="metric" year="1969" period="1955-2012">5</precipitation>
                  <pop units="%">39.0</pop>
            </day>
            <day index="25">
                  <temperature class="extremeMax" units="°C" unitType="metric" year="1963" period="1938-2012">24.4</temperature>
                  <temperature class="extremeMin" units="°C" unitType="metric" year="1949" period="1938-2012">-3.9</temperature>
                  <temperature class="normalMax" units="°C" unitType="metric">11.8</temperature>
                  <temperature class="normalMin" units="°C" unitType="metric">2.4</temperature>
                  <temperature class="normalMean" units="°C" unitType="metric">7.1</temperature>
                  <precipitation class="extremeRainfall" units="mm" unitType="metric" year="1980" period="1938-2012">27.0</precipitation>
                  <precipitation class="extremeSnowfall" units="cm" unitType="metric" year="1962" period="1938-2012">7.4</precipitation>
                  <precipitation class="extremePrecipitation" units="mm" unitType="metric" year="1980" period="1938-2012">27.0</precipitation>
                  <precipitation class="extremeSnowOnGround" units="cm" unitType="metric" year="1955" period="1955-2012">0</precipitation>
                  <pop units="%">39.0</pop>
            </day>
            <day index="26">
                  <temperature class="extremeMax" units="°C" unitType="metric" year="1963" period="1938-2012">25.0</temperature>
                  <temperature class="extremeMin" units="°C" unitType="metric" year="1952" period="1938-2012">-6.7</temperature>
                  <temperature class="normalMax" units="°C" unitType="metric">11.6</temperature>
                  <temperature class="normalMin" units="°C" unitType="metric">2.2</temperature>
                  <temperature class="normalMean" units="°C" unitType="metric">6.9</temperature>
                  <precipitation class="extremeRainfall" units="mm" unitType="metric" year="1997" period="1938-2012">19.0</precipitation>
                  <precipitation class="extremeSnowfall" units="cm" unitType="metric" year="1997" period="1938-2012">0.8</precipitation>
                  <precipitation class="extremePrecipitation" units="mm" unitType="metric" year="1997" period="1938-2012">20.0</precipitation>
                  <precipitation class="extremeSnowOnGround" units="cm" unitType="metric" year="1955" period="1955-2012">0</precipitation>
                  <pop units="%">39.0</pop>
            </day>
            <day index="27">
                  <temperature class="extremeMax" units="°C" unitType="metric" year="2000" period="1938-2012">22.7</temperature>
                  <temperature class="extremeMin" units="°C" unitType="metric" year="1976" period="1938-2012">-7.8</temperature>
                  <temperature class="normalMax" units="°C" unitType="metric">11.3</temperature>
                  <temperature class="normalMin" units="°C" unitType="metric">2.1</temperature>
                  <temperature class="normalMean" units="°C" unitType="metric">6.7</temperature>
                  <precipitation class="extremeRainfall" units="mm" unitType="metric" year="1981" period="1938-2012">29.7</precipitation>
                  <precipitation class="extremeSnowfall" units="cm" unitType="metric" year="1997" period="1938-2012">1.8</precipitation>
                  <precipitation class="extremePrecipitation" units="mm" unitType="metric" year="1981" period="1938-2012">29.7</precipitation>
                  <precipitation class="extremeSnowOnGround" units="cm" unitType="metric" year="1955" period="1955-2012">0</precipitation>
                  <pop units="%">39.0</pop>
            </day>
            <day index="28">
                  <temperature class="extremeMax" units="°C" unitType="metric" year="1971" period="1938-2012">22.2</temperature>
                  <temperature class="extremeMin" units="°C" unitType="metric" year="1965" period="1938-2012">-6.1</temperature>
                  <temperature class="normalMax" units="°C" unitType="metric">11.1</temperature>
                  <temperature class="normalMin" units="°C" unitType="metric">2.0</temperature>
                  <temperature class="normalMean" units="°C" unitType="metric">6.6</temperature>
                  <precipitation class="extremeRainfall" units="mm" unitType="metric" year="1973" period="1938-2012">23.1</precipitation>
                  <precipitation class="extremeSnowfall" units="cm" unitType="metric" year="1965" period="1938-2012">1.3</precipitation>
                  <precipitation class="extremePrecipitation" units="mm" unitType="metric" year="1973" period="1938-2012">23.1</precipitation>
                  <precipitation class="extremeSnowOnGround" units="cm" unitType="metric" year="1955" period="1955-2012">0</precipitation>
                  <pop units="%">39.0</pop>
            </day>
            <day index="29">
                  <temperature class="extremeMax" units="°C" unitType="metric" year="1946" period="1938-2012">21.7</temperature>
                  <temperature class="extremeMin" units="°C" unitType="metric" year="1965" period="1938-2012">-7.2</temperature>
                  <temperature class="normalMax" units="°C" unitType="metric">10.9</temperature>
                  <temperature class="normalMin" units="°C" unitType="metric">1.9</temperature>
                  <temperature class="normalMean" units="°C" unitType="metric">6.4</temperature>
                  <precipitation class="extremeRainfall" units="mm" unitType="metric" year="1973" period="1938-2012">32.5</precipitation>
                  <precipitation class="extremeSnowfall" units="cm" unitType="metric" year="1938" period="1938-2012">0.0</precipitation>
                  <precipitation class="extremePrecipitation" units="mm" unitType="metric" year="1973" period="1938-2012">32.5</precipitation>
                  <precipitation class="extremeSnowOnGround" units="cm" unitType="metric" year="1955" period="1955-2012">0</precipitation>
                  <pop units="%">39.0</pop>
            </day>
            <day index="30">
                  <temperature class="extremeMax" units="°C" unitType="metric" year="1946" period="1938-2012">21.7</temperature>
                  <temperature class="extremeMin" units="°C" unitType="metric" year="1966" period="1938-2012">-7.2</temperature>
                  <temperature class="normalMax" units="°C" unitType="metric">10.7</temperature>
                  <temperature class="normalMin" units="°C" unitType="metric">1.7</temperature>
                  <temperature class="normalMean" units="°C" unitType="metric">6.2</temperature>
                  <precipitation class="extremeRainfall" units="mm" unitType="metric" year="1973" period="1938-2012">17.3</precipitation>
                  <precipitation class="extremeSnowfall" units="cm" unitType="metric" year="1938" period="1938-2012">0.0</precipitation>
                  <precipitation class="extremePrecipitation" units="mm" unitType="metric" year="1973" period="1938-2012">17.3</precipitation>
                  <precipitation class="extremeSnowOnGround" units="cm" unitType="metric" year="1955" period="1955-2012">0</precipitation>
                  <pop units="%">39.0</pop>
            </day>
            <day index="31">
                  <temperature class="extremeMax" units="°C" unitType="metric" year="1971" period="1938-2012">22.8</temperature>
                  <temperature class="extremeMin" units="°C" unitType="metric" year="1975" period="1938-2012">-7.8</temperature>
                  <temperature class="normalMax" units="°C" unitType="metric">10.4</temperature>
                  <temperature class="normalMin" units="°C" unitType="metric">1.6</temperature>
                  <temperature class="normalMean" units="°C" unitType="metric">6.0</temperature>
                  <precipitation class="extremeRainfall" units="mm" unitType="metric" year="1960" period="1938-2012">15.7</precipitation>
                  <precipitation class="extremeSnowfall" units="cm" unitType="metric" year="1993" period="1938-2012">0.8</precipitation>
                  <precipitation class="extremePrecipitation" units="mm" unitType="metric" year="1960" period="1938-2012">15.7</precipitation>
                  <precipitation class="extremeSnowOnGround" units="cm" unitType="metric" year="1955" period="1955-2012">0</precipitation>
                  <pop units="%">39.0</pop>
            </day>
      </month>

      <month index="11">

            <day index="1">
                  <temperature class="extremeMax" units="°C" unitType="metric" year="1950" period="1937-2012">25.0</temperature>
                  <temperature class="extremeMin" units="°C" unitType="metric" year="1938" period="1937-2012">-5.6</temperature>
                  <temperature class="normalMax" units="°C" unitType="metric">10.2</temperature>
                  <temperature class="normalMin" units="°C" unitType="metric">1.5</temperature>
                  <temperature class="normalMean" units="°C" unitType="metric">5.9</temperature>
                  <precipitation class="extremeRainfall" units="mm" unitType="metric" year="1994" period="1937-2012">26.2</precipitation>
                  <precipitation class="extremeSnowfall" units="cm" unitType="metric" year="2002" period="1937-2012">1.0</precipitation>
                  <precipitation class="extremePrecipitation" units="mm" unitType="metric" year="1994" period="1937-2012">26.2</precipitation>
                  <precipitation class="extremeSnowOnGround" units="cm" unitType="metric" year="1955" period="1955-2012">0</precipitation>
                  <pop units="%">44.0</pop>
            </day>
            <day index="2">
                  <temperature class="extremeMax" units="°C" unitType="metric" year="1990" period="1937-2012">22.0</temperature>
                  <temperature class="extremeMin" units="°C" unitType="metric" year="1965" period="1937-2012">-6.7</temperature>
                  <temperature class="normalMax" units="°C" unitType="metric">10.0</temperature>
                  <temperature class="normalMin" units="°C" unitType="metric">1.4</temperature>
                  <temperature class="normalMean" units="°C" unitType="metric">5.7</temperature>
                  <precipitation class="extremeRainfall" units="mm" unitType="metric" year="1999" period="1937-2012">52.4</precipitation>
                  <precipitation class="extremeSnowfall" units="cm" unitType="metric" year="1966" period="1937-2012">10.2</precipitation>
                  <precipitation class="extremePrecipitation" units="mm" unitType="metric" year="1999" period="1937-2012">52.4</precipitation>
                  <precipitation class="extremeSnowOnGround" units="cm" unitType="metric" year="1966" period="1955-2012">3</precipitation>
                  <pop units="%">44.0</pop>
            </day>
            <day index="3">
                  <temperature class="extremeMax" units="°C" unitType="metric" year="1961" period="1937-2012">25.0</temperature>
                  <temperature class="extremeMin" units="°C" unitType="metric" year="1951" period="1937-2012">-6.7</temperature>
                  <temperature class="normalMax" units="°C" unitType="metric">9.8</temperature>
                  <temperature class="normalMin" units="°C" unitType="metric">1.3</temperature>
                  <temperature class="normalMean" units="°C" unitType="metric">5.6</temperature>
                  <precipitation class="extremeRainfall" units="mm" unitType="metric" year="1985" period="1937-2012">24.6</precipitation>
                  <precipitation class="extremeSnowfall" units="cm" unitType="metric" year="1950" period="1937-2012">6.1</precipitation>
                  <precipitation class="extremePrecipitation" units="mm" unitType="metric" year="1985" period="1937-2012">24.6</precipitation>
                  <precipitation class="extremeSnowOnGround" units="cm" unitType="metric" year="1955" period="1955-2012">0</precipitation>
                  <pop units="%">44.0</pop>
            </day>
            <day index="4">
                  <temperature class="extremeMax" units="°C" unitType="metric" year="1987" period="1937-2012">20.1</temperature>
                  <temperature class="extremeMin" units="°C" unitType="metric" year="1989" period="1937-2012">-7.0</temperature>
                  <temperature class="normalMax" units="°C" unitType="metric">9.5</temperature>
                  <temperature class="normalMin" units="°C" unitType="metric">1.1</temperature>
                  <temperature class="normalMean" units="°C" unitType="metric">5.3</temperature>
                  <precipitation class="extremeRainfall" units="mm" unitType="metric" year="1985" period="1937-2012">25.4</precipitation>
                  <precipitation class="extremeSnowfall" units="cm" unitType="metric" year="1983" period="1937-2012">3.8</precipitation>
                  <precipitation class="extremePrecipitation" units="mm" unitType="metric" year="1985" period="1937-2012">25.4</precipitation>
                  <precipitation class="extremeSnowOnGround" units="cm" unitType="metric" year="1955" period="1955-2012">0</precipitation>
                  <pop units="%">44.0</pop>
            </day>
            <day index="5">
                  <temperature class="extremeMax" units="°C" unitType="metric" year="1959" period="1937-2012">20.0</temperature>
                  <temperature class="extremeMin" units="°C" unitType="metric" year="1951" period="1937-2012">-9.4</temperature>
                  <temperature class="normalMax" units="°C" unitType="metric">9.3</temperature>
                  <temperature class="normalMin" units="°C" unitType="metric">1.0</temperature>
                  <temperature class="normalMean" units="°C" unitType="metric">5.2</temperature>
                  <precipitation class="extremeRainfall" units="mm" unitType="metric" year="1990" period="1937-2012">25.1</precipitation>
                  <precipitation class="extremeSnowfall" units="cm" unitType="metric" year="1945" period="1937-2012">0.5</precipitation>
                  <precipitation class="extremePrecipitation" units="mm" unitType="metric" year="1990" period="1937-2012">25.1</precipitation>
                  <precipitation class="extremeSnowOnGround" units="cm" unitType="metric" year="1983" period="1955-2012">2</precipitation>
                  <pop units="%">44.0</pop>
            </day>
            <day index="6">
                  <temperature class="extremeMax" units="°C" unitType="metric" year="1975" period="1937-2012">18.9</temperature>
                  <temperature class="extremeMin" units="°C" unitType="metric" year="1951" period="1937-2012">-12.8</temperature>
                  <temperature class="normalMax" units="°C" unitType="metric">9.1</temperature>
                  <temperature class="normalMin" units="°C" unitType="metric">0.9</temperature>
                  <temperature class="normalMean" units="°C" unitType="metric">5.0</temperature>
                  <precipitation class="extremeRainfall" units="mm" unitType="metric" year="1941" period="1937-2012">22.4</precipitation>
                  <precipitation class="extremeSnowfall" units="cm" unitType="metric" year="1951" period="1937-2012">13.2</precipitation>
                  <precipitation class="extremePrecipitation" units="mm" unitType="metric" year="1951" period="1937-2012">34.0</precipitation>
                  <precipitation class="extremeSnowOnGround" units="cm" unitType="metric" year="1955" period="1955-2012">0</precipitation>
                  <pop units="%">44.0</pop>
            </day>
            <day index="7">
                  <temperature class="extremeMax" units="°C" unitType="metric" year="1938" period="1937-2012">20.0</temperature>
                  <temperature class="extremeMin" units="°C" unitType="metric" year="1944" period="1937-2012">-7.8</temperature>
                  <temperature class="normalMax" units="°C" unitType="metric">8.9</temperature>
                  <temperature class="normalMin" units="°C" unitType="metric">0.7</temperature>
                  <temperature class="normalMean" units="°C" unitType="metric">4.8</temperature>
                  <precipitation class="extremeRainfall" units="mm" unitType="metric" year="1977" period="1937-2012">29.6</precipitation>
                  <precipitation class="extremeSnowfall" units="cm" unitType="metric" year="1953" period="1937-2012">12.7</precipitation>
                  <precipitation class="extremePrecipitation" units="mm" unitType="metric" year="1977" period="1937-2012">29.6</precipitation>
                  <precipitation class="extremeSnowOnGround" units="cm" unitType="metric" year="1955" period="1955-2012">0</precipitation>
                  <pop units="%">44.0</pop>
            </day>
            <day index="8">
                  <temperature class="extremeMax" units="°C" unitType="metric" year="1975" period="1937-2012">19.4</temperature>
                  <temperature class="extremeMin" units="°C" unitType="metric" year="1991" period="1937-2012">-8.0</temperature>
                  <temperature class="normalMax" units="°C" unitType="metric">8.7</temperature>
                  <temperature class="normalMin" units="°C" unitType="metric">0.6</temperature>
                  <temperature class="normalMean" units="°C" unitType="metric">4.7</temperature>
                  <precipitation class="extremeRainfall" units="mm" unitType="metric" year="1966" period="1937-2012">15.5</precipitation>
                  <precipitation class="extremeSnowfall" units="cm" unitType="metric" year="1990" period="1937-2012">0.6</precipitation>
                  <precipitation class="extremePrecipitation" units="mm" unitType="metric" year="1966" period="1937-2012">15.5</precipitation>
                  <precipitation class="extremeSnowOnGround" units="cm" unitType="metric" year="1990" period="1955-2012">1</precipitation>
                  <pop units="%">44.0</pop>
            </day>
            <day index="9">
                  <temperature class="extremeMax" units="°C" unitType="metric" year="1999" period="1937-2012">22.3</temperature>
                  <temperature class="extremeMin" units="°C" unitType="metric" year="1991" period="1937-2012">-8.4</temperature>
                  <temperature class="normalMax" units="°C" unitType="metric">8.4</temperature>
                  <temperature class="normalMin" units="°C" unitType="metric">0.5</temperature>
                  <temperature class="normalMean" units="°C" unitType="metric">4.5</temperature>
                  <precipitation class="extremeRainfall" units="mm" unitType="metric" year="1966" period="1937-2012">39.1</precipitation>
                  <precipitation class="extremeSnowfall" units="cm" unitType="metric" year="1971" period="1937-2012">1.5</precipitation>
                  <precipitation class="extremePrecipitation" units="mm" unitType="metric" year="1966" period="1937-2012">39.1</precipitation>
                  <precipitation class="extremeSnowOnGround" units="cm" unitType="metric" year="1955" period="1955-2012">0</precipitation>
                  <pop units="%">44.0</pop>
            </day>
            <day index="10">
                  <temperature class="extremeMax" units="°C" unitType="metric" year="1975" period="1937-2012">17.8</temperature>
                  <temperature class="extremeMin" units="°C" unitType="metric" year="1973" period="1937-2012">-8.9</temperature>
                  <temperature class="normalMax" units="°C" unitType="metric">8.2</temperature>
                  <temperature class="normalMin" units="°C" unitType="metric">0.3</temperature>
                  <temperature class="normalMean" units="°C" unitType="metric">4.3</temperature>
                  <precipitation class="extremeRainfall" units="mm" unitType="metric" year="1962" period="1937-2012">86.1</precipitation>
                  <precipitation class="extremeSnowfall" units="cm" unitType="metric" year="1943" period="1937-2012">3.0</precipitation>
                  <precipitation class="extremePrecipitation" units="mm" unitType="metric" year="1962" period="1937-2012">86.1</precipitation>
                  <precipitation class="extremeSnowOnGround" units="cm" unitType="metric" year="1955" period="1955-2012">0</precipitation>
                  <pop units="%">44.0</pop>
            </day>
            <day index="11">
                  <temperature class="extremeMax" units="°C" unitType="metric" year="2012" period="1937-2012">18.4</temperature>
                  <temperature class="extremeMin" units="°C" unitType="metric" year="1937" period="1937-2012">-8.3</temperature>
                  <temperature class="normalMax" units="°C" unitType="metric">8.0</temperature>
                  <temperature class="normalMin" units="°C" unitType="metric">0.2</temperature>
                  <temperature class="normalMean" units="°C" unitType="metric">4.1</temperature>
                  <precipitation class="extremeRainfall" units="mm" unitType="metric" year="1995" period="1937-2012">35.6</precipitation>
                  <precipitation class="extremeSnowfall" units="cm" unitType="metric" year="1983" period="1937-2012">3.0</precipitation>
                  <precipitation class="extremePrecipitation" units="mm" unitType="metric" year="1995" period="1937-2012">35.6</precipitation>
                  <precipitation class="extremeSnowOnGround" units="cm" unitType="metric" year="1955" period="1955-2012">0</precipitation>
                  <pop units="%">44.0</pop>
            </day>
            <day index="12">
                  <temperature class="extremeMax" units="°C" unitType="metric" year="2012" period="1937-2012">19.7</temperature>
                  <temperature class="extremeMin" units="°C" unitType="metric" year="1937" period="1937-2012">-7.8</temperature>
                  <temperature class="normalMax" units="°C" unitType="metric">7.8</temperature>
                  <temperature class="normalMin" units="°C" unitType="metric">0.0</temperature>
                  <temperature class="normalMean" units="°C" unitType="metric">3.9</temperature>
                  <precipitation class="extremeRainfall" units="mm" unitType="metric" year="1992" period="1937-2012">32.4</precipitation>
                  <precipitation class="extremeSnowfall" units="cm" unitType="metric" year="1943" period="1937-2012">4.6</precipitation>
                  <precipitation class="extremePrecipitation" units="mm" unitType="metric" year="1992" period="1937-2012">32.4</precipitation>
                  <precipitation class="extremeSnowOnGround" units="cm" unitType="metric" year="1983" period="1955-2012">3</precipitation>
                  <pop units="%">44.0</pop>
            </day>
            <day index="13">
                  <temperature class="extremeMax" units="°C" unitType="metric" year="1989" period="1938-2012">17.2</temperature>
                  <temperature class="extremeMin" units="°C" unitType="metric" year="1986" period="1937-2012">-9.6</temperature>
                  <temperature class="normalMax" units="°C" unitType="metric">7.6</temperature>
                  <temperature class="normalMin" units="°C" unitType="metric">-0.2</temperature>
                  <temperature class="normalMean" units="°C" unitType="metric">3.7</temperature>
                  <precipitation class="extremeRainfall" units="mm" unitType="metric" year="1958" period="1937-2012">23.1</precipitation>
                  <precipitation class="extremeSnowfall" units="cm" unitType="metric" year="1942" period="1937-2012">9.1</precipitation>
                  <precipitation class="extremePrecipitation" units="mm" unitType="metric" year="1958" period="1937-2012">23.1</precipitation>
                  <precipitation class="extremeSnowOnGround" units="cm" unitType="metric" year="1959" period="1955-2012">3</precipitation>
                  <pop units="%">44.0</pop>
            </day>
            <day index="14">
                  <temperature class="extremeMax" units="°C" unitType="metric" year="1994" period="1937-2012">17.4</temperature>
                  <temperature class="extremeMin" units="°C" unitType="metric" year="1942" period="1937-2012">-11.7</temperature>
                  <temperature class="normalMax" units="°C" unitType="metric">7.3</temperature>
                  <temperature class="normalMin" units="°C" unitType="metric">-0.3</temperature>
                  <temperature class="normalMean" units="°C" unitType="metric">3.5</temperature>
                  <precipitation class="extremeRainfall" units="mm" unitType="metric" year="1989" period="1937-2012">17.6</precipitation>
                  <precipitation class="extremeSnowfall" units="cm" unitType="metric" year="1997" period="1937-2012">13.2</precipitation>
                  <precipitation class="extremePrecipitation" units="mm" unitType="metric" year="1989" period="1937-2012">17.6</precipitation>
                  <precipitation class="extremeSnowOnGround" units="cm" unitType="metric" year="1997" period="1955-2012">11</precipitation>
                  <pop units="%">44.0</pop>
            </day>
            <day index="15">
                  <temperature class="extremeMax" units="°C" unitType="metric" year="1990" period="1937-2012">19.3</temperature>
                  <temperature class="extremeMin" units="°C" unitType="metric" year="1942" period="1937-2012">-13.3</temperature>
                  <temperature class="normalMax" units="°C" unitType="metric">7.1</temperature>
                  <temperature class="normalMin" units="°C" unitType="metric">-0.5</temperature>
                  <temperature class="normalMean" units="°C" unitType="metric">3.3</temperature>
                  <precipitation class="extremeRainfall" units="mm" unitType="metric" year="1973" period="1937-2012">33.8</precipitation>
                  <precipitation class="extremeSnowfall" units="cm" unitType="metric" year="1995" period="1937-2012">4.4</precipitation>
                  <precipitation class="extremePrecipitation" units="mm" unitType="metric" year="1973" period="1937-2012">33.8</precipitation>
                  <precipitation class="extremeSnowOnGround" units="cm" unitType="metric" year="1997" period="1955-2012">13</precipitation>
                  <pop units="%">44.0</pop>
            </day>
            <day index="16">
                  <temperature class="extremeMax" units="°C" unitType="metric" year="1988" period="1937-2012">16.8</temperature>
                  <temperature class="extremeMin" units="°C" unitType="metric" year="1938" period="1937-2012">-11.7</temperature>
                  <temperature class="normalMax" units="°C" unitType="metric">6.9</temperature>
                  <temperature class="normalMin" units="°C" unitType="metric">-0.7</temperature>
                  <temperature class="normalMean" units="°C" unitType="metric">3.1</temperature>
                  <precipitation class="extremeRainfall" units="mm" unitType="metric" year="2010" period="1937-2012">26.6</precipitation>
                  <precipitation class="extremeSnowfall" units="cm" unitType="metric" year="2002" period="1937-2012">5.8</precipitation>
                  <precipitation class="extremePrecipitation" units="mm" unitType="metric" year="2010" period="1937-2012">26.6</precipitation>
                  <precipitation class="extremeSnowOnGround" units="cm" unitType="metric" year="1997" period="1955-2012">14</precipitation>
                  <pop units="%">44.0</pop>
            </day>
            <day index="17">
                  <temperature class="extremeMax" units="°C" unitType="metric" year="1953" period="1937-2012">18.9</temperature>
                  <temperature class="extremeMin" units="°C" unitType="metric" year="1959" period="1937-2012">-9.4</temperature>
                  <temperature class="normalMax" units="°C" unitType="metric">6.7</temperature>
                  <temperature class="normalMin" units="°C" unitType="metric">-0.9</temperature>
                  <temperature class="normalMean" units="°C" unitType="metric">2.9</temperature>
                  <precipitation class="extremeRainfall" units="mm" unitType="metric" year="1978" period="1937-2012">14.8</precipitation>
                  <precipitation class="extremeSnowfall" units="cm" unitType="metric" year="2002" period="1937-2012">15.0</precipitation>
                  <precipitation class="extremePrecipitation" units="mm" unitType="metric" year="1978" period="1937-2012">14.8</precipitation>
                  <precipitation class="extremeSnowOnGround" units="cm" unitType="metric" year="1997" period="1955-2012">13</precipitation>
                  <pop units="%">44.0</pop>
            </day>
            <day index="18">
                  <temperature class="extremeMax" units="°C" unitType="metric" year="1958" period="1937-2012">20.0</temperature>
                  <temperature class="extremeMin" units="°C" unitType="metric" year="1959" period="1937-2012">-10.6</temperature>
                  <temperature class="normalMax" units="°C" unitType="metric">6.5</temperature>
                  <temperature class="normalMin" units="°C" unitType="metric">-1.0</temperature>
                  <temperature class="normalMean" units="°C" unitType="metric">2.8</temperature>
                  <precipitation class="extremeRainfall" units="mm" unitType="metric" year="1938" period="1937-2012">14.7</precipitation>
                  <precipitation class="extremeSnowfall" units="cm" unitType="metric" year="1995" period="1937-2012">4.2</precipitation>
                  <precipitation class="extremePrecipitation" units="mm" unitType="metric" year="1938" period="1937-2012">14.7</precipitation>
                  <precipitation class="extremeSnowOnGround" units="cm" unitType="metric" year="2002" period="1955-2012">18</precipitation>
                  <pop units="%">44.0</pop>
            </day>
            <day index="19">
                  <temperature class="extremeMax" units="°C" unitType="metric" year="1941" period="1937-2012">20.6</temperature>
                  <temperature class="extremeMin" units="°C" unitType="metric" year="1986" period="1937-2012">-10.8</temperature>
                  <temperature class="normalMax" units="°C" unitType="metric">6.2</temperature>
                  <temperature class="normalMin" units="°C" unitType="metric">-1.2</temperature>
                  <temperature class="normalMean" units="°C" unitType="metric">2.5</temperature>
                  <precipitation class="extremeRainfall" units="mm" unitType="metric" year="1948" period="1937-2012">32.5</precipitation>
                  <precipitation class="extremeSnowfall" units="cm" unitType="metric" year="2008" period="1937-2012">6.2</precipitation>
                  <precipitation class="extremePrecipitation" units="mm" unitType="metric" year="1948" period="1937-2012">32.5</precipitation>
                  <precipitation class="extremeSnowOnGround" units="cm" unitType="metric" year="2002" period="1955-2012">7</precipitation>
                  <pop units="%">44.0</pop>
            </day>
            <day index="20">
                  <temperature class="extremeMax" units="°C" unitType="metric" year="1985" period="1937-2012">19.0</temperature>
                  <temperature class="extremeMin" units="°C" unitType="metric" year="1987" period="1937-2012">-12.3</temperature>
                  <temperature class="normalMax" units="°C" unitType="metric">6.0</temperature>
                  <temperature class="normalMin" units="°C" unitType="metric">-1.4</temperature>
                  <temperature class="normalMean" units="°C" unitType="metric">2.3</temperature>
                  <precipitation class="extremeRainfall" units="mm" unitType="metric" year="1974" period="1937-2012">26.4</precipitation>
                  <precipitation class="extremeSnowfall" units="cm" unitType="metric" year="1986" period="1937-2012">11.8</precipitation>
                  <precipitation class="extremePrecipitation" units="mm" unitType="metric" year="1974" period="1937-2012">26.4</precipitation>
                  <precipitation class="extremeSnowOnGround" units="cm" unitType="metric" year="1972" period="1955-2012">8</precipitation>
                  <pop units="%">44.0</pop>
            </day>
            <day index="21">
                  <temperature class="extremeMax" units="°C" unitType="metric" year="1953" period="1937-2012">17.2</temperature>
                  <temperature class="extremeMin" units="°C" unitType="metric" year="1987" period="1938-2012">-13.0</temperature>
                  <temperature class="normalMax" units="°C" unitType="metric">5.8</temperature>
                  <temperature class="normalMin" units="°C" unitType="metric">-1.6</temperature>
                  <temperature class="normalMean" units="°C" unitType="metric">2.1</temperature>
                  <precipitation class="extremeRainfall" units="mm" unitType="metric" year="1952" period="1937-2012">35.8</precipitation>
                  <precipitation class="extremeSnowfall" units="cm" unitType="metric" year="1989" period="1937-2012">2.8</precipitation>
                  <precipitation class="extremePrecipitation" units="mm" unitType="metric" year="1952" period="1937-2012">35.8</precipitation>
                  <precipitation class="extremeSnowOnGround" units="cm" unitType="metric" year="1986" period="1955-2012">12</precipitation>
                  <pop units="%">44.0</pop>
            </day>
            <day index="22">
                  <temperature class="extremeMax" units="°C" unitType="metric" year="2010" period="1937-2012">15.9</temperature>
                  <temperature class="extremeMin" units="°C" unitType="metric" year="1989" period="1937-2012">-12.4</temperature>
                  <temperature class="normalMax" units="°C" unitType="metric">5.6</temperature>
                  <temperature class="normalMin" units="°C" unitType="metric">-1.8</temperature>
                  <temperature class="normalMean" units="°C" unitType="metric">1.9</temperature>
                  <precipitation class="extremeRainfall" units="mm" unitType="metric" year="1952" period="1937-2012">17.5</precipitation>
                  <precipitation class="extremeSnowfall" units="cm" unitType="metric" year="2007" period="1937-2012">7.6</precipitation>
                  <precipitation class="extremePrecipitation" units="mm" unitType="metric" year="1952" period="1937-2012">17.5</precipitation>
                  <precipitation class="extremeSnowOnGround" units="cm" unitType="metric" year="1986" period="1955-2012">9</precipitation>
                  <pop units="%">44.0</pop>
            </day>
            <day index="23">
                  <temperature class="extremeMax" units="°C" unitType="metric" year="1979" period="1937-2012">17.5</temperature>
                  <temperature class="extremeMin" units="°C" unitType="metric" year="2000" period="1937-2012">-12.2</temperature>
                  <temperature class="normalMax" units="°C" unitType="metric">5.4</temperature>
                  <temperature class="normalMin" units="°C" unitType="metric">-2.0</temperature>
                  <temperature class="normalMean" units="°C" unitType="metric">1.7</temperature>
                  <precipitation class="extremeRainfall" units="mm" unitType="metric" year="1961" period="1937-2012">20.1</precipitation>
                  <precipitation class="extremeSnowfall" units="cm" unitType="metric" year="2005" period="1937-2012">4.0</precipitation>
                  <precipitation class="extremePrecipitation" units="mm" unitType="metric" year="1961" period="1937-2012">20.1</precipitation>
                  <precipitation class="extremeSnowOnGround" units="cm" unitType="metric" year="1986" period="1955-2012">8</precipitation>
                  <pop units="%">44.0</pop>
            </day>
            <day index="24">
                  <temperature class="extremeMax" units="°C" unitType="metric" year="1946" period="1937-2012">15.0</temperature>
                  <temperature class="extremeMin" units="°C" unitType="metric" year="2005" period="1937-2012">-12.0</temperature>
                  <temperature class="normalMax" units="°C" unitType="metric">5.1</temperature>
                  <temperature class="normalMin" units="°C" unitType="metric">-2.2</temperature>
                  <temperature class="normalMean" units="°C" unitType="metric">1.5</temperature>
                  <precipitation class="extremeRainfall" units="mm" unitType="metric" year="2004" period="1937-2012">14.0</precipitation>
                  <precipitation class="extremeSnowfall" units="cm" unitType="metric" year="1950" period="1937-2012">30.5</precipitation>
                  <precipitation class="extremePrecipitation" units="mm" unitType="metric" year="1950" period="1937-2012">30.5</precipitation>
                  <precipitation class="extremeSnowOnGround" units="cm" unitType="metric" year="2005" period="1955-2012">6</precipitation>
                  <pop units="%">44.0</pop>
            </day>
            <day index="25">
                  <temperature class="extremeMax" units="°C" unitType="metric" year="2011" period="1937-2012">16.3</temperature>
                  <temperature class="extremeMin" units="°C" unitType="metric" year="2005" period="1937-2012">-13.3</temperature>
                  <temperature class="normalMax" units="°C" unitType="metric">4.9</temperature>
                  <temperature class="normalMin" units="°C" unitType="metric">-2.4</temperature>
                  <temperature class="normalMean" units="°C" unitType="metric">1.3</temperature>
                  <precipitation class="extremeRainfall" units="mm" unitType="metric" year="1987" period="1937-2012">41.4</precipitation>
                  <precipitation class="extremeSnowfall" units="cm" unitType="metric" year="1951" period="1937-2012">5.1</precipitation>
                  <precipitation class="extremePrecipitation" units="mm" unitType="metric" year="1987" period="1937-2012">46.0</precipitation>
                  <precipitation class="extremeSnowOnGround" units="cm" unitType="metric" year="2005" period="1955-2012">7</precipitation>
                  <pop units="%">44.0</pop>
            </day>
            <day index="26">
                  <temperature class="extremeMax" units="°C" unitType="metric" year="1960" period="1937-2012">16.1</temperature>
                  <temperature class="extremeMin" units="°C" unitType="metric" year="1949" period="1937-2012">-18.3</temperature>
                  <temperature class="normalMax" units="°C" unitType="metric">4.7</temperature>
                  <temperature class="normalMin" units="°C" unitType="metric">-2.6</temperature>
                  <temperature class="normalMean" units="°C" unitType="metric">1.1</temperature>
                  <precipitation class="extremeRainfall" units="mm" unitType="metric" year="1979" period="1937-2012">15.2</precipitation>
                  <precipitation class="extremeSnowfall" units="cm" unitType="metric" year="1940" period="1937-2012">16.5</precipitation>
                  <precipitation class="extremePrecipitation" units="mm" unitType="metric" year="1940" period="1937-2012">16.5</precipitation>
                  <precipitation class="extremeSnowOnGround" units="cm" unitType="metric" year="2005" period="1955-2012">6</precipitation>
                  <pop units="%">44.0</pop>
            </day>
            <day index="27">
                  <temperature class="extremeMax" units="°C" unitType="metric" year="1990" period="1937-2012">19.2</temperature>
                  <temperature class="extremeMin" units="°C" unitType="metric" year="1951" period="1937-2012">-12.2</temperature>
                  <temperature class="normalMax" units="°C" unitType="metric">4.5</temperature>
                  <temperature class="normalMin" units="°C" unitType="metric">-2.8</temperature>
                  <temperature class="normalMean" units="°C" unitType="metric">0.9</temperature>
                  <precipitation class="extremeRainfall" units="mm" unitType="metric" year="1993" period="1937-2012">35.4</precipitation>
                  <precipitation class="extremeSnowfall" units="cm" unitType="metric" year="1978" period="1937-2012">10.1</precipitation>
                  <precipitation class="extremePrecipitation" units="mm" unitType="metric" year="1993" period="1937-2012">35.4</precipitation>
                  <precipitation class="extremeSnowOnGround" units="cm" unitType="metric" year="2005" period="1955-2012">6</precipitation>
                  <pop units="%">44.0</pop>
            </day>
            <day index="28">
                  <temperature class="extremeMax" units="°C" unitType="metric" year="1990" period="1937-2012">18.8</temperature>
                  <temperature class="extremeMin" units="°C" unitType="metric" year="1950" period="1938-2012">-11.7</temperature>
                  <temperature class="normalMax" units="°C" unitType="metric">4.3</temperature>
                  <temperature class="normalMin" units="°C" unitType="metric">-3.0</temperature>
                  <temperature class="normalMean" units="°C" unitType="metric">0.7</temperature>
                  <precipitation class="extremeRainfall" units="mm" unitType="metric" year="1968" period="1937-2012">36.8</precipitation>
                  <precipitation class="extremeSnowfall" units="cm" unitType="metric" year="1991" period="1937-2012">13.6</precipitation>
                  <precipitation class="extremePrecipitation" units="mm" unitType="metric" year="1968" period="1937-2012">36.8</precipitation>
                  <precipitation class="extremeSnowOnGround" units="cm" unitType="metric" year="1978" period="1955-2012">8</precipitation>
                  <pop units="%">44.0</pop>
            </day>
            <day index="29">
                  <temperature class="extremeMax" units="°C" unitType="metric" year="2005" period="1937-2012">16.8</temperature>
                  <temperature class="extremeMin" units="°C" unitType="metric" year="1955" period="1937-2012">-13.3</temperature>
                  <temperature class="normalMax" units="°C" unitType="metric">4.0</temperature>
                  <temperature class="normalMin" units="°C" unitType="metric">-3.3</temperature>
                  <temperature class="normalMean" units="°C" unitType="metric">0.4</temperature>
                  <precipitation class="extremeRainfall" units="mm" unitType="metric" year="2011" period="1937-2012">48.8</precipitation>
                  <precipitation class="extremeSnowfall" units="cm" unitType="metric" year="1971" period="1937-2012">11.4</precipitation>
                  <precipitation class="extremePrecipitation" units="mm" unitType="metric" year="2011" period="1937-2012">48.8</precipitation>
                  <precipitation class="extremeSnowOnGround" units="cm" unitType="metric" year="1991" period="1955-2012">16</precipitation>
                  <pop units="%">44.0</pop>
            </day>
            <day index="30">
                  <temperature class="extremeMax" units="°C" unitType="metric" year="1998" period="1937-2012">18.8</temperature>
                  <temperature class="extremeMin" units="°C" unitType="metric" year="1958" period="1937-2012">-15.0</temperature>
                  <temperature class="normalMax" units="°C" unitType="metric">3.8</temperature>
                  <temperature class="normalMin" units="°C" unitType="metric">-3.5</temperature>
                  <temperature class="normalMean" units="°C" unitType="metric">0.2</temperature>
                  <precipitation class="extremeRainfall" units="mm" unitType="metric" year="2006" period="1937-2012">17.6</precipitation>
                  <precipitation class="extremeSnowfall" units="cm" unitType="metric" year="1940" period="1937-2012">33.5</precipitation>
                  <precipitation class="extremePrecipitation" units="mm" unitType="metric" year="1940" period="1937-2012">33.5</precipitation>
                  <precipitation class="extremeSnowOnGround" units="cm" unitType="metric" year="1958" period="1955-2012">10</precipitation>
                  <pop units="%">44.0</pop>
            </day>
      </month>

      <month index="12">

            <day index="1">
                  <temperature class="extremeMax" units="°C" unitType="metric" year="1970" period="1937-2012">15.6</temperature>
                  <temperature class="extremeMin" units="°C" unitType="metric" year="1940" period="1937-2012">-17.8</temperature>
                  <temperature class="normalMax" units="°C" unitType="metric">3.6</temperature>
                  <temperature class="normalMin" units="°C" unitType="metric">-3.7</temperature>
                  <temperature class="normalMean" units="°C" unitType="metric">-0.1</temperature>
                  <precipitation class="extremeRainfall" units="mm" unitType="metric" year="2006" period="1937-2012">28.2</precipitation>
                  <precipitation class="extremeSnowfall" units="cm" unitType="metric" year="1954" period="1937-2012">5.3</precipitation>
                  <precipitation class="extremePrecipitation" units="mm" unitType="metric" year="2006" period="1937-2012">28.2</precipitation>
                  <precipitation class="extremeSnowOnGround" units="cm" unitType="metric" year="1958" period="1955-2012">10</precipitation>
                  <pop units="%">48.0</pop>
            </day>
            <day index="2">
                  <temperature class="extremeMax" units="°C" unitType="metric" year="1998" period="1937-2012">14.5</temperature>
                  <temperature class="extremeMin" units="°C" unitType="metric" year="1940" period="1937-2012">-22.8</temperature>
                  <temperature class="normalMax" units="°C" unitType="metric">3.4</temperature>
                  <temperature class="normalMin" units="°C" unitType="metric">-3.9</temperature>
                  <temperature class="normalMean" units="°C" unitType="metric">-0.3</temperature>
                  <precipitation class="extremeRainfall" units="mm" unitType="metric" year="1980" period="1937-2012">23.6</precipitation>
                  <precipitation class="extremeSnowfall" units="cm" unitType="metric" year="2007" period="1937-2012">9.2</precipitation>
                  <precipitation class="extremePrecipitation" units="mm" unitType="metric" year="1980" period="1937-2012">26.6</precipitation>
                  <precipitation class="extremeSnowOnGround" units="cm" unitType="metric" year="2007" period="1955-2012">11</precipitation>
                  <pop units="%">48.0</pop>
            </day>
            <day index="3">
                  <temperature class="extremeMax" units="°C" unitType="metric" year="1982" period="1937-2012">20.0</temperature>
                  <temperature class="extremeMin" units="°C" unitType="metric" year="1940" period="1937-2012">-24.4</temperature>
                  <temperature class="normalMax" units="°C" unitType="metric">3.2</temperature>
                  <temperature class="normalMin" units="°C" unitType="metric">-4.2</temperature>
                  <temperature class="normalMean" units="°C" unitType="metric">-0.5</temperature>
                  <precipitation class="extremeRainfall" units="mm" unitType="metric" year="1955" period="1937-2012">15.2</precipitation>
                  <precipitation class="extremeSnowfall" units="cm" unitType="metric" year="1990" period="1937-2012">15.6</precipitation>
                  <precipitation class="extremePrecipitation" units="mm" unitType="metric" year="1990" period="1937-2012">30.2</precipitation>
                  <precipitation class="extremeSnowOnGround" units="cm" unitType="metric" year="1956" period="1955-2012">9</precipitation>
                  <pop units="%">48.0</pop>
            </day>
            <day index="4">
                  <temperature class="extremeMax" units="°C" unitType="metric" year="2012" period="1937-2012">16.7</temperature>
                  <temperature class="extremeMin" units="°C" unitType="metric" year="1940" period="1937-2012">-25.0</temperature>
                  <temperature class="normalMax" units="°C" unitType="metric">3.0</temperature>
                  <temperature class="normalMin" units="°C" unitType="metric">-4.4</temperature>
                  <temperature class="normalMean" units="°C" unitType="metric">-0.7</temperature>
                  <precipitation class="extremeRainfall" units="mm" unitType="metric" year="1961" period="1937-2012">19.8</precipitation>
                  <precipitation class="extremeSnowfall" units="cm" unitType="metric" year="1940" period="1937-2012">7.1</precipitation>
                  <precipitation class="extremePrecipitation" units="mm" unitType="metric" year="1961" period="1937-2012">19.8</precipitation>
                  <precipitation class="extremeSnowOnGround" units="cm" unitType="metric" year="1976" period="1955-2012">10</precipitation>
                  <pop units="%">48.0</pop>
            </day>
            <day index="5">
                  <temperature class="extremeMax" units="°C" unitType="metric" year="2001" period="1938-2012">18.3</temperature>
                  <temperature class="extremeMin" units="°C" unitType="metric" year="1940" period="1938-2012">-15.6</temperature>
                  <temperature class="normalMax" units="°C" unitType="metric">2.8</temperature>
                  <temperature class="normalMin" units="°C" unitType="metric">-4.6</temperature>
                  <temperature class="normalMean" units="°C" unitType="metric">-0.9</temperature>
                  <precipitation class="extremeRainfall" units="mm" unitType="metric" year="2011" period="1937-2012">11.6</precipitation>
                  <precipitation class="extremeSnowfall" units="cm" unitType="metric" year="1977" period="1937-2012">12.4</precipitation>
                  <precipitation class="extremePrecipitation" units="mm" unitType="metric" year="1977" period="1937-2012">12.4</precipitation>
                  <precipitation class="extremeSnowOnGround" units="cm" unitType="metric" year="1976" period="1955-2012">13</precipitation>
                  <pop units="%">48.0</pop>
            </day>
            <day index="6">
                  <temperature class="extremeMax" units="°C" unitType="metric" year="2001" period="1937-2012">18.3</temperature>
                  <temperature class="extremeMin" units="°C" unitType="metric" year="1940" period="1937-2012">-21.1</temperature>
                  <temperature class="normalMax" units="°C" unitType="metric">2.6</temperature>
                  <temperature class="normalMin" units="°C" unitType="metric">-4.8</temperature>
                  <temperature class="normalMean" units="°C" unitType="metric">-1.1</temperature>
                  <precipitation class="extremeRainfall" units="mm" unitType="metric" year="1962" period="1937-2012">40.9</precipitation>
                  <precipitation class="extremeSnowfall" units="cm" unitType="metric" year="1949" period="1937-2012">10.2</precipitation>
                  <precipitation class="extremePrecipitation" units="mm" unitType="metric" year="1962" period="1937-2012">40.9</precipitation>
                  <precipitation class="extremeSnowOnGround" units="cm" unitType="metric" year="1991" period="1955-2012">14</precipitation>
                  <pop units="%">48.0</pop>
            </day>
            <day index="7">
                  <temperature class="extremeMax" units="°C" unitType="metric" year="1998" period="1937-2012">17.6</temperature>
                  <temperature class="extremeMin" units="°C" unitType="metric" year="1976" period="1937-2012">-18.9</temperature>
                  <temperature class="normalMax" units="°C" unitType="metric">2.4</temperature>
                  <temperature class="normalMin" units="°C" unitType="metric">-5.0</temperature>
                  <temperature class="normalMean" units="°C" unitType="metric">-1.3</temperature>
                  <precipitation class="extremeRainfall" units="mm" unitType="metric" year="1950" period="1937-2012">12.4</precipitation>
                  <precipitation class="extremeSnowfall" units="cm" unitType="metric" year="1957" period="1937-2012">7.9</precipitation>
                  <precipitation class="extremePrecipitation" units="mm" unitType="metric" year="1969" period="1937-2012">16.0</precipitation>
                  <precipitation class="extremeSnowOnGround" units="cm" unitType="metric" year="1977" period="1955-2012">14</precipitation>
                  <pop units="%">48.0</pop>
            </day>
            <day index="8">
                  <temperature class="extremeMax" units="°C" unitType="metric" year="1966" period="1937-2012">17.2</temperature>
                  <temperature class="extremeMin" units="°C" unitType="metric" year="1976" period="1937-2012">-20.6</temperature>
                  <temperature class="normalMax" units="°C" unitType="metric">2.2</temperature>
                  <temperature class="normalMin" units="°C" unitType="metric">-5.2</temperature>
                  <temperature class="normalMean" units="°C" unitType="metric">-1.5</temperature>
                  <precipitation class="extremeRainfall" units="mm" unitType="metric" year="1980" period="1937-2012">8.6</precipitation>
                  <precipitation class="extremeSnowfall" units="cm" unitType="metric" year="1977" period="1937-2012">17.9</precipitation>
                  <precipitation class="extremePrecipitation" units="mm" unitType="metric" year="1977" period="1937-2012">16.7</precipitation>
                  <precipitation class="extremeSnowOnGround" units="cm" unitType="metric" year="1977" period="1955-2012">13</precipitation>
                  <pop units="%">48.0</pop>
            </day>
            <day index="9">
                  <temperature class="extremeMax" units="°C" unitType="metric" year="1966" period="1937-2012">13.9</temperature>
                  <temperature class="extremeMin" units="°C" unitType="metric" year="1976" period="1937-2012">-17.8</temperature>
                  <temperature class="normalMax" units="°C" unitType="metric">2.0</temperature>
                  <temperature class="normalMin" units="°C" unitType="metric">-5.5</temperature>
                  <temperature class="normalMean" units="°C" unitType="metric">-1.8</temperature>
                  <precipitation class="extremeRainfall" units="mm" unitType="metric" year="1952" period="1937-2012">18.8</precipitation>
                  <precipitation class="extremeSnowfall" units="cm" unitType="metric" year="2005" period="1937-2012">11.6</precipitation>
                  <precipitation class="extremePrecipitation" units="mm" unitType="metric" year="2009" period="1937-2012">26.2</precipitation>
                  <precipitation class="extremeSnowOnGround" units="cm" unitType="metric" year="1977" period="1955-2012">33</precipitation>
                  <pop units="%">48.0</pop>
            </day>
            <day index="10">
                  <temperature class="extremeMax" units="°C" unitType="metric" year="1971" period="1937-2012">16.1</temperature>
                  <temperature class="extremeMin" units="°C" unitType="metric" year="1977" period="1937-2012">-24.9</temperature>
                  <temperature class="normalMax" units="°C" unitType="metric">1.8</temperature>
                  <temperature class="normalMin" units="°C" unitType="metric">-5.7</temperature>
                  <temperature class="normalMean" units="°C" unitType="metric">-2.0</temperature>
                  <precipitation class="extremeRainfall" units="mm" unitType="metric" year="1966" period="1937-2012">32.5</precipitation>
                  <precipitation class="extremeSnowfall" units="cm" unitType="metric" year="1994" period="1937-2012">13.0</precipitation>
                  <precipitation class="extremePrecipitation" units="mm" unitType="metric" year="1966" period="1937-2012">32.5</precipitation>
                  <precipitation class="extremeSnowOnGround" units="cm" unitType="metric" year="1977" period="1955-2012">28</precipitation>
                  <pop units="%">48.0</pop>
            </day>
            <day index="11">
                  <temperature class="extremeMax" units="°C" unitType="metric" year="1979" period="1937-2012">13.2</temperature>
                  <temperature class="extremeMin" units="°C" unitType="metric" year="1977" period="1937-2012">-27.2</temperature>
                  <temperature class="normalMax" units="°C" unitType="metric">1.6</temperature>
                  <temperature class="normalMin" units="°C" unitType="metric">-5.9</temperature>
                  <temperature class="normalMean" units="°C" unitType="metric">-2.2</temperature>
                  <precipitation class="extremeRainfall" units="mm" unitType="metric" year="1949" period="1937-2012">10.2</precipitation>
                  <precipitation class="extremeSnowfall" units="cm" unitType="metric" year="1944" period="1937-2012">28.2</precipitation>
                  <precipitation class="extremePrecipitation" units="mm" unitType="metric" year="1944" period="1937-2012">28.2</precipitation>
                  <precipitation class="extremeSnowOnGround" units="cm" unitType="metric" year="1977" period="1955-2012">26</precipitation>
                  <pop units="%">48.0</pop>
            </day>
            <day index="12">
                  <temperature class="extremeMax" units="°C" unitType="metric" year="1946" period="1937-2012">18.9</temperature>
                  <temperature class="extremeMin" units="°C" unitType="metric" year="1988" period="1937-2012">-20.0</temperature>
                  <temperature class="normalMax" units="°C" unitType="metric">1.4</temperature>
                  <temperature class="normalMin" units="°C" unitType="metric">-6.0</temperature>
                  <temperature class="normalMean" units="°C" unitType="metric">-2.3</temperature>
                  <precipitation class="extremeRainfall" units="mm" unitType="metric" year="1972" period="1937-2012">29.0</precipitation>
                  <precipitation class="extremeSnowfall" units="cm" unitType="metric" year="1963" period="1937-2012">15.2</precipitation>
                  <precipitation class="extremePrecipitation" units="mm" unitType="metric" year="1972" period="1937-2012">35.1</precipitation>
                  <precipitation class="extremeSnowOnGround" units="cm" unitType="metric" year="1977" period="1955-2012">28</precipitation>
                  <pop units="%">48.0</pop>
            </day>
            <day index="13">
                  <temperature class="extremeMax" units="°C" unitType="metric" year="1991" period="1937-2012">13.3</temperature>
                  <temperature class="extremeMin" units="°C" unitType="metric" year="1958" period="1937-2012">-20.6</temperature>
                  <temperature class="normalMax" units="°C" unitType="metric">1.3</temperature>
                  <temperature class="normalMin" units="°C" unitType="metric">-6.2</temperature>
                  <temperature class="normalMean" units="°C" unitType="metric">-2.5</temperature>
                  <precipitation class="extremeRainfall" units="mm" unitType="metric" year="1977" period="1937-2012">4.3</precipitation>
                  <precipitation class="extremeSnowfall" units="cm" unitType="metric" year="1941" period="1937-2012">9.7</precipitation>
                  <precipitation class="extremePrecipitation" units="mm" unitType="metric" year="1941" period="1937-2012">9.9</precipitation>
                  <precipitation class="extremeSnowOnGround" units="cm" unitType="metric" year="1977" period="1955-2012">30</precipitation>
                  <pop units="%">48.0</pop>
            </day>
            <day index="14">
                  <temperature class="extremeMax" units="°C" unitType="metric" year="1975" period="1937-2012">15.0</temperature>
                  <temperature class="extremeMin" units="°C" unitType="metric" year="1940" period="1937-2012">-18.3</temperature>
                  <temperature class="normalMax" units="°C" unitType="metric">1.1</temperature>
                  <temperature class="normalMin" units="°C" unitType="metric">-6.4</temperature>
                  <temperature class="normalMean" units="°C" unitType="metric">-2.7</temperature>
                  <precipitation class="extremeRainfall" units="mm" unitType="metric" year="1977" period="1937-2012">16.8</precipitation>
                  <precipitation class="extremeSnowfall" units="cm" unitType="metric" year="1951" period="1937-2012">20.3</precipitation>
                  <precipitation class="extremePrecipitation" units="mm" unitType="metric" year="1995" period="1937-2012">20.4</precipitation>
                  <precipitation class="extremeSnowOnGround" units="cm" unitType="metric" year="2000" period="1955-2012">30</precipitation>
                  <pop units="%">48.0</pop>
            </day>
            <day index="15">
                  <temperature class="extremeMax" units="°C" unitType="metric" year="1975" period="1937-2012">14.4</temperature>
                  <temperature class="extremeMin" units="°C" unitType="metric" year="1943" period="1937-2012">-20.6</temperature>
                  <temperature class="normalMax" units="°C" unitType="metric">0.9</temperature>
                  <temperature class="normalMin" units="°C" unitType="metric">-6.6</temperature>
                  <temperature class="normalMean" units="°C" unitType="metric">-2.9</temperature>
                  <precipitation class="extremeRainfall" units="mm" unitType="metric" year="1971" period="1937-2012">25.4</precipitation>
                  <precipitation class="extremeSnowfall" units="cm" unitType="metric" year="1972" period="1937-2012">14.0</precipitation>
                  <precipitation class="extremePrecipitation" units="mm" unitType="metric" year="1971" period="1937-2012">25.4</precipitation>
                  <precipitation class="extremeSnowOnGround" units="cm" unitType="metric" year="2000" period="1955-2012">30</precipitation>
                  <pop units="%">48.0</pop>
            </day>
            <day index="16">
                  <temperature class="extremeMax" units="°C" unitType="metric" year="1984" period="1937-2012">15.4</temperature>
                  <temperature class="extremeMin" units="°C" unitType="metric" year="1951" period="1937-2012">-23.3</temperature>
                  <temperature class="normalMax" units="°C" unitType="metric">0.8</temperature>
                  <temperature class="normalMin" units="°C" unitType="metric">-6.8</temperature>
                  <temperature class="normalMean" units="°C" unitType="metric">-3.0</temperature>
                  <precipitation class="extremeRainfall" units="mm" unitType="metric" year="1940" period="1937-2012">12.2</precipitation>
                  <precipitation class="extremeSnowfall" units="cm" unitType="metric" year="2007" period="1937-2012">16.8</precipitation>
                  <precipitation class="extremePrecipitation" units="mm" unitType="metric" year="2007" period="1937-2012">17.1</precipitation>
                  <precipitation class="extremeSnowOnGround" units="cm" unitType="metric" year="2000" period="1955-2012">28</precipitation>
                  <pop units="%">48.0</pop>
            </day>
            <day index="17">
                  <temperature class="extremeMax" units="°C" unitType="metric" year="1984" period="1937-2012">13.8</temperature>
                  <temperature class="extremeMin" units="°C" unitType="metric" year="1980" period="1937-2012">-22.1</temperature>
                  <temperature class="normalMax" units="°C" unitType="metric">0.6</temperature>
                  <temperature class="normalMin" units="°C" unitType="metric">-7.0</temperature>
                  <temperature class="normalMean" units="°C" unitType="metric">-3.2</temperature>
                  <precipitation class="extremeRainfall" units="mm" unitType="metric" year="1996" period="1937-2012">23.0</precipitation>
                  <precipitation class="extremeSnowfall" units="cm" unitType="metric" year="1942" period="1937-2012">14.0</precipitation>
                  <precipitation class="extremePrecipitation" units="mm" unitType="metric" year="1996" period="1937-2012">23.0</precipitation>
                  <precipitation class="extremeSnowOnGround" units="cm" unitType="metric" year="1970" period="1955-2012">23</precipitation>
                  <pop units="%">48.0</pop>
            </day>
            <day index="18">
                  <temperature class="extremeMax" units="°C" unitType="metric" year="1957" period="1937-2012">8.3</temperature>
                  <temperature class="extremeMin" units="°C" unitType="metric" year="1973" period="1937-2012">-20.0</temperature>
                  <temperature class="normalMax" units="°C" unitType="metric">0.5</temperature>
                  <temperature class="normalMin" units="°C" unitType="metric">-7.2</temperature>
                  <temperature class="normalMean" units="°C" unitType="metric">-3.4</temperature>
                  <precipitation class="extremeRainfall" units="mm" unitType="metric" year="1986" period="1937-2012">13.2</precipitation>
                  <precipitation class="extremeSnowfall" units="cm" unitType="metric" year="1963" period="1937-2012">18.0</precipitation>
                  <precipitation class="extremePrecipitation" units="mm" unitType="metric" year="1951" period="1937-2012">17.8</precipitation>
                  <precipitation class="extremeSnowOnGround" units="cm" unitType="metric" year="2007" period="1955-2012">21</precipitation>
                  <pop units="%">48.0</pop>
            </day>
            <day index="19">
                  <temperature class="extremeMax" units="°C" unitType="metric" year="1957" period="1937-2012">13.3</temperature>
                  <temperature class="extremeMin" units="°C" unitType="metric" year="1942" period="1938-2012">-24.4</temperature>
                  <temperature class="normalMax" units="°C" unitType="metric">0.3</temperature>
                  <temperature class="normalMin" units="°C" unitType="metric">-7.3</temperature>
                  <temperature class="normalMean" units="°C" unitType="metric">-3.5</temperature>
                  <precipitation class="extremeRainfall" units="mm" unitType="metric" year="1957" period="1937-2012">8.9</precipitation>
                  <precipitation class="extremeSnowfall" units="cm" unitType="metric" year="1982" period="1937-2012">18.6</precipitation>
                  <precipitation class="extremePrecipitation" units="mm" unitType="metric" year="1982" period="1937-2012">15.7</precipitation>
                  <precipitation class="extremeSnowOnGround" units="cm" unitType="metric" year="1963" period="1955-2012">25</precipitation>
                  <pop units="%">48.0</pop>
            </day>
            <day index="20">
                  <temperature class="extremeMax" units="°C" unitType="metric" year="1957" period="1937-2012">12.2</temperature>
                  <temperature class="extremeMin" units="°C" unitType="metric" year="1942" period="1937-2012">-31.1</temperature>
                  <temperature class="normalMax" units="°C" unitType="metric">0.2</temperature>
                  <temperature class="normalMin" units="°C" unitType="metric">-7.5</temperature>
                  <temperature class="normalMean" units="°C" unitType="metric">-3.7</temperature>
                  <precipitation class="extremeRainfall" units="mm" unitType="metric" year="1949" period="1937-2012">16.0</precipitation>
                  <precipitation class="extremeSnowfall" units="cm" unitType="metric" year="1975" period="1937-2012">20.8</precipitation>
                  <precipitation class="extremePrecipitation" units="mm" unitType="metric" year="1951" period="1937-2012">20.3</precipitation>
                  <precipitation class="extremeSnowOnGround" units="cm" unitType="metric" year="1982" period="1955-2012">23</precipitation>
                  <pop units="%">48.0</pop>
            </day>
            <day index="21">
                  <temperature class="extremeMax" units="°C" unitType="metric" year="1967" period="1937-2012">15.6</temperature>
                  <temperature class="extremeMin" units="°C" unitType="metric" year="1955" period="1937-2012">-23.9</temperature>
                  <temperature class="normalMax" units="°C" unitType="metric">0.0</temperature>
                  <temperature class="normalMin" units="°C" unitType="metric">-7.7</temperature>
                  <temperature class="normalMean" units="°C" unitType="metric">-3.9</temperature>
                  <precipitation class="extremeRainfall" units="mm" unitType="metric" year="1967" period="1937-2012">29.5</precipitation>
                  <precipitation class="extremeSnowfall" units="cm" unitType="metric" year="2000" period="1937-2012">5.4</precipitation>
                  <precipitation class="extremePrecipitation" units="mm" unitType="metric" year="1967" period="1937-2012">29.5</precipitation>
                  <precipitation class="extremeSnowOnGround" units="cm" unitType="metric" year="1973" period="1955-2012">28</precipitation>
                  <pop units="%">48.0</pop>
            </day>
            <day index="22">
                  <temperature class="extremeMax" units="°C" unitType="metric" year="1949" period="1937-2012">14.4</temperature>
                  <temperature class="extremeMin" units="°C" unitType="metric" year="1989" period="1937-2012">-25.0</temperature>
                  <temperature class="normalMax" units="°C" unitType="metric">-0.1</temperature>
                  <temperature class="normalMin" units="°C" unitType="metric">-7.8</temperature>
                  <temperature class="normalMean" units="°C" unitType="metric">-4.0</temperature>
                  <precipitation class="extremeRainfall" units="mm" unitType="metric" year="1956" period="1937-2012">22.9</precipitation>
                  <precipitation class="extremeSnowfall" units="cm" unitType="metric" year="1955" period="1937-2012">10.9</precipitation>
                  <precipitation class="extremePrecipitation" units="mm" unitType="metric" year="1956" period="1937-2012">22.9</precipitation>
                  <precipitation class="extremeSnowOnGround" units="cm" unitType="metric" year="1975" period="1955-2012">28</precipitation>
                  <pop units="%">48.0</pop>
            </day>
            <day index="23">
                  <temperature class="extremeMax" units="°C" unitType="metric" year="1957" period="1937-2012">11.7</temperature>
                  <temperature class="extremeMin" units="°C" unitType="metric" year="1989" period="1937-2012">-24.1</temperature>
                  <temperature class="normalMax" units="°C" unitType="metric">-0.3</temperature>
                  <temperature class="normalMin" units="°C" unitType="metric">-8.0</temperature>
                  <temperature class="normalMean" units="°C" unitType="metric">-4.2</temperature>
                  <precipitation class="extremeRainfall" units="mm" unitType="metric" year="2007" period="1937-2012">20.2</precipitation>
                  <precipitation class="extremeSnowfall" units="cm" unitType="metric" year="2004" period="1937-2012">15.0</precipitation>
                  <precipitation class="extremePrecipitation" units="mm" unitType="metric" year="2007" period="1937-2012">20.2</precipitation>
                  <precipitation class="extremeSnowOnGround" units="cm" unitType="metric" year="2008" period="1955-2012">23</precipitation>
                  <pop units="%">48.0</pop>
            </day>
            <day index="24">
                  <temperature class="extremeMax" units="°C" unitType="metric" year="1964" period="1938-2012">12.2</temperature>
                  <temperature class="extremeMin" units="°C" unitType="metric" year="1980" period="1938-2012">-25.9</temperature>
                  <temperature class="normalMax" units="°C" unitType="metric">-0.4</temperature>
                  <temperature class="normalMin" units="°C" unitType="metric">-8.2</temperature>
                  <temperature class="normalMean" units="°C" unitType="metric">-4.3</temperature>
                  <precipitation class="extremeRainfall" units="mm" unitType="metric" year="1979" period="1937-2012">22.8</precipitation>
                  <precipitation class="extremeSnowfall" units="cm" unitType="metric" year="2000" period="1937-2012">3.6</precipitation>
                  <precipitation class="extremePrecipitation" units="mm" unitType="metric" year="1979" period="1937-2012">22.8</precipitation>
                  <precipitation class="extremeSnowOnGround" units="cm" unitType="metric" year="2008" period="1955-2012">36</precipitation>
                  <pop units="%">48.0</pop>
            </day>
            <day index="25">
                  <temperature class="extremeMax" units="°C" unitType="metric" year="1982" period="1938-2012">15.7</temperature>
                  <temperature class="extremeMin" units="°C" unitType="metric" year="1980" period="1938-2012">-27.6</temperature>
                  <temperature class="normalMax" units="°C" unitType="metric">-0.5</temperature>
                  <temperature class="normalMin" units="°C" unitType="metric">-8.3</temperature>
                  <temperature class="normalMean" units="°C" unitType="metric">-4.4</temperature>
                  <precipitation class="extremeRainfall" units="mm" unitType="metric" year="1979" period="1937-2012">35.0</precipitation>
                  <precipitation class="extremeSnowfall" units="cm" unitType="metric" year="1951" period="1937-2012">10.4</precipitation>
                  <precipitation class="extremePrecipitation" units="mm" unitType="metric" year="1979" period="1937-2012">35.0</precipitation>
                  <precipitation class="extremeSnowOnGround" units="cm" unitType="metric" year="2008" period="1955-2012">31</precipitation>
                  <pop units="%">48.0</pop>
            </day>
            <day index="26">
                  <temperature class="extremeMax" units="°C" unitType="metric" year="1982" period="1937-2012">9.8</temperature>
                  <temperature class="extremeMin" units="°C" unitType="metric" year="1989" period="1938-2012">-21.3</temperature>
                  <temperature class="normalMax" units="°C" unitType="metric">-0.6</temperature>
                  <temperature class="normalMin" units="°C" unitType="metric">-8.5</temperature>
                  <temperature class="normalMean" units="°C" unitType="metric">-4.6</temperature>
                  <precipitation class="extremeRainfall" units="mm" unitType="metric" year="1949" period="1937-2012">16.8</precipitation>
                  <precipitation class="extremeSnowfall" units="cm" unitType="metric" year="1975" period="1937-2012">12.4</precipitation>
                  <precipitation class="extremePrecipitation" units="mm" unitType="metric" year="1949" period="1937-2012">16.8</precipitation>
                  <precipitation class="extremeSnowOnGround" units="cm" unitType="metric" year="2008" period="1955-2012">30</precipitation>
                  <pop units="%">48.0</pop>
            </day>
            <day index="27">
                  <temperature class="extremeMax" units="°C" unitType="metric" year="2008" period="1937-2012">14.2</temperature>
                  <temperature class="extremeMin" units="°C" unitType="metric" year="1944" period="1937-2012">-22.8</temperature>
                  <temperature class="normalMax" units="°C" unitType="metric">-0.8</temperature>
                  <temperature class="normalMin" units="°C" unitType="metric">-8.6</temperature>
                  <temperature class="normalMean" units="°C" unitType="metric">-4.7</temperature>
                  <precipitation class="extremeRainfall" units="mm" unitType="metric" year="1942" period="1937-2012">38.4</precipitation>
                  <precipitation class="extremeSnowfall" units="cm" unitType="metric" year="1944" period="1937-2012">10.9</precipitation>
                  <precipitation class="extremePrecipitation" units="mm" unitType="metric" year="1942" period="1937-2012">38.4</precipitation>
                  <precipitation class="extremeSnowOnGround" units="cm" unitType="metric" year="1970" period="1955-2012">25</precipitation>
                  <pop units="%">48.0</pop>
            </day>
            <day index="28">
                  <temperature class="extremeMax" units="°C" unitType="metric" year="1982" period="1937-2012">17.2</temperature>
                  <temperature class="extremeMin" units="°C" unitType="metric" year="1960" period="1937-2012">-18.9</temperature>
                  <temperature class="normalMax" units="°C" unitType="metric">-0.9</temperature>
                  <temperature class="normalMin" units="°C" unitType="metric">-8.7</temperature>
                  <temperature class="normalMean" units="°C" unitType="metric">-4.8</temperature>
                  <precipitation class="extremeRainfall" units="mm" unitType="metric" year="1940" period="1937-2012">7.1</precipitation>
                  <precipitation class="extremeSnowfall" units="cm" unitType="metric" year="1983" period="1937-2012">16.3</precipitation>
                  <precipitation class="extremePrecipitation" units="mm" unitType="metric" year="1968" period="1937-2012">27.7</precipitation>
                  <precipitation class="extremeSnowOnGround" units="cm" unitType="metric" year="1970" period="1955-2012">25</precipitation>
                  <pop units="%">48.0</pop>
            </day>
            <day index="29">
                  <temperature class="extremeMax" units="°C" unitType="metric" year="1984" period="1937-2012">14.6</temperature>
                  <temperature class="extremeMin" units="°C" unitType="metric" year="1944" period="1937-2012">-20.6</temperature>
                  <temperature class="normalMax" units="°C" unitType="metric">-1.0</temperature>
                  <temperature class="normalMin" units="°C" unitType="metric">-8.9</temperature>
                  <temperature class="normalMean" units="°C" unitType="metric">-5.0</temperature>
                  <precipitation class="extremeRainfall" units="mm" unitType="metric" year="1940" period="1937-2012">32.5</precipitation>
                  <precipitation class="extremeSnowfall" units="cm" unitType="metric" year="1989" period="1937-2012">7.0</precipitation>
                  <precipitation class="extremePrecipitation" units="mm" unitType="metric" year="1940" period="1937-2012">32.5</precipitation>
                  <precipitation class="extremeSnowOnGround" units="cm" unitType="metric" year="1975" period="1955-2012">25</precipitation>
                  <pop units="%">48.0</pop>
            </day>
            <day index="30">
                  <temperature class="extremeMax" units="°C" unitType="metric" year="1965" period="1937-2012">7.2</temperature>
                  <temperature class="extremeMin" units="°C" unitType="metric" year="1962" period="1937-2012">-22.8</temperature>
                  <temperature class="normalMax" units="°C" unitType="metric">-1.1</temperature>
                  <temperature class="normalMin" units="°C" unitType="metric">-9.0</temperature>
                  <temperature class="normalMean" units="°C" unitType="metric">-5.1</temperature>
                  <precipitation class="extremeRainfall" units="mm" unitType="metric" year="1992" period="1937-2012">12.2</precipitation>
                  <precipitation class="extremeSnowfall" units="cm" unitType="metric" year="1971" period="1937-2012">19.6</precipitation>
                  <precipitation class="extremePrecipitation" units="mm" unitType="metric" year="1942" period="1937-2012">17.8</precipitation>
                  <precipitation class="extremeSnowOnGround" units="cm" unitType="metric" year="1968" period="1955-2012">23</precipitation>
                  <pop units="%">48.0</pop>
            </day>
            <day index="31">
                  <temperature class="extremeMax" units="°C" unitType="metric" year="1965" period="1937-2012">13.9</temperature>
                  <temperature class="extremeMin" units="°C" unitType="metric" year="1962" period="1937-2012">-23.3</temperature>
                  <temperature class="normalMax" units="°C" unitType="metric">-1.2</temperature>
                  <temperature class="normalMin" units="°C" unitType="metric">-9.2</temperature>
                  <temperature class="normalMean" units="°C" unitType="metric">-5.2</temperature>
                  <precipitation class="extremeRainfall" units="mm" unitType="metric" year="1978" period="1937-2012">22.7</precipitation>
                  <precipitation class="extremeSnowfall" units="cm" unitType="metric" year="1948" period="1937-2012">13.0</precipitation>
                  <precipitation class="extremePrecipitation" units="mm" unitType="metric" year="1978" period="1937-2012">22.7</precipitation>
                  <precipitation class="extremeSnowOnGround" units="cm" unitType="metric" year="1968" period="1955-2012">20</precipitation>
                  <pop units="%">48.0</pop>
            </day>
      </month>

</climatedata>